Total charge: 124877
etaHat: 124877
0  fE: -9364.16  dfE: 9464.16  dW: 10.7815  dPhi(Nx/2)(Ny/2)(Nz/2): -4.11389 Phi A: 0.607494 Phi B: 4.48374 Phi I: 999.016
Saving data . . .
Total charge: 1.59566
etaHat: 124879
1  fE: -25221.9  dfE: 15857.7  dW: 17.03  dPhi(Nx/2)(Ny/2)(Nz/2): -2.48213 Phi A: 0.413688 Phi B: 3.05341 Phi I: 0.0127653
Total charge: 1.44701e-18
etaHat: 124879
2  fE: -20.4592  dfE: 25201.4  dW: 19.7311  dPhi(Nx/2)(Ny/2)(Nz/2): -1.3172 Phi A: 0.275324 Phi B: 2.03222 Phi I: 1.43293e-20
Total charge: -2.32036e-19
etaHat: 124879
3  fE: -14.6591  dfE: 5.80006  dW: 20.2159  dPhi(Nx/2)(Ny/2)(Nz/2): -0.562074 Phi A: 0.185629 Phi B: 1.37021 Phi I: 5.82316e-52
Total charge: -1.61128e-19
etaHat: 124879
4  fE: -10.2666  dfE: 4.39253  dW: 19.363  dPhi(Nx/2)(Ny/2)(Nz/2): -0.0845415 Phi A: 0.128903 Phi B: 0.95152 Phi I: 5.82103e-52
Total charge: -1.16221e-19
etaHat: 124879
5  fE: -7.23345  dfE: 3.03312  dW: 17.7208  dPhi(Nx/2)(Ny/2)(Nz/2): 0.217862 Phi A: 0.0929771 Phi B: 0.686352 Phi I: 5.81913e-52
Total charge: -8.74633e-20
etaHat: 124879
6  fE: -5.2012  dfE: 2.03225  dW: 15.6274  dPhi(Nx/2)(Ny/2)(Nz/2): 0.411504 Phi A: 0.0699706 Phi B: 0.516537 Phi I: 5.81748e-52
Total charge: -6.88186e-20
etaHat: 124879
7  fE: -3.84404  dfE: 1.35717  dW: 13.2925  dPhi(Nx/2)(Ny/2)(Nz/2): 0.537043 Phi A: 0.0550549 Phi B: 0.406439 Phi I: 5.81608e-52
Total charge: -5.66502e-20
etaHat: 124879
8  fE: -2.92883  dfE: 0.915201  dW: 10.8484  dPhi(Nx/2)(Ny/2)(Nz/2): 0.618976 Phi A: 0.0453201 Phi B: 0.334584 Phi I: 5.81495e-52
Total charge: -4.87708e-20
etaHat: 124879
9  fE: -2.30143  dfE: 0.627406  dW: 8.38018  dPhi(Nx/2)(Ny/2)(Nz/2): 0.672037 Phi A: 0.0390166 Phi B: 0.288056 Phi I: 5.81408e-52
Total charge: -4.38662e-20
etaHat: 124879
10  fE: -1.8624  dfE: 0.439033  dW: 5.94468  dPhi(Nx/2)(Ny/2)(Nz/2): 0.705076 Phi A: 0.035093 Phi B: 0.259097 Phi I: 5.81346e-52
Saving data . . .
Total charge: -4.1157e-20
etaHat: 124879
11  fE: -1.54758  dfE: 0.314821  dW: 3.5814  dPhi(Nx/2)(Ny/2)(Nz/2): 0.723347 Phi A: 0.0329256 Phi B: 0.243102 Phi I: 5.81309e-52
Total charge: -4.02029e-20
etaHat: 124879
12  fE: -1.3148  dfE: 0.232775  dW: 1.31984  dPhi(Nx/2)(Ny/2)(Nz/2): 0.729815 Phi A: 0.0321623 Phi B: 0.237474 Phi I: 5.81295e-52
Total charge: -4.07923e-20
etaHat: 124879
13  fE: -1.13537  dfE: 0.179434  dW: 0.820281  dPhi(Nx/2)(Ny/2)(Nz/2): 0.725909 Phi A: 0.0326339 Phi B: 0.240963 Phi I: 5.81303e-52
Total charge: -4.28817e-20
etaHat: 124879
14  fE: -0.988651  dfE: 0.146715  dW: 2.80321  dPhi(Nx/2)(Ny/2)(Nz/2): 0.711931 Phi A: 0.0343054 Phi B: 0.253313 Phi I: 5.81332e-52
Total charge: -4.65635e-20
etaHat: 124879
15  fE: -0.858782  dfE: 0.129868  dW: 4.61923  dPhi(Nx/2)(Ny/2)(Nz/2): 0.687264 Phi A: 0.0372508 Phi B: 0.27507 Phi I: 5.8138e-52
Total charge: -5.20507e-20
etaHat: 124879
16  fE: -0.732767  dfE: 0.126016  dW: 6.23771  dPhi(Nx/2)(Ny/2)(Nz/2): 0.650486 Phi A: 0.0416406 Phi B: 0.307494 Phi I: 5.81445e-52
Total charge: -5.96654e-20
etaHat: 124879
17  fE: -0.599942  dfE: 0.132825  dW: 7.62753  dPhi(Nx/2)(Ny/2)(Nz/2): 0.599446 Phi A: 0.0477324 Phi B: 0.352488 Phi I: 5.81524e-52
Total charge: -6.98182e-20
etaHat: 124879
18  fE: -0.45305  dfE: 0.146891  dW: 8.75119  dPhi(Nx/2)(Ny/2)(Nz/2): 0.5314 Phi A: 0.0558546 Phi B: 0.412479 Phi I: 5.81615e-52
Total charge: -8.29598e-20
etaHat: 124879
19  fE: -0.291537  dfE: 0.161513  dW: 9.56439  dPhi(Nx/2)(Ny/2)(Nz/2): 0.44334 Phi A: 0.0663678 Phi B: 0.49013 Phi I: 5.81716e-52
Total charge: -9.94803e-20
etaHat: 124879
20  fE: -0.127614  dfE: 0.163923  dW: 10.0176  dPhi(Nx/2)(Ny/2)(Nz/2): 0.332669 Phi A: 0.0795843 Phi B: 0.587749 Phi I: 5.81821e-52
Saving data . . .
Total charge: -1.19531e-19
etaHat: 124879
21  fE: 0.00552612  dfE: 0.133141  dW: 10.0613  dPhi(Nx/2)(Ny/2)(Nz/2): 0.198405 Phi A: 0.0956246 Phi B: 0.706229 Phi I: 5.81928e-52
Total charge: -1.42763e-19
etaHat: 124879
22  fE: 0.0470615  dfE: 0.0415353  dW: 9.65534  dPhi(Nx/2)(Ny/2)(Nz/2): 0.0429114 Phi A: 0.11421 Phi B: 0.843513 Phi I: 5.82031e-52
Total charge: -1.68046e-19
etaHat: 124879
23  fE: -0.0882128  dfE: 0.135274  dW: 8.78416  dPhi(Nx/2)(Ny/2)(Nz/2): -0.126196 Phi A: 0.134437 Phi B: 0.992919 Phi I: 5.82126e-52
Total charge: -1.93308e-19
etaHat: 124879
24  fE: -0.486489  dfE: 0.398276  dW: 7.4735  dPhi(Nx/2)(Ny/2)(Nz/2): -0.295015 Phi A: 0.154646 Phi B: 1.14221 Phi I: 5.82208e-52
Total charge: -2.15726e-19
etaHat: 124879
25  fE: -1.19029  dfE: 0.703802  dW: 5.80251  dPhi(Nx/2)(Ny/2)(Nz/2): -0.444642 Phi A: 0.172581 Phi B: 1.2747 Phi I: 5.82272e-52
Total charge: -2.32377e-19
etaHat: 124879
26  fE: -2.15374  dfE: 0.963445  dW: 3.90241  dPhi(Nx/2)(Ny/2)(Nz/2): -0.555538 Phi A: 0.185902 Phi B: 1.37312 Phi I: 5.82315e-52
Total charge: -2.4116e-19
etaHat: 124879
27  fE: -3.23504  dfE: 1.08131  dW: 1.93722  dPhi(Nx/2)(Ny/2)(Nz/2): -0.613705 Phi A: 0.192928 Phi B: 1.42505 Phi I: 5.82336e-52
Total charge: -2.41497e-19
etaHat: 124879
28  fE: -4.2446  dfE: 1.00956  dW: 0.217315  dPhi(Nx/2)(Ny/2)(Nz/2): -0.615375 Phi A: 0.193197 Phi B: 1.42707 Phi I: 5.82337e-52
Total charge: -2.34406e-19
etaHat: 124879
29  fE: -5.02075  dfE: 0.77615  dW: 1.55646  dPhi(Nx/2)(Ny/2)(Nz/2): -0.567437 Phi A: 0.187525 Phi B: 1.38519 Phi I: 5.8232e-52
Total charge: -2.21958e-19
etaHat: 124879
30  fE: -5.48273  dfE: 0.461984  dW: 2.86039  dPhi(Nx/2)(Ny/2)(Nz/2): -0.483784 Phi A: 0.177566 Phi B: 1.31165 Phi I: 5.82288e-52
Saving data . . .
Total charge: -2.06513e-19
etaHat: 124879
31  fE: -5.63559  dfE: 0.152855  dW: 3.80083  dPhi(Nx/2)(Ny/2)(Nz/2): -0.380225 Phi A: 0.16521 Phi B: 1.2204 Phi I: 5.82246e-52
Total charge: -1.90137e-19
etaHat: 124879
32  fE: -5.54056  dfE: 0.0950267  dW: 4.38022  dPhi(Nx/2)(Ny/2)(Nz/2): -0.270562 Phi A: 0.15211 Phi B: 1.12365 Phi I: 5.82198e-52
Total charge: -1.74332e-19
etaHat: 124879
33  fE: -5.27861  dfE: 0.26195  dW: 4.62903  dPhi(Nx/2)(Ny/2)(Nz/2): -0.164817 Phi A: 0.139466 Phi B: 1.03026 Phi I: 5.82147e-52
Total charge: -1.60026e-19
etaHat: 124879
34  fE: -4.92467  dfE: 0.353935  dW: 4.59337  dPhi(Nx/2)(Ny/2)(Nz/2): -0.0691636 Phi A: 0.128021 Phi B: 0.945729 Phi I: 5.82097e-52
Total charge: -1.47688e-19
etaHat: 124879
35  fE: -4.53609  dfE: 0.38858  dW: 4.32557  dPhi(Nx/2)(Ny/2)(Nz/2): 0.013279 Phi A: 0.118151 Phi B: 0.872826 Phi I: 5.82051e-52
Total charge: -1.37479e-19
etaHat: 124879
36  fE: -4.15107  dfE: 0.385026  dW: 3.87809  dPhi(Nx/2)(Ny/2)(Nz/2): 0.0814551 Phi A: 0.109983 Phi B: 0.812501 Phi I: 5.82009e-52
Total charge: -1.29376e-19
etaHat: 124879
37  fE: -3.79195  dfE: 0.359115  dW: 3.30018  dPhi(Nx/2)(Ny/2)(Nz/2): 0.135528 Phi A: 0.103501 Phi B: 0.76462 Phi I: 5.81974e-52
Total charge: -1.23263e-19
etaHat: 124879
38  fE: -3.46983  dfE: 0.322121  dW: 2.63629  dPhi(Nx/2)(Ny/2)(Nz/2): 0.176276 Phi A: 0.0986105 Phi B: 0.728501 Phi I: 5.81945e-52
Total charge: -1.1899e-19
etaHat: 124879
39  fE: -3.18863  dfE: 0.281198  dW: 1.92574  dPhi(Nx/2)(Ny/2)(Nz/2): 0.204713 Phi A: 0.0951917 Phi B: 0.703252 Phi I: 5.81925e-52
Total charge: -1.16399e-19
etaHat: 124879
40  fE: -2.94825  dfE: 0.240385  dW: 1.20289  dPhi(Nx/2)(Ny/2)(Nz/2): 0.221881 Phi A: 0.0931195 Phi B: 0.687949 Phi I: 5.81912e-52
Saving data . . .
Total charge: -1.15346e-19
etaHat: 124879
41  fE: -2.74666  dfE: 0.201585  dW: 0.497595  dPhi(Nx/2)(Ny/2)(Nz/2): 0.22876 Phi A: 0.0922765 Phi B: 0.681727 Phi I: 5.81907e-52
Total charge: -1.15694e-19
etaHat: 124879
42  fE: -2.58134  dfE: 0.165319  dW: 0.176317  dPhi(Nx/2)(Ny/2)(Nz/2): 0.226244 Phi A: 0.092555 Phi B: 0.683791 Phi I: 5.81908e-52
Total charge: -1.17317e-19
etaHat: 124879
43  fE: -2.45008  dfE: 0.131266  dW: 0.76086  dPhi(Nx/2)(Ny/2)(Nz/2): 0.215181 Phi A: 0.0938532 Phi B: 0.693388 Phi I: 5.81917e-52
Total charge: -1.20085e-19
etaHat: 124879
44  fE: -2.35145  dfE: 0.0986317  dW: 1.27343  dPhi(Nx/2)(Ny/2)(Nz/2): 0.196427 Phi A: 0.0960681 Phi B: 0.709757 Phi I: 5.8193e-52
Total charge: -1.23859e-19
etaHat: 124879
45  fE: -2.28501  dfE: 0.0664344  dW: 1.68718  dPhi(Nx/2)(Ny/2)(Nz/2): 0.17092 Phi A: 0.0990868 Phi B: 0.732064 Phi I: 5.81948e-52
Total charge: -1.28472e-19
etaHat: 124879
46  fE: -2.25126  dfE: 0.0337548  dW: 1.99115  dPhi(Nx/2)(Ny/2)(Nz/2): 0.13976 Phi A: 0.102777 Phi B: 0.759335 Phi I: 5.81969e-52
Total charge: -1.33726e-19
etaHat: 124879
47  fE: -2.25126  dfE: 7.98606e-08  dW: 2.17878  dPhi(Nx/2)(Ny/2)(Nz/2): 0.10427 Phi A: 0.106981 Phi B: 0.790397 Phi I: 5.81993e-52
Total charge: -1.39386e-19
etaHat: 124879
48  fE: -2.28608  dfE: 0.0348258  dW: 2.24837  dPhi(Nx/2)(Ny/2)(Nz/2): 0.066034 Phi A: 0.111508 Phi B: 0.823852 Phi I: 5.82017e-52
Total charge: -1.45177e-19
etaHat: 124879
49  fE: -2.35598  dfE: 0.0698923  dW: 2.20356  dPhi(Nx/2)(Ny/2)(Nz/2): 0.0268786 Phi A: 0.116142 Phi B: 0.858088 Phi I: 5.8204e-52
Total charge: -1.50803e-19
etaHat: 124879
50  fE: -2.45942  dfE: 0.10344  dW: 2.05356  dPhi(Nx/2)(Ny/2)(Nz/2): -0.011197 Phi A: 0.120642 Phi B: 0.891345 Phi I: 5.82063e-52
Saving data . . .
Total charge: -1.55961e-19
etaHat: 124879
51  fE: -2.59233  dfE: 0.132909  dW: 1.81286  dPhi(Nx/2)(Ny/2)(Nz/2): -0.0461597 Phi A: 0.124769 Phi B: 0.921837 Phi I: 5.82082e-52
Total charge: -1.60372e-19
etaHat: 124879
52  fE: -2.74767  dfE: 0.155343  dW: 1.50058  dPhi(Nx/2)(Ny/2)(Nz/2): -0.0761266 Phi A: 0.128297 Phi B: 0.947912 Phi I: 5.82098e-52
Total charge: -1.63808e-19
etaHat: 124879
53  fE: -2.9157  dfE: 0.168027  dW: 1.13915  dPhi(Nx/2)(Ny/2)(Nz/2): -0.0995638 Phi A: 0.131047 Phi B: 0.96823 Phi I: 5.82111e-52
Total charge: -1.66122e-19
etaHat: 124879
54  fE: -3.08488  dfE: 0.169186  dW: 0.752661  dPhi(Nx/2)(Ny/2)(Nz/2): -0.115459 Phi A: 0.132898 Phi B: 0.981911 Phi I: 5.82119e-52
Total charge: -1.67257e-19
etaHat: 124879
55  fE: -3.24338  dfE: 0.158503  dW: 0.364964  dPhi(Nx/2)(Ny/2)(Nz/2): -0.123421 Phi A: 0.133806 Phi B: 0.988623 Phi I: 5.82123e-52
Total charge: -1.67251e-19
etaHat: 124879
56  fE: -3.38066  dfE: 0.137272  dW: 0.0575044  dPhi(Nx/2)(Ny/2)(Nz/2): -0.123698 Phi A: 0.133801 Phi B: 0.988592 Phi I: 5.82123e-52
Total charge: -1.66226e-19
etaHat: 124879
57  fE: -3.4888  dfE: 0.108139  dW: 0.330177  dPhi(Nx/2)(Ny/2)(Nz/2): -0.117091 Phi A: 0.132981 Phi B: 0.982533 Phi I: 5.82119e-52
Total charge: -1.64362e-19
etaHat: 124879
58  fE: -3.56331  dfE: 0.0745174  dW: 0.605371  dPhi(Nx/2)(Ny/2)(Nz/2): -0.104814 Phi A: 0.13149 Phi B: 0.971521 Phi I: 5.82113e-52
Total charge: -1.61877e-19
etaHat: 124879
59  fE: -3.60323  dfE: 0.0399176  dW: 0.818654  dPhi(Nx/2)(Ny/2)(Nz/2): -0.0883174 Phi A: 0.129501 Phi B: 0.956833 Phi I: 5.82104e-52
Total charge: -1.58996e-19
etaHat: 124879
60  fE: -3.61061  dfE: 0.00737443  dW: 0.96578  dPhi(Nx/2)(Ny/2)(Nz/2): -0.0691203 Phi A: 0.127196 Phi B: 0.939807 Phi I: 5.82093e-52
Saving data . . .
Total charge: -1.55934e-19
etaHat: 124879
61  fE: -3.58971  dfE: 0.0208968  dW: 1.04682  dPhi(Nx/2)(Ny/2)(Nz/2): -0.0486692 Phi A: 0.124747 Phi B: 0.921713 Phi I: 5.82082e-52
Total charge: -1.52882e-19
etaHat: 124879
62  fE: -3.54611  dfE: 0.0435981  dW: 1.06545  dPhi(Nx/2)(Ny/2)(Nz/2): -0.0282441 Phi A: 0.122305 Phi B: 0.903674 Phi I: 5.8207e-52
Total charge: -1.49996e-19
etaHat: 124879
63  fE: -3.48585  dfE: 0.0602571  dW: 1.02813  dPhi(Nx/2)(Ny/2)(Nz/2): -0.00890579 Phi A: 0.119997 Phi B: 0.886621 Phi I: 5.82059e-52
Total charge: -1.474e-19
etaHat: 124879
64  fE: -3.41482  dfE: 0.0710306  dW: 0.943313  dPhi(Nx/2)(Ny/2)(Nz/2): 0.00852256 Phi A: 0.11792 Phi B: 0.871274 Phi I: 5.82049e-52
Total charge: -1.45179e-19
etaHat: 124879
65  fE: -3.33834  dfE: 0.0764815  dW: 0.820648  dPhi(Nx/2)(Ny/2)(Nz/2): 0.0234479 Phi A: 0.116143 Phi B: 0.85815 Phi I: 5.8204e-52
Total charge: -1.43391e-19
etaHat: 124879
66  fE: -3.26096  dfE: 0.0773803  dW: 0.670367  dPhi(Nx/2)(Ny/2)(Nz/2): 0.0354867 Phi A: 0.114713 Phi B: 0.847585 Phi I: 5.82033e-52
Total charge: -1.42066e-19
etaHat: 124879
67  fE: -3.1864  dfE: 0.0745568  dW: 0.502721  dPhi(Nx/2)(Ny/2)(Nz/2): 0.0444379 Phi A: 0.113653 Phi B: 0.839753 Phi I: 5.82028e-52
Total charge: -1.4121e-19
etaHat: 124879
68  fE: -3.1176  dfE: 0.068805  dW: 0.327553  dPhi(Nx/2)(Ny/2)(Nz/2): 0.0502557 Phi A: 0.112968 Phi B: 0.834692 Phi I: 5.82024e-52
Total charge: -1.40809e-19
etaHat: 124879
69  fE: -3.05676  dfE: 0.0608356  dW: 0.153956  dPhi(Nx/2)(Ny/2)(Nz/2): 0.0530247 Phi A: 0.112647 Phi B: 0.832326 Phi I: 5.82022e-52
Total charge: -1.40835e-19
etaHat: 124879
70  fE: -3.0055  dfE: 0.0512618  dW: 0.0386184  dPhi(Nx/2)(Ny/2)(Nz/2): 0.052939 Phi A: 0.112668 Phi B: 0.832484 Phi I: 5.82023e-52
Saving data . . .
Total charge: -1.41246e-19
etaHat: 124879
71  fE: -2.96489  dfE: 0.0406093  dW: 0.157588  dPhi(Nx/2)(Ny/2)(Nz/2): 0.0502843 Phi A: 0.112997 Phi B: 0.834912 Phi I: 5.82024e-52
Total charge: -1.41987e-19
etaHat: 124879
72  fE: -2.93556  dfE: 0.0293371  dW: 0.28324  dPhi(Nx/2)(Ny/2)(Nz/2): 0.0454214 Phi A: 0.11359 Phi B: 0.839294 Phi I: 5.82027e-52
Total charge: -1.42996e-19
etaHat: 124879
73  fE: -2.91769  dfE: 0.0178626  dW: 0.38305  dPhi(Nx/2)(Ny/2)(Nz/2): 0.0387718 Phi A: 0.114396 Phi B: 0.845257 Phi I: 5.82031e-52
Total charge: -1.44202e-19
etaHat: 124879
74  fE: -2.91111  dfE: 0.00658262  dW: 0.454588  dPhi(Nx/2)(Ny/2)(Nz/2): 0.030801 Phi A: 0.115362 Phi B: 0.852391 Phi I: 5.82036e-52
Total charge: -1.45534e-19
etaHat: 124879
75  fE: -2.91522  dfE: 0.0041133  dW: 0.496956  dPhi(Nx/2)(Ny/2)(Nz/2): 0.0220009 Phi A: 0.116427 Phi B: 0.860262 Phi I: 5.82042e-52
Total charge: -1.46915e-19
etaHat: 124879
76  fE: -2.92907  dfE: 0.0138416  dW: 0.510724  dPhi(Nx/2)(Ny/2)(Nz/2): 0.0128694 Phi A: 0.117532 Phi B: 0.86843 Phi I: 5.82047e-52
Total charge: -1.48275e-19
etaHat: 124879
77  fE: -2.9513  dfE: 0.022236  dW: 0.497807  dPhi(Nx/2)(Ny/2)(Nz/2): 0.00388837 Phi A: 0.11862 Phi B: 0.876471 Phi I: 5.82053e-52
Total charge: -1.49548e-19
etaHat: 124879
78  fE: -2.98027  dfE: 0.0289693  dW: 0.46129  dPhi(Nx/2)(Ny/2)(Nz/2): -0.00449899 Phi A: 0.119638 Phi B: 0.883992 Phi I: 5.82057e-52
Total charge: -1.50675e-19
etaHat: 124879
79  fE: -3.01405  dfE: 0.0337828  dW: 0.405186  dPhi(Nx/2)(Ny/2)(Nz/2): -0.0119101 Phi A: 0.12054 Phi B: 0.890655 Phi I: 5.82062e-52
Total charge: -1.51611e-19
etaHat: 124879
80  fE: -3.05057  dfE: 0.0365157  dW: 0.334169  dPhi(Nx/2)(Ny/2)(Nz/2): -0.0180413 Phi A: 0.121289 Phi B: 0.89619 Phi I: 5.82065e-52
Saving data . . .
Total charge: -1.52324e-19
etaHat: 124879
81  fE: -3.0877  dfE: 0.0371293  dW: 0.253274  dPhi(Nx/2)(Ny/2)(Nz/2): -0.0226819 Phi A: 0.12186 Phi B: 0.90041 Phi I: 5.82068e-52
Total charge: -1.52799e-19
etaHat: 124879
82  fE: -3.12342  dfE: 0.0357175  dW: 0.167591  dPhi(Nx/2)(Ny/2)(Nz/2): -0.0257202 Phi A: 0.122239 Phi B: 0.903214 Phi I: 5.8207e-52
Total charge: -1.53031e-19
etaHat: 124879
83  fE: -3.15592  dfE: 0.0325034  dW: 0.0822681  dPhi(Nx/2)(Ny/2)(Nz/2): -0.027144 Phi A: 0.122425 Phi B: 0.90459 Phi I: 5.82071e-52
Total charge: -1.53034e-19
etaHat: 124879
84  fE: -3.18374  dfE: 0.0278182  dW: 0.0283684  dPhi(Nx/2)(Ny/2)(Nz/2): -0.027032 Phi A: 0.122427 Phi B: 0.904606 Phi I: 5.82071e-52
Total charge: -1.52829e-19
etaHat: 124879
85  fE: -3.20581  dfE: 0.0220689  dW: 0.0725417  dPhi(Nx/2)(Ny/2)(Nz/2): -0.0255412 Phi A: 0.122264 Phi B: 0.903398 Phi I: 5.8207e-52
Total charge: -1.5245e-19
etaHat: 124879
86  fE: -3.22151  dfE: 0.0156986  dW: 0.134028  dPhi(Nx/2)(Ny/2)(Nz/2): -0.0228887 Phi A: 0.12196 Phi B: 0.901157 Phi I: 5.82069e-52
Total charge: -1.51934e-19
etaHat: 124879
87  fE: -3.23065  dfE: 0.00914575  dW: 0.182828  dPhi(Nx/2)(Ny/2)(Nz/2): -0.0193319 Phi A: 0.121548 Phi B: 0.898109 Phi I: 5.82067e-52
Total charge: -1.51323e-19
etaHat: 124879
88  fE: -3.23346  dfE: 0.00280976  dW: 0.217409  dPhi(Nx/2)(Ny/2)(Nz/2): -0.0151486 Phi A: 0.121059 Phi B: 0.894498 Phi I: 5.82064e-52
Total charge: -1.50659e-19
etaHat: 124879
89  fE: -3.23049  dfE: 0.00297499  dW: 0.237499  dPhi(Nx/2)(Ny/2)(Nz/2): -0.0106186 Phi A: 0.120527 Phi B: 0.890571 Phi I: 5.82062e-52
Total charge: -1.49981e-19
etaHat: 124879
90  fE: -3.22253  dfE: 0.00795411  dW: 0.243598  dPhi(Nx/2)(Ny/2)(Nz/2): -0.00600763 Phi A: 0.119985 Phi B: 0.886562 Phi I: 5.82059e-52
Saving data . . .
Total charge: -1.49324e-19
etaHat: 124879
91  fE: -3.21057  dfE: 0.0119579  dW: 0.236859  dPhi(Nx/2)(Ny/2)(Nz/2): -0.00155496 Phi A: 0.119459 Phi B: 0.882682 Phi I: 5.82057e-52
Total charge: -1.4872e-19
etaHat: 124879
92  fE: -3.19568  dfE: 0.0148974  dW: 0.218955  dPhi(Nx/2)(Ny/2)(Nz/2): 0.00253552 Phi A: 0.118976 Phi B: 0.879111 Phi I: 5.82054e-52
Total charge: -1.48193e-19
etaHat: 124879
93  fE: -3.17892  dfE: 0.0167554  dW: 0.191937  dPhi(Nx/2)(Ny/2)(Nz/2): 0.006101 Phi A: 0.118554 Phi B: 0.875993 Phi I: 5.82052e-52
Total charge: -1.4776e-19
etaHat: 124879
94  fE: -3.16135  dfE: 0.0175736  dW: 0.158085  dPhi(Nx/2)(Ny/2)(Nz/2): 0.00902246 Phi A: 0.118208 Phi B: 0.873435 Phi I: 5.8205e-52
Total charge: -1.47432e-19
etaHat: 124879
95  fE: -3.14391  dfE: 0.0174388  dW: 0.119776  dPhi(Nx/2)(Ny/2)(Nz/2): 0.0112248 Phi A: 0.117946 Phi B: 0.871501 Phi I: 5.82049e-52
Total charge: -1.47216e-19
etaHat: 124879
96  fE: -3.12744  dfE: 0.0164707  dW: 0.0793732  dPhi(Nx/2)(Ny/2)(Nz/2): 0.0126752 Phi A: 0.117773 Phi B: 0.870223 Phi I: 5.82048e-52
Total charge: -1.4711e-19
etaHat: 124879
97  fE: -3.11263  dfE: 0.0148107  dW: 0.0406773  dPhi(Nx/2)(Ny/2)(Nz/2): 0.0133795 Phi A: 0.117688 Phi B: 0.869595 Phi I: 5.82048e-52
Total charge: -1.47108e-19
etaHat: 124879
98  fE: -3.10001  dfE: 0.0126121  dW: 0.0209139  dPhi(Nx/2)(Ny/2)(Nz/2): 0.0133782 Phi A: 0.117686 Phi B: 0.869583 Phi I: 5.82048e-52
Total charge: -1.472e-19
etaHat: 124879
99  fE: -3.08998  dfE: 0.010033  dW: 0.0357727  dPhi(Nx/2)(Ny/2)(Nz/2): 0.0127407 Phi A: 0.11776 Phi B: 0.870126 Phi I: 5.82048e-52
Total charge: -1.47371e-19
etaHat: 124879
100  fE: -3.08275  dfE: 0.00723019  dW: 0.0631031  dPhi(Nx/2)(Ny/2)(Nz/2): 0.0115597 Phi A: 0.117897 Phi B: 0.871142 Phi I: 5.82049e-52
Saving data . . .
Total charge: -1.47607e-19
etaHat: 124879
101  fE: -3.0784  dfE: 0.00435425  dW: 0.0863857  dPhi(Nx/2)(Ny/2)(Nz/2): 0.00994469 Phi A: 0.118086 Phi B: 0.872537 Phi I: 5.8205e-52
Total charge: -1.47889e-19
etaHat: 124879
102  fE: -3.07685  dfE: 0.00154494  dW: 0.103112  dPhi(Nx/2)(Ny/2)(Nz/2): 0.00801552 Phi A: 0.118311 Phi B: 0.874204 Phi I: 5.82051e-52
Total charge: -1.48199e-19
etaHat: 124879
103  fE: -3.07793  dfE: 0.00107261  dW: 0.113047  dPhi(Nx/2)(Ny/2)(Nz/2): 0.00589605 Phi A: 0.118559 Phi B: 0.876036 Phi I: 5.82052e-52
Total charge: -1.48519e-19
etaHat: 124879
104  fE: -3.08132  dfE: 0.00339163  dW: 0.11636  dPhi(Nx/2)(Ny/2)(Nz/2): 0.0037079 Phi A: 0.118815 Phi B: 0.877926 Phi I: 5.82053e-52
Total charge: -1.48831e-19
etaHat: 124879
105  fE: -3.08664  dfE: 0.00532694  dW: 0.113536  dPhi(Nx/2)(Ny/2)(Nz/2): 0.00156483 Phi A: 0.119065 Phi B: 0.879774 Phi I: 5.82055e-52
Total charge: -1.49122e-19
etaHat: 124879
106  fE: -3.09346  dfE: 0.00681764  dW: 0.105316  dPhi(Nx/2)(Ny/2)(Nz/2): -0.000432163 Phi A: 0.119298 Phi B: 0.881492 Phi I: 5.82056e-52
Total charge: -1.49378e-19
etaHat: 124879
107  fE: -3.10129  dfE: 0.00782877  dW: 0.0926423  dPhi(Nx/2)(Ny/2)(Nz/2): -0.0021988 Phi A: 0.119502 Phi B: 0.883006 Phi I: 5.82057e-52
Total charge: -1.4959e-19
etaHat: 124879
108  fE: -3.10964  dfE: 0.0083518  dW: 0.0765903  dPhi(Nx/2)(Ny/2)(Nz/2): -0.00367033 Phi A: 0.119672 Phi B: 0.88426 Phi I: 5.82058e-52
Total charge: -1.49752e-19
etaHat: 124879
109  fE: -3.11805  dfE: 0.00840376  dW: 0.058335  dPhi(Nx/2)(Ny/2)(Nz/2): -0.00480312 Phi A: 0.119801 Phi B: 0.885216 Phi I: 5.82058e-52
Total charge: -1.4986e-19
etaHat: 124879
110  fE: -3.12607  dfE: 0.00802482  dW: 0.0395284  dPhi(Nx/2)(Ny/2)(Nz/2): -0.00557497 Phi A: 0.119888 Phi B: 0.885855 Phi I: 5.82059e-52
Saving data . . .
Total charge: -1.49914e-19
etaHat: 124879
111  fE: -3.13335  dfE: 0.00727456  dW: 0.0240093  dPhi(Nx/2)(Ny/2)(Nz/2): -0.00598428 Phi A: 0.119931 Phi B: 0.886175 Phi I: 5.82059e-52
Total charge: -1.49917e-19
etaHat: 124879
112  fE: -3.13957  dfE: 0.00622714  dW: 0.0175378  dPhi(Nx/2)(Ny/2)(Nz/2): -0.00604812 Phi A: 0.119934 Phi B: 0.886193 Phi I: 5.82059e-52
Total charge: -1.49874e-19
etaHat: 124879
113  fE: -3.14454  dfE: 0.00496591  dW: 0.0214034  dPhi(Nx/2)(Ny/2)(Nz/2): -0.0057995 Phi A: 0.119899 Phi B: 0.885937 Phi I: 5.82059e-52
Total charge: -1.49791e-19
etaHat: 124879
114  fE: -3.14812  dfE: 0.00357769  dW: 0.031087  dPhi(Nx/2)(Ny/2)(Nz/2): -0.00528401 Phi A: 0.119833 Phi B: 0.885449 Phi I: 5.82058e-52
Total charge: -1.49677e-19
etaHat: 124879
115  fE: -3.15026  dfE: 0.00214747  dW: 0.041296  dPhi(Nx/2)(Ny/2)(Nz/2): -0.00455611 Phi A: 0.119742 Phi B: 0.884777 Phi I: 5.82058e-52
Total charge: -1.49541e-19
etaHat: 124879
116  fE: -3.15102  dfE: 0.000753633  dW: 0.0491807  dPhi(Nx/2)(Ny/2)(Nz/2): -0.0036754 Phi A: 0.119633 Phi B: 0.883972 Phi I: 5.82057e-52
Total charge: -1.49392e-19
etaHat: 124879
117  fE: -3.15048  dfE: 0.000535705  dW: 0.0539556  dPhi(Nx/2)(Ny/2)(Nz/2): -0.00270294 Phi A: 0.119514 Phi B: 0.88309 Phi I: 5.82057e-52
Total charge: -1.49238e-19
etaHat: 124879
118  fE: -3.14882  dfE: 0.0016654  dW: 0.0555772  dPhi(Nx/2)(Ny/2)(Nz/2): -0.00169798 Phi A: 0.119391 Phi B: 0.882181 Phi I: 5.82056e-52
Total charge: -1.49088e-19
etaHat: 124879
119  fE: -3.14622  dfE: 0.00259473  dW: 0.054263  dPhi(Nx/2)(Ny/2)(Nz/2): -0.000715148 Phi A: 0.119271 Phi B: 0.881296 Phi I: 5.82056e-52
Total charge: -1.48949e-19
etaHat: 124879
120  fE: -3.14292  dfE: 0.0032979  dW: 0.0503766  dPhi(Nx/2)(Ny/2)(Nz/2): 0.000197848 Phi A: 0.11916 Phi B: 0.880474 Phi I: 5.82055e-52
Saving data . . .
Total charge: -1.48827e-19
etaHat: 124879
121  fE: -3.13916  dfE: 0.00376349  dW: 0.0443939  dPhi(Nx/2)(Ny/2)(Nz/2): 0.00100183 Phi A: 0.119062 Phi B: 0.879752 Phi I: 5.82055e-52
Total charge: -1.48726e-19
etaHat: 124879
122  fE: -3.13517  dfE: 0.00399336  dW: 0.0369186  dPhi(Nx/2)(Ny/2)(Nz/2): 0.00166721 Phi A: 0.118981 Phi B: 0.879154 Phi I: 5.82054e-52
Total charge: -1.48649e-19
etaHat: 124879
123  fE: -3.13117  dfE: 0.00400084  dW: 0.028815  dPhi(Nx/2)(Ny/2)(Nz/2): 0.00217442 Phi A: 0.118919 Phi B: 0.878699 Phi I: 5.82054e-52
Total charge: -1.48597e-19
etaHat: 124879
124  fE: -3.12736  dfE: 0.00380878  dW: 0.0214057  dPhi(Nx/2)(Ny/2)(Nz/2): 0.00251383 Phi A: 0.118878 Phi B: 0.878394 Phi I: 5.82054e-52
Total charge: -1.48571e-19
etaHat: 124879
125  fE: -3.12391  dfE: 0.00344729  dW: 0.0161809  dPhi(Nx/2)(Ny/2)(Nz/2): 0.0026852 Phi A: 0.118857 Phi B: 0.878239 Phi I: 5.82054e-52
Total charge: -1.48569e-19
etaHat: 124879
126  fE: -3.12096  dfE: 0.00295148  dW: 0.0141006  dPhi(Nx/2)(Ny/2)(Nz/2): 0.00269669 Phi A: 0.118855 Phi B: 0.878227 Phi I: 5.82054e-52
Total charge: -1.48589e-19
etaHat: 124879
127  fE: -3.1186  dfE: 0.0023593  dW: 0.014933  dPhi(Nx/2)(Ny/2)(Nz/2): 0.00256365 Phi A: 0.118871 Phi B: 0.878344 Phi I: 5.82054e-52
Total charge: -1.48628e-19
etaHat: 124879
128  fE: -3.11689  dfE: 0.00170947  dW: 0.0177113  dPhi(Nx/2)(Ny/2)(Nz/2): 0.00230711 Phi A: 0.118902 Phi B: 0.878572 Phi I: 5.82054e-52
Total charge: -1.48681e-19
etaHat: 124879
129  fE: -3.11585  dfE: 0.00103961  dW: 0.0211757  dPhi(Nx/2)(Ny/2)(Nz/2): 0.00195222 Phi A: 0.118945 Phi B: 0.878889 Phi I: 5.82054e-52
Total charge: -1.48745e-19
etaHat: 124879
130  fE: -3.11547  dfE: 0.000384604  dW: 0.0242195  dPhi(Nx/2)(Ny/2)(Nz/2): 0.00152658 Phi A: 0.118996 Phi B: 0.879269 Phi I: 5.82054e-52
Saving data . . .
Total charge: -1.48816e-19
etaHat: 124879
131  fE: -3.11569  dfE: 0.000224745  dW: 0.0262117  dPhi(Nx/2)(Ny/2)(Nz/2): 0.00105864 Phi A: 0.119053 Phi B: 0.879687 Phi I: 5.82055e-52
Total charge: -1.48889e-19
etaHat: 124879
132  fE: -3.11645  dfE: 0.000762803  dW: 0.0269148  dPhi(Nx/2)(Ny/2)(Nz/2): 0.000576217 Phi A: 0.119111 Phi B: 0.88012 Phi I: 5.82055e-52
Total charge: -1.48961e-19
etaHat: 124879
133  fE: -3.11766  dfE: 0.00120985  dW: 0.026334  dPhi(Nx/2)(Ny/2)(Nz/2): 0.000105145 Phi A: 0.119169 Phi B: 0.880543 Phi I: 5.82055e-52
Total charge: -1.49027e-19
etaHat: 124879
134  fE: -3.11922  dfE: 0.00155251  dW: 0.0246275  dPhi(Nx/2)(Ny/2)(Nz/2): -0.000331803 Phi A: 0.119222 Phi B: 0.880936 Phi I: 5.82055e-52
Total charge: -1.49086e-19
etaHat: 124879
135  fE: -3.121  dfE: 0.00178383  dW: 0.0220765  dPhi(Nx/2)(Ny/2)(Nz/2): -0.000715778 Phi A: 0.119269 Phi B: 0.881284 Phi I: 5.82056e-52
Total charge: -1.49135e-19
etaHat: 124879
136  fE: -3.1229  dfE: 0.00190307  dW: 0.0190598  dPhi(Nx/2)(Ny/2)(Nz/2): -0.00103243 Phi A: 0.119308 Phi B: 0.881573 Phi I: 5.82056e-52
Total charge: -1.49172e-19
etaHat: 124879
137  fE: -3.12482  dfE: 0.00191518  dW: 0.0160502  dPhi(Nx/2)(Ny/2)(Nz/2): -0.00127218 Phi A: 0.119338 Phi B: 0.881793 Phi I: 5.82056e-52
Total charge: -1.49198e-19
etaHat: 124879
138  fE: -3.12665  dfE: 0.00183005  dW: 0.0135246  dPhi(Nx/2)(Ny/2)(Nz/2): -0.00143028 Phi A: 0.119358 Phi B: 0.881942 Phi I: 5.82056e-52
Total charge: -1.49211e-19
etaHat: 124879
139  fE: -3.12831  dfE: 0.00166152  dW: 0.0118628  dPhi(Nx/2)(Ny/2)(Nz/2): -0.00150653 Phi A: 0.119368 Phi B: 0.882019 Phi I: 5.82056e-52
Total charge: -1.49212e-19
etaHat: 124879
140  fE: -3.12973  dfE: 0.00142633  dW: 0.0111542  dPhi(Nx/2)(Ny/2)(Nz/2): -0.0015049 Phi A: 0.119369 Phi B: 0.882027 Phi I: 5.82056e-52
Saving data . . .
Total charge: -1.49203e-19
etaHat: 124879
141  fE: -3.13088  dfE: 0.00114297  dW: 0.0113104  dPhi(Nx/2)(Ny/2)(Nz/2): -0.00143286 Phi A: 0.119362 Phi B: 0.881972 Phi I: 5.82056e-52
Total charge: -1.49184e-19
etaHat: 124879
142  fE: -3.13171  dfE: 0.000830538  dW: 0.0120216  dPhi(Nx/2)(Ny/2)(Nz/2): -0.0013007 Phi A: 0.119347 Phi B: 0.881865 Phi I: 5.82056e-52
Total charge: -1.49159e-19
etaHat: 124879
143  fE: -3.13222  dfE: 0.000507715  dW: 0.012988  dPhi(Nx/2)(Ny/2)(Nz/2): -0.0011207 Phi A: 0.119327 Phi B: 0.881714 Phi I: 5.82056e-52
Total charge: -1.49128e-19
etaHat: 124879
144  fE: -3.13241  dfE: 0.000191821  dW: 0.0138938  dPhi(Nx/2)(Ny/2)(Nz/2): -0.00090633 Phi A: 0.119303 Phi B: 0.881533 Phi I: 5.82056e-52
Total charge: -1.49094e-19
etaHat: 124879
145  fE: -3.13231  dfE: 0.000101935  dW: 0.0144984  dPhi(Nx/2)(Ny/2)(Nz/2): -0.000671442 Phi A: 0.119275 Phi B: 0.881333 Phi I: 5.82056e-52
Total charge: -1.49059e-19
etaHat: 124879
146  fE: -3.13195  dfE: 0.000361016  dW: 0.0146833  dPhi(Nx/2)(Ny/2)(Nz/2): -0.00042953 Phi A: 0.119248 Phi B: 0.881126 Phi I: 5.82056e-52
Total charge: -1.49025e-19
etaHat: 124879
147  fE: -3.13137  dfE: 0.000575923  dW: 0.01443  dPhi(Nx/2)(Ny/2)(Nz/2): -0.000193101 Phi A: 0.11922 Phi B: 0.880924 Phi I: 5.82055e-52
Total charge: -1.48993e-19
etaHat: 124879
148  fE: -3.13063  dfE: 0.000740356  dW: 0.0137973  dPhi(Nx/2)(Ny/2)(Nz/2): 2.68602e-05 Phi A: 0.119195 Phi B: 0.880735 Phi I: 5.82055e-52
Total charge: -1.48965e-19
etaHat: 124879
149  fE: -3.12978  dfE: 0.000851199  dW: 0.0129005  dPhi(Nx/2)(Ny/2)(Nz/2): 0.000221284 Phi A: 0.119172 Phi B: 0.880569 Phi I: 5.82055e-52
Total charge: -1.48942e-19
etaHat: 124879
150  fE: -3.12887  dfE: 0.000908338  dW: 0.0118857  dPhi(Nx/2)(Ny/2)(Nz/2): 0.000383273 Phi A: 0.119153 Phi B: 0.88043 Phi I: 5.82055e-52
Saving data . . .
Total charge: -1.48924e-19
etaHat: 124879
151  fE: -3.12795  dfE: 0.000914356  dW: 0.0109033  dPhi(Nx/2)(Ny/2)(Nz/2): 0.000508234 Phi A: 0.119139 Phi B: 0.880324 Phi I: 5.82055e-52
Total charge: -1.48912e-19
etaHat: 124879
152  fE: -3.12708  dfE: 0.000874114  dW: 0.0100829  dPhi(Nx/2)(Ny/2)(Nz/2): 0.000593866 Phi A: 0.119129 Phi B: 0.880252 Phi I: 5.82055e-52
Total charge: -1.48905e-19
etaHat: 124879
153  fE: -3.12629  dfE: 0.000794282  dW: 0.00951244  dPhi(Nx/2)(Ny/2)(Nz/2): 0.000640055 Phi A: 0.119124 Phi B: 0.880214 Phi I: 5.82055e-52
Total charge: -1.48904e-19
etaHat: 124879
154  fE: -3.1256  dfE: 0.000682817  dW: 0.00921014  dPhi(Nx/2)(Ny/2)(Nz/2): 0.000648656 Phi A: 0.119123 Phi B: 0.88021 Phi I: 5.82055e-52
Total charge: -1.48909e-19
etaHat: 124879
155  fE: -3.12506  dfE: 0.000548443  dW: 0.00914222  dPhi(Nx/2)(Ny/2)(Nz/2): 0.000623207 Phi A: 0.119127 Phi B: 0.880235 Phi I: 5.82055e-52
Total charge: -1.48917e-19
etaHat: 124879
156  fE: -3.12466  dfE: 0.000400142  dW: 0.00923763  dPhi(Nx/2)(Ny/2)(Nz/2): 0.000568589 Phi A: 0.119134 Phi B: 0.880286 Phi I: 5.82055e-52
Total charge: -1.48929e-19
etaHat: 124879
157  fE: -3.12441  dfE: 0.000246688  dW: 0.00941393  dPhi(Nx/2)(Ny/2)(Nz/2): 0.000490647 Phi A: 0.119143 Phi B: 0.880357 Phi I: 5.82055e-52
Total charge: -1.48944e-19
etaHat: 124879
158  fE: -3.12431  dfE: 9.62381e-05  dW: 0.00958129  dPhi(Nx/2)(Ny/2)(Nz/2): 0.000395807 Phi A: 0.119155 Phi B: 0.880443 Phi I: 5.82055e-52
Total charge: -1.4896e-19
etaHat: 124879
159  fE: -3.12436  dfE: 4.40107e-05  dW: 0.00967238  dPhi(Nx/2)(Ny/2)(Nz/2): 0.000290703 Phi A: 0.119168 Phi B: 0.880538 Phi I: 5.82055e-52
Total charge: -1.48977e-19
etaHat: 124879
160  fE: -3.12452  dfE: 0.000168081  dW: 0.00964664  dPhi(Nx/2)(Ny/2)(Nz/2): 0.000181822 Phi A: 0.119181 Phi B: 0.880637 Phi I: 5.82055e-52
Saving data . . .
Total charge: -1.48993e-19
etaHat: 124879
161  fE: -3.1248  dfE: 0.00027139  dW: 0.0094941  dPhi(Nx/2)(Ny/2)(Nz/2): 7.51972e-05 Phi A: 0.119194 Phi B: 0.880734 Phi I: 5.82055e-52
Total charge: -1.49008e-19
etaHat: 124879
162  fE: -3.12515  dfE: 0.000350842  dW: 0.00923207  dPhi(Nx/2)(Ny/2)(Nz/2): -2.38454e-05 Phi A: 0.119207 Phi B: 0.880824 Phi I: 5.82055e-52
Total charge: -1.49022e-19
etaHat: 124879
163  fE: -3.12555  dfE: 0.000404837  dW: 0.00889582  dPhi(Nx/2)(Ny/2)(Nz/2): -0.000110884 Phi A: 0.119217 Phi B: 0.880904 Phi I: 5.82055e-52
Total charge: -1.49033e-19
etaHat: 124879
164  fE: -3.12598  dfE: 0.000433206  dW: 0.00853243  dPhi(Nx/2)(Ny/2)(Nz/2): -0.000182532 Phi A: 0.119226 Phi B: 0.88097 Phi I: 5.82055e-52
Total charge: -1.49042e-19
etaHat: 124879
165  fE: -3.12642  dfE: 0.000437076  dW: 0.00818383  dPhi(Nx/2)(Ny/2)(Nz/2): -0.000236504 Phi A: 0.119233 Phi B: 0.881022 Phi I: 5.82055e-52
Total charge: -1.49048e-19
etaHat: 124879
166  fE: -3.12684  dfE: 0.000418693  dW: 0.00788345  dPhi(Nx/2)(Ny/2)(Nz/2): -0.000271623 Phi A: 0.119238 Phi B: 0.881057 Phi I: 5.82055e-52
Total charge: -1.49051e-19
etaHat: 124879
167  fE: -3.12722  dfE: 0.000381193  dW: 0.00766001  dPhi(Nx/2)(Ny/2)(Nz/2): -0.000287767 Phi A: 0.119241 Phi B: 0.881075 Phi I: 5.82055e-52
Total charge: -1.49051e-19
etaHat: 124879
168  fE: -3.12755  dfE: 0.000328362  dW: 0.00751259  dPhi(Nx/2)(Ny/2)(Nz/2): -0.00028577 Phi A: 0.119241 Phi B: 0.881078 Phi I: 5.82055e-52
Total charge: -1.49049e-19
etaHat: 124879
169  fE: -3.12781  dfE: 0.000264377  dW: 0.00742989  dPhi(Nx/2)(Ny/2)(Nz/2): -0.00026729 Phi A: 0.119239 Phi B: 0.881066 Phi I: 5.82055e-52
Total charge: -1.49045e-19
etaHat: 124879
170  fE: -3.12801  dfE: 0.000193558  dW: 0.00739658  dPhi(Nx/2)(Ny/2)(Nz/2): -0.00023464 Phi A: 0.119236 Phi B: 0.881042 Phi I: 5.82055e-52
Saving data . . .
Total charge: -1.49039e-19
etaHat: 124879
171  fE: -3.12813  dfE: 0.000120138  dW: 0.00738537  dPhi(Nx/2)(Ny/2)(Nz/2): -0.00019061 Phi A: 0.119232 Phi B: 0.881008 Phi I: 5.82055e-52
Total charge: -1.49033e-19
etaHat: 124879
172  fE: -3.12818  dfE: 4.80554e-05  dW: 0.00737261  dPhi(Nx/2)(Ny/2)(Nz/2): -0.000138281 Phi A: 0.119226 Phi B: 0.880967 Phi I: 5.82055e-52
Total charge: -1.49025e-19
etaHat: 124879
173  fE: -3.12816  dfE: 1.92142e-05  dW: 0.00734028  dPhi(Nx/2)(Ny/2)(Nz/2): -8.08424e-05 Phi A: 0.11922 Phi B: 0.880922 Phi I: 5.82055e-52
Total charge: -1.49017e-19
etaHat: 124879
174  fE: -3.12808  dfE: 7.87851e-05  dW: 0.00727712  dPhi(Nx/2)(Ny/2)(Nz/2): -2.14229e-05 Phi A: 0.119213 Phi B: 0.880875 Phi I: 5.82055e-52
Total charge: -1.49009e-19
etaHat: 124879
175  fE: -3.12795  dfE: 0.000128448  dW: 0.00717989  dPhi(Nx/2)(Ny/2)(Nz/2): 3.70573e-05 Phi A: 0.119207 Phi B: 0.880829 Phi I: 5.82055e-52
Total charge: -1.49002e-19
etaHat: 124879
176  fE: -3.12778  dfE: 0.000166711  dW: 0.00705279  dPhi(Nx/2)(Ny/2)(Nz/2): 9.20106e-05 Phi A: 0.119201 Phi B: 0.880785 Phi I: 5.82055e-52
Total charge: -1.48995e-19
etaHat: 124879
177  fE: -3.12759  dfE: 0.000192805  dW: 0.0069059  dPhi(Nx/2)(Ny/2)(Nz/2): 0.000141276 Phi A: 0.119196 Phi B: 0.880747 Phi I: 5.82055e-52
Total charge: -1.4899e-19
etaHat: 124879
178  fE: -3.12738  dfE: 0.000206646  dW: 0.00675105  dPhi(Nx/2)(Ny/2)(Nz/2): 0.000183182 Phi A: 0.119192 Phi B: 0.880715 Phi I: 5.82055e-52
Total charge: -1.48986e-19
etaHat: 124879
179  fE: -3.12717  dfE: 0.000208769  dW: 0.00659803  dPhi(Nx/2)(Ny/2)(Nz/2): 0.000216582 Phi A: 0.119189 Phi B: 0.88069 Phi I: 5.82055e-52
Total charge: -1.48983e-19
etaHat: 124879
180  fE: -3.12697  dfE: 0.000200244  dW: 0.00645846  dPhi(Nx/2)(Ny/2)(Nz/2): 0.000240852 Phi A: 0.119186 Phi B: 0.880674 Phi I: 5.82055e-52
Saving data . . .
Total charge: -1.48981e-19
etaHat: 124879
181  fE: -3.12679  dfE: 0.000182564  dW: 0.00633736  dPhi(Nx/2)(Ny/2)(Nz/2): 0.000255876 Phi A: 0.119185 Phi B: 0.880664 Phi I: 5.82055e-52
Total charge: -1.48981e-19
etaHat: 124879
182  fE: -3.12663  dfE: 0.000157528  dW: 0.00623814  dPhi(Nx/2)(Ny/2)(Nz/2): 0.000261991 Phi A: 0.119185 Phi B: 0.880663 Phi I: 5.82055e-52
Total charge: -1.48982e-19
etaHat: 124879
183  fE: -3.12651  dfE: 0.000127123  dW: 0.00615818  dPhi(Nx/2)(Ny/2)(Nz/2): 0.000259932 Phi A: 0.119186 Phi B: 0.880668 Phi I: 5.82055e-52
Total charge: -1.48984e-19
etaHat: 124879
184  fE: -3.12641  dfE: 9.34045e-05  dW: 0.00609259  dPhi(Nx/2)(Ny/2)(Nz/2): 0.000250748 Phi A: 0.119187 Phi B: 0.88068 Phi I: 5.82055e-52
Total charge: -1.48986e-19
etaHat: 124879
185  fE: -3.12636  dfE: 5.83888e-05  dW: 0.0060365  dPhi(Nx/2)(Ny/2)(Nz/2): 0.000235721 Phi A: 0.119189 Phi B: 0.880696 Phi I: 5.82055e-52
Total charge: -1.4899e-19
etaHat: 124879
186  fE: -3.12633  dfE: 2.39543e-05  dW: 0.00598156  dPhi(Nx/2)(Ny/2)(Nz/2): 0.000216279 Phi A: 0.119192 Phi B: 0.880715 Phi I: 5.82055e-52
Total charge: -1.48993e-19
etaHat: 124879
187  fE: -3.12634  dfE: 8.23657e-06  dW: 0.00592202  dPhi(Nx/2)(Ny/2)(Nz/2): 0.000193907 Phi A: 0.119195 Phi B: 0.880737 Phi I: 5.82055e-52
Total charge: -1.48997e-19
etaHat: 124879
188  fE: -3.12638  dfE: 3.67995e-05  dW: 0.00585452  dPhi(Nx/2)(Ny/2)(Nz/2): 0.00017007 Phi A: 0.119198 Phi B: 0.880759 Phi I: 5.82055e-52
Total charge: -1.49001e-19
etaHat: 124879
189  fE: -3.12644  dfE: 6.06692e-05  dW: 0.00577832  dPhi(Nx/2)(Ny/2)(Nz/2): 0.00014614 Phi A: 0.119201 Phi B: 0.880781 Phi I: 5.82055e-52
Total charge: -1.49004e-19
etaHat: 124879
190  fE: -3.12652  dfE: 7.91213e-05  dW: 0.00569459  dPhi(Nx/2)(Ny/2)(Nz/2): 0.000123338 Phi A: 0.119204 Phi B: 0.880802 Phi I: 5.82055e-52
Saving data . . .
Total charge: -1.49008e-19
etaHat: 124879
191  fE: -3.12661  dfE: 9.17742e-05  dW: 0.00560633  dPhi(Nx/2)(Ny/2)(Nz/2): 0.000102689 Phi A: 0.119206 Phi B: 0.88082 Phi I: 5.82055e-52
Total charge: -1.4901e-19
etaHat: 124879
192  fE: -3.12671  dfE: 9.85744e-05  dW: 0.0055169  dPhi(Nx/2)(Ny/2)(Nz/2): 8.49898e-05 Phi A: 0.119208 Phi B: 0.880836 Phi I: 5.82055e-52
Total charge: -1.49012e-19
etaHat: 124879
193  fE: -3.12681  dfE: 9.97663e-05  dW: 0.00542961  dPhi(Nx/2)(Ny/2)(Nz/2): 7.07956e-05 Phi A: 0.11921 Phi B: 0.880848 Phi I: 5.82055e-52
Total charge: -1.49014e-19
etaHat: 124879
194  fE: -3.1269  dfE: 9.58505e-05  dW: 0.00534808  dPhi(Nx/2)(Ny/2)(Nz/2): 6.04143e-05 Phi A: 0.119211 Phi B: 0.880856 Phi I: 5.82055e-52
Total charge: -1.49014e-19
etaHat: 124879
195  fE: -3.12699  dfE: 8.75331e-05  dW: 0.00527333  dPhi(Nx/2)(Ny/2)(Nz/2): 5.39187e-05 Phi A: 0.119211 Phi B: 0.88086 Phi I: 5.82055e-52
Total charge: -1.49014e-19
etaHat: 124879
196  fE: -3.12707  dfE: 7.56701e-05  dW: 0.00520613  dPhi(Nx/2)(Ny/2)(Nz/2): 5.11681e-05 Phi A: 0.119212 Phi B: 0.880861 Phi I: 5.82055e-52
Total charge: -1.49014e-19
etaHat: 124879
197  fE: -3.12713  dfE: 6.12093e-05  dW: 0.00514607  dPhi(Nx/2)(Ny/2)(Nz/2): 5.1837e-05 Phi A: 0.119211 Phi B: 0.880859 Phi I: 5.82055e-52
Total charge: -1.49013e-19
etaHat: 124879
198  fE: -3.12717  dfE: 4.51338e-05  dW: 0.00509015  dPhi(Nx/2)(Ny/2)(Nz/2): 5.54523e-05 Phi A: 0.119211 Phi B: 0.880853 Phi I: 5.82055e-52
Total charge: -1.49012e-19
etaHat: 124879
199  fE: -3.1272  dfE: 2.84093e-05  dW: 0.00503607  dPhi(Nx/2)(Ny/2)(Nz/2): 6.1433e-05 Phi A: 0.11921 Phi B: 0.880846 Phi I: 5.82055e-52
Total charge: -1.4901e-19
etaHat: 124879
200  fE: -3.12721  dfE: 1.19372e-05  dW: 0.00498266  dPhi(Nx/2)(Ny/2)(Nz/2): 6.91315e-05 Phi A: 0.119208 Phi B: 0.880837 Phi I: 5.82055e-52
Saving data . . .
Total charge: -1.49009e-19
etaHat: 124879
201  fE: -3.12721  dfE: 3.4838e-06  dW: 0.00492828  dPhi(Nx/2)(Ny/2)(Nz/2): 7.78745e-05 Phi A: 0.119207 Phi B: 0.880826 Phi I: 5.82055e-52
Total charge: -1.49007e-19
etaHat: 124879
202  fE: -3.12719  dfE: 1.71876e-05  dW: 0.00487198  dPhi(Nx/2)(Ny/2)(Nz/2): 8.70004e-05 Phi A: 0.119205 Phi B: 0.880815 Phi I: 5.82055e-52
Total charge: -1.49005e-19
etaHat: 124879
203  fE: -3.12716  dfE: 2.86606e-05  dW: 0.00481336  dPhi(Nx/2)(Ny/2)(Nz/2): 9.58933e-05 Phi A: 0.119204 Phi B: 0.880805 Phi I: 5.82055e-52
Total charge: -1.49003e-19
etaHat: 124879
204  fE: -3.12713  dfE: 3.75524e-05  dW: 0.0047528  dPhi(Nx/2)(Ny/2)(Nz/2): 0.00010401 Phi A: 0.119203 Phi B: 0.880795 Phi I: 5.82055e-52
Total charge: -1.49002e-19
etaHat: 124879
205  fE: -3.12708  dfE: 4.36766e-05  dW: 0.00469105  dPhi(Nx/2)(Ny/2)(Nz/2): 0.000110903 Phi A: 0.119201 Phi B: 0.880786 Phi I: 5.82055e-52
Total charge: -1.49001e-19
etaHat: 124879
206  fE: -3.12703  dfE: 4.7004e-05  dW: 0.00462899  dPhi(Nx/2)(Ny/2)(Nz/2): 0.000116231 Phi A: 0.1192 Phi B: 0.880779 Phi I: 5.82055e-52
Total charge: -1.49e-19
etaHat: 124879
207  fE: -3.12699  dfE: 4.76481e-05  dW: 0.00456765  dPhi(Nx/2)(Ny/2)(Nz/2): 0.00011977 Phi A: 0.1192 Phi B: 0.880773 Phi I: 5.82055e-52
Total charge: -1.48999e-19
etaHat: 124879
208  fE: -3.12694  dfE: 4.58452e-05  dW: 0.00450783  dPhi(Nx/2)(Ny/2)(Nz/2): 0.000121413 Phi A: 0.119199 Phi B: 0.880769 Phi I: 5.82055e-52
Total charge: -1.48999e-19
etaHat: 124879
209  fE: -3.1269  dfE: 4.19302e-05  dW: 0.00445028  dPhi(Nx/2)(Ny/2)(Nz/2): 0.000121165 Phi A: 0.119199 Phi B: 0.880767 Phi I: 5.82055e-52
Total charge: -1.48998e-19
etaHat: 124879
210  fE: -3.12686  dfE: 3.63101e-05  dW: 0.00439524  dPhi(Nx/2)(Ny/2)(Nz/2): 0.000119128 Phi A: 0.119199 Phi B: 0.880766 Phi I: 5.82055e-52
Saving data . . .
Total charge: -1.48999e-19
etaHat: 124879
211  fE: -3.12683  dfE: 2.94364e-05  dW: 0.00434263  dPhi(Nx/2)(Ny/2)(Nz/2): 0.000115495 Phi A: 0.119199 Phi B: 0.880768 Phi I: 5.82055e-52
Total charge: -1.48999e-19
etaHat: 124879
212  fE: -3.12681  dfE: 2.17781e-05  dW: 0.00429183  dPhi(Nx/2)(Ny/2)(Nz/2): 0.000110524 Phi A: 0.119199 Phi B: 0.88077 Phi I: 5.82055e-52
Total charge: -1.49e-19
etaHat: 124879
213  fE: -3.1268  dfE: 1.37965e-05  dW: 0.00424244  dPhi(Nx/2)(Ny/2)(Nz/2): 0.000104523 Phi A: 0.1192 Phi B: 0.880774 Phi I: 5.82055e-52
Total charge: -1.49e-19
etaHat: 124879
214  fE: -3.12679  dfE: 5.92294e-06  dW: 0.00419389  dPhi(Nx/2)(Ny/2)(Nz/2): 9.78319e-05 Phi A: 0.1192 Phi B: 0.880778 Phi I: 5.82055e-52
Total charge: -1.49001e-19
etaHat: 124879
215  fE: -3.12679  dfE: 1.45983e-06  dW: 0.00414584  dPhi(Nx/2)(Ny/2)(Nz/2): 9.0796e-05 Phi A: 0.119201 Phi B: 0.880783 Phi I: 5.82055e-52
Total charge: -1.49002e-19
etaHat: 124879
216  fE: -3.1268  dfE: 8.03175e-06  dW: 0.00409811  dPhi(Nx/2)(Ny/2)(Nz/2): 8.37542e-05 Phi A: 0.119202 Phi B: 0.880788 Phi I: 5.82055e-52
Total charge: -1.49003e-19
etaHat: 124879
217  fE: -3.12681  dfE: 1.35453e-05  dW: 0.00405069  dPhi(Nx/2)(Ny/2)(Nz/2): 7.70198e-05 Phi A: 0.119202 Phi B: 0.880793 Phi I: 5.82055e-52
Total charge: -1.49004e-19
etaHat: 124879
218  fE: -3.12683  dfE: 1.78306e-05  dW: 0.00400361  dPhi(Nx/2)(Ny/2)(Nz/2): 7.08682e-05 Phi A: 0.119203 Phi B: 0.880798 Phi I: 5.82055e-52
Total charge: -1.49005e-19
etaHat: 124879
219  fE: -3.12685  dfE: 2.07963e-05  dW: 0.003957  dPhi(Nx/2)(Ny/2)(Nz/2): 6.55259e-05 Phi A: 0.119204 Phi B: 0.880802 Phi I: 5.82055e-52
Total charge: -1.49005e-19
etaHat: 124879
220  fE: -3.12688  dfE: 2.24259e-05  dW: 0.00391106  dPhi(Nx/2)(Ny/2)(Nz/2): 6.11644e-05 Phi A: 0.119204 Phi B: 0.880806 Phi I: 5.82055e-52
Saving data . . .
Total charge: -1.49006e-19
etaHat: 124879
221  fE: -3.1269  dfE: 2.27715e-05  dW: 0.00386603  dPhi(Nx/2)(Ny/2)(Nz/2): 5.78961e-05 Phi A: 0.119204 Phi B: 0.880808 Phi I: 5.82055e-52
Total charge: -1.49006e-19
etaHat: 124879
222  fE: -3.12692  dfE: 2.19441e-05  dW: 0.00382206  dPhi(Nx/2)(Ny/2)(Nz/2): 5.57742e-05 Phi A: 0.119205 Phi B: 0.88081 Phi I: 5.82055e-52
Total charge: -1.49006e-19
etaHat: 124879
223  fE: -3.12694  dfE: 2.01026e-05  dW: 0.00377934  dPhi(Nx/2)(Ny/2)(Nz/2): 5.47958e-05 Phi A: 0.119205 Phi B: 0.880811 Phi I: 5.82055e-52
Total charge: -1.49006e-19
etaHat: 124879
224  fE: -3.12696  dfE: 1.74402e-05  dW: 0.00373779  dPhi(Nx/2)(Ny/2)(Nz/2): 5.49062e-05 Phi A: 0.119205 Phi B: 0.880812 Phi I: 5.82055e-52
Total charge: -1.49006e-19
etaHat: 124879
225  fE: -3.12697  dfE: 1.41722e-05  dW: 0.00369728  dPhi(Nx/2)(Ny/2)(Nz/2): 5.60068e-05 Phi A: 0.119205 Phi B: 0.880811 Phi I: 5.82055e-52
Total charge: -1.49006e-19
etaHat: 124879
226  fE: -3.12698  dfE: 1.05227e-05  dW: 0.00365755  dPhi(Nx/2)(Ny/2)(Nz/2): 5.79635e-05 Phi A: 0.119205 Phi B: 0.88081 Phi I: 5.82055e-52
Total charge: -1.49006e-19
etaHat: 124879
227  fE: -3.12699  dfE: 6.71215e-06  dW: 0.00361848  dPhi(Nx/2)(Ny/2)(Nz/2): 6.06162e-05 Phi A: 0.119204 Phi B: 0.880808 Phi I: 5.82055e-52
Total charge: -1.49005e-19
etaHat: 124879
228  fE: -3.12699  dfE: 2.9473e-06  dW: 0.00357992  dPhi(Nx/2)(Ny/2)(Nz/2): 6.37888e-05 Phi A: 0.119204 Phi B: 0.880806 Phi I: 5.82055e-52
Total charge: -1.49005e-19
etaHat: 124879
229  fE: -3.12699  dfE: 5.88179e-07  dW: 0.00354175  dPhi(Nx/2)(Ny/2)(Nz/2): 6.72986e-05 Phi A: 0.119204 Phi B: 0.880804 Phi I: 5.82055e-52
Total charge: -1.49004e-19
etaHat: 124879
230  fE: -3.12699  dfE: 3.74046e-06  dW: 0.00350382  dPhi(Nx/2)(Ny/2)(Nz/2): 7.09658e-05 Phi A: 0.119204 Phi B: 0.880801 Phi I: 5.82055e-52
Saving data . . .
Total charge: -1.49004e-19
etaHat: 124879
231  fE: -3.12698  dfE: 6.39023e-06  dW: 0.00346609  dPhi(Nx/2)(Ny/2)(Nz/2): 7.46214e-05 Phi A: 0.119203 Phi B: 0.880799 Phi I: 5.82055e-52
Total charge: -1.49004e-19
etaHat: 124879
232  fE: -3.12697  dfE: 8.45528e-06  dW: 0.00342862  dPhi(Nx/2)(Ny/2)(Nz/2): 7.81136e-05 Phi A: 0.119203 Phi B: 0.880797 Phi I: 5.82055e-52
Total charge: -1.49003e-19
etaHat: 124879
233  fE: -3.12696  dfE: 9.89083e-06  dW: 0.00339148  dPhi(Nx/2)(Ny/2)(Nz/2): 8.13136e-05 Phi A: 0.119203 Phi B: 0.880795 Phi I: 5.82055e-52
Total charge: -1.49003e-19
etaHat: 124879
234  fE: -3.12695  dfE: 1.06881e-05  dW: 0.00335474  dPhi(Nx/2)(Ny/2)(Nz/2): 8.41188e-05 Phi A: 0.119202 Phi B: 0.880793 Phi I: 5.82055e-52
Total charge: -1.49003e-19
etaHat: 124879
235  fE: -3.12694  dfE: 1.0871e-05  dW: 0.00331841  dPhi(Nx/2)(Ny/2)(Nz/2): 8.64548e-05 Phi A: 0.119202 Phi B: 0.880792 Phi I: 5.82055e-52
Total charge: -1.49003e-19
etaHat: 124879
236  fE: -3.12693  dfE: 1.04919e-05  dW: 0.00328262  dPhi(Nx/2)(Ny/2)(Nz/2): 8.8276e-05 Phi A: 0.119202 Phi B: 0.880791 Phi I: 5.82055e-52
Total charge: -1.49002e-19
etaHat: 124879
237  fE: -3.12692  dfE: 9.62588e-06  dW: 0.00324744  dPhi(Nx/2)(Ny/2)(Nz/2): 8.95645e-05 Phi A: 0.119202 Phi B: 0.88079 Phi I: 5.82055e-52
Total charge: -1.49002e-19
etaHat: 124879
238  fE: -3.12691  dfE: 8.36503e-06  dW: 0.00321291  dPhi(Nx/2)(Ny/2)(Nz/2): 9.03279e-05 Phi A: 0.119202 Phi B: 0.88079 Phi I: 5.82055e-52
Total charge: -1.49003e-19
etaHat: 124879
239  fE: -3.12691  dfE: 6.81184e-06  dW: 0.003179  dPhi(Nx/2)(Ny/2)(Nz/2): 9.0596e-05 Phi A: 0.119202 Phi B: 0.88079 Phi I: 5.82055e-52
Total charge: -1.49003e-19
etaHat: 124879
240  fE: -3.1269  dfE: 5.07321e-06  dW: 0.00314567  dPhi(Nx/2)(Ny/2)(Nz/2): 9.04168e-05 Phi A: 0.119202 Phi B: 0.880791 Phi I: 5.82055e-52
Saving data . . .
Total charge: -1.49003e-19
etaHat: 124879
241  fE: -3.1269  dfE: 3.2546e-06  dW: 0.00311295  dPhi(Nx/2)(Ny/2)(Nz/2): 8.98523e-05 Phi A: 0.119202 Phi B: 0.880792 Phi I: 5.82055e-52
Total charge: -1.49003e-19
etaHat: 124879
242  fE: -3.1269  dfE: 1.45496e-06  dW: 0.00308077  dPhi(Nx/2)(Ny/2)(Nz/2): 8.89736e-05 Phi A: 0.119202 Phi B: 0.880793 Phi I: 5.82055e-52
Total charge: -1.49003e-19
etaHat: 124879
243  fE: -3.1269  dfE: 2.37647e-07  dW: 0.00304904  dPhi(Nx/2)(Ny/2)(Nz/2): 8.78566e-05 Phi A: 0.119202 Phi B: 0.880794 Phi I: 5.82055e-52
Total charge: -1.49003e-19
etaHat: 124879
244  fE: -3.1269  dfE: 1.74928e-06  dW: 0.00301775  dPhi(Nx/2)(Ny/2)(Nz/2): 8.65774e-05 Phi A: 0.119203 Phi B: 0.880795 Phi I: 5.82055e-52
Total charge: -1.49003e-19
etaHat: 124879
245  fE: -3.1269  dfE: 3.02246e-06  dW: 0.00298688  dPhi(Nx/2)(Ny/2)(Nz/2): 8.52088e-05 Phi A: 0.119203 Phi B: 0.880796 Phi I: 5.82055e-52
Total charge: -1.49004e-19
etaHat: 124879
246  fE: -3.12691  dfE: 4.01736e-06  dW: 0.00295643  dPhi(Nx/2)(Ny/2)(Nz/2): 8.38168e-05 Phi A: 0.119203 Phi B: 0.880797 Phi I: 5.82055e-52
Total charge: -1.49004e-19
etaHat: 124879
247  fE: -3.12691  dfE: 4.71207e-06  dW: 0.00292635  dPhi(Nx/2)(Ny/2)(Nz/2): 8.24581e-05 Phi A: 0.119203 Phi B: 0.880798 Phi I: 5.82055e-52
Total charge: -1.49004e-19
etaHat: 124879
248  fE: -3.12692  dfE: 5.10186e-06  dW: 0.0028967  dPhi(Nx/2)(Ny/2)(Nz/2): 8.11786e-05 Phi A: 0.119203 Phi B: 0.880799 Phi I: 5.82055e-52
Total charge: -1.49004e-19
etaHat: 124879
249  fE: -3.12692  dfE: 5.19773e-06  dW: 0.0028675  dPhi(Nx/2)(Ny/2)(Nz/2): 8.00119e-05 Phi A: 0.119203 Phi B: 0.8808 Phi I: 5.82055e-52
Total charge: -1.49004e-19
etaHat: 124879
250  fE: -3.12693  dfE: 5.02427e-06  dW: 0.00283874  dPhi(Nx/2)(Ny/2)(Nz/2): 7.89794e-05 Phi A: 0.119203 Phi B: 0.8808 Phi I: 5.82055e-52
Saving data . . .
Total charge: -1.49004e-19
etaHat: 124879
251  fE: -3.12693  dfE: 4.61708e-06  dW: 0.00281041  dPhi(Nx/2)(Ny/2)(Nz/2): 7.80904e-05 Phi A: 0.119203 Phi B: 0.8808 Phi I: 5.82055e-52
Total charge: -1.49004e-19
etaHat: 124879
252  fE: -3.12693  dfE: 4.0199e-06  dW: 0.00278251  dPhi(Nx/2)(Ny/2)(Nz/2): 7.73434e-05 Phi A: 0.119203 Phi B: 0.8808 Phi I: 5.82055e-52
Total charge: -1.49004e-19
etaHat: 124879
253  fE: -3.12694  dfE: 3.28159e-06  dW: 0.00275495  dPhi(Nx/2)(Ny/2)(Nz/2): 7.67271e-05 Phi A: 0.119203 Phi B: 0.8808 Phi I: 5.82055e-52
Total charge: -1.49004e-19
etaHat: 124879
254  fE: -3.12694  dfE: 2.45315e-06  dW: 0.00272776  dPhi(Nx/2)(Ny/2)(Nz/2): 7.62226e-05 Phi A: 0.119203 Phi B: 0.8808 Phi I: 5.82055e-52
Total charge: -1.49004e-19
etaHat: 124879
255  fE: -3.12694  dfE: 1.58504e-06  dW: 0.00270088  dPhi(Nx/2)(Ny/2)(Nz/2): 7.58049e-05 Phi A: 0.119203 Phi B: 0.8808 Phi I: 5.82055e-52
Total charge: -1.49004e-19
etaHat: 124879
256  fE: -3.12694  dfE: 7.24621e-07  dW: 0.00267431  dPhi(Nx/2)(Ny/2)(Nz/2): 7.54456e-05 Phi A: 0.119203 Phi B: 0.880799 Phi I: 5.82055e-52
Total charge: -1.49004e-19
etaHat: 124879
257  fE: -3.12694  dfE: 8.5858e-08  dW: 0.00264807  dPhi(Nx/2)(Ny/2)(Nz/2): 7.51144e-05 Phi A: 0.119203 Phi B: 0.880799 Phi I: 5.82055e-52
Total charge: -1.49004e-19
etaHat: 124879
258  fE: -3.12694  dfE: 8.10867e-07  dW: 0.00262214  dPhi(Nx/2)(Ny/2)(Nz/2): 7.47815e-05 Phi A: 0.119203 Phi B: 0.880798 Phi I: 5.82055e-52
Total charge: -1.49004e-19
etaHat: 124879
259  fE: -3.12694  dfE: 1.42271e-06  dW: 0.0025965  dPhi(Nx/2)(Ny/2)(Nz/2): 7.44189e-05 Phi A: 0.119203 Phi B: 0.880798 Phi I: 5.82055e-52
Total charge: -1.49004e-19
etaHat: 124879
260  fE: -3.12694  dfE: 1.9021e-06  dW: 0.00257114  dPhi(Nx/2)(Ny/2)(Nz/2): 7.40022e-05 Phi A: 0.119203 Phi B: 0.880797 Phi I: 5.82055e-52
Saving data . . .
Total charge: -1.49004e-19
etaHat: 124879
261  fE: -3.12694  dfE: 2.23833e-06  dW: 0.00254611  dPhi(Nx/2)(Ny/2)(Nz/2): 7.35115e-05 Phi A: 0.119203 Phi B: 0.880797 Phi I: 5.82055e-52
Total charge: -1.49003e-19
etaHat: 124879
262  fE: -3.12693  dfE: 2.4289e-06  dW: 0.00252139  dPhi(Nx/2)(Ny/2)(Nz/2): 7.29324e-05 Phi A: 0.119203 Phi B: 0.880796 Phi I: 5.82055e-52
Total charge: -1.49003e-19
etaHat: 124879
263  fE: -3.12693  dfE: 2.47885e-06  dW: 0.002497  dPhi(Nx/2)(Ny/2)(Nz/2): 7.2256e-05 Phi A: 0.119203 Phi B: 0.880796 Phi I: 5.82055e-52
Total charge: -1.49003e-19
etaHat: 124879
264  fE: -3.12693  dfE: 2.39975e-06  dW: 0.00247289  dPhi(Nx/2)(Ny/2)(Nz/2): 7.14795e-05 Phi A: 0.119203 Phi B: 0.880796 Phi I: 5.82055e-52
Total charge: -1.49003e-19
etaHat: 124879
265  fE: -3.12693  dfE: 2.20846e-06  dW: 0.0024491  dPhi(Nx/2)(Ny/2)(Nz/2): 7.06053e-05 Phi A: 0.119203 Phi B: 0.880796 Phi I: 5.82055e-52
Total charge: -1.49003e-19
etaHat: 124879
266  fE: -3.12692  dfE: 1.92577e-06  dW: 0.00242563  dPhi(Nx/2)(Ny/2)(Nz/2): 6.96413e-05 Phi A: 0.119203 Phi B: 0.880795 Phi I: 5.82055e-52
Total charge: -1.49003e-19
etaHat: 124879
267  fE: -3.12692  dfE: 1.57495e-06  dW: 0.00240246  dPhi(Nx/2)(Ny/2)(Nz/2): 6.85993e-05 Phi A: 0.119203 Phi B: 0.880796 Phi I: 5.82055e-52
Total charge: -1.49003e-19
etaHat: 124879
268  fE: -3.12692  dfE: 1.18036e-06  dW: 0.00237959  dPhi(Nx/2)(Ny/2)(Nz/2): 6.74949e-05 Phi A: 0.119203 Phi B: 0.880796 Phi I: 5.82055e-52
Total charge: -1.49003e-19
etaHat: 124879
269  fE: -3.12692  dfE: 7.6611e-07  dW: 0.00235703  dPhi(Nx/2)(Ny/2)(Nz/2): 6.63457e-05 Phi A: 0.119203 Phi B: 0.880796 Phi I: 5.82055e-52
Total charge: -1.49003e-19
etaHat: 124879
270  fE: -3.12692  dfE: 3.54875e-07  dW: 0.00233473  dPhi(Nx/2)(Ny/2)(Nz/2): 6.51711e-05 Phi A: 0.119203 Phi B: 0.880796 Phi I: 5.82055e-52
Saving data . . .
Total charge: -1.49004e-19
etaHat: 124879
271  fE: -3.12692  dfE: 3.30811e-08  dW: 0.00231271  dPhi(Nx/2)(Ny/2)(Nz/2): 6.39906e-05 Phi A: 0.119203 Phi B: 0.880796 Phi I: 5.82055e-52
Total charge: -1.49004e-19
etaHat: 124879
272  fE: -3.12692  dfE: 3.80686e-07  dW: 0.00229094  dPhi(Nx/2)(Ny/2)(Nz/2): 6.28232e-05 Phi A: 0.119203 Phi B: 0.880797 Phi I: 5.82055e-52
Total charge: -1.49004e-19
etaHat: 124879
273  fE: -3.12692  dfE: 6.74593e-07  dW: 0.00226943  dPhi(Nx/2)(Ny/2)(Nz/2): 6.16867e-05 Phi A: 0.119203 Phi B: 0.880797 Phi I: 5.82055e-52
Total charge: -1.49004e-19
etaHat: 124879
274  fE: -3.12692  dfE: 9.05475e-07  dW: 0.00224817  dPhi(Nx/2)(Ny/2)(Nz/2): 6.05964e-05 Phi A: 0.119203 Phi B: 0.880797 Phi I: 5.82055e-52
Total charge: -1.49004e-19
etaHat: 124879
275  fE: -3.12692  dfE: 1.06809e-06  dW: 0.00222714  dPhi(Nx/2)(Ny/2)(Nz/2): 5.95653e-05 Phi A: 0.119203 Phi B: 0.880797 Phi I: 5.82055e-52
Total charge: -1.49004e-19
etaHat: 124879
276  fE: -3.12693  dfE: 1.16113e-06  dW: 0.00220638  dPhi(Nx/2)(Ny/2)(Nz/2): 5.86032e-05 Phi A: 0.119203 Phi B: 0.880798 Phi I: 5.82055e-52
Total charge: -1.49004e-19
etaHat: 124879
277  fE: -3.12693  dfE: 1.1869e-06  dW: 0.00218588  dPhi(Nx/2)(Ny/2)(Nz/2): 5.77167e-05 Phi A: 0.119203 Phi B: 0.880798 Phi I: 5.82055e-52
Total charge: -1.49004e-19
etaHat: 124879
278  fE: -3.12693  dfE: 1.15083e-06  dW: 0.00216563  dPhi(Nx/2)(Ny/2)(Nz/2): 5.69093e-05 Phi A: 0.119203 Phi B: 0.880798 Phi I: 5.82055e-52
Total charge: -1.49004e-19
etaHat: 124879
279  fE: -3.12693  dfE: 1.06092e-06  dW: 0.0021456  dPhi(Nx/2)(Ny/2)(Nz/2): 5.61813e-05 Phi A: 0.119203 Phi B: 0.880798 Phi I: 5.82055e-52
Total charge: -1.49004e-19
etaHat: 124879
280  fE: -3.12693  dfE: 9.27037e-07  dW: 0.00212581  dPhi(Nx/2)(Ny/2)(Nz/2): 5.55303e-05 Phi A: 0.119203 Phi B: 0.880798 Phi I: 5.82055e-52
Saving data . . .
Total charge: -1.49004e-19
etaHat: 124879
281  fE: -3.12693  dfE: 7.60275e-07  dW: 0.00210625  dPhi(Nx/2)(Ny/2)(Nz/2): 5.49513e-05 Phi A: 0.119203 Phi B: 0.880798 Phi I: 5.82055e-52
Total charge: -1.49004e-19
etaHat: 124879
282  fE: -3.12693  dfE: 5.72257e-07  dW: 0.00208694  dPhi(Nx/2)(Ny/2)(Nz/2): 5.44375e-05 Phi A: 0.119203 Phi B: 0.880798 Phi I: 5.82055e-52
Total charge: -1.49004e-19
etaHat: 124879
283  fE: -3.12693  dfE: 3.74509e-07  dW: 0.00206787  dPhi(Nx/2)(Ny/2)(Nz/2): 5.39804e-05 Phi A: 0.119203 Phi B: 0.880798 Phi I: 5.82055e-52
Total charge: -1.49004e-19
etaHat: 124879
284  fE: -3.12693  dfE: 1.77889e-07  dW: 0.00204902  dPhi(Nx/2)(Ny/2)(Nz/2): 5.35707e-05 Phi A: 0.119203 Phi B: 0.880798 Phi I: 5.82055e-52
Total charge: -1.49004e-19
etaHat: 124879
285  fE: -3.12693  dfE: 7.88429e-09  dW: 0.0020304  dPhi(Nx/2)(Ny/2)(Nz/2): 5.31987e-05 Phi A: 0.119203 Phi B: 0.880797 Phi I: 5.82055e-52
Total charge: -1.49004e-19
etaHat: 124879
286  fE: -3.12693  dfE: 1.7461e-07  dW: 0.002012  dPhi(Nx/2)(Ny/2)(Nz/2): 5.28544e-05 Phi A: 0.119203 Phi B: 0.880797 Phi I: 5.82055e-52
Total charge: -1.49004e-19
etaHat: 124879
287  fE: -3.12693  dfE: 3.15856e-07  dW: 0.00199382  dPhi(Nx/2)(Ny/2)(Nz/2): 5.25287e-05 Phi A: 0.119203 Phi B: 0.880797 Phi I: 5.82055e-52
Total charge: -1.49004e-19
etaHat: 124879
288  fE: -3.12693  dfE: 4.27112e-07  dW: 0.00197584  dPhi(Nx/2)(Ny/2)(Nz/2): 5.22131e-05 Phi A: 0.119203 Phi B: 0.880797 Phi I: 5.82055e-52
Total charge: -1.49004e-19
etaHat: 124879
289  fE: -3.12693  dfE: 5.05813e-07  dW: 0.00195807  dPhi(Nx/2)(Ny/2)(Nz/2): 5.19002e-05 Phi A: 0.119203 Phi B: 0.880797 Phi I: 5.82055e-52
Total charge: -1.49004e-19
etaHat: 124879
290  fE: -3.12693  dfE: 5.51281e-07  dW: 0.00194051  dPhi(Nx/2)(Ny/2)(Nz/2): 5.1584e-05 Phi A: 0.119203 Phi B: 0.880797 Phi I: 5.82055e-52
Saving data . . .
Total charge: -1.49004e-19
etaHat: 124879
291  fE: -3.12693  dfE: 5.64569e-07  dW: 0.00192315  dPhi(Nx/2)(Ny/2)(Nz/2): 5.126e-05 Phi A: 0.119203 Phi B: 0.880797 Phi I: 5.82055e-52
Total charge: -1.49004e-19
etaHat: 124879
292  fE: -3.12693  dfE: 5.4823e-07  dW: 0.00190601  dPhi(Nx/2)(Ny/2)(Nz/2): 5.09251e-05 Phi A: 0.119203 Phi B: 0.880797 Phi I: 5.82055e-52
Total charge: -1.49004e-19
etaHat: 124879
293  fE: -3.12693  dfE: 5.06045e-07  dW: 0.00188907  dPhi(Nx/2)(Ny/2)(Nz/2): 5.05777e-05 Phi A: 0.119203 Phi B: 0.880797 Phi I: 5.82055e-52
Total charge: -1.49004e-19
etaHat: 124879
294  fE: -3.12693  dfE: 4.4271e-07  dW: 0.00187233  dPhi(Nx/2)(Ny/2)(Nz/2): 5.02173e-05 Phi A: 0.119203 Phi B: 0.880797 Phi I: 5.82055e-52
Total charge: -1.49004e-19
etaHat: 124879
295  fE: -3.12693  dfE: 3.63507e-07  dW: 0.00185579  dPhi(Nx/2)(Ny/2)(Nz/2): 4.98449e-05 Phi A: 0.119203 Phi B: 0.880797 Phi I: 5.82055e-52
Total charge: -1.49004e-19
etaHat: 124879
296  fE: -3.12693  dfE: 2.73984e-07  dW: 0.00183944  dPhi(Nx/2)(Ny/2)(Nz/2): 4.94623e-05 Phi A: 0.119203 Phi B: 0.880797 Phi I: 5.82055e-52
Total charge: -1.49004e-19
etaHat: 124879
297  fE: -3.12693  dfE: 1.79651e-07  dW: 0.00182327  dPhi(Nx/2)(Ny/2)(Nz/2): 4.90721e-05 Phi A: 0.119203 Phi B: 0.880797 Phi I: 5.82055e-52
Total charge: -1.49004e-19
etaHat: 124879
298  fE: -3.12693  dfE: 8.57063e-08  dW: 0.0018073  dPhi(Nx/2)(Ny/2)(Nz/2): 4.86773e-05 Phi A: 0.119203 Phi B: 0.880797 Phi I: 5.82055e-52
Total charge: -1.49004e-19
etaHat: 124879
299  fE: -3.12693  dfE: 3.19089e-09  dW: 0.00179151  dPhi(Nx/2)(Ny/2)(Nz/2): 4.82813e-05 Phi A: 0.119203 Phi B: 0.880797 Phi I: 5.82055e-52
Total charge: -1.49004e-19
etaHat: 124879
300  fE: -3.12693  dfE: 8.30993e-08  dW: 0.00177589  dPhi(Nx/2)(Ny/2)(Nz/2): 4.78874e-05 Phi A: 0.119203 Phi B: 0.880797 Phi I: 5.82055e-52
Saving data . . .
Total charge: -1.49004e-19
etaHat: 124879
301  fE: -3.12693  dfE: 1.50921e-07  dW: 0.00176045  dPhi(Nx/2)(Ny/2)(Nz/2): 4.7499e-05 Phi A: 0.119203 Phi B: 0.880797 Phi I: 5.82055e-52
Total charge: -1.49004e-19
etaHat: 124879
302  fE: -3.12693  dfE: 2.04474e-07  dW: 0.00174518  dPhi(Nx/2)(Ny/2)(Nz/2): 4.71189e-05 Phi A: 0.119203 Phi B: 0.880797 Phi I: 5.82055e-52
Total charge: -1.49004e-19
etaHat: 124879
303  fE: -3.12693  dfE: 2.42504e-07  dW: 0.00173008  dPhi(Nx/2)(Ny/2)(Nz/2): 4.67495e-05 Phi A: 0.119203 Phi B: 0.880797 Phi I: 5.82055e-52
Total charge: -1.49004e-19
etaHat: 124879
304  fE: -3.12693  dfE: 2.64663e-07  dW: 0.00171514  dPhi(Nx/2)(Ny/2)(Nz/2): 4.63928e-05 Phi A: 0.119203 Phi B: 0.880797 Phi I: 5.82055e-52
Total charge: -1.49004e-19
etaHat: 124879
305  fE: -3.12693  dfE: 2.71429e-07  dW: 0.00170037  dPhi(Nx/2)(Ny/2)(Nz/2): 4.60499e-05 Phi A: 0.119203 Phi B: 0.880797 Phi I: 5.82055e-52
Total charge: -1.49004e-19
etaHat: 124879
306  fE: -3.12693  dfE: 2.64001e-07  dW: 0.00168575  dPhi(Nx/2)(Ny/2)(Nz/2): 4.57216e-05 Phi A: 0.119203 Phi B: 0.880797 Phi I: 5.82055e-52
Total charge: -1.49004e-19
etaHat: 124879
307  fE: -3.12693  dfE: 2.4417e-07  dW: 0.00167129  dPhi(Nx/2)(Ny/2)(Nz/2): 4.54077e-05 Phi A: 0.119203 Phi B: 0.880797 Phi I: 5.82055e-52
Total charge: -1.49004e-19
etaHat: 124879
308  fE: -3.12693  dfE: 2.14166e-07  dW: 0.00165699  dPhi(Nx/2)(Ny/2)(Nz/2): 4.51079e-05 Phi A: 0.119203 Phi B: 0.880797 Phi I: 5.82055e-52
Total charge: -1.49004e-19
etaHat: 124879
309  fE: -3.12693  dfE: 1.76507e-07  dW: 0.00164285  dPhi(Nx/2)(Ny/2)(Nz/2): 4.48208e-05 Phi A: 0.119203 Phi B: 0.880797 Phi I: 5.82055e-52
Total charge: -1.49004e-19
etaHat: 124879
310  fE: -3.12693  dfE: 1.33839e-07  dW: 0.00162888  dPhi(Nx/2)(Ny/2)(Nz/2): 4.45452e-05 Phi A: 0.119203 Phi B: 0.880797 Phi I: 5.82055e-52
Saving data . . .
Total charge: -1.49004e-19
etaHat: 124879
311  fE: -3.12693  dfE: 8.8796e-08  dW: 0.00161505  dPhi(Nx/2)(Ny/2)(Nz/2): 4.42792e-05 Phi A: 0.119203 Phi B: 0.880797 Phi I: 5.82055e-52
Total charge: -1.49004e-19
etaHat: 124879
312  fE: -3.12693  dfE: 4.38673e-08  dW: 0.00160136  dPhi(Nx/2)(Ny/2)(Nz/2): 4.40208e-05 Phi A: 0.119203 Phi B: 0.880797 Phi I: 5.82055e-52
Total charge: -1.49004e-19
etaHat: 124879
313  fE: -3.12693  dfE: 1.28678e-09  dW: 0.00158784  dPhi(Nx/2)(Ny/2)(Nz/2): 4.37679e-05 Phi A: 0.119203 Phi B: 0.880797 Phi I: 5.82055e-52
Total charge: -1.49004e-19
etaHat: 124879
314  fE: -3.12693  dfE: 3.70521e-08  dW: 0.00157445  dPhi(Nx/2)(Ny/2)(Nz/2): 4.35186e-05 Phi A: 0.119203 Phi B: 0.880797 Phi I: 5.82055e-52
Total charge: -1.49004e-19
etaHat: 124879
315  fE: -3.12693  dfE: 6.96573e-08  dW: 0.00156121  dPhi(Nx/2)(Ny/2)(Nz/2): 4.32708e-05 Phi A: 0.119203 Phi B: 0.880797 Phi I: 5.82055e-52
Total charge: -1.49004e-19
etaHat: 124879
316  fE: -3.12693  dfE: 9.54728e-08  dW: 0.00154811  dPhi(Nx/2)(Ny/2)(Nz/2): 4.30228e-05 Phi A: 0.119203 Phi B: 0.880797 Phi I: 5.82055e-52
Total charge: -1.49004e-19
etaHat: 124879
317  fE: -3.12693  dfE: 1.13887e-07  dW: 0.00153516  dPhi(Nx/2)(Ny/2)(Nz/2): 4.2773e-05 Phi A: 0.119203 Phi B: 0.880797 Phi I: 5.82055e-52
Total charge: -1.49004e-19
etaHat: 124879
318  fE: -3.12693  dfE: 1.24721e-07  dW: 0.00152234  dPhi(Nx/2)(Ny/2)(Nz/2): 4.25204e-05 Phi A: 0.119203 Phi B: 0.880797 Phi I: 5.82055e-52
Total charge: -1.49004e-19
etaHat: 124879
319  fE: -3.12693  dfE: 1.28191e-07  dW: 0.00150966  dPhi(Nx/2)(Ny/2)(Nz/2): 4.2264e-05 Phi A: 0.119203 Phi B: 0.880797 Phi I: 5.82055e-52
Total charge: -1.49004e-19
etaHat: 124879
320  fE: -3.12693  dfE: 1.24862e-07  dW: 0.00149711  dPhi(Nx/2)(Ny/2)(Nz/2): 4.20032e-05 Phi A: 0.119203 Phi B: 0.880797 Phi I: 5.82055e-52
Saving data . . .
Total charge: -1.49004e-19
etaHat: 124879
321  fE: -3.12693  dfE: 1.15579e-07  dW: 0.0014847  dPhi(Nx/2)(Ny/2)(Nz/2): 4.17377e-05 Phi A: 0.119203 Phi B: 0.880797 Phi I: 5.82055e-52
Total charge: -1.49004e-19
etaHat: 124879
322  fE: -3.12693  dfE: 1.01403e-07  dW: 0.0014724  dPhi(Nx/2)(Ny/2)(Nz/2): 4.14677e-05 Phi A: 0.119203 Phi B: 0.880797 Phi I: 5.82055e-52
Total charge: -1.49004e-19
etaHat: 124879
323  fE: -3.12693  dfE: 8.35338e-08  dW: 0.00146023  dPhi(Nx/2)(Ny/2)(Nz/2): 4.11934e-05 Phi A: 0.119203 Phi B: 0.880797 Phi I: 5.82055e-52
Total charge: -1.49004e-19
etaHat: 124879
324  fE: -3.12693  dfE: 6.32337e-08  dW: 0.00144818  dPhi(Nx/2)(Ny/2)(Nz/2): 4.09153e-05 Phi A: 0.119203 Phi B: 0.880797 Phi I: 5.82055e-52
Total charge: -1.49004e-19
etaHat: 124879
325  fE: -3.12693  dfE: 4.17618e-08  dW: 0.00143626  dPhi(Nx/2)(Ny/2)(Nz/2): 4.06341e-05 Phi A: 0.119203 Phi B: 0.880797 Phi I: 5.82055e-52
Total charge: -1.49004e-19
etaHat: 124879
326  fE: -3.12693  dfE: 2.03095e-08  dW: 0.00142445  dPhi(Nx/2)(Ny/2)(Nz/2): 4.03505e-05 Phi A: 0.119203 Phi B: 0.880797 Phi I: 5.82055e-52
Total charge: -1.49004e-19
etaHat: 124879
327  fE: -3.12693  dfE: 5.19966e-11  dW: 0.00141277  dPhi(Nx/2)(Ny/2)(Nz/2): 4.00655e-05 Phi A: 0.119203 Phi B: 0.880797 Phi I: 5.82055e-52
Total charge: -1.49004e-19
etaHat: 124879
328  fE: -3.12693  dfE: 1.8413e-08  dW: 0.00140121  dPhi(Nx/2)(Ny/2)(Nz/2): 3.97798e-05 Phi A: 0.119203 Phi B: 0.880797 Phi I: 5.82055e-52
Total charge: -1.49004e-19
etaHat: 124879
329  fE: -3.12693  dfE: 3.4055e-08  dW: 0.00138976  dPhi(Nx/2)(Ny/2)(Nz/2): 3.94942e-05 Phi A: 0.119203 Phi B: 0.880797 Phi I: 5.82055e-52
Total charge: -1.49004e-19
etaHat: 124879
330  fE: -3.12693  dfE: 4.6467e-08  dW: 0.00137843  dPhi(Nx/2)(Ny/2)(Nz/2): 3.92095e-05 Phi A: 0.119203 Phi B: 0.880797 Phi I: 5.82055e-52
Saving data . . .
Total charge: -1.49004e-19
etaHat: 124879
331  fE: -3.12693  dfE: 5.53511e-08  dW: 0.00136723  dPhi(Nx/2)(Ny/2)(Nz/2): 3.89263e-05 Phi A: 0.119203 Phi B: 0.880797 Phi I: 5.82055e-52
Total charge: -1.49004e-19
etaHat: 124879
332  fE: -3.12693  dfE: 6.06151e-08  dW: 0.00135614  dPhi(Nx/2)(Ny/2)(Nz/2): 3.86451e-05 Phi A: 0.119203 Phi B: 0.880797 Phi I: 5.82055e-52
Total charge: -1.49004e-19
etaHat: 124879
333  fE: -3.12693  dfE: 6.23574e-08  dW: 0.00134517  dPhi(Nx/2)(Ny/2)(Nz/2): 3.83662e-05 Phi A: 0.119203 Phi B: 0.880797 Phi I: 5.82055e-52
Total charge: -1.49004e-19
etaHat: 124879
334  fE: -3.12693  dfE: 6.08423e-08  dW: 0.0013343  dPhi(Nx/2)(Ny/2)(Nz/2): 3.809e-05 Phi A: 0.119203 Phi B: 0.880797 Phi I: 5.82055e-52
Total charge: -1.49004e-19
etaHat: 124879
335  fE: -3.12693  dfE: 5.64711e-08  dW: 0.00132354  dPhi(Nx/2)(Ny/2)(Nz/2): 3.78163e-05 Phi A: 0.119203 Phi B: 0.880797 Phi I: 5.82055e-52
Total charge: -1.49004e-19
etaHat: 124879
336  fE: -3.12693  dfE: 4.97471e-08  dW: 0.00131289  dPhi(Nx/2)(Ny/2)(Nz/2): 3.75454e-05 Phi A: 0.119203 Phi B: 0.880797 Phi I: 5.82055e-52
Total charge: -1.49004e-19
etaHat: 124879
337  fE: -3.12693  dfE: 4.12414e-08  dW: 0.00130234  dPhi(Nx/2)(Ny/2)(Nz/2): 3.72769e-05 Phi A: 0.119203 Phi B: 0.880797 Phi I: 5.82055e-52
Total charge: -1.49004e-19
etaHat: 124879
338  fE: -3.12693  dfE: 3.15569e-08  dW: 0.0012919  dPhi(Nx/2)(Ny/2)(Nz/2): 3.70107e-05 Phi A: 0.119203 Phi B: 0.880797 Phi I: 5.82055e-52
Total charge: -1.49004e-19
etaHat: 124879
339  fE: -3.12693  dfE: 2.12953e-08  dW: 0.00128156  dPhi(Nx/2)(Ny/2)(Nz/2): 3.67464e-05 Phi A: 0.119203 Phi B: 0.880797 Phi I: 5.82055e-52
Total charge: -1.49004e-19
etaHat: 124879
340  fE: -3.12693  dfE: 1.10268e-08  dW: 0.00127132  dPhi(Nx/2)(Ny/2)(Nz/2): 3.64839e-05 Phi A: 0.119203 Phi B: 0.880797 Phi I: 5.82055e-52
Saving data . . .
Total charge: -1.49004e-19
etaHat: 124879
341  fE: -3.12693  dfE: 1.265e-09  dW: 0.00126119  dPhi(Nx/2)(Ny/2)(Nz/2): 3.62226e-05 Phi A: 0.119203 Phi B: 0.880797 Phi I: 5.82055e-52
Total charge: -1.49004e-19
etaHat: 124879
342  fE: -3.12693  dfE: 7.55302e-09  dW: 0.00125116  dPhi(Nx/2)(Ny/2)(Nz/2): 3.59624e-05 Phi A: 0.119203 Phi B: 0.880797 Phi I: 5.82055e-52
Total charge: -1.49004e-19
etaHat: 124879
343  fE: -3.12693  dfE: 1.50813e-08  dW: 0.00124123  dPhi(Nx/2)(Ny/2)(Nz/2): 3.57029e-05 Phi A: 0.119203 Phi B: 0.880797 Phi I: 5.82055e-52
Total charge: -1.49004e-19
etaHat: 124879
344  fE: -3.12693  dfE: 2.10729e-08  dW: 0.0012314  dPhi(Nx/2)(Ny/2)(Nz/2): 3.54439e-05 Phi A: 0.119203 Phi B: 0.880797 Phi I: 5.82055e-52
Total charge: -1.49004e-19
etaHat: 124879
345  fE: -3.12693  dfE: 2.53823e-08  dW: 0.00122166  dPhi(Nx/2)(Ny/2)(Nz/2): 3.51853e-05 Phi A: 0.119203 Phi B: 0.880797 Phi I: 5.82055e-52
Total charge: -1.49004e-19
etaHat: 124879
346  fE: -3.12693  dfE: 2.79627e-08  dW: 0.00121202  dPhi(Nx/2)(Ny/2)(Nz/2): 3.49269e-05 Phi A: 0.119203 Phi B: 0.880797 Phi I: 5.82055e-52
Total charge: -1.49004e-19
etaHat: 124879
347  fE: -3.12693  dfE: 2.88585e-08  dW: 0.00120248  dPhi(Nx/2)(Ny/2)(Nz/2): 3.46686e-05 Phi A: 0.119203 Phi B: 0.880797 Phi I: 5.82055e-52
Total charge: -1.49004e-19
etaHat: 124879
348  fE: -3.12693  dfE: 2.81936e-08  dW: 0.00119302  dPhi(Nx/2)(Ny/2)(Nz/2): 3.44107e-05 Phi A: 0.119203 Phi B: 0.880797 Phi I: 5.82055e-52
Total charge: -1.49004e-19
etaHat: 124879
349  fE: -3.12693  dfE: 2.6158e-08  dW: 0.00118366  dPhi(Nx/2)(Ny/2)(Nz/2): 3.41531e-05 Phi A: 0.119203 Phi B: 0.880797 Phi I: 5.82055e-52
Total charge: -1.49004e-19
etaHat: 124879
350  fE: -3.12693  dfE: 2.29908e-08  dW: 0.00117439  dPhi(Nx/2)(Ny/2)(Nz/2): 3.38961e-05 Phi A: 0.119203 Phi B: 0.880797 Phi I: 5.82055e-52
Saving data . . .
Total charge: -1.49004e-19
etaHat: 124879
351  fE: -3.12693  dfE: 1.89639e-08  dW: 0.00116521  dPhi(Nx/2)(Ny/2)(Nz/2): 3.36398e-05 Phi A: 0.119203 Phi B: 0.880797 Phi I: 5.82055e-52
Total charge: -1.49004e-19
etaHat: 124879
352  fE: -3.12693  dfE: 1.43652e-08  dW: 0.00115612  dPhi(Nx/2)(Ny/2)(Nz/2): 3.33847e-05 Phi A: 0.119203 Phi B: 0.880797 Phi I: 5.82055e-52
Total charge: -1.49004e-19
etaHat: 124879
353  fE: -3.12693  dfE: 9.482e-09  dW: 0.00114711  dPhi(Nx/2)(Ny/2)(Nz/2): 3.31309e-05 Phi A: 0.119203 Phi B: 0.880797 Phi I: 5.82055e-52
Total charge: -1.49004e-19
etaHat: 124879
354  fE: -3.12693  dfE: 4.58748e-09  dW: 0.00113818  dPhi(Nx/2)(Ny/2)(Nz/2): 3.28788e-05 Phi A: 0.119203 Phi B: 0.880797 Phi I: 5.82055e-52
Total charge: -1.49004e-19
etaHat: 124879
355  fE: -3.12693  dfE: 7.22675e-11  dW: 0.00112934  dPhi(Nx/2)(Ny/2)(Nz/2): 3.26288e-05 Phi A: 0.119203 Phi B: 0.880797 Phi I: 5.82055e-52
Total charge: -1.49004e-19
etaHat: 124879
356  fE: -3.12693  dfE: 4.28723e-09  dW: 0.00112059  dPhi(Nx/2)(Ny/2)(Nz/2): 3.23811e-05 Phi A: 0.119203 Phi B: 0.880797 Phi I: 5.82055e-52
Total charge: -1.49004e-19
etaHat: 124879
357  fE: -3.12693  dfE: 7.8909e-09  dW: 0.00111193  dPhi(Nx/2)(Ny/2)(Nz/2): 3.2136e-05 Phi A: 0.119203 Phi B: 0.880797 Phi I: 5.82055e-52
Total charge: -1.49004e-19
etaHat: 124879
358  fE: -3.12693  dfE: 1.07637e-08  dW: 0.00110335  dPhi(Nx/2)(Ny/2)(Nz/2): 3.18938e-05 Phi A: 0.119203 Phi B: 0.880797 Phi I: 5.82055e-52
Total charge: -1.49004e-19
etaHat: 124879
359  fE: -3.12693  dfE: 1.28349e-08  dW: 0.00109485  dPhi(Nx/2)(Ny/2)(Nz/2): 3.16547e-05 Phi A: 0.119203 Phi B: 0.880797 Phi I: 5.82055e-52
Total charge: -1.49004e-19
etaHat: 124879
360  fE: -3.12693  dfE: 1.40806e-08  dW: 0.00108642  dPhi(Nx/2)(Ny/2)(Nz/2): 3.14189e-05 Phi A: 0.119203 Phi B: 0.880797 Phi I: 5.82055e-52
Saving data . . .
Total charge: -1.49004e-19
etaHat: 124879
361  fE: -3.12693  dfE: 1.45207e-08  dW: 0.00107808  dPhi(Nx/2)(Ny/2)(Nz/2): 3.11864e-05 Phi A: 0.119203 Phi B: 0.880797 Phi I: 5.82055e-52
Total charge: -1.49004e-19
etaHat: 124879
362  fE: -3.12693  dfE: 1.42136e-08  dW: 0.00106982  dPhi(Nx/2)(Ny/2)(Nz/2): 3.09573e-05 Phi A: 0.119203 Phi B: 0.880797 Phi I: 5.82055e-52
Total charge: -1.49004e-19
etaHat: 124879
363  fE: -3.12693  dfE: 1.32488e-08  dW: 0.00106163  dPhi(Nx/2)(Ny/2)(Nz/2): 3.07317e-05 Phi A: 0.119203 Phi B: 0.880797 Phi I: 5.82055e-52
Total charge: -1.49004e-19
etaHat: 124879
364  fE: -3.12693  dfE: 1.17402e-08  dW: 0.00105352  dPhi(Nx/2)(Ny/2)(Nz/2): 3.05095e-05 Phi A: 0.119203 Phi B: 0.880797 Phi I: 5.82055e-52
Total charge: -1.49004e-19
etaHat: 124879
365  fE: -3.12693  dfE: 9.81718e-09  dW: 0.00104548  dPhi(Nx/2)(Ny/2)(Nz/2): 3.02906e-05 Phi A: 0.119203 Phi B: 0.880797 Phi I: 5.82055e-52
Total charge: -1.49004e-19
etaHat: 124879
366  fE: -3.12693  dfE: 7.61697e-09  dW: 0.00103753  dPhi(Nx/2)(Ny/2)(Nz/2): 3.0075e-05 Phi A: 0.119203 Phi B: 0.880797 Phi I: 5.82055e-52
Total charge: -1.49004e-19
etaHat: 124879
367  fE: -3.12693  dfE: 5.27709e-09  dW: 0.00102965  dPhi(Nx/2)(Ny/2)(Nz/2): 2.98624e-05 Phi A: 0.119203 Phi B: 0.880797 Phi I: 5.82055e-52
Total charge: -1.49004e-19
etaHat: 124879
368  fE: -3.12693  dfE: 2.92812e-09  dW: 0.00102184  dPhi(Nx/2)(Ny/2)(Nz/2): 2.96527e-05 Phi A: 0.119203 Phi B: 0.880797 Phi I: 5.82055e-52
Total charge: -1.49004e-19
etaHat: 124879
369  fE: -3.12693  dfE: 6.88147e-10  dW: 0.00101411  dPhi(Nx/2)(Ny/2)(Nz/2): 2.94457e-05 Phi A: 0.119203 Phi B: 0.880797 Phi I: 5.82055e-52
Total charge: -1.49004e-19
etaHat: 124879
370  fE: -3.12693  dfE: 1.34207e-09  dW: 0.00100645  dPhi(Nx/2)(Ny/2)(Nz/2): 2.92413e-05 Phi A: 0.119203 Phi B: 0.880797 Phi I: 5.82055e-52
Saving data . . .
Total charge: -1.49004e-19
etaHat: 124879
371  fE: -3.12693  dfE: 3.08225e-09  dW: 0.000998865  dPhi(Nx/2)(Ny/2)(Nz/2): 2.90392e-05 Phi A: 0.119203 Phi B: 0.880797 Phi I: 5.82055e-52
Saving data . . .
