Total charge: 124877
etaHat: 124877
0  fE: -9364.43  dfE: 9464.43  dW: 11.2906  dPhi(Nx/2)(Ny/2)(Nz/2): -4.11389 Phi A: 0.607494 Phi B: 4.48374 Phi I: 999.016
Saving data . . .
Total charge: 1.59566
etaHat: 124879
1  fE: -25221.8  dfE: 15857.3  dW: 17.2941  dPhi(Nx/2)(Ny/2)(Nz/2): -2.4636 Phi A: 0.404517 Phi B: 3.04415 Phi I: 0.0127653
Total charge: 1.45874e-18
etaHat: 124879
2  fE: -20.2967  dfE: 25201.5  dW: 19.8223  dPhi(Nx/2)(Ny/2)(Nz/2): -1.30151 Phi A: 0.265941 Phi B: 2.026 Phi I: 1.43293e-20
Total charge: -2.22806e-19
etaHat: 124879
3  fE: -14.5235  dfE: 5.77324  dW: 20.2009  dPhi(Nx/2)(Ny/2)(Nz/2): -0.55222 Phi A: 0.178245 Phi B: 1.3678 Phi I: 5.82318e-52
Total charge: -1.5439e-19
etaHat: 124879
4  fE: -10.1754  dfE: 4.34809  dW: 19.2873  dPhi(Nx/2)(Ny/2)(Nz/2): -0.0792263 Phi A: 0.123512 Phi B: 0.951632 Phi I: 5.82107e-52
Total charge: -1.11372e-19
etaHat: 124879
5  fE: -7.17771  dfE: 2.99767  dW: 17.6128  dPhi(Nx/2)(Ny/2)(Nz/2): 0.220242 Phi A: 0.0890976 Phi B: 0.687873 Phi I: 5.81918e-52
Total charge: -8.39299e-20
etaHat: 124879
6  fE: -5.16909  dfE: 2.00861  dW: 15.5043  dPhi(Nx/2)(Ny/2)(Nz/2): 0.412092 Phi A: 0.0671439 Phi B: 0.518788 Phi I: 5.81754e-52
Total charge: -6.61772e-20
etaHat: 124879
7  fE: -3.82662  dfE: 1.34247  dW: 13.1648  dPhi(Nx/2)(Ny/2)(Nz/2): 0.536542 Phi A: 0.0529417 Phi B: 0.409059 Phi I: 5.81616e-52
Total charge: -5.46101e-20
etaHat: 124879
8  fE: -2.92028  dfE: 0.906341  dW: 10.7224  dPhi(Nx/2)(Ny/2)(Nz/2): 0.617792 Phi A: 0.0436881 Phi B: 0.337403 Phi I: 5.81504e-52
Total charge: -4.71371e-20
etaHat: 124879
9  fE: -2.29813  dfE: 0.622151  dW: 8.26007  dPhi(Nx/2)(Ny/2)(Nz/2): 0.670389 Phi A: 0.0377097 Phi B: 0.291013 Phi I: 5.81417e-52
Total charge: -4.25072e-20
etaHat: 124879
10  fE: -1.86215  dfE: 0.435974  dW: 5.83309  dPhi(Nx/2)(Ny/2)(Nz/2): 0.703071 Phi A: 0.0340058 Phi B: 0.262189 Phi I: 5.81357e-52
Saving data . . .
Total charge: -3.99817e-20
etaHat: 124879
11  fE: -1.54904  dfE: 0.313113  dW: 3.48028  dPhi(Nx/2)(Ny/2)(Nz/2): 0.721023 Phi A: 0.0319853 Phi B: 0.246366 Phi I: 5.8132e-52
Total charge: -3.91454e-20
etaHat: 124879
12  fE: -1.31711  dfE: 0.231926  dW: 1.23076  dPhi(Nx/2)(Ny/2)(Nz/2): 0.727165 Phi A: 0.0313164 Phi B: 0.240969 Phi I: 5.81307e-52
Total charge: -3.98022e-20
etaHat: 124879
13  fE: -1.13795  dfE: 0.179162  dW: 0.892879  dPhi(Nx/2)(Ny/2)(Nz/2): 0.722894 Phi A: 0.0318417 Phi B: 0.24477 Phi I: 5.81316e-52
Total charge: -4.19157e-20
etaHat: 124879
14  fE: -0.991099  dfE: 0.146854  dW: 2.86364  dPhi(Nx/2)(Ny/2)(Nz/2): 0.708484 Phi A: 0.0335326 Phi B: 0.257532 Phi I: 5.81345e-52
Total charge: -4.55803e-20
etaHat: 124879
15  fE: -0.860799  dfE: 0.1303  dW: 4.66275  dPhi(Nx/2)(Ny/2)(Nz/2): 0.683302 Phi A: 0.0364642 Phi B: 0.279818 Phi I: 5.81393e-52
Total charge: -5.10044e-20
etaHat: 124879
16  fE: -0.734192  dfE: 0.126607  dW: 6.26219  dPhi(Nx/2)(Ny/2)(Nz/2): 0.645914 Phi A: 0.0408035 Phi B: 0.312904 Phi I: 5.81458e-52
Total charge: -5.84987e-20
etaHat: 124879
17  fE: -0.600843  dfE: 0.13335  dW: 7.63045  dPhi(Nx/2)(Ny/2)(Nz/2): 0.594169 Phi A: 0.0467989 Phi B: 0.358701 Phi I: 5.81538e-52
Total charge: -6.8453e-20
etaHat: 124879
18  fE: -0.453906  dfE: 0.146937  dW: 8.72971  dPhi(Nx/2)(Ny/2)(Nz/2): 0.525353 Phi A: 0.0547624 Phi B: 0.419624 Phi I: 5.81629e-52
Total charge: -8.12852e-20
etaHat: 124879
19  fE: -0.293525  dfE: 0.160381  dW: 9.51553  dPhi(Nx/2)(Ny/2)(Nz/2): 0.43653 Phi A: 0.0650282 Phi B: 0.498289 Phi I: 5.81729e-52
Total charge: -9.73374e-20
etaHat: 124879
20  fE: -0.132921  dfE: 0.160604  dW: 9.93881  dPhi(Nx/2)(Ny/2)(Nz/2): 0.325249 Phi A: 0.07787 Phi B: 0.596898 Phi I: 5.81834e-52
Saving data . . .
Total charge: -1.16698e-19
etaHat: 124879
21  fE: -0.00639877  dfE: 0.126522  dW: 9.95104  dPhi(Nx/2)(Ny/2)(Nz/2): 0.190757 Phi A: 0.0933581 Phi B: 0.716163 Phi I: 5.8194e-52
Total charge: -1.38949e-19
etaHat: 124879
22  fE: 0.0246592  dfE: 0.031058  dW: 9.51457  dPhi(Nx/2)(Ny/2)(Nz/2): 0.0357258 Phi A: 0.111159 Phi B: 0.853776 Phi I: 5.82042e-52
Total charge: -1.62909e-19
etaHat: 124879
23  fE: -0.12383  dfE: 0.148489  dW: 8.61743  dPhi(Nx/2)(Ny/2)(Nz/2): -0.131919 Phi A: 0.130328 Phi B: 1.00278 Phi I: 5.82136e-52
Total charge: -1.86516e-19
etaHat: 124879
24  fE: -0.534268  dfE: 0.410438  dW: 7.28986  dPhi(Nx/2)(Ny/2)(Nz/2): -0.298121 Phi A: 0.149213 Phi B: 1.15078 Phi I: 5.82216e-52
Total charge: -2.07056e-19
etaHat: 124879
25  fE: -1.24322  dfE: 0.708954  dW: 5.61522  dPhi(Nx/2)(Ny/2)(Nz/2): -0.444155 Phi A: 0.165645 Phi B: 1.28118 Phi I: 5.82279e-52
Total charge: -2.21827e-19
etaHat: 124879
26  fE: -2.19958  dfE: 0.956358  dW: 3.727  dPhi(Nx/2)(Ny/2)(Nz/2): -0.551071 Phi A: 0.177462 Phi B: 1.37711 Phi I: 5.82321e-52
Total charge: -2.29011e-19
etaHat: 124879
27  fE: -3.26084  dfE: 1.06126  dW: 1.78838  dPhi(Nx/2)(Ny/2)(Nz/2): -0.605706 Phi A: 0.183209 Phi B: 1.42676 Phi I: 5.82342e-52
Total charge: -2.28271e-19
etaHat: 124879
28  fE: -4.24242  dfE: 0.981582  dW: 0.226535  dPhi(Nx/2)(Ny/2)(Nz/2): -0.605018 Phi A: 0.182617 Phi B: 1.42727 Phi I: 5.82342e-52
Total charge: -2.20735e-19
etaHat: 124879
29  fE: -4.99069  dfE: 0.748276  dW: 1.6253  dPhi(Nx/2)(Ny/2)(Nz/2): -0.556223 Phi A: 0.176588 Phi B: 1.38488 Phi I: 5.82325e-52
Total charge: -2.08436e-19
etaHat: 124879
30  fE: -5.43159  dfE: 0.440892  dW: 2.88697  dPhi(Nx/2)(Ny/2)(Nz/2): -0.473092 Phi A: 0.166749 Phi B: 1.31173 Phi I: 5.82293e-52
Saving data . . .
Total charge: -1.93594e-19
etaHat: 124879
31  fE: -5.573  dfE: 0.141418  dW: 3.78974  dPhi(Nx/2)(Ny/2)(Nz/2): -0.371029 Phi A: 0.154875 Phi B: 1.22149 Phi I: 5.82252e-52
Total charge: -1.78096e-19
etaHat: 124879
32  fE: -5.47554  dfE: 0.097465  dW: 4.33857  dPhi(Nx/2)(Ny/2)(Nz/2): -0.263374 Phi A: 0.142477 Phi B: 1.12604 Phi I: 5.82205e-52
Total charge: -1.63286e-19
etaHat: 124879
33  fE: -5.21764  dfE: 0.257898  dW: 4.56489  dPhi(Nx/2)(Ny/2)(Nz/2): -0.159769 Phi A: 0.130629 Phi B: 1.03401 Phi I: 5.82155e-52
Total charge: -1.49971e-19
etaHat: 124879
34  fE: -4.87145  dfE: 0.346194  dW: 4.51463  dPhi(Nx/2)(Ny/2)(Nz/2): -0.0661447 Phi A: 0.119977 Phi B: 0.950717 Phi I: 5.82107e-52
Total charge: -1.38548e-19
etaHat: 124879
35  fE: -4.49205  dfE: 0.379397  dW: 4.23936  dPhi(Nx/2)(Ny/2)(Nz/2): 0.0145051 Phi A: 0.110838 Phi B: 0.878881 Phi I: 5.82061e-52
Total charge: -1.29137e-19
etaHat: 124879
36  fE: -4.11619  dfE: 0.375863  dW: 3.79048  dPhi(Nx/2)(Ny/2)(Nz/2): 0.0811658 Phi A: 0.10331 Phi B: 0.819439 Phi I: 5.8202e-52
Total charge: -1.217e-19
etaHat: 124879
37  fE: -3.76543  dfE: 0.35076  dW: 3.21614  dPhi(Nx/2)(Ny/2)(Nz/2): 0.133995 Phi A: 0.0973599 Phi B: 0.772275 Phi I: 5.81985e-52
Total charge: -1.16119e-19
etaHat: 124879
38  fE: -3.45054  dfE: 0.314885  dW: 2.55977  dPhi(Nx/2)(Ny/2)(Nz/2): 0.173742 Phi A: 0.0928953 Phi B: 0.736735 Phi I: 5.81958e-52
Total charge: -1.12249e-19
etaHat: 124879
39  fE: -3.17543  dfE: 0.27511  dW: 1.85981  dPhi(Nx/2)(Ny/2)(Nz/2): 0.201391 Phi A: 0.0897991 Phi B: 0.711953 Phi I: 5.81938e-52
Total charge: -1.09941e-19
etaHat: 124879
40  fE: -2.94011  dfE: 0.235326  dW: 1.14983  dPhi(Nx/2)(Ny/2)(Nz/2): 0.217956 Phi A: 0.087953 Phi B: 0.697031 Phi I: 5.81926e-52
Saving data . . .
Total charge: -1.09058e-19
etaHat: 124879
41  fE: -2.74273  dfE: 0.197374  dW: 0.459009  dPhi(Nx/2)(Ny/2)(Nz/2): 0.224394 Phi A: 0.087246 Phi B: 0.691113 Phi I: 5.81921e-52
Total charge: -1.0947e-19
etaHat: 124879
42  fE: -2.58097  dfE: 0.161767  dW: 0.195266  dPhi(Nx/2)(Ny/2)(Nz/2): 0.221594 Phi A: 0.0875761 Phi B: 0.69341 Phi I: 5.81922e-52
Total charge: -1.11057e-19
etaHat: 124879
43  fE: -2.45276  dfE: 0.128207  dW: 0.768116  dPhi(Nx/2)(Ny/2)(Nz/2): 0.210402 Phi A: 0.0888459 Phi B: 0.703164 Phi I: 5.81931e-52
Total charge: -1.13695e-19
etaHat: 124879
44  fE: -2.35681  dfE: 0.0959464  dW: 1.26497  dPhi(Nx/2)(Ny/2)(Nz/2): 0.191678 Phi A: 0.0909562 Phi B: 0.719605 Phi I: 5.81944e-52
Total charge: -1.17247e-19
etaHat: 124879
45  fE: -2.29275  dfE: 0.0640635  dW: 1.66375  dPhi(Nx/2)(Ny/2)(Nz/2): 0.166375 Phi A: 0.0937978 Phi B: 0.741885 Phi I: 5.81962e-52
Total charge: -1.21554e-19
etaHat: 124879
46  fE: -2.26103  dfE: 0.0317159  dW: 1.95409  dPhi(Nx/2)(Ny/2)(Nz/2): 0.135603 Phi A: 0.0972432 Phi B: 0.769011 Phi I: 5.81982e-52
Total charge: -1.26425e-19
etaHat: 124879
47  fE: -2.26264  dfE: 0.00160367  dW: 2.13003  dPhi(Nx/2)(Ny/2)(Nz/2): 0.10069 Phi A: 0.10114 Phi B: 0.799801 Phi I: 5.82005e-52
Total charge: -1.31637e-19
etaHat: 124879
48  fE: -2.29845  dfE: 0.0358102  dW: 2.19046  dPhi(Nx/2)(Ny/2)(Nz/2): 0.063215 Phi A: 0.105309 Phi B: 0.832853 Phi I: 5.82029e-52
Total charge: -1.36932e-19
etaHat: 124879
49  fE: -2.36847  dfE: 0.0700175  dW: 2.13954  dPhi(Nx/2)(Ny/2)(Nz/2): 0.0249811 Phi A: 0.109546 Phi B: 0.866564 Phi I: 5.82052e-52
Total charge: -1.42036e-19
etaHat: 124879
50  fE: -2.47093  dfE: 0.102463  dW: 1.98682  dPhi(Nx/2)(Ny/2)(Nz/2): -0.0120563 Phi A: 0.113629 Phi B: 0.899202 Phi I: 5.82073e-52
Saving data . . .
Total charge: -1.46673e-19
etaHat: 124879
51  fE: -2.60158  dfE: 0.130654  dW: 1.74697  dPhi(Nx/2)(Ny/2)(Nz/2): -0.0459279 Phi A: 0.117338 Phi B: 0.929022 Phi I: 5.82093e-52
Total charge: -1.50593e-19
etaHat: 124879
52  fE: -2.75336  dfE: 0.15178  dW: 1.43901  dPhi(Nx/2)(Ny/2)(Nz/2): -0.0748295 Phi A: 0.120474 Phi B: 0.954429 Phi I: 5.82108e-52
Total charge: -1.53598e-19
etaHat: 124879
53  fE: -2.91668  dfE: 0.16332  dW: 1.08502  dPhi(Nx/2)(Ny/2)(Nz/2): -0.0973106 Phi A: 0.122878 Phi B: 0.974141 Phi I: 5.8212e-52
Total charge: -1.55563e-19
etaHat: 124879
54  fE: -3.08038  dfE: 0.163695  dW: 0.708494  dPhi(Nx/2)(Ny/2)(Nz/2): -0.112433 Phi A: 0.124451 Phi B: 0.987334 Phi I: 5.82128e-52
Total charge: -1.5645e-19
etaHat: 124879
55  fE: -3.23311  dfE: 0.152735  dW: 0.332493  dPhi(Nx/2)(Ny/2)(Nz/2): -0.119863 Phi A: 0.12516 Phi B: 0.993718 Phi I: 5.82132e-52
Total charge: -1.56305e-19
etaHat: 124879
56  fE: -3.36489  dfE: 0.131783  dW: 0.0621558  dPhi(Nx/2)(Ny/2)(Nz/2): -0.119874 Phi A: 0.125044 Phi B: 0.993539 Phi I: 5.82132e-52
Total charge: -1.55246e-19
etaHat: 124879
57  fE: -3.46832  dfE: 0.103428  dW: 0.33757  dPhi(Nx/2)(Ny/2)(Nz/2): -0.113266 Phi A: 0.124197 Phi B: 0.987512 Phi I: 5.82128e-52
Total charge: -1.53445e-19
etaHat: 124879
58  fE: -3.53927  dfE: 0.0709454  dW: 0.601051  dPhi(Nx/2)(Ny/2)(Nz/2): -0.101227 Phi A: 0.122756 Phi B: 0.976691 Phi I: 5.82122e-52
Total charge: -1.51102e-19
etaHat: 124879
59  fE: -3.57693  dfE: 0.0376655  dW: 0.804074  dPhi(Nx/2)(Ny/2)(Nz/2): -0.0851619 Phi A: 0.120881 Phi B: 0.962324 Phi I: 5.82113e-52
Total charge: -1.48421e-19
etaHat: 124879
60  fE: -3.58338  dfE: 0.00644895  dW: 0.942849  dPhi(Nx/2)(Ny/2)(Nz/2): -0.0665342 Phi A: 0.118737 Phi B: 0.945708 Phi I: 5.82103e-52
Saving data . . .
Total charge: -1.45598e-19
etaHat: 124879
61  fE: -3.56276  dfE: 0.0206262  dW: 1.01772  dPhi(Nx/2)(Ny/2)(Nz/2): -0.0467354 Phi A: 0.116479 Phi B: 0.928077 Phi I: 5.82092e-52
Total charge: -1.42802e-19
etaHat: 124879
62  fE: -3.52041  dfE: 0.0423476  dW: 1.03245  dPhi(Nx/2)(Ny/2)(Nz/2): -0.0269951 Phi A: 0.114242 Phi B: 0.910518 Phi I: 5.82081e-52
Total charge: -1.40174e-19
etaHat: 124879
63  fE: -3.46213  dfE: 0.0582782  dW: 0.993458  dPhi(Nx/2)(Ny/2)(Nz/2): -0.00833096 Phi A: 0.112139 Phi B: 0.893933 Phi I: 5.8207e-52
Total charge: -1.3782e-19
etaHat: 124879
64  fE: -3.39356  dfE: 0.0685714  dW: 0.909023  dPhi(Nx/2)(Ny/2)(Nz/2): 0.00846704 Phi A: 0.110256 Phi B: 0.87902 Phi I: 5.82061e-52
Total charge: -1.35817e-19
etaHat: 124879
65  fE: -3.3198  dfE: 0.0737619  dW: 0.788557  dPhi(Nx/2)(Ny/2)(Nz/2): 0.0228305 Phi A: 0.108653 Phi B: 0.866283 Phi I: 5.82052e-52
Total charge: -1.34214e-19
etaHat: 124879
66  fE: -3.24522  dfE: 0.074581  dW: 0.641987  dPhi(Nx/2)(Ny/2)(Nz/2): 0.0343926 Phi A: 0.107371 Phi B: 0.856046 Phi I: 5.82045e-52
Total charge: -1.33035e-19
etaHat: 124879
67  fE: -3.1734  dfE: 0.0718177  dW: 0.479236  dPhi(Nx/2)(Ny/2)(Nz/2): 0.0429628 Phi A: 0.106428 Phi B: 0.848476 Phi I: 5.8204e-52
Total charge: -1.32283e-19
etaHat: 124879
68  fE: -3.10717  dfE: 0.0662302  dW: 0.309799  dPhi(Nx/2)(Ny/2)(Nz/2): 0.0485011 Phi A: 0.105827 Phi B: 0.843609 Phi I: 5.82037e-52
Total charge: -1.31946e-19
etaHat: 124879
69  fE: -3.04867  dfE: 0.0585003  dW: 0.142452  dPhi(Nx/2)(Ny/2)(Nz/2): 0.051094 Phi A: 0.105556 Phi B: 0.841368 Phi I: 5.82035e-52
Total charge: -1.31994e-19
etaHat: 124879
70  fE: -2.99945  dfE: 0.0492208  dW: 0.039541  dPhi(Nx/2)(Ny/2)(Nz/2): 0.0509342 Phi A: 0.105595 Phi B: 0.841581 Phi I: 5.82035e-52
Saving data . . .
Total charge: -1.32386e-19
etaHat: 124879
71  fE: -2.96054  dfE: 0.0389032  dW: 0.156515  dPhi(Nx/2)(Ny/2)(Nz/2): 0.048303 Phi A: 0.105909 Phi B: 0.843999 Phi I: 5.82037e-52
Total charge: -1.33074e-19
etaHat: 124879
72  fE: -2.93255  dfE: 0.0279975  dW: 0.276384  dPhi(Nx/2)(Ny/2)(Nz/2): 0.0435545 Phi A: 0.106459 Phi B: 0.848308 Phi I: 5.8204e-52
Total charge: -1.33998e-19
etaHat: 124879
73  fE: -2.91563  dfE: 0.0169141  dW: 0.371104  dPhi(Nx/2)(Ny/2)(Nz/2): 0.0371006 Phi A: 0.107198 Phi B: 0.854141 Phi I: 5.82044e-52
Total charge: -1.35094e-19
etaHat: 124879
74  fE: -2.90959  dfE: 0.00604292  dW: 0.438447  dPhi(Nx/2)(Ny/2)(Nz/2): 0.0293941 Phi A: 0.108075 Phi B: 0.861098 Phi I: 5.82049e-52
Total charge: -1.36296e-19
etaHat: 124879
75  fE: -2.91383  dfE: 0.0042357  dW: 0.47767  dPhi(Nx/2)(Ny/2)(Nz/2): 0.0209117 Phi A: 0.109036 Phi B: 0.868753 Phi I: 5.82054e-52
Total charge: -1.37535e-19
etaHat: 124879
76  fE: -2.92738  dfE: 0.013551  dW: 0.489438  dPhi(Nx/2)(Ny/2)(Nz/2): 0.0121336 Phi A: 0.110028 Phi B: 0.87668 Phi I: 5.82059e-52
Total charge: -1.38748e-19
etaHat: 124879
77  fE: -2.94893  dfE: 0.0215531  dW: 0.4757  dPhi(Nx/2)(Ny/2)(Nz/2): 0.00352232 Phi A: 0.110998 Phi B: 0.884467 Phi I: 5.82064e-52
Total charge: -1.39875e-19
etaHat: 124879
78  fE: -2.97686  dfE: 0.0279345  dW: 0.43951  dPhi(Nx/2)(Ny/2)(Nz/2): -0.00449899 Phi A: 0.1119 Phi B: 0.891736 Phi I: 5.82069e-52
Total charge: -1.40866e-19
etaHat: 124879
79  fE: -3.00932  dfE: 0.0324571  dW: 0.384792  dPhi(Nx/2)(Ny/2)(Nz/2): -0.0115673 Phi A: 0.112693 Phi B: 0.898162 Phi I: 5.82073e-52
Total charge: -1.41681e-19
etaHat: 124879
80  fE: -3.0443  dfE: 0.034979  dW: 0.316079  dPhi(Nx/2)(Ny/2)(Nz/2): -0.0173966 Phi A: 0.113345 Phi B: 0.90349 Phi I: 5.82077e-52
Saving data . . .
Total charge: -1.42294e-19
etaHat: 124879
81  fE: -3.07978  dfE: 0.0354755  dW: 0.238217  dPhi(Nx/2)(Ny/2)(Nz/2): -0.0217908 Phi A: 0.113835 Phi B: 0.907541 Phi I: 5.82079e-52
Total charge: -1.42691e-19
etaHat: 124879
82  fE: -3.11382  dfE: 0.0340476  dW: 0.156083  dPhi(Nx/2)(Ny/2)(Nz/2): -0.0246485 Phi A: 0.114152 Phi B: 0.910224 Phi I: 5.82081e-52
Total charge: -1.42871e-19
etaHat: 124879
83  fE: -3.14474  dfE: 0.0309166  dW: 0.074891  dPhi(Nx/2)(Ny/2)(Nz/2): -0.0259632 Phi A: 0.114297 Phi B: 0.911531 Phi I: 5.82082e-52
Total charge: -1.42846e-19
etaHat: 124879
84  fE: -3.17114  dfE: 0.0264037  dW: 0.0286348  dPhi(Nx/2)(Ny/2)(Nz/2): -0.0258144 Phi A: 0.114277 Phi B: 0.911529 Phi I: 5.82082e-52
Total charge: -1.42639e-19
etaHat: 124879
85  fE: -3.19204  dfE: 0.0208984  dW: 0.0726008  dPhi(Nx/2)(Ny/2)(Nz/2): -0.0243552 Phi A: 0.114111 Phi B: 0.910352 Phi I: 5.82081e-52
Total charge: -1.42278e-19
etaHat: 124879
86  fE: -3.20686  dfE: 0.0148214  dW: 0.130689  dPhi(Nx/2)(Ny/2)(Nz/2): -0.021795 Phi A: 0.113823 Phi B: 0.908187 Phi I: 5.8208e-52
Total charge: -1.418e-19
etaHat: 124879
87  fE: -3.21545  dfE: 0.00858709  dW: 0.176589  dPhi(Nx/2)(Ny/2)(Nz/2): -0.0183808 Phi A: 0.11344 Phi B: 0.90525 Phi I: 5.82078e-52
Total charge: -1.4124e-19
etaHat: 124879
88  fE: -3.21802  dfE: 0.00257136  dW: 0.208871  dPhi(Nx/2)(Ny/2)(Nz/2): -0.0143778 Phi A: 0.112992 Phi B: 0.901777 Phi I: 5.82076e-52
Total charge: -1.40636e-19
etaHat: 124879
89  fE: -3.21511  dfE: 0.00291193  dW: 0.227328  dPhi(Nx/2)(Ny/2)(Nz/2): -0.0100527 Phi A: 0.112509 Phi B: 0.898005 Phi I: 5.82073e-52
Total charge: -1.40024e-19
etaHat: 124879
90  fE: -3.20749  dfE: 0.00762451  dW: 0.232484  dPhi(Nx/2)(Ny/2)(Nz/2): -0.005658 Phi A: 0.112019 Phi B: 0.894158 Phi I: 5.82071e-52
Saving data . . .
Total charge: -1.39435e-19
etaHat: 124879
91  fE: -3.19608  dfE: 0.0114078  dW: 0.225476  dPhi(Nx/2)(Ny/2)(Nz/2): -0.00142089 Phi A: 0.111548 Phi B: 0.89044 Phi I: 5.82068e-52
Total charge: -1.38895e-19
etaHat: 124879
92  fE: -3.1819  dfE: 0.0141794  dW: 0.20793  dPhi(Nx/2)(Ny/2)(Nz/2): 0.00246561 Phi A: 0.111116 Phi B: 0.887021 Phi I: 5.82066e-52
Total charge: -1.38426e-19
etaHat: 124879
93  fE: -3.16597  dfE: 0.0159241  dW: 0.18182  dPhi(Nx/2)(Ny/2)(Nz/2): 0.00584774 Phi A: 0.110741 Phi B: 0.88404 Phi I: 5.82064e-52
Total charge: -1.38043e-19
etaHat: 124879
94  fE: -3.14929  dfE: 0.0166822  dW: 0.149331  dPhi(Nx/2)(Ny/2)(Nz/2): 0.00861354 Phi A: 0.110435 Phi B: 0.881597 Phi I: 5.82062e-52
Total charge: -1.37756e-19
etaHat: 124879
95  fE: -3.13275  dfE: 0.0165369  dW: 0.112731  dPhi(Nx/2)(Ny/2)(Nz/2): 0.010693 Phi A: 0.110205 Phi B: 0.879754 Phi I: 5.82061e-52
Total charge: -1.37569e-19
etaHat: 124879
96  fE: -3.11715  dfE: 0.0156026  dW: 0.0742822  dPhi(Nx/2)(Ny/2)(Nz/2): 0.0120562 Phi A: 0.110055 Phi B: 0.878541 Phi I: 5.8206e-52
Total charge: -1.37479e-19
etaHat: 124879
97  fE: -3.10314  dfE: 0.0140139  dW: 0.0381175  dPhi(Nx/2)(Ny/2)(Nz/2): 0.0127102 Phi A: 0.109983 Phi B: 0.877951 Phi I: 5.8206e-52
Total charge: -1.37482e-19
etaHat: 124879
98  fE: -3.09122  dfE: 0.0119172  dW: 0.0209151  dPhi(Nx/2)(Ny/2)(Nz/2): 0.0126949 Phi A: 0.109986 Phi B: 0.877949 Phi I: 5.8206e-52
Total charge: -1.37568e-19
etaHat: 124879
99  fE: -3.08176  dfE: 0.00946352  dW: 0.0350194  dPhi(Nx/2)(Ny/2)(Nz/2): 0.0120774 Phi A: 0.110054 Phi B: 0.878477 Phi I: 5.8206e-52
Total charge: -1.37724e-19
etaHat: 124879
100  fE: -3.07496  dfE: 0.00680225  dW: 0.0604333  dPhi(Nx/2)(Ny/2)(Nz/2): 0.0109468 Phi A: 0.110179 Phi B: 0.879457 Phi I: 5.82061e-52
Saving data . . .
Total charge: -1.37935e-19
etaHat: 124879
101  fE: -3.07088  dfE: 0.0040766  dW: 0.0821993  dPhi(Nx/2)(Ny/2)(Nz/2): 0.00940772 Phi A: 0.110348 Phi B: 0.880796 Phi I: 5.82062e-52
Total charge: -1.38186e-19
etaHat: 124879
102  fE: -3.06946  dfE: 0.00141925  dW: 0.0977546  dPhi(Nx/2)(Ny/2)(Nz/2): 0.00757452 Phi A: 0.110549 Phi B: 0.882393 Phi I: 5.82063e-52
Total charge: -1.38461e-19
etaHat: 124879
103  fE: -3.07051  dfE: 0.00105153  dW: 0.106872  dPhi(Nx/2)(Ny/2)(Nz/2): 0.00556483 Phi A: 0.110769 Phi B: 0.884144 Phi I: 5.82064e-52
Total charge: -1.38742e-19
etaHat: 124879
104  fE: -3.07375  dfE: 0.00323536  dW: 0.109735  dPhi(Nx/2)(Ny/2)(Nz/2): 0.0034938 Phi A: 0.110994 Phi B: 0.885949 Phi I: 5.82065e-52
Total charge: -1.39016e-19
etaHat: 124879
105  fE: -3.0788  dfE: 0.00505274  dW: 0.106821  dPhi(Nx/2)(Ny/2)(Nz/2): 0.00146881 Phi A: 0.111213 Phi B: 0.887711 Phi I: 5.82066e-52
Total charge: -1.39269e-19
etaHat: 124879
106  fE: -3.08525  dfE: 0.0064475  dW: 0.098848  dPhi(Nx/2)(Ny/2)(Nz/2): -0.000415129 Phi A: 0.111415 Phi B: 0.889347 Phi I: 5.82067e-52
Total charge: -1.39491e-19
etaHat: 124879
107  fE: -3.09263  dfE: 0.00738815  dW: 0.086719  dPhi(Nx/2)(Ny/2)(Nz/2): -0.00207907 Phi A: 0.111592 Phi B: 0.890787 Phi I: 5.82068e-52
Total charge: -1.39672e-19
etaHat: 124879
108  fE: -3.1005  dfE: 0.00786826  dW: 0.07146  dPhi(Nx/2)(Ny/2)(Nz/2): -0.00346267 Phi A: 0.111738 Phi B: 0.891979 Phi I: 5.82069e-52
Total charge: -1.39809e-19
etaHat: 124879
109  fE: -3.10841  dfE: 0.00790534  dW: 0.0542176  dPhi(Nx/2)(Ny/2)(Nz/2): -0.00452559 Phi A: 0.111847 Phi B: 0.892886 Phi I: 5.8207e-52
Total charge: -1.39899e-19
etaHat: 124879
110  fE: -3.11595  dfE: 0.00753845  dW: 0.0367605  dPhi(Nx/2)(Ny/2)(Nz/2): -0.00524774 Phi A: 0.111919 Phi B: 0.893491 Phi I: 5.8207e-52
Saving data . . .
Total charge: -1.3994e-19
etaHat: 124879
111  fE: -3.12277  dfE: 0.00682461  dW: 0.0229168  dPhi(Nx/2)(Ny/2)(Nz/2): -0.00562838 Phi A: 0.111952 Phi B: 0.893794 Phi I: 5.8207e-52
Total charge: -1.39937e-19
etaHat: 124879
112  fE: -3.12861  dfE: 0.00583417  dW: 0.0175298  dPhi(Nx/2)(Ny/2)(Nz/2): -0.00568427 Phi A: 0.11195 Phi B: 0.893809 Phi I: 5.8207e-52
Total charge: -1.39894e-19
etaHat: 124879
113  fE: -3.13325  dfE: 0.00464572  dW: 0.0212464  dPhi(Nx/2)(Ny/2)(Nz/2): -0.00544701 Phi A: 0.111915 Phi B: 0.893566 Phi I: 5.8207e-52
Total charge: -1.39817e-19
etaHat: 124879
114  fE: -3.13659  dfE: 0.00334082  dW: 0.0300317  dPhi(Nx/2)(Ny/2)(Nz/2): -0.0049599 Phi A: 0.111854 Phi B: 0.893103 Phi I: 5.8207e-52
Total charge: -1.39713e-19
etaHat: 124879
115  fE: -3.13859  dfE: 0.001999  dW: 0.0393169  dPhi(Nx/2)(Ny/2)(Nz/2): -0.00427444 Phi A: 0.11177 Phi B: 0.892466 Phi I: 5.82069e-52
Total charge: -1.3959e-19
etaHat: 124879
116  fE: -3.13928  dfE: 0.000693438  dW: 0.0465196  dPhi(Nx/2)(Ny/2)(Nz/2): -0.00344676 Phi A: 0.111672 Phi B: 0.891705 Phi I: 5.82069e-52
Total charge: -1.39456e-19
etaHat: 124879
117  fE: -3.13877  dfE: 0.000512461  dW: 0.0508478  dPhi(Nx/2)(Ny/2)(Nz/2): -0.00253425 Phi A: 0.111565 Phi B: 0.890871 Phi I: 5.82068e-52
Total charge: -1.3932e-19
etaHat: 124879
118  fE: -3.1372  dfE: 0.00156749  dW: 0.0522384  dPhi(Nx/2)(Ny/2)(Nz/2): -0.0015925 Phi A: 0.111456 Phi B: 0.890013 Phi I: 5.82068e-52
Total charge: -1.39187e-19
etaHat: 124879
119  fE: -3.13477  dfE: 0.00243399  dW: 0.0508942  dPhi(Nx/2)(Ny/2)(Nz/2): -0.000672604 Phi A: 0.11135 Phi B: 0.889177 Phi I: 5.82067e-52
Total charge: -1.39065e-19
etaHat: 124879
120  fE: -3.13168  dfE: 0.00308823  dW: 0.0471638  dPhi(Nx/2)(Ny/2)(Nz/2): 0.000180882 Phi A: 0.111252 Phi B: 0.888402 Phi I: 5.82067e-52
Saving data . . .
Total charge: -1.38958e-19
etaHat: 124879
121  fE: -3.12816  dfE: 0.00351994  dW: 0.0415095  dPhi(Nx/2)(Ny/2)(Nz/2): 0.000931479 Phi A: 0.111166 Phi B: 0.887721 Phi I: 5.82066e-52
Total charge: -1.38869e-19
etaHat: 124879
122  fE: -3.12443  dfE: 0.00373121  dW: 0.034536  dPhi(Nx/2)(Ny/2)(Nz/2): 0.00155174 Phi A: 0.111096 Phi B: 0.887159 Phi I: 5.82066e-52
Total charge: -1.38803e-19
etaHat: 124879
123  fE: -3.1207  dfE: 0.00373484  dW: 0.0271168  dPhi(Nx/2)(Ny/2)(Nz/2): 0.00202363 Phi A: 0.111042 Phi B: 0.886731 Phi I: 5.82066e-52
Total charge: -1.38758e-19
etaHat: 124879
124  fE: -3.11714  dfE: 0.00355248  dW: 0.0204791  dPhi(Nx/2)(Ny/2)(Nz/2): 0.00233842 Phi A: 0.111007 Phi B: 0.886444 Phi I: 5.82066e-52
Total charge: -1.38736e-19
etaHat: 124879
125  fE: -3.11393  dfE: 0.00321248  dW: 0.0158982  dPhi(Nx/2)(Ny/2)(Nz/2): 0.00249617 Phi A: 0.110989 Phi B: 0.8863 Phi I: 5.82065e-52
Total charge: -1.38735e-19
etaHat: 124879
126  fE: -3.11118  dfE: 0.00274786  dW: 0.0141088  dPhi(Nx/2)(Ny/2)(Nz/2): 0.00250477 Phi A: 0.110988 Phi B: 0.88629 Phi I: 5.82065e-52
Total charge: -1.38753e-19
etaHat: 124879
127  fE: -3.10899  dfE: 0.00219418  dW: 0.0148379  dPhi(Nx/2)(Ny/2)(Nz/2): 0.00237877 Phi A: 0.111003 Phi B: 0.886401 Phi I: 5.82065e-52
Total charge: -1.38788e-19
etaHat: 124879
128  fE: -3.1074  dfE: 0.00158765  dW: 0.0172428  dPhi(Nx/2)(Ny/2)(Nz/2): 0.00213802 Phi A: 0.11103 Phi B: 0.886617 Phi I: 5.82066e-52
Total charge: -1.38835e-19
etaHat: 124879
129  fE: -3.10644  dfE: 0.000963386  dW: 0.0202427  dPhi(Nx/2)(Ny/2)(Nz/2): 0.00180612 Phi A: 0.111068 Phi B: 0.886915 Phi I: 5.82066e-52
Total charge: -1.38891e-19
etaHat: 124879
130  fE: -3.10608  dfE: 0.000353861  dW: 0.0228938  dPhi(Nx/2)(Ny/2)(Nz/2): 0.00140889 Phi A: 0.111113 Phi B: 0.887273 Phi I: 5.82066e-52
Saving data . . .
Total charge: -1.38952e-19
etaHat: 124879
131  fE: -3.1063  dfE: 0.000212339  dW: 0.0246155  dPhi(Nx/2)(Ny/2)(Nz/2): 0.000972897 Phi A: 0.111162 Phi B: 0.887667 Phi I: 5.82066e-52
Total charge: -1.39016e-19
etaHat: 124879
132  fE: -3.10701  dfE: 0.000711508  dW: 0.0251865  dPhi(Nx/2)(Ny/2)(Nz/2): 0.000524041 Phi A: 0.111213 Phi B: 0.888073 Phi I: 5.82067e-52
Total charge: -1.39077e-19
etaHat: 124879
133  fE: -3.10813  dfE: 0.0011255  dW: 0.0246064  dPhi(Nx/2)(Ny/2)(Nz/2): 8.63273e-05 Phi A: 0.111262 Phi B: 0.88847 Phi I: 5.82067e-52
Total charge: -1.39134e-19
etaHat: 124879
134  fE: -3.10958  dfE: 0.00144211  dW: 0.0230279  dPhi(Nx/2)(Ny/2)(Nz/2): -0.000319146 Phi A: 0.111308 Phi B: 0.88884 Phi I: 5.82067e-52
Total charge: -1.39185e-19
etaHat: 124879
135  fE: -3.11123  dfE: 0.00165511  dW: 0.0207145  dPhi(Nx/2)(Ny/2)(Nz/2): -0.000674968 Phi A: 0.111348 Phi B: 0.889166 Phi I: 5.82067e-52
Total charge: -1.39226e-19
etaHat: 124879
136  fE: -3.113  dfE: 0.00176406  dW: 0.0180243  dPhi(Nx/2)(Ny/2)(Nz/2): -0.000967934 Phi A: 0.111381 Phi B: 0.889436 Phi I: 5.82067e-52
Total charge: -1.39257e-19
etaHat: 124879
137  fE: -3.11477  dfE: 0.00177376  dW: 0.0153849  dPhi(Nx/2)(Ny/2)(Nz/2): -0.0011893 Phi A: 0.111406 Phi B: 0.889643 Phi I: 5.82068e-52
Total charge: -1.39278e-19
etaHat: 124879
138  fE: -3.11646  dfE: 0.00169355  dW: 0.0131979  dPhi(Nx/2)(Ny/2)(Nz/2): -0.00133478 Phi A: 0.111422 Phi B: 0.889783 Phi I: 5.82068e-52
Total charge: -1.39288e-19
etaHat: 124879
139  fE: -3.118  dfE: 0.00153642  dW: 0.0117793  dPhi(Nx/2)(Ny/2)(Nz/2): -0.00140435 Phi A: 0.11143 Phi B: 0.889855 Phi I: 5.82068e-52
Total charge: -1.39288e-19
etaHat: 124879
140  fE: -3.11932  dfE: 0.00131797  dW: 0.0111763  dPhi(Nx/2)(Ny/2)(Nz/2): -0.00140179 Phi A: 0.11143 Phi B: 0.889862 Phi I: 5.82068e-52
Saving data . . .
Total charge: -1.39278e-19
etaHat: 124879
141  fE: -3.12037  dfE: 0.00105536  dW: 0.0113095  dPhi(Nx/2)(Ny/2)(Nz/2): -0.00133413 Phi A: 0.111423 Phi B: 0.889812 Phi I: 5.82068e-52
Total charge: -1.39262e-19
etaHat: 124879
142  fE: -3.12114  dfE: 0.000766285  dW: 0.0119082  dPhi(Nx/2)(Ny/2)(Nz/2): -0.00121099 Phi A: 0.111409 Phi B: 0.889712 Phi I: 5.82068e-52
Total charge: -1.39239e-19
etaHat: 124879
143  fE: -3.12161  dfE: 0.000468001  dW: 0.0127121  dPhi(Nx/2)(Ny/2)(Nz/2): -0.00104379 Phi A: 0.111391 Phi B: 0.889572 Phi I: 5.82068e-52
Total charge: -1.39211e-19
etaHat: 124879
144  fE: -3.12178  dfE: 0.00017647  dW: 0.0134675  dPhi(Nx/2)(Ny/2)(Nz/2): -0.000845023 Phi A: 0.111369 Phi B: 0.889403 Phi I: 5.82067e-52
Total charge: -1.39182e-19
etaHat: 124879
145  fE: -3.12169  dfE: 9.43221e-05  dW: 0.0139584  dPhi(Nx/2)(Ny/2)(Nz/2): -0.000627521 Phi A: 0.111345 Phi B: 0.889217 Phi I: 5.82067e-52
Total charge: -1.39151e-19
etaHat: 124879
146  fE: -3.12136  dfE: 0.000332878  dW: 0.0140863  dPhi(Nx/2)(Ny/2)(Nz/2): -0.000403752 Phi A: 0.111321 Phi B: 0.889025 Phi I: 5.82067e-52
Total charge: -1.39121e-19
etaHat: 124879
147  fE: -3.12083  dfE: 0.000530516  dW: 0.0138364  dPhi(Nx/2)(Ny/2)(Nz/2): -0.000185247 Phi A: 0.111297 Phi B: 0.888836 Phi I: 5.82067e-52
Total charge: -1.39093e-19
etaHat: 124879
148  fE: -3.12014  dfE: 0.000681511  dW: 0.0132626  dPhi(Nx/2)(Ny/2)(Nz/2): 1.78852e-05 Phi A: 0.111275 Phi B: 0.888661 Phi I: 5.82067e-52
Total charge: -1.39069e-19
etaHat: 124879
149  fE: -3.11936  dfE: 0.000783073  dW: 0.0124646  dPhi(Nx/2)(Ny/2)(Nz/2): 0.000197317 Phi A: 0.111255 Phi B: 0.888507 Phi I: 5.82067e-52
Total charge: -1.39049e-19
etaHat: 124879
150  fE: -3.11853  dfE: 0.000835177  dW: 0.011573  dPhi(Nx/2)(Ny/2)(Nz/2): 0.00034674 Phi A: 0.111239 Phi B: 0.888378 Phi I: 5.82067e-52
Saving data . . .
Total charge: -1.39033e-19
etaHat: 124879
151  fE: -3.11769  dfE: 0.000840269  dW: 0.0107162  dPhi(Nx/2)(Ny/2)(Nz/2): 0.00046197 Phi A: 0.111227 Phi B: 0.88828 Phi I: 5.82067e-52
Total charge: -1.39023e-19
etaHat: 124879
152  fE: -3.11688  dfE: 0.000802886  dW: 0.00999968  dPhi(Nx/2)(Ny/2)(Nz/2): 0.000540946 Phi A: 0.111218 Phi B: 0.888213 Phi I: 5.82067e-52
Total charge: -1.39018e-19
etaHat: 124879
153  fE: -3.11615  dfE: 0.000729212  dW: 0.00950004  dPhi(Nx/2)(Ny/2)(Nz/2): 0.000583614 Phi A: 0.111214 Phi B: 0.888178 Phi I: 5.82067e-52
Total charge: -1.39017e-19
etaHat: 124879
154  fE: -3.11553  dfE: 0.000626602  dW: 0.00922587  dPhi(Nx/2)(Ny/2)(Nz/2): 0.000591729 Phi A: 0.111214 Phi B: 0.888174 Phi I: 5.82067e-52
Total charge: -1.39021e-19
etaHat: 124879
155  fE: -3.11502  dfE: 0.000503096  dW: 0.00914898  dPhi(Nx/2)(Ny/2)(Nz/2): 0.000568588 Phi A: 0.111217 Phi B: 0.888197 Phi I: 5.82067e-52
Total charge: -1.39028e-19
etaHat: 124879
156  fE: -3.11466  dfE: 0.000366957  dW: 0.00920719  dPhi(Nx/2)(Ny/2)(Nz/2): 0.000518713 Phi A: 0.111223 Phi B: 0.888244 Phi I: 5.82067e-52
Total charge: -1.39039e-19
etaHat: 124879
157  fE: -3.11443  dfE: 0.000226241  dW: 0.0093336  dPhi(Nx/2)(Ny/2)(Nz/2): 0.0004475 Phi A: 0.111231 Phi B: 0.88831 Phi I: 5.82067e-52
Total charge: -1.39051e-19
etaHat: 124879
158  fE: -3.11434  dfE: 8.84165e-05  dW: 0.00945023  dPhi(Nx/2)(Ny/2)(Nz/2): 0.000360869 Phi A: 0.111241 Phi B: 0.88839 Phi I: 5.82067e-52
Total charge: -1.39065e-19
etaHat: 124879
159  fE: -3.11438  dfE: 3.99368e-05  dW: 0.00950262  dPhi(Nx/2)(Ny/2)(Nz/2): 0.000264914 Phi A: 0.111252 Phi B: 0.888478 Phi I: 5.82067e-52
Total charge: -1.39079e-19
etaHat: 124879
160  fE: -3.11454  dfE: 0.00015337  dW: 0.00945773  dPhi(Nx/2)(Ny/2)(Nz/2): 0.000165587 Phi A: 0.111263 Phi B: 0.888569 Phi I: 5.82067e-52
Saving data . . .
Total charge: -1.39093e-19
etaHat: 124879
161  fE: -3.11478  dfE: 0.000247722  dW: 0.00930783  dPhi(Nx/2)(Ny/2)(Nz/2): 6.84125e-05 Phi A: 0.111275 Phi B: 0.888659 Phi I: 5.82067e-52
Total charge: -1.39106e-19
etaHat: 124879
162  fE: -3.1151  dfE: 0.000320196  dW: 0.00906759  dPhi(Nx/2)(Ny/2)(Nz/2): -2.1744e-05 Phi A: 0.111285 Phi B: 0.888742 Phi I: 5.82067e-52
Total charge: -1.39117e-19
etaHat: 124879
163  fE: -3.11547  dfE: 0.000369367  dW: 0.00876745  dPhi(Nx/2)(Ny/2)(Nz/2): -0.000100851 Phi A: 0.111294 Phi B: 0.888816 Phi I: 5.82067e-52
Total charge: -1.39127e-19
etaHat: 124879
164  fE: -3.11587  dfE: 0.000395117  dW: 0.00844635  dPhi(Nx/2)(Ny/2)(Nz/2): -0.00016583 Phi A: 0.111301 Phi B: 0.888878 Phi I: 5.82067e-52
Total charge: -1.39134e-19
etaHat: 124879
165  fE: -3.11627  dfE: 0.000398511  dW: 0.00813687  dPhi(Nx/2)(Ny/2)(Nz/2): -0.000214614 Phi A: 0.111307 Phi B: 0.888925 Phi I: 5.82067e-52
Total charge: -1.39139e-19
etaHat: 124879
166  fE: -3.11665  dfE: 0.000381627  dW: 0.00787155  dPhi(Nx/2)(Ny/2)(Nz/2): -0.000246149 Phi A: 0.111311 Phi B: 0.888958 Phi I: 5.82067e-52
Total charge: -1.39141e-19
etaHat: 124879
167  fE: -3.117  dfE: 0.00034735  dW: 0.00767027  dPhi(Nx/2)(Ny/2)(Nz/2): -0.000260347 Phi A: 0.111313 Phi B: 0.888975 Phi I: 5.82067e-52
Total charge: -1.39141e-19
etaHat: 124879
168  fE: -3.11729  dfE: 0.00029915  dW: 0.00753146  dPhi(Nx/2)(Ny/2)(Nz/2): -0.000257991 Phi A: 0.111313 Phi B: 0.888977 Phi I: 5.82067e-52
Total charge: -1.39139e-19
etaHat: 124879
169  fE: -3.11754  dfE: 0.000240845  dW: 0.00744677  dPhi(Nx/2)(Ny/2)(Nz/2): -0.000240612 Phi A: 0.111311 Phi B: 0.888967 Phi I: 5.82067e-52
Total charge: -1.39136e-19
etaHat: 124879
170  fE: -3.11771  dfE: 0.000176375  dW: 0.00740239  dPhi(Nx/2)(Ny/2)(Nz/2): -0.000210335 Phi A: 0.111308 Phi B: 0.888945 Phi I: 5.82067e-52
Saving data . . .
Total charge: -1.39131e-19
etaHat: 124879
171  fE: -3.11782  dfE: 0.000109594  dW: 0.00737642  dPhi(Nx/2)(Ny/2)(Nz/2): -0.000169716 Phi A: 0.111304 Phi B: 0.888914 Phi I: 5.82067e-52
Total charge: -1.39124e-19
etaHat: 124879
172  fE: -3.11787  dfE: 4.40789e-05  dW: 0.00734876  dPhi(Nx/2)(Ny/2)(Nz/2): -0.00012157 Phi A: 0.1113 Phi B: 0.888877 Phi I: 5.82067e-52
Total charge: -1.39118e-19
etaHat: 124879
173  fE: -3.11785  dfE: 1.70172e-05  dW: 0.0073048  dPhi(Nx/2)(Ny/2)(Nz/2): -6.88088e-05 Phi A: 0.111294 Phi B: 0.888835 Phi I: 5.82067e-52
Total charge: -1.39111e-19
etaHat: 124879
174  fE: -3.11778  dfE: 7.10831e-05  dW: 0.0072353  dPhi(Nx/2)(Ny/2)(Nz/2): -1.42819e-05 Phi A: 0.111289 Phi B: 0.888792 Phi I: 5.82067e-52
Total charge: -1.39104e-19
etaHat: 124879
175  fE: -3.11766  dfE: 0.000116125  dW: 0.00713815  dPhi(Nx/2)(Ny/2)(Nz/2): 3.93539e-05 Phi A: 0.111283 Phi B: 0.88875 Phi I: 5.82067e-52
Total charge: -1.39098e-19
etaHat: 124879
176  fE: -3.11751  dfE: 0.000150803  dW: 0.00701717  dPhi(Nx/2)(Ny/2)(Nz/2): 8.9748e-05 Phi A: 0.111278 Phi B: 0.88871 Phi I: 5.82067e-52
Total charge: -1.39092e-19
etaHat: 124879
177  fE: -3.11734  dfE: 0.000174433  dW: 0.00688044  dPhi(Nx/2)(Ny/2)(Nz/2): 0.00013494 Phi A: 0.111274 Phi B: 0.888675 Phi I: 5.82067e-52
Total charge: -1.39088e-19
etaHat: 124879
178  fE: -3.11715  dfE: 0.000186952  dW: 0.00673673  dPhi(Nx/2)(Ny/2)(Nz/2): 0.000173418 Phi A: 0.11127 Phi B: 0.888646 Phi I: 5.82067e-52
Total charge: -1.39084e-19
etaHat: 124879
179  fE: -3.11696  dfE: 0.000188859  dW: 0.00659532  dPhi(Nx/2)(Ny/2)(Nz/2): 0.000204144 Phi A: 0.111267 Phi B: 0.888623 Phi I: 5.82067e-52
Total charge: -1.39082e-19
etaHat: 124879
180  fE: -3.11678  dfE: 0.000181132  dW: 0.00646481  dPhi(Nx/2)(Ny/2)(Nz/2): 0.000226562 Phi A: 0.111265 Phi B: 0.888608 Phi I: 5.82067e-52
Saving data . . .
Total charge: -1.39081e-19
etaHat: 124879
181  fE: -3.11661  dfE: 0.000165133  dW: 0.00634991  dPhi(Nx/2)(Ny/2)(Nz/2): 0.000240568 Phi A: 0.111264 Phi B: 0.8886 Phi I: 5.82067e-52
Total charge: -1.3908e-19
etaHat: 124879
182  fE: -3.11647  dfE: 0.000142497  dW: 0.00625353  dPhi(Nx/2)(Ny/2)(Nz/2): 0.000246475 Phi A: 0.111264 Phi B: 0.888598 Phi I: 5.82067e-52
Total charge: -1.39081e-19
etaHat: 124879
183  fE: -3.11636  dfE: 0.000115025  dW: 0.00617282  dPhi(Nx/2)(Ny/2)(Nz/2): 0.000244953 Phi A: 0.111265 Phi B: 0.888603 Phi I: 5.82067e-52
Total charge: -1.39083e-19
etaHat: 124879
184  fE: -3.11627  dfE: 8.4578e-05  dW: 0.0061039  dPhi(Nx/2)(Ny/2)(Nz/2): 0.000236954 Phi A: 0.111266 Phi B: 0.888613 Phi I: 5.82067e-52
Total charge: -1.39085e-19
etaHat: 124879
185  fE: -3.11622  dfE: 5.29779e-05  dW: 0.00604288  dPhi(Nx/2)(Ny/2)(Nz/2): 0.000223643 Phi A: 0.111268 Phi B: 0.888628 Phi I: 5.82067e-52
Total charge: -1.39088e-19
etaHat: 124879
186  fE: -3.1162  dfE: 2.19195e-05  dW: 0.00598327  dPhi(Nx/2)(Ny/2)(Nz/2): 0.000206311 Phi A: 0.11127 Phi B: 0.888645 Phi I: 5.82067e-52
Total charge: -1.39091e-19
etaHat: 124879
187  fE: -3.1162  dfE: 7.10012e-06  dW: 0.00592028  dPhi(Nx/2)(Ny/2)(Nz/2): 0.000186303 Phi A: 0.111273 Phi B: 0.888665 Phi I: 5.82067e-52
Total charge: -1.39094e-19
etaHat: 124879
188  fE: -3.11624  dfE: 3.28366e-05  dW: 0.00585114  dPhi(Nx/2)(Ny/2)(Nz/2): 0.000164941 Phi A: 0.111275 Phi B: 0.888686 Phi I: 5.82067e-52
Total charge: -1.39097e-19
etaHat: 124879
189  fE: -3.11629  dfE: 5.43348e-05  dW: 0.005775  dPhi(Nx/2)(Ny/2)(Nz/2): 0.000143463 Phi A: 0.111278 Phi B: 0.888706 Phi I: 5.82067e-52
Total charge: -1.391e-19
etaHat: 124879
190  fE: -3.11636  dfE: 7.09476e-05  dW: 0.00569326  dPhi(Nx/2)(Ny/2)(Nz/2): 0.000122971 Phi A: 0.11128 Phi B: 0.888725 Phi I: 5.82067e-52
Saving data . . .
Total charge: -1.39103e-19
etaHat: 124879
191  fE: -3.11644  dfE: 8.23372e-05  dW: 0.00560815  dPhi(Nx/2)(Ny/2)(Nz/2): 0.000104387 Phi A: 0.111282 Phi B: 0.888741 Phi I: 5.82067e-52
Total charge: -1.39105e-19
etaHat: 124879
192  fE: -3.11653  dfE: 8.84611e-05  dW: 0.00552243  dPhi(Nx/2)(Ny/2)(Nz/2): 8.84304e-05 Phi A: 0.111284 Phi B: 0.888755 Phi I: 5.82067e-52
Total charge: -1.39106e-19
etaHat: 124879
193  fE: -3.11662  dfE: 8.9544e-05  dW: 0.00543872  dPhi(Nx/2)(Ny/2)(Nz/2): 7.55979e-05 Phi A: 0.111285 Phi B: 0.888766 Phi I: 5.82067e-52
Total charge: -1.39108e-19
etaHat: 124879
194  fE: -3.11671  dfE: 8.60404e-05  dW: 0.00535992  dPhi(Nx/2)(Ny/2)(Nz/2): 6.61668e-05 Phi A: 0.111286 Phi B: 0.888774 Phi I: 5.82067e-52
Total charge: -1.39108e-19
etaHat: 124879
195  fE: -3.11679  dfE: 7.85884e-05  dW: 0.00528694  dPhi(Nx/2)(Ny/2)(Nz/2): 6.02026e-05 Phi A: 0.111287 Phi B: 0.888778 Phi I: 5.82067e-52
Total charge: -1.39108e-19
etaHat: 124879
196  fE: -3.11685  dfE: 6.79592e-05  dW: 0.00522011  dPhi(Nx/2)(Ny/2)(Nz/2): 5.75786e-05 Phi A: 0.111287 Phi B: 0.888779 Phi I: 5.82067e-52
Total charge: -1.39108e-19
etaHat: 124879
197  fE: -3.11691  dfE: 5.50051e-05  dW: 0.00515945  dPhi(Nx/2)(Ny/2)(Nz/2): 5.80035e-05 Phi A: 0.111286 Phi B: 0.888777 Phi I: 5.82067e-52
Total charge: -1.39107e-19
etaHat: 124879
198  fE: -3.11695  dfE: 4.0609e-05  dW: 0.00510221  dPhi(Nx/2)(Ny/2)(Nz/2): 6.10534e-05 Phi A: 0.111286 Phi B: 0.888772 Phi I: 5.82067e-52
Total charge: -1.39106e-19
etaHat: 124879
199  fE: -3.11698  dfE: 2.56364e-05  dW: 0.00504672  dPhi(Nx/2)(Ny/2)(Nz/2): 6.62086e-05 Phi A: 0.111285 Phi B: 0.888765 Phi I: 5.82067e-52
Total charge: -1.39105e-19
etaHat: 124879
200  fE: -3.11699  dfE: 1.08946e-05  dW: 0.00499166  dPhi(Nx/2)(Ny/2)(Nz/2): 7.28904e-05 Phi A: 0.111284 Phi B: 0.888757 Phi I: 5.82067e-52
Saving data . . .
Total charge: -1.39103e-19
etaHat: 124879
201  fE: -3.11698  dfE: 2.90245e-06  dW: 0.00493606  dPhi(Nx/2)(Ny/2)(Nz/2): 8.04976e-05 Phi A: 0.111282 Phi B: 0.888747 Phi I: 5.82067e-52
Total charge: -1.39101e-19
etaHat: 124879
202  fE: -3.11697  dfE: 1.51602e-05  dW: 0.00487907  dPhi(Nx/2)(Ny/2)(Nz/2): 8.84407e-05 Phi A: 0.111281 Phi B: 0.888738 Phi I: 5.82067e-52
Total charge: -1.391e-19
etaHat: 124879
203  fE: -3.11694  dfE: 2.54212e-05  dW: 0.00482043  dPhi(Nx/2)(Ny/2)(Nz/2): 9.61712e-05 Phi A: 0.11128 Phi B: 0.888728 Phi I: 5.82067e-52
Total charge: -1.39099e-19
etaHat: 124879
204  fE: -3.11691  dfE: 3.33742e-05  dW: 0.00476033  dPhi(Nx/2)(Ny/2)(Nz/2): 0.000103206 Phi A: 0.111279 Phi B: 0.888719 Phi I: 5.82067e-52
Total charge: -1.39097e-19
etaHat: 124879
205  fE: -3.11687  dfE: 3.88547e-05  dW: 0.00469938  dPhi(Nx/2)(Ny/2)(Nz/2): 0.000109148 Phi A: 0.111278 Phi B: 0.888711 Phi I: 5.82067e-52
Total charge: -1.39096e-19
etaHat: 124879
206  fE: -3.11683  dfE: 4.18385e-05  dW: 0.00463825  dPhi(Nx/2)(Ny/2)(Nz/2): 0.000113697 Phi A: 0.111277 Phi B: 0.888705 Phi I: 5.82067e-52
Total charge: -1.39095e-19
etaHat: 124879
207  fE: -3.11679  dfE: 4.24287e-05  dW: 0.00457781  dPhi(Nx/2)(Ny/2)(Nz/2): 0.000116654 Phi A: 0.111276 Phi B: 0.888699 Phi I: 5.82067e-52
Total charge: -1.39095e-19
etaHat: 124879
208  fE: -3.11675  dfE: 4.08378e-05  dW: 0.00451876  dPhi(Nx/2)(Ny/2)(Nz/2): 0.000117928 Phi A: 0.111276 Phi B: 0.888696 Phi I: 5.82067e-52
Total charge: -1.39095e-19
etaHat: 124879
209  fE: -3.11671  dfE: 3.73655e-05  dW: 0.00446179  dPhi(Nx/2)(Ny/2)(Nz/2): 0.000117524 Phi A: 0.111276 Phi B: 0.888694 Phi I: 5.82067e-52
Total charge: -1.39094e-19
etaHat: 124879
210  fE: -3.11668  dfE: 3.23755e-05  dW: 0.00440692  dPhi(Nx/2)(Ny/2)(Nz/2): 0.000115539 Phi A: 0.111276 Phi B: 0.888693 Phi I: 5.82067e-52
Saving data . . .
Total charge: -1.39095e-19
etaHat: 124879
211  fE: -3.11665  dfE: 2.62707e-05  dW: 0.0043542  dPhi(Nx/2)(Ny/2)(Nz/2): 0.000112143 Phi A: 0.111276 Phi B: 0.888694 Phi I: 5.82067e-52
Total charge: -1.39095e-19
etaHat: 124879
212  fE: -3.11663  dfE: 1.94686e-05  dW: 0.00430319  dPhi(Nx/2)(Ny/2)(Nz/2): 0.000107571 Phi A: 0.111276 Phi B: 0.888697 Phi I: 5.82067e-52
Total charge: -1.39096e-19
etaHat: 124879
213  fE: -3.11662  dfE: 1.23798e-05  dW: 0.00425342  dPhi(Nx/2)(Ny/2)(Nz/2): 0.000102097 Phi A: 0.111276 Phi B: 0.8887 Phi I: 5.82067e-52
Total charge: -1.39096e-19
etaHat: 124879
214  fE: -3.11661  dfE: 5.38768e-06  dW: 0.00420452  dPhi(Nx/2)(Ny/2)(Nz/2): 9.60243e-05 Phi A: 0.111277 Phi B: 0.888704 Phi I: 5.82067e-52
Total charge: -1.39097e-19
etaHat: 124879
215  fE: -3.11661  dfE: 1.16809e-06  dW: 0.00415619  dPhi(Nx/2)(Ny/2)(Nz/2): 8.96609e-05 Phi A: 0.111277 Phi B: 0.888708 Phi I: 5.82067e-52
Total charge: -1.39098e-19
etaHat: 124879
216  fE: -3.11662  dfE: 7.00379e-06  dW: 0.00410833  dPhi(Nx/2)(Ny/2)(Nz/2): 8.3308e-05 Phi A: 0.111278 Phi B: 0.888713 Phi I: 5.82067e-52
Total charge: -1.39098e-19
etaHat: 124879
217  fE: -3.11663  dfE: 1.19004e-05  dW: 0.00406083  dPhi(Nx/2)(Ny/2)(Nz/2): 7.72441e-05 Phi A: 0.111279 Phi B: 0.888717 Phi I: 5.82067e-52
Total charge: -1.39099e-19
etaHat: 124879
218  fE: -3.11665  dfE: 1.57078e-05  dW: 0.00401381  dPhi(Nx/2)(Ny/2)(Nz/2): 7.1713e-05 Phi A: 0.111279 Phi B: 0.888722 Phi I: 5.82067e-52
Total charge: -1.39099e-19
etaHat: 124879
219  fE: -3.11667  dfE: 1.83457e-05  dW: 0.00396727  dPhi(Nx/2)(Ny/2)(Nz/2): 6.69151e-05 Phi A: 0.11128 Phi B: 0.888725 Phi I: 5.82067e-52
Total charge: -1.391e-19
etaHat: 124879
220  fE: -3.11669  dfE: 1.98003e-05  dW: 0.00392146  dPhi(Nx/2)(Ny/2)(Nz/2): 6.30015e-05 Phi A: 0.11128 Phi B: 0.888729 Phi I: 5.82067e-52
Saving data . . .
Total charge: -1.391e-19
etaHat: 124879
221  fE: -3.11671  dfE: 2.01183e-05  dW: 0.00387656  dPhi(Nx/2)(Ny/2)(Nz/2): 6.00708e-05 Phi A: 0.11128 Phi B: 0.888731 Phi I: 5.82067e-52
Total charge: -1.39101e-19
etaHat: 124879
222  fE: -3.11673  dfE: 1.93985e-05  dW: 0.00383269  dPhi(Nx/2)(Ny/2)(Nz/2): 5.81688e-05 Phi A: 0.11128 Phi B: 0.888733 Phi I: 5.82067e-52
Total charge: -1.39101e-19
etaHat: 124879
223  fE: -3.11674  dfE: 1.77817e-05  dW: 0.00378996  dPhi(Nx/2)(Ny/2)(Nz/2): 5.72913e-05 Phi A: 0.111281 Phi B: 0.888734 Phi I: 5.82067e-52
Total charge: -1.39101e-19
etaHat: 124879
224  fE: -3.11676  dfE: 1.54393e-05  dW: 0.0037483  dPhi(Nx/2)(Ny/2)(Nz/2): 5.73887e-05 Phi A: 0.111281 Phi B: 0.888734 Phi I: 5.82067e-52
Total charge: -1.39101e-19
etaHat: 124879
225  fE: -3.11677  dfE: 1.25618e-05  dW: 0.00370755  dPhi(Nx/2)(Ny/2)(Nz/2): 5.8372e-05 Phi A: 0.111281 Phi B: 0.888734 Phi I: 5.82067e-52
Total charge: -1.391e-19
etaHat: 124879
226  fE: -3.11678  dfE: 9.34697e-06  dW: 0.00366756  dPhi(Nx/2)(Ny/2)(Nz/2): 6.01213e-05 Phi A: 0.11128 Phi B: 0.888733 Phi I: 5.82067e-52
Total charge: -1.391e-19
etaHat: 124879
227  fE: -3.11679  dfE: 5.98972e-06  dW: 0.00362821  dPhi(Nx/2)(Ny/2)(Nz/2): 6.24933e-05 Phi A: 0.11128 Phi B: 0.888731 Phi I: 5.82067e-52
Total charge: -1.391e-19
etaHat: 124879
228  fE: -3.11679  dfE: 2.67226e-06  dW: 0.00358938  dPhi(Nx/2)(Ny/2)(Nz/2): 6.5331e-05 Phi A: 0.11128 Phi B: 0.888729 Phi I: 5.82067e-52
Total charge: -1.391e-19
etaHat: 124879
229  fE: -3.11679  dfE: 4.43536e-07  dW: 0.00355098  dPhi(Nx/2)(Ny/2)(Nz/2): 6.84718e-05 Phi A: 0.11128 Phi B: 0.888727 Phi I: 5.82067e-52
Total charge: -1.39099e-19
etaHat: 124879
230  fE: -3.11679  dfE: 3.22225e-06  dW: 0.00351286  dPhi(Nx/2)(Ny/2)(Nz/2): 7.17554e-05 Phi A: 0.111279 Phi B: 0.888725 Phi I: 5.82067e-52
Saving data . . .
Total charge: -1.39099e-19
etaHat: 124879
231  fE: -3.11678  dfE: 5.559e-06  dW: 0.00347505  dPhi(Nx/2)(Ny/2)(Nz/2): 7.50315e-05 Phi A: 0.111279 Phi B: 0.888723 Phi I: 5.82067e-52
Total charge: -1.39099e-19
etaHat: 124879
232  fE: -3.11677  dfE: 7.38159e-06  dW: 0.00343754  dPhi(Nx/2)(Ny/2)(Nz/2): 7.8165e-05 Phi A: 0.111279 Phi B: 0.888721 Phi I: 5.82067e-52
Total charge: -1.39098e-19
etaHat: 124879
233  fE: -3.11676  dfE: 8.65082e-06  dW: 0.00340041  dPhi(Nx/2)(Ny/2)(Nz/2): 8.1041e-05 Phi A: 0.111279 Phi B: 0.888719 Phi I: 5.82067e-52
Total charge: -1.39098e-19
etaHat: 124879
234  fE: -3.11676  dfE: 9.35914e-06  dW: 0.00336368  dPhi(Nx/2)(Ny/2)(Nz/2): 8.35683e-05 Phi A: 0.111278 Phi B: 0.888718 Phi I: 5.82067e-52
Total charge: -1.39098e-19
etaHat: 124879
235  fE: -3.11675  dfE: 9.52778e-06  dW: 0.00332735  dPhi(Nx/2)(Ny/2)(Nz/2): 8.56801e-05 Phi A: 0.111278 Phi B: 0.888716 Phi I: 5.82067e-52
Total charge: -1.39098e-19
etaHat: 124879
236  fE: -3.11674  dfE: 9.20283e-06  dW: 0.00329156  dPhi(Nx/2)(Ny/2)(Nz/2): 8.73356e-05 Phi A: 0.111278 Phi B: 0.888716 Phi I: 5.82067e-52
Total charge: -1.39098e-19
etaHat: 124879
237  fE: -3.11673  dfE: 8.45039e-06  dW: 0.00325638  dPhi(Nx/2)(Ny/2)(Nz/2): 8.85179e-05 Phi A: 0.111278 Phi B: 0.888715 Phi I: 5.82067e-52
Total charge: -1.39098e-19
etaHat: 124879
238  fE: -3.11672  dfE: 7.35125e-06  dW: 0.0032218  dPhi(Nx/2)(Ny/2)(Nz/2): 8.92331e-05 Phi A: 0.111278 Phi B: 0.888715 Phi I: 5.82067e-52
Total charge: -1.39098e-19
etaHat: 124879
239  fE: -3.11671  dfE: 5.99538e-06  dW: 0.00318782  dPhi(Nx/2)(Ny/2)(Nz/2): 8.95066e-05 Phi A: 0.111278 Phi B: 0.888715 Phi I: 5.82067e-52
Total charge: -1.39098e-19
etaHat: 124879
240  fE: -3.11671  dfE: 4.47652e-06  dW: 0.00315443  dPhi(Nx/2)(Ny/2)(Nz/2): 8.938e-05 Phi A: 0.111278 Phi B: 0.888716 Phi I: 5.82067e-52
Saving data . . .
Total charge: -1.39098e-19
etaHat: 124879
241  fE: -3.11671  dfE: 2.88704e-06  dW: 0.00312163  dPhi(Nx/2)(Ny/2)(Nz/2): 8.89073e-05 Phi A: 0.111278 Phi B: 0.888716 Phi I: 5.82067e-52
Total charge: -1.39098e-19
etaHat: 124879
242  fE: -3.11671  dfE: 1.31357e-06  dW: 0.00308935  dPhi(Nx/2)(Ny/2)(Nz/2): 8.81504e-05 Phi A: 0.111278 Phi B: 0.888717 Phi I: 5.82067e-52
Total charge: -1.39098e-19
etaHat: 124879
243  fE: -3.11671  dfE: 1.6685e-07  dW: 0.00305753  dPhi(Nx/2)(Ny/2)(Nz/2): 8.71756e-05 Phi A: 0.111279 Phi B: 0.888718 Phi I: 5.82067e-52
Total charge: -1.39098e-19
etaHat: 124879
244  fE: -3.11671  dfE: 1.48959e-06  dW: 0.00302613  dPhi(Nx/2)(Ny/2)(Nz/2): 8.60494e-05 Phi A: 0.111279 Phi B: 0.888719 Phi I: 5.82067e-52
Total charge: -1.39098e-19
etaHat: 124879
245  fE: -3.11671  dfE: 2.60444e-06  dW: 0.00299517  dPhi(Nx/2)(Ny/2)(Nz/2): 8.48356e-05 Phi A: 0.111279 Phi B: 0.88872 Phi I: 5.82067e-52
Total charge: -1.39099e-19
etaHat: 124879
246  fE: -3.11671  dfE: 3.47666e-06  dW: 0.00296464  dPhi(Nx/2)(Ny/2)(Nz/2): 8.3592e-05 Phi A: 0.111279 Phi B: 0.888721 Phi I: 5.82067e-52
Total charge: -1.39099e-19
etaHat: 124879
247  fE: -3.11672  dfE: 4.08712e-06  dW: 0.00293451  dPhi(Nx/2)(Ny/2)(Nz/2): 8.23683e-05 Phi A: 0.111279 Phi B: 0.888722 Phi I: 5.82067e-52
Total charge: -1.39099e-19
etaHat: 124879
248  fE: -3.11672  dfE: 4.43174e-06  dW: 0.0029048  dPhi(Nx/2)(Ny/2)(Nz/2): 8.1205e-05 Phi A: 0.111279 Phi B: 0.888723 Phi I: 5.82067e-52
Total charge: -1.39099e-19
etaHat: 124879
249  fE: -3.11673  dfE: 4.52012e-06  dW: 0.00287552  dPhi(Nx/2)(Ny/2)(Nz/2): 8.01317e-05 Phi A: 0.111279 Phi B: 0.888723 Phi I: 5.82067e-52
Total charge: -1.39099e-19
etaHat: 124879
250  fE: -3.11673  dfE: 4.37373e-06  dW: 0.00284667  dPhi(Nx/2)(Ny/2)(Nz/2): 7.91675e-05 Phi A: 0.111279 Phi B: 0.888724 Phi I: 5.82067e-52
Saving data . . .
Total charge: -1.39099e-19
etaHat: 124879
251  fE: -3.11674  dfE: 4.02359e-06  dW: 0.00281825  dPhi(Nx/2)(Ny/2)(Nz/2): 7.83211e-05 Phi A: 0.111279 Phi B: 0.888724 Phi I: 5.82067e-52
Total charge: -1.39099e-19
etaHat: 124879
252  fE: -3.11674  dfE: 3.50778e-06  dW: 0.00279023  dPhi(Nx/2)(Ny/2)(Nz/2): 7.75916e-05 Phi A: 0.111279 Phi B: 0.888724 Phi I: 5.82067e-52
Total charge: -1.39099e-19
etaHat: 124879
253  fE: -3.11674  dfE: 2.86881e-06  dW: 0.0027626  dPhi(Nx/2)(Ny/2)(Nz/2): 7.69698e-05 Phi A: 0.111279 Phi B: 0.888724 Phi I: 5.82067e-52
Total charge: -1.39099e-19
etaHat: 124879
254  fE: -3.11674  dfE: 2.15107e-06  dW: 0.0027353  dPhi(Nx/2)(Ny/2)(Nz/2): 7.64399e-05 Phi A: 0.111279 Phi B: 0.888724 Phi I: 5.82067e-52
Total charge: -1.39099e-19
etaHat: 124879
255  fE: -3.11675  dfE: 1.3984e-06  dW: 0.00270833  dPhi(Nx/2)(Ny/2)(Nz/2): 7.59806e-05 Phi A: 0.111279 Phi B: 0.888723 Phi I: 5.82067e-52
Total charge: -1.39099e-19
etaHat: 124879
256  fE: -3.11675  dfE: 6.51958e-07  dW: 0.00268165  dPhi(Nx/2)(Ny/2)(Nz/2): 7.5568e-05 Phi A: 0.111279 Phi B: 0.888723 Phi I: 5.82067e-52
Total charge: -1.39099e-19
etaHat: 124879
257  fE: -3.11675  dfE: 5.15692e-08  dW: 0.00265531  dPhi(Nx/2)(Ny/2)(Nz/2): 7.51763e-05 Phi A: 0.111279 Phi B: 0.888723 Phi I: 5.82067e-52
Total charge: -1.39099e-19
etaHat: 124879
258  fE: -3.11675  dfE: 6.81341e-07  dW: 0.00262929  dPhi(Nx/2)(Ny/2)(Nz/2): 7.47802e-05 Phi A: 0.111279 Phi B: 0.888722 Phi I: 5.82067e-52
Total charge: -1.39099e-19
etaHat: 124879
259  fE: -3.11674  dfE: 1.21332e-06  dW: 0.00260359  dPhi(Nx/2)(Ny/2)(Nz/2): 7.43559e-05 Phi A: 0.111279 Phi B: 0.888722 Phi I: 5.82067e-52
Total charge: -1.39099e-19
etaHat: 124879
260  fE: -3.11674  dfE: 1.63079e-06  dW: 0.00257816  dPhi(Nx/2)(Ny/2)(Nz/2): 7.38829e-05 Phi A: 0.111279 Phi B: 0.888721 Phi I: 5.82067e-52
Saving data . . .
Total charge: -1.39099e-19
etaHat: 124879
261  fE: -3.11674  dfE: 1.92444e-06  dW: 0.00255305  dPhi(Nx/2)(Ny/2)(Nz/2): 7.33445e-05 Phi A: 0.111279 Phi B: 0.888721 Phi I: 5.82067e-52
Total charge: -1.39098e-19
etaHat: 124879
262  fE: -3.11674  dfE: 2.09209e-06  dW: 0.00252827  dPhi(Nx/2)(Ny/2)(Nz/2): 7.27286e-05 Phi A: 0.111279 Phi B: 0.88872 Phi I: 5.82067e-52
Total charge: -1.39098e-19
etaHat: 124879
263  fE: -3.11674  dfE: 2.1381e-06  dW: 0.00250382  dPhi(Nx/2)(Ny/2)(Nz/2): 7.20281e-05 Phi A: 0.111279 Phi B: 0.88872 Phi I: 5.82067e-52
Total charge: -1.39098e-19
etaHat: 124879
264  fE: -3.11673  dfE: 2.07244e-06  dW: 0.00247966  dPhi(Nx/2)(Ny/2)(Nz/2): 7.12408e-05 Phi A: 0.111279 Phi B: 0.88872 Phi I: 5.82067e-52
Total charge: -1.39098e-19
etaHat: 124879
265  fE: -3.11673  dfE: 1.90969e-06  dW: 0.00245581  dPhi(Nx/2)(Ny/2)(Nz/2): 7.03695e-05 Phi A: 0.111279 Phi B: 0.88872 Phi I: 5.82067e-52
Total charge: -1.39098e-19
etaHat: 124879
266  fE: -3.11673  dfE: 1.66778e-06  dW: 0.00243229  dPhi(Nx/2)(Ny/2)(Nz/2): 6.94211e-05 Phi A: 0.111279 Phi B: 0.88872 Phi I: 5.82067e-52
Total charge: -1.39098e-19
etaHat: 124879
267  fE: -3.11673  dfE: 1.36681e-06  dW: 0.00240905  dPhi(Nx/2)(Ny/2)(Nz/2): 6.84064e-05 Phi A: 0.111279 Phi B: 0.88872 Phi I: 5.82067e-52
Total charge: -1.39098e-19
etaHat: 124879
268  fE: -3.11673  dfE: 1.02778e-06  dW: 0.00238611  dPhi(Nx/2)(Ny/2)(Nz/2): 6.73389e-05 Phi A: 0.111279 Phi B: 0.88872 Phi I: 5.82067e-52
Total charge: -1.39098e-19
etaHat: 124879
269  fE: -3.11673  dfE: 6.71508e-07  dW: 0.00236346  dPhi(Nx/2)(Ny/2)(Nz/2): 6.62344e-05 Phi A: 0.111279 Phi B: 0.88872 Phi I: 5.82067e-52
Total charge: -1.39098e-19
etaHat: 124879
270  fE: -3.11673  dfE: 3.17535e-07  dW: 0.00234112  dPhi(Nx/2)(Ny/2)(Nz/2): 6.51097e-05 Phi A: 0.111279 Phi B: 0.88872 Phi I: 5.82067e-52
Saving data . . .
Total charge: -1.39098e-19
etaHat: 124879
271  fE: -3.11673  dfE: 1.66681e-08  dW: 0.00231903  dPhi(Nx/2)(Ny/2)(Nz/2): 6.39818e-05 Phi A: 0.111279 Phi B: 0.88872 Phi I: 5.82067e-52
Total charge: -1.39099e-19
etaHat: 124879
272  fE: -3.11673  dfE: 3.16386e-07  dW: 0.00229721  dPhi(Nx/2)(Ny/2)(Nz/2): 6.28675e-05 Phi A: 0.111279 Phi B: 0.888721 Phi I: 5.82067e-52
Total charge: -1.39099e-19
etaHat: 124879
273  fE: -3.11673  dfE: 5.70114e-07  dW: 0.00227564  dPhi(Nx/2)(Ny/2)(Nz/2): 6.17819e-05 Phi A: 0.111279 Phi B: 0.888721 Phi I: 5.82067e-52
Total charge: -1.39099e-19
etaHat: 124879
274  fE: -3.11673  dfE: 7.69808e-07  dW: 0.00225431  dPhi(Nx/2)(Ny/2)(Nz/2): 6.07387e-05 Phi A: 0.111279 Phi B: 0.888721 Phi I: 5.82067e-52
Total charge: -1.39099e-19
etaHat: 124879
275  fE: -3.11673  dfE: 9.10941e-07  dW: 0.00223323  dPhi(Nx/2)(Ny/2)(Nz/2): 5.9749e-05 Phi A: 0.111279 Phi B: 0.888721 Phi I: 5.82067e-52
Total charge: -1.39099e-19
etaHat: 124879
276  fE: -3.11673  dfE: 9.92367e-07  dW: 0.00221241  dPhi(Nx/2)(Ny/2)(Nz/2): 5.88214e-05 Phi A: 0.111279 Phi B: 0.888721 Phi I: 5.82067e-52
Total charge: -1.39099e-19
etaHat: 124879
277  fE: -3.11673  dfE: 1.01604e-06  dW: 0.00219184  dPhi(Nx/2)(Ny/2)(Nz/2): 5.79616e-05 Phi A: 0.111279 Phi B: 0.888722 Phi I: 5.82067e-52
Total charge: -1.39099e-19
etaHat: 124879
278  fE: -3.11673  dfE: 9.86617e-07  dW: 0.00217152  dPhi(Nx/2)(Ny/2)(Nz/2): 5.71726e-05 Phi A: 0.111279 Phi B: 0.888722 Phi I: 5.82067e-52
Total charge: -1.39099e-19
etaHat: 124879
279  fE: -3.11673  dfE: 9.1092e-07  dW: 0.00215144  dPhi(Nx/2)(Ny/2)(Nz/2): 5.64547e-05 Phi A: 0.111279 Phi B: 0.888722 Phi I: 5.82067e-52
Total charge: -1.39099e-19
etaHat: 124879
280  fE: -3.11673  dfE: 7.97409e-07  dW: 0.00213159  dPhi(Nx/2)(Ny/2)(Nz/2): 5.58059e-05 Phi A: 0.111279 Phi B: 0.888722 Phi I: 5.82067e-52
Saving data . . .
Total charge: -1.39099e-19
etaHat: 124879
281  fE: -3.11674  dfE: 6.55576e-07  dW: 0.00211199  dPhi(Nx/2)(Ny/2)(Nz/2): 5.52218e-05 Phi A: 0.111279 Phi B: 0.888722 Phi I: 5.82067e-52
Total charge: -1.39099e-19
etaHat: 124879
282  fE: -3.11674  dfE: 4.95371e-07  dW: 0.00209262  dPhi(Nx/2)(Ny/2)(Nz/2): 5.46964e-05 Phi A: 0.111279 Phi B: 0.888722 Phi I: 5.82067e-52
Total charge: -1.39099e-19
etaHat: 124879
283  fE: -3.11674  dfE: 3.26659e-07  dW: 0.0020735  dPhi(Nx/2)(Ny/2)(Nz/2): 5.42227e-05 Phi A: 0.111279 Phi B: 0.888722 Phi I: 5.82067e-52
Total charge: -1.39099e-19
etaHat: 124879
284  fE: -3.11674  dfE: 1.58732e-07  dW: 0.00205461  dPhi(Nx/2)(Ny/2)(Nz/2): 5.37923e-05 Phi A: 0.111279 Phi B: 0.888722 Phi I: 5.82067e-52
Total charge: -1.39099e-19
etaHat: 124879
285  fE: -3.11674  dfE: 9.43245e-11  dW: 0.00203595  dPhi(Nx/2)(Ny/2)(Nz/2): 5.3397e-05 Phi A: 0.111279 Phi B: 0.888721 Phi I: 5.82067e-52
Total charge: -1.39099e-19
etaHat: 124879
286  fE: -3.11674  dfE: 1.42799e-07  dW: 0.00201749  dPhi(Nx/2)(Ny/2)(Nz/2): 5.30281e-05 Phi A: 0.111279 Phi B: 0.888721 Phi I: 5.82067e-52
Total charge: -1.39099e-19
etaHat: 124879
287  fE: -3.11674  dfE: 2.63876e-07  dW: 0.00199925  dPhi(Nx/2)(Ny/2)(Nz/2): 5.26777e-05 Phi A: 0.111279 Phi B: 0.888721 Phi I: 5.82067e-52
Total charge: -1.39099e-19
etaHat: 124879
288  fE: -3.11674  dfE: 3.59459e-07  dW: 0.00198123  dPhi(Nx/2)(Ny/2)(Nz/2): 5.23383e-05 Phi A: 0.111279 Phi B: 0.888721 Phi I: 5.82067e-52
Total charge: -1.39099e-19
etaHat: 124879
289  fE: -3.11674  dfE: 4.27342e-07  dW: 0.00196342  dPhi(Nx/2)(Ny/2)(Nz/2): 5.20036e-05 Phi A: 0.111279 Phi B: 0.888721 Phi I: 5.82067e-52
Total charge: -1.39099e-19
etaHat: 124879
290  fE: -3.11673  dfE: 4.66932e-07  dW: 0.00194581  dPhi(Nx/2)(Ny/2)(Nz/2): 5.16683e-05 Phi A: 0.111279 Phi B: 0.888721 Phi I: 5.82067e-52
Saving data . . .
Total charge: -1.39099e-19
etaHat: 124879
291  fE: -3.11673  dfE: 4.79108e-07  dW: 0.00192842  dPhi(Nx/2)(Ny/2)(Nz/2): 5.13284e-05 Phi A: 0.111279 Phi B: 0.888721 Phi I: 5.82067e-52
Total charge: -1.39099e-19
etaHat: 124879
292  fE: -3.11673  dfE: 4.66029e-07  dW: 0.00191123  dPhi(Nx/2)(Ny/2)(Nz/2): 5.09811e-05 Phi A: 0.111279 Phi B: 0.888721 Phi I: 5.82067e-52
Total charge: -1.39099e-19
etaHat: 124879
293  fE: -3.11673  dfE: 4.30903e-07  dW: 0.00189424  dPhi(Nx/2)(Ny/2)(Nz/2): 5.06249e-05 Phi A: 0.111279 Phi B: 0.888721 Phi I: 5.82067e-52
Total charge: -1.39099e-19
etaHat: 124879
294  fE: -3.11673  dfE: 3.77712e-07  dW: 0.00187745  dPhi(Nx/2)(Ny/2)(Nz/2): 5.02593e-05 Phi A: 0.111279 Phi B: 0.888721 Phi I: 5.82067e-52
Total charge: -1.39099e-19
etaHat: 124879
295  fE: -3.11673  dfE: 3.10942e-07  dW: 0.00186087  dPhi(Nx/2)(Ny/2)(Nz/2): 4.9885e-05 Phi A: 0.111279 Phi B: 0.888721 Phi I: 5.82067e-52
Total charge: -1.39099e-19
etaHat: 124879
296  fE: -3.11673  dfE: 2.35303e-07  dW: 0.00184448  dPhi(Nx/2)(Ny/2)(Nz/2): 4.95034e-05 Phi A: 0.111279 Phi B: 0.888721 Phi I: 5.82067e-52
Total charge: -1.39099e-19
etaHat: 124879
297  fE: -3.11673  dfE: 1.55475e-07  dW: 0.00182827  dPhi(Nx/2)(Ny/2)(Nz/2): 4.91166e-05 Phi A: 0.111279 Phi B: 0.888721 Phi I: 5.82067e-52
Total charge: -1.39099e-19
etaHat: 124879
298  fE: -3.11673  dfE: 7.58721e-08  dW: 0.00181224  dPhi(Nx/2)(Ny/2)(Nz/2): 4.8727e-05 Phi A: 0.111279 Phi B: 0.888721 Phi I: 5.82067e-52
Total charge: -1.39099e-19
etaHat: 124879
299  fE: -3.11673  dfE: 4.52857e-10  dW: 0.0017964  dPhi(Nx/2)(Ny/2)(Nz/2): 4.83375e-05 Phi A: 0.111279 Phi B: 0.888721 Phi I: 5.82067e-52
Total charge: -1.39099e-19
etaHat: 124879
300  fE: -3.11673  dfE: 6.74331e-08  dW: 0.00178074  dPhi(Nx/2)(Ny/2)(Nz/2): 4.79509e-05 Phi A: 0.111279 Phi B: 0.888721 Phi I: 5.82067e-52
Saving data . . .
Total charge: -1.39099e-19
etaHat: 124879
301  fE: -3.11673  dfE: 1.25152e-07  dW: 0.00176525  dPhi(Nx/2)(Ny/2)(Nz/2): 4.75698e-05 Phi A: 0.111279 Phi B: 0.888721 Phi I: 5.82067e-52
Total charge: -1.39099e-19
etaHat: 124879
302  fE: -3.11673  dfE: 1.70842e-07  dW: 0.00174993  dPhi(Nx/2)(Ny/2)(Nz/2): 4.71965e-05 Phi A: 0.111279 Phi B: 0.888721 Phi I: 5.82067e-52
Total charge: -1.39099e-19
etaHat: 124879
303  fE: -3.11673  dfE: 2.03435e-07  dW: 0.00173479  dPhi(Nx/2)(Ny/2)(Nz/2): 4.68332e-05 Phi A: 0.111279 Phi B: 0.888721 Phi I: 5.82067e-52
Total charge: -1.39099e-19
etaHat: 124879
304  fE: -3.11673  dfE: 2.22621e-07  dW: 0.00171982  dPhi(Nx/2)(Ny/2)(Nz/2): 4.64813e-05 Phi A: 0.111279 Phi B: 0.888721 Phi I: 5.82067e-52
Total charge: -1.39099e-19
etaHat: 124879
305  fE: -3.11673  dfE: 2.28795e-07  dW: 0.001705  dPhi(Nx/2)(Ny/2)(Nz/2): 4.61418e-05 Phi A: 0.111279 Phi B: 0.888721 Phi I: 5.82067e-52
Total charge: -1.39099e-19
etaHat: 124879
306  fE: -3.11673  dfE: 2.22961e-07  dW: 0.00169034  dPhi(Nx/2)(Ny/2)(Nz/2): 4.58153e-05 Phi A: 0.111279 Phi B: 0.888721 Phi I: 5.82067e-52
Total charge: -1.39099e-19
etaHat: 124879
307  fE: -3.11673  dfE: 2.06623e-07  dW: 0.00167586  dPhi(Nx/2)(Ny/2)(Nz/2): 4.55018e-05 Phi A: 0.111279 Phi B: 0.888721 Phi I: 5.82067e-52
Total charge: -1.39099e-19
etaHat: 124879
308  fE: -3.11673  dfE: 1.81657e-07  dW: 0.00166152  dPhi(Nx/2)(Ny/2)(Nz/2): 4.52006e-05 Phi A: 0.111279 Phi B: 0.888721 Phi I: 5.82067e-52
Total charge: -1.39099e-19
etaHat: 124879
309  fE: -3.11673  dfE: 1.50181e-07  dW: 0.00164735  dPhi(Nx/2)(Ny/2)(Nz/2): 4.49108e-05 Phi A: 0.111279 Phi B: 0.888721 Phi I: 5.82067e-52
Total charge: -1.39099e-19
etaHat: 124879
310  fE: -3.11673  dfE: 1.14428e-07  dW: 0.00163334  dPhi(Nx/2)(Ny/2)(Nz/2): 4.46312e-05 Phi A: 0.111279 Phi B: 0.888721 Phi I: 5.82067e-52
Saving data . . .
Total charge: -1.39099e-19
etaHat: 124879
311  fE: -3.11673  dfE: 7.66137e-08  dW: 0.00161947  dPhi(Nx/2)(Ny/2)(Nz/2): 4.43602e-05 Phi A: 0.111279 Phi B: 0.888721 Phi I: 5.82067e-52
Total charge: -1.39099e-19
etaHat: 124879
312  fE: -3.11673  dfE: 3.88379e-08  dW: 0.00160575  dPhi(Nx/2)(Ny/2)(Nz/2): 4.40961e-05 Phi A: 0.111279 Phi B: 0.888721 Phi I: 5.82067e-52
Total charge: -1.39099e-19
etaHat: 124879
313  fE: -3.11673  dfE: 2.98411e-09  dW: 0.00159218  dPhi(Nx/2)(Ny/2)(Nz/2): 4.38372e-05 Phi A: 0.111279 Phi B: 0.888721 Phi I: 5.82067e-52
Total charge: -1.39099e-19
etaHat: 124879
314  fE: -3.11673  dfE: 2.93499e-08  dW: 0.00157876  dPhi(Nx/2)(Ny/2)(Nz/2): 4.35816e-05 Phi A: 0.111279 Phi B: 0.888721 Phi I: 5.82067e-52
Total charge: -1.39099e-19
etaHat: 124879
315  fE: -3.11673  dfE: 5.69036e-08  dW: 0.00156549  dPhi(Nx/2)(Ny/2)(Nz/2): 4.33277e-05 Phi A: 0.111279 Phi B: 0.888721 Phi I: 5.82067e-52
Total charge: -1.39099e-19
etaHat: 124879
316  fE: -3.11673  dfE: 7.87831e-08  dW: 0.00155236  dPhi(Nx/2)(Ny/2)(Nz/2): 4.3074e-05 Phi A: 0.111279 Phi B: 0.888721 Phi I: 5.82067e-52
Total charge: -1.39099e-19
etaHat: 124879
317  fE: -3.11673  dfE: 9.44681e-08  dW: 0.00153938  dPhi(Nx/2)(Ny/2)(Nz/2): 4.28192e-05 Phi A: 0.111279 Phi B: 0.888721 Phi I: 5.82067e-52
Total charge: -1.39099e-19
etaHat: 124879
318  fE: -3.11673  dfE: 1.03801e-07  dW: 0.00152652  dPhi(Nx/2)(Ny/2)(Nz/2): 4.25622e-05 Phi A: 0.111279 Phi B: 0.888721 Phi I: 5.82067e-52
Total charge: -1.39099e-19
etaHat: 124879
319  fE: -3.11673  dfE: 1.06957e-07  dW: 0.00151381  dPhi(Nx/2)(Ny/2)(Nz/2): 4.23023e-05 Phi A: 0.111279 Phi B: 0.888721 Phi I: 5.82067e-52
Total charge: -1.39099e-19
etaHat: 124879
320  fE: -3.11673  dfE: 1.04402e-07  dW: 0.00150123  dPhi(Nx/2)(Ny/2)(Nz/2): 4.2039e-05 Phi A: 0.111279 Phi B: 0.888721 Phi I: 5.82067e-52
Saving data . . .
Total charge: -1.39099e-19
etaHat: 124879
321  fE: -3.11673  dfE: 9.68432e-08  dW: 0.00148878  dPhi(Nx/2)(Ny/2)(Nz/2): 4.17719e-05 Phi A: 0.111279 Phi B: 0.888721 Phi I: 5.82067e-52
Total charge: -1.39099e-19
etaHat: 124879
322  fE: -3.11673  dfE: 8.5163e-08  dW: 0.00147645  dPhi(Nx/2)(Ny/2)(Nz/2): 4.15012e-05 Phi A: 0.111279 Phi B: 0.888721 Phi I: 5.82067e-52
Total charge: -1.39099e-19
etaHat: 124879
323  fE: -3.11673  dfE: 7.03628e-08  dW: 0.00146425  dPhi(Nx/2)(Ny/2)(Nz/2): 4.1227e-05 Phi A: 0.111279 Phi B: 0.888721 Phi I: 5.82067e-52
Total charge: -1.39099e-19
etaHat: 124879
324  fE: -3.11673  dfE: 5.34983e-08  dW: 0.00145217  dPhi(Nx/2)(Ny/2)(Nz/2): 4.09497e-05 Phi A: 0.111279 Phi B: 0.888721 Phi I: 5.82067e-52
Total charge: -1.39099e-19
etaHat: 124879
325  fE: -3.11673  dfE: 3.56217e-08  dW: 0.00144021  dPhi(Nx/2)(Ny/2)(Nz/2): 4.067e-05 Phi A: 0.111279 Phi B: 0.888721 Phi I: 5.82067e-52
Total charge: -1.39099e-19
etaHat: 124879
326  fE: -3.11673  dfE: 1.77297e-08  dW: 0.00142837  dPhi(Nx/2)(Ny/2)(Nz/2): 4.03883e-05 Phi A: 0.111279 Phi B: 0.888721 Phi I: 5.82067e-52
Total charge: -1.39099e-19
etaHat: 124879
327  fE: -3.11673  dfE: 7.19039e-10  dW: 0.00141666  dPhi(Nx/2)(Ny/2)(Nz/2): 4.01054e-05 Phi A: 0.111279 Phi B: 0.888721 Phi I: 5.82067e-52
Total charge: -1.39099e-19
etaHat: 124879
328  fE: -3.11673  dfE: 1.46481e-08  dW: 0.00140506  dPhi(Nx/2)(Ny/2)(Nz/2): 3.98221e-05 Phi A: 0.111279 Phi B: 0.888721 Phi I: 5.82067e-52
Total charge: -1.39099e-19
etaHat: 124879
329  fE: -3.11673  dfE: 2.77689e-08  dW: 0.00139359  dPhi(Nx/2)(Ny/2)(Nz/2): 3.95389e-05 Phi A: 0.111279 Phi B: 0.888721 Phi I: 5.82067e-52
Total charge: -1.39099e-19
etaHat: 124879
330  fE: -3.11673  dfE: 3.82134e-08  dW: 0.00138223  dPhi(Nx/2)(Ny/2)(Nz/2): 3.92564e-05 Phi A: 0.111279 Phi B: 0.888721 Phi I: 5.82067e-52
Saving data . . .
Total charge: -1.39099e-19
etaHat: 124879
331  fE: -3.11673  dfE: 4.57293e-08  dW: 0.00137099  dPhi(Nx/2)(Ny/2)(Nz/2): 3.89752e-05 Phi A: 0.111279 Phi B: 0.888721 Phi I: 5.82067e-52
Total charge: -1.39099e-19
etaHat: 124879
332  fE: -3.11673  dfE: 5.02359e-08  dW: 0.00135987  dPhi(Nx/2)(Ny/2)(Nz/2): 3.86957e-05 Phi A: 0.111279 Phi B: 0.888721 Phi I: 5.82067e-52
Total charge: -1.39099e-19
etaHat: 124879
333  fE: -3.11673  dfE: 5.18112e-08  dW: 0.00134886  dPhi(Nx/2)(Ny/2)(Nz/2): 3.84183e-05 Phi A: 0.111279 Phi B: 0.888721 Phi I: 5.82067e-52
Total charge: -1.39099e-19
etaHat: 124879
334  fE: -3.11673  dfE: 5.0672e-08  dW: 0.00133797  dPhi(Nx/2)(Ny/2)(Nz/2): 3.8143e-05 Phi A: 0.111279 Phi B: 0.888721 Phi I: 5.82067e-52
Total charge: -1.39099e-19
etaHat: 124879
335  fE: -3.11673  dfE: 4.71487e-08  dW: 0.00132718  dPhi(Nx/2)(Ny/2)(Nz/2): 3.787e-05 Phi A: 0.111279 Phi B: 0.888721 Phi I: 5.82067e-52
Total charge: -1.39099e-19
etaHat: 124879
336  fE: -3.11673  dfE: 4.16579e-08  dW: 0.0013165  dPhi(Nx/2)(Ny/2)(Nz/2): 3.75992e-05 Phi A: 0.111279 Phi B: 0.888721 Phi I: 5.82067e-52
Total charge: -1.39099e-19
etaHat: 124879
337  fE: -3.11673  dfE: 3.46721e-08  dW: 0.00130592  dPhi(Nx/2)(Ny/2)(Nz/2): 3.73306e-05 Phi A: 0.111279 Phi B: 0.888721 Phi I: 5.82067e-52
Total charge: -1.39099e-19
etaHat: 124879
338  fE: -3.11673  dfE: 2.66912e-08  dW: 0.00129545  dPhi(Nx/2)(Ny/2)(Nz/2): 3.7064e-05 Phi A: 0.111279 Phi B: 0.888721 Phi I: 5.82067e-52
Total charge: -1.39099e-19
etaHat: 124879
339  fE: -3.11673  dfE: 1.82142e-08  dW: 0.00128508  dPhi(Nx/2)(Ny/2)(Nz/2): 3.67991e-05 Phi A: 0.111279 Phi B: 0.888721 Phi I: 5.82067e-52
Total charge: -1.39099e-19
etaHat: 124879
340  fE: -3.11673  dfE: 9.71434e-09  dW: 0.00127482  dPhi(Nx/2)(Ny/2)(Nz/2): 3.65358e-05 Phi A: 0.111279 Phi B: 0.888721 Phi I: 5.82067e-52
Saving data . . .
Total charge: -1.39099e-19
etaHat: 124879
341  fE: -3.11673  dfE: 1.61871e-09  dW: 0.00126465  dPhi(Nx/2)(Ny/2)(Nz/2): 3.62737e-05 Phi A: 0.111279 Phi B: 0.888721 Phi I: 5.82067e-52
Total charge: -1.39099e-19
etaHat: 124879
342  fE: -3.11673  dfE: 5.70944e-09  dW: 0.00125459  dPhi(Nx/2)(Ny/2)(Nz/2): 3.60126e-05 Phi A: 0.111279 Phi B: 0.888721 Phi I: 5.82067e-52
Total charge: -1.39099e-19
etaHat: 124879
343  fE: -3.11673  dfE: 1.19815e-08  dW: 0.00124463  dPhi(Nx/2)(Ny/2)(Nz/2): 3.57523e-05 Phi A: 0.111279 Phi B: 0.888721 Phi I: 5.82067e-52
Total charge: -1.39099e-19
etaHat: 124879
344  fE: -3.11673  dfE: 1.69913e-08  dW: 0.00123476  dPhi(Nx/2)(Ny/2)(Nz/2): 3.54927e-05 Phi A: 0.111279 Phi B: 0.888721 Phi I: 5.82067e-52
Total charge: -1.39099e-19
etaHat: 124879
345  fE: -3.11673  dfE: 2.0616e-08  dW: 0.00122499  dPhi(Nx/2)(Ny/2)(Nz/2): 3.52335e-05 Phi A: 0.111279 Phi B: 0.888721 Phi I: 5.82067e-52
Total charge: -1.39099e-19
etaHat: 124879
346  fE: -3.11673  dfE: 2.28147e-08  dW: 0.00121532  dPhi(Nx/2)(Ny/2)(Nz/2): 3.49748e-05 Phi A: 0.111279 Phi B: 0.888721 Phi I: 5.82067e-52
Total charge: -1.39099e-19
etaHat: 124879
347  fE: -3.11673  dfE: 2.36222e-08  dW: 0.00120575  dPhi(Nx/2)(Ny/2)(Nz/2): 3.47165e-05 Phi A: 0.111279 Phi B: 0.888721 Phi I: 5.82067e-52
Total charge: -1.39099e-19
etaHat: 124879
348  fE: -3.11673  dfE: 2.31388e-08  dW: 0.00119627  dPhi(Nx/2)(Ny/2)(Nz/2): 3.44587e-05 Phi A: 0.111279 Phi B: 0.888721 Phi I: 5.82067e-52
Total charge: -1.39099e-19
etaHat: 124879
349  fE: -3.11673  dfE: 2.15195e-08  dW: 0.00118688  dPhi(Nx/2)(Ny/2)(Nz/2): 3.42015e-05 Phi A: 0.111279 Phi B: 0.888721 Phi I: 5.82067e-52
Total charge: -1.39099e-19
etaHat: 124879
350  fE: -3.11673  dfE: 1.89605e-08  dW: 0.00117759  dPhi(Nx/2)(Ny/2)(Nz/2): 3.39451e-05 Phi A: 0.111279 Phi B: 0.888721 Phi I: 5.82067e-52
Saving data . . .
Total charge: -1.39099e-19
etaHat: 124879
351  fE: -3.11673  dfE: 1.5685e-08  dW: 0.00116839  dPhi(Nx/2)(Ny/2)(Nz/2): 3.36897e-05 Phi A: 0.111279 Phi B: 0.888721 Phi I: 5.82067e-52
Total charge: -1.39099e-19
etaHat: 124879
352  fE: -3.11673  dfE: 1.19294e-08  dW: 0.00115927  dPhi(Nx/2)(Ny/2)(Nz/2): 3.34355e-05 Phi A: 0.111279 Phi B: 0.888721 Phi I: 5.82067e-52
Total charge: -1.39099e-19
etaHat: 124879
353  fE: -3.11673  dfE: 7.93061e-09  dW: 0.00115024  dPhi(Nx/2)(Ny/2)(Nz/2): 3.31828e-05 Phi A: 0.111279 Phi B: 0.888721 Phi I: 5.82067e-52
Total charge: -1.39099e-19
etaHat: 124879
354  fE: -3.11673  dfE: 3.91335e-09  dW: 0.00114129  dPhi(Nx/2)(Ny/2)(Nz/2): 3.2932e-05 Phi A: 0.111279 Phi B: 0.888721 Phi I: 5.82067e-52
Total charge: -1.39099e-19
etaHat: 124879
355  fE: -3.11673  dfE: 8.07288e-11  dW: 0.00113243  dPhi(Nx/2)(Ny/2)(Nz/2): 3.26831e-05 Phi A: 0.111279 Phi B: 0.888721 Phi I: 5.82067e-52
Total charge: -1.39099e-19
etaHat: 124879
356  fE: -3.11673  dfE: 3.39383e-09  dW: 0.00112365  dPhi(Nx/2)(Ny/2)(Nz/2): 3.24367e-05 Phi A: 0.111279 Phi B: 0.888721 Phi I: 5.82067e-52
Total charge: -1.39099e-19
etaHat: 124879
357  fE: -3.11673  dfE: 6.37244e-09  dW: 0.00111496  dPhi(Nx/2)(Ny/2)(Nz/2): 3.21928e-05 Phi A: 0.111279 Phi B: 0.888721 Phi I: 5.82067e-52
Total charge: -1.39099e-19
etaHat: 124879
358  fE: -3.11673  dfE: 8.75591e-09  dW: 0.00110636  dPhi(Nx/2)(Ny/2)(Nz/2): 3.19516e-05 Phi A: 0.111279 Phi B: 0.888721 Phi I: 5.82067e-52
Total charge: -1.39099e-19
etaHat: 124879
359  fE: -3.11673  dfE: 1.04847e-08  dW: 0.00109783  dPhi(Nx/2)(Ny/2)(Nz/2): 3.17135e-05 Phi A: 0.111279 Phi B: 0.888721 Phi I: 5.82067e-52
Total charge: -1.39099e-19
etaHat: 124879
360  fE: -3.11673  dfE: 1.15383e-08  dW: 0.00108939  dPhi(Nx/2)(Ny/2)(Nz/2): 3.14784e-05 Phi A: 0.111279 Phi B: 0.888721 Phi I: 5.82067e-52
Saving data . . .
Total charge: -1.39099e-19
etaHat: 124879
361  fE: -3.11673  dfE: 1.19318e-08  dW: 0.00108102  dPhi(Nx/2)(Ny/2)(Nz/2): 3.12466e-05 Phi A: 0.111279 Phi B: 0.888721 Phi I: 5.82067e-52
Total charge: -1.39099e-19
etaHat: 124879
362  fE: -3.11673  dfE: 1.17118e-08  dW: 0.00107273  dPhi(Nx/2)(Ny/2)(Nz/2): 3.1018e-05 Phi A: 0.111279 Phi B: 0.888721 Phi I: 5.82067e-52
Total charge: -1.39099e-19
etaHat: 124879
363  fE: -3.11673  dfE: 1.09509e-08  dW: 0.00106453  dPhi(Nx/2)(Ny/2)(Nz/2): 3.07927e-05 Phi A: 0.111279 Phi B: 0.888721 Phi I: 5.82067e-52
Total charge: -1.39099e-19
etaHat: 124879
364  fE: -3.11673  dfE: 9.74159e-09  dW: 0.0010564  dPhi(Nx/2)(Ny/2)(Nz/2): 3.05707e-05 Phi A: 0.111279 Phi B: 0.888721 Phi I: 5.82067e-52
Total charge: -1.39099e-19
etaHat: 124879
365  fE: -3.11673  dfE: 8.18913e-09  dW: 0.00104835  dPhi(Nx/2)(Ny/2)(Nz/2): 3.03517e-05 Phi A: 0.111279 Phi B: 0.888721 Phi I: 5.82067e-52
Total charge: -1.39099e-19
etaHat: 124879
366  fE: -3.11673  dfE: 6.40556e-09  dW: 0.00104037  dPhi(Nx/2)(Ny/2)(Nz/2): 3.01359e-05 Phi A: 0.111279 Phi B: 0.888721 Phi I: 5.82067e-52
Total charge: -1.39099e-19
etaHat: 124879
367  fE: -3.11673  dfE: 4.50306e-09  dW: 0.00103246  dPhi(Nx/2)(Ny/2)(Nz/2): 2.9923e-05 Phi A: 0.111279 Phi B: 0.888721 Phi I: 5.82067e-52
Total charge: -1.39099e-19
etaHat: 124879
368  fE: -3.11673  dfE: 2.58844e-09  dW: 0.00102464  dPhi(Nx/2)(Ny/2)(Nz/2): 2.97129e-05 Phi A: 0.111279 Phi B: 0.888721 Phi I: 5.82067e-52
Total charge: -1.39099e-19
etaHat: 124879
369  fE: -3.11673  dfE: 7.58366e-10  dW: 0.00101688  dPhi(Nx/2)(Ny/2)(Nz/2): 2.95054e-05 Phi A: 0.111279 Phi B: 0.888721 Phi I: 5.82067e-52
Total charge: -1.39099e-19
etaHat: 124879
370  fE: -3.11673  dfE: 9.045e-10  dW: 0.0010092  dPhi(Nx/2)(Ny/2)(Nz/2): 2.93004e-05 Phi A: 0.111279 Phi B: 0.888721 Phi I: 5.82067e-52
Saving data . . .
Total charge: -1.39099e-19
etaHat: 124879
371  fE: -3.11673  dfE: 2.33426e-09  dW: 0.0010016  dPhi(Nx/2)(Ny/2)(Nz/2): 2.90977e-05 Phi A: 0.111279 Phi B: 0.888721 Phi I: 5.82067e-52
Total charge: -1.39099e-19
etaHat: 124879
372  fE: -3.11673  dfE: 3.48314e-09  dW: 0.000994059  dPhi(Nx/2)(Ny/2)(Nz/2): 2.88972e-05 Phi A: 0.111279 Phi B: 0.888721 Phi I: 5.82067e-52
Saving data . . .
