Total charge: 124877
etaHat: 124877
0  fE: -9364.71  dfE: 9464.71  dW: 11.7997  dPhi(Nx/2)(Ny/2)(Nz/2): -4.11389 Phi A: 0.607494 Phi B: 4.48374 Phi I: 999.016
Saving data . . .
Total charge: 1.59566
etaHat: 124879
1  fE: -25221.7  dfE: 15857  dW: 17.5553  dPhi(Nx/2)(Ny/2)(Nz/2): -2.4453 Phi A: 0.395549 Phi B: 3.03492 Phi I: 0.0127653
Total charge: 1.47005e-18
etaHat: 124879
2  fE: -20.1373  dfE: 25201.6  dW: 19.9127  dPhi(Nx/2)(Ny/2)(Nz/2): -1.28631 Phi A: 0.256895 Phi B: 2.01994 Phi I: 1.43293e-20
Total charge: -2.13958e-19
etaHat: 124879
3  fE: -14.3925  dfE: 5.74478  dW: 20.1876  dPhi(Nx/2)(Ny/2)(Nz/2): -0.542806 Phi A: 0.171166 Phi B: 1.36552 Phi I: 5.82321e-52
Total charge: -1.47935e-19
etaHat: 124879
4  fE: -10.0881  dfE: 4.30439  dW: 19.2149  dPhi(Nx/2)(Ny/2)(Nz/2): -0.0742145 Phi A: 0.118348 Phi B: 0.95182 Phi I: 5.82111e-52
Total charge: -1.06716e-19
etaHat: 124879
5  fE: -7.12469  dfE: 2.96344  dW: 17.509  dPhi(Nx/2)(Ny/2)(Nz/2): 0.222436 Phi A: 0.0853728 Phi B: 0.689424 Phi I: 5.81924e-52
Total charge: -8.05241e-20
etaHat: 124879
6  fE: -5.13871  dfE: 1.98598  dW: 15.3858  dPhi(Nx/2)(Ny/2)(Nz/2): 0.412576 Phi A: 0.0644193 Phi B: 0.52104 Phi I: 5.81761e-52
Total charge: -6.36185e-20
etaHat: 124879
7  fE: -3.81025  dfE: 1.32847  dW: 13.0418  dPhi(Nx/2)(Ny/2)(Nz/2): 0.535992 Phi A: 0.0508948 Phi B: 0.411663 Phi I: 5.81623e-52
Total charge: -5.26227e-20
etaHat: 124879
8  fE: -2.91232  dfE: 0.897923  dW: 10.6012  dPhi(Nx/2)(Ny/2)(Nz/2): 0.616593 Phi A: 0.0420981 Phi B: 0.340196 Phi I: 5.81512e-52
Total charge: -4.55355e-20
etaHat: 124879
9  fE: -2.29515  dfE: 0.617172  dW: 8.14446  dPhi(Nx/2)(Ny/2)(Nz/2): 0.668748 Phi A: 0.0364284 Phi B: 0.293936 Phi I: 5.81427e-52
Total charge: -4.11661e-20
etaHat: 124879
10  fE: -1.86207  dfE: 0.433086  dW: 5.72577  dPhi(Nx/2)(Ny/2)(Nz/2): 0.701091 Phi A: 0.0329328 Phi B: 0.265243 Phi I: 5.81367e-52
Saving data . . .
Total charge: -3.88135e-20
etaHat: 124879
11  fE: -1.55056  dfE: 0.311508  dW: 3.38316  dPhi(Nx/2)(Ny/2)(Nz/2): 0.718736 Phi A: 0.0310508 Phi B: 0.249587 Phi I: 5.81331e-52
Total charge: -3.80868e-20
etaHat: 124879
12  fE: -1.31942  dfE: 0.231138  dW: 1.14543  dPhi(Nx/2)(Ny/2)(Nz/2): 0.724564 Phi A: 0.0304694 Phi B: 0.244416 Phi I: 5.81319e-52
Total charge: -3.88034e-20
etaHat: 124879
13  fE: -1.1405  dfE: 0.178921  dW: 0.963981  dPhi(Nx/2)(Ny/2)(Nz/2): 0.719939 Phi A: 0.0310427 Phi B: 0.248524 Phi I: 5.81328e-52
Total charge: -4.0934e-20
etaHat: 124879
14  fE: -0.993498  dfE: 0.147001  dW: 2.92094  dPhi(Nx/2)(Ny/2)(Nz/2): 0.705113 Phi A: 0.0327472 Phi B: 0.261688 Phi I: 5.81358e-52
Total charge: -4.45739e-20
etaHat: 124879
15  fE: -0.862778  dfE: 0.130721  dW: 4.70346  dPhi(Nx/2)(Ny/2)(Nz/2): 0.679434 Phi A: 0.0356591 Phi B: 0.284492 Phi I: 5.81406e-52
Total charge: -4.99265e-20
etaHat: 124879
16  fE: -0.735611  dfE: 0.127166  dW: 6.2842  dPhi(Nx/2)(Ny/2)(Nz/2): 0.641457 Phi A: 0.0399412 Phi B: 0.318226 Phi I: 5.81471e-52
Total charge: -5.72908e-20
etaHat: 124879
17  fE: -0.60179  dfE: 0.133821  dW: 7.63131  dPhi(Nx/2)(Ny/2)(Nz/2): 0.589036 Phi A: 0.0458326 Phi B: 0.364804 Phi I: 5.81551e-52
Total charge: -6.70358e-20
etaHat: 124879
18  fE: -0.454878  dfE: 0.146912  dW: 8.70665  dPhi(Nx/2)(Ny/2)(Nz/2): 0.519487 Phi A: 0.0536286 Phi B: 0.426629 Phi I: 5.81641e-52
Total charge: -7.95469e-20
etaHat: 124879
19  fE: -0.295698  dfE: 0.15918  dW: 9.4657  dPhi(Nx/2)(Ny/2)(Nz/2): 0.429949 Phi A: 0.0636375 Phi B: 0.50627 Phi I: 5.81741e-52
Total charge: -9.51195e-20
etaHat: 124879
20  fE: -0.138433  dfE: 0.157265  dW: 9.85974  dPhi(Nx/2)(Ny/2)(Nz/2): 0.318112 Phi A: 0.0760956 Phi B: 0.605824 Phi I: 5.81845e-52
Saving data . . .
Total charge: -1.13782e-19
etaHat: 124879
21  fE: -0.0184097  dfE: 0.120023  dW: 9.8415  dPhi(Nx/2)(Ny/2)(Nz/2): 0.183445 Phi A: 0.091026 Phi B: 0.725826 Phi I: 5.81951e-52
Total charge: -1.35057e-19
etaHat: 124879
22  fE: 0.00255814  dfE: 0.0209678  dW: 9.37565  dPhi(Nx/2)(Ny/2)(Nz/2): 0.0289147 Phi A: 0.108045 Phi B: 0.863726 Phi I: 5.82052e-52
Total charge: -1.57719e-19
etaHat: 124879
23  fE: -0.158389  dfE: 0.160947  dW: 8.45381  dPhi(Nx/2)(Ny/2)(Nz/2): -0.137272 Phi A: 0.126175 Phi B: 1.01232 Phi I: 5.82145e-52
Total charge: -1.79725e-19
etaHat: 124879
24  fE: -0.579927  dfE: 0.421538  dW: 7.11052  dPhi(Nx/2)(Ny/2)(Nz/2): -0.300933 Phi A: 0.14378 Phi B: 1.15905 Phi I: 5.82224e-52
Total charge: -1.9848e-19
etaHat: 124879
25  fE: -1.29303  dfE: 0.713102  dW: 5.43304  dPhi(Nx/2)(Ny/2)(Nz/2): -0.443542 Phi A: 0.158784 Phi B: 1.28745 Phi I: 5.82285e-52
Total charge: -2.11498e-19
etaHat: 124879
26  fE: -2.24194  dfE: 0.948911  dW: 3.55681  dPhi(Nx/2)(Ny/2)(Nz/2): -0.546725 Phi A: 0.169199 Phi B: 1.38104 Phi I: 5.82327e-52
Total charge: -2.17222e-19
etaHat: 124879
27  fE: -3.28388  dfE: 1.04194  dW: 1.64399  dPhi(Nx/2)(Ny/2)(Nz/2): -0.598101 Phi A: 0.173778 Phi B: 1.42859 Phi I: 5.82347e-52
Total charge: -2.15528e-19
etaHat: 124879
28  fE: -4.23924  dfE: 0.955359  dW: 0.289224  dPhi(Nx/2)(Ny/2)(Nz/2): -0.595286 Phi A: 0.172422 Phi B: 1.42771 Phi I: 5.82347e-52
Total charge: -2.07632e-19
etaHat: 124879
29  fE: -4.96184  dfE: 0.7226  dW: 1.6935  dPhi(Nx/2)(Ny/2)(Nz/2): -0.545769 Phi A: 0.166105 Phi B: 1.38487 Phi I: 5.8233e-52
Total charge: -1.95517e-19
etaHat: 124879
30  fE: -5.38358  dfE: 0.421749  dW: 2.91528  dPhi(Nx/2)(Ny/2)(Nz/2): -0.463183 Phi A: 0.156413 Phi B: 1.31212 Phi I: 5.82299e-52
Saving data . . .
Total charge: -1.81264e-19
etaHat: 124879
31  fE: -5.51482  dfE: 0.131234  dW: 3.78261  dPhi(Nx/2)(Ny/2)(Nz/2): -0.362547 Phi A: 0.145012 Phi B: 1.22283 Phi I: 5.82258e-52
Total charge: -1.66599e-19
etaHat: 124879
32  fE: -5.41539  dfE: 0.0994324  dW: 4.30273  dPhi(Nx/2)(Ny/2)(Nz/2): -0.256771 Phi A: 0.133279 Phi B: 1.12859 Phi I: 5.82212e-52
Total charge: -1.52717e-19
etaHat: 124879
33  fE: -5.16138  dfE: 0.254002  dW: 4.50788  dPhi(Nx/2)(Ny/2)(Nz/2): -0.155154 Phi A: 0.122173 Phi B: 1.03781 Phi I: 5.82163e-52
Total charge: -1.40322e-19
etaHat: 124879
34  fE: -4.82239  dfE: 0.338998  dW: 4.44383  dPhi(Nx/2)(Ny/2)(Nz/2): -0.063404 Phi A: 0.112257 Phi B: 0.955661 Phi I: 5.82115e-52
Total charge: -1.29742e-19
etaHat: 124879
35  fE: -4.45145  dfE: 0.370932  dW: 4.16139  dPhi(Nx/2)(Ny/2)(Nz/2): 0.0155938 Phi A: 0.103794 Phi B: 0.884808 Phi I: 5.8207e-52
Total charge: -1.21065e-19
etaHat: 124879
36  fE: -4.08401  dfE: 0.367446  dW: 3.71101  dPhi(Nx/2)(Ny/2)(Nz/2): 0.0808609 Phi A: 0.0968519 Phi B: 0.826178 Phi I: 5.8203e-52
Total charge: -1.14237e-19
etaHat: 124879
37  fE: -3.74091  dfE: 0.343095  dW: 3.1398  dPhi(Nx/2)(Ny/2)(Nz/2): 0.132548 Phi A: 0.0913898 Phi B: 0.779673 Phi I: 5.81997e-52
Total charge: -1.09141e-19
etaHat: 124879
38  fE: -3.43266  dfE: 0.308249  dW: 2.49027  dPhi(Nx/2)(Ny/2)(Nz/2): 0.171379 Phi A: 0.0873129 Phi B: 0.744666 Phi I: 5.8197e-52
Total charge: -1.05635e-19
etaHat: 124879
39  fE: -3.16314  dfE: 0.269524  dW: 1.8  dPhi(Nx/2)(Ny/2)(Nz/2): 0.198308 Phi A: 0.0845082 Phi B: 0.720316 Phi I: 5.8195e-52
Total charge: -1.03579e-19
etaHat: 124879
40  fE: -2.93246  dfE: 0.23068  dW: 1.10185  dPhi(Nx/2)(Ny/2)(Nz/2): 0.214324 Phi A: 0.0828633 Phi B: 0.705742 Phi I: 5.81938e-52
Saving data . . .
Total charge: -1.02842e-19
etaHat: 124879
41  fE: -2.73896  dfE: 0.193503  dW: 0.424353  dPhi(Nx/2)(Ny/2)(Nz/2): 0.220367 Phi A: 0.0822732 Phi B: 0.700104 Phi I: 5.81934e-52
Total charge: -1.03301e-19
etaHat: 124879
42  fE: -2.58045  dfE: 0.158502  dW: 0.213276  dPhi(Nx/2)(Ny/2)(Nz/2): 0.217316 Phi A: 0.0826409 Phi B: 0.702614 Phi I: 5.81935e-52
Total charge: -1.04842e-19
etaHat: 124879
43  fE: -2.45505  dfE: 0.125401  dW: 0.77389  dPhi(Nx/2)(Ny/2)(Nz/2): 0.206016 Phi A: 0.0838735 Phi B: 0.712513 Phi I: 5.81944e-52
Total charge: -1.07344e-19
etaHat: 124879
44  fE: -2.36156  dfE: 0.0934933  dW: 1.25627  dPhi(Nx/2)(Ny/2)(Nz/2): 0.187335 Phi A: 0.0858755 Phi B: 0.729019 Phi I: 5.81957e-52
Total charge: -1.10677e-19
etaHat: 124879
45  fE: -2.29965  dfE: 0.0619142  dW: 1.64127  dPhi(Nx/2)(Ny/2)(Nz/2): 0.162233 Phi A: 0.0885417 Phi B: 0.751271 Phi I: 5.81974e-52
Total charge: -1.14687e-19
etaHat: 124879
46  fE: -2.26975  dfE: 0.0298911  dW: 1.9191  dPhi(Nx/2)(Ny/2)(Nz/2): 0.13183 Phi A: 0.0917493 Phi B: 0.778264 Phi I: 5.81995e-52
Total charge: -1.19191e-19
etaHat: 124879
47  fE: -2.27276  dfE: 0.00300696  dW: 2.08434  dPhi(Nx/2)(Ny/2)(Nz/2): 0.0974584 Phi A: 0.0953532 Phi B: 0.808805 Phi I: 5.82017e-52
Total charge: -1.23979e-19
etaHat: 124879
48  fE: -2.30939  dfE: 0.036625  dW: 2.13643  dPhi(Nx/2)(Ny/2)(Nz/2): 0.060688 Phi A: 0.0991831 Phi B: 0.84149 Phi I: 5.8204e-52
Total charge: -1.2881e-19
etaHat: 124879
49  fE: -2.37942  dfE: 0.0700324  dW: 2.07996  dPhi(Nx/2)(Ny/2)(Nz/2): 0.0233 Phi A: 0.103048 Phi B: 0.874727 Phi I: 5.82063e-52
Total charge: -1.3343e-19
etaHat: 124879
50  fE: -2.48089  dfE: 0.101469  dW: 1.92482  dPhi(Nx/2)(Ny/2)(Nz/2): -0.0127919 Phi A: 0.106744 Phi B: 0.906808 Phi I: 5.82084e-52
Saving data . . .
Total charge: -1.37588e-19
etaHat: 124879
51  fE: -2.6094  dfE: 0.128512  dW: 1.6858  dPhi(Nx/2)(Ny/2)(Nz/2): -0.0456776 Phi A: 0.11007 Phi B: 0.936028 Phi I: 5.82102e-52
Total charge: -1.41061e-19
etaHat: 124879
52  fE: -2.75788  dfE: 0.14848  dW: 1.38184  dPhi(Nx/2)(Ny/2)(Nz/2): -0.0736238 Phi A: 0.112849 Phi B: 0.96084 Phi I: 5.82117e-52
Total charge: -1.43676e-19
etaHat: 124879
53  fE: -2.91691  dfE: 0.159026  dW: 1.03467  dPhi(Nx/2)(Ny/2)(Nz/2): -0.0952539 Phi A: 0.114941 Phi B: 0.980019 Phi I: 5.82129e-52
Total charge: -1.45331e-19
etaHat: 124879
54  fE: -3.07565  dfE: 0.158743  dW: 0.667215  dPhi(Nx/2)(Ny/2)(Nz/2): -0.109695 Phi A: 0.116265 Phi B: 0.992785 Phi I: 5.82137e-52
Total charge: -1.46e-19
etaHat: 124879
55  fE: -3.22323  dfE: 0.147579  dW: 0.301832  dPhi(Nx/2)(Ny/2)(Nz/2): -0.116662 Phi A: 0.1168 Phi B: 0.998885 Phi I: 5.8214e-52
Total charge: -1.45735e-19
etaHat: 124879
56  fE: -3.35014  dfE: 0.126914  dW: 0.073889  dPhi(Nx/2)(Ny/2)(Nz/2): -0.116448 Phi A: 0.116588 Phi B: 0.998583 Phi I: 5.8214e-52
Total charge: -1.44653e-19
etaHat: 124879
57  fE: -3.44942  dfE: 0.0992783  dW: 0.345545  dPhi(Nx/2)(Ny/2)(Nz/2): -0.109853 Phi A: 0.115722 Phi B: 0.992591 Phi I: 5.82137e-52
Total charge: -1.42914e-19
etaHat: 124879
58  fE: -3.51724  dfE: 0.0678226  dW: 0.598449  dPhi(Nx/2)(Ny/2)(Nz/2): -0.0980364 Phi A: 0.114331 Phi B: 0.981947 Phi I: 5.82131e-52
Total charge: -1.40703e-19
etaHat: 124879
59  fE: -3.55296  dfE: 0.0357191  dW: 0.792209  dPhi(Nx/2)(Ny/2)(Nz/2): -0.0823632 Phi A: 0.112562 Phi B: 0.967869 Phi I: 5.82122e-52
Total charge: -1.38206e-19
etaHat: 124879
60  fE: -3.55864  dfE: 0.00567641  dW: 0.923442  dPhi(Nx/2)(Ny/2)(Nz/2): -0.0642483 Phi A: 0.110565 Phi B: 0.951621 Phi I: 5.82112e-52
Saving data . . .
Total charge: -1.35599e-19
etaHat: 124879
61  fE: -3.53829  dfE: 0.0203453  dW: 0.992723  dPhi(Nx/2)(Ny/2)(Nz/2): -0.0450339 Phi A: 0.108479 Phi B: 0.934401 Phi I: 5.82102e-52
Total charge: -1.33034e-19
etaHat: 124879
62  fE: -3.49709  dfE: 0.0412066  dW: 1.00391  dPhi(Nx/2)(Ny/2)(Nz/2): -0.0259044 Phi A: 0.106427 Phi B: 0.917269 Phi I: 5.82091e-52
Total charge: -1.30635e-19
etaHat: 124879
63  fE: -3.44059  dfE: 0.0564998  dW: 0.963359  dPhi(Nx/2)(Ny/2)(Nz/2): -0.00784001 Phi A: 0.104508 Phi B: 0.901099 Phi I: 5.82081e-52
Total charge: -1.28497e-19
etaHat: 124879
64  fE: -3.37421  dfE: 0.0663742  dW: 0.879212  dPhi(Nx/2)(Ny/2)(Nz/2): 0.00839873 Phi A: 0.102798 Phi B: 0.886572 Phi I: 5.82071e-52
Total charge: -1.26687e-19
etaHat: 124879
65  fE: -3.30287  dfE: 0.0713395  dW: 0.760656  dPhi(Nx/2)(Ny/2)(Nz/2): 0.022265 Phi A: 0.101349 Phi B: 0.874177 Phi I: 5.82063e-52
Total charge: -1.25246e-19
etaHat: 124879
66  fE: -3.23078  dfE: 0.0720927  dW: 0.61735  dPhi(Nx/2)(Ny/2)(Nz/2): 0.0334067 Phi A: 0.100197 Phi B: 0.864229 Phi I: 5.82056e-52
Total charge: -1.24194e-19
etaHat: 124879
67  fE: -3.16139  dfE: 0.0693871  dW: 0.458919  dPhi(Nx/2)(Ny/2)(Nz/2): 0.0416427 Phi A: 0.0993554 Phi B: 0.85689 Phi I: 5.82051e-52
Total charge: -1.23533e-19
etaHat: 124879
68  fE: -3.09744  dfE: 0.0639494  dW: 0.294549  dPhi(Nx/2)(Ny/2)(Nz/2): 0.0469375 Phi A: 0.0988261 Phi B: 0.852193 Phi I: 5.82048e-52
Total charge: -1.23247e-19
etaHat: 124879
69  fE: -3.04101  dfE: 0.0564363  dW: 0.132764  dPhi(Nx/2)(Ny/2)(Nz/2): 0.0493791 Phi A: 0.0985974 Phi B: 0.85006 Phi I: 5.82047e-52
Total charge: -1.23309e-19
etaHat: 124879
70  fE: -2.99358  dfE: 0.0474224  dW: 0.0406822  dPhi(Nx/2)(Ny/2)(Nz/2): 0.0491586 Phi A: 0.0986473 Phi B: 0.850321 Phi I: 5.82047e-52
Saving data . . .
Total charge: -1.23681e-19
etaHat: 124879
71  fE: -2.95618  dfE: 0.0374066  dW: 0.155119  dPhi(Nx/2)(Ny/2)(Nz/2): 0.0465534 Phi A: 0.098945 Phi B: 0.852729 Phi I: 5.82048e-52
Total charge: -1.24316e-19
etaHat: 124879
72  fE: -2.92935  dfE: 0.0268303  dW: 0.269883  dPhi(Nx/2)(Ny/2)(Nz/2): 0.0419112 Phi A: 0.0994529 Phi B: 0.856972 Phi I: 5.82051e-52
Total charge: -1.2516e-19
etaHat: 124879
73  fE: -2.91325  dfE: 0.0160974  dW: 0.360116  dPhi(Nx/2)(Ny/2)(Nz/2): 0.0356345 Phi A: 0.100128 Phi B: 0.862692 Phi I: 5.82055e-52
Total charge: -1.26153e-19
etaHat: 124879
74  fE: -2.90766  dfE: 0.00559079  dW: 0.423771  dPhi(Nx/2)(Ny/2)(Nz/2): 0.0281649 Phi A: 0.100923 Phi B: 0.869492 Phi I: 5.8206e-52
Total charge: -1.27235e-19
etaHat: 124879
75  fE: -2.91198  dfE: 0.0043178  dW: 0.460237  dPhi(Nx/2)(Ny/2)(Nz/2): 0.0199651 Phi A: 0.101788 Phi B: 0.876958 Phi I: 5.82065e-52
Total charge: -1.28346e-19
etaHat: 124879
76  fE: -2.92525  dfE: 0.0132693  dW: 0.470263  dPhi(Nx/2)(Ny/2)(Nz/2): 0.0114996 Phi A: 0.102676 Phi B: 0.884675 Phi I: 5.8207e-52
Total charge: -1.29425e-19
etaHat: 124879
77  fE: -2.94618  dfE: 0.0209288  dW: 0.455823  dPhi(Nx/2)(Ny/2)(Nz/2): 0.00321368 Phi A: 0.10354 Phi B: 0.892241 Phi I: 5.82075e-52
Total charge: -1.30422e-19
etaHat: 124879
78  fE: -2.97318  dfE: 0.0270057  dW: 0.419943  dPhi(Nx/2)(Ny/2)(Nz/2): -0.00448709 Phi A: 0.104338 Phi B: 0.899291 Phi I: 5.82079e-52
Total charge: -1.31292e-19
etaHat: 124879
79  fE: -3.00446  dfE: 0.0312795  dW: 0.366466  dPhi(Nx/2)(Ny/2)(Nz/2): -0.0112567 Phi A: 0.105033 Phi B: 0.905514 Phi I: 5.82083e-52
Total charge: -1.31999e-19
etaHat: 124879
80  fE: -3.03809  dfE: 0.0336241  dW: 0.299794  dPhi(Nx/2)(Ny/2)(Nz/2): -0.0168244 Phi A: 0.1056 Phi B: 0.910663 Phi I: 5.82087e-52
Saving data . . .
Total charge: -1.32523e-19
etaHat: 124879
81  fE: -3.07211  dfE: 0.0340262  dW: 0.22461  dPhi(Nx/2)(Ny/2)(Nz/2): -0.0210063 Phi A: 0.106018 Phi B: 0.914571 Phi I: 5.82089e-52
Total charge: -1.32851e-19
etaHat: 124879
82  fE: -3.1047  dfE: 0.0325919  dW: 0.1456  dPhi(Nx/2)(Ny/2)(Nz/2): -0.0237099 Phi A: 0.106281 Phi B: 0.917152 Phi I: 5.82091e-52
Total charge: -1.32986e-19
etaHat: 124879
83  fE: -3.13424  dfE: 0.0295402  dW: 0.0683804  dPhi(Nx/2)(Ny/2)(Nz/2): -0.024933 Phi A: 0.106389 Phi B: 0.918401 Phi I: 5.82092e-52
Total charge: -1.32938e-19
etaHat: 124879
84  fE: -3.15943  dfE: 0.0251826  dW: 0.029667  dPhi(Nx/2)(Ny/2)(Nz/2): -0.0247555 Phi A: 0.10635 Phi B: 0.918387 Phi I: 5.82092e-52
Total charge: -1.32729e-19
etaHat: 124879
85  fE: -3.17932  dfE: 0.0198932  dW: 0.0730705  dPhi(Nx/2)(Ny/2)(Nz/2): -0.023327 Phi A: 0.106183 Phi B: 0.917241 Phi I: 5.82091e-52
Total charge: -1.32385e-19
etaHat: 124879
86  fE: -3.19339  dfE: 0.0140733  dW: 0.128149  dPhi(Nx/2)(Ny/2)(Nz/2): -0.0208498 Phi A: 0.105908 Phi B: 0.915143 Phi I: 5.8209e-52
Total charge: -1.3194e-19
etaHat: 124879
87  fE: -3.20151  dfE: 0.00811629  dW: 0.171511  dPhi(Nx/2)(Ny/2)(Nz/2): -0.0175616 Phi A: 0.105552 Phi B: 0.912304 Phi I: 5.82088e-52
Total charge: -1.31425e-19
etaHat: 124879
88  fE: -3.20389  dfE: 0.00237797  dW: 0.20178  dPhi(Nx/2)(Ny/2)(Nz/2): -0.0137168 Phi A: 0.10514 Phi B: 0.908952 Phi I: 5.82086e-52
Total charge: -1.30874e-19
etaHat: 124879
89  fE: -3.20104  dfE: 0.00284522  dW: 0.218807  dPhi(Nx/2)(Ny/2)(Nz/2): -0.00957043 Phi A: 0.104699 Phi B: 0.905315 Phi I: 5.82083e-52
Total charge: -1.3032e-19
etaHat: 124879
90  fE: -3.19371  dfE: 0.00732869  dW: 0.223132  dPhi(Nx/2)(Ny/2)(Nz/2): -0.00536381 Phi A: 0.104256 Phi B: 0.90161 Phi I: 5.82081e-52
Saving data . . .
Total charge: -1.29788e-19
etaHat: 124879
91  fE: -3.18279  dfE: 0.0109233  dW: 0.215881  dPhi(Nx/2)(Ny/2)(Nz/2): -0.00131344 Phi A: 0.103831 Phi B: 0.898031 Phi I: 5.82079e-52
Total charge: -1.29304e-19
etaHat: 124879
92  fE: -3.16924  dfE: 0.0135519  dW: 0.198635  dPhi(Nx/2)(Ny/2)(Nz/2): 0.00239692 Phi A: 0.103443 Phi B: 0.894744 Phi I: 5.82077e-52
Total charge: -1.28886e-19
etaHat: 124879
93  fE: -3.15404  dfE: 0.0152008  dW: 0.173302  dPhi(Nx/2)(Ny/2)(Nz/2): 0.00562126 Phi A: 0.103108 Phi B: 0.89188 Phi I: 5.82075e-52
Total charge: -1.28546e-19
etaHat: 124879
94  fE: -3.13813  dfE: 0.0159094  dW: 0.141984  dPhi(Nx/2)(Ny/2)(Nz/2): 0.00825366 Phi A: 0.102836 Phi B: 0.889536 Phi I: 5.82073e-52
Total charge: -1.28292e-19
etaHat: 124879
95  fE: -3.12237  dfE: 0.0157573  dW: 0.106854  dPhi(Nx/2)(Ny/2)(Nz/2): 0.0102283 Phi A: 0.102634 Phi B: 0.887772 Phi I: 5.82072e-52
Total charge: -1.28128e-19
etaHat: 124879
96  fE: -3.10752  dfE: 0.0148542  dW: 0.0701004  dPhi(Nx/2)(Ny/2)(Nz/2): 0.0115179 Phi A: 0.102502 Phi B: 0.886614 Phi I: 5.82071e-52
Total charge: -1.28052e-19
etaHat: 124879
97  fE: -3.09419  dfE: 0.0133291  dW: 0.0361532  dPhi(Nx/2)(Ny/2)(Nz/2): 0.0121303 Phi A: 0.102441 Phi B: 0.886055 Phi I: 5.82071e-52
Total charge: -1.28058e-19
etaHat: 124879
98  fE: -3.08286  dfE: 0.0113224  dW: 0.0209476  dPhi(Nx/2)(Ny/2)(Nz/2): 0.0121046 Phi A: 0.102446 Phi B: 0.886062 Phi I: 5.82071e-52
Total charge: -1.28137e-19
etaHat: 124879
99  fE: -3.07389  dfE: 0.00897837  dW: 0.034254  dPhi(Nx/2)(Ny/2)(Nz/2): 0.0115059 Phi A: 0.102509 Phi B: 0.886577 Phi I: 5.82071e-52
Total charge: -1.28278e-19
etaHat: 124879
100  fE: -3.06745  dfE: 0.00644021  dW: 0.0579822  dPhi(Nx/2)(Ny/2)(Nz/2): 0.0104201 Phi A: 0.102622 Phi B: 0.887525 Phi I: 5.82072e-52
Saving data . . .
Total charge: -1.28467e-19
etaHat: 124879
101  fE: -3.0636  dfE: 0.00384474  dW: 0.0784408  dPhi(Nx/2)(Ny/2)(Nz/2): 0.00894771 Phi A: 0.102773 Phi B: 0.888816 Phi I: 5.82073e-52
Total charge: -1.2869e-19
etaHat: 124879
102  fE: -3.06228  dfE: 0.00131841  dW: 0.0929977  dPhi(Nx/2)(Ny/2)(Nz/2): 0.00719802 Phi A: 0.102952 Phi B: 0.890353 Phi I: 5.82074e-52
Total charge: -1.28932e-19
etaHat: 124879
103  fE: -3.06331  dfE: 0.00102643  dW: 0.101423  dPhi(Nx/2)(Ny/2)(Nz/2): 0.00528329 Phi A: 0.103146 Phi B: 0.892036 Phi I: 5.82075e-52
Total charge: -1.2918e-19
etaHat: 124879
104  fE: -3.0664  dfE: 0.00309483  dW: 0.103909  dPhi(Nx/2)(Ny/2)(Nz/2): 0.00331315 Phi A: 0.103344 Phi B: 0.893767 Phi I: 5.82076e-52
Total charge: -1.2942e-19
etaHat: 124879
105  fE: -3.07122  dfE: 0.00481213  dW: 0.100928  dPhi(Nx/2)(Ny/2)(Nz/2): 0.00138947 Phi A: 0.103536 Phi B: 0.895457 Phi I: 5.82077e-52
Total charge: -1.2964e-19
etaHat: 124879
106  fE: -3.07734  dfE: 0.00612607  dW: 0.093176  dPhi(Nx/2)(Ny/2)(Nz/2): -0.000397846 Phi A: 0.103712 Phi B: 0.897023 Phi I: 5.82078e-52
Total charge: -1.29831e-19
etaHat: 124879
107  fE: -3.08435  dfE: 0.00700803  dW: 0.0815225  dPhi(Nx/2)(Ny/2)(Nz/2): -0.00197436 Phi A: 0.103865 Phi B: 0.898402 Phi I: 5.82079e-52
Total charge: -1.29987e-19
etaHat: 124879
108  fE: -3.0918  dfE: 0.00745318  dW: 0.0669535  dPhi(Nx/2)(Ny/2)(Nz/2): -0.00328341 Phi A: 0.103989 Phi B: 0.899541 Phi I: 5.8208e-52
Total charge: -1.30102e-19
etaHat: 124879
109  fE: -3.09928  dfE: 0.00747926  dW: 0.0506096  dPhi(Nx/2)(Ny/2)(Nz/2): -0.00428743 Phi A: 0.104082 Phi B: 0.900407 Phi I: 5.8208e-52
Total charge: -1.30175e-19
etaHat: 124879
110  fE: -3.10641  dfE: 0.00712427  dW: 0.0344036  dPhi(Nx/2)(Ny/2)(Nz/2): -0.00496802 Phi A: 0.10414 Phi B: 0.900985 Phi I: 5.82081e-52
Saving data . . .
Total charge: -1.30206e-19
etaHat: 124879
111  fE: -3.11285  dfE: 0.00644289  dW: 0.0220493  dPhi(Nx/2)(Ny/2)(Nz/2): -0.00532509 Phi A: 0.104165 Phi B: 0.901273 Phi I: 5.82081e-52
Total charge: -1.30198e-19
etaHat: 124879
112  fE: -3.11835  dfE: 0.00550213  dW: 0.0175913  dPhi(Nx/2)(Ny/2)(Nz/2): -0.00537504 Phi A: 0.104159 Phi B: 0.901288 Phi I: 5.82081e-52
Total charge: -1.30155e-19
etaHat: 124879
113  fE: -3.12273  dfE: 0.00437649  dW: 0.0212003  dPhi(Nx/2)(Ny/2)(Nz/2): -0.00514823 Phi A: 0.104124 Phi B: 0.901057 Phi I: 5.82081e-52
Total charge: -1.30082e-19
etaHat: 124879
114  fE: -3.12587  dfE: 0.00314299  dW: 0.0292552  dPhi(Nx/2)(Ny/2)(Nz/2): -0.00468594 Phi A: 0.104066 Phi B: 0.900616 Phi I: 5.8208e-52
Total charge: -1.29986e-19
etaHat: 124879
115  fE: -3.12775  dfE: 0.00187655  dW: 0.0377545  dPhi(Nx/2)(Ny/2)(Nz/2): -0.00403709 Phi A: 0.103989 Phi B: 0.90001 Phi I: 5.8208e-52
Total charge: -1.29875e-19
etaHat: 124879
116  fE: -3.12839  dfE: 0.00064594  dW: 0.0443672  dPhi(Nx/2)(Ny/2)(Nz/2): -0.00325485 Phi A: 0.1039 Phi B: 0.899286 Phi I: 5.82079e-52
Total charge: -1.29754e-19
etaHat: 124879
117  fE: -3.1279  dfE: 0.000489384  dW: 0.0483089  dPhi(Nx/2)(Ny/2)(Nz/2): -0.0023935 Phi A: 0.103803 Phi B: 0.898493 Phi I: 5.82079e-52
Total charge: -1.29632e-19
etaHat: 124879
118  fE: -3.12642  dfE: 0.00148151  dW: 0.0494997  dPhi(Nx/2)(Ny/2)(Nz/2): -0.00150546 Phi A: 0.103706 Phi B: 0.897678 Phi I: 5.82078e-52
Total charge: -1.29514e-19
etaHat: 124879
119  fE: -3.12413  dfE: 0.00229531  dW: 0.0481291  dPhi(Nx/2)(Ny/2)(Nz/2): -0.000638879 Phi A: 0.103611 Phi B: 0.896884 Phi I: 5.82078e-52
Total charge: -1.29405e-19
etaHat: 124879
120  fE: -3.12122  dfE: 0.00290875  dW: 0.0445336  dPhi(Nx/2)(Ny/2)(Nz/2): 0.000164362 Phi A: 0.103524 Phi B: 0.896149 Phi I: 5.82077e-52
Saving data . . .
Total charge: -1.29311e-19
etaHat: 124879
121  fE: -3.11791  dfE: 0.00331249  dW: 0.0391646  dPhi(Nx/2)(Ny/2)(Nz/2): 0.000870044 Phi A: 0.103449 Phi B: 0.895503 Phi I: 5.82077e-52
Total charge: -1.29233e-19
etaHat: 124879
122  fE: -3.1144  dfE: 0.00350876  dW: 0.0326281  dPhi(Nx/2)(Ny/2)(Nz/2): 0.0014525 Phi A: 0.103386 Phi B: 0.89497 Phi I: 5.82077e-52
Total charge: -1.29175e-19
etaHat: 124879
123  fE: -3.11089  dfE: 0.00350986  dW: 0.0257942  dPhi(Nx/2)(Ny/2)(Nz/2): 0.00189495 Phi A: 0.10334 Phi B: 0.894565 Phi I: 5.82076e-52
Total charge: -1.29136e-19
etaHat: 124879
124  fE: -3.10755  dfE: 0.00333636  dW: 0.0197859  dPhi(Nx/2)(Ny/2)(Nz/2): 0.00218941 Phi A: 0.103309 Phi B: 0.894294 Phi I: 5.82076e-52
Total charge: -1.29117e-19
etaHat: 124879
125  fE: -3.10454  dfE: 0.00301513  dW: 0.0157041  dPhi(Nx/2)(Ny/2)(Nz/2): 0.00233614 Phi A: 0.103294 Phi B: 0.894158 Phi I: 5.82076e-52
Total charge: -1.29117e-19
etaHat: 124879
126  fE: -3.10196  dfE: 0.00257735  dW: 0.0141224  dPhi(Nx/2)(Ny/2)(Nz/2): 0.00234276 Phi A: 0.103293 Phi B: 0.89415 Phi I: 5.82076e-52
Total charge: -1.29133e-19
etaHat: 124879
127  fE: -3.0999  dfE: 0.00205654  dW: 0.0147519  dPhi(Nx/2)(Ny/2)(Nz/2): 0.00222314 Phi A: 0.103306 Phi B: 0.894257 Phi I: 5.82076e-52
Total charge: -1.29163e-19
etaHat: 124879
128  fE: -3.09842  dfE: 0.0014868  dW: 0.0168471  dPhi(Nx/2)(Ny/2)(Nz/2): 0.00199607 Phi A: 0.103331 Phi B: 0.894461 Phi I: 5.82076e-52
Total charge: -1.29204e-19
etaHat: 124879
129  fE: -3.09751  dfE: 0.000901096  dW: 0.0194657  dPhi(Nx/2)(Ny/2)(Nz/2): 0.00168383 Phi A: 0.103364 Phi B: 0.894744 Phi I: 5.82077e-52
Total charge: -1.29253e-19
etaHat: 124879
130  fE: -3.09718  dfE: 0.000329877  dW: 0.0217878  dPhi(Nx/2)(Ny/2)(Nz/2): 0.00131074 Phi A: 0.103403 Phi B: 0.895084 Phi I: 5.82077e-52
Saving data . . .
Total charge: -1.29307e-19
etaHat: 124879
131  fE: -3.09738  dfE: 0.000200128  dW: 0.0232857  dPhi(Nx/2)(Ny/2)(Nz/2): 0.000901759 Phi A: 0.103446 Phi B: 0.895456 Phi I: 5.82077e-52
Total charge: -1.29362e-19
etaHat: 124879
132  fE: -3.09805  dfE: 0.000666816  dW: 0.023749  dPhi(Nx/2)(Ny/2)(Nz/2): 0.000481175 Phi A: 0.103489 Phi B: 0.895841 Phi I: 5.82077e-52
Total charge: -1.29415e-19
etaHat: 124879
133  fE: -3.0991  dfE: 0.00105334  dW: 0.0231764  dPhi(Nx/2)(Ny/2)(Nz/2): 7.14547e-05 Phi A: 0.103532 Phi B: 0.896217 Phi I: 5.82077e-52
Total charge: -1.29464e-19
etaHat: 124879
134  fE: -3.10045  dfE: 0.00134844  dW: 0.0217113  dPhi(Nx/2)(Ny/2)(Nz/2): -0.000307698 Phi A: 0.103571 Phi B: 0.896566 Phi I: 5.82078e-52
Total charge: -1.29506e-19
etaHat: 124879
135  fE: -3.102  dfE: 0.00154649  dW: 0.0196049  dPhi(Nx/2)(Ny/2)(Nz/2): -0.000640065 Phi A: 0.103605 Phi B: 0.896874 Phi I: 5.82078e-52
Total charge: -1.29541e-19
etaHat: 124879
136  fE: -3.10365  dfE: 0.00164722  dW: 0.0171915  dPhi(Nx/2)(Ny/2)(Nz/2): -0.000913385 Phi A: 0.103633 Phi B: 0.89713 Phi I: 5.82078e-52
Total charge: -1.29567e-19
etaHat: 124879
137  fE: -3.1053  dfE: 0.00165531  dW: 0.0148581  dPhi(Nx/2)(Ny/2)(Nz/2): -0.00111958 Phi A: 0.103654 Phi B: 0.897325 Phi I: 5.82078e-52
Total charge: -1.29584e-19
etaHat: 124879
138  fE: -3.10688  dfE: 0.0015796  dW: 0.0129472  dPhi(Nx/2)(Ny/2)(Nz/2): -0.00125476 Phi A: 0.103667 Phi B: 0.897458 Phi I: 5.82078e-52
Total charge: -1.29591e-19
etaHat: 124879
139  fE: -3.10831  dfE: 0.00143233  dW: 0.0117214  dPhi(Nx/2)(Ny/2)(Nz/2): -0.001319 Phi A: 0.103673 Phi B: 0.897526 Phi I: 5.82078e-52
Total charge: -1.2959e-19
etaHat: 124879
140  fE: -3.10954  dfE: 0.00122813  dW: 0.0112044  dPhi(Nx/2)(Ny/2)(Nz/2): -0.0013159 Phi A: 0.103672 Phi B: 0.897534 Phi I: 5.82078e-52
Saving data . . .
Total charge: -1.29581e-19
etaHat: 124879
141  fE: -3.11053  dfE: 0.000983047  dW: 0.0113208  dPhi(Nx/2)(Ny/2)(Nz/2): -0.00125213 Phi A: 0.103665 Phi B: 0.897487 Phi I: 5.82078e-52
Total charge: -1.29565e-19
etaHat: 124879
142  fE: -3.11124  dfE: 0.000713595  dW: 0.0118348  dPhi(Nx/2)(Ny/2)(Nz/2): -0.00113671 Phi A: 0.103652 Phi B: 0.897393 Phi I: 5.82078e-52
Total charge: -1.29544e-19
etaHat: 124879
143  fE: -3.11167  dfE: 0.000435835  dW: 0.0125156  dPhi(Nx/2)(Ny/2)(Nz/2): -0.000980339 Phi A: 0.103636 Phi B: 0.897262 Phi I: 5.82078e-52
Total charge: -1.2952e-19
etaHat: 124879
144  fE: -3.11184  dfE: 0.000164603  dW: 0.0131519  dPhi(Nx/2)(Ny/2)(Nz/2): -0.000794702 Phi A: 0.103616 Phi B: 0.897104 Phi I: 5.82078e-52
Total charge: -1.29493e-19
etaHat: 124879
145  fE: -3.11175  dfE: 8.71264e-05  dW: 0.013555  dPhi(Nx/2)(Ny/2)(Nz/2): -0.000591758 Phi A: 0.103595 Phi B: 0.89693 Phi I: 5.82078e-52
Total charge: -1.29466e-19
etaHat: 124879
146  fE: -3.11144  dfE: 0.00030871  dW: 0.0136392  dPhi(Nx/2)(Ny/2)(Nz/2): -0.000383125 Phi A: 0.103573 Phi B: 0.896749 Phi I: 5.82078e-52
Total charge: -1.2944e-19
etaHat: 124879
147  fE: -3.11095  dfE: 0.000492132  dW: 0.0133925  dPhi(Nx/2)(Ny/2)(Nz/2): -0.000179525 Phi A: 0.103552 Phi B: 0.896573 Phi I: 5.82078e-52
Total charge: -1.29416e-19
etaHat: 124879
148  fE: -3.11032  dfE: 0.00063213  dW: 0.0128632  dPhi(Nx/2)(Ny/2)(Nz/2): 9.65697e-06 Phi A: 0.103533 Phi B: 0.896409 Phi I: 5.82078e-52
Total charge: -1.29394e-19
etaHat: 124879
149  fE: -3.10959  dfE: 0.000726173  dW: 0.0121427  dPhi(Nx/2)(Ny/2)(Nz/2): 0.000176705 Phi A: 0.103515 Phi B: 0.896265 Phi I: 5.82078e-52
Total charge: -1.29377e-19
etaHat: 124879
150  fE: -3.10882  dfE: 0.00077429  dW: 0.0113455  dPhi(Nx/2)(Ny/2)(Nz/2): 0.000315789 Phi A: 0.103501 Phi B: 0.896144 Phi I: 5.82077e-52
Saving data . . .
Total charge: -1.29363e-19
etaHat: 124879
151  fE: -3.10804  dfE: 0.000778803  dW: 0.0105829  dPhi(Nx/2)(Ny/2)(Nz/2): 0.000423059 Phi A: 0.103491 Phi B: 0.896052 Phi I: 5.82077e-52
Total charge: -1.29354e-19
etaHat: 124879
152  fE: -3.1073  dfE: 0.000743966  dW: 0.00994592  dPhi(Nx/2)(Ny/2)(Nz/2): 0.000496638 Phi A: 0.103484 Phi B: 0.89599 Phi I: 5.82077e-52
Total charge: -1.2935e-19
etaHat: 124879
153  fE: -3.10662  dfE: 0.00067555  dW: 0.00949782  dPhi(Nx/2)(Ny/2)(Nz/2): 0.000536514 Phi A: 0.10348 Phi B: 0.895957 Phi I: 5.82077e-52
Total charge: -1.29349e-19
etaHat: 124879
154  fE: -3.10604  dfE: 0.0005804  dW: 0.00924291  dPhi(Nx/2)(Ny/2)(Nz/2): 0.00054435 Phi A: 0.103479 Phi B: 0.895953 Phi I: 5.82077e-52
Total charge: -1.29353e-19
etaHat: 124879
155  fE: -3.10557  dfE: 0.000465987  dW: 0.00915742  dPhi(Nx/2)(Ny/2)(Nz/2): 0.000523235 Phi A: 0.103482 Phi B: 0.895975 Phi I: 5.82077e-52
Total charge: -1.29359e-19
etaHat: 124879
156  fE: -3.10523  dfE: 0.000339973  dW: 0.00918639  dPhi(Nx/2)(Ny/2)(Nz/2): 0.000477384 Phi A: 0.103487 Phi B: 0.896019 Phi I: 5.82077e-52
Total charge: -1.29368e-19
etaHat: 124879
157  fE: -3.10502  dfE: 0.000209815  dW: 0.00927355  dPhi(Nx/2)(Ny/2)(Nz/2): 0.000411818 Phi A: 0.103494 Phi B: 0.896081 Phi I: 5.82077e-52
Total charge: -1.29379e-19
etaHat: 124879
158  fE: -3.10494  dfE: 8.24196e-05  dW: 0.00935132  dPhi(Nx/2)(Ny/2)(Nz/2): 0.000332032 Phi A: 0.103503 Phi B: 0.896155 Phi I: 5.82077e-52
Total charge: -1.2939e-19
etaHat: 124879
159  fE: -3.10498  dfE: 3.61434e-05  dW: 0.00937512  dPhi(Nx/2)(Ny/2)(Nz/2): 0.000243675 Phi A: 0.103512 Phi B: 0.896237 Phi I: 5.82077e-52
Total charge: -1.29403e-19
etaHat: 124879
160  fE: -3.10512  dfE: 0.000140857  dW: 0.00931617  dPhi(Nx/2)(Ny/2)(Nz/2): 0.000152255 Phi A: 0.103522 Phi B: 0.896322 Phi I: 5.82078e-52
Saving data . . .
Total charge: -1.29414e-19
etaHat: 124879
161  fE: -3.10535  dfE: 0.000227898  dW: 0.00916867  dPhi(Nx/2)(Ny/2)(Nz/2): 6.28764e-05 Phi A: 0.103531 Phi B: 0.896406 Phi I: 5.82078e-52
Total charge: -1.29425e-19
etaHat: 124879
162  fE: -3.10564  dfE: 0.000294711  dW: 0.00894551  dPhi(Nx/2)(Ny/2)(Nz/2): -1.99708e-05 Phi A: 0.10354 Phi B: 0.896484 Phi I: 5.82078e-52
Total charge: -1.29435e-19
etaHat: 124879
163  fE: -3.10598  dfE: 0.000340008  dW: 0.00867401  dPhi(Nx/2)(Ny/2)(Nz/2): -9.25738e-05 Phi A: 0.103548 Phi B: 0.896553 Phi I: 5.82078e-52
Total charge: -1.29443e-19
etaHat: 124879
164  fE: -3.10635  dfE: 0.000363702  dW: 0.00838417  dPhi(Nx/2)(Ny/2)(Nz/2): -0.000152104 Phi A: 0.103554 Phi B: 0.89661 Phi I: 5.82078e-52
Total charge: -1.29448e-19
etaHat: 124879
165  fE: -3.10671  dfE: 0.0003668  dW: 0.00810557  dPhi(Nx/2)(Ny/2)(Nz/2): -0.000196668 Phi A: 0.103559 Phi B: 0.896655 Phi I: 5.82078e-52
Total charge: -1.29452e-19
etaHat: 124879
166  fE: -3.10706  dfE: 0.000351236  dW: 0.00786706  dPhi(Nx/2)(Ny/2)(Nz/2): -0.00022531 Phi A: 0.103562 Phi B: 0.896685 Phi I: 5.82078e-52
Total charge: -1.29454e-19
etaHat: 124879
167  fE: -3.10738  dfE: 0.000319683  dW: 0.00768258  dPhi(Nx/2)(Ny/2)(Nz/2): -0.000237963 Phi A: 0.103563 Phi B: 0.896701 Phi I: 5.82078e-52
Total charge: -1.29454e-19
etaHat: 124879
168  fE: -3.10766  dfE: 0.000275347  dW: 0.00755068  dPhi(Nx/2)(Ny/2)(Nz/2): -0.000235364 Phi A: 0.103563 Phi B: 0.896704 Phi I: 5.82078e-52
Total charge: -1.29452e-19
etaHat: 124879
169  fE: -3.10788  dfE: 0.000221748  dW: 0.00746487  dPhi(Nx/2)(Ny/2)(Nz/2): -0.000218935 Phi A: 0.103562 Phi B: 0.896695 Phi I: 5.82078e-52
Total charge: -1.29449e-19
etaHat: 124879
170  fE: -3.10804  dfE: 0.000162514  dW: 0.0074124  dPhi(Nx/2)(Ny/2)(Nz/2): -0.000190644 Phi A: 0.103559 Phi B: 0.896675 Phi I: 5.82078e-52
Saving data . . .
Total charge: -1.29444e-19
etaHat: 124879
171  fE: -3.10814  dfE: 0.000101185  dW: 0.00737546  dPhi(Nx/2)(Ny/2)(Nz/2): -0.000152853 Phi A: 0.103555 Phi B: 0.896646 Phi I: 5.82078e-52
Total charge: -1.29439e-19
etaHat: 124879
172  fE: -3.10818  dfE: 4.10451e-05  dW: 0.00733685  dPhi(Nx/2)(Ny/2)(Nz/2): -0.000108157 Phi A: 0.103551 Phi B: 0.896612 Phi I: 5.82078e-52
Total charge: -1.29433e-19
etaHat: 124879
173  fE: -3.10817  dfE: 1.50154e-05  dW: 0.00728441  dPhi(Nx/2)(Ny/2)(Nz/2): -5.92372e-05 Phi A: 0.103546 Phi B: 0.896573 Phi I: 5.82078e-52
Total charge: -1.29427e-19
etaHat: 124879
174  fE: -3.10811  dfE: 6.46072e-05  dW: 0.00721024  dPhi(Nx/2)(Ny/2)(Nz/2): -8.71665e-06 Phi A: 0.103541 Phi B: 0.896534 Phi I: 5.82078e-52
Total charge: -1.29421e-19
etaHat: 124879
175  fE: -3.108  dfE: 0.000105909  dW: 0.00711315  dPhi(Nx/2)(Ny/2)(Nz/2): 4.09636e-05 Phi A: 0.103537 Phi B: 0.896494 Phi I: 5.82078e-52
Total charge: -1.29415e-19
etaHat: 124879
176  fE: -3.10786  dfE: 0.000137703  dW: 0.00699659  dPhi(Nx/2)(Ny/2)(Nz/2): 8.76453e-05 Phi A: 0.103532 Phi B: 0.896458 Phi I: 5.82078e-52
Total charge: -1.29411e-19
etaHat: 124879
177  fE: -3.1077  dfE: 0.000159368  dW: 0.00686676  dPhi(Nx/2)(Ny/2)(Nz/2): 0.000129531 Phi A: 0.103528 Phi B: 0.896425 Phi I: 5.82078e-52
Total charge: -1.29407e-19
etaHat: 124879
178  fE: -3.10753  dfE: 0.000170856  dW: 0.00673126  dPhi(Nx/2)(Ny/2)(Nz/2): 0.000165235 Phi A: 0.103525 Phi B: 0.896398 Phi I: 5.82078e-52
Total charge: -1.29404e-19
etaHat: 124879
179  fE: -3.10736  dfE: 0.000172632  dW: 0.00659816  dPhi(Nx/2)(Ny/2)(Nz/2): 0.000193809 Phi A: 0.103523 Phi B: 0.896377 Phi I: 5.82078e-52
Total charge: -1.29401e-19
etaHat: 124879
180  fE: -3.10719  dfE: 0.000165598  dW: 0.006474  dPhi(Nx/2)(Ny/2)(Nz/2): 0.000214745 Phi A: 0.103521 Phi B: 0.896363 Phi I: 5.82078e-52
Saving data . . .
Total charge: -1.294e-19
etaHat: 124879
181  fE: -3.10704  dfE: 0.000151004  dW: 0.00636357  dPhi(Nx/2)(Ny/2)(Nz/2): 0.000227952 Phi A: 0.10352 Phi B: 0.896355 Phi I: 5.82078e-52
Total charge: -1.294e-19
etaHat: 124879
182  fE: -3.10691  dfE: 0.000130351  dW: 0.00626912  dPhi(Nx/2)(Ny/2)(Nz/2): 0.000233719 Phi A: 0.10352 Phi B: 0.896354 Phi I: 5.82078e-52
Total charge: -1.29401e-19
etaHat: 124879
183  fE: -3.10681  dfE: 0.000105287  dW: 0.00618767  dPhi(Nx/2)(Ny/2)(Nz/2): 0.000232659 Phi A: 0.103521 Phi B: 0.896359 Phi I: 5.82078e-52
Total charge: -1.29402e-19
etaHat: 124879
184  fE: -3.10673  dfE: 7.75134e-05  dW: 0.00611625  dPhi(Nx/2)(Ny/2)(Nz/2): 0.000225648 Phi A: 0.103522 Phi B: 0.896368 Phi I: 5.82078e-52
Total charge: -1.29404e-19
etaHat: 124879
185  fE: -3.10668  dfE: 4.86944e-05  dW: 0.00605129  dPhi(Nx/2)(Ny/2)(Nz/2): 0.00021375 Phi A: 0.103523 Phi B: 0.896381 Phi I: 5.82078e-52
Total charge: -1.29406e-19
etaHat: 124879
186  fE: -3.10666  dfE: 2.03756e-05  dW: 0.00598823  dPhi(Nx/2)(Ny/2)(Nz/2): 0.000198146 Phi A: 0.103525 Phi B: 0.896398 Phi I: 5.82078e-52
Total charge: -1.29409e-19
etaHat: 124879
187  fE: -3.10667  dfE: 6.07889e-06  dW: 0.00592254  dPhi(Nx/2)(Ny/2)(Nz/2): 0.000180066 Phi A: 0.103527 Phi B: 0.896416 Phi I: 5.82078e-52
Total charge: -1.29412e-19
etaHat: 124879
188  fE: -3.1067  dfE: 2.9537e-05  dW: 0.00585209  dPhi(Nx/2)(Ny/2)(Nz/2): 0.000160717 Phi A: 0.103529 Phi B: 0.896435 Phi I: 5.82078e-52
Total charge: -1.29414e-19
etaHat: 124879
189  fE: -3.10674  dfE: 4.91314e-05  dW: 0.00577632  dPhi(Nx/2)(Ny/2)(Nz/2): 0.000141229 Phi A: 0.103531 Phi B: 0.896453 Phi I: 5.82078e-52
Total charge: -1.29417e-19
etaHat: 124879
190  fE: -3.10681  dfE: 6.42757e-05  dW: 0.0056961  dPhi(Nx/2)(Ny/2)(Nz/2): 0.000122607 Phi A: 0.103533 Phi B: 0.896471 Phi I: 5.82078e-52
Saving data . . .
Total charge: -1.29419e-19
etaHat: 124879
191  fE: -3.10688  dfE: 7.46657e-05  dW: 0.00561333  dPhi(Nx/2)(Ny/2)(Nz/2): 0.000105693 Phi A: 0.103535 Phi B: 0.896486 Phi I: 5.82078e-52
Total charge: -1.29421e-19
etaHat: 124879
192  fE: -3.10696  dfE: 8.02655e-05  dW: 0.0055302  dPhi(Nx/2)(Ny/2)(Nz/2): 9.11389e-05 Phi A: 0.103537 Phi B: 0.896499 Phi I: 5.82078e-52
Total charge: -1.29422e-19
etaHat: 124879
193  fE: -3.10705  dfE: 8.12826e-05  dW: 0.00544914  dPhi(Nx/2)(Ny/2)(Nz/2): 7.94005e-05 Phi A: 0.103538 Phi B: 0.896509 Phi I: 5.82078e-52
Total charge: -1.29423e-19
etaHat: 124879
194  fE: -3.10712  dfE: 7.81326e-05  dW: 0.00537236  dPhi(Nx/2)(Ny/2)(Nz/2): 7.07301e-05 Phi A: 0.103538 Phi B: 0.896516 Phi I: 5.82078e-52
Total charge: -1.29423e-19
etaHat: 124879
195  fE: -3.10719  dfE: 7.13969e-05  dW: 0.00530056  dPhi(Nx/2)(Ny/2)(Nz/2): 6.51882e-05 Phi A: 0.103539 Phi B: 0.89652 Phi I: 5.82078e-52
Total charge: -1.29423e-19
etaHat: 124879
196  fE: -3.10726  dfE: 6.17777e-05  dW: 0.00523408  dPhi(Nx/2)(Ny/2)(Nz/2): 6.26609e-05 Phi A: 0.103539 Phi B: 0.896521 Phi I: 5.82078e-52
Total charge: -1.29423e-19
etaHat: 124879
197  fE: -3.10731  dfE: 5.00494e-05  dW: 0.00517284  dPhi(Nx/2)(Ny/2)(Nz/2): 6.28847e-05 Phi A: 0.103538 Phi B: 0.896519 Phi I: 5.82078e-52
Total charge: -1.29422e-19
etaHat: 124879
198  fE: -3.10734  dfE: 3.70135e-05  dW: 0.00511461  dPhi(Nx/2)(Ny/2)(Nz/2): 6.54768e-05 Phi A: 0.103538 Phi B: 0.896514 Phi I: 5.82078e-52
Total charge: -1.29421e-19
etaHat: 124879
199  fE: -3.10737  dfE: 2.34551e-05  dW: 0.00505801  dPhi(Nx/2)(Ny/2)(Nz/2): 6.99672e-05 Phi A: 0.103537 Phi B: 0.896508 Phi I: 5.82078e-52
Total charge: -1.2942e-19
etaHat: 124879
200  fE: -3.10738  dfE: 1.01056e-05  dW: 0.00500182  dPhi(Nx/2)(Ny/2)(Nz/2): 7.5833e-05 Phi A: 0.103536 Phi B: 0.896501 Phi I: 5.82078e-52
Saving data . . .
Total charge: -1.29419e-19
etaHat: 124879
201  fE: -3.10737  dfE: 2.38881e-06  dW: 0.00494526  dPhi(Nx/2)(Ny/2)(Nz/2): 8.25316e-05 Phi A: 0.103535 Phi B: 0.896492 Phi I: 5.82078e-52
Total charge: -1.29417e-19
etaHat: 124879
202  fE: -3.10736  dfE: 1.34904e-05  dW: 0.00488775  dPhi(Nx/2)(Ny/2)(Nz/2): 8.95309e-05 Phi A: 0.103534 Phi B: 0.896484 Phi I: 5.82078e-52
Total charge: -1.29416e-19
etaHat: 124879
203  fE: -3.10734  dfE: 2.27861e-05  dW: 0.00482903  dPhi(Nx/2)(Ny/2)(Nz/2): 9.63365e-05 Phi A: 0.103533 Phi B: 0.896475 Phi I: 5.82078e-52
Total charge: -1.29415e-19
etaHat: 124879
204  fE: -3.10731  dfE: 2.9995e-05  dW: 0.00476921  dPhi(Nx/2)(Ny/2)(Nz/2): 0.000102514 Phi A: 0.103532 Phi B: 0.896467 Phi I: 5.82078e-52
Total charge: -1.29414e-19
etaHat: 124879
205  fE: -3.10727  dfE: 3.49696e-05  dW: 0.00470879  dPhi(Nx/2)(Ny/2)(Nz/2): 0.000107705 Phi A: 0.103531 Phi B: 0.896459 Phi I: 5.82078e-52
Total charge: -1.29413e-19
etaHat: 124879
206  fE: -3.10724  dfE: 3.76887e-05  dW: 0.00464829  dPhi(Nx/2)(Ny/2)(Nz/2): 0.000111642 Phi A: 0.10353 Phi B: 0.896453 Phi I: 5.82078e-52
Total charge: -1.29412e-19
etaHat: 124879
207  fE: -3.1072  dfE: 3.82463e-05  dW: 0.00458841  dPhi(Nx/2)(Ny/2)(Nz/2): 0.000114146 Phi A: 0.10353 Phi B: 0.896449 Phi I: 5.82078e-52
Total charge: -1.29412e-19
etaHat: 124879
208  fE: -3.10716  dfE: 3.68348e-05  dW: 0.00452995  dPhi(Nx/2)(Ny/2)(Nz/2): 0.000115138 Phi A: 0.103529 Phi B: 0.896445 Phi I: 5.82078e-52
Total charge: -1.29411e-19
etaHat: 124879
209  fE: -3.10713  dfE: 3.37253e-05  dW: 0.0044733  dPhi(Nx/2)(Ny/2)(Nz/2): 0.000114623 Phi A: 0.103529 Phi B: 0.896444 Phi I: 5.82078e-52
Total charge: -1.29411e-19
etaHat: 124879
210  fE: -3.1071  dfE: 2.92464e-05  dW: 0.0044185  dPhi(Nx/2)(Ny/2)(Nz/2): 0.000112691 Phi A: 0.103529 Phi B: 0.896443 Phi I: 5.82078e-52
Saving data . . .
Total charge: -1.29411e-19
etaHat: 124879
211  fE: -3.10707  dfE: 2.37614e-05  dW: 0.00436567  dPhi(Nx/2)(Ny/2)(Nz/2): 0.000109497 Phi A: 0.103529 Phi B: 0.896444 Phi I: 5.82078e-52
Total charge: -1.29412e-19
etaHat: 124879
212  fE: -3.10706  dfE: 1.7647e-05  dW: 0.00431447  dPhi(Nx/2)(Ny/2)(Nz/2): 0.000105254 Phi A: 0.103529 Phi B: 0.896446 Phi I: 5.82078e-52
Total charge: -1.29412e-19
etaHat: 124879
213  fE: -3.10705  dfE: 1.12729e-05  dW: 0.0042644  dPhi(Nx/2)(Ny/2)(Nz/2): 0.000100209 Phi A: 0.10353 Phi B: 0.896449 Phi I: 5.82078e-52
Total charge: -1.29413e-19
etaHat: 124879
214  fE: -3.10704  dfE: 4.98412e-06  dW: 0.00421521  dPhi(Nx/2)(Ny/2)(Nz/2): 9.46366e-05 Phi A: 0.10353 Phi B: 0.896452 Phi I: 5.82078e-52
Total charge: -1.29413e-19
etaHat: 124879
215  fE: -3.10704  dfE: 9.136e-07  dW: 0.00416673  dPhi(Nx/2)(Ny/2)(Nz/2): 8.88144e-05 Phi A: 0.103531 Phi B: 0.896456 Phi I: 5.82078e-52
Total charge: -1.29414e-19
etaHat: 124879
216  fE: -3.10705  dfE: 6.16529e-06  dW: 0.00411872  dPhi(Nx/2)(Ny/2)(Nz/2): 8.3014e-05 Phi A: 0.103531 Phi B: 0.896461 Phi I: 5.82078e-52
Total charge: -1.29414e-19
etaHat: 124879
217  fE: -3.10706  dfE: 1.05742e-05  dW: 0.00407115  dPhi(Nx/2)(Ny/2)(Nz/2): 7.74857e-05 Phi A: 0.103531 Phi B: 0.896465 Phi I: 5.82078e-52
Total charge: -1.29415e-19
etaHat: 124879
218  fE: -3.10707  dfE: 1.40057e-05  dW: 0.00402409  dPhi(Nx/2)(Ny/2)(Nz/2): 7.24485e-05 Phi A: 0.103532 Phi B: 0.896469 Phi I: 5.82078e-52
Total charge: -1.29415e-19
etaHat: 124879
219  fE: -3.10709  dfE: 1.63879e-05  dW: 0.00397758  dPhi(Nx/2)(Ny/2)(Nz/2): 6.80823e-05 Phi A: 0.103532 Phi B: 0.896472 Phi I: 5.82078e-52
Total charge: -1.29416e-19
etaHat: 124879
220  fE: -3.10711  dfE: 1.77084e-05  dW: 0.00393186  dPhi(Nx/2)(Ny/2)(Nz/2): 6.45222e-05 Phi A: 0.103533 Phi B: 0.896475 Phi I: 5.82078e-52
Saving data . . .
Total charge: -1.29416e-19
etaHat: 124879
221  fE: -3.10712  dfE: 1.80094e-05  dW: 0.00388703  dPhi(Nx/2)(Ny/2)(Nz/2): 6.1856e-05 Phi A: 0.103533 Phi B: 0.896477 Phi I: 5.82078e-52
Total charge: -1.29416e-19
etaHat: 124879
222  fE: -3.10714  dfE: 1.73796e-05  dW: 0.00384326  dPhi(Nx/2)(Ny/2)(Nz/2): 6.01241e-05 Phi A: 0.103533 Phi B: 0.896479 Phi I: 5.82078e-52
Total charge: -1.29416e-19
etaHat: 124879
223  fE: -3.10716  dfE: 1.59452e-05  dW: 0.00380049  dPhi(Nx/2)(Ny/2)(Nz/2): 5.93217e-05 Phi A: 0.103533 Phi B: 0.89648 Phi I: 5.82078e-52
Total charge: -1.29416e-19
etaHat: 124879
224  fE: -3.10717  dfE: 1.38601e-05  dW: 0.00375867  dPhi(Nx/2)(Ny/2)(Nz/2): 5.94032e-05 Phi A: 0.103533 Phi B: 0.89648 Phi I: 5.82078e-52
Total charge: -1.29416e-19
etaHat: 124879
225  fE: -3.10718  dfE: 1.12946e-05  dW: 0.00371768  dPhi(Nx/2)(Ny/2)(Nz/2): 6.0288e-05 Phi A: 0.103533 Phi B: 0.89648 Phi I: 5.82078e-52
Total charge: -1.29416e-19
etaHat: 124879
226  fE: -3.10719  dfE: 8.42595e-06  dW: 0.00367747  dPhi(Nx/2)(Ny/2)(Nz/2): 6.18672e-05 Phi A: 0.103533 Phi B: 0.896479 Phi I: 5.82078e-52
Total charge: -1.29416e-19
etaHat: 124879
227  fE: -3.1072  dfE: 5.42849e-06  dW: 0.00363791  dPhi(Nx/2)(Ny/2)(Nz/2): 6.40115e-05 Phi A: 0.103533 Phi B: 0.896477 Phi I: 5.82078e-52
Total charge: -1.29416e-19
etaHat: 124879
228  fE: -3.1072  dfE: 2.46517e-06  dW: 0.00359889  dPhi(Nx/2)(Ny/2)(Nz/2): 6.6579e-05 Phi A: 0.103533 Phi B: 0.896476 Phi I: 5.82078e-52
Total charge: -1.29415e-19
etaHat: 124879
229  fE: -3.1072  dfE: 3.19319e-07  dW: 0.00356028  dPhi(Nx/2)(Ny/2)(Nz/2): 6.94229e-05 Phi A: 0.103532 Phi B: 0.896474 Phi I: 5.82078e-52
Total charge: -1.29415e-19
etaHat: 124879
230  fE: -3.1072  dfE: 2.804e-06  dW: 0.00352202  dPhi(Nx/2)(Ny/2)(Nz/2): 7.23988e-05 Phi A: 0.103532 Phi B: 0.896472 Phi I: 5.82078e-52
Saving data . . .
Total charge: -1.29415e-19
etaHat: 124879
231  fE: -3.10719  dfE: 4.89518e-06  dW: 0.0034841  dPhi(Nx/2)(Ny/2)(Nz/2): 7.53709e-05 Phi A: 0.103532 Phi B: 0.89647 Phi I: 5.82078e-52
Total charge: -1.29414e-19
etaHat: 124879
232  fE: -3.10718  dfE: 6.52841e-06  dW: 0.00344654  dPhi(Nx/2)(Ny/2)(Nz/2): 7.82175e-05 Phi A: 0.103532 Phi B: 0.896468 Phi I: 5.82078e-52
Total charge: -1.29414e-19
etaHat: 124879
233  fE: -3.10718  dfE: 7.66869e-06  dW: 0.00340937  dPhi(Nx/2)(Ny/2)(Nz/2): 8.08347e-05 Phi A: 0.103531 Phi B: 0.896467 Phi I: 5.82078e-52
Total charge: -1.29414e-19
etaHat: 124879
234  fE: -3.10717  dfE: 8.30923e-06  dW: 0.0033726  dPhi(Nx/2)(Ny/2)(Nz/2): 8.31399e-05 Phi A: 0.103531 Phi B: 0.896465 Phi I: 5.82078e-52
Total charge: -1.29414e-19
etaHat: 124879
235  fE: -3.10716  dfE: 8.46893e-06  dW: 0.00333626  dPhi(Nx/2)(Ny/2)(Nz/2): 8.50726e-05 Phi A: 0.103531 Phi B: 0.896464 Phi I: 5.82078e-52
Total charge: -1.29414e-19
etaHat: 124879
236  fE: -3.10715  dfE: 8.18877e-06  dW: 0.00330044  dPhi(Nx/2)(Ny/2)(Nz/2): 8.65952e-05 Phi A: 0.103531 Phi B: 0.896463 Phi I: 5.82078e-52
Total charge: -1.29414e-19
etaHat: 124879
237  fE: -3.10714  dfE: 7.52759e-06  dW: 0.00326524  dPhi(Nx/2)(Ny/2)(Nz/2): 8.76921e-05 Phi A: 0.103531 Phi B: 0.896463 Phi I: 5.82078e-52
Total charge: -1.29414e-19
etaHat: 124879
238  fE: -3.10714  dfE: 6.55725e-06  dW: 0.0032306  dPhi(Nx/2)(Ny/2)(Nz/2): 8.83677e-05 Phi A: 0.103531 Phi B: 0.896463 Phi I: 5.82078e-52
Total charge: -1.29414e-19
etaHat: 124879
239  fE: -3.10713  dfE: 5.35774e-06  dW: 0.00319655  dPhi(Nx/2)(Ny/2)(Nz/2): 8.86439e-05 Phi A: 0.103531 Phi B: 0.896463 Phi I: 5.82078e-52
Total charge: -1.29414e-19
etaHat: 124879
240  fE: -3.10713  dfE: 4.01239e-06  dW: 0.00316307  dPhi(Nx/2)(Ny/2)(Nz/2): 8.85574e-05 Phi A: 0.103531 Phi B: 0.896463 Phi I: 5.82078e-52
Saving data . . .
Total charge: -1.29414e-19
etaHat: 124879
241  fE: -3.10713  dfE: 2.60331e-06  dW: 0.00313016  dPhi(Nx/2)(Ny/2)(Nz/2): 8.81555e-05 Phi A: 0.103531 Phi B: 0.896464 Phi I: 5.82078e-52
Total charge: -1.29414e-19
etaHat: 124879
242  fE: -3.10712  dfE: 1.20743e-06  dW: 0.00309779  dPhi(Nx/2)(Ny/2)(Nz/2): 8.74931e-05 Phi A: 0.103531 Phi B: 0.896465 Phi I: 5.82078e-52
Total charge: -1.29414e-19
etaHat: 124879
243  fE: -3.10712  dfE: 1.06805e-07  dW: 0.00306588  dPhi(Nx/2)(Ny/2)(Nz/2): 8.66289e-05 Phi A: 0.103531 Phi B: 0.896466 Phi I: 5.82078e-52
Total charge: -1.29414e-19
etaHat: 124879
244  fE: -3.10713  dfE: 1.282e-06  dW: 0.00303439  dPhi(Nx/2)(Ny/2)(Nz/2): 8.56218e-05 Phi A: 0.103531 Phi B: 0.896467 Phi I: 5.82078e-52
Total charge: -1.29414e-19
etaHat: 124879
245  fE: -3.10713  dfE: 2.27358e-06  dW: 0.00300335  dPhi(Nx/2)(Ny/2)(Nz/2): 8.45286e-05 Phi A: 0.103531 Phi B: 0.896468 Phi I: 5.82078e-52
Total charge: -1.29414e-19
etaHat: 124879
246  fE: -3.10713  dfE: 3.05065e-06  dW: 0.00297273  dPhi(Nx/2)(Ny/2)(Nz/2): 8.34005e-05 Phi A: 0.103532 Phi B: 0.896468 Phi I: 5.82078e-52
Total charge: -1.29415e-19
etaHat: 124879
247  fE: -3.10713  dfE: 3.59622e-06  dW: 0.00294253  dPhi(Nx/2)(Ny/2)(Nz/2): 8.2282e-05 Phi A: 0.103532 Phi B: 0.896469 Phi I: 5.82078e-52
Total charge: -1.29415e-19
etaHat: 124879
248  fE: -3.10714  dfE: 3.90658e-06  dW: 0.00291277  dPhi(Nx/2)(Ny/2)(Nz/2): 8.12092e-05 Phi A: 0.103532 Phi B: 0.89647 Phi I: 5.82078e-52
Total charge: -1.29415e-19
etaHat: 124879
249  fE: -3.10714  dfE: 3.99018e-06  dW: 0.00288342  dPhi(Nx/2)(Ny/2)(Nz/2): 8.02087e-05 Phi A: 0.103532 Phi B: 0.89647 Phi I: 5.82078e-52
Total charge: -1.29415e-19
etaHat: 124879
250  fE: -3.10715  dfE: 3.86592e-06  dW: 0.00285447  dPhi(Nx/2)(Ny/2)(Nz/2): 7.9298e-05 Phi A: 0.103532 Phi B: 0.896471 Phi I: 5.82078e-52
Saving data . . .
Total charge: -1.29415e-19
etaHat: 124879
251  fE: -3.10715  dfE: 3.5612e-06  dW: 0.00282596  dPhi(Nx/2)(Ny/2)(Nz/2): 7.84851e-05 Phi A: 0.103532 Phi B: 0.896471 Phi I: 5.82078e-52
Total charge: -1.29415e-19
etaHat: 124879
252  fE: -3.10715  dfE: 3.10961e-06  dW: 0.00279785  dPhi(Nx/2)(Ny/2)(Nz/2): 7.77698e-05 Phi A: 0.103532 Phi B: 0.896471 Phi I: 5.82078e-52
Total charge: -1.29415e-19
etaHat: 124879
253  fE: -3.10716  dfE: 2.5487e-06  dW: 0.0027701  dPhi(Nx/2)(Ny/2)(Nz/2): 7.71445e-05 Phi A: 0.103532 Phi B: 0.896471 Phi I: 5.82078e-52
Total charge: -1.29415e-19
etaHat: 124879
254  fE: -3.10716  dfE: 1.91764e-06  dW: 0.00274271  dPhi(Nx/2)(Ny/2)(Nz/2): 7.65957e-05 Phi A: 0.103532 Phi B: 0.896471 Phi I: 5.82078e-52
Total charge: -1.29415e-19
etaHat: 124879
255  fE: -3.10716  dfE: 1.25512e-06  dW: 0.00271564  dPhi(Nx/2)(Ny/2)(Nz/2): 7.61053e-05 Phi A: 0.103532 Phi B: 0.896471 Phi I: 5.82078e-52
Total charge: -1.29415e-19
etaHat: 124879
256  fE: -3.10716  dfE: 5.97467e-07  dW: 0.00268888  dPhi(Nx/2)(Ny/2)(Nz/2): 7.56526e-05 Phi A: 0.103532 Phi B: 0.89647 Phi I: 5.82078e-52
Total charge: -1.29415e-19
etaHat: 124879
257  fE: -3.10716  dfE: 2.29408e-08  dW: 0.00266245  dPhi(Nx/2)(Ny/2)(Nz/2): 7.52154e-05 Phi A: 0.103532 Phi B: 0.89647 Phi I: 5.82078e-52
Total charge: -1.29415e-19
etaHat: 124879
258  fE: -3.10716  dfE: 5.78881e-07  dW: 0.00263634  dPhi(Nx/2)(Ny/2)(Nz/2): 7.47718e-05 Phi A: 0.103532 Phi B: 0.896469 Phi I: 5.82078e-52
Total charge: -1.29414e-19
etaHat: 124879
259  fE: -3.10716  dfE: 1.04913e-06  dW: 0.00261055  dPhi(Nx/2)(Ny/2)(Nz/2): 7.43016e-05 Phi A: 0.103532 Phi B: 0.896469 Phi I: 5.82078e-52
Total charge: -1.29414e-19
etaHat: 124879
260  fE: -3.10716  dfE: 1.41891e-06  dW: 0.00258508  dPhi(Nx/2)(Ny/2)(Nz/2): 7.37869e-05 Phi A: 0.103532 Phi B: 0.896468 Phi I: 5.82078e-52
Saving data . . .
Total charge: -1.29414e-19
etaHat: 124879
261  fE: -3.10715  dfE: 1.67996e-06  dW: 0.0025599  dPhi(Nx/2)(Ny/2)(Nz/2): 7.32136e-05 Phi A: 0.103531 Phi B: 0.896468 Phi I: 5.82078e-52
Total charge: -1.29414e-19
etaHat: 124879
262  fE: -3.10715  dfE: 1.83032e-06  dW: 0.00253505  dPhi(Nx/2)(Ny/2)(Nz/2): 7.25713e-05 Phi A: 0.103531 Phi B: 0.896468 Phi I: 5.82078e-52
Total charge: -1.29414e-19
etaHat: 124879
263  fE: -3.10715  dfE: 1.87375e-06  dW: 0.00251053  dPhi(Nx/2)(Ny/2)(Nz/2): 7.18542e-05 Phi A: 0.103531 Phi B: 0.896468 Phi I: 5.82078e-52
Total charge: -1.29414e-19
etaHat: 124879
264  fE: -3.10715  dfE: 1.81896e-06  dW: 0.00248633  dPhi(Nx/2)(Ny/2)(Nz/2): 7.10608e-05 Phi A: 0.103531 Phi B: 0.896467 Phi I: 5.82078e-52
Total charge: -1.29414e-19
etaHat: 124879
265  fE: -3.10715  dfE: 1.67871e-06  dW: 0.00246243  dPhi(Nx/2)(Ny/2)(Nz/2): 7.01938e-05 Phi A: 0.103531 Phi B: 0.896467 Phi I: 5.82078e-52
Total charge: -1.29414e-19
etaHat: 124879
266  fE: -3.10715  dfE: 1.4687e-06  dW: 0.00243884  dPhi(Nx/2)(Ny/2)(Nz/2): 6.92596e-05 Phi A: 0.103531 Phi B: 0.896467 Phi I: 5.82078e-52
Total charge: -1.29414e-19
etaHat: 124879
267  fE: -3.10714  dfE: 1.20656e-06  dW: 0.00241555  dPhi(Nx/2)(Ny/2)(Nz/2): 6.82679e-05 Phi A: 0.103531 Phi B: 0.896467 Phi I: 5.82078e-52
Total charge: -1.29414e-19
etaHat: 124879
268  fE: -3.10714  dfE: 9.10689e-07  dW: 0.00239254  dPhi(Nx/2)(Ny/2)(Nz/2): 6.72309e-05 Phi A: 0.103531 Phi B: 0.896467 Phi I: 5.82078e-52
Total charge: -1.29414e-19
etaHat: 124879
269  fE: -3.10714  dfE: 5.99322e-07  dW: 0.00236982  dPhi(Nx/2)(Ny/2)(Nz/2): 6.61625e-05 Phi A: 0.103531 Phi B: 0.896468 Phi I: 5.82078e-52
Total charge: -1.29414e-19
etaHat: 124879
270  fE: -3.10714  dfE: 2.89606e-07  dW: 0.00234739  dPhi(Nx/2)(Ny/2)(Nz/2): 6.50778e-05 Phi A: 0.103531 Phi B: 0.896468 Phi I: 5.82078e-52
Saving data . . .
Total charge: -1.29414e-19
etaHat: 124879
271  fE: -3.10714  dfE: 3.14183e-09  dW: 0.00232524  dPhi(Nx/2)(Ny/2)(Nz/2): 6.3992e-05 Phi A: 0.103531 Phi B: 0.896468 Phi I: 5.82078e-52
Total charge: -1.29414e-19
etaHat: 124879
272  fE: -3.10714  dfE: 2.66013e-07  dW: 0.00230336  dPhi(Nx/2)(Ny/2)(Nz/2): 6.29197e-05 Phi A: 0.103531 Phi B: 0.896468 Phi I: 5.82078e-52
Total charge: -1.29414e-19
etaHat: 124879
273  fE: -3.10714  dfE: 4.88908e-07  dW: 0.00228173  dPhi(Nx/2)(Ny/2)(Nz/2): 6.18746e-05 Phi A: 0.103531 Phi B: 0.896468 Phi I: 5.82078e-52
Total charge: -1.29414e-19
etaHat: 124879
274  fE: -3.10714  dfE: 6.64752e-07  dW: 0.00226034  dPhi(Nx/2)(Ny/2)(Nz/2): 6.08685e-05 Phi A: 0.103532 Phi B: 0.896468 Phi I: 5.82078e-52
Total charge: -1.29414e-19
etaHat: 124879
275  fE: -3.10715  dfE: 7.89546e-07  dW: 0.0022392  dPhi(Nx/2)(Ny/2)(Nz/2): 5.99115e-05 Phi A: 0.103532 Phi B: 0.896469 Phi I: 5.82078e-52
Total charge: -1.29414e-19
etaHat: 124879
276  fE: -3.10715  dfE: 8.62248e-07  dW: 0.00221831  dPhi(Nx/2)(Ny/2)(Nz/2): 5.90109e-05 Phi A: 0.103532 Phi B: 0.896469 Phi I: 5.82078e-52
Total charge: -1.29414e-19
etaHat: 124879
277  fE: -3.10715  dfE: 8.84528e-07  dW: 0.00219769  dPhi(Nx/2)(Ny/2)(Nz/2): 5.81721e-05 Phi A: 0.103532 Phi B: 0.896469 Phi I: 5.82078e-52
Total charge: -1.29414e-19
etaHat: 124879
278  fE: -3.10715  dfE: 8.60407e-07  dW: 0.00217731  dPhi(Nx/2)(Ny/2)(Nz/2): 5.73975e-05 Phi A: 0.103532 Phi B: 0.896469 Phi I: 5.82078e-52
Total charge: -1.29414e-19
etaHat: 124879
279  fE: -3.10715  dfE: 7.95815e-07  dW: 0.00215717  dPhi(Nx/2)(Ny/2)(Nz/2): 5.66876e-05 Phi A: 0.103532 Phi B: 0.896469 Phi I: 5.82078e-52
Total charge: -1.29414e-19
etaHat: 124879
280  fE: -3.10715  dfE: 6.98102e-07  dW: 0.00213728  dPhi(Nx/2)(Ny/2)(Nz/2): 5.60405e-05 Phi A: 0.103532 Phi B: 0.896469 Phi I: 5.82078e-52
Saving data . . .
Total charge: -1.29414e-19
etaHat: 124879
281  fE: -3.10715  dfE: 5.75525e-07  dW: 0.00211763  dPhi(Nx/2)(Ny/2)(Nz/2): 5.54525e-05 Phi A: 0.103532 Phi B: 0.896469 Phi I: 5.82078e-52
Total charge: -1.29414e-19
etaHat: 124879
282  fE: -3.10715  dfE: 4.36743e-07  dW: 0.00209823  dPhi(Nx/2)(Ny/2)(Nz/2): 5.49183e-05 Phi A: 0.103532 Phi B: 0.896469 Phi I: 5.82078e-52
Total charge: -1.29414e-19
etaHat: 124879
283  fE: -3.10715  dfE: 2.90344e-07  dW: 0.00207906  dPhi(Nx/2)(Ny/2)(Nz/2): 5.44316e-05 Phi A: 0.103532 Phi B: 0.896469 Phi I: 5.82078e-52
Total charge: -1.29414e-19
etaHat: 124879
284  fE: -3.10715  dfE: 1.44421e-07  dW: 0.00206011  dPhi(Nx/2)(Ny/2)(Nz/2): 5.39853e-05 Phi A: 0.103532 Phi B: 0.896469 Phi I: 5.82078e-52
Total charge: -1.29414e-19
etaHat: 124879
285  fE: -3.10715  dfE: 6.2196e-09  dW: 0.00204139  dPhi(Nx/2)(Ny/2)(Nz/2): 5.35718e-05 Phi A: 0.103532 Phi B: 0.896469 Phi I: 5.82078e-52
Total charge: -1.29414e-19
etaHat: 124879
286  fE: -3.10715  dfE: 1.18139e-07  dW: 0.00202288  dPhi(Nx/2)(Ny/2)(Nz/2): 5.31838e-05 Phi A: 0.103532 Phi B: 0.896469 Phi I: 5.82078e-52
Total charge: -1.29414e-19
etaHat: 124879
287  fE: -3.10715  dfE: 2.23849e-07  dW: 0.00200459  dPhi(Nx/2)(Ny/2)(Nz/2): 5.28141e-05 Phi A: 0.103532 Phi B: 0.896469 Phi I: 5.82078e-52
Total charge: -1.29414e-19
etaHat: 124879
288  fE: -3.10715  dfE: 3.07526e-07  dW: 0.00198652  dPhi(Nx/2)(Ny/2)(Nz/2): 5.24563e-05 Phi A: 0.103531 Phi B: 0.896469 Phi I: 5.82078e-52
Total charge: -1.29414e-19
etaHat: 124879
289  fE: -3.10715  dfE: 3.67233e-07  dW: 0.00196866  dPhi(Nx/2)(Ny/2)(Nz/2): 5.21045e-05 Phi A: 0.103531 Phi B: 0.896468 Phi I: 5.82078e-52
Total charge: -1.29414e-19
etaHat: 124879
290  fE: -3.10715  dfE: 4.02426e-07  dW: 0.00195102  dPhi(Nx/2)(Ny/2)(Nz/2): 5.17542e-05 Phi A: 0.103531 Phi B: 0.896468 Phi I: 5.82078e-52
Saving data . . .
Total charge: -1.29414e-19
etaHat: 124879
291  fE: -3.10715  dfE: 4.13846e-07  dW: 0.00193358  dPhi(Nx/2)(Ny/2)(Nz/2): 5.14018e-05 Phi A: 0.103531 Phi B: 0.896468 Phi I: 5.82078e-52
Total charge: -1.29414e-19
etaHat: 124879
292  fE: -3.10715  dfE: 4.03343e-07  dW: 0.00191636  dPhi(Nx/2)(Ny/2)(Nz/2): 5.10446e-05 Phi A: 0.103531 Phi B: 0.896468 Phi I: 5.82078e-52
Total charge: -1.29414e-19
etaHat: 124879
293  fE: -3.10715  dfE: 3.73677e-07  dW: 0.00189933  dPhi(Nx/2)(Ny/2)(Nz/2): 5.06813e-05 Phi A: 0.103531 Phi B: 0.896468 Phi I: 5.82078e-52
Total charge: -1.29414e-19
etaHat: 124879
294  fE: -3.10715  dfE: 3.28284e-07  dW: 0.00188249  dPhi(Nx/2)(Ny/2)(Nz/2): 5.03113e-05 Phi A: 0.103531 Phi B: 0.896468 Phi I: 5.82078e-52
Total charge: -1.29414e-19
etaHat: 124879
295  fE: -3.10715  dfE: 2.71037e-07  dW: 0.00186586  dPhi(Nx/2)(Ny/2)(Nz/2): 4.99351e-05 Phi A: 0.103531 Phi B: 0.896468 Phi I: 5.82078e-52
Total charge: -1.29414e-19
etaHat: 124879
296  fE: -3.10715  dfE: 2.06005e-07  dW: 0.00184942  dPhi(Nx/2)(Ny/2)(Nz/2): 4.95538e-05 Phi A: 0.103531 Phi B: 0.896468 Phi I: 5.82078e-52
Total charge: -1.29414e-19
etaHat: 124879
297  fE: -3.10715  dfE: 1.37234e-07  dW: 0.00183316  dPhi(Nx/2)(Ny/2)(Nz/2): 4.91691e-05 Phi A: 0.103531 Phi B: 0.896468 Phi I: 5.82078e-52
Total charge: -1.29414e-19
etaHat: 124879
298  fE: -3.10715  dfE: 6.85449e-08  dW: 0.00181709  dPhi(Nx/2)(Ny/2)(Nz/2): 4.87832e-05 Phi A: 0.103531 Phi B: 0.896468 Phi I: 5.82078e-52
Total charge: -1.29414e-19
etaHat: 124879
299  fE: -3.10715  dfE: 3.36307e-09  dW: 0.0018012  dPhi(Nx/2)(Ny/2)(Nz/2): 4.83982e-05 Phi A: 0.103531 Phi B: 0.896468 Phi I: 5.82078e-52
Total charge: -1.29414e-19
etaHat: 124879
300  fE: -3.10715  dfE: 5.54085e-08  dW: 0.00178549  dPhi(Nx/2)(Ny/2)(Nz/2): 4.80166e-05 Phi A: 0.103531 Phi B: 0.896468 Phi I: 5.82078e-52
Saving data . . .
Total charge: -1.29414e-19
etaHat: 124879
301  fE: -3.10715  dfE: 1.05484e-07  dW: 0.00176995  dPhi(Nx/2)(Ny/2)(Nz/2): 4.76406e-05 Phi A: 0.103531 Phi B: 0.896468 Phi I: 5.82078e-52
Total charge: -1.29414e-19
etaHat: 124879
302  fE: -3.10715  dfE: 1.45244e-07  dW: 0.0017546  dPhi(Nx/2)(Ny/2)(Nz/2): 4.72721e-05 Phi A: 0.103531 Phi B: 0.896469 Phi I: 5.82078e-52
Total charge: -1.29414e-19
etaHat: 124879
303  fE: -3.10715  dfE: 1.7375e-07  dW: 0.00173941  dPhi(Nx/2)(Ny/2)(Nz/2): 4.69129e-05 Phi A: 0.103531 Phi B: 0.896469 Phi I: 5.82078e-52
Total charge: -1.29414e-19
etaHat: 124879
304  fE: -3.10715  dfE: 1.90724e-07  dW: 0.00172439  dPhi(Nx/2)(Ny/2)(Nz/2): 4.65643e-05 Phi A: 0.103531 Phi B: 0.896469 Phi I: 5.82078e-52
Total charge: -1.29414e-19
etaHat: 124879
305  fE: -3.10715  dfE: 1.9649e-07  dW: 0.00170954  dPhi(Nx/2)(Ny/2)(Nz/2): 4.62271e-05 Phi A: 0.103532 Phi B: 0.896469 Phi I: 5.82078e-52
Total charge: -1.29414e-19
etaHat: 124879
306  fE: -3.10715  dfE: 1.919e-07  dW: 0.00169485  dPhi(Nx/2)(Ny/2)(Nz/2): 4.59016e-05 Phi A: 0.103532 Phi B: 0.896469 Phi I: 5.82078e-52
Total charge: -1.29414e-19
etaHat: 124879
307  fE: -3.10715  dfE: 1.78239e-07  dW: 0.00168033  dPhi(Nx/2)(Ny/2)(Nz/2): 4.55879e-05 Phi A: 0.103532 Phi B: 0.896469 Phi I: 5.82078e-52
Total charge: -1.29414e-19
etaHat: 124879
308  fE: -3.10715  dfE: 1.57111e-07  dW: 0.00166597  dPhi(Nx/2)(Ny/2)(Nz/2): 4.52853e-05 Phi A: 0.103532 Phi B: 0.896469 Phi I: 5.82078e-52
Total charge: -1.29414e-19
etaHat: 124879
309  fE: -3.10715  dfE: 1.30333e-07  dW: 0.00165176  dPhi(Nx/2)(Ny/2)(Nz/2): 4.49932e-05 Phi A: 0.103532 Phi B: 0.896469 Phi I: 5.82078e-52
Total charge: -1.29414e-19
etaHat: 124879
310  fE: -3.10715  dfE: 9.98185e-08  dW: 0.00163771  dPhi(Nx/2)(Ny/2)(Nz/2): 4.47103e-05 Phi A: 0.103532 Phi B: 0.896469 Phi I: 5.82078e-52
Saving data . . .
Total charge: -1.29414e-19
etaHat: 124879
311  fE: -3.10715  dfE: 6.74726e-08  dW: 0.00162381  dPhi(Nx/2)(Ny/2)(Nz/2): 4.44352e-05 Phi A: 0.103531 Phi B: 0.896469 Phi I: 5.82078e-52
Total charge: -1.29414e-19
etaHat: 124879
312  fE: -3.10715  dfE: 3.50978e-08  dW: 0.00161005  dPhi(Nx/2)(Ny/2)(Nz/2): 4.41666e-05 Phi A: 0.103531 Phi B: 0.896469 Phi I: 5.82078e-52
Total charge: -1.29414e-19
etaHat: 124879
313  fE: -3.10715  dfE: 4.31519e-09  dW: 0.00159645  dPhi(Nx/2)(Ny/2)(Nz/2): 4.39028e-05 Phi A: 0.103531 Phi B: 0.896469 Phi I: 5.82078e-52
Total charge: -1.29414e-19
etaHat: 124879
314  fE: -3.10715  dfE: 2.34995e-08  dW: 0.00158299  dPhi(Nx/2)(Ny/2)(Nz/2): 4.36423e-05 Phi A: 0.103531 Phi B: 0.896469 Phi I: 5.82078e-52
Total charge: -1.29414e-19
etaHat: 124879
315  fE: -3.10715  dfE: 4.72587e-08  dW: 0.00156969  dPhi(Nx/2)(Ny/2)(Nz/2): 4.33836e-05 Phi A: 0.103531 Phi B: 0.896469 Phi I: 5.82078e-52
Total charge: -1.29414e-19
etaHat: 124879
316  fE: -3.10715  dfE: 6.61885e-08  dW: 0.00155652  dPhi(Nx/2)(Ny/2)(Nz/2): 4.31255e-05 Phi A: 0.103531 Phi B: 0.896469 Phi I: 5.82078e-52
Total charge: -1.29414e-19
etaHat: 124879
317  fE: -3.10715  dfE: 7.98352e-08  dW: 0.0015435  dPhi(Nx/2)(Ny/2)(Nz/2): 4.28666e-05 Phi A: 0.103531 Phi B: 0.896468 Phi I: 5.82078e-52
Total charge: -1.29414e-19
etaHat: 124879
318  fE: -3.10715  dfE: 8.80553e-08  dW: 0.00153062  dPhi(Nx/2)(Ny/2)(Nz/2): 4.26062e-05 Phi A: 0.103531 Phi B: 0.896468 Phi I: 5.82078e-52
Total charge: -1.29414e-19
etaHat: 124879
319  fE: -3.10715  dfE: 9.09914e-08  dW: 0.00151787  dPhi(Nx/2)(Ny/2)(Nz/2): 4.23436e-05 Phi A: 0.103531 Phi B: 0.896468 Phi I: 5.82078e-52
Total charge: -1.29414e-19
etaHat: 124879
320  fE: -3.10715  dfE: 8.90357e-08  dW: 0.00150526  dPhi(Nx/2)(Ny/2)(Nz/2): 4.20782e-05 Phi A: 0.103531 Phi B: 0.896468 Phi I: 5.82078e-52
Saving data . . .
Total charge: -1.29414e-19
etaHat: 124879
321  fE: -3.10715  dfE: 8.27847e-08  dW: 0.00149278  dPhi(Nx/2)(Ny/2)(Nz/2): 4.18098e-05 Phi A: 0.103531 Phi B: 0.896468 Phi I: 5.82078e-52
Total charge: -1.29414e-19
etaHat: 124879
322  fE: -3.10715  dfE: 7.29894e-08  dW: 0.00148042  dPhi(Nx/2)(Ny/2)(Nz/2): 4.15384e-05 Phi A: 0.103531 Phi B: 0.896468 Phi I: 5.82078e-52
Total charge: -1.29414e-19
etaHat: 124879
323  fE: -3.10715  dfE: 6.05009e-08  dW: 0.00146819  dPhi(Nx/2)(Ny/2)(Nz/2): 4.12642e-05 Phi A: 0.103531 Phi B: 0.896468 Phi I: 5.82078e-52
Total charge: -1.29414e-19
etaHat: 124879
324  fE: -3.10715  dfE: 4.62186e-08  dW: 0.00145608  dPhi(Nx/2)(Ny/2)(Nz/2): 4.09875e-05 Phi A: 0.103531 Phi B: 0.896468 Phi I: 5.82078e-52
Total charge: -1.29414e-19
etaHat: 124879
325  fE: -3.10715  dfE: 3.104e-08  dW: 0.00144408  dPhi(Nx/2)(Ny/2)(Nz/2): 4.07087e-05 Phi A: 0.103531 Phi B: 0.896468 Phi I: 5.82078e-52
Total charge: -1.29414e-19
etaHat: 124879
326  fE: -3.10715  dfE: 1.58158e-08  dW: 0.00143221  dPhi(Nx/2)(Ny/2)(Nz/2): 4.04284e-05 Phi A: 0.103531 Phi B: 0.896468 Phi I: 5.82078e-52
Total charge: -1.29414e-19
etaHat: 124879
327  fE: -3.10715  dfE: 1.31231e-09  dW: 0.00142047  dPhi(Nx/2)(Ny/2)(Nz/2): 4.01471e-05 Phi A: 0.103531 Phi B: 0.896468 Phi I: 5.82078e-52
Total charge: -1.29414e-19
etaHat: 124879
328  fE: -3.10715  dfE: 1.18181e-08  dW: 0.00140884  dPhi(Nx/2)(Ny/2)(Nz/2): 3.98654e-05 Phi A: 0.103531 Phi B: 0.896468 Phi I: 5.82078e-52
Total charge: -1.29414e-19
etaHat: 124879
329  fE: -3.10715  dfE: 2.30583e-08  dW: 0.00139734  dPhi(Nx/2)(Ny/2)(Nz/2): 3.95839e-05 Phi A: 0.103531 Phi B: 0.896469 Phi I: 5.82078e-52
Total charge: -1.29414e-19
etaHat: 124879
330  fE: -3.10715  dfE: 3.20383e-08  dW: 0.00138595  dPhi(Nx/2)(Ny/2)(Nz/2): 3.93031e-05 Phi A: 0.103531 Phi B: 0.896469 Phi I: 5.82078e-52
Saving data . . .
Total charge: -1.29414e-19
etaHat: 124879
331  fE: -3.10715  dfE: 3.85387e-08  dW: 0.00137467  dPhi(Nx/2)(Ny/2)(Nz/2): 3.90234e-05 Phi A: 0.103531 Phi B: 0.896469 Phi I: 5.82078e-52
Total charge: -1.29414e-19
etaHat: 124879
332  fE: -3.10715  dfE: 4.24866e-08  dW: 0.00136352  dPhi(Nx/2)(Ny/2)(Nz/2): 3.87452e-05 Phi A: 0.103531 Phi B: 0.896469 Phi I: 5.82078e-52
Total charge: -1.29414e-19
etaHat: 124879
333  fE: -3.10715  dfE: 4.3944e-08  dW: 0.00135248  dPhi(Nx/2)(Ny/2)(Nz/2): 3.84687e-05 Phi A: 0.103531 Phi B: 0.896469 Phi I: 5.82078e-52
Total charge: -1.29414e-19
etaHat: 124879
334  fE: -3.10715  dfE: 4.30913e-08  dW: 0.00134156  dPhi(Nx/2)(Ny/2)(Nz/2): 3.81942e-05 Phi A: 0.103531 Phi B: 0.896469 Phi I: 5.82078e-52
Total charge: -1.29414e-19
etaHat: 124879
335  fE: -3.10715  dfE: 4.02057e-08  dW: 0.00133074  dPhi(Nx/2)(Ny/2)(Nz/2): 3.79216e-05 Phi A: 0.103531 Phi B: 0.896469 Phi I: 5.82078e-52
Total charge: -1.29414e-19
etaHat: 124879
336  fE: -3.10715  dfE: 3.56381e-08  dW: 0.00132003  dPhi(Nx/2)(Ny/2)(Nz/2): 3.76511e-05 Phi A: 0.103531 Phi B: 0.896469 Phi I: 5.82078e-52
Total charge: -1.29414e-19
etaHat: 124879
337  fE: -3.10715  dfE: 2.97875e-08  dW: 0.00130942  dPhi(Nx/2)(Ny/2)(Nz/2): 3.73824e-05 Phi A: 0.103531 Phi B: 0.896469 Phi I: 5.82078e-52
Total charge: -1.29414e-19
etaHat: 124879
338  fE: -3.10715  dfE: 2.30768e-08  dW: 0.00129892  dPhi(Nx/2)(Ny/2)(Nz/2): 3.71155e-05 Phi A: 0.103531 Phi B: 0.896469 Phi I: 5.82078e-52
Total charge: -1.29414e-19
etaHat: 124879
339  fE: -3.10715  dfE: 1.59284e-08  dW: 0.00128853  dPhi(Nx/2)(Ny/2)(Nz/2): 3.68502e-05 Phi A: 0.103531 Phi B: 0.896469 Phi I: 5.82078e-52
Total charge: -1.29414e-19
etaHat: 124879
340  fE: -3.10715  dfE: 8.74389e-09  dW: 0.00127824  dPhi(Nx/2)(Ny/2)(Nz/2): 3.65864e-05 Phi A: 0.103531 Phi B: 0.896469 Phi I: 5.82078e-52
Saving data . . .
Total charge: -1.29414e-19
etaHat: 124879
341  fE: -3.10715  dfE: 1.88551e-09  dW: 0.00126805  dPhi(Nx/2)(Ny/2)(Nz/2): 3.63237e-05 Phi A: 0.103531 Phi B: 0.896469 Phi I: 5.82078e-52
Total charge: -1.29414e-19
etaHat: 124879
342  fE: -3.10715  dfE: 4.33752e-09  dW: 0.00125796  dPhi(Nx/2)(Ny/2)(Nz/2): 3.60621e-05 Phi A: 0.103531 Phi B: 0.896469 Phi I: 5.82078e-52
Total charge: -1.29414e-19
etaHat: 124879
343  fE: -3.10715  dfE: 9.67922e-09  dW: 0.00124797  dPhi(Nx/2)(Ny/2)(Nz/2): 3.58013e-05 Phi A: 0.103531 Phi B: 0.896469 Phi I: 5.82078e-52
Total charge: -1.29414e-19
etaHat: 124879
344  fE: -3.10715  dfE: 1.39628e-08  dW: 0.00123807  dPhi(Nx/2)(Ny/2)(Nz/2): 3.55412e-05 Phi A: 0.103531 Phi B: 0.896469 Phi I: 5.82078e-52
Total charge: -1.29414e-19
etaHat: 124879
345  fE: -3.10715  dfE: 1.70824e-08  dW: 0.00122827  dPhi(Nx/2)(Ny/2)(Nz/2): 3.52817e-05 Phi A: 0.103531 Phi B: 0.896469 Phi I: 5.82078e-52
Total charge: -1.29414e-19
etaHat: 124879
346  fE: -3.10715  dfE: 1.90011e-08  dW: 0.00121857  dPhi(Nx/2)(Ny/2)(Nz/2): 3.50229e-05 Phi A: 0.103531 Phi B: 0.896469 Phi I: 5.82078e-52
Total charge: -1.29414e-19
etaHat: 124879
347  fE: -3.10715  dfE: 1.97456e-08  dW: 0.00120896  dPhi(Nx/2)(Ny/2)(Nz/2): 3.47646e-05 Phi A: 0.103531 Phi B: 0.896469 Phi I: 5.82078e-52
Total charge: -1.29414e-19
etaHat: 124879
348  fE: -3.10715  dfE: 1.93987e-08  dW: 0.00119946  dPhi(Nx/2)(Ny/2)(Nz/2): 3.4507e-05 Phi A: 0.103531 Phi B: 0.896469 Phi I: 5.82078e-52
Total charge: -1.29414e-19
etaHat: 124879
349  fE: -3.10715  dfE: 1.80896e-08  dW: 0.00119005  dPhi(Nx/2)(Ny/2)(Nz/2): 3.42502e-05 Phi A: 0.103531 Phi B: 0.896469 Phi I: 5.82078e-52
Total charge: -1.29414e-19
etaHat: 124879
350  fE: -3.10715  dfE: 1.59819e-08  dW: 0.00118073  dPhi(Nx/2)(Ny/2)(Nz/2): 3.39943e-05 Phi A: 0.103531 Phi B: 0.896469 Phi I: 5.82078e-52
Saving data . . .
Total charge: -1.29414e-19
etaHat: 124879
351  fE: -3.10715  dfE: 1.32628e-08  dW: 0.00117151  dPhi(Nx/2)(Ny/2)(Nz/2): 3.37396e-05 Phi A: 0.103531 Phi B: 0.896469 Phi I: 5.82078e-52
Total charge: -1.29414e-19
etaHat: 124879
352  fE: -3.10715  dfE: 1.01309e-08  dW: 0.00116237  dPhi(Nx/2)(Ny/2)(Nz/2): 3.34862e-05 Phi A: 0.103531 Phi B: 0.896469 Phi I: 5.82078e-52
Total charge: -1.29414e-19
etaHat: 124879
353  fE: -3.10715  dfE: 6.78539e-09  dW: 0.00115331  dPhi(Nx/2)(Ny/2)(Nz/2): 3.32344e-05 Phi A: 0.103531 Phi B: 0.896469 Phi I: 5.82078e-52
Total charge: -1.29414e-19
etaHat: 124879
354  fE: -3.10715  dfE: 3.4155e-09  dW: 0.00114434  dPhi(Nx/2)(Ny/2)(Nz/2): 3.29845e-05 Phi A: 0.103531 Phi B: 0.896469 Phi I: 5.82078e-52
Total charge: -1.29414e-19
etaHat: 124879
355  fE: -3.10715  dfE: 1.92562e-10  dW: 0.00113546  dPhi(Nx/2)(Ny/2)(Nz/2): 3.27367e-05 Phi A: 0.103531 Phi B: 0.896469 Phi I: 5.82078e-52
Total charge: -1.29414e-19
etaHat: 124879
356  fE: -3.10715  dfE: 2.73677e-09  dW: 0.00112666  dPhi(Nx/2)(Ny/2)(Nz/2): 3.24911e-05 Phi A: 0.103531 Phi B: 0.896469 Phi I: 5.82078e-52
Total charge: -1.29414e-19
etaHat: 124879
357  fE: -3.10715  dfE: 5.25569e-09  dW: 0.00111794  dPhi(Nx/2)(Ny/2)(Nz/2): 3.22481e-05 Phi A: 0.103531 Phi B: 0.896469 Phi I: 5.82078e-52
Total charge: -1.29414e-19
etaHat: 124879
358  fE: -3.10715  dfE: 7.27957e-09  dW: 0.00110931  dPhi(Nx/2)(Ny/2)(Nz/2): 3.20078e-05 Phi A: 0.103531 Phi B: 0.896469 Phi I: 5.82078e-52
Total charge: -1.29414e-19
etaHat: 124879
359  fE: -3.10715  dfE: 8.75747e-09  dW: 0.00110077  dPhi(Nx/2)(Ny/2)(Nz/2): 3.17704e-05 Phi A: 0.103531 Phi B: 0.896469 Phi I: 5.82078e-52
Total charge: -1.29414e-19
etaHat: 124879
360  fE: -3.10715  dfE: 9.67062e-09  dW: 0.00109231  dPhi(Nx/2)(Ny/2)(Nz/2): 3.1536e-05 Phi A: 0.103531 Phi B: 0.896469 Phi I: 5.82078e-52
Saving data . . .
Total charge: -1.29414e-19
etaHat: 124879
361  fE: -3.10715  dfE: 1.00306e-08  dW: 0.00108392  dPhi(Nx/2)(Ny/2)(Nz/2): 3.13047e-05 Phi A: 0.103531 Phi B: 0.896469 Phi I: 5.82078e-52
Total charge: -1.29414e-19
etaHat: 124879
362  fE: -3.10715  dfE: 9.87541e-09  dW: 0.00107562  dPhi(Nx/2)(Ny/2)(Nz/2): 3.10765e-05 Phi A: 0.103531 Phi B: 0.896469 Phi I: 5.82078e-52
Total charge: -1.29414e-19
etaHat: 124879
363  fE: -3.10715  dfE: 9.26492e-09  dW: 0.00106739  dPhi(Nx/2)(Ny/2)(Nz/2): 3.08514e-05 Phi A: 0.103531 Phi B: 0.896469 Phi I: 5.82078e-52
Total charge: -1.29414e-19
etaHat: 124879
364  fE: -3.10715  dfE: 8.2757e-09  dW: 0.00105924  dPhi(Nx/2)(Ny/2)(Nz/2): 3.06294e-05 Phi A: 0.103531 Phi B: 0.896469 Phi I: 5.82078e-52
Total charge: -1.29414e-19
etaHat: 124879
365  fE: -3.10715  dfE: 6.99544e-09  dW: 0.00105116  dPhi(Nx/2)(Ny/2)(Nz/2): 3.04105e-05 Phi A: 0.103531 Phi B: 0.896469 Phi I: 5.82078e-52
Total charge: -1.29414e-19
etaHat: 124879
366  fE: -3.10715  dfE: 5.51758e-09  dW: 0.00104316  dPhi(Nx/2)(Ny/2)(Nz/2): 3.01945e-05 Phi A: 0.103531 Phi B: 0.896469 Phi I: 5.82078e-52
Total charge: -1.29414e-19
etaHat: 124879
367  fE: -3.10715  dfE: 3.93564e-09  dW: 0.00103524  dPhi(Nx/2)(Ny/2)(Nz/2): 2.99814e-05 Phi A: 0.103531 Phi B: 0.896469 Phi I: 5.82078e-52
Total charge: -1.29414e-19
etaHat: 124879
368  fE: -3.10715  dfE: 2.33911e-09  dW: 0.00102738  dPhi(Nx/2)(Ny/2)(Nz/2): 2.97709e-05 Phi A: 0.103531 Phi B: 0.896469 Phi I: 5.82078e-52
Total charge: -1.29414e-19
etaHat: 124879
369  fE: -3.10715  dfE: 8.08928e-10  dW: 0.0010196  dPhi(Nx/2)(Ny/2)(Nz/2): 2.9563e-05 Phi A: 0.103531 Phi B: 0.896469 Phi I: 5.82078e-52
Total charge: -1.29414e-19
etaHat: 124879
370  fE: -3.10715  dfE: 5.85411e-10  dW: 0.0010119  dPhi(Nx/2)(Ny/2)(Nz/2): 2.93576e-05 Phi A: 0.103531 Phi B: 0.896469 Phi I: 5.82078e-52
Saving data . . .
Total charge: -1.29414e-19
etaHat: 124879
371  fE: -3.10715  dfE: 1.78838e-09  dW: 0.00100427  dPhi(Nx/2)(Ny/2)(Nz/2): 2.91544e-05 Phi A: 0.103531 Phi B: 0.896469 Phi I: 5.82078e-52
Total charge: -1.29414e-19
etaHat: 124879
372  fE: -3.10715  dfE: 2.7596e-09  dW: 0.000996715  dPhi(Nx/2)(Ny/2)(Nz/2): 2.89533e-05 Phi A: 0.103531 Phi B: 0.896469 Phi I: 5.82078e-52
Saving data . . .
