Total charge: 124877
etaHat: 124877
0  fE: -9364.98  dfE: 9464.98  dW: 12.3088  dPhi(Nx/2)(Ny/2)(Nz/2): -4.11389 Phi A: 0.607494 Phi B: 4.48374 Phi I: 999.016
Saving data . . .
Total charge: 1.59566
etaHat: 124879
1  fE: -25221.6  dfE: 15856.6  dW: 17.8136  dPhi(Nx/2)(Ny/2)(Nz/2): -2.42723 Phi A: 0.38678 Phi B: 3.02572 Phi I: 0.0127653
Total charge: 1.48095e-18
etaHat: 124879
2  fE: -19.9809  dfE: 25201.6  dW: 20.0025  dPhi(Nx/2)(Ny/2)(Nz/2): -1.27159 Phi A: 0.248174 Phi B: 2.01402 Phi I: 1.43294e-20
Total charge: -2.05475e-19
etaHat: 124879
3  fE: -14.2661  dfE: 5.71482  dW: 20.176  dPhi(Nx/2)(Ny/2)(Nz/2): -0.533809 Phi A: 0.16438 Phi B: 1.36337 Phi I: 5.82323e-52
Total charge: -1.4175e-19
etaHat: 124879
4  fE: -10.0046  dfE: 4.26145  dW: 19.1458  dPhi(Nx/2)(Ny/2)(Nz/2): -0.069491 Phi A: 0.1134 Phi B: 0.952078 Phi I: 5.82115e-52
Total charge: -1.02246e-19
etaHat: 124879
5  fE: -7.07426  dfE: 2.93035  dW: 17.4092  dPhi(Nx/2)(Ny/2)(Nz/2): 0.224453 Phi A: 0.0817971 Phi B: 0.691002 Phi I: 5.81929e-52
Total charge: -7.72427e-20
etaHat: 124879
6  fE: -5.10998  dfE: 1.96428  dW: 15.2718  dPhi(Nx/2)(Ny/2)(Nz/2): 0.412961 Phi A: 0.0617941 Phi B: 0.523291 Phi I: 5.81767e-52
Total charge: -6.11414e-20
etaHat: 124879
7  fE: -3.79487  dfE: 1.31511  dW: 12.9234  dPhi(Nx/2)(Ny/2)(Nz/2): 0.535393 Phi A: 0.0489132 Phi B: 0.414249 Phi I: 5.81631e-52
Total charge: -5.06881e-20
etaHat: 124879
8  fE: -2.90495  dfE: 0.889921  dW: 10.4844  dPhi(Nx/2)(Ny/2)(Nz/2): 0.615378 Phi A: 0.0405505 Phi B: 0.342961 Phi I: 5.81521e-52
Total charge: -4.39673e-20
etaHat: 124879
9  fE: -2.2925  dfE: 0.612455  dW: 8.03316  dPhi(Nx/2)(Ny/2)(Nz/2): 0.667115 Phi A: 0.0351739 Phi B: 0.296825 Phi I: 5.81436e-52
Total charge: -3.98445e-20
etaHat: 124879
10  fE: -1.86214  dfE: 0.430359  dW: 5.62254  dPhi(Nx/2)(Ny/2)(Nz/2): 0.699132 Phi A: 0.0318756 Phi B: 0.268259 Phi I: 5.81377e-52
Saving data . . .
Total charge: -3.76548e-20
etaHat: 124879
11  fE: -1.55213  dfE: 0.310003  dW: 3.28989  dPhi(Nx/2)(Ny/2)(Nz/2): 0.716485 Phi A: 0.0301238 Phi B: 0.252765 Phi I: 5.81342e-52
Total charge: -3.70295e-20
etaHat: 124879
12  fE: -1.32173  dfE: 0.230408  dW: 1.06388  dPhi(Nx/2)(Ny/2)(Nz/2): 0.722009 Phi A: 0.0296236 Phi B: 0.247816 Phi I: 5.8133e-52
Total charge: -3.77989e-20
etaHat: 124879
13  fE: -1.14302  dfE: 0.178711  dW: 1.03241  dPhi(Nx/2)(Ny/2)(Nz/2): 0.717042 Phi A: 0.0302391 Phi B: 0.252223 Phi I: 5.8134e-52
Total charge: -3.994e-20
etaHat: 124879
14  fE: -0.995857  dfE: 0.147158  dW: 2.97523  dPhi(Nx/2)(Ny/2)(Nz/2): 0.701813 Phi A: 0.031952 Phi B: 0.265782 Phi I: 5.8137e-52
Total charge: -4.35482e-20
etaHat: 124879
15  fE: -0.864727  dfE: 0.131131  dW: 4.74148  dPhi(Nx/2)(Ny/2)(Nz/2): 0.675654 Phi A: 0.0348386 Phi B: 0.289093 Phi I: 5.81419e-52
Total charge: -4.88218e-20
etaHat: 124879
16  fE: -0.737031  dfE: 0.127696  dW: 6.30388  dPhi(Nx/2)(Ny/2)(Nz/2): 0.637111 Phi A: 0.0390575 Phi B: 0.323457 Phi I: 5.81484e-52
Total charge: -5.60476e-20
etaHat: 124879
17  fE: -0.602787  dfE: 0.134244  dW: 7.63022  dPhi(Nx/2)(Ny/2)(Nz/2): 0.584043 Phi A: 0.0448381 Phi B: 0.370795 Phi I: 5.81563e-52
Total charge: -6.55737e-20
etaHat: 124879
18  fE: -0.455963  dfE: 0.146824  dW: 8.6821  dPhi(Nx/2)(Ny/2)(Nz/2): 0.513797 Phi A: 0.052459 Phi B: 0.433495 Phi I: 5.81654e-52
Total charge: -7.77536e-20
etaHat: 124879
19  fE: -0.298042  dfE: 0.157921  dW: 9.41496  dPhi(Nx/2)(Ny/2)(Nz/2): 0.423587 Phi A: 0.0622029 Phi B: 0.514076 Phi I: 5.81753e-52
Total charge: -9.2838e-20
etaHat: 124879
20  fE: -0.144123  dfE: 0.153919  dW: 9.78049  dPhi(Nx/2)(Ny/2)(Nz/2): 0.311243 Phi A: 0.0742704 Phi B: 0.614531 Phi I: 5.81857e-52
Saving data . . .
Total charge: -1.108e-19
etaHat: 124879
21  fE: -0.0304655  dfE: 0.113657  dW: 9.73267  dPhi(Nx/2)(Ny/2)(Nz/2): 0.176452 Phi A: 0.08864 Phi B: 0.735225 Phi I: 5.81961e-52
Total charge: -1.31105e-19
etaHat: 124879
22  fE: -0.019199  dfE: 0.0112665  dW: 9.23852  dPhi(Nx/2)(Ny/2)(Nz/2): 0.0224528 Phi A: 0.104884 Phi B: 0.873374 Phi I: 5.82062e-52
Total charge: -1.52497e-19
etaHat: 124879
23  fE: -0.191878  dfE: 0.172679  dW: 8.29314  dPhi(Nx/2)(Ny/2)(Nz/2): -0.142287 Phi A: 0.121998 Phi B: 1.02154 Phi I: 5.82153e-52
Total charge: -1.72962e-19
etaHat: 124879
24  fE: -0.623536  dfE: 0.431658  dW: 6.9352  dPhi(Nx/2)(Ny/2)(Nz/2): -0.303487 Phi A: 0.138369 Phi B: 1.16705 Phi I: 5.82231e-52
Total charge: -1.90024e-19
etaHat: 124879
25  fE: -1.33991  dfE: 0.716373  dW: 5.25556  dPhi(Nx/2)(Ny/2)(Nz/2): -0.442835 Phi A: 0.152019 Phi B: 1.29353 Phi I: 5.82292e-52
Total charge: -2.01411e-19
etaHat: 124879
26  fE: -2.28113  dfE: 0.941225  dW: 3.39134  dPhi(Nx/2)(Ny/2)(Nz/2): -0.54252 Phi A: 0.161129 Phi B: 1.38492 Phi I: 5.82332e-52
Total charge: -2.05806e-19
etaHat: 124879
27  fE: -3.30452  dfE: 1.02339  dW: 1.5035  dPhi(Nx/2)(Ny/2)(Nz/2): -0.59089 Phi A: 0.164645 Phi B: 1.4305 Phi I: 5.82352e-52
Total charge: -2.03273e-19
etaHat: 124879
28  fE: -4.23533  dfE: 0.930811  dW: 0.373649  dPhi(Nx/2)(Ny/2)(Nz/2): -0.586156 Phi A: 0.162618 Phi B: 1.42836 Phi I: 5.82352e-52
Total charge: -1.95092e-19
etaHat: 124879
29  fE: -4.93429  dfE: 0.698954  dW: 1.76145  dPhi(Nx/2)(Ny/2)(Nz/2): -0.536034 Phi A: 0.156074 Phi B: 1.38514 Phi I: 5.82334e-52
Total charge: -1.83191e-19
etaHat: 124879
30  fE: -5.33865  dfE: 0.404364  dW: 2.94556  dPhi(Nx/2)(Ny/2)(Nz/2): -0.454006 Phi A: 0.146553 Phi B: 1.31276 Phi I: 5.82304e-52
Saving data . . .
Total charge: -1.69516e-19
etaHat: 124879
31  fE: -5.46081  dfE: 0.122156  dW: 3.7795  dPhi(Nx/2)(Ny/2)(Nz/2): -0.354726 Phi A: 0.135613 Phi B: 1.22436 Phi I: 5.82264e-52
Total charge: -1.55639e-19
etaHat: 124879
32  fE: -5.3598  dfE: 0.101008  dW: 4.27257  dPhi(Nx/2)(Ny/2)(Nz/2): -0.250707 Phi A: 0.124511 Phi B: 1.13125 Phi I: 5.82218e-52
Total charge: -1.42626e-19
etaHat: 124879
33  fE: -5.10952  dfE: 0.250277  dW: 4.45772  dPhi(Nx/2)(Ny/2)(Nz/2): -0.150932 Phi A: 0.1141 Phi B: 1.04162 Phi I: 5.8217e-52
Total charge: -1.31083e-19
etaHat: 124879
34  fE: -4.77721  dfE: 0.332318  dW: 4.38057  dPhi(Nx/2)(Ny/2)(Nz/2): -0.0609137 Phi A: 0.104867 Phi B: 0.960529 Phi I: 5.82123e-52
Total charge: -1.21283e-19
etaHat: 124879
35  fE: -4.41407  dfE: 0.363137  dW: 4.09121  dPhi(Nx/2)(Ny/2)(Nz/2): 0.016563 Phi A: 0.0970261 Phi B: 0.89058 Phi I: 5.82079e-52
Total charge: -1.1328e-19
etaHat: 124879
36  fE: -4.05435  dfE: 0.359721  dW: 3.63918  dPhi(Nx/2)(Ny/2)(Nz/2): 0.0805496 Phi A: 0.0906238 Phi B: 0.832696 Phi I: 5.8204e-52
Total charge: -1.0701e-19
etaHat: 124879
37  fE: -3.71828  dfE: 0.336069  dW: 3.07066  dPhi(Nx/2)(Ny/2)(Nz/2): 0.131189 Phi A: 0.0856083 Phi B: 0.786796 Phi I: 5.82007e-52
Total charge: -1.02356e-19
etaHat: 124879
38  fE: -3.41611  dfE: 0.302168  dW: 2.42729  dPhi(Nx/2)(Ny/2)(Nz/2): 0.169182 Phi A: 0.0818845 Phi B: 0.752278 Phi I: 5.81981e-52
Total charge: -9.91789e-20
etaHat: 124879
39  fE: -3.15171  dfE: 0.264404  dW: 1.74585  dPhi(Nx/2)(Ny/2)(Nz/2): 0.195454 Phi A: 0.0793431 Phi B: 0.728323 Phi I: 5.81962e-52
Total charge: -9.73463e-20
etaHat: 124879
40  fE: -2.92529  dfE: 0.226419  dW: 1.05853  dPhi(Nx/2)(Ny/2)(Nz/2): 0.210972 Phi A: 0.077877 Phi B: 0.71407 Phi I: 5.8195e-52
Saving data . . .
Total charge: -9.67334e-20
etaHat: 124879
41  fE: -2.73534  dfE: 0.189953  dW: 0.393303  dPhi(Nx/2)(Ny/2)(Nz/2): 0.216659 Phi A: 0.0773867 Phi B: 0.708689 Phi I: 5.81945e-52
Total charge: -9.72252e-20
etaHat: 124879
42  fE: -2.57983  dfE: 0.15551  dW: 0.229847  dPhi(Nx/2)(Ny/2)(Nz/2): 0.213387 Phi A: 0.0777801 Phi B: 0.711395 Phi I: 5.81947e-52
Total charge: -9.87106e-20
etaHat: 124879
43  fE: -2.45699  dfE: 0.122834  dW: 0.778381  dPhi(Nx/2)(Ny/2)(Nz/2): 0.201999 Phi A: 0.0789685 Phi B: 0.721425 Phi I: 5.81955e-52
Total charge: -1.01075e-19
etaHat: 124879
44  fE: -2.36573  dfE: 0.0912584  dW: 1.24743  dPhi(Nx/2)(Ny/2)(Nz/2): 0.183368 Phi A: 0.0808603 Phi B: 0.73799 Phi I: 5.81969e-52
Total charge: -1.04193e-19
etaHat: 124879
45  fE: -2.30576  dfE: 0.0599709  dW: 1.61976  dPhi(Nx/2)(Ny/2)(Nz/2): 0.158463 Phi A: 0.0833542 Phi B: 0.760216 Phi I: 5.81986e-52
Total charge: -1.07916e-19
etaHat: 124879
46  fE: -2.2775  dfE: 0.0282618  dW: 1.88609  dPhi(Nx/2)(Ny/2)(Nz/2): 0.128409 Phi A: 0.0863327 Phi B: 0.787088 Phi I: 5.82006e-52
Total charge: -1.12072e-19
etaHat: 124879
47  fE: -2.28173  dfE: 0.00423233  dW: 2.04152  dPhi(Nx/2)(Ny/2)(Nz/2): 0.0945416 Phi A: 0.0896574 Phi B: 0.817404 Phi I: 5.82028e-52
Total charge: -1.1646e-19
etaHat: 124879
48  fE: -2.31903  dfE: 0.0372962  dW: 2.08597  dPhi(Nx/2)(Ny/2)(Nz/2): 0.0584214 Phi A: 0.093168 Phi B: 0.849757 Phi I: 5.8205e-52
Total charge: -1.20857e-19
etaHat: 124879
49  fE: -2.38899  dfE: 0.0699634  dW: 2.02445  dPhi(Nx/2)(Ny/2)(Nz/2): 0.0218072 Phi A: 0.0966859 Phi B: 0.882568 Phi I: 5.82072e-52
Total charge: -1.25029e-19
etaHat: 124879
50  fE: -2.48948  dfE: 0.100483  dW: 1.86712  dPhi(Nx/2)(Ny/2)(Nz/2): -0.0134264 Phi A: 0.100024 Phi B: 0.91415 Phi I: 5.82093e-52
Saving data . . .
Total charge: -1.28749e-19
etaHat: 124879
51  fE: -2.61597  dfE: 0.126495  dW: 1.62889  dPhi(Nx/2)(Ny/2)(Nz/2): -0.0454234 Phi A: 0.102999 Phi B: 0.942834 Phi I: 5.82111e-52
Total charge: -1.31816e-19
etaHat: 124879
52  fE: -2.76141  dfE: 0.145441  dW: 1.32858  dPhi(Nx/2)(Ny/2)(Nz/2): -0.0725143 Phi A: 0.105453 Phi B: 0.96712 Phi I: 5.82126e-52
Total charge: -1.34081e-19
etaHat: 124879
53  fE: -2.91654  dfE: 0.155127  dW: 0.987609  dPhi(Nx/2)(Ny/2)(Nz/2): -0.0933881 Phi A: 0.107265 Phi B: 0.985827 Phi I: 5.82137e-52
Total charge: -1.35459e-19
etaHat: 124879
54  fE: -3.07083  dfE: 0.154291  dW: 0.628385  dPhi(Nx/2)(Ny/2)(Nz/2): -0.10723 Phi A: 0.108367 Phi B: 0.99822 Phi I: 5.82145e-52
Total charge: -1.35936e-19
etaHat: 124879
55  fE: -3.21381  dfE: 0.142981  dW: 0.272688  dPhi(Nx/2)(Ny/2)(Nz/2): -0.113792 Phi A: 0.108749 Phi B: 1.00407 Phi I: 5.82148e-52
Total charge: -1.35571e-19
etaHat: 124879
56  fE: -3.33641  dfE: 0.122601  dW: 0.0892326  dPhi(Nx/2)(Ny/2)(Nz/2): -0.11339 Phi A: 0.108456 Phi B: 1.00367 Phi I: 5.82148e-52
Total charge: -1.34473e-19
etaHat: 124879
57  fE: -3.43204  dfE: 0.0956269  dW: 0.354252  dPhi(Nx/2)(Ny/2)(Nz/2): -0.106815 Phi A: 0.107579 Phi B: 0.997713 Phi I: 5.82145e-52
Total charge: -1.32796e-19
etaHat: 124879
58  fE: -3.49713  dfE: 0.0650944  dW: 0.597599  dPhi(Nx/2)(Ny/2)(Nz/2): -0.0952046 Phi A: 0.106237 Phi B: 0.98723 Phi I: 5.82139e-52
Total charge: -1.30708e-19
etaHat: 124879
59  fE: -3.53117  dfE: 0.034037  dW: 0.782983  dPhi(Nx/2)(Ny/2)(Nz/2): -0.0798863 Phi A: 0.104566 Phi B: 0.973411 Phi I: 5.8213e-52
Total charge: -1.28379e-19
etaHat: 124879
60  fE: -3.5362  dfE: 0.0050314  dW: 0.907381  dPhi(Nx/2)(Ny/2)(Nz/2): -0.0622315 Phi A: 0.102703 Phi B: 0.95749 Phi I: 5.82121e-52
Saving data . . .
Total charge: -1.25968e-19
etaHat: 124879
61  fE: -3.51614  dfE: 0.0200639  dW: 0.971579  dPhi(Nx/2)(Ny/2)(Nz/2): -0.0435387 Phi A: 0.100775 Phi B: 0.940635 Phi I: 5.82111e-52
Total charge: -1.23611e-19
etaHat: 124879
62  fE: -3.47597  dfE: 0.0401712  dW: 0.979502  dPhi(Nx/2)(Ny/2)(Nz/2): -0.0249525 Phi A: 0.0988891 Phi B: 0.92388 Phi I: 5.821e-52
Total charge: -1.21419e-19
etaHat: 124879
63  fE: -3.42106  dfE: 0.0549074  dW: 0.937479  dPhi(Nx/2)(Ny/2)(Nz/2): -0.00742022 Phi A: 0.0971349 Phi B: 0.908076 Phi I: 5.8209e-52
Total charge: -1.19473e-19
etaHat: 124879
64  fE: -3.35664  dfE: 0.0644173  dW: 0.853503  dPhi(Nx/2)(Ny/2)(Nz/2): 0.0083237 Phi A: 0.0955788 Phi B: 0.893889 Phi I: 5.82081e-52
Total charge: -1.17834e-19
etaHat: 124879
65  fE: -3.28745  dfE: 0.0691885  dW: 0.736572  dPhi(Nx/2)(Ny/2)(Nz/2): 0.0217513 Phi A: 0.0942673 Phi B: 0.881795 Phi I: 5.82073e-52
Total charge: -1.16536e-19
etaHat: 124879
66  fE: -3.21757  dfE: 0.0698875  dW: 0.596103  dPhi(Nx/2)(Ny/2)(Nz/2): 0.0325233 Phi A: 0.093229 Phi B: 0.872101 Phi I: 5.82067e-52
Total charge: -1.15595e-19
etaHat: 124879
67  fE: -3.15033  dfE: 0.0672368  dW: 0.441455  dPhi(Nx/2)(Ny/2)(Nz/2): 0.0404665 Phi A: 0.0924762 Phi B: 0.864965 Phi I: 5.82062e-52
Total charge: -1.1501e-19
etaHat: 124879
68  fE: -3.08839  dfE: 0.0619353  dW: 0.281537  dPhi(Nx/2)(Ny/2)(Nz/2): 0.0455496 Phi A: 0.0920084 Phi B: 0.860417 Phi I: 5.82059e-52
Total charge: -1.14767e-19
etaHat: 124879
69  fE: -3.03378  dfE: 0.0546179  dW: 0.124681  dPhi(Nx/2)(Ny/2)(Nz/2): 0.0478614 Phi A: 0.0918135 Phi B: 0.858379 Phi I: 5.82057e-52
Total charge: -1.14838e-19
etaHat: 124879
70  fE: -2.98793  dfE: 0.0458427  dW: 0.0418298  dPhi(Nx/2)(Ny/2)(Nz/2): 0.0475915 Phi A: 0.0918702 Phi B: 0.858681 Phi I: 5.82057e-52
Saving data . . .
Total charge: -1.15187e-19
etaHat: 124879
71  fE: -2.95184  dfE: 0.0360977  dW: 0.153465  dPhi(Nx/2)(Ny/2)(Nz/2): 0.0450134 Phi A: 0.0921496 Phi B: 0.861079 Phi I: 5.82059e-52
Total charge: -1.15771e-19
etaHat: 124879
72  fE: -2.92602  dfE: 0.0258162  dW: 0.26373  dPhi(Nx/2)(Ny/2)(Nz/2): 0.0404685 Phi A: 0.0926165 Phi B: 0.865264 Phi I: 5.82062e-52
Total charge: -1.16539e-19
etaHat: 124879
73  fE: -2.91062  dfE: 0.0153958  dW: 0.350013  dPhi(Nx/2)(Ny/2)(Nz/2): 0.0343513 Phi A: 0.0932309 Phi B: 0.870884 Phi I: 5.82065e-52
Total charge: -1.17437e-19
etaHat: 124879
74  fE: -2.90541  dfE: 0.00521285  dW: 0.410423  dPhi(Nx/2)(Ny/2)(Nz/2): 0.0270928 Phi A: 0.0939496 Phi B: 0.877547 Phi I: 5.8207e-52
Total charge: -1.1841e-19
etaHat: 124879
75  fE: -2.90978  dfE: 0.00436912  dW: 0.444469  dPhi(Nx/2)(Ny/2)(Nz/2): 0.0191433 Phi A: 0.0947281 Phi B: 0.88485 Phi I: 5.82075e-52
Total charge: -1.19403e-19
etaHat: 124879
76  fE: -2.92278  dfE: 0.0130016  dW: 0.452967  dPhi(Nx/2)(Ny/2)(Nz/2): 0.010953 Phi A: 0.095522 Phi B: 0.892383 Phi I: 5.8208e-52
Total charge: -1.20362e-19
etaHat: 124879
77  fE: -2.94314  dfE: 0.0203628  dW: 0.437918  dPhi(Nx/2)(Ny/2)(Nz/2): 0.00295238 Phi A: 0.0962897 Phi B: 0.899758 Phi I: 5.82084e-52
Total charge: -1.21242e-19
etaHat: 124879
78  fE: -2.96932  dfE: 0.026177  dW: 0.402316  dPhi(Nx/2)(Ny/2)(Nz/2): -0.00446868 Phi A: 0.0969936 Phi B: 0.906621 Phi I: 5.82089e-52
Total charge: -1.22003e-19
etaHat: 124879
79  fE: -2.99956  dfE: 0.0302387  dW: 0.349933  dPhi(Nx/2)(Ny/2)(Nz/2): -0.0109788 Phi A: 0.0976025 Phi B: 0.912668 Phi I: 5.82093e-52
Total charge: -1.22616e-19
etaHat: 124879
80  fE: -3.03199  dfE: 0.0324347  dW: 0.285057  dPhi(Nx/2)(Ny/2)(Nz/2): -0.0163203 Phi A: 0.0980925 Phi B: 0.917665 Phi I: 5.82096e-52
Saving data . . .
Total charge: -1.2306e-19
etaHat: 124879
81  fE: -3.06476  dfE: 0.032761  dW: 0.212225  dPhi(Nx/2)(Ny/2)(Nz/2): -0.0203198 Phi A: 0.0984483 Phi B: 0.921452 Phi I: 5.82098e-52
Total charge: -1.23329e-19
etaHat: 124879
82  fE: -3.09608  dfE: 0.0313273  dW: 0.135957  dPhi(Nx/2)(Ny/2)(Nz/2): -0.022892 Phi A: 0.0986631 Phi B: 0.923947 Phi I: 5.821e-52
Total charge: -1.23424e-19
etaHat: 124879
83  fE: -3.12443  dfE: 0.0283498  dW: 0.0627896  dPhi(Nx/2)(Ny/2)(Nz/2): -0.0240384 Phi A: 0.0987389 Phi B: 0.925149 Phi I: 5.82101e-52
Total charge: -1.23356e-19
etaHat: 124879
84  fE: -3.14856  dfE: 0.0241313  dW: 0.0313888  dPhi(Nx/2)(Ny/2)(Nz/2): -0.0238387 Phi A: 0.0986849 Phi B: 0.925127 Phi I: 5.82101e-52
Total charge: -1.23146e-19
etaHat: 124879
85  fE: -3.1676  dfE: 0.0190321  dW: 0.0739705  dPhi(Nx/2)(Ny/2)(Nz/2): -0.0224392 Phi A: 0.0985167 Phi B: 0.924009 Phi I: 5.821e-52
Total charge: -1.22818e-19
etaHat: 124879
86  fE: -3.18103  dfE: 0.0134366  dW: 0.126389  dPhi(Nx/2)(Ny/2)(Nz/2): -0.020036 Phi A: 0.0982545 Phi B: 0.921971 Phi I: 5.82099e-52
Total charge: -1.22401e-19
etaHat: 124879
87  fE: -3.18875  dfE: 0.00772017  dW: 0.167526  dPhi(Nx/2)(Ny/2)(Nz/2): -0.0168586 Phi A: 0.0979211 Phi B: 0.919218 Phi I: 5.82097e-52
Total charge: -1.21926e-19
etaHat: 124879
88  fE: -3.19097  dfE: 0.00222144  dW: 0.196028  dPhi(Nx/2)(Ny/2)(Nz/2): -0.0131518 Phi A: 0.097541 Phi B: 0.915971 Phi I: 5.82095e-52
Total charge: -1.21422e-19
etaHat: 124879
89  fE: -3.1882  dfE: 0.00277799  dW: 0.211792  dPhi(Nx/2)(Ny/2)(Nz/2): -0.0091608 Phi A: 0.097138 Phi B: 0.912452 Phi I: 5.82093e-52
Total charge: -1.20918e-19
etaHat: 124879
90  fE: -3.18113  dfE: 0.00706506  dW: 0.215376  dPhi(Nx/2)(Ny/2)(Nz/2): -0.00511698 Phi A: 0.0967343 Phi B: 0.908869 Phi I: 5.8209e-52
Saving data . . .
Total charge: -1.20437e-19
etaHat: 124879
91  fE: -3.17063  dfE: 0.0104985  dW: 0.207893  dPhi(Nx/2)(Ny/2)(Nz/2): -0.00122778 Phi A: 0.0963498 Phi B: 0.90541 Phi I: 5.82088e-52
Total charge: -1.20001e-19
etaHat: 124879
92  fE: -3.15763  dfE: 0.0130056  dW: 0.190887  dPhi(Nx/2)(Ny/2)(Nz/2): 0.00233104 Phi A: 0.0960008 Phi B: 0.902236 Phi I: 5.82086e-52
Total charge: -1.19626e-19
etaHat: 124879
93  fE: -3.14305  dfE: 0.014574  dW: 0.166208  dPhi(Nx/2)(Ny/2)(Nz/2): 0.00542007 Phi A: 0.0957004 Phi B: 0.899473 Phi I: 5.82084e-52
Total charge: -1.19322e-19
etaHat: 124879
94  fE: -3.12781  dfE: 0.0152418  dW: 0.135885  dPhi(Nx/2)(Ny/2)(Nz/2): 0.0079385 Phi A: 0.0954575 Phi B: 0.897214 Phi I: 5.82083e-52
Total charge: -1.19097e-19
etaHat: 124879
95  fE: -3.11273  dfE: 0.0150859  dW: 0.102008  dPhi(Nx/2)(Ny/2)(Nz/2): 0.00982411 Phi A: 0.0952773 Phi B: 0.895516 Phi I: 5.82082e-52
Total charge: -1.18952e-19
etaHat: 124879
96  fE: -3.09851  dfE: 0.0142115  dW: 0.0667151  dPhi(Nx/2)(Ny/2)(Nz/2): 0.0110516 Phi A: 0.0951616 Phi B: 0.894405 Phi I: 5.82081e-52
Total charge: -1.18886e-19
etaHat: 124879
97  fE: -3.08577  dfE: 0.0127429  dW: 0.0346803  dPhi(Nx/2)(Ny/2)(Nz/2): 0.0116296 Phi A: 0.0951088 Phi B: 0.893873 Phi I: 5.82081e-52
Total charge: -1.18893e-19
etaHat: 124879
98  fE: -3.07496  dfE: 0.0108148  dW: 0.0209876  dPhi(Nx/2)(Ny/2)(Nz/2): 0.0115963 Phi A: 0.0951146 Phi B: 0.893886 Phi I: 5.82081e-52
Total charge: -1.18965e-19
etaHat: 124879
99  fE: -3.06639  dfE: 0.00856635  dW: 0.0334843  dPhi(Nx/2)(Ny/2)(Nz/2): 0.0110151 Phi A: 0.0951723 Phi B: 0.89439 Phi I: 5.82081e-52
Total charge: -1.19092e-19
etaHat: 124879
100  fE: -3.06026  dfE: 0.00613484  dW: 0.0557273  dPhi(Nx/2)(Ny/2)(Nz/2): 0.00996898 Phi A: 0.0952735 Phi B: 0.895311 Phi I: 5.82082e-52
Saving data . . .
Total charge: -1.19261e-19
etaHat: 124879
101  fE: -3.0566  dfE: 0.00365162  dW: 0.0750581  dPhi(Nx/2)(Ny/2)(Nz/2): 0.00855467 Phi A: 0.0954085 Phi B: 0.89656 Phi I: 5.82082e-52
Total charge: -1.19459e-19
etaHat: 124879
102  fE: -3.05537  dfE: 0.0012378  dW: 0.0887634  dPhi(Nx/2)(Ny/2)(Nz/2): 0.00687725 Phi A: 0.0955668 Phi B: 0.898046 Phi I: 5.82083e-52
Total charge: -1.19673e-19
etaHat: 124879
103  fE: -3.05637  dfE: 0.000999358  dW: 0.0966015  dPhi(Nx/2)(Ny/2)(Nz/2): 0.00504433 Phi A: 0.0957381 Phi B: 0.899671 Phi I: 5.82084e-52
Total charge: -1.1989e-19
etaHat: 124879
104  fE: -3.05933  dfE: 0.00296957  dW: 0.0987709  dPhi(Nx/2)(Ny/2)(Nz/2): 0.00316071 Phi A: 0.0959121 Phi B: 0.901341 Phi I: 5.82086e-52
Total charge: -1.201e-19
etaHat: 124879
105  fE: -3.06394  dfE: 0.00460221  dW: 0.0957373  dPhi(Nx/2)(Ny/2)(Nz/2): 0.00132363 Phi A: 0.0960796 Phi B: 0.902969 Phi I: 5.82087e-52
Total charge: -1.20291e-19
etaHat: 124879
106  fE: -3.06979  dfE: 0.00584829  dW: 0.0881797  dPhi(Nx/2)(Ny/2)(Nz/2): -0.000381396 Phi A: 0.0962327 Phi B: 0.904477 Phi I: 5.82088e-52
Total charge: -1.20456e-19
etaHat: 124879
107  fE: -3.07647  dfE: 0.00668151  dW: 0.0769379  dPhi(Nx/2)(Ny/2)(Nz/2): -0.00188371 Phi A: 0.0963647 Phi B: 0.905803 Phi I: 5.82088e-52
Total charge: -1.20589e-19
etaHat: 124879
108  fE: -3.08356  dfE: 0.00709824  dW: 0.0629706  dPhi(Nx/2)(Ny/2)(Nz/2): -0.00312976 Phi A: 0.0964708 Phi B: 0.906898 Phi I: 5.82089e-52
Total charge: -1.20685e-19
etaHat: 124879
109  fE: -3.09068  dfE: 0.00711635  dW: 0.0474419  dPhi(Nx/2)(Ny/2)(Nz/2): -0.00408424 Phi A: 0.0965481 Phi B: 0.907731 Phi I: 5.8209e-52
Total charge: -1.20744e-19
etaHat: 124879
110  fE: -3.09745  dfE: 0.00677276  dW: 0.0323876  dPhi(Nx/2)(Ny/2)(Nz/2): -0.00473014 Phi A: 0.0965953 Phi B: 0.908286 Phi I: 5.8209e-52
Saving data . . .
Total charge: -1.20766e-19
etaHat: 124879
111  fE: -3.10357  dfE: 0.00612009  dW: 0.0213699  dPhi(Nx/2)(Ny/2)(Nz/2): -0.00506785 Phi A: 0.0966129 Phi B: 0.908564 Phi I: 5.8209e-52
Total charge: -1.20753e-19
etaHat: 124879
112  fE: -3.1088  dfE: 0.00522242  dW: 0.0177242  dPhi(Nx/2)(Ny/2)(Nz/2): -0.00511341 Phi A: 0.0966028 Phi B: 0.90858 Phi I: 5.8209e-52
Total charge: -1.2071e-19
etaHat: 124879
113  fE: -3.11295  dfE: 0.00415073  dW: 0.0212683  dPhi(Nx/2)(Ny/2)(Nz/2): -0.00489605 Phi A: 0.0965681 Phi B: 0.908358 Phi I: 5.8209e-52
Total charge: -1.20641e-19
etaHat: 124879
114  fE: -3.11593  dfE: 0.00297819  dW: 0.0287304  dPhi(Nx/2)(Ny/2)(Nz/2): -0.00445531 Phi A: 0.0965129 Phi B: 0.907937 Phi I: 5.8209e-52
Total charge: -1.20552e-19
etaHat: 124879
115  fE: -3.1177  dfE: 0.0017758  dW: 0.0365679  dPhi(Nx/2)(Ny/2)(Nz/2): -0.00383787 Phi A: 0.096442 Phi B: 0.907357 Phi I: 5.82089e-52
Total charge: -1.2045e-19
etaHat: 124879
116  fE: -3.11831  dfE: 0.000608624  dW: 0.0426705  dPhi(Nx/2)(Ny/2)(Nz/2): -0.00309441 Phi A: 0.0963603 Phi B: 0.906665 Phi I: 5.82089e-52
Total charge: -1.20341e-19
etaHat: 124879
117  fE: -3.11784  dfE: 0.000467192  dW: 0.0462777  dPhi(Nx/2)(Ny/2)(Nz/2): -0.0022765 Phi A: 0.0962729 Phi B: 0.905907 Phi I: 5.82088e-52
Total charge: -1.20231e-19
etaHat: 124879
118  fE: -3.11644  dfE: 0.00140648  dW: 0.0472933  dPhi(Nx/2)(Ny/2)(Nz/2): -0.00143393 Phi A: 0.0961847 Phi B: 0.905128 Phi I: 5.82088e-52
Total charge: -1.20125e-19
etaHat: 124879
119  fE: -3.11426  dfE: 0.00217621  dW: 0.0458968  dPhi(Nx/2)(Ny/2)(Nz/2): -0.000612331 Phi A: 0.0960999 Phi B: 0.90437 Phi I: 5.82087e-52
Total charge: -1.20028e-19
etaHat: 124879
120  fE: -3.1115  dfE: 0.00275575  dW: 0.0424132  dPhi(Nx/2)(Ny/2)(Nz/2): 0.000148642 Phi A: 0.0960223 Phi B: 0.903668 Phi I: 5.82087e-52
Saving data . . .
Total charge: -1.19944e-19
etaHat: 124879
121  fE: -3.10837  dfE: 0.00313646  dW: 0.0372887  dPhi(Nx/2)(Ny/2)(Nz/2): 0.000816662 Phi A: 0.0959549 Phi B: 0.903052 Phi I: 5.82087e-52
Total charge: -1.19875e-19
etaHat: 124879
122  fE: -3.10505  dfE: 0.00332068  dW: 0.0311267  dPhi(Nx/2)(Ny/2)(Nz/2): 0.00136754 Phi A: 0.0958998 Phi B: 0.902544 Phi I: 5.82086e-52
Total charge: -1.19823e-19
etaHat: 124879
123  fE: -3.10173  dfE: 0.00332023  dW: 0.0247784  dPhi(Nx/2)(Ny/2)(Nz/2): 0.00178554 Phi A: 0.0958584 Phi B: 0.902158 Phi I: 5.82086e-52
Total charge: -1.19789e-19
etaHat: 124879
124  fE: -3.09857  dfE: 0.00315474  dW: 0.0192771  dPhi(Nx/2)(Ny/2)(Nz/2): 0.00206325 Phi A: 0.0958312 Phi B: 0.901901 Phi I: 5.82086e-52
Total charge: -1.19772e-19
etaHat: 124879
125  fE: -3.09572  dfE: 0.0028498  dW: 0.0155765  dPhi(Nx/2)(Ny/2)(Nz/2): 0.00220109 Phi A: 0.095818 Phi B: 0.901772 Phi I: 5.82086e-52
Total charge: -1.19772e-19
etaHat: 124879
126  fE: -3.09329  dfE: 0.00243501  dW: 0.0141388  dPhi(Nx/2)(Ny/2)(Nz/2): 0.00220642 Phi A: 0.0958178 Phi B: 0.901764 Phi I: 5.82086e-52
Total charge: -1.19787e-19
etaHat: 124879
127  fE: -3.09135  dfE: 0.00194216  dW: 0.0146739  dPhi(Nx/2)(Ny/2)(Nz/2): 0.0020925 Phi A: 0.0958292 Phi B: 0.901867 Phi I: 5.82086e-52
Total charge: -1.19813e-19
etaHat: 124879
128  fE: -3.08994  dfE: 0.00140355  dW: 0.016508  dPhi(Nx/2)(Ny/2)(Nz/2): 0.00187722 Phi A: 0.0958505 Phi B: 0.902063 Phi I: 5.82086e-52
Total charge: -1.19849e-19
etaHat: 124879
129  fE: -3.08909  dfE: 0.000850337  dW: 0.0188131  dPhi(Nx/2)(Ny/2)(Nz/2): 0.00158172 Phi A: 0.0958793 Phi B: 0.902333 Phi I: 5.82086e-52
Total charge: -1.19892e-19
etaHat: 124879
130  fE: -3.08878  dfE: 0.000311271  dW: 0.0208614  dPhi(Nx/2)(Ny/2)(Nz/2): 0.00122905 Phi A: 0.0959135 Phi B: 0.902657 Phi I: 5.82086e-52
Saving data . . .
Total charge: -1.19938e-19
etaHat: 124879
131  fE: -3.08897  dfE: 0.000188467  dW: 0.0221747  dPhi(Nx/2)(Ny/2)(Nz/2): 0.000842819 Phi A: 0.0959507 Phi B: 0.903012 Phi I: 5.82087e-52
Total charge: -1.19986e-19
etaHat: 124879
132  fE: -3.0896  dfE: 0.000628109  dW: 0.0225504  dPhi(Nx/2)(Ny/2)(Nz/2): 0.00044596 Phi A: 0.0959886 Phi B: 0.903379 Phi I: 5.82087e-52
Total charge: -1.20031e-19
etaHat: 124879
133  fE: -3.09059  dfE: 0.000991875  dW: 0.0219883  dPhi(Nx/2)(Ny/2)(Nz/2): 5.96537e-05 Phi A: 0.0960252 Phi B: 0.903737 Phi I: 5.82087e-52
Total charge: -1.20073e-19
etaHat: 124879
134  fE: -3.09186  dfE: 0.00126927  dW: 0.0206241  dPhi(Nx/2)(Ny/2)(Nz/2): -0.000297557 Phi A: 0.0960587 Phi B: 0.904069 Phi I: 5.82087e-52
Total charge: -1.2011e-19
etaHat: 124879
135  fE: -3.09331  dfE: 0.00145513  dW: 0.0186954  dPhi(Nx/2)(Ny/2)(Nz/2): -0.000610439 Phi A: 0.0960876 Phi B: 0.904363 Phi I: 5.82087e-52
Total charge: -1.20139e-19
etaHat: 124879
136  fE: -3.09486  dfE: 0.00154934  dW: 0.0165171  dPhi(Nx/2)(Ny/2)(Nz/2): -0.000867506 Phi A: 0.096111 Phi B: 0.904606 Phi I: 5.82088e-52
Total charge: -1.2016e-19
etaHat: 124879
137  fE: -3.09642  dfE: 0.00155639  dW: 0.0144364  dPhi(Nx/2)(Ny/2)(Nz/2): -0.00106123 Phi A: 0.0961282 Phi B: 0.904793 Phi I: 5.82088e-52
Total charge: -1.20174e-19
etaHat: 124879
138  fE: -3.0979  dfE: 0.00148474  dW: 0.0127548  dPhi(Nx/2)(Ny/2)(Nz/2): -0.00118801 Phi A: 0.0961388 Phi B: 0.904919 Phi I: 5.82088e-52
Total charge: -1.20179e-19
etaHat: 124879
139  fE: -3.09925  dfE: 0.00134595  dW: 0.0116832  dPhi(Nx/2)(Ny/2)(Nz/2): -0.00124799 Phi A: 0.096143 Phi B: 0.904984 Phi I: 5.82088e-52
Total charge: -1.20176e-19
etaHat: 124879
140  fE: -3.1004  dfE: 0.00115384  dW: 0.0112376  dPhi(Nx/2)(Ny/2)(Nz/2): -0.00124465 Phi A: 0.0961411 Phi B: 0.904993 Phi I: 5.82088e-52
Saving data . . .
Total charge: -1.20167e-19
etaHat: 124879
141  fE: -3.10133  dfE: 0.000923513  dW: 0.0113442  dPhi(Nx/2)(Ny/2)(Nz/2): -0.00118429 Phi A: 0.0961338 Phi B: 0.904949 Phi I: 5.82088e-52
Total charge: -1.20153e-19
etaHat: 124879
142  fE: -3.102  dfE: 0.000670492  dW: 0.011795  dPhi(Nx/2)(Ny/2)(Nz/2): -0.00107544 Phi A: 0.096122 Phi B: 0.90486 Phi I: 5.82088e-52
Total charge: -1.20133e-19
etaHat: 124879
143  fE: -3.10241  dfE: 0.000409847  dW: 0.0123832  dPhi(Nx/2)(Ny/2)(Nz/2): -0.000928206 Phi A: 0.0961067 Phi B: 0.904737 Phi I: 5.82088e-52
Total charge: -1.20111e-19
etaHat: 124879
144  fE: -3.10256  dfE: 0.000155481  dW: 0.0129244  dPhi(Nx/2)(Ny/2)(Nz/2): -0.000753567 Phi A: 0.0960889 Phi B: 0.904588 Phi I: 5.82088e-52
Total charge: -1.20087e-19
etaHat: 124879
145  fE: -3.10248  dfE: 8.0466e-05  dW: 0.01326  dPhi(Nx/2)(Ny/2)(Nz/2): -0.000562773 Phi A: 0.0960698 Phi B: 0.904423 Phi I: 5.82087e-52
Total charge: -1.20063e-19
etaHat: 124879
146  fE: -3.10219  dfE: 0.00028805  dW: 0.0133089  dPhi(Nx/2)(Ny/2)(Nz/2): -0.000366727 Phi A: 0.0960504 Phi B: 0.904254 Phi I: 5.82087e-52
Total charge: -1.2004e-19
etaHat: 124879
147  fE: -3.10173  dfE: 0.000459797  dW: 0.0130638  dPhi(Nx/2)(Ny/2)(Nz/2): -0.000175484 Phi A: 0.0960317 Phi B: 0.904087 Phi I: 5.82087e-52
Total charge: -1.20018e-19
etaHat: 124879
148  fE: -3.10114  dfE: 0.000590819  dW: 0.0125691  dPhi(Nx/2)(Ny/2)(Nz/2): 2.16753e-06 Phi A: 0.0960144 Phi B: 0.903933 Phi I: 5.82087e-52
Total charge: -1.19999e-19
etaHat: 124879
149  fE: -3.10046  dfE: 0.000678783  dW: 0.0119086  dPhi(Nx/2)(Ny/2)(Nz/2): 0.000159015 Phi A: 0.0959993 Phi B: 0.903796 Phi I: 5.82087e-52
Total charge: -1.19984e-19
etaHat: 124879
150  fE: -3.09974  dfE: 0.000723755  dW: 0.0111837  dPhi(Nx/2)(Ny/2)(Nz/2): 0.000289615 Phi A: 0.0959869 Phi B: 0.903683 Phi I: 5.82087e-52
Saving data . . .
Total charge: -1.19972e-19
etaHat: 124879
151  fE: -3.09901  dfE: 0.000727942  dW: 0.0104912  dPhi(Nx/2)(Ny/2)(Nz/2): 0.000390389 Phi A: 0.0959775 Phi B: 0.903596 Phi I: 5.82087e-52
Total charge: -1.19964e-19
etaHat: 124879
152  fE: -3.09832  dfE: 0.000695351  dW: 0.00991371  dPhi(Nx/2)(Ny/2)(Nz/2): 0.000459603 Phi A: 0.0959712 Phi B: 0.903537 Phi I: 5.82087e-52
Total charge: -1.1996e-19
etaHat: 124879
153  fE: -3.09769  dfE: 0.000631404  dW: 0.00950305  dPhi(Nx/2)(Ny/2)(Nz/2): 0.000497272 Phi A: 0.0959679 Phi B: 0.903506 Phi I: 5.82087e-52
Total charge: -1.19959e-19
etaHat: 124879
154  fE: -3.09714  dfE: 0.00054252  dW: 0.00926082  dPhi(Nx/2)(Ny/2)(Nz/2): 0.000504975 Phi A: 0.0959675 Phi B: 0.903503 Phi I: 5.82087e-52
Total charge: -1.19962e-19
etaHat: 124879
155  fE: -3.09671  dfE: 0.000435691  dW: 0.00916701  dPhi(Nx/2)(Ny/2)(Nz/2): 0.000485622 Phi A: 0.0959698 Phi B: 0.903523 Phi I: 5.82087e-52
Total charge: -1.19968e-19
etaHat: 124879
156  fE: -3.09639  dfE: 0.000318081  dW: 0.00917277  dPhi(Nx/2)(Ny/2)(Nz/2): 0.000443172 Phi A: 0.0959742 Phi B: 0.903564 Phi I: 5.82087e-52
Total charge: -1.19975e-19
etaHat: 124879
157  fE: -3.09619  dfE: 0.000196655  dW: 0.00922853  dPhi(Nx/2)(Ny/2)(Nz/2): 0.000382329 Phi A: 0.0959803 Phi B: 0.903622 Phi I: 5.82087e-52
Total charge: -1.19985e-19
etaHat: 124879
158  fE: -3.09612  dfE: 7.78524e-05  dW: 0.0092773  dPhi(Nx/2)(Ny/2)(Nz/2): 0.000308236 Phi A: 0.0959876 Phi B: 0.903693 Phi I: 5.82087e-52
Total charge: -1.19995e-19
etaHat: 124879
159  fE: -3.09615  dfE: 3.26718e-05  dW: 0.00927837  dPhi(Nx/2)(Ny/2)(Nz/2): 0.000226172 Phi A: 0.0959957 Phi B: 0.90377 Phi I: 5.82087e-52
Total charge: -1.20005e-19
etaHat: 124879
160  fE: -3.09628  dfE: 0.000130251  dW: 0.00920885  dPhi(Nx/2)(Ny/2)(Nz/2): 0.000141279 Phi A: 0.0960039 Phi B: 0.90385 Phi I: 5.82087e-52
Saving data . . .
Total charge: -1.20015e-19
etaHat: 124879
161  fE: -3.09649  dfE: 0.000211339  dW: 0.00906386  dPhi(Nx/2)(Ny/2)(Nz/2): 5.83173e-05 Phi A: 0.0960119 Phi B: 0.903929 Phi I: 5.82087e-52
Total charge: -1.20024e-19
etaHat: 124879
162  fE: -3.09676  dfE: 0.00027357  dW: 0.00885521  dPhi(Nx/2)(Ny/2)(Nz/2): -1.85306e-05 Phi A: 0.0960192 Phi B: 0.904002 Phi I: 5.82087e-52
Total charge: -1.20032e-19
etaHat: 124879
163  fE: -3.09708  dfE: 0.00031576  dW: 0.00860512  dPhi(Nx/2)(Ny/2)(Nz/2): -8.58108e-05 Phi A: 0.0960256 Phi B: 0.904067 Phi I: 5.82087e-52
Total charge: -1.20038e-19
etaHat: 124879
164  fE: -3.09742  dfE: 0.000337846  dW: 0.00833924  dPhi(Nx/2)(Ny/2)(Nz/2): -0.000140896 Phi A: 0.0960307 Phi B: 0.904122 Phi I: 5.82087e-52
Total charge: -1.20043e-19
etaHat: 124879
165  fE: -3.09776  dfE: 0.000340778  dW: 0.00808586  dPhi(Nx/2)(Ny/2)(Nz/2): -0.000182034 Phi A: 0.0960346 Phi B: 0.904163 Phi I: 5.82087e-52
Total charge: -1.20046e-19
etaHat: 124879
166  fE: -3.09808  dfE: 0.000326367  dW: 0.00786789  dPhi(Nx/2)(Ny/2)(Nz/2): -0.000208343 Phi A: 0.096037 Phi B: 0.904192 Phi I: 5.82087e-52
Total charge: -1.20047e-19
etaHat: 124879
167  fE: -3.09838  dfE: 0.000297109  dW: 0.00769635  dPhi(Nx/2)(Ny/2)(Nz/2): -0.00021977 Phi A: 0.0960379 Phi B: 0.904208 Phi I: 5.82087e-52
Total charge: -1.20047e-19
etaHat: 124879
168  fE: -3.09864  dfE: 0.000255988  dW: 0.00757024  dPhi(Nx/2)(Ny/2)(Nz/2): -0.000217011 Phi A: 0.0960376 Phi B: 0.904211 Phi I: 5.82087e-52
Total charge: -1.20045e-19
etaHat: 124879
169  fE: -3.09884  dfE: 0.00020628  dW: 0.00748384  dPhi(Nx/2)(Ny/2)(Nz/2): -0.000201396 Phi A: 0.0960361 Phi B: 0.904202 Phi I: 5.82087e-52
Total charge: -1.20042e-19
etaHat: 124879
170  fE: -3.09899  dfE: 0.000151352  dW: 0.00742545  dPhi(Nx/2)(Ny/2)(Nz/2): -0.00017476 Phi A: 0.0960335 Phi B: 0.904184 Phi I: 5.82087e-52
Saving data . . .
Total charge: -1.20038e-19
etaHat: 124879
171  fE: -3.09909  dfE: 9.44921e-05  dW: 0.00738041  dPhi(Nx/2)(Ny/2)(Nz/2): -0.000139304 Phi A: 0.0960302 Phi B: 0.904157 Phi I: 5.82087e-52
Total charge: -1.20033e-19
etaHat: 124879
172  fE: -3.09913  dfE: 3.87439e-05  dW: 0.0073336  dPhi(Nx/2)(Ny/2)(Nz/2): -9.74443e-05 Phi A: 0.0960263 Phi B: 0.904125 Phi I: 5.82087e-52
Total charge: -1.20028e-19
etaHat: 124879
173  fE: -3.09911  dfE: 1.32162e-05  dW: 0.00727476  dPhi(Nx/2)(Ny/2)(Nz/2): -5.1672e-05 Phi A: 0.0960221 Phi B: 0.904089 Phi I: 5.82087e-52
Total charge: -1.20022e-19
etaHat: 124879
174  fE: -3.09906  dfE: 5.91778e-05  dW: 0.0071974  dPhi(Nx/2)(Ny/2)(Nz/2): -4.4236e-06 Phi A: 0.0960178 Phi B: 0.904052 Phi I: 5.82087e-52
Total charge: -1.20017e-19
etaHat: 124879
175  fE: -3.09896  dfE: 9.74582e-05  dW: 0.00710024  dPhi(Nx/2)(Ny/2)(Nz/2): 4.20346e-05 Phi A: 0.0960137 Phi B: 0.904016 Phi I: 5.82087e-52
Total charge: -1.20012e-19
etaHat: 124879
176  fE: -3.09883  dfE: 0.000126933  dW: 0.00698667  dPhi(Nx/2)(Ny/2)(Nz/2): 8.57007e-05 Phi A: 0.0960099 Phi B: 0.903982 Phi I: 5.82087e-52
Total charge: -1.20008e-19
etaHat: 124879
177  fE: -3.09868  dfE: 0.000147034  dW: 0.00686201  dPhi(Nx/2)(Ny/2)(Nz/2): 0.000124908 Phi A: 0.0960065 Phi B: 0.903951 Phi I: 5.82087e-52
Total charge: -1.20005e-19
etaHat: 124879
178  fE: -3.09853  dfE: 0.000157721  dW: 0.0067323  dPhi(Nx/2)(Ny/2)(Nz/2): 0.000158373 Phi A: 0.0960037 Phi B: 0.903926 Phi I: 5.82087e-52
Total charge: -1.20002e-19
etaHat: 124879
179  fE: -3.09837  dfE: 0.000159427  dW: 0.00660492  dPhi(Nx/2)(Ny/2)(Nz/2): 0.000185219 Phi A: 0.0960015 Phi B: 0.903907 Phi I: 5.82087e-52
Total charge: -1.2e-19
etaHat: 124879
180  fE: -3.09821  dfE: 0.00015299  dW: 0.00648527  dPhi(Nx/2)(Ny/2)(Nz/2): 0.000204974 Phi A: 0.0960001 Phi B: 0.903893 Phi I: 5.82087e-52
Saving data . . .
Total charge: -1.19999e-19
etaHat: 124879
181  fE: -3.09807  dfE: 0.000139568  dW: 0.00637798  dPhi(Nx/2)(Ny/2)(Nz/2): 0.000217556 Phi A: 0.0959993 Phi B: 0.903886 Phi I: 5.82087e-52
Total charge: -1.19999e-19
etaHat: 124879
182  fE: -3.09795  dfE: 0.00012055  dW: 0.00628472  dPhi(Nx/2)(Ny/2)(Nz/2): 0.000223232 Phi A: 0.0959991 Phi B: 0.903885 Phi I: 5.82087e-52
Total charge: -1.19999e-19
etaHat: 124879
183  fE: -3.09786  dfE: 9.74595e-05  dW: 0.00620256  dPhi(Nx/2)(Ny/2)(Nz/2): 0.00022257 Phi A: 0.0959995 Phi B: 0.903889 Phi I: 5.82087e-52
Total charge: -1.20001e-19
etaHat: 124879
184  fE: -3.09778  dfE: 7.18678e-05  dW: 0.0061291  dPhi(Nx/2)(Ny/2)(Nz/2): 0.00021638 Phi A: 0.0960005 Phi B: 0.903898 Phi I: 5.82087e-52
Total charge: -1.20002e-19
etaHat: 124879
185  fE: -3.09774  dfE: 4.531e-05  dW: 0.00606123  dPhi(Nx/2)(Ny/2)(Nz/2): 0.000205644 Phi A: 0.0960017 Phi B: 0.90391 Phi I: 5.82087e-52
Total charge: -1.20004e-19
etaHat: 124879
186  fE: -3.09772  dfE: 1.92117e-05  dW: 0.0059954  dPhi(Nx/2)(Ny/2)(Nz/2): 0.000191455 Phi A: 0.0960033 Phi B: 0.903925 Phi I: 5.82087e-52
Total charge: -1.20006e-19
etaHat: 124879
187  fE: -3.09773  dfE: 5.17044e-06  dW: 0.00592773  dPhi(Nx/2)(Ny/2)(Nz/2): 0.000174947 Phi A: 0.096005 Phi B: 0.903942 Phi I: 5.82087e-52
Total charge: -1.20009e-19
etaHat: 124879
188  fE: -3.09775  dfE: 2.67942e-05  dW: 0.0058563  dPhi(Nx/2)(Ny/2)(Nz/2): 0.000157235 Phi A: 0.0960068 Phi B: 0.90396 Phi I: 5.82087e-52
Total charge: -1.20011e-19
etaHat: 124879
189  fE: -3.0978  dfE: 4.48618e-05  dW: 0.00578071  dPhi(Nx/2)(Ny/2)(Nz/2): 0.000139361 Phi A: 0.0960086 Phi B: 0.903977 Phi I: 5.82087e-52
Total charge: -1.20013e-19
etaHat: 124879
190  fE: -3.09786  dfE: 5.88349e-05  dW: 0.00570161  dPhi(Nx/2)(Ny/2)(Nz/2): 0.000122252 Phi A: 0.0960102 Phi B: 0.903993 Phi I: 5.82087e-52
Saving data . . .
Total charge: -1.20014e-19
etaHat: 124879
191  fE: -3.09792  dfE: 6.84347e-05  dW: 0.00562059  dPhi(Nx/2)(Ny/2)(Nz/2): 0.000106684 Phi A: 0.0960116 Phi B: 0.904007 Phi I: 5.82087e-52
Total charge: -1.20016e-19
etaHat: 124879
192  fE: -3.098  dfE: 7.36296e-05  dW: 0.00553942  dPhi(Nx/2)(Ny/2)(Nz/2): 9.32603e-05 Phi A: 0.0960127 Phi B: 0.90402 Phi I: 5.82087e-52
Total charge: -1.20017e-19
etaHat: 124879
193  fE: -3.09807  dfE: 7.46114e-05  dW: 0.00546034  dPhi(Nx/2)(Ny/2)(Nz/2): 8.24011e-05 Phi A: 0.0960136 Phi B: 0.904029 Phi I: 5.82087e-52
Total charge: -1.20018e-19
etaHat: 124879
194  fE: -3.09814  dfE: 7.17629e-05  dW: 0.00538503  dPhi(Nx/2)(Ny/2)(Nz/2): 7.43398e-05 Phi A: 0.0960141 Phi B: 0.904036 Phi I: 5.82087e-52
Total charge: -1.20018e-19
etaHat: 124879
195  fE: -3.09821  dfE: 6.56194e-05  dW: 0.00531413  dPhi(Nx/2)(Ny/2)(Nz/2): 6.9134e-05 Phi A: 0.0960143 Phi B: 0.904039 Phi I: 5.82087e-52
Total charge: -1.20018e-19
etaHat: 124879
196  fE: -3.09827  dfE: 5.68259e-05  dW: 0.00524796  dPhi(Nx/2)(Ny/2)(Nz/2): 6.66809e-05 Phi A: 0.0960143 Phi B: 0.90404 Phi I: 5.82087e-52
Total charge: -1.20017e-19
etaHat: 124879
197  fE: -3.09831  dfE: 4.60939e-05  dW: 0.00518621  dPhi(Nx/2)(Ny/2)(Nz/2): 6.67403e-05 Phi A: 0.0960139 Phi B: 0.904038 Phi I: 5.82087e-52
Total charge: -1.20017e-19
etaHat: 124879
198  fE: -3.09835  dfE: 3.4159e-05  dW: 0.00512721  dPhi(Nx/2)(Ny/2)(Nz/2): 6.89627e-05 Phi A: 0.0960134 Phi B: 0.904035 Phi I: 5.82087e-52
Total charge: -1.20016e-19
etaHat: 124879
199  fE: -3.09837  dfE: 2.17414e-05  dW: 0.00506972  dPhi(Nx/2)(Ny/2)(Nz/2): 7.29188e-05 Phi A: 0.0960127 Phi B: 0.904029 Phi I: 5.82087e-52
Total charge: -1.20015e-19
etaHat: 124879
200  fE: -3.09838  dfE: 9.51145e-06  dW: 0.00501269  dPhi(Nx/2)(Ny/2)(Nz/2): 7.8131e-05 Phi A: 0.0960118 Phi B: 0.904022 Phi I: 5.82087e-52
Saving data . . .
Total charge: -1.20014e-19
etaHat: 124879
201  fE: -3.09838  dfE: 1.93854e-06  dW: 0.00495544  dPhi(Nx/2)(Ny/2)(Nz/2): 8.41036e-05 Phi A: 0.0960109 Phi B: 0.904014 Phi I: 5.82087e-52
Total charge: -1.20012e-19
etaHat: 124879
202  fE: -3.09836  dfE: 1.21162e-05  dW: 0.00489745  dPhi(Nx/2)(Ny/2)(Nz/2): 9.03509e-05 Phi A: 0.09601 Phi B: 0.904006 Phi I: 5.82087e-52
Total charge: -1.20011e-19
etaHat: 124879
203  fE: -3.09834  dfE: 2.06432e-05  dW: 0.00483863  dPhi(Nx/2)(Ny/2)(Nz/2): 9.64217e-05 Phi A: 0.096009 Phi B: 0.903998 Phi I: 5.82087e-52
Total charge: -1.2001e-19
etaHat: 124879
204  fE: -3.09832  dfE: 2.72629e-05  dW: 0.00477896  dPhi(Nx/2)(Ny/2)(Nz/2): 0.00010192 Phi A: 0.0960082 Phi B: 0.903991 Phi I: 5.82087e-52
Total charge: -1.20009e-19
etaHat: 124879
205  fE: -3.09828  dfE: 3.18401e-05  dW: 0.00471886  dPhi(Nx/2)(Ny/2)(Nz/2): 0.00010652 Phi A: 0.0960074 Phi B: 0.903984 Phi I: 5.82087e-52
Total charge: -1.20008e-19
etaHat: 124879
206  fE: -3.09825  dfE: 3.43556e-05  dW: 0.00465879  dPhi(Nx/2)(Ny/2)(Nz/2): 0.000109976 Phi A: 0.0960068 Phi B: 0.903978 Phi I: 5.82087e-52
Total charge: -1.20008e-19
etaHat: 124879
207  fE: -3.09821  dfE: 3.48955e-05  dW: 0.00459928  dPhi(Nx/2)(Ny/2)(Nz/2): 0.00011213 Phi A: 0.0960063 Phi B: 0.903974 Phi I: 5.82087e-52
Total charge: -1.20007e-19
etaHat: 124879
208  fE: -3.09818  dfE: 3.36354e-05  dW: 0.00454123  dPhi(Nx/2)(Ny/2)(Nz/2): 0.000112906 Phi A: 0.096006 Phi B: 0.903971 Phi I: 5.82087e-52
Total charge: -1.20007e-19
etaHat: 124879
209  fE: -3.09815  dfE: 3.08231e-05  dW: 0.00448474  dPhi(Nx/2)(Ny/2)(Nz/2): 0.000112314 Phi A: 0.0960058 Phi B: 0.903969 Phi I: 5.82087e-52
Total charge: -1.20007e-19
etaHat: 124879
210  fE: -3.09812  dfE: 2.67586e-05  dW: 0.00442994  dPhi(Nx/2)(Ny/2)(Nz/2): 0.000110435 Phi A: 0.0960057 Phi B: 0.903969 Phi I: 5.82087e-52
Saving data . . .
Total charge: -1.20007e-19
etaHat: 124879
211  fE: -3.0981  dfE: 2.17733e-05  dW: 0.00437702  dPhi(Nx/2)(Ny/2)(Nz/2): 0.000107411 Phi A: 0.0960058 Phi B: 0.90397 Phi I: 5.82087e-52
Total charge: -1.20007e-19
etaHat: 124879
212  fE: -3.09809  dfE: 1.6211e-05  dW: 0.00432564  dPhi(Nx/2)(Ny/2)(Nz/2): 0.000103438 Phi A: 0.096006 Phi B: 0.903972 Phi I: 5.82087e-52
Total charge: -1.20008e-19
etaHat: 124879
213  fE: -3.09808  dfE: 1.04089e-05  dW: 0.00427533  dPhi(Nx/2)(Ny/2)(Nz/2): 9.87432e-05 Phi A: 0.0960063 Phi B: 0.903974 Phi I: 5.82087e-52
Total charge: -1.20008e-19
etaHat: 124879
214  fE: -3.09807  dfE: 4.68147e-06  dW: 0.00422591  dPhi(Nx/2)(Ny/2)(Nz/2): 9.35752e-05 Phi A: 0.0960066 Phi B: 0.903977 Phi I: 5.82087e-52
Total charge: -1.20009e-19
etaHat: 124879
215  fE: -3.09807  dfE: 6.92579e-07  dW: 0.00417721  dPhi(Nx/2)(Ny/2)(Nz/2): 8.81889e-05 Phi A: 0.096007 Phi B: 0.903981 Phi I: 5.82087e-52
Total charge: -1.20009e-19
etaHat: 124879
216  fE: -3.09808  dfE: 5.48094e-06  dW: 0.0041291  dPhi(Nx/2)(Ny/2)(Nz/2): 8.28314e-05 Phi A: 0.0960073 Phi B: 0.903985 Phi I: 5.82087e-52
Total charge: -1.2001e-19
etaHat: 124879
217  fE: -3.09809  dfE: 9.50436e-06  dW: 0.00408147  dPhi(Nx/2)(Ny/2)(Nz/2): 7.77309e-05 Phi A: 0.0960077 Phi B: 0.903989 Phi I: 5.82087e-52
Total charge: -1.2001e-19
etaHat: 124879
218  fE: -3.0981  dfE: 1.26402e-05  dW: 0.00403438  dPhi(Nx/2)(Ny/2)(Nz/2): 7.3087e-05 Phi A: 0.0960081 Phi B: 0.903992 Phi I: 5.82087e-52
Total charge: -1.2001e-19
etaHat: 124879
219  fE: -3.09811  dfE: 1.48227e-05  dW: 0.00398786  dPhi(Nx/2)(Ny/2)(Nz/2): 6.90631e-05 Phi A: 0.0960084 Phi B: 0.903996 Phi I: 5.82087e-52
Total charge: -1.20011e-19
etaHat: 124879
220  fE: -3.09813  dfE: 1.60407e-05  dW: 0.00394216  dPhi(Nx/2)(Ny/2)(Nz/2): 6.5782e-05 Phi A: 0.0960086 Phi B: 0.903998 Phi I: 5.82087e-52
Saving data . . .
Total charge: -1.20011e-19
etaHat: 124879
221  fE: -3.09815  dfE: 1.63321e-05  dW: 0.0038974  dPhi(Nx/2)(Ny/2)(Nz/2): 6.3323e-05 Phi A: 0.0960088 Phi B: 0.904 Phi I: 5.82087e-52
Total charge: -1.20011e-19
etaHat: 124879
222  fE: -3.09816  dfE: 1.57775e-05  dW: 0.00385365  dPhi(Nx/2)(Ny/2)(Nz/2): 6.17226e-05 Phi A: 0.0960089 Phi B: 0.904002 Phi I: 5.82087e-52
Total charge: -1.20011e-19
etaHat: 124879
223  fE: -3.09818  dfE: 1.44913e-05  dW: 0.00381084  dPhi(Nx/2)(Ny/2)(Nz/2): 6.09757e-05 Phi A: 0.096009 Phi B: 0.904003 Phi I: 5.82087e-52
Total charge: -1.20011e-19
etaHat: 124879
224  fE: -3.09819  dfE: 1.26129e-05  dW: 0.00376884  dPhi(Nx/2)(Ny/2)(Nz/2): 6.10402e-05 Phi A: 0.096009 Phi B: 0.904003 Phi I: 5.82087e-52
Total charge: -1.20011e-19
etaHat: 124879
225  fE: -3.0982  dfE: 1.0297e-05  dW: 0.00372765  dPhi(Nx/2)(Ny/2)(Nz/2): 6.18422e-05 Phi A: 0.0960089 Phi B: 0.904003 Phi I: 5.82087e-52
Total charge: -1.20011e-19
etaHat: 124879
226  fE: -3.09821  dfE: 7.70425e-06  dW: 0.00368726  dPhi(Nx/2)(Ny/2)(Nz/2): 6.3282e-05 Phi A: 0.0960088 Phi B: 0.904002 Phi I: 5.82087e-52
Total charge: -1.20011e-19
etaHat: 124879
227  fE: -3.09821  dfE: 4.9926e-06  dW: 0.00364751  dPhi(Nx/2)(Ny/2)(Nz/2): 6.52414e-05 Phi A: 0.0960086 Phi B: 0.904001 Phi I: 5.82087e-52
Total charge: -1.20011e-19
etaHat: 124879
228  fE: -3.09821  dfE: 2.30983e-06  dW: 0.00360829  dPhi(Nx/2)(Ny/2)(Nz/2): 6.75906e-05 Phi A: 0.0960085 Phi B: 0.903999 Phi I: 5.82087e-52
Total charge: -1.2001e-19
etaHat: 124879
229  fE: -3.09821  dfE: 2.12916e-07  dW: 0.00356955  dPhi(Nx/2)(Ny/2)(Nz/2): 7.01956e-05 Phi A: 0.0960083 Phi B: 0.903997 Phi I: 5.82087e-52
Total charge: -1.2001e-19
etaHat: 124879
230  fE: -3.09821  dfE: 2.46595e-06  dW: 0.00353116  dPhi(Nx/2)(Ny/2)(Nz/2): 7.29244e-05 Phi A: 0.096008 Phi B: 0.903996 Phi I: 5.82087e-52
Saving data . . .
Total charge: -1.2001e-19
etaHat: 124879
231  fE: -3.09821  dfE: 4.36433e-06  dW: 0.00349311  dPhi(Nx/2)(Ny/2)(Nz/2): 7.56529e-05 Phi A: 0.0960078 Phi B: 0.903994 Phi I: 5.82087e-52
Total charge: -1.2001e-19
etaHat: 124879
232  fE: -3.0982  dfE: 5.84957e-06  dW: 0.00345548  dPhi(Nx/2)(Ny/2)(Nz/2): 7.82697e-05 Phi A: 0.0960076 Phi B: 0.903992 Phi I: 5.82087e-52
Total charge: -1.20009e-19
etaHat: 124879
233  fE: -3.09819  dfE: 6.88981e-06  dW: 0.00341825  dPhi(Nx/2)(Ny/2)(Nz/2): 8.06799e-05 Phi A: 0.0960075 Phi B: 0.903991 Phi I: 5.82087e-52
Total charge: -1.20009e-19
etaHat: 124879
234  fE: -3.09819  dfE: 7.47872e-06  dW: 0.00338143  dPhi(Nx/2)(Ny/2)(Nz/2): 8.28075e-05 Phi A: 0.0960073 Phi B: 0.90399 Phi I: 5.82087e-52
Total charge: -1.20009e-19
etaHat: 124879
235  fE: -3.09818  dfE: 7.63319e-06  dW: 0.00334506  dPhi(Nx/2)(Ny/2)(Nz/2): 8.45968e-05 Phi A: 0.0960072 Phi B: 0.903989 Phi I: 5.82087e-52
Total charge: -1.20009e-19
etaHat: 124879
236  fE: -3.09817  dfE: 7.39008e-06  dW: 0.0033092  dPhi(Nx/2)(Ny/2)(Nz/2): 8.6013e-05 Phi A: 0.0960071 Phi B: 0.903988 Phi I: 5.82087e-52
Total charge: -1.20009e-19
etaHat: 124879
237  fE: -3.09817  dfE: 6.80233e-06  dW: 0.00327395  dPhi(Nx/2)(Ny/2)(Nz/2): 8.7041e-05 Phi A: 0.0960071 Phi B: 0.903987 Phi I: 5.82087e-52
Total charge: -1.20009e-19
etaHat: 124879
238  fE: -3.09816  dfE: 5.9347e-06  dW: 0.00323927  dPhi(Nx/2)(Ny/2)(Nz/2): 8.7684e-05 Phi A: 0.0960071 Phi B: 0.903987 Phi I: 5.82087e-52
Total charge: -1.20009e-19
etaHat: 124879
239  fE: -3.09815  dfE: 4.85928e-06  dW: 0.00320512  dPhi(Nx/2)(Ny/2)(Nz/2): 8.79613e-05 Phi A: 0.0960071 Phi B: 0.903988 Phi I: 5.82087e-52
Total charge: -1.20009e-19
etaHat: 124879
240  fE: -3.09815  dfE: 3.65113e-06  dW: 0.00317157  dPhi(Nx/2)(Ny/2)(Nz/2): 8.79051e-05 Phi A: 0.0960071 Phi B: 0.903988 Phi I: 5.82087e-52
Saving data . . .
Total charge: -1.20009e-19
etaHat: 124879
241  fE: -3.09815  dfE: 2.38427e-06  dW: 0.00313853  dPhi(Nx/2)(Ny/2)(Nz/2): 8.7558e-05 Phi A: 0.0960072 Phi B: 0.903988 Phi I: 5.82087e-52
Total charge: -1.20009e-19
etaHat: 124879
242  fE: -3.09815  dfE: 1.12805e-06  dW: 0.00310605  dPhi(Nx/2)(Ny/2)(Nz/2): 8.69691e-05 Phi A: 0.0960073 Phi B: 0.903989 Phi I: 5.82087e-52
Total charge: -1.20009e-19
etaHat: 124879
243  fE: -3.09815  dfE: 5.58218e-08  dW: 0.00307405  dPhi(Nx/2)(Ny/2)(Nz/2): 8.61909e-05 Phi A: 0.0960073 Phi B: 0.90399 Phi I: 5.82087e-52
Total charge: -1.20009e-19
etaHat: 124879
244  fE: -3.09815  dfE: 1.1156e-06  dW: 0.00304247  dPhi(Nx/2)(Ny/2)(Nz/2): 8.52768e-05 Phi A: 0.0960074 Phi B: 0.903991 Phi I: 5.82087e-52
Total charge: -1.20009e-19
etaHat: 124879
245  fE: -3.09815  dfE: 2.01103e-06  dW: 0.00301135  dPhi(Nx/2)(Ny/2)(Nz/2): 8.42775e-05 Phi A: 0.0960075 Phi B: 0.903992 Phi I: 5.82087e-52
Total charge: -1.20009e-19
etaHat: 124879
246  fE: -3.09815  dfE: 2.71423e-06  dW: 0.00298066  dPhi(Nx/2)(Ny/2)(Nz/2): 8.32396e-05 Phi A: 0.0960076 Phi B: 0.903992 Phi I: 5.82087e-52
Total charge: -1.2001e-19
etaHat: 124879
247  fE: -3.09816  dfE: 3.20975e-06  dW: 0.00295041  dPhi(Nx/2)(Ny/2)(Nz/2): 8.22032e-05 Phi A: 0.0960077 Phi B: 0.903993 Phi I: 5.82087e-52
Total charge: -1.2001e-19
etaHat: 124879
248  fE: -3.09816  dfE: 3.49414e-06  dW: 0.00292058  dPhi(Nx/2)(Ny/2)(Nz/2): 8.1201e-05 Phi A: 0.0960077 Phi B: 0.903994 Phi I: 5.82087e-52
Total charge: -1.2001e-19
etaHat: 124879
249  fE: -3.09816  dfE: 3.57484e-06  dW: 0.00289115  dPhi(Nx/2)(Ny/2)(Nz/2): 8.02575e-05 Phi A: 0.0960077 Phi B: 0.903994 Phi I: 5.82087e-52
Total charge: -1.2001e-19
etaHat: 124879
250  fE: -3.09817  dfE: 3.46871e-06  dW: 0.00286212  dPhi(Nx/2)(Ny/2)(Nz/2): 7.93887e-05 Phi A: 0.0960078 Phi B: 0.903995 Phi I: 5.82087e-52
Saving data . . .
Total charge: -1.2001e-19
etaHat: 124879
251  fE: -3.09817  dfE: 3.20022e-06  dW: 0.00283351  dPhi(Nx/2)(Ny/2)(Nz/2): 7.86022e-05 Phi A: 0.0960078 Phi B: 0.903995 Phi I: 5.82087e-52
Total charge: -1.2001e-19
etaHat: 124879
252  fE: -3.09817  dfE: 2.79945e-06  dW: 0.0028053  dPhi(Nx/2)(Ny/2)(Nz/2): 7.78985e-05 Phi A: 0.0960078 Phi B: 0.903995 Phi I: 5.82087e-52
Total charge: -1.2001e-19
etaHat: 124879
253  fE: -3.09818  dfE: 2.30001e-06  dW: 0.00277746  dPhi(Nx/2)(Ny/2)(Nz/2): 7.7271e-05 Phi A: 0.0960078 Phi B: 0.903995 Phi I: 5.82087e-52
Total charge: -1.2001e-19
etaHat: 124879
254  fE: -3.09818  dfE: 1.73697e-06  dW: 0.00274997  dPhi(Nx/2)(Ny/2)(Nz/2): 7.67083e-05 Phi A: 0.0960077 Phi B: 0.903995 Phi I: 5.82087e-52
Total charge: -1.2001e-19
etaHat: 124879
255  fE: -3.09818  dfE: 1.14501e-06  dW: 0.00272281  dPhi(Nx/2)(Ny/2)(Nz/2): 7.61946e-05 Phi A: 0.0960077 Phi B: 0.903994 Phi I: 5.82087e-52
Total charge: -1.2001e-19
etaHat: 124879
256  fE: -3.09818  dfE: 5.56686e-07  dW: 0.00269597  dPhi(Nx/2)(Ny/2)(Nz/2): 7.57117e-05 Phi A: 0.0960077 Phi B: 0.903994 Phi I: 5.82087e-52
Total charge: -1.2001e-19
etaHat: 124879
257  fE: -3.09818  dfE: 1.02576e-09  dW: 0.00266945  dPhi(Nx/2)(Ny/2)(Nz/2): 7.52404e-05 Phi A: 0.0960076 Phi B: 0.903994 Phi I: 5.82087e-52
Total charge: -1.20009e-19
etaHat: 124879
258  fE: -3.09818  dfE: 4.97548e-07  dW: 0.00264327  dPhi(Nx/2)(Ny/2)(Nz/2): 7.47614e-05 Phi A: 0.0960076 Phi B: 0.903993 Phi I: 5.82087e-52
Total charge: -1.20009e-19
etaHat: 124879
259  fE: -3.09818  dfE: 9.19972e-07  dW: 0.0026174  dPhi(Nx/2)(Ny/2)(Nz/2): 7.42569e-05 Phi A: 0.0960075 Phi B: 0.903993 Phi I: 5.82087e-52
Total charge: -1.20009e-19
etaHat: 124879
260  fE: -3.09818  dfE: 1.25295e-06  dW: 0.00259186  dPhi(Nx/2)(Ny/2)(Nz/2): 7.37115e-05 Phi A: 0.0960075 Phi B: 0.903993 Phi I: 5.82087e-52
Saving data . . .
Total charge: -1.20009e-19
etaHat: 124879
261  fE: -3.09817  dfE: 1.48901e-06  dW: 0.00256662  dPhi(Nx/2)(Ny/2)(Nz/2): 7.31126e-05 Phi A: 0.0960075 Phi B: 0.903992 Phi I: 5.82087e-52
Total charge: -1.20009e-19
etaHat: 124879
262  fE: -3.09817  dfE: 1.6263e-06  dW: 0.0025417  dPhi(Nx/2)(Ny/2)(Nz/2): 7.24517e-05 Phi A: 0.0960074 Phi B: 0.903992 Phi I: 5.82087e-52
Total charge: -1.20009e-19
etaHat: 124879
263  fE: -3.09817  dfE: 1.6681e-06  dW: 0.00251712  dPhi(Nx/2)(Ny/2)(Nz/2): 7.17235e-05 Phi A: 0.0960074 Phi B: 0.903992 Phi I: 5.82087e-52
Total charge: -1.20009e-19
etaHat: 124879
264  fE: -3.09817  dfE: 1.62212e-06  dW: 0.00249285  dPhi(Nx/2)(Ny/2)(Nz/2): 7.09271e-05 Phi A: 0.0960074 Phi B: 0.903992 Phi I: 5.82087e-52
Total charge: -1.20009e-19
etaHat: 124879
265  fE: -3.09817  dfE: 1.49967e-06  dW: 0.0024689  dPhi(Nx/2)(Ny/2)(Nz/2): 7.00652e-05 Phi A: 0.0960074 Phi B: 0.903991 Phi I: 5.82087e-52
Total charge: -1.20009e-19
etaHat: 124879
266  fE: -3.09817  dfE: 1.3147e-06  dW: 0.00244526  dPhi(Nx/2)(Ny/2)(Nz/2): 6.91437e-05 Phi A: 0.0960074 Phi B: 0.903991 Phi I: 5.82087e-52
Total charge: -1.20009e-19
etaHat: 124879
267  fE: -3.09817  dfE: 1.0829e-06  dW: 0.0024219  dPhi(Nx/2)(Ny/2)(Nz/2): 6.81714e-05 Phi A: 0.0960074 Phi B: 0.903991 Phi I: 5.82087e-52
Total charge: -1.20009e-19
etaHat: 124879
268  fE: -3.09816  dfE: 8.2064e-07  dW: 0.00239883  dPhi(Nx/2)(Ny/2)(Nz/2): 6.71595e-05 Phi A: 0.0960074 Phi B: 0.903992 Phi I: 5.82087e-52
Total charge: -1.20009e-19
etaHat: 124879
269  fE: -3.09816  dfE: 5.44169e-07  dW: 0.00237604  dPhi(Nx/2)(Ny/2)(Nz/2): 6.61206e-05 Phi A: 0.0960074 Phi B: 0.903992 Phi I: 5.82087e-52
Total charge: -1.20009e-19
etaHat: 124879
270  fE: -3.09816  dfE: 2.68764e-07  dW: 0.00235353  dPhi(Nx/2)(Ny/2)(Nz/2): 6.50682e-05 Phi A: 0.0960074 Phi B: 0.903992 Phi I: 5.82087e-52
Saving data . . .
Total charge: -1.20009e-19
etaHat: 124879
271  fE: -3.09816  dfE: 8.08236e-09  dW: 0.00233132  dPhi(Nx/2)(Ny/2)(Nz/2): 6.4016e-05 Phi A: 0.0960074 Phi B: 0.903992 Phi I: 5.82087e-52
Total charge: -1.20009e-19
etaHat: 124879
272  fE: -3.09816  dfE: 2.26354e-07  dW: 0.00230938  dPhi(Nx/2)(Ny/2)(Nz/2): 6.29772e-05 Phi A: 0.0960074 Phi B: 0.903992 Phi I: 5.82087e-52
Total charge: -1.20009e-19
etaHat: 124879
273  fE: -3.09816  dfE: 4.25517e-07  dW: 0.00228768  dPhi(Nx/2)(Ny/2)(Nz/2): 6.19642e-05 Phi A: 0.0960075 Phi B: 0.903992 Phi I: 5.82087e-52
Total charge: -1.20009e-19
etaHat: 124879
274  fE: -3.09817  dfE: 5.8307e-07  dW: 0.00226623  dPhi(Nx/2)(Ny/2)(Nz/2): 6.09876e-05 Phi A: 0.0960075 Phi B: 0.903993 Phi I: 5.82087e-52
Total charge: -1.20009e-19
etaHat: 124879
275  fE: -3.09817  dfE: 6.95405e-07  dW: 0.00224504  dPhi(Nx/2)(Ny/2)(Nz/2): 6.00563e-05 Phi A: 0.0960075 Phi B: 0.903993 Phi I: 5.82087e-52
Total charge: -1.20009e-19
etaHat: 124879
276  fE: -3.09817  dfE: 7.61544e-07  dW: 0.00222411  dPhi(Nx/2)(Ny/2)(Nz/2): 5.91772e-05 Phi A: 0.0960075 Phi B: 0.903993 Phi I: 5.82087e-52
Total charge: -1.20009e-19
etaHat: 124879
277  fE: -3.09817  dfE: 7.8292e-07  dW: 0.00220343  dPhi(Nx/2)(Ny/2)(Nz/2): 5.83549e-05 Phi A: 0.0960075 Phi B: 0.903993 Phi I: 5.82087e-52
Total charge: -1.20009e-19
etaHat: 124879
278  fE: -3.09817  dfE: 7.63056e-07  dW: 0.00218298  dPhi(Nx/2)(Ny/2)(Nz/2): 5.75917e-05 Phi A: 0.0960075 Phi B: 0.903993 Phi I: 5.82087e-52
Total charge: -1.20009e-19
etaHat: 124879
279  fE: -3.09817  dfE: 7.07175e-07  dW: 0.00216279  dPhi(Nx/2)(Ny/2)(Nz/2): 5.68882e-05 Phi A: 0.0960075 Phi B: 0.903993 Phi I: 5.82087e-52
Total charge: -1.20009e-19
etaHat: 124879
280  fE: -3.09817  dfE: 6.21763e-07  dW: 0.00214285  dPhi(Nx/2)(Ny/2)(Nz/2): 5.62425e-05 Phi A: 0.0960075 Phi B: 0.903993 Phi I: 5.82087e-52
Saving data . . .
Total charge: -1.20009e-19
etaHat: 124879
281  fE: -3.09817  dfE: 5.14119e-07  dW: 0.00212315  dPhi(Nx/2)(Ny/2)(Nz/2): 5.56514e-05 Phi A: 0.0960075 Phi B: 0.903993 Phi I: 5.82087e-52
Total charge: -1.20009e-19
etaHat: 124879
282  fE: -3.09817  dfE: 3.91903e-07  dW: 0.00210369  dPhi(Nx/2)(Ny/2)(Nz/2): 5.51103e-05 Phi A: 0.0960075 Phi B: 0.903993 Phi I: 5.82087e-52
Total charge: -1.20009e-19
etaHat: 124879
283  fE: -3.09817  dfE: 2.62718e-07  dW: 0.00208447  dPhi(Nx/2)(Ny/2)(Nz/2): 5.46136e-05 Phi A: 0.0960075 Phi B: 0.903993 Phi I: 5.82087e-52
Total charge: -1.20009e-19
etaHat: 124879
284  fE: -3.09817  dfE: 1.33735e-07  dW: 0.00206547  dPhi(Nx/2)(Ny/2)(Nz/2): 5.41547e-05 Phi A: 0.0960075 Phi B: 0.903993 Phi I: 5.82087e-52
Total charge: -1.20009e-19
etaHat: 124879
285  fE: -3.09817  dfE: 1.13796e-08  dW: 0.0020467  dPhi(Nx/2)(Ny/2)(Nz/2): 5.37272e-05 Phi A: 0.0960075 Phi B: 0.903993 Phi I: 5.82087e-52
Total charge: -1.20009e-19
etaHat: 124879
286  fE: -3.09817  dfE: 9.89138e-08  dW: 0.00202815  dPhi(Nx/2)(Ny/2)(Nz/2): 5.33242e-05 Phi A: 0.0960075 Phi B: 0.903993 Phi I: 5.82087e-52
Total charge: -1.20009e-19
etaHat: 124879
287  fE: -3.09817  dfE: 1.92871e-07  dW: 0.00200981  dPhi(Nx/2)(Ny/2)(Nz/2): 5.29395e-05 Phi A: 0.0960075 Phi B: 0.903993 Phi I: 5.82087e-52
Total charge: -1.20009e-19
etaHat: 124879
288  fE: -3.09817  dfE: 2.67472e-07  dW: 0.00199168  dPhi(Nx/2)(Ny/2)(Nz/2): 5.25672e-05 Phi A: 0.0960074 Phi B: 0.903993 Phi I: 5.82087e-52
Total charge: -1.20009e-19
etaHat: 124879
289  fE: -3.09817  dfE: 3.20977e-07  dW: 0.00197379  dPhi(Nx/2)(Ny/2)(Nz/2): 5.22021e-05 Phi A: 0.0960074 Phi B: 0.903992 Phi I: 5.82087e-52
Total charge: -1.20009e-19
etaHat: 124879
290  fE: -3.09817  dfE: 3.52875e-07  dW: 0.00195611  dPhi(Nx/2)(Ny/2)(Nz/2): 5.18399e-05 Phi A: 0.0960074 Phi B: 0.903992 Phi I: 5.82087e-52
Saving data . . .
Total charge: -1.20009e-19
etaHat: 124879
291  fE: -3.09817  dfE: 3.63792e-07  dW: 0.00193863  dPhi(Nx/2)(Ny/2)(Nz/2): 5.14775e-05 Phi A: 0.0960074 Phi B: 0.903992 Phi I: 5.82087e-52
Total charge: -1.20009e-19
etaHat: 124879
292  fE: -3.09817  dfE: 3.55334e-07  dW: 0.00192136  dPhi(Nx/2)(Ny/2)(Nz/2): 5.11124e-05 Phi A: 0.0960074 Phi B: 0.903992 Phi I: 5.82087e-52
Total charge: -1.20009e-19
etaHat: 124879
293  fE: -3.09817  dfE: 3.29914e-07  dW: 0.00190428  dPhi(Nx/2)(Ny/2)(Nz/2): 5.07433e-05 Phi A: 0.0960074 Phi B: 0.903992 Phi I: 5.82087e-52
Total charge: -1.20009e-19
etaHat: 124879
294  fE: -3.09817  dfE: 2.90545e-07  dW: 0.0018874  dPhi(Nx/2)(Ny/2)(Nz/2): 5.03696e-05 Phi A: 0.0960074 Phi B: 0.903992 Phi I: 5.82087e-52
Total charge: -1.20009e-19
etaHat: 124879
295  fE: -3.09817  dfE: 2.40626e-07  dW: 0.00187073  dPhi(Nx/2)(Ny/2)(Nz/2): 4.99916e-05 Phi A: 0.0960074 Phi B: 0.903992 Phi I: 5.82087e-52
Total charge: -1.20009e-19
etaHat: 124879
296  fE: -3.09817  dfE: 1.83736e-07  dW: 0.00185425  dPhi(Nx/2)(Ny/2)(Nz/2): 4.96101e-05 Phi A: 0.0960074 Phi B: 0.903992 Phi I: 5.82087e-52
Total charge: -1.20009e-19
etaHat: 124879
297  fE: -3.09817  dfE: 1.23435e-07  dW: 0.00183794  dPhi(Nx/2)(Ny/2)(Nz/2): 4.92268e-05 Phi A: 0.0960074 Phi B: 0.903992 Phi I: 5.82087e-52
Total charge: -1.20009e-19
etaHat: 124879
298  fE: -3.09817  dfE: 6.30883e-08  dW: 0.00182182  dPhi(Nx/2)(Ny/2)(Nz/2): 4.88431e-05 Phi A: 0.0960074 Phi B: 0.903992 Phi I: 5.82087e-52
Total charge: -1.20009e-19
etaHat: 124879
299  fE: -3.09817  dfE: 5.71834e-09  dW: 0.00180589  dPhi(Nx/2)(Ny/2)(Nz/2): 4.84613e-05 Phi A: 0.0960074 Phi B: 0.903992 Phi I: 5.82087e-52
Total charge: -1.20009e-19
etaHat: 124879
300  fE: -3.09817  dfE: 4.61118e-08  dW: 0.00179012  dPhi(Nx/2)(Ny/2)(Nz/2): 4.80831e-05 Phi A: 0.0960074 Phi B: 0.903992 Phi I: 5.82087e-52
Saving data . . .
Total charge: -1.20009e-19
etaHat: 124879
301  fE: -3.09817  dfE: 9.03788e-08  dW: 0.00177454  dPhi(Nx/2)(Ny/2)(Nz/2): 4.77106e-05 Phi A: 0.0960074 Phi B: 0.903993 Phi I: 5.82087e-52
Total charge: -1.20009e-19
etaHat: 124879
302  fE: -3.09817  dfE: 1.25645e-07  dW: 0.00175915  dPhi(Nx/2)(Ny/2)(Nz/2): 4.73454e-05 Phi A: 0.0960074 Phi B: 0.903993 Phi I: 5.82087e-52
Total charge: -1.20009e-19
etaHat: 124879
303  fE: -3.09817  dfE: 1.5107e-07  dW: 0.00174392  dPhi(Nx/2)(Ny/2)(Nz/2): 4.69891e-05 Phi A: 0.0960074 Phi B: 0.903993 Phi I: 5.82087e-52
Total charge: -1.20009e-19
etaHat: 124879
304  fE: -3.09817  dfE: 1.66392e-07  dW: 0.00172887  dPhi(Nx/2)(Ny/2)(Nz/2): 4.66426e-05 Phi A: 0.0960074 Phi B: 0.903993 Phi I: 5.82087e-52
Total charge: -1.20009e-19
etaHat: 124879
305  fE: -3.09817  dfE: 1.7188e-07  dW: 0.00171398  dPhi(Nx/2)(Ny/2)(Nz/2): 4.63067e-05 Phi A: 0.0960074 Phi B: 0.903993 Phi I: 5.82087e-52
Total charge: -1.20009e-19
etaHat: 124879
306  fE: -3.09817  dfE: 1.68269e-07  dW: 0.00169926  dPhi(Nx/2)(Ny/2)(Nz/2): 4.59817e-05 Phi A: 0.0960074 Phi B: 0.903993 Phi I: 5.82087e-52
Total charge: -1.20009e-19
etaHat: 124879
307  fE: -3.09817  dfE: 1.56672e-07  dW: 0.00168471  dPhi(Nx/2)(Ny/2)(Nz/2): 4.56675e-05 Phi A: 0.0960075 Phi B: 0.903993 Phi I: 5.82087e-52
Total charge: -1.20009e-19
etaHat: 124879
308  fE: -3.09817  dfE: 1.38486e-07  dW: 0.00167031  dPhi(Nx/2)(Ny/2)(Nz/2): 4.53636e-05 Phi A: 0.0960075 Phi B: 0.903993 Phi I: 5.82087e-52
Total charge: -1.20009e-19
etaHat: 124879
309  fE: -3.09817  dfE: 1.15296e-07  dW: 0.00165607  dPhi(Nx/2)(Ny/2)(Nz/2): 4.50693e-05 Phi A: 0.0960074 Phi B: 0.903993 Phi I: 5.82087e-52
Total charge: -1.20009e-19
etaHat: 124879
310  fE: -3.09817  dfE: 8.87742e-08  dW: 0.00164199  dPhi(Nx/2)(Ny/2)(Nz/2): 4.47837e-05 Phi A: 0.0960074 Phi B: 0.903993 Phi I: 5.82087e-52
Saving data . . .
Total charge: -1.20009e-19
etaHat: 124879
311  fE: -3.09817  dfE: 6.05869e-08  dW: 0.00162805  dPhi(Nx/2)(Ny/2)(Nz/2): 4.45053e-05 Phi A: 0.0960074 Phi B: 0.903993 Phi I: 5.82087e-52
Total charge: -1.20009e-19
etaHat: 124879
312  fE: -3.09817  dfE: 3.23132e-08  dW: 0.00161427  dPhi(Nx/2)(Ny/2)(Nz/2): 4.4233e-05 Phi A: 0.0960074 Phi B: 0.903993 Phi I: 5.82087e-52
Total charge: -1.20009e-19
etaHat: 124879
313  fE: -3.09817  dfE: 5.37434e-09  dW: 0.00160063  dPhi(Nx/2)(Ny/2)(Nz/2): 4.39653e-05 Phi A: 0.0960074 Phi B: 0.903993 Phi I: 5.82087e-52
Total charge: -1.20009e-19
etaHat: 124879
314  fE: -3.09817  dfE: 1.90207e-08  dW: 0.00158714  dPhi(Nx/2)(Ny/2)(Nz/2): 4.37009e-05 Phi A: 0.0960074 Phi B: 0.903993 Phi I: 5.82087e-52
Total charge: -1.20009e-19
etaHat: 124879
315  fE: -3.09817  dfE: 3.99144e-08  dW: 0.00157379  dPhi(Nx/2)(Ny/2)(Nz/2): 4.34384e-05 Phi A: 0.0960074 Phi B: 0.903993 Phi I: 5.82087e-52
Total charge: -1.20009e-19
etaHat: 124879
316  fE: -3.09817  dfE: 5.66223e-08  dW: 0.00156059  dPhi(Nx/2)(Ny/2)(Nz/2): 4.31767e-05 Phi A: 0.0960074 Phi B: 0.903993 Phi I: 5.82087e-52
Total charge: -1.20009e-19
etaHat: 124879
317  fE: -3.09817  dfE: 6.87395e-08  dW: 0.00154753  dPhi(Nx/2)(Ny/2)(Nz/2): 4.29146e-05 Phi A: 0.0960074 Phi B: 0.903993 Phi I: 5.82087e-52
Total charge: -1.20009e-19
etaHat: 124879
318  fE: -3.09817  dfE: 7.61321e-08  dW: 0.00153462  dPhi(Nx/2)(Ny/2)(Nz/2): 4.26515e-05 Phi A: 0.0960074 Phi B: 0.903993 Phi I: 5.82087e-52
Total charge: -1.20009e-19
etaHat: 124879
319  fE: -3.09817  dfE: 7.89161e-08  dW: 0.00152184  dPhi(Nx/2)(Ny/2)(Nz/2): 4.23866e-05 Phi A: 0.0960074 Phi B: 0.903993 Phi I: 5.82087e-52
Total charge: -1.20009e-19
etaHat: 124879
320  fE: -3.09817  dfE: 7.74257e-08  dW: 0.0015092  dPhi(Nx/2)(Ny/2)(Nz/2): 4.21195e-05 Phi A: 0.0960074 Phi B: 0.903993 Phi I: 5.82087e-52
Saving data . . .
Total charge: -1.20009e-19
etaHat: 124879
321  fE: -3.09817  dfE: 7.21749e-08  dW: 0.00149668  dPhi(Nx/2)(Ny/2)(Nz/2): 4.185e-05 Phi A: 0.0960074 Phi B: 0.903993 Phi I: 5.82087e-52
Total charge: -1.20009e-19
etaHat: 124879
322  fE: -3.09817  dfE: 6.38126e-08  dW: 0.00148429  dPhi(Nx/2)(Ny/2)(Nz/2): 4.15781e-05 Phi A: 0.0960074 Phi B: 0.903993 Phi I: 5.82087e-52
Total charge: -1.20009e-19
etaHat: 124879
323  fE: -3.09817  dfE: 5.30766e-08  dW: 0.00147203  dPhi(Nx/2)(Ny/2)(Nz/2): 4.13038e-05 Phi A: 0.0960074 Phi B: 0.903993 Phi I: 5.82087e-52
Total charge: -1.20009e-19
etaHat: 124879
324  fE: -3.09817  dfE: 4.07479e-08  dW: 0.00145989  dPhi(Nx/2)(Ny/2)(Nz/2): 4.10274e-05 Phi A: 0.0960074 Phi B: 0.903993 Phi I: 5.82087e-52
Total charge: -1.20009e-19
etaHat: 124879
325  fE: -3.09817  dfE: 2.76069e-08  dW: 0.00144787  dPhi(Nx/2)(Ny/2)(Nz/2): 4.07493e-05 Phi A: 0.0960074 Phi B: 0.903993 Phi I: 5.82087e-52
Total charge: -1.20009e-19
etaHat: 124879
326  fE: -3.09817  dfE: 1.43942e-08  dW: 0.00143597  dPhi(Nx/2)(Ny/2)(Nz/2): 4.04699e-05 Phi A: 0.0960074 Phi B: 0.903993 Phi I: 5.82087e-52
Total charge: -1.20009e-19
etaHat: 124879
327  fE: -3.09817  dfE: 1.77833e-09  dW: 0.0014242  dPhi(Nx/2)(Ny/2)(Nz/2): 4.01898e-05 Phi A: 0.0960074 Phi B: 0.903993 Phi I: 5.82087e-52
Total charge: -1.20009e-19
etaHat: 124879
328  fE: -3.09817  dfE: 9.67065e-09  dW: 0.00141254  dPhi(Nx/2)(Ny/2)(Nz/2): 3.99093e-05 Phi A: 0.0960074 Phi B: 0.903993 Phi I: 5.82087e-52
Total charge: -1.20009e-19
etaHat: 124879
329  fE: -3.09817  dfE: 1.94996e-08  dW: 0.001401  dPhi(Nx/2)(Ny/2)(Nz/2): 3.96291e-05 Phi A: 0.0960074 Phi B: 0.903993 Phi I: 5.82087e-52
Total charge: -1.20009e-19
etaHat: 124879
330  fE: -3.09817  dfE: 2.7383e-08  dW: 0.00138958  dPhi(Nx/2)(Ny/2)(Nz/2): 3.93495e-05 Phi A: 0.0960074 Phi B: 0.903993 Phi I: 5.82087e-52
Saving data . . .
Total charge: -1.20009e-19
etaHat: 124879
331  fE: -3.09817  dfE: 3.31255e-08  dW: 0.00137828  dPhi(Nx/2)(Ny/2)(Nz/2): 3.90709e-05 Phi A: 0.0960074 Phi B: 0.903993 Phi I: 5.82087e-52
Total charge: -1.20009e-19
etaHat: 124879
332  fE: -3.09817  dfE: 3.66595e-08  dW: 0.00136709  dPhi(Nx/2)(Ny/2)(Nz/2): 3.87936e-05 Phi A: 0.0960074 Phi B: 0.903993 Phi I: 5.82087e-52
Total charge: -1.20009e-19
etaHat: 124879
333  fE: -3.09817  dfE: 3.80342e-08  dW: 0.00135602  dPhi(Nx/2)(Ny/2)(Nz/2): 3.85179e-05 Phi A: 0.0960074 Phi B: 0.903993 Phi I: 5.82087e-52
Total charge: -1.20009e-19
etaHat: 124879
334  fE: -3.09817  dfE: 3.7402e-08  dW: 0.00134507  dPhi(Nx/2)(Ny/2)(Nz/2): 3.82439e-05 Phi A: 0.0960074 Phi B: 0.903993 Phi I: 5.82087e-52
Total charge: -1.20009e-19
etaHat: 124879
335  fE: -3.09817  dfE: 3.49997e-08  dW: 0.00133422  dPhi(Nx/2)(Ny/2)(Nz/2): 3.79716e-05 Phi A: 0.0960074 Phi B: 0.903993 Phi I: 5.82087e-52
Total charge: -1.20009e-19
etaHat: 124879
336  fE: -3.09817  dfE: 3.11287e-08  dW: 0.00132348  dPhi(Nx/2)(Ny/2)(Nz/2): 3.77012e-05 Phi A: 0.0960074 Phi B: 0.903993 Phi I: 5.82087e-52
Total charge: -1.20009e-19
etaHat: 124879
337  fE: -3.09817  dfE: 2.61324e-08  dW: 0.00131284  dPhi(Nx/2)(Ny/2)(Nz/2): 3.74325e-05 Phi A: 0.0960074 Phi B: 0.903993 Phi I: 5.82087e-52
Total charge: -1.20009e-19
etaHat: 124879
338  fE: -3.09817  dfE: 2.03757e-08  dW: 0.00130232  dPhi(Nx/2)(Ny/2)(Nz/2): 3.71655e-05 Phi A: 0.0960074 Phi B: 0.903993 Phi I: 5.82087e-52
Total charge: -1.20009e-19
etaHat: 124879
339  fE: -3.09817  dfE: 1.42238e-08  dW: 0.0012919  dPhi(Nx/2)(Ny/2)(Nz/2): 3.68999e-05 Phi A: 0.0960074 Phi B: 0.903993 Phi I: 5.82087e-52
Total charge: -1.20009e-19
etaHat: 124879
340  fE: -3.09817  dfE: 8.02423e-09  dW: 0.00128158  dPhi(Nx/2)(Ny/2)(Nz/2): 3.66357e-05 Phi A: 0.0960074 Phi B: 0.903993 Phi I: 5.82087e-52
Saving data . . .
Total charge: -1.20009e-19
etaHat: 124879
341  fE: -3.09817  dfE: 2.0913e-09  dW: 0.00127137  dPhi(Nx/2)(Ny/2)(Nz/2): 3.63727e-05 Phi A: 0.0960074 Phi B: 0.903993 Phi I: 5.82087e-52
Total charge: -1.20009e-19
etaHat: 124879
342  fE: -3.09817  dfE: 3.30621e-09  dW: 0.00126125  dPhi(Nx/2)(Ny/2)(Nz/2): 3.61106e-05 Phi A: 0.0960074 Phi B: 0.903993 Phi I: 5.82087e-52
Total charge: -1.20009e-19
etaHat: 124879
343  fE: -3.09817  dfE: 7.95398e-09  dW: 0.00125123  dPhi(Nx/2)(Ny/2)(Nz/2): 3.58495e-05 Phi A: 0.0960074 Phi B: 0.903993 Phi I: 5.82087e-52
Total charge: -1.20009e-19
etaHat: 124879
344  fE: -3.09817  dfE: 1.16971e-08  dW: 0.00124131  dPhi(Nx/2)(Ny/2)(Nz/2): 3.55892e-05 Phi A: 0.0960074 Phi B: 0.903993 Phi I: 5.82087e-52
Total charge: -1.20009e-19
etaHat: 124879
345  fE: -3.09817  dfE: 1.44417e-08  dW: 0.00123148  dPhi(Nx/2)(Ny/2)(Nz/2): 3.53296e-05 Phi A: 0.0960074 Phi B: 0.903993 Phi I: 5.82087e-52
Total charge: -1.20009e-19
etaHat: 124879
346  fE: -3.09817  dfE: 1.61535e-08  dW: 0.00122175  dPhi(Nx/2)(Ny/2)(Nz/2): 3.50707e-05 Phi A: 0.0960074 Phi B: 0.903993 Phi I: 5.82087e-52
Total charge: -1.20009e-19
etaHat: 124879
347  fE: -3.09817  dfE: 1.68533e-08  dW: 0.00121212  dPhi(Nx/2)(Ny/2)(Nz/2): 3.48125e-05 Phi A: 0.0960074 Phi B: 0.903993 Phi I: 5.82087e-52
Total charge: -1.20009e-19
etaHat: 124879
348  fE: -3.09817  dfE: 1.66105e-08  dW: 0.00120258  dPhi(Nx/2)(Ny/2)(Nz/2): 3.45551e-05 Phi A: 0.0960074 Phi B: 0.903993 Phi I: 5.82087e-52
Total charge: -1.20009e-19
etaHat: 124879
349  fE: -3.09817  dfE: 1.55343e-08  dW: 0.00119315  dPhi(Nx/2)(Ny/2)(Nz/2): 3.42987e-05 Phi A: 0.0960074 Phi B: 0.903993 Phi I: 5.82087e-52
Total charge: -1.20009e-19
etaHat: 124879
350  fE: -3.09817  dfE: 1.37644e-08  dW: 0.0011838  dPhi(Nx/2)(Ny/2)(Nz/2): 3.40433e-05 Phi A: 0.0960074 Phi B: 0.903993 Phi I: 5.82087e-52
Saving data . . .
Total charge: -1.20009e-19
etaHat: 124879
351  fE: -3.09817  dfE: 1.14609e-08  dW: 0.00117456  dPhi(Nx/2)(Ny/2)(Nz/2): 3.37891e-05 Phi A: 0.0960074 Phi B: 0.903993 Phi I: 5.82087e-52
Total charge: -1.20009e-19
etaHat: 124879
352  fE: -3.09817  dfE: 8.79416e-09  dW: 0.00116539  dPhi(Nx/2)(Ny/2)(Nz/2): 3.35364e-05 Phi A: 0.0960074 Phi B: 0.903993 Phi I: 5.82087e-52
Total charge: -1.20009e-19
etaHat: 124879
353  fE: -3.09817  dfE: 5.93508e-09  dW: 0.00115632  dPhi(Nx/2)(Ny/2)(Nz/2): 3.32853e-05 Phi A: 0.0960074 Phi B: 0.903993 Phi I: 5.82087e-52
Total charge: -1.20009e-19
etaHat: 124879
354  fE: -3.09817  dfE: 3.04668e-09  dW: 0.00114733  dPhi(Nx/2)(Ny/2)(Nz/2): 3.30361e-05 Phi A: 0.0960074 Phi B: 0.903993 Phi I: 5.82087e-52
Total charge: -1.20009e-19
etaHat: 124879
355  fE: -3.09817  dfE: 2.7679e-10  dW: 0.00113842  dPhi(Nx/2)(Ny/2)(Nz/2): 3.2789e-05 Phi A: 0.0960074 Phi B: 0.903993 Phi I: 5.82087e-52
Total charge: -1.20009e-19
etaHat: 124879
356  fE: -3.09817  dfE: 2.24794e-09  dW: 0.0011296  dPhi(Nx/2)(Ny/2)(Nz/2): 3.25443e-05 Phi A: 0.0960074 Phi B: 0.903993 Phi I: 5.82087e-52
Total charge: -1.20009e-19
etaHat: 124879
357  fE: -3.09817  dfE: 4.42608e-09  dW: 0.00112086  dPhi(Nx/2)(Ny/2)(Nz/2): 3.2302e-05 Phi A: 0.0960074 Phi B: 0.903993 Phi I: 5.82087e-52
Total charge: -1.20009e-19
etaHat: 124879
358  fE: -3.09817  dfE: 6.18396e-09  dW: 0.00111221  dPhi(Nx/2)(Ny/2)(Nz/2): 3.20623e-05 Phi A: 0.0960074 Phi B: 0.903993 Phi I: 5.82087e-52
Total charge: -1.20009e-19
etaHat: 124879
359  fE: -3.09817  dfE: 7.47646e-09  dW: 0.00110364  dPhi(Nx/2)(Ny/2)(Nz/2): 3.18255e-05 Phi A: 0.0960074 Phi B: 0.903993 Phi I: 5.82087e-52
Total charge: -1.20009e-19
etaHat: 124879
360  fE: -3.09817  dfE: 8.28638e-09  dW: 0.00109516  dPhi(Nx/2)(Ny/2)(Nz/2): 3.15916e-05 Phi A: 0.0960074 Phi B: 0.903993 Phi I: 5.82087e-52
Saving data . . .
Total charge: -1.20009e-19
etaHat: 124879
361  fE: -3.09817  dfE: 8.62238e-09  dW: 0.00108676  dPhi(Nx/2)(Ny/2)(Nz/2): 3.13607e-05 Phi A: 0.0960074 Phi B: 0.903993 Phi I: 5.82087e-52
Total charge: -1.20009e-19
etaHat: 124879
362  fE: -3.09817  dfE: 8.51597e-09  dW: 0.00107843  dPhi(Nx/2)(Ny/2)(Nz/2): 3.11327e-05 Phi A: 0.0960074 Phi B: 0.903993 Phi I: 5.82087e-52
Total charge: -1.20009e-19
etaHat: 124879
363  fE: -3.09817  dfE: 8.01749e-09  dW: 0.00107018  dPhi(Nx/2)(Ny/2)(Nz/2): 3.09078e-05 Phi A: 0.0960074 Phi B: 0.903993 Phi I: 5.82087e-52
Total charge: -1.20009e-19
etaHat: 124879
364  fE: -3.09817  dfE: 7.19177e-09  dW: 0.00106201  dPhi(Nx/2)(Ny/2)(Nz/2): 3.06859e-05 Phi A: 0.0960074 Phi B: 0.903993 Phi I: 5.82087e-52
Total charge: -1.20009e-19
etaHat: 124879
365  fE: -3.09817  dfE: 6.11332e-09  dW: 0.00105391  dPhi(Nx/2)(Ny/2)(Nz/2): 3.0467e-05 Phi A: 0.0960074 Phi B: 0.903993 Phi I: 5.82087e-52
Total charge: -1.20009e-19
etaHat: 124879
366  fE: -3.09817  dfE: 4.86171e-09  dW: 0.00104589  dPhi(Nx/2)(Ny/2)(Nz/2): 3.02509e-05 Phi A: 0.0960074 Phi B: 0.903993 Phi I: 5.82087e-52
Total charge: -1.20009e-19
etaHat: 124879
367  fE: -3.09817  dfE: 3.51692e-09  dW: 0.00103794  dPhi(Nx/2)(Ny/2)(Nz/2): 3.00375e-05 Phi A: 0.0960074 Phi B: 0.903993 Phi I: 5.82087e-52
Total charge: -1.20009e-19
etaHat: 124879
368  fE: -3.09817  dfE: 2.15534e-09  dW: 0.00103007  dPhi(Nx/2)(Ny/2)(Nz/2): 2.98268e-05 Phi A: 0.0960074 Phi B: 0.903993 Phi I: 5.82087e-52
Total charge: -1.20009e-19
etaHat: 124879
369  fE: -3.09817  dfE: 8.46575e-10  dW: 0.00102227  dPhi(Nx/2)(Ny/2)(Nz/2): 2.96186e-05 Phi A: 0.0960074 Phi B: 0.903993 Phi I: 5.82087e-52
Total charge: -1.20009e-19
etaHat: 124879
370  fE: -3.09817  dfE: 3.49767e-10  dW: 0.00101455  dPhi(Nx/2)(Ny/2)(Nz/2): 2.94127e-05 Phi A: 0.0960074 Phi B: 0.903993 Phi I: 5.82087e-52
Saving data . . .
Total charge: -1.20009e-19
etaHat: 124879
371  fE: -3.09817  dfE: 1.38572e-09  dW: 0.0010069  dPhi(Nx/2)(Ny/2)(Nz/2): 2.92091e-05 Phi A: 0.0960074 Phi B: 0.903993 Phi I: 5.82087e-52
Total charge: -1.20009e-19
etaHat: 124879
372  fE: -3.09817  dfE: 2.22613e-09  dW: 0.000999314  dPhi(Nx/2)(Ny/2)(Nz/2): 2.90076e-05 Phi A: 0.0960074 Phi B: 0.903993 Phi I: 5.82087e-52
Saving data . . .
