Total charge: 124877
etaHat: 124877
0  fE: -9365.25  dfE: 9465.25  dW: 12.818  dPhi(Nx/2)(Ny/2)(Nz/2): -4.11389 Phi A: 0.607494 Phi B: 4.48374 Phi I: 999.016
Saving data . . .
Total charge: 1.59566
etaHat: 124879
1  fE: -25221.5  dfE: 15856.3  dW: 18.069  dPhi(Nx/2)(Ny/2)(Nz/2): -2.40938 Phi A: 0.378205 Phi B: 3.01654 Phi I: 0.0127653
Total charge: 1.49147e-18
etaHat: 124879
2  fE: -19.8274  dfE: 25201.7  dW: 20.0917  dPhi(Nx/2)(Ny/2)(Nz/2): -1.25732 Phi A: 0.239766 Phi B: 2.00824 Phi I: 1.43294e-20
Total charge: -1.97341e-19
etaHat: 124879
3  fE: -14.1439  dfE: 5.68351  dW: 20.166  dPhi(Nx/2)(Ny/2)(Nz/2): -0.52521 Phi A: 0.157872 Phi B: 1.36133 Phi I: 5.82325e-52
Total charge: -1.35825e-19
etaHat: 124879
4  fE: -9.92463  dfE: 4.21925  dW: 19.0797  dPhi(Nx/2)(Ny/2)(Nz/2): -0.0650415 Phi A: 0.10866 Phi B: 0.952401 Phi I: 5.82118e-52
Total charge: -9.79564e-20
etaHat: 124879
5  fE: -7.02627  dfE: 2.89836  dW: 17.3135  dPhi(Nx/2)(Ny/2)(Nz/2): 0.226301 Phi A: 0.0783652 Phi B: 0.692604 Phi I: 5.81933e-52
Total charge: -7.40821e-20
etaHat: 124879
6  fE: -5.0828  dfE: 1.94347  dW: 15.1621  dPhi(Nx/2)(Ny/2)(Nz/2): 0.413252 Phi A: 0.0592657 Phi B: 0.525539 Phi I: 5.81773e-52
Total charge: -5.87449e-20
etaHat: 124879
7  fE: -3.78045  dfE: 1.30236  dW: 12.8093  dPhi(Nx/2)(Ny/2)(Nz/2): 0.534748 Phi A: 0.0469959 Phi B: 0.416816 Phi I: 5.81638e-52
Total charge: -4.88067e-20
etaHat: 124879
8  fE: -2.89813  dfE: 0.882312  dW: 10.3719  dPhi(Nx/2)(Ny/2)(Nz/2): 0.614149 Phi A: 0.0390454 Phi B: 0.345698 Phi I: 5.81529e-52
Total charge: -4.24336e-20
etaHat: 124879
9  fE: -2.29015  dfE: 0.607985  dW: 7.926  dPhi(Nx/2)(Ny/2)(Nz/2): 0.665487 Phi A: 0.0339468 Phi B: 0.29968 Phi I: 5.81445e-52
Total charge: -3.85441e-20
etaHat: 124879
10  fE: -1.86236  dfE: 0.427786  dW: 5.52324  dPhi(Nx/2)(Ny/2)(Nz/2): 0.697195 Phi A: 0.0308353 Phi B: 0.271236 Phi I: 5.81387e-52
Saving data . . .
Total charge: -3.65076e-20
etaHat: 124879
11  fE: -1.55377  dfE: 0.308592  dW: 3.2003  dPhi(Nx/2)(Ny/2)(Nz/2): 0.714267 Phi A: 0.0292061 Phi B: 0.2559 Phi I: 5.81352e-52
Total charge: -3.59759e-20
etaHat: 124879
12  fE: -1.32404  dfE: 0.229734  dW: 0.987069  dPhi(Nx/2)(Ny/2)(Nz/2): 0.719499 Phi A: 0.0287808 Phi B: 0.251168 Phi I: 5.81341e-52
Total charge: -3.67916e-20
etaHat: 124879
13  fE: -1.14551  dfE: 0.17853  dW: 1.09794  dPhi(Nx/2)(Ny/2)(Nz/2): 0.714202 Phi A: 0.0294333 Phi B: 0.255868 Phi I: 5.81351e-52
Total charge: -3.89369e-20
etaHat: 124879
14  fE: -0.998185  dfE: 0.147323  dW: 3.02665  dPhi(Nx/2)(Ny/2)(Nz/2): 0.698584 Phi A: 0.0311495 Phi B: 0.269814 Phi I: 5.81382e-52
Total charge: -4.25071e-20
etaHat: 124879
15  fE: -0.866654  dfE: 0.131531  dW: 4.77692  dPhi(Nx/2)(Ny/2)(Nz/2): 0.671962 Phi A: 0.0340057 Phi B: 0.293619 Phi I: 5.81431e-52
Total charge: -4.76949e-20
etaHat: 124879
16  fE: -0.738458  dfE: 0.128196  dW: 6.32131  dPhi(Nx/2)(Ny/2)(Nz/2): 0.632873 Phi A: 0.0381559 Phi B: 0.328598 Phi I: 5.81496e-52
Total charge: -5.47745e-20
etaHat: 124879
17  fE: -0.603838  dfE: 0.13462  dW: 7.62728  dPhi(Nx/2)(Ny/2)(Nz/2): 0.579185 Phi A: 0.0438196 Phi B: 0.376675 Phi I: 5.81575e-52
Total charge: -6.40735e-20
etaHat: 124879
18  fE: -0.457159  dfE: 0.146678  dW: 8.65615  dPhi(Nx/2)(Ny/2)(Nz/2): 0.508276 Phi A: 0.0512588 Phi B: 0.440222 Phi I: 5.81665e-52
Total charge: -7.59141e-20
etaHat: 124879
19  fE: -0.300546  dfE: 0.156613  dW: 9.36337  dPhi(Nx/2)(Ny/2)(Nz/2): 0.417437 Phi A: 0.0607312 Phi B: 0.521707 Phi I: 5.81764e-52
Total charge: -9.05039e-20
etaHat: 124879
20  fE: -0.149965  dfE: 0.150581  dW: 9.70109  dPhi(Nx/2)(Ny/2)(Nz/2): 0.304632 Phi A: 0.0724031 Phi B: 0.623023 Phi I: 5.81867e-52
Saving data . . .
Total charge: -1.07764e-19
etaHat: 124879
21  fE: -0.0425301  dfE: 0.107435  dW: 9.62456  dPhi(Nx/2)(Ny/2)(Nz/2): 0.169759 Phi A: 0.0862114 Phi B: 0.744365 Phi I: 5.81971e-52
Total charge: -1.27111e-19
etaHat: 124879
22  fE: -0.0405779  dfE: 0.00195215  dW: 9.10313  dPhi(Nx/2)(Ny/2)(Nz/2): 0.0163163 Phi A: 0.101688 Phi B: 0.88273 Phi I: 5.82071e-52
Total charge: -1.47264e-19
etaHat: 124879
23  fE: -0.224296  dfE: 0.183718  dW: 8.13528  dPhi(Nx/2)(Ny/2)(Nz/2): -0.146993 Phi A: 0.117812 Phi B: 1.03046 Phi I: 5.82161e-52
Total charge: -1.66248e-19
etaHat: 124879
24  fE: -0.665173  dfE: 0.440877  dW: 6.76364  dPhi(Nx/2)(Ny/2)(Nz/2): -0.305815 Phi A: 0.132999 Phi B: 1.17477 Phi I: 5.82238e-52
Total charge: -1.81712e-19
etaHat: 124879
25  fE: -1.38406  dfE: 0.718883  dW: 5.08241  dPhi(Nx/2)(Ny/2)(Nz/2): -0.442064 Phi A: 0.145369 Phi B: 1.29943 Phi I: 5.82298e-52
Total charge: -1.91584e-19
etaHat: 124879
26  fE: -2.31746  dfE: 0.933405  dW: 3.23011  dPhi(Nx/2)(Ny/2)(Nz/2): -0.538471 Phi A: 0.153267 Phi B: 1.38874 Phi I: 5.82337e-52
Total charge: -1.94774e-19
etaHat: 124879
27  fE: -3.3231  dfE: 1.00564  dW: 1.36641  dPhi(Nx/2)(Ny/2)(Nz/2): -0.584068 Phi A: 0.155819 Phi B: 1.4325 Phi I: 5.82356e-52
Total charge: -1.91507e-19
etaHat: 124879
28  fE: -4.23096  dfE: 0.907858  dW: 0.460271  dPhi(Nx/2)(Ny/2)(Nz/2): -0.577602 Phi A: 0.153205 Phi B: 1.4292 Phi I: 5.82356e-52
Total charge: -1.83111e-19
etaHat: 124879
29  fE: -4.90814  dfE: 0.67718  dW: 1.82947  dPhi(Nx/2)(Ny/2)(Nz/2): -0.526974 Phi A: 0.146489 Phi B: 1.38563 Phi I: 5.82339e-52
Total charge: -1.71449e-19
etaHat: 124879
30  fE: -5.29671  dfE: 0.388565  dW: 2.97797  dPhi(Nx/2)(Ny/2)(Nz/2): -0.44551 Phi A: 0.137159 Phi B: 1.31362 Phi I: 5.82308e-52
Saving data . . .
Total charge: -1.58339e-19
etaHat: 124879
31  fE: -5.41076  dfE: 0.114051  dW: 3.7804  dPhi(Nx/2)(Ny/2)(Nz/2): -0.347514 Phi A: 0.126671 Phi B: 1.22605 Phi I: 5.82269e-52
Total charge: -1.45211e-19
etaHat: 124879
32  fE: -5.3085  dfE: 0.102261  dW: 4.24791  dPhi(Nx/2)(Ny/2)(Nz/2): -0.245135 Phi A: 0.116169 Phi B: 1.13399 Phi I: 5.82224e-52
Total charge: -1.3301e-19
etaHat: 124879
33  fE: -5.06176  dfE: 0.246735  dW: 4.41412  dPhi(Nx/2)(Ny/2)(Nz/2): -0.147068 Phi A: 0.106408 Phi B: 1.04541 Phi I: 5.82177e-52
Total charge: -1.2226e-19
etaHat: 124879
34  fE: -4.73564  dfE: 0.326127  dW: 4.32445  dPhi(Nx/2)(Ny/2)(Nz/2): -0.0586473 Phi A: 0.097808 Phi B: 0.96529 Phi I: 5.8213e-52
Total charge: -1.13179e-19
etaHat: 124879
35  fE: -4.37967  dfE: 0.355965  dW: 4.02835  dPhi(Nx/2)(Ny/2)(Nz/2): 0.0174296 Phi A: 0.0905434 Phi B: 0.896171 Phi I: 5.82087e-52
Total charge: -1.05797e-19
etaHat: 124879
36  fE: -4.02704  dfE: 0.352636  dW: 3.57451  dPhi(Nx/2)(Ny/2)(Nz/2): 0.0802404 Phi A: 0.0846374 Phi B: 0.838971 Phi I: 5.82049e-52
Total charge: -1.00039e-19
etaHat: 124879
37  fE: -3.6974  dfE: 0.329633  dW: 3.00823  dPhi(Nx/2)(Ny/2)(Nz/2): 0.129919 Phi A: 0.080031 Phi B: 0.793626 Phi I: 5.82016e-52
Total charge: -9.5786e-20
etaHat: 124879
38  fE: -3.4008  dfE: 0.296601  dW: 2.37034  dPhi(Nx/2)(Ny/2)(Nz/2): 0.167146 Phi A: 0.0766288 Phi B: 0.759556 Phi I: 5.81991e-52
Total charge: -9.29064e-20
etaHat: 124879
39  fE: -3.14109  dfE: 0.259716  dW: 1.6969  dPhi(Nx/2)(Ny/2)(Nz/2): 0.19282 Phi A: 0.0743251 Phi B: 0.735964 Phi I: 5.81972e-52
Total charge: -9.12722e-20
etaHat: 124879
40  fE: -2.91857  dfE: 0.222518  dW: 1.01948  dPhi(Nx/2)(Ny/2)(Nz/2): 0.207886 Phi A: 0.0730178 Phi B: 0.722006 Phi I: 5.81961e-52
Saving data . . .
Total charge: -9.07655e-20
etaHat: 124879
41  fE: -2.73187  dfE: 0.186703  dW: 0.365574  dPhi(Nx/2)(Ny/2)(Nz/2): 0.213255 Phi A: 0.0726124 Phi B: 0.71686 Phi I: 5.81956e-52
Total charge: -9.12769e-20
etaHat: 124879
42  fE: -2.57909  dfE: 0.152772  dW: 0.244775  dPhi(Nx/2)(Ny/2)(Nz/2): 0.209787 Phi A: 0.0730215 Phi B: 0.719745 Phi I: 5.81959e-52
Total charge: -9.27006e-20
etaHat: 124879
43  fE: -2.4586  dfE: 0.120491  dW: 0.78178  dPhi(Nx/2)(Ny/2)(Nz/2): 0.198327 Phi A: 0.0741605 Phi B: 0.729895 Phi I: 5.81966e-52
Total charge: -9.49269e-20
etaHat: 124879
44  fE: -2.36938  dfE: 0.0892272  dW: 1.23857  dPhi(Nx/2)(Ny/2)(Nz/2): 0.179752 Phi A: 0.0759415 Phi B: 0.746515 Phi I: 5.81979e-52
Total charge: -9.78346e-20
etaHat: 124879
45  fE: -2.31116  dfE: 0.0582177  dW: 1.59924  dPhi(Nx/2)(Ny/2)(Nz/2): 0.155036 Phi A: 0.0782677 Phi B: 0.768719 Phi I: 5.81996e-52
Total charge: -1.01283e-19
etaHat: 124879
46  fE: -2.28435  dfE: 0.0268096  dW: 1.85499  dPhi(Nx/2)(Ny/2)(Nz/2): 0.12531 Phi A: 0.0810266 Phi B: 0.795481 Phi I: 5.82016e-52
Total charge: -1.05109e-19
etaHat: 124879
47  fE: -2.28965  dfE: 0.00530098  dW: 2.00141  dPhi(Nx/2)(Ny/2)(Nz/2): 0.0919098 Phi A: 0.0840869 Phi B: 0.825593 Phi I: 5.82038e-52
Total charge: -1.09122e-19
etaHat: 124879
48  fE: -2.3275  dfE: 0.0378469  dW: 2.03885  dPhi(Nx/2)(Ny/2)(Nz/2): 0.0563867 Phi A: 0.0872978 Phi B: 0.857649 Phi I: 5.8206e-52
Total charge: -1.13117e-19
etaHat: 124879
49  fE: -2.39733  dfE: 0.0698335  dW: 1.97268  dPhi(Nx/2)(Ny/2)(Nz/2): 0.0204776 Phi A: 0.0904933 Phi B: 0.890077 Phi I: 5.82081e-52
Total charge: -1.16876e-19
etaHat: 124879
50  fE: -2.49685  dfE: 0.0995214  dW: 1.81333  dPhi(Nx/2)(Ny/2)(Nz/2): -0.0139793 Phi A: 0.0935008 Phi B: 0.921214 Phi I: 5.82102e-52
Saving data . . .
Total charge: -1.20194e-19
etaHat: 124879
51  fE: -2.62146  dfE: 0.124614  dW: 1.57579  dPhi(Nx/2)(Ny/2)(Nz/2): -0.0451771 Phi A: 0.0961552 Phi B: 0.949423 Phi I: 5.82119e-52
Total charge: -1.22893e-19
etaHat: 124879
52  fE: -2.76412  dfE: 0.14266  dW: 1.27878  dPhi(Nx/2)(Ny/2)(Nz/2): -0.071504 Phi A: 0.0983145 Phi B: 0.973242 Phi I: 5.82134e-52
Total charge: -1.24843e-19
etaHat: 124879
53  fE: -2.91573  dfE: 0.151601  dW: 0.943409  dPhi(Nx/2)(Ny/2)(Nz/2): -0.0917065 Phi A: 0.0998746 Phi B: 0.991534 Phi I: 5.82145e-52
Total charge: -1.25975e-19
etaHat: 124879
54  fE: -3.06603  dfE: 0.150301  dW: 0.591625  dPhi(Nx/2)(Ny/2)(Nz/2): -0.105019 Phi A: 0.10078 Phi B: 1.0036 Phi I: 5.82152e-52
Total charge: -1.26287e-19
etaHat: 124879
55  fE: -3.20492  dfE: 0.138891  dW: 0.245601  dPhi(Nx/2)(Ny/2)(Nz/2): -0.11123 Phi A: 0.101029 Phi B: 1.00924 Phi I: 5.82155e-52
Total charge: -1.25836e-19
etaHat: 124879
56  fE: -3.32371  dfE: 0.118788  dW: 0.105848  dPhi(Nx/2)(Ny/2)(Nz/2): -0.110668 Phi A: 0.100669 Phi B: 1.00875 Phi I: 5.82155e-52
Total charge: -1.24732e-19
etaHat: 124879
57  fE: -3.41612  dfE: 0.0924179  dW: 0.363797  dPhi(Nx/2)(Ny/2)(Nz/2): -0.104118 Phi A: 0.0997852 Phi B: 1.00283 Phi I: 5.82152e-52
Total charge: -1.23115e-19
etaHat: 124879
58  fE: -3.47884  dfE: 0.0627125  dW: 0.598499  dPhi(Nx/2)(Ny/2)(Nz/2): -0.0926978 Phi A: 0.0984918 Phi B: 0.992487 Phi I: 5.82146e-52
Total charge: -1.21142e-19
etaHat: 124879
59  fE: -3.51142  dfE: 0.0325832  dW: 0.776292  dPhi(Nx/2)(Ny/2)(Nz/2): -0.0776992 Phi A: 0.0969134 Phi B: 0.978897 Phi I: 5.82138e-52
Total charge: -1.18968e-19
etaHat: 124879
60  fE: -3.51591  dfE: 0.00449212  dW: 0.894475  dPhi(Nx/2)(Ny/2)(Nz/2): -0.0604555 Phi A: 0.0951743 Phi B: 0.963265 Phi I: 5.82129e-52
Saving data . . .
Total charge: -1.16736e-19
etaHat: 124879
61  fE: -3.49612  dfE: 0.0197897  dW: 0.95402  dPhi(Nx/2)(Ny/2)(Nz/2): -0.0422265 Phi A: 0.0933884 Phi B: 0.946732 Phi I: 5.82119e-52
Total charge: -1.14567e-19
etaHat: 124879
62  fE: -3.45688  dfE: 0.0392372  dW: 0.95892  dPhi(Nx/2)(Ny/2)(Nz/2): -0.0241222 Phi A: 0.0916532 Phi B: 0.930308 Phi I: 5.82108e-52
Total charge: -1.12559e-19
etaHat: 124879
63  fE: -3.4034  dfE: 0.0534874  dW: 0.915465  dPhi(Nx/2)(Ny/2)(Nz/2): -0.00706029 Phi A: 0.0900471 Phi B: 0.914826 Phi I: 5.82099e-52
Total charge: -1.10786e-19
etaHat: 124879
64  fE: -3.34072  dfE: 0.0626806  dW: 0.831534  dPhi(Nx/2)(Ny/2)(Nz/2): 0.00824713 Phi A: 0.0886289 Phi B: 0.900937 Phi I: 5.8209e-52
Total charge: -1.09299e-19
etaHat: 124879
65  fE: -3.27343  dfE: 0.0672848  dW: 0.715948  dPhi(Nx/2)(Ny/2)(Nz/2): 0.0212887 Phi A: 0.087439 Phi B: 0.889106 Phi I: 5.82082e-52
Total charge: -1.08127e-19
etaHat: 124879
66  fE: -3.20549  dfE: 0.0679398  dW: 0.577911  dPhi(Nx/2)(Ny/2)(Nz/2): 0.0317364 Phi A: 0.0865015 Phi B: 0.879634 Phi I: 5.82076e-52
Total charge: -1.07283e-19
etaHat: 124879
67  fE: -3.14015  dfE: 0.0653408  dW: 0.426545  dPhi(Nx/2)(Ny/2)(Nz/2): 0.0394238 Phi A: 0.0858261 Phi B: 0.872675 Phi I: 5.82071e-52
Total charge: -1.06764e-19
etaHat: 124879
68  fE: -3.07999  dfE: 0.0601628  dW: 0.270515  dPhi(Nx/2)(Ny/2)(Nz/2): 0.0443231 Phi A: 0.0854109 Phi B: 0.868257 Phi I: 5.82068e-52
Total charge: -1.06554e-19
etaHat: 124879
69  fE: -3.02697  dfE: 0.0530212  dW: 0.118015  dPhi(Nx/2)(Ny/2)(Nz/2): 0.0465237 Phi A: 0.0852436 Phi B: 0.866302 Phi I: 5.82067e-52
Total charge: -1.0663e-19
etaHat: 124879
70  fE: -2.98251  dfE: 0.0444599  dW: 0.042846  dPhi(Nx/2)(Ny/2)(Nz/2): 0.0462135 Phi A: 0.0853037 Phi B: 0.86664 Phi I: 5.82067e-52
Saving data . . .
Total charge: -1.06955e-19
etaHat: 124879
71  fE: -2.94755  dfE: 0.0349567  dW: 0.151619  dPhi(Nx/2)(Ny/2)(Nz/2): 0.0436624 Phi A: 0.0855639 Phi B: 0.869029 Phi I: 5.82068e-52
Total charge: -1.07489e-19
etaHat: 124879
72  fE: -2.92261  dfE: 0.0249377  dW: 0.257928  dPhi(Nx/2)(Ny/2)(Nz/2): 0.039206 Phi A: 0.0859914 Phi B: 0.873164 Phi I: 5.82071e-52
Total charge: -1.08187e-19
etaHat: 124879
73  fE: -2.90782  dfE: 0.0147945  dW: 0.340733  dPhi(Nx/2)(Ny/2)(Nz/2): 0.0332312 Phi A: 0.0865492 Phi B: 0.878696 Phi I: 5.82075e-52
Total charge: -1.08997e-19
etaHat: 124879
74  fE: -2.90292  dfE: 0.00489739  dW: 0.398286  dPhi(Nx/2)(Ny/2)(Nz/2): 0.0261597 Phi A: 0.0871977 Phi B: 0.885242 Phi I: 5.82079e-52
Total charge: -1.0987e-19
etaHat: 124879
75  fE: -2.90732  dfE: 0.00439762  dW: 0.430198  dPhi(Nx/2)(Ny/2)(Nz/2): 0.0184305 Phi A: 0.0878963 Phi B: 0.892402 Phi I: 5.82084e-52
Total charge: -1.10756e-19
etaHat: 124879
76  fE: -2.92007  dfE: 0.0127516  dW: 0.437349  dPhi(Nx/2)(Ny/2)(Nz/2): 0.0104816 Phi A: 0.0886049 Phi B: 0.899778 Phi I: 5.82088e-52
Total charge: -1.11607e-19
etaHat: 124879
77  fE: -2.93992  dfE: 0.0198542  dW: 0.421756  dPhi(Nx/2)(Ny/2)(Nz/2): 0.00272992 Phi A: 0.0892859 Phi B: 0.906989 Phi I: 5.82093e-52
Total charge: -1.12383e-19
etaHat: 124879
78  fE: -2.96537  dfE: 0.0254425  dW: 0.386391  dPhi(Nx/2)(Ny/2)(Nz/2): -0.00444799 Phi A: 0.089906 Phi B: 0.913691 Phi I: 5.82097e-52
Total charge: -1.13047e-19
etaHat: 124879
79  fE: -2.99469  dfE: 0.0293237  dW: 0.334959  dPhi(Nx/2)(Ny/2)(Nz/2): -0.0107335 Phi A: 0.0904376 Phi B: 0.919589 Phi I: 5.82101e-52
Total charge: -1.13575e-19
etaHat: 124879
80  fE: -3.02609  dfE: 0.0313955  dW: 0.271648  dPhi(Nx/2)(Ny/2)(Nz/2): -0.0158801 Phi A: 0.09086 Phi B: 0.924457 Phi I: 5.82104e-52
Saving data . . .
Total charge: -1.1395e-19
etaHat: 124879
81  fE: -3.05775  dfE: 0.0316611  dW: 0.200868  dPhi(Nx/2)(Ny/2)(Nz/2): -0.0197232 Phi A: 0.0911603 Phi B: 0.928141 Phi I: 5.82107e-52
Total charge: -1.14167e-19
etaHat: 124879
82  fE: -3.08798  dfE: 0.0302328  dW: 0.127011  dPhi(Nx/2)(Ny/2)(Nz/2): -0.0221836 Phi A: 0.0913333 Phi B: 0.930564 Phi I: 5.82108e-52
Total charge: -1.14227e-19
etaHat: 124879
83  fE: -3.1153  dfE: 0.0273238  dW: 0.0583076  dPhi(Nx/2)(Ny/2)(Nz/2): -0.0232656 Phi A: 0.0913816 Phi B: 0.931727 Phi I: 5.82109e-52
Total charge: -1.14143e-19
etaHat: 124879
84  fE: -3.13853  dfE: 0.023229  dW: 0.0337292  dPhi(Nx/2)(Ny/2)(Nz/2): -0.0230488 Phi A: 0.0913142 Phi B: 0.931699 Phi I: 5.82109e-52
Total charge: -1.13932e-19
etaHat: 124879
85  fE: -3.15683  dfE: 0.0182965  dW: 0.0753056  dPhi(Nx/2)(Ny/2)(Nz/2): -0.0216761 Phi A: 0.0911458 Phi B: 0.930606 Phi I: 5.82108e-52
Total charge: -1.13619e-19
etaHat: 124879
86  fE: -3.16973  dfE: 0.012896  dW: 0.125377  dPhi(Nx/2)(Ny/2)(Nz/2): -0.0193383 Phi A: 0.090895 Phi B: 0.928621 Phi I: 5.82107e-52
Total charge: -1.13228e-19
etaHat: 124879
87  fE: -3.17711  dfE: 0.00738751  dW: 0.16456  dPhi(Nx/2)(Ny/2)(Nz/2): -0.0162576 Phi A: 0.0905826 Phi B: 0.925943 Phi I: 5.82105e-52
Total charge: -1.12788e-19
etaHat: 124879
88  fE: -3.17921  dfE: 0.00209494  dW: 0.191503  dPhi(Nx/2)(Ny/2)(Nz/2): -0.0126708 Phi A: 0.0902305 Phi B: 0.922787 Phi I: 5.82103e-52
Total charge: -1.12325e-19
etaHat: 124879
89  fE: -3.1765  dfE: 0.00271264  dW: 0.206145  dPhi(Nx/2)(Ny/2)(Nz/2): -0.00881403 Phi A: 0.0898603 Phi B: 0.919368 Phi I: 5.82101e-52
Total charge: -1.11865e-19
etaHat: 124879
90  fE: -3.16966  dfE: 0.00683192  dW: 0.209059  dPhi(Nx/2)(Ny/2)(Nz/2): -0.00491049 Phi A: 0.0894918 Phi B: 0.91589 Phi I: 5.82099e-52
Saving data . . .
Total charge: -1.11428e-19
etaHat: 124879
91  fE: -3.15954  dfE: 0.0101283  dW: 0.201346  dPhi(Nx/2)(Ny/2)(Nz/2): -0.00115977 Phi A: 0.0891425 Phi B: 0.912534 Phi I: 5.82097e-52
Total charge: -1.11034e-19
etaHat: 124879
92  fE: -3.147  dfE: 0.0125325  dW: 0.184519  dPhi(Nx/2)(Ny/2)(Nz/2): 0.00226919 Phi A: 0.0888268 Phi B: 0.909456 Phi I: 5.82095e-52
Total charge: -1.10695e-19
etaHat: 124879
93  fE: -3.13297  dfE: 0.0140334  dW: 0.160377  dPhi(Nx/2)(Ny/2)(Nz/2): 0.00524264 Phi A: 0.0885561 Phi B: 0.906779 Phi I: 5.82093e-52
Total charge: -1.10423e-19
etaHat: 124879
94  fE: -3.1183  dfE: 0.0146678  dW: 0.130887  dPhi(Nx/2)(Ny/2)(Nz/2): 0.00766408 Phi A: 0.088338 Phi B: 0.904592 Phi I: 5.82092e-52
Total charge: -1.10221e-19
etaHat: 124879
95  fE: -3.10379  dfE: 0.0145101  dW: 0.0980681  dPhi(Nx/2)(Ny/2)(Nz/2): 0.00947428 Phi A: 0.0881769 Phi B: 0.902951 Phi I: 5.82091e-52
Total charge: -1.10093e-19
etaHat: 124879
96  fE: -3.09013  dfE: 0.0136618  dW: 0.0640192  dPhi(Nx/2)(Ny/2)(Nz/2): 0.0106496 Phi A: 0.0880741 Phi B: 0.901879 Phi I: 5.8209e-52
Total charge: -1.10035e-19
etaHat: 124879
97  fE: -3.07789  dfE: 0.0122429  dW: 0.0335974  dPhi(Nx/2)(Ny/2)(Nz/2): 0.0111992 Phi A: 0.0880277 Phi B: 0.90137 Phi I: 5.8209e-52
Total charge: -1.10042e-19
etaHat: 124879
98  fE: -3.0675  dfE: 0.0103835  dW: 0.0210222  dPhi(Nx/2)(Ny/2)(Nz/2): 0.0111605 Phi A: 0.0880337 Phi B: 0.901389 Phi I: 5.8209e-52
Total charge: -1.10107e-19
etaHat: 124879
99  fE: -3.05929  dfE: 0.00821775  dW: 0.0327184  dPhi(Nx/2)(Ny/2)(Nz/2): 0.0105953 Phi A: 0.0880858 Phi B: 0.901883 Phi I: 5.8209e-52
Total charge: -1.1022e-19
etaHat: 124879
100  fE: -3.05341  dfE: 0.00587815  dW: 0.0536525  dPhi(Nx/2)(Ny/2)(Nz/2): 0.00958385 Phi A: 0.0881763 Phi B: 0.90278 Phi I: 5.8209e-52
Saving data . . .
Total charge: -1.1037e-19
etaHat: 124879
101  fE: -3.04992  dfE: 0.00349128  dW: 0.0720084  dPhi(Nx/2)(Ny/2)(Nz/2): 0.00821987 Phi A: 0.0882963 Phi B: 0.903995 Phi I: 5.82091e-52
Total charge: -1.10546e-19
etaHat: 124879
102  fE: -3.04874  dfE: 0.00117362  dW: 0.0849865  dPhi(Nx/2)(Ny/2)(Nz/2): 0.00660467 Phi A: 0.0884365 Phi B: 0.905437 Phi I: 5.82092e-52
Total charge: -1.10734e-19
etaHat: 124879
103  fE: -3.04971  dfE: 0.000971901  dW: 0.0923254  dPhi(Nx/2)(Ny/2)(Nz/2): 0.00484184 Phi A: 0.0885874 Phi B: 0.907013 Phi I: 5.82093e-52
Total charge: -1.10925e-19
etaHat: 124879
104  fE: -3.05257  dfE: 0.00285893  dW: 0.0942262  dPhi(Nx/2)(Ny/2)(Nz/2): 0.00303209 Phi A: 0.0887402 Phi B: 0.908631 Phi I: 5.82094e-52
Total charge: -1.11108e-19
etaHat: 124879
105  fE: -3.05699  dfE: 0.00442024  dW: 0.0911497  dPhi(Nx/2)(Ny/2)(Nz/2): 0.00126867 Phi A: 0.0888864 Phi B: 0.910208 Phi I: 5.82095e-52
Total charge: -1.11274e-19
etaHat: 124879
106  fE: -3.0626  dfE: 0.00560954  dW: 0.0837596  dPhi(Nx/2)(Ny/2)(Nz/2): -0.000366555 Phi A: 0.0890191 Phi B: 0.911668 Phi I: 5.82096e-52
Total charge: -1.11416e-19
etaHat: 124879
107  fE: -3.06901  dfE: 0.00640241  dW: 0.0728723  dPhi(Nx/2)(Ny/2)(Nz/2): -0.00180615 Phi A: 0.0891326 Phi B: 0.91295 Phi I: 5.82097e-52
Total charge: -1.11528e-19
etaHat: 124879
108  fE: -3.0758  dfE: 0.00679615  dW: 0.0594306  dPhi(Nx/2)(Ny/2)(Nz/2): -0.00299913 Phi A: 0.0892228 Phi B: 0.914009 Phi I: 5.82098e-52
Total charge: -1.11609e-19
etaHat: 124879
109  fE: -3.08261  dfE: 0.00680859  dW: 0.044656  dPhi(Nx/2)(Ny/2)(Nz/2): -0.00391208 Phi A: 0.089287 Phi B: 0.914815 Phi I: 5.82098e-52
Total charge: -1.11656e-19
etaHat: 124879
110  fE: -3.08909  dfE: 0.00647568  dW: 0.0306746  dPhi(Nx/2)(Ny/2)(Nz/2): -0.00452909 Phi A: 0.0893245 Phi B: 0.915352 Phi I: 5.82098e-52
Saving data . . .
Total charge: -1.1167e-19
etaHat: 124879
111  fE: -3.09493  dfE: 0.00584818  dW: 0.0208628  dPhi(Nx/2)(Ny/2)(Nz/2): -0.00485092 Phi A: 0.0893357 Phi B: 0.915621 Phi I: 5.82099e-52
Total charge: -1.11653e-19
etaHat: 124879
112  fE: -3.09992  dfE: 0.00498767  dW: 0.0179287  dPhi(Nx/2)(Ny/2)(Nz/2): -0.00489325 Phi A: 0.0893224 Phi B: 0.915637 Phi I: 5.82099e-52
Total charge: -1.1161e-19
etaHat: 124879
113  fE: -3.10388  dfE: 0.0039621  dW: 0.0214493  dPhi(Nx/2)(Ny/2)(Nz/2): -0.00468431 Phi A: 0.0892877 Phi B: 0.915425 Phi I: 5.82099e-52
Total charge: -1.11544e-19
etaHat: 124879
114  fE: -3.10673  dfE: 0.00284136  dW: 0.0284354  dPhi(Nx/2)(Ny/2)(Nz/2): -0.00426212 Phi A: 0.0892351 Phi B: 0.91502 Phi I: 5.82098e-52
Total charge: -1.11461e-19
etaHat: 124879
115  fE: -3.10842  dfE: 0.00169316  dW: 0.0357186  dPhi(Nx/2)(Ny/2)(Nz/2): -0.00367148 Phi A: 0.089169 Phi B: 0.914463 Phi I: 5.82098e-52
Total charge: -1.11367e-19
etaHat: 124879
116  fE: -3.109  dfE: 0.000579452  dW: 0.0413802  dPhi(Nx/2)(Ny/2)(Nz/2): -0.0029609 Phi A: 0.0890938 Phi B: 0.913798 Phi I: 5.82097e-52
Total charge: -1.11268e-19
etaHat: 124879
117  fE: -3.10855  dfE: 0.000446388  dW: 0.0446958  dPhi(Nx/2)(Ny/2)(Nz/2): -0.0021797 Phi A: 0.0890141 Phi B: 0.913069 Phi I: 5.82097e-52
Total charge: -1.11167e-19
etaHat: 124879
118  fE: -3.10721  dfE: 0.00134147  dW: 0.0455557  dPhi(Nx/2)(Ny/2)(Nz/2): -0.00137542 Phi A: 0.088934 Phi B: 0.912321 Phi I: 5.82097e-52
Total charge: -1.11072e-19
etaHat: 124879
119  fE: -3.10514  dfE: 0.00207448  dW: 0.0441305  dPhi(Nx/2)(Ny/2)(Nz/2): -0.000591606 Phi A: 0.0888574 Phi B: 0.911593 Phi I: 5.82096e-52
Total charge: -1.10985e-19
etaHat: 124879
120  fE: -3.10251  dfE: 0.00262594  dW: 0.0407362  dPhi(Nx/2)(Ny/2)(Nz/2): 0.000133968 Phi A: 0.0887876 Phi B: 0.910919 Phi I: 5.82096e-52
Saving data . . .
Total charge: -1.10909e-19
etaHat: 124879
121  fE: -3.09952  dfE: 0.00298778  dW: 0.035815  dPhi(Nx/2)(Ny/2)(Nz/2): 0.000770547 Phi A: 0.0887271 Phi B: 0.910328 Phi I: 5.82095e-52
Total charge: -1.10847e-19
etaHat: 124879
122  fE: -3.09636  dfE: 0.00316235  dW: 0.0299667  dPhi(Nx/2)(Ny/2)(Nz/2): 0.00129516 Phi A: 0.0886778 Phi B: 0.909841 Phi I: 5.82095e-52
Total charge: -1.10801e-19
etaHat: 124879
123  fE: -3.0932  dfE: 0.00316107  dW: 0.0240131  dPhi(Nx/2)(Ny/2)(Nz/2): 0.00169293 Phi A: 0.0886408 Phi B: 0.90947 Phi I: 5.82095e-52
Total charge: -1.10771e-19
etaHat: 124879
124  fE: -3.0902  dfE: 0.00300276  dW: 0.0189104  dPhi(Nx/2)(Ny/2)(Nz/2): 0.0019569 Phi A: 0.0886165 Phi B: 0.909224 Phi I: 5.82095e-52
Total charge: -1.10756e-19
etaHat: 124879
125  fE: -3.08748  dfE: 0.00271186  dW: 0.0154991  dPhi(Nx/2)(Ny/2)(Nz/2): 0.00208759 Phi A: 0.0886047 Phi B: 0.909101 Phi I: 5.82094e-52
Total charge: -1.10755e-19
etaHat: 124879
126  fE: -3.08517  dfE: 0.00231666  dW: 0.0141578  dPhi(Nx/2)(Ny/2)(Nz/2): 0.00209212 Phi A: 0.0886044 Phi B: 0.909094 Phi I: 5.82094e-52
Total charge: -1.10768e-19
etaHat: 124879
127  fE: -3.08332  dfE: 0.00184748  dW: 0.0146025  dPhi(Nx/2)(Ny/2)(Nz/2): 0.00198324 Phi A: 0.0886143 Phi B: 0.909193 Phi I: 5.82094e-52
Total charge: -1.10791e-19
etaHat: 124879
128  fE: -3.08198  dfE: 0.00133508  dW: 0.0162161  dPhi(Nx/2)(Ny/2)(Nz/2): 0.00177804 Phi A: 0.0886328 Phi B: 0.909382 Phi I: 5.82095e-52
Total charge: -1.10822e-19
etaHat: 124879
129  fE: -3.08118  dfE: 0.000809133  dW: 0.0182619  dPhi(Nx/2)(Ny/2)(Nz/2): 0.00149672 Phi A: 0.088658 Phi B: 0.909641 Phi I: 5.82095e-52
Total charge: -1.1086e-19
etaHat: 124879
130  fE: -3.08088  dfE: 0.000296943  dW: 0.0200829  dPhi(Nx/2)(Ny/2)(Nz/2): 0.00116124 Phi A: 0.0886877 Phi B: 0.909952 Phi I: 5.82095e-52
Saving data . . .
Total charge: -1.109e-19
etaHat: 124879
131  fE: -3.08106  dfE: 0.000177593  dW: 0.0212428  dPhi(Nx/2)(Ny/2)(Nz/2): 0.000794085 Phi A: 0.0887199 Phi B: 0.910293 Phi I: 5.82095e-52
Total charge: -1.10941e-19
etaHat: 124879
132  fE: -3.08165  dfE: 0.000594804  dW: 0.0215487  dPhi(Nx/2)(Ny/2)(Nz/2): 0.000417046 Phi A: 0.0887526 Phi B: 0.910645 Phi I: 5.82095e-52
Total charge: -1.1098e-19
etaHat: 124879
133  fE: -3.08259  dfE: 0.000939783  dW: 0.0209989  dPhi(Nx/2)(Ny/2)(Nz/2): 5.02375e-05 Phi A: 0.0887841 Phi B: 0.910988 Phi I: 5.82096e-52
Total charge: -1.11016e-19
etaHat: 124879
134  fE: -3.08379  dfE: 0.00120266  dW: 0.0197228  dPhi(Nx/2)(Ny/2)(Nz/2): -0.000288757 Phi A: 0.0888127 Phi B: 0.911307 Phi I: 5.82096e-52
Total charge: -1.11047e-19
etaHat: 124879
135  fE: -3.08517  dfE: 0.00137863  dW: 0.0179472  dPhi(Nx/2)(Ny/2)(Nz/2): -0.000585517 Phi A: 0.0888372 Phi B: 0.911589 Phi I: 5.82096e-52
Total charge: -1.11071e-19
etaHat: 124879
136  fE: -3.08664  dfE: 0.00146767  dW: 0.0159684  dPhi(Nx/2)(Ny/2)(Nz/2): -0.00082919 Phi A: 0.0888568 Phi B: 0.911822 Phi I: 5.82096e-52
Total charge: -1.11089e-19
etaHat: 124879
137  fE: -3.08811  dfE: 0.00147413  dW: 0.0140976  dPhi(Nx/2)(Ny/2)(Nz/2): -0.00101268 Phi A: 0.0888709 Phi B: 0.912001 Phi I: 5.82096e-52
Total charge: -1.11099e-19
etaHat: 124879
138  fE: -3.08952  dfE: 0.00140609  dW: 0.012606  dPhi(Nx/2)(Ny/2)(Nz/2): -0.00113265 Phi A: 0.0888791 Phi B: 0.912123 Phi I: 5.82096e-52
Total charge: -1.11102e-19
etaHat: 124879
139  fE: -3.09079  dfE: 0.00127455  dW: 0.0116606  dPhi(Nx/2)(Ny/2)(Nz/2): -0.00118926 Phi A: 0.0888818 Phi B: 0.912186 Phi I: 5.82096e-52
Total charge: -1.11099e-19
etaHat: 124879
140  fE: -3.09189  dfE: 0.00109264  dW: 0.0112769  dPhi(Nx/2)(Ny/2)(Nz/2): -0.00118586 Phi A: 0.0888791 Phi B: 0.912195 Phi I: 5.82096e-52
Saving data . . .
Total charge: -1.1109e-19
etaHat: 124879
141  fE: -3.09276  dfE: 0.00087468  dW: 0.0113799  dPhi(Nx/2)(Ny/2)(Nz/2): -0.00112846 Phi A: 0.0888718 Phi B: 0.912154 Phi I: 5.82096e-52
Total charge: -1.11076e-19
etaHat: 124879
142  fE: -3.0934  dfE: 0.000635359  dW: 0.0117842  dPhi(Nx/2)(Ny/2)(Nz/2): -0.00102518 Phi A: 0.0888606 Phi B: 0.91207 Phi I: 5.82096e-52
Total charge: -1.11058e-19
etaHat: 124879
143  fE: -3.09379  dfE: 0.00038893  dW: 0.0123022  dPhi(Nx/2)(Ny/2)(Nz/2): -0.000885599 Phi A: 0.0888463 Phi B: 0.911953 Phi I: 5.82096e-52
Total charge: -1.11038e-19
etaHat: 124879
144  fE: -3.09393  dfE: 0.000148523  dW: 0.0127694  dPhi(Nx/2)(Ny/2)(Nz/2): -0.000720133 Phi A: 0.08883 Phi B: 0.911812 Phi I: 5.82096e-52
Total charge: -1.11016e-19
etaHat: 124879
145  fE: -3.09386  dfE: 7.4406e-05  dW: 0.0130511  dPhi(Nx/2)(Ny/2)(Nz/2): -0.000539432 Phi A: 0.0888127 Phi B: 0.911655 Phi I: 5.82096e-52
Total charge: -1.10994e-19
etaHat: 124879
146  fE: -3.09359  dfE: 0.000270486  dW: 0.0130716  dPhi(Nx/2)(Ny/2)(Nz/2): -0.000353809 Phi A: 0.0887951 Phi B: 0.911494 Phi I: 5.82096e-52
Total charge: -1.10973e-19
etaHat: 124879
147  fE: -3.09316  dfE: 0.000432681  dW: 0.0128264  dPhi(Nx/2)(Ny/2)(Nz/2): -0.000172768 Phi A: 0.0887783 Phi B: 0.911336 Phi I: 5.82096e-52
Total charge: -1.10954e-19
etaHat: 124879
148  fE: -3.0926  dfE: 0.000556403  dW: 0.0123569  dPhi(Nx/2)(Ny/2)(Nz/2): -4.6066e-06 Phi A: 0.0887628 Phi B: 0.911189 Phi I: 5.82096e-52
Total charge: -1.10937e-19
etaHat: 124879
149  fE: -3.09196  dfE: 0.000639472  dW: 0.0117423  dPhi(Nx/2)(Ny/2)(Nz/2): 0.00014387 Phi A: 0.0887494 Phi B: 0.911059 Phi I: 5.82096e-52
Total charge: -1.10923e-19
etaHat: 124879
150  fE: -3.09128  dfE: 0.000681976  dW: 0.0110723  dPhi(Nx/2)(Ny/2)(Nz/2): 0.000267537 Phi A: 0.0887383 Phi B: 0.910951 Phi I: 5.82096e-52
Saving data . . .
Total charge: -1.10912e-19
etaHat: 124879
151  fE: -3.09059  dfE: 0.000686015  dW: 0.0104316  dPhi(Nx/2)(Ny/2)(Nz/2): 0.000363028 Phi A: 0.0887298 Phi B: 0.910869 Phi I: 5.82096e-52
Total charge: -1.10905e-19
etaHat: 124879
152  fE: -3.08994  dfE: 0.000655389  dW: 0.00989802  dPhi(Nx/2)(Ny/2)(Nz/2): 0.000428726 Phi A: 0.0887242 Phi B: 0.910813 Phi I: 5.82096e-52
Total charge: -1.10901e-19
etaHat: 124879
153  fE: -3.08934  dfE: 0.000595223  dW: 0.00951393  dPhi(Nx/2)(Ny/2)(Nz/2): 0.000464658 Phi A: 0.0887212 Phi B: 0.910784 Phi I: 5.82095e-52
Total charge: -1.10901e-19
etaHat: 124879
154  fE: -3.08883  dfE: 0.000511577  dW: 0.00927948  dPhi(Nx/2)(Ny/2)(Nz/2): 0.000472331 Phi A: 0.0887208 Phi B: 0.91078 Phi I: 5.82095e-52
Total charge: -1.10903e-19
etaHat: 124879
155  fE: -3.08842  dfE: 0.000411049  dW: 0.00917767  dPhi(Nx/2)(Ny/2)(Nz/2): 0.0004545 Phi A: 0.0887226 Phi B: 0.9108 Phi I: 5.82095e-52
Total charge: -1.10908e-19
etaHat: 124879
156  fE: -3.08812  dfE: 0.000300389  dW: 0.00916442  dPhi(Nx/2)(Ny/2)(Nz/2): 0.000414909 Phi A: 0.0887263 Phi B: 0.910839 Phi I: 5.82096e-52
Total charge: -1.10914e-19
etaHat: 124879
157  fE: -3.08793  dfE: 0.000186155  dW: 0.00919485  dPhi(Nx/2)(Ny/2)(Nz/2): 0.000357999 Phi A: 0.0887315 Phi B: 0.910894 Phi I: 5.82096e-52
Total charge: -1.10922e-19
etaHat: 124879
158  fE: -3.08786  dfE: 7.44081e-05  dW: 0.00922116  dPhi(Nx/2)(Ny/2)(Nz/2): 0.00028862 Phi A: 0.0887378 Phi B: 0.91096 Phi I: 5.82096e-52
Total charge: -1.10931e-19
etaHat: 124879
159  fE: -3.08789  dfE: 2.95386e-05  dW: 0.00920518  dPhi(Nx/2)(Ny/2)(Nz/2): 0.000211748 Phi A: 0.0887446 Phi B: 0.911034 Phi I: 5.82096e-52
Total charge: -1.10939e-19
etaHat: 124879
160  fE: -3.08801  dfE: 0.000121303  dW: 0.00912783  dPhi(Nx/2)(Ny/2)(Nz/2): 0.000132224 Phi A: 0.0887516 Phi B: 0.91111 Phi I: 5.82096e-52
Saving data . . .
Total charge: -1.10948e-19
etaHat: 124879
161  fE: -3.08821  dfE: 0.000197559  dW: 0.00898517  dPhi(Nx/2)(Ny/2)(Nz/2): 5.45254e-05 Phi A: 0.0887583 Phi B: 0.911185 Phi I: 5.82096e-52
Total charge: -1.10956e-19
etaHat: 124879
162  fE: -3.08846  dfE: 0.000256093  dW: 0.00878732  dPhi(Nx/2)(Ny/2)(Nz/2): -1.74149e-05 Phi A: 0.0887645 Phi B: 0.911255 Phi I: 5.82096e-52
Total charge: -1.10962e-19
etaHat: 124879
163  fE: -3.08876  dfE: 0.000295801  dW: 0.00855368  dPhi(Nx/2)(Ny/2)(Nz/2): -8.03532e-05 Phi A: 0.0887698 Phi B: 0.911317 Phi I: 5.82096e-52
Total charge: -1.10968e-19
etaHat: 124879
164  fE: -3.08908  dfE: 0.000316635  dW: 0.00830781  dPhi(Nx/2)(Ny/2)(Nz/2): -0.000131825 Phi A: 0.0887741 Phi B: 0.911368 Phi I: 5.82096e-52
Total charge: -1.10971e-19
etaHat: 124879
165  fE: -3.0894  dfE: 0.000319494  dW: 0.00807399  dPhi(Nx/2)(Ny/2)(Nz/2): -0.000170187 Phi A: 0.0887771 Phi B: 0.911408 Phi I: 5.82096e-52
Total charge: -1.10974e-19
etaHat: 124879
166  fE: -3.0897  dfE: 0.000306083  dW: 0.00787248  dPhi(Nx/2)(Ny/2)(Nz/2): -0.000194619 Phi A: 0.088779 Phi B: 0.911436 Phi I: 5.82096e-52
Total charge: -1.10974e-19
etaHat: 124879
167  fE: -3.08998  dfE: 0.000278749  dW: 0.00771123  dPhi(Nx/2)(Ny/2)(Nz/2): -0.000205077 Phi A: 0.0887796 Phi B: 0.911451 Phi I: 5.82096e-52
Total charge: -1.10974e-19
etaHat: 124879
168  fE: -3.09022  dfE: 0.000240294  dW: 0.00759013  dPhi(Nx/2)(Ny/2)(Nz/2): -0.000202216 Phi A: 0.088779 Phi B: 0.911454 Phi I: 5.82096e-52
Total charge: -1.10972e-19
etaHat: 124879
169  fE: -3.09041  dfE: 0.00019379  dW: 0.00750355  dPhi(Nx/2)(Ny/2)(Nz/2): -0.000187291 Phi A: 0.0887775 Phi B: 0.911446 Phi I: 5.82096e-52
Total charge: -1.10969e-19
etaHat: 124879
170  fE: -3.09056  dfE: 0.000142395  dW: 0.00744095  dPhi(Nx/2)(Ny/2)(Nz/2): -0.000162027 Phi A: 0.0887751 Phi B: 0.911429 Phi I: 5.82096e-52
Saving data . . .
Total charge: -1.10965e-19
etaHat: 124879
171  fE: -3.09065  dfE: 8.91868e-05  dW: 0.0073898  dPhi(Nx/2)(Ny/2)(Nz/2): -0.000128492 Phi A: 0.088772 Phi B: 0.911404 Phi I: 5.82096e-52
Total charge: -1.10961e-19
etaHat: 124879
172  fE: -3.09068  dfE: 3.7015e-05  dW: 0.007337  dPhi(Nx/2)(Ny/2)(Nz/2): -8.89531e-05 Phi A: 0.0887684 Phi B: 0.911374 Phi I: 5.82096e-52
Total charge: -1.10956e-19
etaHat: 124879
173  fE: -3.09067  dfE: 1.16167e-05  dW: 0.00727329  dPhi(Nx/2)(Ny/2)(Nz/2): -4.57481e-05 Phi A: 0.0887646 Phi B: 0.91134 Phi I: 5.82096e-52
Total charge: -1.10951e-19
etaHat: 124879
174  fE: -3.09062  dfE: 5.46417e-05  dW: 0.00719328  dPhi(Nx/2)(Ny/2)(Nz/2): -1.16154e-06 Phi A: 0.0887608 Phi B: 0.911306 Phi I: 5.82096e-52
Total charge: -1.10946e-19
etaHat: 124879
175  fE: -3.09053  dfE: 9.04881e-05  dW: 0.00709619  dPhi(Nx/2)(Ny/2)(Nz/2): 4.26826e-05 Phi A: 0.0887571 Phi B: 0.911271 Phi I: 5.82096e-52
Total charge: -1.10942e-19
etaHat: 124879
176  fE: -3.09041  dfE: 0.000118106  dW: 0.00698458  dPhi(Nx/2)(Ny/2)(Nz/2): 8.39085e-05 Phi A: 0.0887536 Phi B: 0.911239 Phi I: 5.82096e-52
Total charge: -1.10938e-19
etaHat: 124879
177  fE: -3.09027  dfE: 0.000136967  dW: 0.00686352  dPhi(Nx/2)(Ny/2)(Nz/2): 0.000120955 Phi A: 0.0887506 Phi B: 0.911211 Phi I: 5.82096e-52
Total charge: -1.10935e-19
etaHat: 124879
178  fE: -3.09012  dfE: 0.000147033  dW: 0.00673802  dPhi(Nx/2)(Ny/2)(Nz/2): 0.000152621 Phi A: 0.0887481 Phi B: 0.911187 Phi I: 5.82096e-52
Total charge: -1.10933e-19
etaHat: 124879
179  fE: -3.08998  dfE: 0.000148712  dW: 0.00661449  dPhi(Nx/2)(Ny/2)(Nz/2): 0.000178084 Phi A: 0.0887462 Phi B: 0.911169 Phi I: 5.82096e-52
Total charge: -1.10931e-19
etaHat: 124879
180  fE: -3.08983  dfE: 0.000142787  dW: 0.00649795  dPhi(Nx/2)(Ny/2)(Nz/2): 0.000196903 Phi A: 0.0887449 Phi B: 0.911156 Phi I: 5.82096e-52
Saving data . . .
Total charge: -1.1093e-19
etaHat: 124879
181  fE: -3.0897  dfE: 0.00013034  dW: 0.00639284  dPhi(Nx/2)(Ny/2)(Nz/2): 0.000209 Phi A: 0.0887441 Phi B: 0.911149 Phi I: 5.82096e-52
Total charge: -1.1093e-19
etaHat: 124879
182  fE: -3.08959  dfE: 0.000112666  dW: 0.0063002  dPhi(Nx/2)(Ny/2)(Nz/2): 0.000214623 Phi A: 0.088744 Phi B: 0.911148 Phi I: 5.82096e-52
Total charge: -1.1093e-19
etaHat: 124879
183  fE: -3.0895  dfE: 9.11881e-05  dW: 0.00621736  dPhi(Nx/2)(Ny/2)(Nz/2): 0.000214302 Phi A: 0.0887443 Phi B: 0.911152 Phi I: 5.82096e-52
Total charge: -1.10931e-19
etaHat: 124879
184  fE: -3.08943  dfE: 6.73716e-05  dW: 0.00614224  dPhi(Nx/2)(Ny/2)(Nz/2): 0.000208793 Phi A: 0.088745 Phi B: 0.91116 Phi I: 5.82096e-52
Total charge: -1.10933e-19
etaHat: 124879
185  fE: -3.08939  dfE: 4.26474e-05  dW: 0.00607223  dPhi(Nx/2)(Ny/2)(Nz/2): 0.000199012 Phi A: 0.0887461 Phi B: 0.911171 Phi I: 5.82096e-52
Total charge: -1.10934e-19
etaHat: 124879
186  fE: -3.08937  dfE: 1.83439e-05  dW: 0.00600414  dPhi(Nx/2)(Ny/2)(Nz/2): 0.000185978 Phi A: 0.0887474 Phi B: 0.911186 Phi I: 5.82096e-52
Total charge: -1.10936e-19
etaHat: 124879
187  fE: -3.08937  dfE: 4.36848e-06  dW: 0.00593492  dPhi(Nx/2)(Ny/2)(Nz/2): 0.000170748 Phi A: 0.0887488 Phi B: 0.911202 Phi I: 5.82096e-52
Total charge: -1.10938e-19
etaHat: 124879
188  fE: -3.0894  dfE: 2.45192e-05  dW: 0.00586282  dPhi(Nx/2)(Ny/2)(Nz/2): 0.000154363 Phi A: 0.0887503 Phi B: 0.911218 Phi I: 5.82096e-52
Total charge: -1.1094e-19
etaHat: 124879
189  fE: -3.08944  dfE: 4.13659e-05  dW: 0.00578727  dPhi(Nx/2)(Ny/2)(Nz/2): 0.000137795 Phi A: 0.0887518 Phi B: 0.911234 Phi I: 5.82096e-52
Total charge: -1.10941e-19
etaHat: 124879
190  fE: -3.08949  dfE: 5.44075e-05  dW: 0.00570895  dPhi(Nx/2)(Ny/2)(Nz/2): 0.000121907 Phi A: 0.0887531 Phi B: 0.91125 Phi I: 5.82096e-52
Saving data . . .
Total charge: -1.10943e-19
etaHat: 124879
191  fE: -3.08956  dfE: 6.33848e-05  dW: 0.00562916  dPhi(Nx/2)(Ny/2)(Nz/2): 0.000107425 Phi A: 0.0887542 Phi B: 0.911263 Phi I: 5.82096e-52
Total charge: -1.10944e-19
etaHat: 124879
192  fE: -3.08963  dfE: 6.82684e-05  dW: 0.00554953  dPhi(Nx/2)(Ny/2)(Nz/2): 9.49101e-05 Phi A: 0.0887552 Phi B: 0.911275 Phi I: 5.82096e-52
Total charge: -1.10945e-19
etaHat: 124879
193  fE: -3.0897  dfE: 6.92362e-05  dW: 0.00547196  dPhi(Nx/2)(Ny/2)(Nz/2): 8.4756e-05 Phi A: 0.0887558 Phi B: 0.911284 Phi I: 5.82096e-52
Total charge: -1.10945e-19
etaHat: 124879
194  fE: -3.08976  dfE: 6.6644e-05  dW: 0.00539777  dPhi(Nx/2)(Ny/2)(Nz/2): 7.7182e-05 Phi A: 0.0887562 Phi B: 0.91129 Phi I: 5.82096e-52
Total charge: -1.10945e-19
etaHat: 124879
195  fE: -3.08982  dfE: 6.09886e-05  dW: 0.00532758  dPhi(Nx/2)(Ny/2)(Nz/2): 7.22437e-05 Phi A: 0.0887564 Phi B: 0.911293 Phi I: 5.82096e-52
Total charge: -1.10945e-19
etaHat: 124879
196  fE: -3.08988  dfE: 5.28689e-05  dW: 0.00526162  dPhi(Nx/2)(Ny/2)(Nz/2): 6.98477e-05 Phi A: 0.0887563 Phi B: 0.911294 Phi I: 5.82096e-52
Total charge: -1.10945e-19
etaHat: 124879
197  fE: -3.08992  dfE: 4.2945e-05  dW: 0.0051995  dPhi(Nx/2)(Ny/2)(Nz/2): 6.97735e-05 Phi A: 0.0887559 Phi B: 0.911293 Phi I: 5.82096e-52
Total charge: -1.10944e-19
etaHat: 124879
198  fE: -3.08995  dfE: 3.18993e-05  dW: 0.0051399  dPhi(Nx/2)(Ny/2)(Nz/2): 7.16987e-05 Phi A: 0.0887554 Phi B: 0.911289 Phi I: 5.82096e-52
Total charge: -1.10943e-19
etaHat: 124879
199  fE: -3.08997  dfE: 2.03999e-05  dW: 0.0050817  dPhi(Nx/2)(Ny/2)(Nz/2): 7.5227e-05 Phi A: 0.0887547 Phi B: 0.911284 Phi I: 5.82096e-52
Total charge: -1.10942e-19
etaHat: 124879
200  fE: -3.08998  dfE: 9.06842e-06  dW: 0.00502402  dPhi(Nx/2)(Ny/2)(Nz/2): 7.99173e-05 Phi A: 0.088754 Phi B: 0.911278 Phi I: 5.82096e-52
Saving data . . .
Total charge: -1.10941e-19
etaHat: 124879
201  fE: -3.08998  dfE: 1.54599e-06  dW: 0.00496621  dPhi(Nx/2)(Ny/2)(Nz/2): 8.53117e-05 Phi A: 0.0887531 Phi B: 0.91127 Phi I: 5.82096e-52
Total charge: -1.1094e-19
etaHat: 124879
202  fE: -3.08997  dfE: 1.09868e-05  dW: 0.00490786  dPhi(Nx/2)(Ny/2)(Nz/2): 9.09617e-05 Phi A: 0.0887523 Phi B: 0.911263 Phi I: 5.82096e-52
Total charge: -1.10939e-19
etaHat: 124879
203  fE: -3.08995  dfE: 1.89034e-05  dW: 0.0048489  dPhi(Nx/2)(Ny/2)(Nz/2): 9.64506e-05 Phi A: 0.0887515 Phi B: 0.911255 Phi I: 5.82096e-52
Total charge: -1.10938e-19
etaHat: 124879
204  fE: -3.08992  dfE: 2.50574e-05  dW: 0.00478931  dPhi(Nx/2)(Ny/2)(Nz/2): 0.000101413 Phi A: 0.0887507 Phi B: 0.911248 Phi I: 5.82096e-52
Total charge: -1.10938e-19
etaHat: 124879
205  fE: -3.08989  dfE: 2.93234e-05  dW: 0.00472935  dPhi(Nx/2)(Ny/2)(Nz/2): 0.000105548 Phi A: 0.08875 Phi B: 0.911242 Phi I: 5.82096e-52
Total charge: -1.10937e-19
etaHat: 124879
206  fE: -3.08986  dfE: 3.16832e-05  dW: 0.00466953  dPhi(Nx/2)(Ny/2)(Nz/2): 0.000108629 Phi A: 0.0887495 Phi B: 0.911237 Phi I: 5.82096e-52
Total charge: -1.10936e-19
etaHat: 124879
207  fE: -3.08983  dfE: 3.22157e-05  dW: 0.00461031  dPhi(Nx/2)(Ny/2)(Nz/2): 0.000110511 Phi A: 0.088749 Phi B: 0.911233 Phi I: 5.82096e-52
Total charge: -1.10936e-19
etaHat: 124879
208  fE: -3.0898  dfE: 3.10831e-05  dW: 0.00455246  dPhi(Nx/2)(Ny/2)(Nz/2): 0.000111126 Phi A: 0.0887487 Phi B: 0.91123 Phi I: 5.82096e-52
Total charge: -1.10936e-19
etaHat: 124879
209  fE: -3.08977  dfE: 2.85138e-05  dW: 0.00449604  dPhi(Nx/2)(Ny/2)(Nz/2): 0.00011048 Phi A: 0.0887485 Phi B: 0.911228 Phi I: 5.82096e-52
Total charge: -1.10936e-19
etaHat: 124879
210  fE: -3.08975  dfE: 2.47846e-05  dW: 0.00444122  dPhi(Nx/2)(Ny/2)(Nz/2): 0.000108651 Phi A: 0.0887485 Phi B: 0.911228 Phi I: 5.82096e-52
Saving data . . .
Total charge: -1.10936e-19
etaHat: 124879
211  fE: -3.08973  dfE: 2.02016e-05  dW: 0.00438819  dPhi(Nx/2)(Ny/2)(Nz/2): 0.000105772 Phi A: 0.0887485 Phi B: 0.911229 Phi I: 5.82096e-52
Total charge: -1.10936e-19
etaHat: 124879
212  fE: -3.08971  dfE: 1.5082e-05  dW: 0.00433664  dPhi(Nx/2)(Ny/2)(Nz/2): 0.000102021 Phi A: 0.0887487 Phi B: 0.911231 Phi I: 5.82096e-52
Total charge: -1.10936e-19
etaHat: 124879
213  fE: -3.0897  dfE: 9.73704e-06  dW: 0.00428611  dPhi(Nx/2)(Ny/2)(Nz/2): 9.76105e-05 Phi A: 0.0887489 Phi B: 0.911233 Phi I: 5.82096e-52
Total charge: -1.10936e-19
etaHat: 124879
214  fE: -3.0897  dfE: 4.45698e-06  dW: 0.00423646  dPhi(Nx/2)(Ny/2)(Nz/2): 9.27694e-05 Phi A: 0.0887492 Phi B: 0.911236 Phi I: 5.82096e-52
Total charge: -1.10937e-19
etaHat: 124879
215  fE: -3.0897  dfE: 5.01006e-07  dW: 0.00418762  dPhi(Nx/2)(Ny/2)(Nz/2): 8.77332e-05 Phi A: 0.0887495 Phi B: 0.911239 Phi I: 5.82096e-52
Total charge: -1.10937e-19
etaHat: 124879
216  fE: -3.0897  dfE: 4.92239e-06  dW: 0.00413936  dPhi(Nx/2)(Ny/2)(Nz/2): 8.27303e-05 Phi A: 0.0887498 Phi B: 0.911243 Phi I: 5.82096e-52
Total charge: -1.10938e-19
etaHat: 124879
217  fE: -3.08971  dfE: 8.64162e-06  dW: 0.00409166  dPhi(Nx/2)(Ny/2)(Nz/2): 7.79711e-05 Phi A: 0.0887501 Phi B: 0.911247 Phi I: 5.82096e-52
Total charge: -1.10938e-19
etaHat: 124879
218  fE: -3.08972  dfE: 1.15453e-05  dW: 0.00404454  dPhi(Nx/2)(Ny/2)(Nz/2): 7.36397e-05 Phi A: 0.0887504 Phi B: 0.91125 Phi I: 5.82096e-52
Total charge: -1.10938e-19
etaHat: 124879
219  fE: -3.08974  dfE: 1.35725e-05  dW: 0.00399804  dPhi(Nx/2)(Ny/2)(Nz/2): 6.98868e-05 Phi A: 0.0887506 Phi B: 0.911253 Phi I: 5.82096e-52
Total charge: -1.10939e-19
etaHat: 124879
220  fE: -3.08975  dfE: 1.47123e-05  dW: 0.00395232  dPhi(Nx/2)(Ny/2)(Nz/2): 6.68254e-05 Phi A: 0.0887508 Phi B: 0.911255 Phi I: 5.82096e-52
Saving data . . .
Total charge: -1.10939e-19
etaHat: 124879
221  fE: -3.08977  dfE: 1.49995e-05  dW: 0.00390758  dPhi(Nx/2)(Ny/2)(Nz/2): 6.45284e-05 Phi A: 0.0887509 Phi B: 0.911257 Phi I: 5.82096e-52
Total charge: -1.10939e-19
etaHat: 124879
222  fE: -3.08978  dfE: 1.45076e-05  dW: 0.00386382  dPhi(Nx/2)(Ny/2)(Nz/2): 6.30292e-05 Phi A: 0.088751 Phi B: 0.911259 Phi I: 5.82096e-52
Total charge: -1.10939e-19
etaHat: 124879
223  fE: -3.08979  dfE: 1.33416e-05  dW: 0.00382092  dPhi(Nx/2)(Ny/2)(Nz/2): 6.23228e-05 Phi A: 0.0887511 Phi B: 0.91126 Phi I: 5.82096e-52
Total charge: -1.10939e-19
etaHat: 124879
224  fE: -3.0898  dfE: 1.16294e-05  dW: 0.00377879  dPhi(Nx/2)(Ny/2)(Nz/2): 6.23703e-05 Phi A: 0.088751 Phi B: 0.91126 Phi I: 5.82096e-52
Total charge: -1.10939e-19
etaHat: 124879
225  fE: -3.08981  dfE: 9.51303e-06  dW: 0.00373745  dPhi(Nx/2)(Ny/2)(Nz/2): 6.31029e-05 Phi A: 0.088751 Phi B: 0.91126 Phi I: 5.82096e-52
Total charge: -1.10939e-19
etaHat: 124879
226  fE: -3.08982  dfE: 7.13986e-06  dW: 0.00369688  dPhi(Nx/2)(Ny/2)(Nz/2): 6.44285e-05 Phi A: 0.0887509 Phi B: 0.911259 Phi I: 5.82096e-52
Total charge: -1.10938e-19
etaHat: 124879
227  fE: -3.08983  dfE: 4.65507e-06  dW: 0.00365696  dPhi(Nx/2)(Ny/2)(Nz/2): 6.62379e-05 Phi A: 0.0887507 Phi B: 0.911258 Phi I: 5.82096e-52
Total charge: -1.10938e-19
etaHat: 124879
228  fE: -3.08983  dfE: 2.19435e-06  dW: 0.00361757  dPhi(Nx/2)(Ny/2)(Nz/2): 6.84109e-05 Phi A: 0.0887505 Phi B: 0.911256 Phi I: 5.82096e-52
Total charge: -1.10938e-19
etaHat: 124879
229  fE: -3.08983  dfE: 1.21792e-07  dW: 0.00357868  dPhi(Nx/2)(Ny/2)(Nz/2): 7.08238e-05 Phi A: 0.0887504 Phi B: 0.911255 Phi I: 5.82096e-52
Total charge: -1.10938e-19
etaHat: 124879
230  fE: -3.08983  dfE: 2.19254e-06  dW: 0.00354018  dPhi(Nx/2)(Ny/2)(Nz/2): 7.33543e-05 Phi A: 0.0887502 Phi B: 0.911253 Phi I: 5.82096e-52
Saving data . . .
Total charge: -1.10937e-19
etaHat: 124879
231  fE: -3.08982  dfE: 3.93973e-06  dW: 0.00350203  dPhi(Nx/2)(Ny/2)(Nz/2): 7.58877e-05 Phi A: 0.08875 Phi B: 0.911252 Phi I: 5.82096e-52
Total charge: -1.10937e-19
etaHat: 124879
232  fE: -3.08982  dfE: 5.30946e-06  dW: 0.00346431  dPhi(Nx/2)(Ny/2)(Nz/2): 7.83207e-05 Phi A: 0.0887498 Phi B: 0.91125 Phi I: 5.82096e-52
Total charge: -1.10937e-19
etaHat: 124879
233  fE: -3.08981  dfE: 6.27225e-06  dW: 0.00342702  dPhi(Nx/2)(Ny/2)(Nz/2): 8.05654e-05 Phi A: 0.0887497 Phi B: 0.911249 Phi I: 5.82096e-52
Total charge: -1.10937e-19
etaHat: 124879
234  fE: -3.0898  dfE: 6.822e-06  dW: 0.00339014  dPhi(Nx/2)(Ny/2)(Nz/2): 8.25511e-05 Phi A: 0.0887495 Phi B: 0.911248 Phi I: 5.82096e-52
Total charge: -1.10937e-19
etaHat: 124879
235  fE: -3.0898  dfE: 6.97389e-06  dW: 0.00335372  dPhi(Nx/2)(Ny/2)(Nz/2): 8.42258e-05 Phi A: 0.0887494 Phi B: 0.911247 Phi I: 5.82096e-52
Total charge: -1.10937e-19
etaHat: 124879
236  fE: -3.08979  dfE: 6.7614e-06  dW: 0.00331781  dPhi(Nx/2)(Ny/2)(Nz/2): 8.55568e-05 Phi A: 0.0887494 Phi B: 0.911246 Phi I: 5.82096e-52
Total charge: -1.10937e-19
etaHat: 124879
237  fE: -3.08978  dfE: 6.23278e-06  dW: 0.00328249  dPhi(Nx/2)(Ny/2)(Nz/2): 8.65293e-05 Phi A: 0.0887493 Phi B: 0.911246 Phi I: 5.82096e-52
Total charge: -1.10937e-19
etaHat: 124879
238  fE: -3.08978  dfE: 5.44708e-06  dW: 0.00324775  dPhi(Nx/2)(Ny/2)(Nz/2): 8.71456e-05 Phi A: 0.0887493 Phi B: 0.911246 Phi I: 5.82096e-52
Total charge: -1.10937e-19
etaHat: 124879
239  fE: -3.08977  dfE: 4.47011e-06  dW: 0.00321353  dPhi(Nx/2)(Ny/2)(Nz/2): 8.74227e-05 Phi A: 0.0887493 Phi B: 0.911246 Phi I: 5.82096e-52
Total charge: -1.10937e-19
etaHat: 124879
240  fE: -3.08977  dfE: 3.37044e-06  dW: 0.00317989  dPhi(Nx/2)(Ny/2)(Nz/2): 8.73897e-05 Phi A: 0.0887493 Phi B: 0.911246 Phi I: 5.82096e-52
Saving data . . .
Total charge: -1.10937e-19
etaHat: 124879
241  fE: -3.08977  dfE: 2.2157e-06  dW: 0.00314677  dPhi(Nx/2)(Ny/2)(Nz/2): 8.70849e-05 Phi A: 0.0887494 Phi B: 0.911247 Phi I: 5.82096e-52
Total charge: -1.10937e-19
etaHat: 124879
242  fE: -3.08977  dfE: 1.06929e-06  dW: 0.00311415  dPhi(Nx/2)(Ny/2)(Nz/2): 8.6553e-05 Phi A: 0.0887494 Phi B: 0.911247 Phi I: 5.82096e-52
Total charge: -1.10937e-19
etaHat: 124879
243  fE: -3.08977  dfE: 1.23686e-08  dW: 0.00308204  dPhi(Nx/2)(Ny/2)(Nz/2): 8.58419e-05 Phi A: 0.0887495 Phi B: 0.911248 Phi I: 5.82096e-52
Total charge: -1.10937e-19
etaHat: 124879
244  fE: -3.08977  dfE: 9.81895e-07  dW: 0.00305038  dPhi(Nx/2)(Ny/2)(Nz/2): 8.50001e-05 Phi A: 0.0887496 Phi B: 0.911249 Phi I: 5.82096e-52
Total charge: -1.10937e-19
etaHat: 124879
245  fE: -3.08977  dfE: 1.80241e-06  dW: 0.00301917  dPhi(Nx/2)(Ny/2)(Nz/2): 8.40741e-05 Phi A: 0.0887496 Phi B: 0.91125 Phi I: 5.82096e-52
Total charge: -1.10937e-19
etaHat: 124879
246  fE: -3.08977  dfE: 2.4483e-06  dW: 0.00298841  dPhi(Nx/2)(Ny/2)(Nz/2): 8.31065e-05 Phi A: 0.0887497 Phi B: 0.91125 Phi I: 5.82096e-52
Total charge: -1.10937e-19
etaHat: 124879
247  fE: -3.08978  dfE: 2.90529e-06  dW: 0.00295808  dPhi(Nx/2)(Ny/2)(Nz/2): 8.21341e-05 Phi A: 0.0887497 Phi B: 0.911251 Phi I: 5.82096e-52
Total charge: -1.10937e-19
etaHat: 124879
248  fE: -3.08978  dfE: 3.17006e-06  dW: 0.00292818  dPhi(Nx/2)(Ny/2)(Nz/2): 8.11872e-05 Phi A: 0.0887498 Phi B: 0.911252 Phi I: 5.82096e-52
Total charge: -1.10937e-19
etaHat: 124879
249  fE: -3.08978  dfE: 3.2492e-06  dW: 0.00289868  dPhi(Nx/2)(Ny/2)(Nz/2): 8.02882e-05 Phi A: 0.0887498 Phi B: 0.911252 Phi I: 5.82096e-52
Total charge: -1.10937e-19
etaHat: 124879
250  fE: -3.08978  dfE: 3.15794e-06  dW: 0.00286957  dPhi(Nx/2)(Ny/2)(Nz/2): 7.94522e-05 Phi A: 0.0887498 Phi B: 0.911252 Phi I: 5.82096e-52
Saving data . . .
Total charge: -1.10937e-19
etaHat: 124879
251  fE: -3.08979  dfE: 2.9184e-06  dW: 0.00284087  dPhi(Nx/2)(Ny/2)(Nz/2): 7.86867e-05 Phi A: 0.0887498 Phi B: 0.911252 Phi I: 5.82096e-52
Total charge: -1.10937e-19
etaHat: 124879
252  fE: -3.08979  dfE: 2.55788e-06  dW: 0.00281257  dPhi(Nx/2)(Ny/2)(Nz/2): 7.79923e-05 Phi A: 0.0887498 Phi B: 0.911253 Phi I: 5.82096e-52
Total charge: -1.10937e-19
etaHat: 124879
253  fE: -3.08979  dfE: 2.10688e-06  dW: 0.00278464  dPhi(Nx/2)(Ny/2)(Nz/2): 7.73637e-05 Phi A: 0.0887498 Phi B: 0.911252 Phi I: 5.82096e-52
Total charge: -1.10937e-19
etaHat: 124879
254  fE: -3.08979  dfE: 1.59727e-06  dW: 0.00275706  dPhi(Nx/2)(Ny/2)(Nz/2): 7.67907e-05 Phi A: 0.0887498 Phi B: 0.911252 Phi I: 5.82096e-52
Total charge: -1.10937e-19
etaHat: 124879
255  fE: -3.0898  dfE: 1.06057e-06  dW: 0.0027298  dPhi(Nx/2)(Ny/2)(Nz/2): 7.62596e-05 Phi A: 0.0887498 Phi B: 0.911252 Phi I: 5.82096e-52
Total charge: -1.10937e-19
etaHat: 124879
256  fE: -3.0898  dfE: 5.26407e-07  dW: 0.00270289  dPhi(Nx/2)(Ny/2)(Nz/2): 7.57542e-05 Phi A: 0.0887497 Phi B: 0.911252 Phi I: 5.82096e-52
Total charge: -1.10937e-19
etaHat: 124879
257  fE: -3.0898  dfE: 2.11995e-08  dW: 0.0026763  dPhi(Nx/2)(Ny/2)(Nz/2): 7.52573e-05 Phi A: 0.0887497 Phi B: 0.911251 Phi I: 5.82096e-52
Total charge: -1.10937e-19
etaHat: 124879
258  fE: -3.0898  dfE: 4.3279e-07  dW: 0.00265003  dPhi(Nx/2)(Ny/2)(Nz/2): 7.47519e-05 Phi A: 0.0887496 Phi B: 0.911251 Phi I: 5.82096e-52
Total charge: -1.10937e-19
etaHat: 124879
259  fE: -3.08979  dfE: 8.18163e-07  dW: 0.00262408  dPhi(Nx/2)(Ny/2)(Nz/2): 7.4222e-05 Phi A: 0.0887496 Phi B: 0.911251 Phi I: 5.82096e-52
Total charge: -1.10937e-19
etaHat: 124879
260  fE: -3.08979  dfE: 1.12275e-06  dW: 0.00259847  dPhi(Nx/2)(Ny/2)(Nz/2): 7.3654e-05 Phi A: 0.0887496 Phi B: 0.91125 Phi I: 5.82096e-52
Saving data . . .
Total charge: -1.10937e-19
etaHat: 124879
261  fE: -3.08979  dfE: 1.33966e-06  dW: 0.00257317  dPhi(Nx/2)(Ny/2)(Nz/2): 7.30368e-05 Phi A: 0.0887495 Phi B: 0.91125 Phi I: 5.82096e-52
Total charge: -1.10937e-19
etaHat: 124879
262  fE: -3.08979  dfE: 1.46711e-06  dW: 0.00254818  dPhi(Nx/2)(Ny/2)(Nz/2): 7.23628e-05 Phi A: 0.0887495 Phi B: 0.91125 Phi I: 5.82096e-52
Total charge: -1.10937e-19
etaHat: 124879
263  fE: -3.08979  dfE: 1.50798e-06  dW: 0.00252354  dPhi(Nx/2)(Ny/2)(Nz/2): 7.16275e-05 Phi A: 0.0887495 Phi B: 0.91125 Phi I: 5.82096e-52
Total charge: -1.10937e-19
etaHat: 124879
264  fE: -3.08979  dfE: 1.46916e-06  dW: 0.00249921  dPhi(Nx/2)(Ny/2)(Nz/2): 7.08303e-05 Phi A: 0.0887495 Phi B: 0.91125 Phi I: 5.82096e-52
Total charge: -1.10937e-19
etaHat: 124879
265  fE: -3.08979  dfE: 1.36081e-06  dW: 0.0024752  dPhi(Nx/2)(Ny/2)(Nz/2): 6.99738e-05 Phi A: 0.0887495 Phi B: 0.911249 Phi I: 5.82096e-52
Total charge: -1.10937e-19
etaHat: 124879
266  fE: -3.08978  dfE: 1.19554e-06  dW: 0.00245151  dPhi(Nx/2)(Ny/2)(Nz/2): 6.90635e-05 Phi A: 0.0887494 Phi B: 0.911249 Phi I: 5.82096e-52
Total charge: -1.10937e-19
etaHat: 124879
267  fE: -3.08978  dfE: 9.87476e-07  dW: 0.00242809  dPhi(Nx/2)(Ny/2)(Nz/2): 6.81076e-05 Phi A: 0.0887494 Phi B: 0.911249 Phi I: 5.82096e-52
Total charge: -1.10937e-19
etaHat: 124879
268  fE: -3.08978  dfE: 7.51441e-07  dW: 0.00240494  dPhi(Nx/2)(Ny/2)(Nz/2): 6.71164e-05 Phi A: 0.0887495 Phi B: 0.91125 Phi I: 5.82096e-52
Total charge: -1.10937e-19
etaHat: 124879
269  fE: -3.08978  dfE: 5.0212e-07  dW: 0.00238208  dPhi(Nx/2)(Ny/2)(Nz/2): 6.61015e-05 Phi A: 0.0887495 Phi B: 0.91125 Phi I: 5.82096e-52
Total charge: -1.10937e-19
etaHat: 124879
270  fE: -3.08978  dfE: 2.53344e-07  dW: 0.00235951  dPhi(Nx/2)(Ny/2)(Nz/2): 6.50751e-05 Phi A: 0.0887495 Phi B: 0.91125 Phi I: 5.82096e-52
Saving data . . .
Total charge: -1.10937e-19
etaHat: 124879
271  fE: -3.08978  dfE: 1.7493e-08  dW: 0.00233723  dPhi(Nx/2)(Ny/2)(Nz/2): 6.405e-05 Phi A: 0.0887495 Phi B: 0.91125 Phi I: 5.82096e-52
Total charge: -1.10937e-19
etaHat: 124879
272  fE: -3.08978  dfE: 1.9498e-07  dW: 0.00231522  dPhi(Nx/2)(Ny/2)(Nz/2): 6.3038e-05 Phi A: 0.0887495 Phi B: 0.91125 Phi I: 5.82096e-52
Total charge: -1.10937e-19
etaHat: 124879
273  fE: -3.08978  dfE: 3.75867e-07  dW: 0.00229347  dPhi(Nx/2)(Ny/2)(Nz/2): 6.20505e-05 Phi A: 0.0887495 Phi B: 0.91125 Phi I: 5.82096e-52
Total charge: -1.10937e-19
etaHat: 124879
274  fE: -3.08978  dfE: 5.19389e-07  dW: 0.00227197  dPhi(Nx/2)(Ny/2)(Nz/2): 6.10973e-05 Phi A: 0.0887495 Phi B: 0.91125 Phi I: 5.82096e-52
Total charge: -1.10937e-19
etaHat: 124879
275  fE: -3.08978  dfE: 6.22229e-07  dW: 0.00225073  dPhi(Nx/2)(Ny/2)(Nz/2): 6.01865e-05 Phi A: 0.0887495 Phi B: 0.911251 Phi I: 5.82096e-52
Total charge: -1.10937e-19
etaHat: 124879
276  fE: -3.08978  dfE: 6.83445e-07  dW: 0.00222974  dPhi(Nx/2)(Ny/2)(Nz/2): 5.93243e-05 Phi A: 0.0887495 Phi B: 0.911251 Phi I: 5.82096e-52
Total charge: -1.10937e-19
etaHat: 124879
277  fE: -3.08979  dfE: 7.04274e-07  dW: 0.00220901  dPhi(Nx/2)(Ny/2)(Nz/2): 5.8515e-05 Phi A: 0.0887496 Phi B: 0.911251 Phi I: 5.82096e-52
Total charge: -1.10937e-19
etaHat: 124879
278  fE: -3.08979  dfE: 6.87842e-07  dW: 0.00218853  dPhi(Nx/2)(Ny/2)(Nz/2): 5.77609e-05 Phi A: 0.0887496 Phi B: 0.911251 Phi I: 5.82096e-52
Total charge: -1.10937e-19
etaHat: 124879
279  fE: -3.08979  dfE: 6.38816e-07  dW: 0.00216828  dPhi(Nx/2)(Ny/2)(Nz/2): 5.70623e-05 Phi A: 0.0887496 Phi B: 0.911251 Phi I: 5.82096e-52
Total charge: -1.10937e-19
etaHat: 124879
280  fE: -3.08979  dfE: 5.6301e-07  dW: 0.00214828  dPhi(Nx/2)(Ny/2)(Nz/2): 5.64178e-05 Phi A: 0.0887496 Phi B: 0.911251 Phi I: 5.82096e-52
Saving data . . .
Total charge: -1.10937e-19
etaHat: 124879
281  fE: -3.08979  dfE: 4.66976e-07  dW: 0.00212852  dPhi(Nx/2)(Ny/2)(Nz/2): 5.58244e-05 Phi A: 0.0887496 Phi B: 0.911251 Phi I: 5.82096e-52
Total charge: -1.10937e-19
etaHat: 124879
282  fE: -3.08979  dfE: 3.57599e-07  dW: 0.00210901  dPhi(Nx/2)(Ny/2)(Nz/2): 5.52779e-05 Phi A: 0.0887495 Phi B: 0.911251 Phi I: 5.82096e-52
Total charge: -1.10937e-19
etaHat: 124879
283  fE: -3.08979  dfE: 2.41722e-07  dW: 0.00208974  dPhi(Nx/2)(Ny/2)(Nz/2): 5.47733e-05 Phi A: 0.0887495 Phi B: 0.911251 Phi I: 5.82096e-52
Total charge: -1.10937e-19
etaHat: 124879
284  fE: -3.08979  dfE: 1.25807e-07  dW: 0.0020707  dPhi(Nx/2)(Ny/2)(Nz/2): 5.43047e-05 Phi A: 0.0887495 Phi B: 0.911251 Phi I: 5.82096e-52
Total charge: -1.10937e-19
etaHat: 124879
285  fE: -3.08979  dfE: 1.56474e-08  dW: 0.00205188  dPhi(Nx/2)(Ny/2)(Nz/2): 5.38661e-05 Phi A: 0.0887495 Phi B: 0.911251 Phi I: 5.82096e-52
Total charge: -1.10937e-19
etaHat: 124879
286  fE: -3.08979  dfE: 8.38454e-08  dW: 0.00203328  dPhi(Nx/2)(Ny/2)(Nz/2): 5.34515e-05 Phi A: 0.0887495 Phi B: 0.911251 Phi I: 5.82096e-52
Total charge: -1.10937e-19
etaHat: 124879
287  fE: -3.08979  dfE: 1.68802e-07  dW: 0.0020149  dPhi(Nx/2)(Ny/2)(Nz/2): 5.30549e-05 Phi A: 0.0887495 Phi B: 0.911251 Phi I: 5.82096e-52
Total charge: -1.10937e-19
etaHat: 124879
288  fE: -3.08979  dfE: 2.36479e-07  dW: 0.00199673  dPhi(Nx/2)(Ny/2)(Nz/2): 5.26712e-05 Phi A: 0.0887495 Phi B: 0.911251 Phi I: 5.82096e-52
Total charge: -1.10937e-19
etaHat: 124879
289  fE: -3.08979  dfE: 2.85278e-07  dW: 0.00197878  dPhi(Nx/2)(Ny/2)(Nz/2): 5.22956e-05 Phi A: 0.0887495 Phi B: 0.91125 Phi I: 5.82096e-52
Total charge: -1.10937e-19
etaHat: 124879
290  fE: -3.08979  dfE: 3.14712e-07  dW: 0.00196105  dPhi(Nx/2)(Ny/2)(Nz/2): 5.19241e-05 Phi A: 0.0887495 Phi B: 0.91125 Phi I: 5.82096e-52
Saving data . . .
Total charge: -1.10937e-19
etaHat: 124879
291  fE: -3.08979  dfE: 3.25309e-07  dW: 0.00194353  dPhi(Nx/2)(Ny/2)(Nz/2): 5.15537e-05 Phi A: 0.0887495 Phi B: 0.91125 Phi I: 5.82096e-52
Total charge: -1.10937e-19
etaHat: 124879
292  fE: -3.08979  dfE: 3.18486e-07  dW: 0.00192621  dPhi(Nx/2)(Ny/2)(Nz/2): 5.11823e-05 Phi A: 0.0887495 Phi B: 0.91125 Phi I: 5.82096e-52
Total charge: -1.10937e-19
etaHat: 124879
293  fE: -3.08979  dfE: 2.96382e-07  dW: 0.00190909  dPhi(Nx/2)(Ny/2)(Nz/2): 5.08084e-05 Phi A: 0.0887495 Phi B: 0.91125 Phi I: 5.82096e-52
Total charge: -1.10937e-19
etaHat: 124879
294  fE: -3.08979  dfE: 2.61683e-07  dW: 0.00189217  dPhi(Nx/2)(Ny/2)(Nz/2): 5.04315e-05 Phi A: 0.0887495 Phi B: 0.91125 Phi I: 5.82096e-52
Total charge: -1.10937e-19
etaHat: 124879
295  fE: -3.08979  dfE: 2.17422e-07  dW: 0.00187545  dPhi(Nx/2)(Ny/2)(Nz/2): 5.00517e-05 Phi A: 0.0887495 Phi B: 0.91125 Phi I: 5.82096e-52
Total charge: -1.10937e-19
etaHat: 124879
296  fE: -3.08979  dfE: 1.668e-07  dW: 0.00185892  dPhi(Nx/2)(Ny/2)(Nz/2): 4.96699e-05 Phi A: 0.0887495 Phi B: 0.91125 Phi I: 5.82096e-52
Total charge: -1.10937e-19
etaHat: 124879
297  fE: -3.08979  dfE: 1.13005e-07  dW: 0.00184258  dPhi(Nx/2)(Ny/2)(Nz/2): 4.92872e-05 Phi A: 0.0887495 Phi B: 0.91125 Phi I: 5.82096e-52
Total charge: -1.10937e-19
etaHat: 124879
298  fE: -3.08979  dfE: 5.9054e-08  dW: 0.00182642  dPhi(Nx/2)(Ny/2)(Nz/2): 4.8905e-05 Phi A: 0.0887495 Phi B: 0.91125 Phi I: 5.82096e-52
Total charge: -1.10937e-19
etaHat: 124879
299  fE: -3.08979  dfE: 7.6598e-09  dW: 0.00181044  dPhi(Nx/2)(Ny/2)(Nz/2): 4.85252e-05 Phi A: 0.0887495 Phi B: 0.91125 Phi I: 5.82096e-52
Total charge: -1.10937e-19
etaHat: 124879
300  fE: -3.08979  dfE: 3.8872e-08  dW: 0.00179464  dPhi(Nx/2)(Ny/2)(Nz/2): 4.81493e-05 Phi A: 0.0887495 Phi B: 0.91125 Phi I: 5.82096e-52
Saving data . . .
Total charge: -1.10937e-19
etaHat: 124879
301  fE: -3.08979  dfE: 7.87167e-08  dW: 0.00177902  dPhi(Nx/2)(Ny/2)(Nz/2): 4.77792e-05 Phi A: 0.0887495 Phi B: 0.91125 Phi I: 5.82096e-52
Total charge: -1.10937e-19
etaHat: 124879
302  fE: -3.08979  dfE: 1.10573e-07  dW: 0.00176357  dPhi(Nx/2)(Ny/2)(Nz/2): 4.74162e-05 Phi A: 0.0887495 Phi B: 0.911251 Phi I: 5.82096e-52
Total charge: -1.10937e-19
etaHat: 124879
303  fE: -3.08979  dfE: 1.33672e-07  dW: 0.00174831  dPhi(Nx/2)(Ny/2)(Nz/2): 4.70616e-05 Phi A: 0.0887495 Phi B: 0.911251 Phi I: 5.82096e-52
Total charge: -1.10937e-19
etaHat: 124879
304  fE: -3.08979  dfE: 1.47762e-07  dW: 0.00173323  dPhi(Nx/2)(Ny/2)(Nz/2): 4.67165e-05 Phi A: 0.0887495 Phi B: 0.911251 Phi I: 5.82096e-52
Total charge: -1.10937e-19
etaHat: 124879
305  fE: -3.08979  dfE: 1.53069e-07  dW: 0.00171831  dPhi(Nx/2)(Ny/2)(Nz/2): 4.63813e-05 Phi A: 0.0887495 Phi B: 0.911251 Phi I: 5.82096e-52
Total charge: -1.10937e-19
etaHat: 124879
306  fE: -3.08979  dfE: 1.50233e-07  dW: 0.00170356  dPhi(Nx/2)(Ny/2)(Nz/2): 4.60564e-05 Phi A: 0.0887495 Phi B: 0.911251 Phi I: 5.82096e-52
Total charge: -1.10937e-19
etaHat: 124879
307  fE: -3.08979  dfE: 1.40236e-07  dW: 0.00168897  dPhi(Nx/2)(Ny/2)(Nz/2): 4.57415e-05 Phi A: 0.0887495 Phi B: 0.911251 Phi I: 5.82096e-52
Total charge: -1.10937e-19
etaHat: 124879
308  fE: -3.08979  dfE: 1.24316e-07  dW: 0.00167453  dPhi(Nx/2)(Ny/2)(Nz/2): 4.54364e-05 Phi A: 0.0887495 Phi B: 0.911251 Phi I: 5.82096e-52
Total charge: -1.10937e-19
etaHat: 124879
309  fE: -3.08979  dfE: 1.03879e-07  dW: 0.00166026  dPhi(Nx/2)(Ny/2)(Nz/2): 4.51403e-05 Phi A: 0.0887495 Phi B: 0.911251 Phi I: 5.82096e-52
Total charge: -1.10937e-19
etaHat: 124879
310  fE: -3.08979  dfE: 8.04117e-08  dW: 0.00164614  dPhi(Nx/2)(Ny/2)(Nz/2): 4.48522e-05 Phi A: 0.0887495 Phi B: 0.911251 Phi I: 5.82096e-52
Saving data . . .
Total charge: -1.10937e-19
etaHat: 124879
311  fE: -3.08979  dfE: 5.53991e-08  dW: 0.00163218  dPhi(Nx/2)(Ny/2)(Nz/2): 4.45711e-05 Phi A: 0.0887495 Phi B: 0.911251 Phi I: 5.82096e-52
Total charge: -1.10937e-19
etaHat: 124879
312  fE: -3.08979  dfE: 3.02498e-08  dW: 0.00161836  dPhi(Nx/2)(Ny/2)(Nz/2): 4.42958e-05 Phi A: 0.0887495 Phi B: 0.911251 Phi I: 5.82096e-52
Total charge: -1.10937e-19
etaHat: 124879
313  fE: -3.08979  dfE: 6.23425e-09  dW: 0.00160469  dPhi(Nx/2)(Ny/2)(Nz/2): 4.4025e-05 Phi A: 0.0887495 Phi B: 0.911251 Phi I: 5.82096e-52
Total charge: -1.10937e-19
etaHat: 124879
314  fE: -3.08979  dfE: 1.55654e-08  dW: 0.00159116  dPhi(Nx/2)(Ny/2)(Nz/2): 4.37574e-05 Phi A: 0.0887495 Phi B: 0.911251 Phi I: 5.82096e-52
Total charge: -1.10937e-19
etaHat: 124879
315  fE: -3.08979  dfE: 3.42891e-08  dW: 0.00157778  dPhi(Nx/2)(Ny/2)(Nz/2): 4.34918e-05 Phi A: 0.0887495 Phi B: 0.911251 Phi I: 5.82096e-52
Total charge: -1.10937e-19
etaHat: 124879
316  fE: -3.08979  dfE: 4.93195e-08  dW: 0.00156455  dPhi(Nx/2)(Ny/2)(Nz/2): 4.32272e-05 Phi A: 0.0887495 Phi B: 0.911251 Phi I: 5.82096e-52
Total charge: -1.10937e-19
etaHat: 124879
317  fE: -3.08979  dfE: 6.02874e-08  dW: 0.00155145  dPhi(Nx/2)(Ny/2)(Nz/2): 4.29626e-05 Phi A: 0.0887495 Phi B: 0.911251 Phi I: 5.82096e-52
Total charge: -1.10937e-19
etaHat: 124879
318  fE: -3.08979  dfE: 6.70648e-08  dW: 0.00153851  dPhi(Nx/2)(Ny/2)(Nz/2): 4.26973e-05 Phi A: 0.0887495 Phi B: 0.911251 Phi I: 5.82096e-52
Total charge: -1.10937e-19
etaHat: 124879
319  fE: -3.08979  dfE: 6.97463e-08  dW: 0.0015257  dPhi(Nx/2)(Ny/2)(Nz/2): 4.24306e-05 Phi A: 0.0887495 Phi B: 0.91125 Phi I: 5.82096e-52
Total charge: -1.10937e-19
etaHat: 124879
320  fE: -3.08979  dfE: 6.86215e-08  dW: 0.00151303  dPhi(Nx/2)(Ny/2)(Nz/2): 4.21621e-05 Phi A: 0.0887495 Phi B: 0.91125 Phi I: 5.82096e-52
Saving data . . .
Total charge: -1.10937e-19
etaHat: 124879
321  fE: -3.08979  dfE: 6.41403e-08  dW: 0.00150048  dPhi(Nx/2)(Ny/2)(Nz/2): 4.18917e-05 Phi A: 0.0887495 Phi B: 0.91125 Phi I: 5.82096e-52
Total charge: -1.10937e-19
etaHat: 124879
322  fE: -3.08979  dfE: 5.68735e-08  dW: 0.00148805  dPhi(Nx/2)(Ny/2)(Nz/2): 4.16192e-05 Phi A: 0.0887495 Phi B: 0.91125 Phi I: 5.82096e-52
Total charge: -1.10937e-19
etaHat: 124879
323  fE: -3.08979  dfE: 4.74729e-08  dW: 0.00147576  dPhi(Nx/2)(Ny/2)(Nz/2): 4.13447e-05 Phi A: 0.0887495 Phi B: 0.91125 Phi I: 5.82096e-52
Total charge: -1.10937e-19
etaHat: 124879
324  fE: -3.08979  dfE: 3.6629e-08  dW: 0.00146359  dPhi(Nx/2)(Ny/2)(Nz/2): 4.10685e-05 Phi A: 0.0887495 Phi B: 0.91125 Phi I: 5.82096e-52
Total charge: -1.10937e-19
etaHat: 124879
325  fE: -3.08979  dfE: 2.50335e-08  dW: 0.00145155  dPhi(Nx/2)(Ny/2)(Nz/2): 4.07909e-05 Phi A: 0.0887495 Phi B: 0.91125 Phi I: 5.82096e-52
Total charge: -1.10937e-19
etaHat: 124879
326  fE: -3.08979  dfE: 1.3344e-08  dW: 0.00143962  dPhi(Nx/2)(Ny/2)(Nz/2): 4.05122e-05 Phi A: 0.0887495 Phi B: 0.91125 Phi I: 5.82096e-52
Total charge: -1.10937e-19
etaHat: 124879
327  fE: -3.08979  dfE: 2.15511e-09  dW: 0.00142781  dPhi(Nx/2)(Ny/2)(Nz/2): 4.02328e-05 Phi A: 0.0887495 Phi B: 0.911251 Phi I: 5.82096e-52
Total charge: -1.10937e-19
etaHat: 124879
328  fE: -3.08979  dfE: 8.02517e-09  dW: 0.00141613  dPhi(Nx/2)(Ny/2)(Nz/2): 3.99533e-05 Phi A: 0.0887495 Phi B: 0.911251 Phi I: 5.82096e-52
Total charge: -1.10937e-19
etaHat: 124879
329  fE: -3.08979  dfE: 1.67915e-08  dW: 0.00140457  dPhi(Nx/2)(Ny/2)(Nz/2): 3.96739e-05 Phi A: 0.0887495 Phi B: 0.911251 Phi I: 5.82096e-52
Total charge: -1.10937e-19
etaHat: 124879
330  fE: -3.08979  dfE: 2.38513e-08  dW: 0.00139312  dPhi(Nx/2)(Ny/2)(Nz/2): 3.93952e-05 Phi A: 0.0887495 Phi B: 0.911251 Phi I: 5.82096e-52
Saving data . . .
Total charge: -1.10937e-19
etaHat: 124879
331  fE: -3.08979  dfE: 2.90271e-08  dW: 0.00138179  dPhi(Nx/2)(Ny/2)(Nz/2): 3.91174e-05 Phi A: 0.0887495 Phi B: 0.911251 Phi I: 5.82096e-52
Total charge: -1.10937e-19
etaHat: 124879
332  fE: -3.08979  dfE: 3.22545e-08  dW: 0.00137057  dPhi(Nx/2)(Ny/2)(Nz/2): 3.88408e-05 Phi A: 0.0887495 Phi B: 0.911251 Phi I: 5.82096e-52
Total charge: -1.10937e-19
etaHat: 124879
333  fE: -3.08979  dfE: 3.35725e-08  dW: 0.00135947  dPhi(Nx/2)(Ny/2)(Nz/2): 3.85657e-05 Phi A: 0.0887495 Phi B: 0.911251 Phi I: 5.82096e-52
Total charge: -1.10937e-19
etaHat: 124879
334  fE: -3.08979  dfE: 3.3112e-08  dW: 0.00134848  dPhi(Nx/2)(Ny/2)(Nz/2): 3.82921e-05 Phi A: 0.0887495 Phi B: 0.911251 Phi I: 5.82096e-52
Total charge: -1.10937e-19
etaHat: 124879
335  fE: -3.08979  dfE: 3.10789e-08  dW: 0.0013376  dPhi(Nx/2)(Ny/2)(Nz/2): 3.80201e-05 Phi A: 0.0887495 Phi B: 0.911251 Phi I: 5.82096e-52
Total charge: -1.10937e-19
etaHat: 124879
336  fE: -3.08979  dfE: 2.77368e-08  dW: 0.00132683  dPhi(Nx/2)(Ny/2)(Nz/2): 3.77498e-05 Phi A: 0.0887495 Phi B: 0.911251 Phi I: 5.82096e-52
Total charge: -1.10937e-19
etaHat: 124879
337  fE: -3.08979  dfE: 2.33873e-08  dW: 0.00131617  dPhi(Nx/2)(Ny/2)(Nz/2): 3.74811e-05 Phi A: 0.0887495 Phi B: 0.911251 Phi I: 5.82096e-52
Total charge: -1.10937e-19
etaHat: 124879
338  fE: -3.08979  dfE: 1.83512e-08  dW: 0.00130562  dPhi(Nx/2)(Ny/2)(Nz/2): 3.7214e-05 Phi A: 0.0887495 Phi B: 0.911251 Phi I: 5.82096e-52
Total charge: -1.10937e-19
etaHat: 124879
339  fE: -3.08979  dfE: 1.29506e-08  dW: 0.00129517  dPhi(Nx/2)(Ny/2)(Nz/2): 3.69482e-05 Phi A: 0.0887495 Phi B: 0.911251 Phi I: 5.82096e-52
Total charge: -1.10937e-19
etaHat: 124879
340  fE: -3.08979  dfE: 7.49245e-09  dW: 0.00128483  dPhi(Nx/2)(Ny/2)(Nz/2): 3.66838e-05 Phi A: 0.0887495 Phi B: 0.911251 Phi I: 5.82096e-52
Saving data . . .
Total charge: -1.10937e-19
etaHat: 124879
341  fE: -3.08979  dfE: 2.25509e-09  dW: 0.00127459  dPhi(Nx/2)(Ny/2)(Nz/2): 3.64205e-05 Phi A: 0.0887495 Phi B: 0.911251 Phi I: 5.82096e-52
Total charge: -1.10937e-19
etaHat: 124879
342  fE: -3.08979  dfE: 2.52305e-09  dW: 0.00126445  dPhi(Nx/2)(Ny/2)(Nz/2): 3.61582e-05 Phi A: 0.0887495 Phi B: 0.911251 Phi I: 5.82096e-52
Total charge: -1.10937e-19
etaHat: 124879
343  fE: -3.08979  dfE: 6.65111e-09  dW: 0.0012544  dPhi(Nx/2)(Ny/2)(Nz/2): 3.58969e-05 Phi A: 0.0887495 Phi B: 0.911251 Phi I: 5.82096e-52
Total charge: -1.10937e-19
etaHat: 124879
344  fE: -3.08979  dfE: 9.99028e-09  dW: 0.00124445  dPhi(Nx/2)(Ny/2)(Nz/2): 3.56364e-05 Phi A: 0.0887495 Phi B: 0.911251 Phi I: 5.82096e-52
Total charge: -1.10937e-19
etaHat: 124879
345  fE: -3.08979  dfE: 1.24556e-08  dW: 0.0012346  dPhi(Nx/2)(Ny/2)(Nz/2): 3.53767e-05 Phi A: 0.0887495 Phi B: 0.911251 Phi I: 5.82096e-52
Total charge: -1.10937e-19
etaHat: 124879
346  fE: -3.08979  dfE: 1.40146e-08  dW: 0.00122485  dPhi(Nx/2)(Ny/2)(Nz/2): 3.51178e-05 Phi A: 0.0887495 Phi B: 0.911251 Phi I: 5.82096e-52
Total charge: -1.10937e-19
etaHat: 124879
347  fE: -3.08979  dfE: 1.46833e-08  dW: 0.00121519  dPhi(Nx/2)(Ny/2)(Nz/2): 3.48598e-05 Phi A: 0.0887495 Phi B: 0.911251 Phi I: 5.82096e-52
Total charge: -1.10937e-19
etaHat: 124879
348  fE: -3.08979  dfE: 1.45206e-08  dW: 0.00120563  dPhi(Nx/2)(Ny/2)(Nz/2): 3.46026e-05 Phi A: 0.0887495 Phi B: 0.911251 Phi I: 5.82096e-52
Total charge: -1.10937e-19
etaHat: 124879
349  fE: -3.08979  dfE: 1.36211e-08  dW: 0.00119616  dPhi(Nx/2)(Ny/2)(Nz/2): 3.43465e-05 Phi A: 0.0887495 Phi B: 0.911251 Phi I: 5.82096e-52
Total charge: -1.10937e-19
etaHat: 124879
350  fE: -3.08979  dfE: 1.21059e-08  dW: 0.00118679  dPhi(Nx/2)(Ny/2)(Nz/2): 3.40915e-05 Phi A: 0.0887495 Phi B: 0.911251 Phi I: 5.82096e-52
Saving data . . .
Total charge: -1.10937e-19
etaHat: 124879
351  fE: -3.08979  dfE: 1.0115e-08  dW: 0.00117752  dPhi(Nx/2)(Ny/2)(Nz/2): 3.38378e-05 Phi A: 0.0887495 Phi B: 0.911251 Phi I: 5.82096e-52
Total charge: -1.10937e-19
etaHat: 124879
352  fE: -3.08979  dfE: 7.79721e-09  dW: 0.00116833  dPhi(Nx/2)(Ny/2)(Nz/2): 3.35856e-05 Phi A: 0.0887495 Phi B: 0.911251 Phi I: 5.82096e-52
Total charge: -1.10937e-19
etaHat: 124879
353  fE: -3.08979  dfE: 5.30259e-09  dW: 0.00115924  dPhi(Nx/2)(Ny/2)(Nz/2): 3.33351e-05 Phi A: 0.0887495 Phi B: 0.911251 Phi I: 5.82096e-52
Total charge: -1.10937e-19
etaHat: 124879
354  fE: -3.08979  dfE: 2.77451e-09  dW: 0.00115023  dPhi(Nx/2)(Ny/2)(Nz/2): 3.30866e-05 Phi A: 0.0887495 Phi B: 0.911251 Phi I: 5.82096e-52
Total charge: -1.10937e-19
etaHat: 124879
355  fE: -3.08979  dfE: 3.43027e-10  dW: 0.0011413  dPhi(Nx/2)(Ny/2)(Nz/2): 3.28401e-05 Phi A: 0.0887495 Phi B: 0.911251 Phi I: 5.82096e-52
Total charge: -1.10937e-19
etaHat: 124879
356  fE: -3.08979  dfE: 1.8798e-09  dW: 0.00113246  dPhi(Nx/2)(Ny/2)(Nz/2): 3.25959e-05 Phi A: 0.0887495 Phi B: 0.911251 Phi I: 5.82096e-52
Total charge: -1.10937e-19
etaHat: 124879
357  fE: -3.08979  dfE: 3.80415e-09  dW: 0.0011237  dPhi(Nx/2)(Ny/2)(Nz/2): 3.23542e-05 Phi A: 0.0887495 Phi B: 0.911251 Phi I: 5.82096e-52
Total charge: -1.10937e-19
etaHat: 124879
358  fE: -3.08979  dfE: 5.36424e-09  dW: 0.00111502  dPhi(Nx/2)(Ny/2)(Nz/2): 3.21151e-05 Phi A: 0.0887495 Phi B: 0.911251 Phi I: 5.82096e-52
Total charge: -1.10937e-19
etaHat: 124879
359  fE: -3.08979  dfE: 6.51937e-09  dW: 0.00110643  dPhi(Nx/2)(Ny/2)(Nz/2): 3.18787e-05 Phi A: 0.0887495 Phi B: 0.911251 Phi I: 5.82096e-52
Total charge: -1.10937e-19
etaHat: 124879
360  fE: -3.08979  dfE: 7.25329e-09  dW: 0.00109793  dPhi(Nx/2)(Ny/2)(Nz/2): 3.16452e-05 Phi A: 0.0887495 Phi B: 0.911251 Phi I: 5.82096e-52
Saving data . . .
Total charge: -1.10937e-19
etaHat: 124879
361  fE: -3.08979  dfE: 7.57239e-09  dW: 0.00108951  dPhi(Nx/2)(Ny/2)(Nz/2): 3.14145e-05 Phi A: 0.0887495 Phi B: 0.911251 Phi I: 5.82096e-52
Total charge: -1.10937e-19
etaHat: 124879
362  fE: -3.08979  dfE: 7.50326e-09  dW: 0.00108116  dPhi(Nx/2)(Ny/2)(Nz/2): 3.11868e-05 Phi A: 0.0887495 Phi B: 0.911251 Phi I: 5.82096e-52
Total charge: -1.10937e-19
etaHat: 124879
363  fE: -3.08979  dfE: 7.08903e-09  dW: 0.00107289  dPhi(Nx/2)(Ny/2)(Nz/2): 3.09621e-05 Phi A: 0.0887495 Phi B: 0.911251 Phi I: 5.82096e-52
Total charge: -1.10937e-19
etaHat: 124879
364  fE: -3.08979  dfE: 6.3858e-09  dW: 0.0010647  dPhi(Nx/2)(Ny/2)(Nz/2): 3.07402e-05 Phi A: 0.0887495 Phi B: 0.911251 Phi I: 5.82096e-52
Total charge: -1.10937e-19
etaHat: 124879
365  fE: -3.08979  dfE: 5.45813e-09  dW: 0.00105659  dPhi(Nx/2)(Ny/2)(Nz/2): 3.05212e-05 Phi A: 0.0887495 Phi B: 0.911251 Phi I: 5.82096e-52
Total charge: -1.10937e-19
etaHat: 124879
366  fE: -3.08979  dfE: 4.37527e-09  dW: 0.00104855  dPhi(Nx/2)(Ny/2)(Nz/2): 3.0305e-05 Phi A: 0.0887495 Phi B: 0.911251 Phi I: 5.82096e-52
Total charge: -1.10937e-19
etaHat: 124879
367  fE: -3.08979  dfE: 3.207e-09  dW: 0.00104058  dPhi(Nx/2)(Ny/2)(Nz/2): 3.00915e-05 Phi A: 0.0887495 Phi B: 0.911251 Phi I: 5.82096e-52
Total charge: -1.10937e-19
etaHat: 124879
368  fE: -3.08979  dfE: 2.02025e-09  dW: 0.00103269  dPhi(Nx/2)(Ny/2)(Nz/2): 2.98805e-05 Phi A: 0.0887495 Phi B: 0.911251 Phi I: 5.82096e-52
Total charge: -1.10937e-19
etaHat: 124879
369  fE: -3.08979  dfE: 8.75944e-10  dW: 0.00102487  dPhi(Nx/2)(Ny/2)(Nz/2): 2.9672e-05 Phi A: 0.0887495 Phi B: 0.911251 Phi I: 5.82096e-52
Total charge: -1.10937e-19
etaHat: 124879
370  fE: -3.08979  dfE: 1.73498e-10  dW: 0.00101712  dPhi(Nx/2)(Ny/2)(Nz/2): 2.94659e-05 Phi A: 0.0887495 Phi B: 0.911251 Phi I: 5.82096e-52
Saving data . . .
Total charge: -1.10937e-19
etaHat: 124879
371  fE: -3.08979  dfE: 1.08559e-09  dW: 0.00100945  dPhi(Nx/2)(Ny/2)(Nz/2): 2.92619e-05 Phi A: 0.0887495 Phi B: 0.911251 Phi I: 5.82096e-52
Total charge: -1.10937e-19
etaHat: 124879
372  fE: -3.08979  dfE: 1.8294e-09  dW: 0.00100184  dPhi(Nx/2)(Ny/2)(Nz/2): 2.906e-05 Phi A: 0.0887495 Phi B: 0.911251 Phi I: 5.82096e-52
Total charge: -1.10937e-19
etaHat: 124879
373  fE: -3.08979  dfE: 2.38523e-09  dW: 0.000994308  dPhi(Nx/2)(Ny/2)(Nz/2): 2.886e-05 Phi A: 0.0887495 Phi B: 0.911251 Phi I: 5.82096e-52
Saving data . . .
