Total charge: 124877
etaHat: 124877
0  fE: -9365.52  dfE: 9465.52  dW: 13.3271  dPhi(Nx/2)(Ny/2)(Nz/2): -4.11389 Phi A: 0.607494 Phi B: 4.48374 Phi I: 999.016
Saving data . . .
Total charge: 1.59566
etaHat: 124879
1  fE: -25221.4  dfE: 15855.9  dW: 18.3217  dPhi(Nx/2)(Ny/2)(Nz/2): -2.39175 Phi A: 0.369821 Phi B: 3.00739 Phi I: 0.0127653
Total charge: 1.5016e-18
etaHat: 124879
2  fE: -19.6768  dfE: 25201.7  dW: 20.1803  dPhi(Nx/2)(Ny/2)(Nz/2): -1.24349 Phi A: 0.231659 Phi B: 2.0026 Phi I: 1.43294e-20
Total charge: -1.89541e-19
etaHat: 124879
3  fE: -14.0258  dfE: 5.65097  dW: 20.1576  dPhi(Nx/2)(Ny/2)(Nz/2): -0.516991 Phi A: 0.151633 Phi B: 1.3594 Phi I: 5.82328e-52
Total charge: -1.30149e-19
etaHat: 124879
4  fE: -9.84801  dfE: 4.17777  dW: 19.0167  dPhi(Nx/2)(Ny/2)(Nz/2): -0.0608523 Phi A: 0.104119 Phi B: 0.952783 Phi I: 5.82122e-52
Total charge: -9.38396e-20
etaHat: 124879
5  fE: -6.9806  dfE: 2.8674  dW: 17.2215  dPhi(Nx/2)(Ny/2)(Nz/2): 0.22799 Phi A: 0.0750717 Phi B: 0.694226 Phi I: 5.81938e-52
Total charge: -7.1039e-20
etaHat: 124879
6  fE: -5.05711  dfE: 1.9235  dW: 15.0565  dPhi(Nx/2)(Ny/2)(Nz/2): 0.413452 Phi A: 0.0568312 Phi B: 0.527783 Phi I: 5.81779e-52
Total charge: -5.64275e-20
etaHat: 124879
7  fE: -3.76693  dfE: 1.29018  dW: 12.6994  dPhi(Nx/2)(Ny/2)(Nz/2): 0.534059 Phi A: 0.045142 Phi B: 0.419365 Phi I: 5.81645e-52
Total charge: -4.69784e-20
etaHat: 124879
8  fE: -2.89185  dfE: 0.875074  dW: 10.2635  dPhi(Nx/2)(Ny/2)(Nz/2): 0.612905 Phi A: 0.0375828 Phi B: 0.348407 Phi I: 5.81537e-52
Total charge: -4.09351e-20
etaHat: 124879
9  fE: -2.2881  dfE: 0.603748  dW: 7.82281  dPhi(Nx/2)(Ny/2)(Nz/2): 0.663865 Phi A: 0.0327481 Phi B: 0.302502 Phi I: 5.81454e-52
Total charge: -3.72665e-20
etaHat: 124879
10  fE: -1.86275  dfE: 0.425358  dW: 5.42772  dPhi(Nx/2)(Ny/2)(Nz/2): 0.695279 Phi A: 0.0298132 Phi B: 0.274175 Phi I: 5.81396e-52
Saving data . . .
Total charge: -3.53738e-20
etaHat: 124879
11  fE: -1.55548  dfE: 0.307271  dW: 3.11426  dPhi(Nx/2)(Ny/2)(Nz/2): 0.712081 Phi A: 0.028299 Phi B: 0.258993 Phi I: 5.81363e-52
Total charge: -3.49285e-20
etaHat: 124879
12  fE: -1.32636  dfE: 0.229114  dW: 0.916391  dPhi(Nx/2)(Ny/2)(Nz/2): 0.717032 Phi A: 0.0279428 Phi B: 0.254473 Phi I: 5.81352e-52
Total charge: -3.57841e-20
etaHat: 124879
13  fE: -1.14798  dfE: 0.178377  dW: 1.16052  dPhi(Nx/2)(Ny/2)(Nz/2): 0.711417 Phi A: 0.0286273 Phi B: 0.259459 Phi I: 5.81363e-52
Total charge: -3.79278e-20
etaHat: 124879
14  fE: -1.00049  dfE: 0.147497  dW: 3.07531  dPhi(Nx/2)(Ny/2)(Nz/2): 0.695423 Phi A: 0.0303423 Phi B: 0.273782 Phi I: 5.81393e-52
Total charge: -4.14543e-20
etaHat: 124879
15  fE: -0.868567  dfE: 0.131921  dW: 4.80991  dPhi(Nx/2)(Ny/2)(Nz/2): 0.668353 Phi A: 0.0331634 Phi B: 0.298071 Phi I: 5.81442e-52
Total charge: -4.65499e-20
etaHat: 124879
16  fE: -0.739896  dfE: 0.12867  dW: 6.3366  dPhi(Nx/2)(Ny/2)(Nz/2): 0.62874 Phi A: 0.03724 Phi B: 0.333649 Phi I: 5.81507e-52
Total charge: -5.34768e-20
etaHat: 124879
17  fE: -0.604943  dfE: 0.134953  dW: 7.62256  dPhi(Nx/2)(Ny/2)(Nz/2): 0.574458 Phi A: 0.0427814 Phi B: 0.382444 Phi I: 5.81586e-52
Total charge: -6.25417e-20
etaHat: 124879
18  fE: -0.458462  dfE: 0.146481  dW: 8.62888  dPhi(Nx/2)(Ny/2)(Nz/2): 0.502919 Phi A: 0.0500334 Phi B: 0.44681 Phi I: 5.81677e-52
Total charge: -7.40365e-20
etaHat: 124879
19  fE: -0.303197  dfE: 0.155265  dW: 9.31099  dPhi(Nx/2)(Ny/2)(Nz/2): 0.411488 Phi A: 0.0592292 Phi B: 0.529167 Phi I: 5.81775e-52
Total charge: -8.81279e-20
etaHat: 124879
20  fE: -0.155937  dfE: 0.147259  dW: 9.62158  dPhi(Nx/2)(Ny/2)(Nz/2): 0.298266 Phi A: 0.0705023 Phi B: 0.631303 Phi I: 5.81878e-52
Saving data . . .
Total charge: -1.04689e-19
etaHat: 124879
21  fE: -0.054572  dfE: 0.101365  dW: 9.51716  dPhi(Nx/2)(Ny/2)(Nz/2): 0.163349 Phi A: 0.083751 Phi B: 0.753254 Phi I: 5.81981e-52
Total charge: -1.23091e-19
etaHat: 124879
22  fE: -0.061552  dfE: 0.00698006  dW: 8.96939  dPhi(Nx/2)(Ny/2)(Nz/2): 0.0104828 Phi A: 0.0984728 Phi B: 0.891802 Phi I: 5.82079e-52
Total charge: -1.42041e-19
etaHat: 124879
23  fE: -0.25565  dfE: 0.194098  dW: 7.98008  dPhi(Nx/2)(Ny/2)(Nz/2): -0.151417 Phi A: 0.113633 Phi B: 1.03909 Phi I: 5.82169e-52
Total charge: -1.59606e-19
etaHat: 124879
24  fE: -0.704922  dfE: 0.449272  dW: 6.59559  dPhi(Nx/2)(Ny/2)(Nz/2): -0.307947 Phi A: 0.127685 Phi B: 1.18224 Phi I: 5.82245e-52
Total charge: -1.73562e-19
etaHat: 124879
25  fE: -1.42566  dfE: 0.720737  dW: 4.91324  dPhi(Nx/2)(Ny/2)(Nz/2): -0.441252 Phi A: 0.138849 Phi B: 1.30516 Phi I: 5.82303e-52
Total charge: -1.82033e-19
etaHat: 124879
26  fE: -2.3512  dfE: 0.925541  dW: 3.07271  dPhi(Nx/2)(Ny/2)(Nz/2): -0.534589 Phi A: 0.145626 Phi B: 1.39251 Phi I: 5.82342e-52
Total charge: -1.84134e-19
etaHat: 124879
27  fE: -3.33991  dfE: 0.988713  dW: 1.23357  dPhi(Nx/2)(Ny/2)(Nz/2): -0.577628 Phi A: 0.147307 Phi B: 1.43457 Phi I: 5.82361e-52
Total charge: -1.8023e-19
etaHat: 124879
28  fE: -4.22633  dfE: 0.886419  dW: 0.547878  dPhi(Nx/2)(Ny/2)(Nz/2): -0.569597 Phi A: 0.144184 Phi B: 1.4302 Phi I: 5.8236e-52
Total charge: -1.71682e-19
etaHat: 124879
29  fE: -4.88346  dfE: 0.657129  dW: 1.89785  dPhi(Nx/2)(Ny/2)(Nz/2): -0.518549 Phi A: 0.137346 Phi B: 1.38632 Phi I: 5.82343e-52
Total charge: -1.60281e-19
etaHat: 124879
30  fE: -5.25766  dfE: 0.374195  dW: 3.01264  dPhi(Nx/2)(Ny/2)(Nz/2): -0.437645 Phi A: 0.128225 Phi B: 1.31465 Phi I: 5.82313e-52
Saving data . . .
Total charge: -1.47724e-19
etaHat: 124879
31  fE: -5.36446  dfE: 0.106802  dW: 3.78526  dPhi(Nx/2)(Ny/2)(Nz/2): -0.340864 Phi A: 0.118179 Phi B: 1.22785 Phi I: 5.82274e-52
Total charge: -1.35307e-19
etaHat: 124879
32  fE: -5.26121  dfE: 0.103251  dW: 4.22856  dPhi(Nx/2)(Ny/2)(Nz/2): -0.240013 Phi A: 0.108246 Phi B: 1.13675 Phi I: 5.82229e-52
Total charge: -1.23868e-19
etaHat: 124879
33  fE: -5.01782  dfE: 0.243384  dW: 4.37675  dPhi(Nx/2)(Ny/2)(Nz/2): -0.143528 Phi A: 0.0990946 Phi B: 1.04915 Phi I: 5.82183e-52
Total charge: -1.13855e-19
etaHat: 124879
34  fE: -4.69742  dfE: 0.320399  dW: 4.27506  dPhi(Nx/2)(Ny/2)(Nz/2): -0.0565805 Phi A: 0.0910837 Phi B: 0.969919 Phi I: 5.82137e-52
Total charge: -1.05439e-19
etaHat: 124879
35  fE: -4.34805  dfE: 0.349374  dW: 3.97235  dPhi(Nx/2)(Ny/2)(Nz/2): 0.0182093 Phi A: 0.0843514 Phi B: 0.901559 Phi I: 5.82095e-52
Total charge: -9.8628e-20
etaHat: 124879
36  fE: -4.00191  dfE: 0.346143  dW: 3.5165  dPhi(Nx/2)(Ny/2)(Nz/2): 0.079941 Phi A: 0.0789024 Phi B: 0.844986 Phi I: 5.82057e-52
Total charge: -9.33387e-20
etaHat: 124879
37  fE: -3.67816  dfE: 0.323744  dW: 2.95201  dPhi(Nx/2)(Ny/2)(Nz/2): 0.128741 Phi A: 0.074671 Phi B: 0.800149 Phi I: 5.82025e-52
Total charge: -8.94522e-20
etaHat: 124879
38  fE: -3.38665  dfE: 0.291509  dW: 2.31896  dPhi(Nx/2)(Ny/2)(Nz/2): 0.165267 Phi A: 0.0715618 Phi B: 0.766489 Phi I: 5.82e-52
Total charge: -8.68409e-20
etaHat: 124879
39  fE: -3.13122  dfE: 0.25543  dW: 1.65274  dPhi(Nx/2)(Ny/2)(Nz/2): 0.190397 Phi A: 0.0694727 Phi B: 0.743229 Phi I: 5.81982e-52
Total charge: -8.5383e-20
etaHat: 124879
40  fE: -2.91227  dfE: 0.218951  dW: 0.984305  dPhi(Nx/2)(Ny/2)(Nz/2): 0.205054 Phi A: 0.0683064 Phi B: 0.72954 Phi I: 5.81971e-52
Saving data . . .
Total charge: -8.49663e-20
etaHat: 124879
41  fE: -2.72854  dfE: 0.183732  dW: 0.340958  dPhi(Nx/2)(Ny/2)(Nz/2): 0.210135 Phi A: 0.067973 Phi B: 0.72461 Phi I: 5.81966e-52
Total charge: -8.5487e-20
etaHat: 124879
42  fE: -2.57827  dfE: 0.150272  dW: 0.258095  dPhi(Nx/2)(Ny/2)(Nz/2): 0.206496 Phi A: 0.0683896 Phi B: 0.72766 Phi I: 5.81969e-52
Total charge: -8.68443e-20
etaHat: 124879
43  fE: -2.45991  dfE: 0.118356  dW: 0.784272  dPhi(Nx/2)(Ny/2)(Nz/2): 0.194977 Phi A: 0.0694754 Phi B: 0.737921 Phi I: 5.81977e-52
Total charge: -8.89334e-20
etaHat: 124879
44  fE: -2.37253  dfE: 0.0873849  dW: 1.22978  dPhi(Nx/2)(Ny/2)(Nz/2): 0.176461 Phi A: 0.0711467 Phi B: 0.754591 Phi I: 5.81989e-52
Total charge: -9.16383e-20
etaHat: 124879
45  fE: -2.31589  dfE: 0.0566391  dW: 1.57972  dPhi(Nx/2)(Ny/2)(Nz/2): 0.151925 Phi A: 0.0733106 Phi B: 0.776777 Phi I: 5.82006e-52
Total charge: -9.48253e-20
etaHat: 124879
46  fE: -2.29037  dfE: 0.0255169  dW: 1.82573  dPhi(Nx/2)(Ny/2)(Nz/2): 0.122505 Phi A: 0.0758602 Phi B: 0.803442 Phi I: 5.82026e-52
Total charge: -9.83391e-20
etaHat: 124879
47  fE: -2.2966  dfE: 0.0062326  dW: 1.96384  dPhi(Nx/2)(Ny/2)(Nz/2): 0.089535 Phi A: 0.0786713 Phi B: 0.833371 Phi I: 5.82047e-52
Total charge: -1.02003e-19
etaHat: 124879
48  fE: -2.3349  dfE: 0.0382979  dW: 1.99481  dPhi(Nx/2)(Ny/2)(Nz/2): 0.0545578 Phi A: 0.0816023 Phi B: 0.865161 Phi I: 5.82069e-52
Total charge: -1.05624e-19
etaHat: 124879
49  fE: -2.40456  dfE: 0.0696622  dW: 1.92435  dPhi(Nx/2)(Ny/2)(Nz/2): 0.0192889 Phi A: 0.0844989 Phi B: 0.897249 Phi I: 5.8209e-52
Total charge: -1.09003e-19
etaHat: 124879
50  fE: -2.50316  dfE: 0.0986  dW: 1.76309  dPhi(Nx/2)(Ny/2)(Nz/2): -0.0144671 Phi A: 0.0872028 Phi B: 0.927989 Phi I: 5.82109e-52
Saving data . . .
Total charge: -1.11956e-19
etaHat: 124879
51  fE: -2.62604  dfE: 0.122873  dW: 1.52612  dPhi(Nx/2)(Ny/2)(Nz/2): -0.0449481 Phi A: 0.0895645 Phi B: 0.955776 Phi I: 5.82127e-52
Total charge: -1.14322e-19
etaHat: 124879
52  fE: -2.76617  dfE: 0.140128  dW: 1.23204  dPhi(Nx/2)(Ny/2)(Nz/2): -0.0705934 Phi A: 0.0914578 Phi B: 0.979183 Phi I: 5.82141e-52
Total charge: -1.15991e-19
etaHat: 124879
53  fE: -2.91459  dfE: 0.148425  dW: 0.9017  dPhi(Nx/2)(Ny/2)(Nz/2): -0.0902008 Phi A: 0.0927926 Phi B: 0.997109 Phi I: 5.82152e-52
Total charge: -1.16906e-19
etaHat: 124879
54  fE: -3.06133  dfE: 0.146737  dW: 0.556613  dPhi(Nx/2)(Ny/2)(Nz/2): -0.103048 Phi A: 0.0935247 Phi B: 1.00889 Phi I: 5.82159e-52
Total charge: -1.17073e-19
etaHat: 124879
55  fE: -3.19659  dfE: 0.13526  dW: 0.223656  dPhi(Nx/2)(Ny/2)(Nz/2): -0.108952 Phi A: 0.0936581 Phi B: 1.01434 Phi I: 5.82162e-52
Total charge: -1.16552e-19
etaHat: 124879
56  fE: -3.31201  dfE: 0.115424  dW: 0.122853  dPhi(Nx/2)(Ny/2)(Nz/2): -0.108254 Phi A: 0.0932412 Phi B: 1.01377 Phi I: 5.82162e-52
Total charge: -1.15447e-19
etaHat: 124879
57  fE: -3.40161  dfE: 0.0896012  dW: 0.374244  dPhi(Nx/2)(Ny/2)(Nz/2): -0.101733 Phi A: 0.0923573 Phi B: 1.00788 Phi I: 5.82158e-52
Total charge: -1.1389e-19
etaHat: 124879
58  fE: -3.46225  dfE: 0.0606343  dW: 0.601115  dPhi(Nx/2)(Ny/2)(Nz/2): -0.0904845 Phi A: 0.091112 Phi B: 0.997671 Phi I: 5.82153e-52
Total charge: -1.12025e-19
etaHat: 124879
59  fE: -3.49357  dfE: 0.0313262  dW: 0.77201  dPhi(Nx/2)(Ny/2)(Nz/2): -0.0757721 Phi A: 0.0896203 Phi B: 0.984283 Phi I: 5.82145e-52
Total charge: -1.09994e-19
etaHat: 124879
60  fE: -3.49761  dfE: 0.00403979  dW: 0.884516  dPhi(Nx/2)(Ny/2)(Nz/2): -0.0588941 Phi A: 0.0879953 Phi B: 0.968903 Phi I: 5.82136e-52
Saving data . . .
Total charge: -1.07925e-19
etaHat: 124879
61  fE: -3.47808  dfE: 0.019529  dW: 0.939775  dPhi(Nx/2)(Ny/2)(Nz/2): -0.0410761 Phi A: 0.0863396 Phi B: 0.952651 Phi I: 5.82126e-52
Total charge: -1.05926e-19
etaHat: 124879
62  fE: -3.43968  dfE: 0.0384  dW: 0.941841  dPhi(Nx/2)(Ny/2)(Nz/2): -0.0233974 Phi A: 0.0847408 Phi B: 0.936516 Phi I: 5.82116e-52
Total charge: -1.04085e-19
etaHat: 124879
63  fE: -3.38746  dfE: 0.052227  dW: 0.896973  dPhi(Nx/2)(Ny/2)(Nz/2): -0.00675013 Phi A: 0.0832682 Phi B: 0.921315 Phi I: 5.82106e-52
Total charge: -1.02467e-19
etaHat: 124879
64  fE: -3.32631  dfE: 0.0611457  dW: 0.81295  dPhi(Nx/2)(Ny/2)(Nz/2): 0.00817343 Phi A: 0.0819736 Phi B: 0.907685 Phi I: 5.82098e-52
Total charge: -1.01115e-19
etaHat: 124879
65  fE: -3.2607  dfE: 0.0656066  dW: 0.698438  dPhi(Nx/2)(Ny/2)(Nz/2): 0.0208763 Phi A: 0.080892 Phi B: 0.896083 Phi I: 5.8209e-52
Total charge: -1.00055e-19
etaHat: 124879
66  fE: -3.19448  dfE: 0.066226  dW: 0.562453  dPhi(Nx/2)(Ny/2)(Nz/2): 0.0310403 Phi A: 0.0800437 Phi B: 0.886805 Phi I: 5.82084e-52
Total charge: -9.92952e-20
etaHat: 124879
67  fE: -3.1308  dfE: 0.0636754  dW: 0.413906  dPhi(Nx/2)(Ny/2)(Nz/2): 0.0385048 Phi A: 0.0794361 Phi B: 0.88 Phi I: 5.82079e-52
Total charge: -9.88326e-20
etaHat: 124879
68  fE: -3.07219  dfE: 0.0586086  dW: 0.261243  dPhi(Nx/2)(Ny/2)(Nz/2): 0.0432447 Phi A: 0.0790661 Phi B: 0.875696 Phi I: 5.82077e-52
Total charge: -9.86517e-20
etaHat: 124879
69  fE: -3.02057  dfE: 0.0516243  dW: 0.112576  dPhi(Nx/2)(Ny/2)(Nz/2): 0.04535 Phi A: 0.0789213 Phi B: 0.873812 Phi I: 5.82075e-52
Total charge: -9.87277e-20
etaHat: 124879
70  fE: -2.97732  dfE: 0.0432535  dW: 0.0436791  dPhi(Nx/2)(Ny/2)(Nz/2): 0.0450069 Phi A: 0.0789822 Phi B: 0.874181 Phi I: 5.82075e-52
Saving data . . .
Total charge: -9.90287e-20
etaHat: 124879
71  fE: -2.94335  dfE: 0.0339651  dW: 0.149646  dPhi(Nx/2)(Ny/2)(Nz/2): 0.0424815 Phi A: 0.0792229 Phi B: 0.876562 Phi I: 5.82077e-52
Total charge: -9.95162e-20
etaHat: 124879
72  fE: -2.91917  dfE: 0.0241787  dW: 0.252478  dPhi(Nx/2)(Ny/2)(Nz/2): 0.0381046 Phi A: 0.079613 Phi B: 0.880655 Phi I: 5.8208e-52
Total charge: -1.00148e-19
etaHat: 124879
73  fE: -2.90489  dfE: 0.0142801  dW: 0.332223  dPhi(Nx/2)(Ny/2)(Nz/2): 0.0322561 Phi A: 0.0801182 Phi B: 0.886112 Phi I: 5.82083e-52
Total charge: -1.00878e-19
etaHat: 124879
74  fE: -2.90026  dfE: 0.00463422  dW: 0.387257  dPhi(Nx/2)(Ny/2)(Nz/2): 0.0253491 Phi A: 0.0807023 Phi B: 0.892556 Phi I: 5.82087e-52
Total charge: -1.0166e-19
etaHat: 124879
75  fE: -2.90467  dfE: 0.00440992  dW: 0.417281  dPhi(Nx/2)(Ny/2)(Nz/2): 0.017813 Phi A: 0.0813281 Phi B: 0.899595 Phi I: 5.82092e-52
Total charge: -1.02449e-19
etaHat: 124879
76  fE: -2.91719  dfE: 0.0125218  dW: 0.423231  dPhi(Nx/2)(Ny/2)(Nz/2): 0.0100746 Phi A: 0.0819595 Phi B: 0.906837 Phi I: 5.82096e-52
Total charge: -1.03203e-19
etaHat: 124879
77  fE: -2.93659  dfE: 0.0194011  dW: 0.407141  dPhi(Nx/2)(Ny/2)(Nz/2): 0.00253913 Phi A: 0.0825626 Phi B: 0.913908 Phi I: 5.82101e-52
Total charge: -1.03885e-19
etaHat: 124879
78  fE: -2.96139  dfE: 0.0247959  dW: 0.371962  dPhi(Nx/2)(Ny/2)(Nz/2): -0.0044283 Phi A: 0.0831078 Phi B: 0.920471 Phi I: 5.82105e-52
Total charge: -1.04463e-19
etaHat: 124879
79  fE: -2.98991  dfE: 0.0285241  dW: 0.321342  dPhi(Nx/2)(Ny/2)(Nz/2): -0.01052 Phi A: 0.0835707 Phi B: 0.926243 Phi I: 5.82109e-52
Total charge: -1.04917e-19
etaHat: 124879
80  fE: -3.0204  dfE: 0.0304923  dW: 0.259382  dPhi(Nx/2)(Ny/2)(Nz/2): -0.0154992 Phi A: 0.0839333 Phi B: 0.931001 Phi I: 5.82112e-52
Saving data . . .
Total charge: -1.05231e-19
etaHat: 124879
81  fE: -3.05111  dfE: 0.0307094  dW: 0.19038  dPhi(Nx/2)(Ny/2)(Nz/2): -0.0192085 Phi A: 0.0841847 Phi B: 0.934598 Phi I: 5.82114e-52
Total charge: -1.05402e-19
etaHat: 124879
82  fE: -3.0804  dfE: 0.0292895  dW: 0.118691  dPhi(Nx/2)(Ny/2)(Nz/2): -0.021574 Phi A: 0.0843212 Phi B: 0.936962 Phi I: 5.82115e-52
Total charge: -1.05432e-19
etaHat: 124879
83  fE: -3.10685  dfE: 0.026443  dW: 0.0550694  dPhi(Nx/2)(Ny/2)(Nz/2): -0.022602 Phi A: 0.0843458 Phi B: 0.938093 Phi I: 5.82116e-52
Total charge: -1.05334e-19
etaHat: 124879
84  fE: -3.1293  dfE: 0.0224573  dW: 0.0366269  dPhi(Nx/2)(Ny/2)(Nz/2): -0.0223718 Phi A: 0.0842672 Phi B: 0.938061 Phi I: 5.82116e-52
Total charge: -1.05124e-19
etaHat: 124879
85  fE: -3.14697  dfE: 0.0176701  dW: 0.0770631  dPhi(Nx/2)(Ny/2)(Nz/2): -0.0210235 Phi A: 0.0840993 Phi B: 0.936991 Phi I: 5.82116e-52
Total charge: -1.04824e-19
etaHat: 124879
86  fE: -3.15941  dfE: 0.0124383  dW: 0.125073  dPhi(Nx/2)(Ny/2)(Nz/2): -0.0187431 Phi A: 0.083859 Phi B: 0.935051 Phi I: 5.82114e-52
Total charge: -1.04457e-19
etaHat: 124879
87  fE: -3.16652  dfE: 0.00710863  dW: 0.162533  dPhi(Nx/2)(Ny/2)(Nz/2): -0.0157463 Phi A: 0.0835655 Phi B: 0.932437 Phi I: 5.82113e-52
Total charge: -1.04048e-19
etaHat: 124879
88  fE: -3.16851  dfE: 0.00199274  dW: 0.188095  dPhi(Nx/2)(Ny/2)(Nz/2): -0.0122628 Phi A: 0.0832386 Phi B: 0.929359 Phi I: 5.82111e-52
Total charge: -1.03622e-19
etaHat: 124879
89  fE: -3.16586  dfE: 0.00265101  dW: 0.201732  dPhi(Nx/2)(Ny/2)(Nz/2): -0.00852154 Phi A: 0.0828974 Phi B: 0.926025 Phi I: 5.82109e-52
Total charge: -1.032e-19
etaHat: 124879
90  fE: -3.15923  dfE: 0.00662749  dW: 0.20403  dPhi(Nx/2)(Ny/2)(Nz/2): -0.00473825 Phi A: 0.0825598 Phi B: 0.922636 Phi I: 5.82107e-52
Saving data . . .
Total charge: -1.02802e-19
etaHat: 124879
91  fE: -3.14943  dfE: 0.00980757  dW: 0.196081  dPhi(Nx/2)(Ny/2)(Nz/2): -0.00110591 Phi A: 0.0822413 Phi B: 0.919367 Phi I: 5.82104e-52
Total charge: -1.02443e-19
etaHat: 124879
92  fE: -3.1373  dfE: 0.0121251  dW: 0.179371  dPhi(Nx/2)(Ny/2)(Nz/2): 0.00221233 Phi A: 0.0819547 Phi B: 0.916371 Phi I: 5.82103e-52
Total charge: -1.02137e-19
etaHat: 124879
93  fE: -3.12373  dfE: 0.0135695  dW: 0.155657  dPhi(Nx/2)(Ny/2)(Nz/2): 0.00508749 Phi A: 0.0817097 Phi B: 0.913766 Phi I: 5.82101e-52
Total charge: -1.01891e-19
etaHat: 124879
94  fE: -3.10956  dfE: 0.0141767  dW: 0.126852  dPhi(Nx/2)(Ny/2)(Nz/2): 0.00742673 Phi A: 0.081513 Phi B: 0.911641 Phi I: 5.821e-52
Total charge: -1.0171e-19
etaHat: 124879
95  fE: -3.09554  dfE: 0.0140187  dW: 0.0949156  dPhi(Nx/2)(Ny/2)(Nz/2): 0.00917331 Phi A: 0.0813682 Phi B: 0.910047 Phi I: 5.82098e-52
Total charge: -1.01595e-19
etaHat: 124879
96  fE: -3.08234  dfE: 0.013194  dW: 0.0619165  dPhi(Nx/2)(Ny/2)(Nz/2): 0.010305 Phi A: 0.081276 Phi B: 0.909008 Phi I: 5.82098e-52
Total charge: -1.01543e-19
etaHat: 124879
97  fE: -3.07052  dfE: 0.0118186  dW: 0.032824  dPhi(Nx/2)(Ny/2)(Nz/2): 0.0108311 Phi A: 0.0812347 Phi B: 0.908517 Phi I: 5.82097e-52
Total charge: -1.0155e-19
etaHat: 124879
98  fE: -3.06051  dfE: 0.0100187  dW: 0.0210493  dPhi(Nx/2)(Ny/2)(Nz/2): 0.0107886 Phi A: 0.0812402 Phi B: 0.908542 Phi I: 5.82097e-52
Total charge: -1.01609e-19
etaHat: 124879
99  fE: -3.05258  dfE: 0.00792407  dW: 0.0319654  dPhi(Nx/2)(Ny/2)(Nz/2): 0.0102377 Phi A: 0.0812868 Phi B: 0.909027 Phi I: 5.82098e-52
Total charge: -1.01709e-19
etaHat: 124879
100  fE: -3.04692  dfE: 0.00566324  dW: 0.0517464  dPhi(Nx/2)(Ny/2)(Nz/2): 0.00925642 Phi A: 0.0813674 Phi B: 0.909905 Phi I: 5.82098e-52
Saving data . . .
Total charge: -1.01842e-19
etaHat: 124879
101  fE: -3.04356  dfE: 0.00335859  dW: 0.0692578  dPhi(Nx/2)(Ny/2)(Nz/2): 0.00793573 Phi A: 0.0814738 Phi B: 0.911091 Phi I: 5.82099e-52
Total charge: -1.01997e-19
etaHat: 124879
102  fE: -3.04244  dfE: 0.00112268  dW: 0.0816146  dPhi(Nx/2)(Ny/2)(Nz/2): 0.00637373 Phi A: 0.0815977 Phi B: 0.912497 Phi I: 5.821e-52
Total charge: -1.02163e-19
etaHat: 124879
103  fE: -3.04338  dfE: 0.000945248  dW: 0.0885268  dPhi(Nx/2)(Ny/2)(Nz/2): 0.00467059 Phi A: 0.0817306 Phi B: 0.914031 Phi I: 5.82101e-52
Total charge: -1.02331e-19
etaHat: 124879
104  fE: -3.04614  dfE: 0.00276216  dW: 0.0901974  dPhi(Nx/2)(Ny/2)(Nz/2): 0.00292355 Phi A: 0.0818644 Phi B: 0.915607 Phi I: 5.82102e-52
Total charge: -1.0249e-19
etaHat: 124879
105  fE: -3.05041  dfE: 0.00426365  dW: 0.0870825  dPhi(Nx/2)(Ny/2)(Nz/2): 0.00122248 Phi A: 0.0819919 Phi B: 0.91714 Phi I: 5.82103e-52
Total charge: -1.02633e-19
etaHat: 124879
106  fE: -3.05581  dfE: 0.00540566  dW: 0.0798331  dPhi(Nx/2)(Ny/2)(Nz/2): -0.000353854 Phi A: 0.0821068 Phi B: 0.91856 Phi I: 5.82104e-52
Total charge: -1.02755e-19
etaHat: 124879
107  fE: -3.06198  dfE: 0.00616525  dW: 0.0692489  dPhi(Nx/2)(Ny/2)(Nz/2): -0.00174067 Phi A: 0.0822041 Phi B: 0.919807 Phi I: 5.82105e-52
Total charge: -1.0285e-19
etaHat: 124879
108  fE: -3.06852  dfE: 0.00654046  dW: 0.0562696  dPhi(Nx/2)(Ny/2)(Nz/2): -0.00288916 Phi A: 0.0822803 Phi B: 0.920836 Phi I: 5.82105e-52
Total charge: -1.02917e-19
etaHat: 124879
109  fE: -3.07507  dfE: 0.00654898  dW: 0.0422065  dPhi(Nx/2)(Ny/2)(Nz/2): -0.00376741 Phi A: 0.0823332 Phi B: 0.921619 Phi I: 5.82106e-52
Total charge: -1.02953e-19
etaHat: 124879
110  fE: -3.08129  dfE: 0.00622586  dW: 0.0292433  dPhi(Nx/2)(Ny/2)(Nz/2): -0.00436045 Phi A: 0.0823622 Phi B: 0.922141 Phi I: 5.82106e-52
Saving data . . .
Total charge: -1.0296e-19
etaHat: 124879
111  fE: -3.08691  dfE: 0.00562026  dW: 0.0205137  dPhi(Nx/2)(Ny/2)(Nz/2): -0.00466927 Phi A: 0.0823679 Phi B: 0.922403 Phi I: 5.82106e-52
Total charge: -1.0294e-19
etaHat: 124879
112  fE: -3.09171  dfE: 0.00479157  dW: 0.0182078  dPhi(Nx/2)(Ny/2)(Nz/2): -0.00470921 Phi A: 0.082352 Phi B: 0.92242 Phi I: 5.82106e-52
Total charge: -1.02896e-19
etaHat: 124879
113  fE: -3.09551  dfE: 0.00380519  dW: 0.0217418  dPhi(Nx/2)(Ny/2)(Nz/2): -0.00450765 Phi A: 0.0823172 Phi B: 0.922217 Phi I: 5.82106e-52
Total charge: -1.02834e-19
etaHat: 124879
114  fE: -3.09824  dfE: 0.00272823  dW: 0.0283472  dPhi(Nx/2)(Ny/2)(Nz/2): -0.0041013 Phi A: 0.0822669 Phi B: 0.921826 Phi I: 5.82106e-52
Total charge: -1.02756e-19
etaHat: 124879
115  fE: -3.09986  dfE: 0.00162564  dW: 0.0351656  dPhi(Nx/2)(Ny/2)(Nz/2): -0.00353334 Phi A: 0.0822049 Phi B: 0.921288 Phi I: 5.82105e-52
Total charge: -1.02669e-19
etaHat: 124879
116  fE: -3.10042  dfE: 0.000556763  dW: 0.040449  dPhi(Nx/2)(Ny/2)(Nz/2): -0.00285045 Phi A: 0.0821353 Phi B: 0.920645 Phi I: 5.82105e-52
Total charge: -1.02578e-19
etaHat: 124879
117  fE: -3.09999  dfE: 0.000427318  dW: 0.0435078  dPhi(Nx/2)(Ny/2)(Nz/2): -0.00210006 Phi A: 0.0820621 Phi B: 0.919942 Phi I: 5.82105e-52
Total charge: -1.02486e-19
etaHat: 124879
118  fE: -3.09871  dfE: 0.0012856  dW: 0.0442272  dPhi(Nx/2)(Ny/2)(Nz/2): -0.00132784 Phi A: 0.081989 Phi B: 0.919219 Phi I: 5.82104e-52
Total charge: -1.02399e-19
etaHat: 124879
119  fE: -3.09672  dfE: 0.00198817  dW: 0.0427689  dPhi(Nx/2)(Ny/2)(Nz/2): -0.000575575 Phi A: 0.0819194 Phi B: 0.918516 Phi I: 5.82104e-52
Total charge: -1.0232e-19
etaHat: 124879
120  fE: -3.0942  dfE: 0.00251649  dW: 0.0394429  dPhi(Nx/2)(Ny/2)(Nz/2): 0.000120524 Phi A: 0.0818562 Phi B: 0.917865 Phi I: 5.82103e-52
Saving data . . .
Total charge: -1.02252e-19
etaHat: 124879
121  fE: -3.09134  dfE: 0.00286292  dW: 0.0346853  dPhi(Nx/2)(Ny/2)(Nz/2): 0.000730997 Phi A: 0.0818015 Phi B: 0.917295 Phi I: 5.82103e-52
Total charge: -1.02196e-19
etaHat: 124879
122  fE: -3.08831  dfE: 0.00302982  dW: 0.0290924  dPhi(Nx/2)(Ny/2)(Nz/2): 0.00123388 Phi A: 0.0817571 Phi B: 0.916824 Phi I: 5.82103e-52
Total charge: -1.02155e-19
etaHat: 124879
123  fE: -3.08528  dfE: 0.00302823  dW: 0.0234522  dPhi(Nx/2)(Ny/2)(Nz/2): 0.00161498 Phi A: 0.0817237 Phi B: 0.916467 Phi I: 5.82102e-52
Total charge: -1.02127e-19
etaHat: 124879
124  fE: -3.08241  dfE: 0.00287625  dW: 0.0186576  dPhi(Nx/2)(Ny/2)(Nz/2): 0.00186773 Phi A: 0.0817018 Phi B: 0.91623 Phi I: 5.82102e-52
Total charge: -1.02114e-19
etaHat: 124879
125  fE: -3.07981  dfE: 0.00259738  dW: 0.015461  dPhi(Nx/2)(Ny/2)(Nz/2): 0.0019927 Phi A: 0.0816909 Phi B: 0.916111 Phi I: 5.82102e-52
Total charge: -1.02113e-19
etaHat: 124879
126  fE: -3.07759  dfE: 0.00221876  dW: 0.0141792  dPhi(Nx/2)(Ny/2)(Nz/2): 0.0019968 Phi A: 0.0816903 Phi B: 0.916106 Phi I: 5.82102e-52
Total charge: -1.02124e-19
etaHat: 124879
127  fE: -3.07582  dfE: 0.0017695  dW: 0.0145381  dPhi(Nx/2)(Ny/2)(Nz/2): 0.00189231 Phi A: 0.0816988 Phi B: 0.916201 Phi I: 5.82102e-52
Total charge: -1.02144e-19
etaHat: 124879
128  fE: -3.07454  dfE: 0.00127906  dW: 0.0159651  dPhi(Nx/2)(Ny/2)(Nz/2): 0.00169567 Phi A: 0.0817149 Phi B: 0.916384 Phi I: 5.82102e-52
Total charge: -1.02171e-19
etaHat: 124879
129  fE: -3.07377  dfE: 0.000775854  dW: 0.0177955  dPhi(Nx/2)(Ny/2)(Nz/2): 0.00142627 Phi A: 0.0817367 Phi B: 0.916635 Phi I: 5.82102e-52
Total charge: -1.02203e-19
etaHat: 124879
130  fE: -3.07348  dfE: 0.000286003  dW: 0.0194275  dPhi(Nx/2)(Ny/2)(Nz/2): 0.00110518 Phi A: 0.0817625 Phi B: 0.916935 Phi I: 5.82103e-52
Saving data . . .
Total charge: -1.02238e-19
etaHat: 124879
131  fE: -3.07365  dfE: 0.000167658  dW: 0.020459  dPhi(Nx/2)(Ny/2)(Nz/2): 0.000753908 Phi A: 0.0817903 Phi B: 0.917264 Phi I: 5.82103e-52
Total charge: -1.02273e-19
etaHat: 124879
132  fE: -3.07421  dfE: 0.000566362  dW: 0.0207073  dPhi(Nx/2)(Ny/2)(Nz/2): 0.000393329 Phi A: 0.0818185 Phi B: 0.917603 Phi I: 5.82103e-52
Total charge: -1.02307e-19
etaHat: 124879
133  fE: -3.07511  dfE: 0.000895915  dW: 0.0201703  dPhi(Nx/2)(Ny/2)(Nz/2): 4.26664e-05 Phi A: 0.0818455 Phi B: 0.917935 Phi I: 5.82103e-52
Total charge: -1.02337e-19
etaHat: 124879
134  fE: -3.07626  dfE: 0.00114695  dW: 0.0189724  dPhi(Nx/2)(Ny/2)(Nz/2): -0.000281289 Phi A: 0.0818699 Phi B: 0.918243 Phi I: 5.82103e-52
Total charge: -1.02363e-19
etaHat: 124879
135  fE: -3.07757  dfE: 0.00131493  dW: 0.0173318  dPhi(Nx/2)(Ny/2)(Nz/2): -0.000564779 Phi A: 0.0818906 Phi B: 0.918515 Phi I: 5.82104e-52
Total charge: -1.02384e-19
etaHat: 124879
136  fE: -3.07897  dfE: 0.0013999  dW: 0.0155192  dPhi(Nx/2)(Ny/2)(Nz/2): -0.000797469 Phi A: 0.0819069 Phi B: 0.918741 Phi I: 5.82104e-52
Total charge: -1.02398e-19
etaHat: 124879
137  fE: -3.08038  dfE: 0.00140608  dW: 0.0138257  dPhi(Nx/2)(Ny/2)(Nz/2): -0.00097262 Phi A: 0.0819183 Phi B: 0.918914 Phi I: 5.82104e-52
Total charge: -1.02406e-19
etaHat: 124879
138  fE: -3.08172  dfE: 0.00134121  dW: 0.0124908  dPhi(Nx/2)(Ny/2)(Nz/2): -0.00108707 Phi A: 0.0819245 Phi B: 0.919031 Phi I: 5.82104e-52
Total charge: -1.02407e-19
etaHat: 124879
139  fE: -3.08293  dfE: 0.00121583  dW: 0.0116522  dPhi(Nx/2)(Ny/2)(Nz/2): -0.00114101 Phi A: 0.0819258 Phi B: 0.919093 Phi I: 5.82104e-52
Total charge: -1.02403e-19
etaHat: 124879
140  fE: -3.08398  dfE: 0.00104248  dW: 0.0113229  dPhi(Nx/2)(Ny/2)(Nz/2): -0.00113768 Phi A: 0.0819225 Phi B: 0.919102 Phi I: 5.82104e-52
Saving data . . .
Total charge: -1.02394e-19
etaHat: 124879
141  fE: -3.08481  dfE: 0.000834826  dW: 0.0114273  dPhi(Nx/2)(Ny/2)(Nz/2): -0.00108283 Phi A: 0.0819151 Phi B: 0.919064 Phi I: 5.82104e-52
Total charge: -1.0238e-19
etaHat: 124879
142  fE: -3.08542  dfE: 0.000606869  dW: 0.0117981  dPhi(Nx/2)(Ny/2)(Nz/2): -0.000984231 Phi A: 0.0819043 Phi B: 0.918984 Phi I: 5.82104e-52
Total charge: -1.02364e-19
etaHat: 124879
143  fE: -3.08579  dfE: 0.000372184  dW: 0.0122637  dPhi(Nx/2)(Ny/2)(Nz/2): -0.000851026 Phi A: 0.081891 Phi B: 0.918873 Phi I: 5.82104e-52
Total charge: -1.02345e-19
etaHat: 124879
144  fE: -3.08593  dfE: 0.000143271  dW: 0.0126733  dPhi(Nx/2)(Ny/2)(Nz/2): -0.000693163 Phi A: 0.0818759 Phi B: 0.918737 Phi I: 5.82104e-52
Total charge: -1.02325e-19
etaHat: 124879
145  fE: -3.08587  dfE: 6.8977e-05  dW: 0.0129102  dPhi(Nx/2)(Ny/2)(Nz/2): -0.000520795 Phi A: 0.08186 Phi B: 0.918588 Phi I: 5.82104e-52
Total charge: -1.02305e-19
etaHat: 124879
146  fE: -3.08561  dfE: 0.000255651  dW: 0.0129081  dPhi(Nx/2)(Ny/2)(Nz/2): -0.000343752 Phi A: 0.0818441 Phi B: 0.918433 Phi I: 5.82104e-52
Total charge: -1.02286e-19
etaHat: 124879
147  fE: -3.0852  dfE: 0.000410072  dW: 0.0126611  dPhi(Nx/2)(Ny/2)(Nz/2): -0.000171086 Phi A: 0.0818288 Phi B: 0.918282 Phi I: 5.82103e-52
Total charge: -1.02268e-19
etaHat: 124879
148  fE: -3.08467  dfE: 0.000527887  dW: 0.01221  dPhi(Nx/2)(Ny/2)(Nz/2): -1.06939e-05 Phi A: 0.0818148 Phi B: 0.918141 Phi I: 5.82103e-52
Total charge: -1.02253e-19
etaHat: 124879
149  fE: -3.08406  dfE: 0.000607038  dW: 0.0116291  dPhi(Nx/2)(Ny/2)(Nz/2): 0.000130952 Phi A: 0.0818026 Phi B: 0.918017 Phi I: 5.82103e-52
Total charge: -1.02241e-19
etaHat: 124879
150  fE: -3.08342  dfE: 0.000647618  dW: 0.0109986  dPhi(Nx/2)(Ny/2)(Nz/2): 0.000248982 Phi A: 0.0817926 Phi B: 0.917914 Phi I: 5.82103e-52
Saving data . . .
Total charge: -1.02231e-19
etaHat: 124879
151  fE: -3.08277  dfE: 0.000651636  dW: 0.0103966  dPhi(Nx/2)(Ny/2)(Nz/2): 0.000340202 Phi A: 0.0817849 Phi B: 0.917834 Phi I: 5.82103e-52
Total charge: -1.02225e-19
etaHat: 124879
152  fE: -3.08214  dfE: 0.000622712  dW: 0.00989482  dPhi(Nx/2)(Ny/2)(Nz/2): 0.000403081 Phi A: 0.0817798 Phi B: 0.917781 Phi I: 5.82103e-52
Total charge: -1.02221e-19
etaHat: 124879
153  fE: -3.08158  dfE: 0.000565724  dW: 0.00952913  dPhi(Nx/2)(Ny/2)(Nz/2): 0.000437656 Phi A: 0.081777 Phi B: 0.917753 Phi I: 5.82103e-52
Total charge: -1.02221e-19
etaHat: 124879
154  fE: -3.08109  dfE: 0.000486435  dW: 0.00929882  dPhi(Nx/2)(Ny/2)(Nz/2): 0.000445366 Phi A: 0.0817764 Phi B: 0.917749 Phi I: 5.82103e-52
Total charge: -1.02222e-19
etaHat: 124879
155  fE: -3.0807  dfE: 0.000391113  dW: 0.009189  dPhi(Nx/2)(Ny/2)(Nz/2): 0.000428839 Phi A: 0.0817779 Phi B: 0.917768 Phi I: 5.82103e-52
Total charge: -1.02226e-19
etaHat: 124879
156  fE: -3.08041  dfE: 0.00028617  dW: 0.00916032  dPhi(Nx/2)(Ny/2)(Nz/2): 0.000391636 Phi A: 0.081781 Phi B: 0.917806 Phi I: 5.82103e-52
Total charge: -1.02232e-19
etaHat: 124879
157  fE: -3.08024  dfE: 0.000177832  dW: 0.00917045  dPhi(Nx/2)(Ny/2)(Nz/2): 0.000337982 Phi A: 0.0817854 Phi B: 0.917858 Phi I: 5.82103e-52
Total charge: -1.02238e-19
etaHat: 124879
158  fE: -3.08016  dfE: 7.18466e-05  dW: 0.00917844  dPhi(Nx/2)(Ny/2)(Nz/2): 0.000272486 Phi A: 0.0817907 Phi B: 0.917922 Phi I: 5.82103e-52
Total charge: -1.02246e-19
etaHat: 124879
159  fE: -3.08019  dfE: 2.6746e-05  dW: 0.00914946  dPhi(Nx/2)(Ny/2)(Nz/2): 0.000199874 Phi A: 0.0817965 Phi B: 0.917993 Phi I: 5.82103e-52
Total charge: -1.02253e-19
etaHat: 124879
160  fE: -3.0803  dfE: 0.000113794  dW: 0.00906625  dPhi(Nx/2)(Ny/2)(Nz/2): 0.000124742 Phi A: 0.0818024 Phi B: 0.918066 Phi I: 5.82103e-52
Saving data . . .
Total charge: -1.0226e-19
etaHat: 124879
161  fE: -3.08049  dfE: 0.000186149  dW: 0.00892536  dPhi(Nx/2)(Ny/2)(Nz/2): 5.13386e-05 Phi A: 0.0818081 Phi B: 0.918137 Phi I: 5.82103e-52
Total charge: -1.02267e-19
etaHat: 124879
162  fE: -3.08073  dfE: 0.000241716  dW: 0.00873616  dPhi(Nx/2)(Ny/2)(Nz/2): -1.66073e-05 Phi A: 0.0818133 Phi B: 0.918204 Phi I: 5.82103e-52
Total charge: -1.02272e-19
etaHat: 124879
163  fE: -3.08101  dfE: 0.000279455  dW: 0.00851598  dPhi(Nx/2)(Ny/2)(Nz/2): -7.60211e-05 Phi A: 0.0818177 Phi B: 0.918263 Phi I: 5.82103e-52
Total charge: -1.02276e-19
etaHat: 124879
164  fE: -3.08131  dfE: 0.000299322  dW: 0.00828618  dPhi(Nx/2)(Ny/2)(Nz/2): -0.000124568 Phi A: 0.0818212 Phi B: 0.918313 Phi I: 5.82103e-52
Total charge: -1.02279e-19
etaHat: 124879
165  fE: -3.08161  dfE: 0.000302171  dW: 0.00806831  dPhi(Nx/2)(Ny/2)(Nz/2): -0.000160694 Phi A: 0.0818236 Phi B: 0.918351 Phi I: 5.82103e-52
Total charge: -1.02281e-19
etaHat: 124879
166  fE: -3.0819  dfE: 0.00028962  dW: 0.00787971  dPhi(Nx/2)(Ny/2)(Nz/2): -0.000183622 Phi A: 0.0818249 Phi B: 0.918378 Phi I: 5.82103e-52
Total charge: -1.02282e-19
etaHat: 124879
167  fE: -3.08217  dfE: 0.000263891  dW: 0.00772699  dPhi(Nx/2)(Ny/2)(Nz/2): -0.000193313 Phi A: 0.0818252 Phi B: 0.918393 Phi I: 5.82103e-52
Total charge: -1.02281e-19
etaHat: 124879
168  fE: -3.08239  dfE: 0.000227636  dW: 0.00761032  dPhi(Nx/2)(Ny/2)(Nz/2): -0.000190392 Phi A: 0.0818245 Phi B: 0.918396 Phi I: 5.82103e-52
Total charge: -1.02279e-19
etaHat: 124879
169  fE: -3.08258  dfE: 0.000183759  dW: 0.00752398  dPhi(Nx/2)(Ny/2)(Nz/2): -0.000176046 Phi A: 0.0818229 Phi B: 0.918389 Phi I: 5.82103e-52
Total charge: -1.02276e-19
etaHat: 124879
170  fE: -3.08271  dfE: 0.000135247  dW: 0.00745848  dPhi(Nx/2)(Ny/2)(Nz/2): -0.000151911 Phi A: 0.0818206 Phi B: 0.918372 Phi I: 5.82103e-52
Saving data . . .
Total charge: -1.02272e-19
etaHat: 124879
171  fE: -3.0828  dfE: 8.50077e-05  dW: 0.0074026  dPhi(Nx/2)(Ny/2)(Nz/2): -0.000119945 Phi A: 0.0818177 Phi B: 0.918349 Phi I: 5.82103e-52
Total charge: -1.02268e-19
etaHat: 124879
172  fE: -3.08283  dfE: 3.57344e-05  dW: 0.00734535  dPhi(Nx/2)(Ny/2)(Nz/2): -8.2294e-05 Phi A: 0.0818144 Phi B: 0.918321 Phi I: 5.82103e-52
Total charge: -1.02264e-19
etaHat: 124879
173  fE: -3.08282  dfE: 1.02087e-05  dW: 0.00727785  dPhi(Nx/2)(Ny/2)(Nz/2): -4.11707e-05 Phi A: 0.0818109 Phi B: 0.918289 Phi I: 5.82103e-52
Total charge: -1.02259e-19
etaHat: 124879
174  fE: -3.08277  dfE: 5.087e-05  dW: 0.0071958  dPhi(Nx/2)(Ny/2)(Nz/2): 1.26361e-06 Phi A: 0.0818074 Phi B: 0.918256 Phi I: 5.82103e-52
Total charge: -1.02255e-19
etaHat: 124879
175  fE: -3.08269  dfE: 8.47655e-05  dW: 0.00709853  dPhi(Nx/2)(Ny/2)(Nz/2): 4.29995e-05 Phi A: 0.081804 Phi B: 0.918223 Phi I: 5.82103e-52
Total charge: -1.02251e-19
etaHat: 124879
176  fE: -3.08258  dfE: 0.000110904  dW: 0.0069882  dPhi(Nx/2)(Ny/2)(Nz/2): 8.22629e-05 Phi A: 0.0818009 Phi B: 0.918193 Phi I: 5.82103e-52
Total charge: -1.02248e-19
etaHat: 124879
177  fE: -3.08245  dfE: 0.000128787  dW: 0.00686955  dPhi(Nx/2)(Ny/2)(Nz/2): 0.000117577 Phi A: 0.0817982 Phi B: 0.918166 Phi I: 5.82103e-52
Total charge: -1.02245e-19
etaHat: 124879
178  fE: -3.08231  dfE: 0.000138377  dW: 0.00674687  dPhi(Nx/2)(Ny/2)(Nz/2): 0.000147806 Phi A: 0.0817959 Phi B: 0.918143 Phi I: 5.82103e-52
Total charge: -1.02243e-19
etaHat: 124879
179  fE: -3.08217  dfE: 0.000140059  dW: 0.00662605  dPhi(Nx/2)(Ny/2)(Nz/2): 0.00017217 Phi A: 0.0817942 Phi B: 0.918126 Phi I: 5.82103e-52
Total charge: -1.02241e-19
etaHat: 124879
180  fE: -3.08204  dfE: 0.00013457  dW: 0.00651167  dPhi(Nx/2)(Ny/2)(Nz/2): 0.000190253 Phi A: 0.081793 Phi B: 0.918114 Phi I: 5.82103e-52
Saving data . . .
Total charge: -1.0224e-19
etaHat: 124879
181  fE: -3.08191  dfE: 0.000122928  dW: 0.00640795  dPhi(Nx/2)(Ny/2)(Nz/2): 0.000201976 Phi A: 0.0817923 Phi B: 0.918107 Phi I: 5.82103e-52
Total charge: -1.0224e-19
etaHat: 124879
182  fE: -3.08181  dfE: 0.000106355  dW: 0.00631552  dPhi(Nx/2)(Ny/2)(Nz/2): 0.000207575 Phi A: 0.081792 Phi B: 0.918106 Phi I: 5.82103e-52
Total charge: -1.0224e-19
etaHat: 124879
183  fE: -3.08172  dfE: 8.61897e-05  dW: 0.00623202  dPhi(Nx/2)(Ny/2)(Nz/2): 0.000207546 Phi A: 0.0817923 Phi B: 0.91811 Phi I: 5.82103e-52
Total charge: -1.02241e-19
etaHat: 124879
184  fE: -3.08166  dfE: 6.38114e-05  dW: 0.00615552  dPhi(Nx/2)(Ny/2)(Nz/2): 0.000202599 Phi A: 0.0817929 Phi B: 0.918117 Phi I: 5.82103e-52
Total charge: -1.02242e-19
etaHat: 124879
185  fE: -3.08162  dfE: 4.05673e-05  dW: 0.00608381  dPhi(Nx/2)(Ny/2)(Nz/2): 0.0001936 Phi A: 0.0817937 Phi B: 0.918128 Phi I: 5.82103e-52
Total charge: -1.02244e-19
etaHat: 124879
186  fE: -3.0816  dfE: 1.77079e-05  dW: 0.00601396  dPhi(Nx/2)(Ny/2)(Nz/2): 0.000181505 Phi A: 0.0817948 Phi B: 0.918142 Phi I: 5.82103e-52
Total charge: -1.02245e-19
etaHat: 124879
187  fE: -3.0816  dfE: 3.66518e-06  dW: 0.00594344  dPhi(Nx/2)(Ny/2)(Nz/2): 0.000167312 Phi A: 0.081796 Phi B: 0.918157 Phi I: 5.82103e-52
Total charge: -1.02247e-19
etaHat: 124879
188  fE: -3.08162  dfE: 2.26387e-05  dW: 0.00587074  dPhi(Nx/2)(Ny/2)(Nz/2): 0.000152 Phi A: 0.0817972 Phi B: 0.918173 Phi I: 5.82103e-52
Total charge: -1.02248e-19
etaHat: 124879
189  fE: -3.08166  dfE: 3.85138e-05  dW: 0.00579522  dPhi(Nx/2)(Ny/2)(Nz/2): 0.000136484 Phi A: 0.0817984 Phi B: 0.918188 Phi I: 5.82103e-52
Total charge: -1.02249e-19
etaHat: 124879
190  fE: -3.08171  dfE: 5.08185e-05  dW: 0.00571741  dPhi(Nx/2)(Ny/2)(Nz/2): 0.000121578 Phi A: 0.0817995 Phi B: 0.918203 Phi I: 5.82103e-52
Saving data . . .
Total charge: -1.02251e-19
etaHat: 124879
191  fE: -3.08177  dfE: 5.93084e-05  dW: 0.00563865  dPhi(Nx/2)(Ny/2)(Nz/2): 0.000107967 Phi A: 0.0818004 Phi B: 0.918216 Phi I: 5.82103e-52
Total charge: -1.02251e-19
etaHat: 124879
192  fE: -3.08184  dfE: 6.39546e-05  dW: 0.00556023  dPhi(Nx/2)(Ny/2)(Nz/2): 9.61802e-05 Phi A: 0.0818012 Phi B: 0.918227 Phi I: 5.82103e-52
Total charge: -1.02252e-19
etaHat: 124879
193  fE: -3.0819  dfE: 6.49235e-05  dW: 0.00548381  dPhi(Nx/2)(Ny/2)(Nz/2): 8.65897e-05 Phi A: 0.0818017 Phi B: 0.918235 Phi I: 5.82103e-52
Total charge: -1.02252e-19
etaHat: 124879
194  fE: -3.08196  dfE: 6.25479e-05  dW: 0.00541053  dPhi(Nx/2)(Ny/2)(Nz/2): 7.9404e-05 Phi A: 0.081802 Phi B: 0.918241 Phi I: 5.82103e-52
Total charge: -1.02253e-19
etaHat: 124879
195  fE: -3.08202  dfE: 5.72935e-05  dW: 0.00534085  dPhi(Nx/2)(Ny/2)(Nz/2): 7.46779e-05 Phi A: 0.081802 Phi B: 0.918244 Phi I: 5.82103e-52
Total charge: -1.02252e-19
etaHat: 124879
196  fE: -3.08207  dfE: 4.97213e-05  dW: 0.00527504  dPhi(Nx/2)(Ny/2)(Nz/2): 7.23262e-05 Phi A: 0.0818019 Phi B: 0.918245 Phi I: 5.82103e-52
Total charge: -1.02252e-19
etaHat: 124879
197  fE: -3.08211  dfE: 4.04503e-05  dW: 0.00521261  dPhi(Nx/2)(Ny/2)(Nz/2): 7.21444e-05 Phi A: 0.0818015 Phi B: 0.918244 Phi I: 5.82103e-52
Total charge: -1.02251e-19
etaHat: 124879
198  fE: -3.08214  dfE: 3.01201e-05  dW: 0.00515255  dPhi(Nx/2)(Ny/2)(Nz/2): 7.3832e-05 Phi A: 0.081801 Phi B: 0.918241 Phi I: 5.82103e-52
Total charge: -1.0225e-19
etaHat: 124879
199  fE: -3.08216  dfE: 1.93568e-05  dW: 0.00509382  dPhi(Nx/2)(Ny/2)(Nz/2): 7.70197e-05 Phi A: 0.0818004 Phi B: 0.918236 Phi I: 5.82103e-52
Total charge: -1.0225e-19
etaHat: 124879
200  fE: -3.08217  dfE: 8.74341e-06  dW: 0.00503562  dPhi(Nx/2)(Ny/2)(Nz/2): 8.12956e-05 Phi A: 0.0817997 Phi B: 0.91823 Phi I: 5.82103e-52
Saving data . . .
Total charge: -1.02249e-19
etaHat: 124879
201  fE: -3.08217  dfE: 1.20531e-06  dW: 0.00497736  dPhi(Nx/2)(Ny/2)(Nz/2): 8.62321e-05 Phi A: 0.0817989 Phi B: 0.918223 Phi I: 5.82103e-52
Total charge: -1.02248e-19
etaHat: 124879
202  fE: -3.08216  dfE: 1.00611e-05  dW: 0.00491871  dPhi(Nx/2)(Ny/2)(Nz/2): 9.14101e-05 Phi A: 0.0817981 Phi B: 0.918216 Phi I: 5.82103e-52
Total charge: -1.02247e-19
etaHat: 124879
203  fE: -3.08214  dfE: 1.7495e-05  dW: 0.00485958  dPhi(Nx/2)(Ny/2)(Nz/2): 9.64407e-05 Phi A: 0.0817974 Phi B: 0.918209 Phi I: 5.82103e-52
Total charge: -1.02246e-19
etaHat: 124879
204  fE: -3.08212  dfE: 2.3283e-05  dW: 0.00479994  dPhi(Nx/2)(Ny/2)(Nz/2): 0.000100982 Phi A: 0.0817967 Phi B: 0.918203 Phi I: 5.82103e-52
Total charge: -1.02245e-19
etaHat: 124879
205  fE: -3.08209  dfE: 2.73067e-05  dW: 0.00474004  dPhi(Nx/2)(Ny/2)(Nz/2): 0.000104754 Phi A: 0.0817961 Phi B: 0.918197 Phi I: 5.82103e-52
Total charge: -1.02244e-19
etaHat: 124879
206  fE: -3.08206  dfE: 2.95484e-05  dW: 0.00468037  dPhi(Nx/2)(Ny/2)(Nz/2): 0.000107545 Phi A: 0.0817956 Phi B: 0.918192 Phi I: 5.82103e-52
Total charge: -1.02244e-19
etaHat: 124879
207  fE: -3.08203  dfE: 3.00809e-05  dW: 0.00462138  dPhi(Nx/2)(Ny/2)(Nz/2): 0.000109219 Phi A: 0.0817952 Phi B: 0.918188 Phi I: 5.82103e-52
Total charge: -1.02244e-19
etaHat: 124879
208  fE: -3.082  dfE: 2.90551e-05  dW: 0.00456357  dPhi(Nx/2)(Ny/2)(Nz/2): 0.000109712 Phi A: 0.0817949 Phi B: 0.918185 Phi I: 5.82103e-52
Total charge: -1.02243e-19
etaHat: 124879
209  fE: -3.08198  dfE: 2.66839e-05  dW: 0.00450713  dPhi(Nx/2)(Ny/2)(Nz/2): 0.000109032 Phi A: 0.0817947 Phi B: 0.918184 Phi I: 5.82103e-52
Total charge: -1.02243e-19
etaHat: 124879
210  fE: -3.08195  dfE: 2.32254e-05  dW: 0.00445231  dPhi(Nx/2)(Ny/2)(Nz/2): 0.00010725 Phi A: 0.0817946 Phi B: 0.918184 Phi I: 5.82103e-52
Saving data . . .
Total charge: -1.02243e-19
etaHat: 124879
211  fE: -3.08193  dfE: 1.89653e-05  dW: 0.0043991  dPhi(Nx/2)(Ny/2)(Nz/2): 0.000104492 Phi A: 0.0817946 Phi B: 0.918184 Phi I: 5.82103e-52
Total charge: -1.02243e-19
etaHat: 124879
212  fE: -3.08192  dfE: 1.41994e-05  dW: 0.00434737  dPhi(Nx/2)(Ny/2)(Nz/2): 0.000100923 Phi A: 0.0817948 Phi B: 0.918186 Phi I: 5.82103e-52
Total charge: -1.02244e-19
etaHat: 124879
213  fE: -3.08191  dfE: 9.21847e-06  dW: 0.00429666  dPhi(Nx/2)(Ny/2)(Nz/2): 9.67428e-05 Phi A: 0.0817949 Phi B: 0.918188 Phi I: 5.82103e-52
Total charge: -1.02244e-19
etaHat: 124879
214  fE: -3.08191  dfE: 4.29354e-06  dW: 0.00424683  dPhi(Nx/2)(Ny/2)(Nz/2): 9.21648e-05 Phi A: 0.0817951 Phi B: 0.918191 Phi I: 5.82103e-52
Total charge: -1.02244e-19
etaHat: 124879
215  fE: -3.08191  dfE: 3.35121e-07  dW: 0.00419788  dPhi(Nx/2)(Ny/2)(Nz/2): 8.74092e-05 Phi A: 0.0817954 Phi B: 0.918194 Phi I: 5.82103e-52
Total charge: -1.02245e-19
etaHat: 124879
216  fE: -3.08191  dfE: 4.46702e-06  dW: 0.00414949  dPhi(Nx/2)(Ny/2)(Nz/2): 8.2689e-05 Phi A: 0.0817956 Phi B: 0.918198 Phi I: 5.82103e-52
Total charge: -1.02245e-19
etaHat: 124879
217  fE: -3.08192  dfE: 7.94725e-06  dW: 0.00410168  dPhi(Nx/2)(Ny/2)(Nz/2): 7.8201e-05 Phi A: 0.0817959 Phi B: 0.918201 Phi I: 5.82103e-52
Total charge: -1.02245e-19
etaHat: 124879
218  fE: -3.08193  dfE: 1.06695e-05  dW: 0.00405449  dPhi(Nx/2)(Ny/2)(Nz/2): 7.4117e-05 Phi A: 0.0817961 Phi B: 0.918204 Phi I: 5.82103e-52
Total charge: -1.02245e-19
etaHat: 124879
219  fE: -3.08194  dfE: 1.25765e-05  dW: 0.00400798  dPhi(Nx/2)(Ny/2)(Nz/2): 7.05777e-05 Phi A: 0.0817963 Phi B: 0.918207 Phi I: 5.82103e-52
Total charge: -1.02246e-19
etaHat: 124879
220  fE: -3.08195  dfE: 1.36575e-05  dW: 0.00396227  dPhi(Nx/2)(Ny/2)(Nz/2): 6.76884e-05 Phi A: 0.0817965 Phi B: 0.918209 Phi I: 5.82103e-52
Saving data . . .
Total charge: -1.02246e-19
etaHat: 124879
221  fE: -3.08197  dfE: 1.3944e-05  dW: 0.00391752  dPhi(Nx/2)(Ny/2)(Nz/2): 6.55173e-05 Phi A: 0.0817966 Phi B: 0.918211 Phi I: 5.82103e-52
Total charge: -1.02246e-19
etaHat: 124879
222  fE: -3.08198  dfE: 1.35044e-05  dW: 0.00387369  dPhi(Nx/2)(Ny/2)(Nz/2): 6.40955e-05 Phi A: 0.0817966 Phi B: 0.918213 Phi I: 5.82103e-52
Total charge: -1.02246e-19
etaHat: 124879
223  fE: -3.08199  dfE: 1.24358e-05  dW: 0.00383072  dPhi(Nx/2)(Ny/2)(Nz/2): 6.34182e-05 Phi A: 0.0817966 Phi B: 0.918213 Phi I: 5.82103e-52
Total charge: -1.02246e-19
etaHat: 124879
224  fE: -3.08201  dfE: 1.08569e-05  dW: 0.00378849  dPhi(Nx/2)(Ny/2)(Nz/2): 6.3449e-05 Phi A: 0.0817966 Phi B: 0.918214 Phi I: 5.82103e-52
Total charge: -1.02246e-19
etaHat: 124879
225  fE: -3.08201  dfE: 8.89948e-06  dW: 0.00374702  dPhi(Nx/2)(Ny/2)(Nz/2): 6.41236e-05 Phi A: 0.0817965 Phi B: 0.918213 Phi I: 5.82103e-52
Total charge: -1.02246e-19
etaHat: 124879
226  fE: -3.08202  dfE: 6.7007e-06  dW: 0.00370629  dPhi(Nx/2)(Ny/2)(Nz/2): 6.5356e-05 Phi A: 0.0817964 Phi B: 0.918213 Phi I: 5.82103e-52
Total charge: -1.02245e-19
etaHat: 124879
227  fE: -3.08203  dfE: 4.39544e-06  dW: 0.0036662  dPhi(Nx/2)(Ny/2)(Nz/2): 6.70439e-05 Phi A: 0.0817963 Phi B: 0.918212 Phi I: 5.82103e-52
Total charge: -1.02245e-19
etaHat: 124879
228  fE: -3.08203  dfE: 2.10993e-06  dW: 0.00362667  dPhi(Nx/2)(Ny/2)(Nz/2): 6.90752e-05 Phi A: 0.0817961 Phi B: 0.91821 Phi I: 5.82103e-52
Total charge: -1.02245e-19
etaHat: 124879
229  fE: -3.08203  dfE: 4.36788e-08  dW: 0.00358763  dPhi(Nx/2)(Ny/2)(Nz/2): 7.13339e-05 Phi A: 0.0817959 Phi B: 0.918209 Phi I: 5.82103e-52
Total charge: -1.02245e-19
etaHat: 124879
230  fE: -3.08203  dfE: 1.97148e-06  dW: 0.00354901  dPhi(Nx/2)(Ny/2)(Nz/2): 7.37057e-05 Phi A: 0.0817958 Phi B: 0.918207 Phi I: 5.82103e-52
Saving data . . .
Total charge: -1.02245e-19
etaHat: 124879
231  fE: -3.08202  dfE: 3.60057e-06  dW: 0.0035108  dPhi(Nx/2)(Ny/2)(Nz/2): 7.60833e-05 Phi A: 0.0817956 Phi B: 0.918206 Phi I: 5.82103e-52
Total charge: -1.02244e-19
etaHat: 124879
232  fE: -3.08202  dfE: 4.88056e-06  dW: 0.003473  dPhi(Nx/2)(Ny/2)(Nz/2): 7.83698e-05 Phi A: 0.0817954 Phi B: 0.918205 Phi I: 5.82103e-52
Total charge: -1.02244e-19
etaHat: 124879
233  fE: -3.08201  dfE: 5.78372e-06  dW: 0.00343562  dPhi(Nx/2)(Ny/2)(Nz/2): 8.04826e-05 Phi A: 0.0817953 Phi B: 0.918203 Phi I: 5.82103e-52
Total charge: -1.02244e-19
etaHat: 124879
234  fE: -3.08201  dfE: 6.30403e-06  dW: 0.00339868  dPhi(Nx/2)(Ny/2)(Nz/2): 8.23552e-05 Phi A: 0.0817952 Phi B: 0.918202 Phi I: 5.82103e-52
Total charge: -1.02244e-19
etaHat: 124879
235  fE: -3.082  dfE: 6.45522e-06  dW: 0.00336222  dPhi(Nx/2)(Ny/2)(Nz/2): 8.39386e-05 Phi A: 0.0817951 Phi B: 0.918201 Phi I: 5.82103e-52
Total charge: -1.02244e-19
etaHat: 124879
236  fE: -3.08199  dfE: 6.26805e-06  dW: 0.00332625  dPhi(Nx/2)(Ny/2)(Nz/2): 8.52015e-05 Phi A: 0.081795 Phi B: 0.918201 Phi I: 5.82103e-52
Total charge: -1.02244e-19
etaHat: 124879
237  fE: -3.08199  dfE: 5.78697e-06  dW: 0.00329084  dPhi(Nx/2)(Ny/2)(Nz/2): 8.61296e-05 Phi A: 0.081795 Phi B: 0.9182 Phi I: 5.82103e-52
Total charge: -1.02244e-19
etaHat: 124879
238  fE: -3.08198  dfE: 5.06652e-06  dW: 0.003256  dPhi(Nx/2)(Ny/2)(Nz/2): 8.67242e-05 Phi A: 0.081795 Phi B: 0.9182 Phi I: 5.82103e-52
Total charge: -1.02244e-19
etaHat: 124879
239  fE: -3.08198  dfE: 4.16754e-06  dW: 0.00322172  dPhi(Nx/2)(Ny/2)(Nz/2): 8.70005e-05 Phi A: 0.081795 Phi B: 0.9182 Phi I: 5.82103e-52
Total charge: -1.02244e-19
etaHat: 124879
240  fE: -3.08197  dfE: 3.15346e-06  dW: 0.003188  dPhi(Nx/2)(Ny/2)(Nz/2): 8.6985e-05 Phi A: 0.081795 Phi B: 0.918201 Phi I: 5.82103e-52
Saving data . . .
Total charge: -1.02244e-19
etaHat: 124879
241  fE: -3.08197  dfE: 2.0869e-06  dW: 0.00315478  dPhi(Nx/2)(Ny/2)(Nz/2): 8.67129e-05 Phi A: 0.081795 Phi B: 0.918201 Phi I: 5.82103e-52
Total charge: -1.02244e-19
etaHat: 124879
242  fE: -3.08197  dfE: 1.02659e-06  dW: 0.00312207  dPhi(Nx/2)(Ny/2)(Nz/2): 8.62251e-05 Phi A: 0.0817951 Phi B: 0.918202 Phi I: 5.82103e-52
Total charge: -1.02244e-19
etaHat: 124879
243  fE: -3.08197  dfE: 2.48589e-08  dW: 0.00308984  dPhi(Nx/2)(Ny/2)(Nz/2): 8.55661e-05 Phi A: 0.0817951 Phi B: 0.918203 Phi I: 5.82103e-52
Total charge: -1.02244e-19
etaHat: 124879
244  fE: -3.08197  dfE: 8.74319e-07  dW: 0.00305808  dPhi(Nx/2)(Ny/2)(Nz/2): 8.47805e-05 Phi A: 0.0817952 Phi B: 0.918203 Phi I: 5.82103e-52
Total charge: -1.02244e-19
etaHat: 124879
245  fE: -3.08197  dfE: 1.63666e-06  dW: 0.00302678  dPhi(Nx/2)(Ny/2)(Nz/2): 8.39115e-05 Phi A: 0.0817952 Phi B: 0.918204 Phi I: 5.82103e-52
Total charge: -1.02244e-19
etaHat: 124879
246  fE: -3.08198  dfE: 2.23826e-06  dW: 0.00299594  dPhi(Nx/2)(Ny/2)(Nz/2): 8.29986e-05 Phi A: 0.0817953 Phi B: 0.918205 Phi I: 5.82103e-52
Total charge: -1.02244e-19
etaHat: 124879
247  fE: -3.08198  dfE: 2.66575e-06  dW: 0.00296553  dPhi(Nx/2)(Ny/2)(Nz/2): 8.20761e-05 Phi A: 0.0817953 Phi B: 0.918205 Phi I: 5.82103e-52
Total charge: -1.02244e-19
etaHat: 124879
248  fE: -3.08198  dfE: 2.91583e-06  dW: 0.00293554  dPhi(Nx/2)(Ny/2)(Nz/2): 8.11721e-05 Phi A: 0.0817953 Phi B: 0.918206 Phi I: 5.82103e-52
Total charge: -1.02244e-19
etaHat: 124879
249  fE: -3.08198  dfE: 2.9944e-06  dW: 0.00290596  dPhi(Nx/2)(Ny/2)(Nz/2): 8.03079e-05 Phi A: 0.0817954 Phi B: 0.918206 Phi I: 5.82103e-52
Total charge: -1.02244e-19
etaHat: 124879
250  fE: -3.08199  dfE: 2.91534e-06  dW: 0.00287677  dPhi(Nx/2)(Ny/2)(Nz/2): 7.94976e-05 Phi A: 0.0817954 Phi B: 0.918207 Phi I: 5.82103e-52
Saving data . . .
Total charge: -1.02244e-19
etaHat: 124879
251  fE: -3.08199  dfE: 2.69895e-06  dW: 0.002848  dPhi(Nx/2)(Ny/2)(Nz/2): 7.87485e-05 Phi A: 0.0817954 Phi B: 0.918207 Phi I: 5.82103e-52
Total charge: -1.02244e-19
etaHat: 124879
252  fE: -3.08199  dfE: 2.37029e-06  dW: 0.00281962  dPhi(Nx/2)(Ny/2)(Nz/2): 7.80617e-05 Phi A: 0.0817954 Phi B: 0.918207 Phi I: 5.82103e-52
Total charge: -1.02244e-19
etaHat: 124879
253  fE: -3.08199  dfE: 1.95742e-06  dW: 0.0027916  dPhi(Nx/2)(Ny/2)(Nz/2): 7.74326e-05 Phi A: 0.0817953 Phi B: 0.918207 Phi I: 5.82103e-52
Total charge: -1.02244e-19
etaHat: 124879
254  fE: -3.082  dfE: 1.48971e-06  dW: 0.00276393  dPhi(Nx/2)(Ny/2)(Nz/2): 7.68523e-05 Phi A: 0.0817953 Phi B: 0.918207 Phi I: 5.82103e-52
Total charge: -1.02244e-19
etaHat: 124879
255  fE: -3.082  dfE: 9.96224e-07  dW: 0.00273661  dPhi(Nx/2)(Ny/2)(Nz/2): 7.63083e-05 Phi A: 0.0817953 Phi B: 0.918206 Phi I: 5.82103e-52
Total charge: -1.02244e-19
etaHat: 124879
256  fE: -3.082  dfE: 5.04281e-07  dW: 0.00270962  dPhi(Nx/2)(Ny/2)(Nz/2): 7.57861e-05 Phi A: 0.0817952 Phi B: 0.918206 Phi I: 5.82103e-52
Total charge: -1.02244e-19
etaHat: 124879
257  fE: -3.082  dfE: 3.83021e-08  dW: 0.00268296  dPhi(Nx/2)(Ny/2)(Nz/2): 7.52703e-05 Phi A: 0.0817952 Phi B: 0.918206 Phi I: 5.82103e-52
Total charge: -1.02244e-19
etaHat: 124879
258  fE: -3.082  dfE: 3.81126e-07  dW: 0.00265661  dPhi(Nx/2)(Ny/2)(Nz/2): 7.47453e-05 Phi A: 0.0817952 Phi B: 0.918206 Phi I: 5.82103e-52
Total charge: -1.02244e-19
etaHat: 124879
259  fE: -3.082  dfE: 7.37879e-07  dW: 0.0026306  dPhi(Nx/2)(Ny/2)(Nz/2): 7.41968e-05 Phi A: 0.0817951 Phi B: 0.918205 Phi I: 5.82103e-52
Total charge: -1.02244e-19
etaHat: 124879
260  fE: -3.082  dfE: 1.02064e-06  dW: 0.00260491  dPhi(Nx/2)(Ny/2)(Nz/2): 7.36124e-05 Phi A: 0.0817951 Phi B: 0.918205 Phi I: 5.82103e-52
Saving data . . .
Total charge: -1.02244e-19
etaHat: 124879
261  fE: -3.08199  dfE: 1.22295e-06  dW: 0.00257953  dPhi(Nx/2)(Ny/2)(Nz/2): 7.29822e-05 Phi A: 0.0817951 Phi B: 0.918205 Phi I: 5.82103e-52
Total charge: -1.02244e-19
etaHat: 124879
262  fE: -3.08199  dfE: 1.34306e-06  dW: 0.00255448  dPhi(Nx/2)(Ny/2)(Nz/2): 7.22992e-05 Phi A: 0.081795 Phi B: 0.918204 Phi I: 5.82103e-52
Total charge: -1.02244e-19
etaHat: 124879
263  fE: -3.08199  dfE: 1.3835e-06  dW: 0.00252977  dPhi(Nx/2)(Ny/2)(Nz/2): 7.15597e-05 Phi A: 0.081795 Phi B: 0.918204 Phi I: 5.82103e-52
Total charge: -1.02244e-19
etaHat: 124879
264  fE: -3.08199  dfE: 1.35051e-06  dW: 0.00250539  dPhi(Nx/2)(Ny/2)(Nz/2): 7.07631e-05 Phi A: 0.081795 Phi B: 0.918204 Phi I: 5.82103e-52
Total charge: -1.02244e-19
etaHat: 124879
265  fE: -3.08199  dfE: 1.25337e-06  dW: 0.00248132  dPhi(Nx/2)(Ny/2)(Nz/2): 6.99119e-05 Phi A: 0.081795 Phi B: 0.918204 Phi I: 5.82103e-52
Total charge: -1.02244e-19
etaHat: 124879
266  fE: -3.08199  dfE: 1.10358e-06  dW: 0.00245756  dPhi(Nx/2)(Ny/2)(Nz/2): 6.90116e-05 Phi A: 0.081795 Phi B: 0.918204 Phi I: 5.82103e-52
Total charge: -1.02244e-19
etaHat: 124879
267  fE: -3.08199  dfE: 9.14091e-07  dW: 0.00243408  dPhi(Nx/2)(Ny/2)(Nz/2): 6.80696e-05 Phi A: 0.081795 Phi B: 0.918204 Phi I: 5.82103e-52
Total charge: -1.02244e-19
etaHat: 124879
268  fE: -3.08199  dfE: 6.98496e-07  dW: 0.00241087  dPhi(Nx/2)(Ny/2)(Nz/2): 6.70955e-05 Phi A: 0.081795 Phi B: 0.918204 Phi I: 5.82103e-52
Total charge: -1.02244e-19
etaHat: 124879
269  fE: -3.08199  dfE: 4.70273e-07  dW: 0.00238795  dPhi(Nx/2)(Ny/2)(Nz/2): 6.61e-05 Phi A: 0.081795 Phi B: 0.918204 Phi I: 5.82103e-52
Total charge: -1.02244e-19
etaHat: 124879
270  fE: -3.08199  dfE: 2.42138e-07  dW: 0.0023653  dPhi(Nx/2)(Ny/2)(Nz/2): 6.50948e-05 Phi A: 0.081795 Phi B: 0.918204 Phi I: 5.82103e-52
Saving data . . .
Total charge: -1.02244e-19
etaHat: 124879
271  fE: -3.08199  dfE: 2.54816e-08  dW: 0.00234296  dPhi(Nx/2)(Ny/2)(Nz/2): 6.40912e-05 Phi A: 0.081795 Phi B: 0.918204 Phi I: 5.82103e-52
Total charge: -1.02244e-19
etaHat: 124879
272  fE: -3.08199  dfE: 1.70061e-07  dW: 0.0023209  dPhi(Nx/2)(Ny/2)(Nz/2): 6.31007e-05 Phi A: 0.081795 Phi B: 0.918205 Phi I: 5.82103e-52
Total charge: -1.02244e-19
etaHat: 124879
273  fE: -3.08199  dfE: 3.3691e-07  dW: 0.00229909  dPhi(Nx/2)(Ny/2)(Nz/2): 6.21335e-05 Phi A: 0.081795 Phi B: 0.918205 Phi I: 5.82103e-52
Total charge: -1.02244e-19
etaHat: 124879
274  fE: -3.08199  dfE: 4.69703e-07  dW: 0.00227754  dPhi(Nx/2)(Ny/2)(Nz/2): 6.11989e-05 Phi A: 0.081795 Phi B: 0.918205 Phi I: 5.82103e-52
Total charge: -1.02244e-19
etaHat: 124879
275  fE: -3.08199  dfE: 5.65339e-07  dW: 0.00225625  dPhi(Nx/2)(Ny/2)(Nz/2): 6.03042e-05 Phi A: 0.081795 Phi B: 0.918205 Phi I: 5.82103e-52
Total charge: -1.02244e-19
etaHat: 124879
276  fE: -3.08199  dfE: 6.22893e-07  dW: 0.00223522  dPhi(Nx/2)(Ny/2)(Nz/2): 5.94554e-05 Phi A: 0.0817951 Phi B: 0.918205 Phi I: 5.82103e-52
Total charge: -1.02244e-19
etaHat: 124879
277  fE: -3.08199  dfE: 6.43439e-07  dW: 0.00221444  dPhi(Nx/2)(Ny/2)(Nz/2): 5.86564e-05 Phi A: 0.0817951 Phi B: 0.918205 Phi I: 5.82103e-52
Total charge: -1.02244e-19
etaHat: 124879
278  fE: -3.08199  dfE: 6.29789e-07  dW: 0.0021939  dPhi(Nx/2)(Ny/2)(Nz/2): 5.79095e-05 Phi A: 0.0817951 Phi B: 0.918205 Phi I: 5.82103e-52
Total charge: -1.02244e-19
etaHat: 124879
279  fE: -3.08199  dfE: 5.86172e-07  dW: 0.0021736  dPhi(Nx/2)(Ny/2)(Nz/2): 5.72148e-05 Phi A: 0.0817951 Phi B: 0.918205 Phi I: 5.82103e-52
Total charge: -1.02244e-19
etaHat: 124879
280  fE: -3.08199  dfE: 5.17875e-07  dW: 0.00215354  dPhi(Nx/2)(Ny/2)(Nz/2): 5.65712e-05 Phi A: 0.0817951 Phi B: 0.918205 Phi I: 5.82103e-52
Saving data . . .
Total charge: -1.02244e-19
etaHat: 124879
281  fE: -3.08199  dfE: 4.30871e-07  dW: 0.00213372  dPhi(Nx/2)(Ny/2)(Nz/2): 5.5976e-05 Phi A: 0.0817951 Phi B: 0.918205 Phi I: 5.82103e-52
Total charge: -1.02244e-19
etaHat: 124879
282  fE: -3.08199  dfE: 3.31445e-07  dW: 0.00211417  dPhi(Nx/2)(Ny/2)(Nz/2): 5.54253e-05 Phi A: 0.081795 Phi B: 0.918205 Phi I: 5.82103e-52
Total charge: -1.02244e-19
etaHat: 124879
283  fE: -3.08199  dfE: 2.25854e-07  dW: 0.00209486  dPhi(Nx/2)(Ny/2)(Nz/2): 5.49145e-05 Phi A: 0.081795 Phi B: 0.918205 Phi I: 5.82103e-52
Total charge: -1.02244e-19
etaHat: 124879
284  fE: -3.08199  dfE: 1.2001e-07  dW: 0.00207577  dPhi(Nx/2)(Ny/2)(Nz/2): 5.44382e-05 Phi A: 0.081795 Phi B: 0.918205 Phi I: 5.82103e-52
Total charge: -1.02244e-19
etaHat: 124879
285  fE: -3.08199  dfE: 1.9229e-08  dW: 0.00205691  dPhi(Nx/2)(Ny/2)(Nz/2): 5.3991e-05 Phi A: 0.081795 Phi B: 0.918205 Phi I: 5.82103e-52
Total charge: -1.02244e-19
etaHat: 124879
286  fE: -3.08199  dfE: 7.19818e-08  dW: 0.00203826  dPhi(Nx/2)(Ny/2)(Nz/2): 5.35672e-05 Phi A: 0.081795 Phi B: 0.918205 Phi I: 5.82103e-52
Total charge: -1.02244e-19
etaHat: 124879
287  fE: -3.08199  dfE: 1.50059e-07  dW: 0.00201983  dPhi(Nx/2)(Ny/2)(Nz/2): 5.31614e-05 Phi A: 0.081795 Phi B: 0.918205 Phi I: 5.82103e-52
Total charge: -1.02244e-19
etaHat: 124879
288  fE: -3.08199  dfE: 2.12465e-07  dW: 0.00200162  dPhi(Nx/2)(Ny/2)(Nz/2): 5.27687e-05 Phi A: 0.081795 Phi B: 0.918205 Phi I: 5.82103e-52
Total charge: -1.02244e-19
etaHat: 124879
289  fE: -3.08199  dfE: 2.5771e-07  dW: 0.00198362  dPhi(Nx/2)(Ny/2)(Nz/2): 5.23847e-05 Phi A: 0.081795 Phi B: 0.918205 Phi I: 5.82103e-52
Total charge: -1.02244e-19
etaHat: 124879
290  fE: -3.08199  dfE: 2.85314e-07  dW: 0.00196584  dPhi(Nx/2)(Ny/2)(Nz/2): 5.20058e-05 Phi A: 0.081795 Phi B: 0.918205 Phi I: 5.82103e-52
Saving data . . .
Total charge: -1.02244e-19
etaHat: 124879
291  fE: -3.08199  dfE: 2.95729e-07  dW: 0.00194827  dPhi(Nx/2)(Ny/2)(Nz/2): 5.16291e-05 Phi A: 0.081795 Phi B: 0.918205 Phi I: 5.82103e-52
Total charge: -1.02244e-19
etaHat: 124879
292  fE: -3.08199  dfE: 2.90221e-07  dW: 0.0019309  dPhi(Nx/2)(Ny/2)(Nz/2): 5.12525e-05 Phi A: 0.081795 Phi B: 0.918205 Phi I: 5.82103e-52
Total charge: -1.02244e-19
etaHat: 124879
293  fE: -3.08199  dfE: 2.70716e-07  dW: 0.00191374  dPhi(Nx/2)(Ny/2)(Nz/2): 5.08747e-05 Phi A: 0.081795 Phi B: 0.918205 Phi I: 5.82103e-52
Total charge: -1.02244e-19
etaHat: 124879
294  fE: -3.08199  dfE: 2.39644e-07  dW: 0.00189678  dPhi(Nx/2)(Ny/2)(Nz/2): 5.04951e-05 Phi A: 0.081795 Phi B: 0.918205 Phi I: 5.82103e-52
Total charge: -1.02244e-19
etaHat: 124879
295  fE: -3.08199  dfE: 1.99758e-07  dW: 0.00188002  dPhi(Nx/2)(Ny/2)(Nz/2): 5.01138e-05 Phi A: 0.081795 Phi B: 0.918205 Phi I: 5.82103e-52
Total charge: -1.02244e-19
etaHat: 124879
296  fE: -3.08199  dfE: 1.53966e-07  dW: 0.00186346  dPhi(Nx/2)(Ny/2)(Nz/2): 4.97313e-05 Phi A: 0.081795 Phi B: 0.918205 Phi I: 5.82103e-52
Total charge: -1.02244e-19
etaHat: 124879
297  fE: -3.08199  dfE: 1.0517e-07  dW: 0.00184708  dPhi(Nx/2)(Ny/2)(Nz/2): 4.93488e-05 Phi A: 0.081795 Phi B: 0.918205 Phi I: 5.82103e-52
Total charge: -1.02244e-19
etaHat: 124879
298  fE: -3.08199  dfE: 5.612e-08  dW: 0.00183088  dPhi(Nx/2)(Ny/2)(Nz/2): 4.89675e-05 Phi A: 0.081795 Phi B: 0.918205 Phi I: 5.82103e-52
Total charge: -1.02244e-19
etaHat: 124879
299  fE: -3.08199  dfE: 9.29491e-09  dW: 0.00181486  dPhi(Nx/2)(Ny/2)(Nz/2): 4.85889e-05 Phi A: 0.081795 Phi B: 0.918205 Phi I: 5.82103e-52
Total charge: -1.02244e-19
etaHat: 124879
300  fE: -3.08199  dfE: 3.31959e-08  dW: 0.00179903  dPhi(Nx/2)(Ny/2)(Nz/2): 4.82145e-05 Phi A: 0.081795 Phi B: 0.918205 Phi I: 5.82103e-52
Saving data . . .
Total charge: -1.02244e-19
etaHat: 124879
301  fE: -3.08199  dfE: 6.96782e-08  dW: 0.00178337  dPhi(Nx/2)(Ny/2)(Nz/2): 4.78458e-05 Phi A: 0.081795 Phi B: 0.918205 Phi I: 5.82103e-52
Total charge: -1.02244e-19
etaHat: 124879
302  fE: -3.08199  dfE: 9.89518e-08  dW: 0.00176789  dPhi(Nx/2)(Ny/2)(Nz/2): 4.74842e-05 Phi A: 0.081795 Phi B: 0.918205 Phi I: 5.82103e-52
Total charge: -1.02244e-19
etaHat: 124879
303  fE: -3.08199  dfE: 1.20301e-07  dW: 0.00175259  dPhi(Nx/2)(Ny/2)(Nz/2): 4.71308e-05 Phi A: 0.081795 Phi B: 0.918205 Phi I: 5.82103e-52
Total charge: -1.02244e-19
etaHat: 124879
304  fE: -3.08199  dfE: 1.33481e-07  dW: 0.00173746  dPhi(Nx/2)(Ny/2)(Nz/2): 4.67864e-05 Phi A: 0.081795 Phi B: 0.918205 Phi I: 5.82103e-52
Total charge: -1.02244e-19
etaHat: 124879
305  fE: -3.08199  dfE: 1.38679e-07  dW: 0.00172251  dPhi(Nx/2)(Ny/2)(Nz/2): 4.64515e-05 Phi A: 0.081795 Phi B: 0.918205 Phi I: 5.82103e-52
Total charge: -1.02244e-19
etaHat: 124879
306  fE: -3.08199  dfE: 1.36464e-07  dW: 0.00170773  dPhi(Nx/2)(Ny/2)(Nz/2): 4.61263e-05 Phi A: 0.081795 Phi B: 0.918205 Phi I: 5.82103e-52
Total charge: -1.02244e-19
etaHat: 124879
307  fE: -3.08199  dfE: 1.27713e-07  dW: 0.0016931  dPhi(Nx/2)(Ny/2)(Nz/2): 4.58107e-05 Phi A: 0.081795 Phi B: 0.918205 Phi I: 5.82103e-52
Total charge: -1.02244e-19
etaHat: 124879
308  fE: -3.08199  dfE: 1.13543e-07  dW: 0.00167863  dPhi(Nx/2)(Ny/2)(Nz/2): 4.55044e-05 Phi A: 0.081795 Phi B: 0.918205 Phi I: 5.82103e-52
Total charge: -1.02244e-19
etaHat: 124879
309  fE: -3.08199  dfE: 9.52214e-08  dW: 0.00166432  dPhi(Nx/2)(Ny/2)(Nz/2): 4.52066e-05 Phi A: 0.081795 Phi B: 0.918205 Phi I: 5.82103e-52
Total charge: -1.02244e-19
etaHat: 124879
310  fE: -3.08199  dfE: 7.40946e-08  dW: 0.00165017  dPhi(Nx/2)(Ny/2)(Nz/2): 4.49165e-05 Phi A: 0.081795 Phi B: 0.918205 Phi I: 5.82103e-52
Saving data . . .
Total charge: -1.02244e-19
etaHat: 124879
311  fE: -3.08199  dfE: 5.15082e-08  dW: 0.00163617  dPhi(Nx/2)(Ny/2)(Nz/2): 4.46332e-05 Phi A: 0.081795 Phi B: 0.918205 Phi I: 5.82103e-52
Total charge: -1.02244e-19
etaHat: 124879
312  fE: -3.08199  dfE: 2.87412e-08  dW: 0.00162232  dPhi(Nx/2)(Ny/2)(Nz/2): 4.43553e-05 Phi A: 0.081795 Phi B: 0.918205 Phi I: 5.82103e-52
Total charge: -1.02244e-19
etaHat: 124879
313  fE: -3.08199  dfE: 6.94934e-09  dW: 0.00160862  dPhi(Nx/2)(Ny/2)(Nz/2): 4.40819e-05 Phi A: 0.081795 Phi B: 0.918205 Phi I: 5.82103e-52
Total charge: -1.02244e-19
etaHat: 124879
314  fE: -3.08199  dfE: 1.28807e-08  dW: 0.00159506  dPhi(Nx/2)(Ny/2)(Nz/2): 4.38117e-05 Phi A: 0.081795 Phi B: 0.918205 Phi I: 5.82103e-52
Total charge: -1.02244e-19
etaHat: 124879
315  fE: -3.08199  dfE: 2.99623e-08  dW: 0.00158165  dPhi(Nx/2)(Ny/2)(Nz/2): 4.35437e-05 Phi A: 0.081795 Phi B: 0.918205 Phi I: 5.82103e-52
Total charge: -1.02244e-19
etaHat: 124879
316  fE: -3.08199  dfE: 4.3728e-08  dW: 0.00156838  dPhi(Nx/2)(Ny/2)(Nz/2): 4.32768e-05 Phi A: 0.081795 Phi B: 0.918205 Phi I: 5.82103e-52
Total charge: -1.02244e-19
etaHat: 124879
317  fE: -3.08199  dfE: 5.38347e-08  dW: 0.00155525  dPhi(Nx/2)(Ny/2)(Nz/2): 4.30101e-05 Phi A: 0.081795 Phi B: 0.918205 Phi I: 5.82103e-52
Total charge: -1.02244e-19
etaHat: 124879
318  fE: -3.08199  dfE: 6.01579e-08  dW: 0.00154227  dPhi(Nx/2)(Ny/2)(Nz/2): 4.2743e-05 Phi A: 0.081795 Phi B: 0.918205 Phi I: 5.82103e-52
Total charge: -1.02244e-19
etaHat: 124879
319  fE: -3.08199  dfE: 6.27749e-08  dW: 0.00152942  dPhi(Nx/2)(Ny/2)(Nz/2): 4.24748e-05 Phi A: 0.081795 Phi B: 0.918205 Phi I: 5.82103e-52
Total charge: -1.02244e-19
etaHat: 124879
320  fE: -3.08199  dfE: 6.19402e-08  dW: 0.00151672  dPhi(Nx/2)(Ny/2)(Nz/2): 4.22052e-05 Phi A: 0.081795 Phi B: 0.918205 Phi I: 5.82103e-52
Saving data . . .
Total charge: -1.02244e-19
etaHat: 124879
321  fE: -3.08199  dfE: 5.80541e-08  dW: 0.00150414  dPhi(Nx/2)(Ny/2)(Nz/2): 4.1934e-05 Phi A: 0.081795 Phi B: 0.918205 Phi I: 5.82103e-52
Total charge: -1.02244e-19
etaHat: 124879
322  fE: -3.08199  dfE: 5.16284e-08  dW: 0.0014917  dPhi(Nx/2)(Ny/2)(Nz/2): 4.1661e-05 Phi A: 0.081795 Phi B: 0.918205 Phi I: 5.82103e-52
Total charge: -1.02244e-19
etaHat: 124879
323  fE: -3.08199  dfE: 4.3248e-08  dW: 0.00147937  dPhi(Nx/2)(Ny/2)(Nz/2): 4.13864e-05 Phi A: 0.081795 Phi B: 0.918205 Phi I: 5.82103e-52
Total charge: -1.02244e-19
etaHat: 124879
324  fE: -3.08199  dfE: 3.35352e-08  dW: 0.00146718  dPhi(Nx/2)(Ny/2)(Nz/2): 4.11103e-05 Phi A: 0.081795 Phi B: 0.918205 Phi I: 5.82103e-52
Total charge: -1.02244e-19
etaHat: 124879
325  fE: -3.08199  dfE: 2.31141e-08  dW: 0.0014551  dPhi(Nx/2)(Ny/2)(Nz/2): 4.08329e-05 Phi A: 0.081795 Phi B: 0.918205 Phi I: 5.82103e-52
Total charge: -1.02244e-19
etaHat: 124879
326  fE: -3.08199  dfE: 1.25796e-08  dW: 0.00144314  dPhi(Nx/2)(Ny/2)(Nz/2): 4.05546e-05 Phi A: 0.081795 Phi B: 0.918205 Phi I: 5.82103e-52
Total charge: -1.02244e-19
etaHat: 124879
327  fE: -3.08199  dfE: 2.47032e-09  dW: 0.00143132  dPhi(Nx/2)(Ny/2)(Nz/2): 4.02759e-05 Phi A: 0.081795 Phi B: 0.918205 Phi I: 5.82103e-52
Total charge: -1.02244e-19
etaHat: 124879
328  fE: -3.08199  dfE: 6.7522e-09  dW: 0.00141961  dPhi(Nx/2)(Ny/2)(Nz/2): 3.9997e-05 Phi A: 0.081795 Phi B: 0.918205 Phi I: 5.82103e-52
Total charge: -1.02244e-19
etaHat: 124879
329  fE: -3.08199  dfE: 1.47185e-08  dW: 0.00140802  dPhi(Nx/2)(Ny/2)(Nz/2): 3.97183e-05 Phi A: 0.081795 Phi B: 0.918205 Phi I: 5.82103e-52
Total charge: -1.02244e-19
etaHat: 124879
330  fE: -3.08199  dfE: 2.11603e-08  dW: 0.00139655  dPhi(Nx/2)(Ny/2)(Nz/2): 3.94402e-05 Phi A: 0.081795 Phi B: 0.918205 Phi I: 5.82103e-52
Saving data . . .
Total charge: -1.02244e-19
etaHat: 124879
331  fE: -3.08199  dfE: 2.59135e-08  dW: 0.00138519  dPhi(Nx/2)(Ny/2)(Nz/2): 3.9163e-05 Phi A: 0.081795 Phi B: 0.918205 Phi I: 5.82103e-52
Total charge: -1.02244e-19
etaHat: 124879
332  fE: -3.08199  dfE: 2.89151e-08  dW: 0.00137394  dPhi(Nx/2)(Ny/2)(Nz/2): 3.88869e-05 Phi A: 0.081795 Phi B: 0.918205 Phi I: 5.82103e-52
Total charge: -1.02244e-19
etaHat: 124879
333  fE: -3.08199  dfE: 3.01964e-08  dW: 0.0013628  dPhi(Nx/2)(Ny/2)(Nz/2): 3.86121e-05 Phi A: 0.081795 Phi B: 0.918205 Phi I: 5.82103e-52
Total charge: -1.02244e-19
etaHat: 124879
334  fE: -3.08199  dfE: 2.98713e-08  dW: 0.00135179  dPhi(Nx/2)(Ny/2)(Nz/2): 3.83389e-05 Phi A: 0.081795 Phi B: 0.918205 Phi I: 5.82103e-52
Total charge: -1.02244e-19
etaHat: 124879
335  fE: -3.08199  dfE: 2.81223e-08  dW: 0.00134088  dPhi(Nx/2)(Ny/2)(Nz/2): 3.80671e-05 Phi A: 0.081795 Phi B: 0.918205 Phi I: 5.82103e-52
Total charge: -1.02244e-19
etaHat: 124879
336  fE: -3.08199  dfE: 2.51838e-08  dW: 0.00133008  dPhi(Nx/2)(Ny/2)(Nz/2): 3.77969e-05 Phi A: 0.081795 Phi B: 0.918205 Phi I: 5.82103e-52
Total charge: -1.02244e-19
etaHat: 124879
337  fE: -3.08199  dfE: 2.13257e-08  dW: 0.0013194  dPhi(Nx/2)(Ny/2)(Nz/2): 3.75282e-05 Phi A: 0.081795 Phi B: 0.918205 Phi I: 5.82103e-52
Total charge: -1.02244e-19
etaHat: 124879
338  fE: -3.08199  dfE: 1.68356e-08  dW: 0.00130881  dPhi(Nx/2)(Ny/2)(Nz/2): 3.7261e-05 Phi A: 0.081795 Phi B: 0.918205 Phi I: 5.82103e-52
Total charge: -1.02244e-19
etaHat: 124879
339  fE: -3.08199  dfE: 1.20029e-08  dW: 0.00129834  dPhi(Nx/2)(Ny/2)(Nz/2): 3.69952e-05 Phi A: 0.081795 Phi B: 0.918205 Phi I: 5.82103e-52
Total charge: -1.02244e-19
etaHat: 124879
340  fE: -3.08199  dfE: 7.10411e-09  dW: 0.00128798  dPhi(Nx/2)(Ny/2)(Nz/2): 3.67306e-05 Phi A: 0.081795 Phi B: 0.918205 Phi I: 5.82103e-52
Saving data . . .
Total charge: -1.02244e-19
etaHat: 124879
341  fE: -3.08199  dfE: 2.39039e-09  dW: 0.00127771  dPhi(Nx/2)(Ny/2)(Nz/2): 3.64671e-05 Phi A: 0.081795 Phi B: 0.918205 Phi I: 5.82103e-52
Total charge: -1.02244e-19
etaHat: 124879
342  fE: -3.08199  dfE: 1.92242e-09  dW: 0.00126754  dPhi(Nx/2)(Ny/2)(Nz/2): 3.62047e-05 Phi A: 0.081795 Phi B: 0.918205 Phi I: 5.82103e-52
Total charge: -1.02244e-19
etaHat: 124879
343  fE: -3.08199  dfE: 5.66091e-09  dW: 0.00125747  dPhi(Nx/2)(Ny/2)(Nz/2): 3.59432e-05 Phi A: 0.081795 Phi B: 0.918205 Phi I: 5.82103e-52
Total charge: -1.02244e-19
etaHat: 124879
344  fE: -3.08199  dfE: 8.69831e-09  dW: 0.00124749  dPhi(Nx/2)(Ny/2)(Nz/2): 3.56827e-05 Phi A: 0.081795 Phi B: 0.918205 Phi I: 5.82103e-52
Total charge: -1.02244e-19
etaHat: 124879
345  fE: -3.08199  dfE: 1.09561e-08  dW: 0.00123762  dPhi(Nx/2)(Ny/2)(Nz/2): 3.5423e-05 Phi A: 0.081795 Phi B: 0.918205 Phi I: 5.82103e-52
Total charge: -1.02244e-19
etaHat: 124879
346  fE: -3.08199  dfE: 1.24029e-08  dW: 0.00122784  dPhi(Nx/2)(Ny/2)(Nz/2): 3.51642e-05 Phi A: 0.081795 Phi B: 0.918205 Phi I: 5.82103e-52
Total charge: -1.02244e-19
etaHat: 124879
347  fE: -3.08199  dfE: 1.30508e-08  dW: 0.00121817  dPhi(Nx/2)(Ny/2)(Nz/2): 3.49062e-05 Phi A: 0.081795 Phi B: 0.918205 Phi I: 5.82103e-52
Total charge: -1.02244e-19
etaHat: 124879
348  fE: -3.08199  dfE: 1.29509e-08  dW: 0.00120858  dPhi(Nx/2)(Ny/2)(Nz/2): 3.46493e-05 Phi A: 0.081795 Phi B: 0.918205 Phi I: 5.82103e-52
Total charge: -1.02244e-19
etaHat: 124879
349  fE: -3.08199  dfE: 1.21862e-08  dW: 0.00119909  dPhi(Nx/2)(Ny/2)(Nz/2): 3.43934e-05 Phi A: 0.081795 Phi B: 0.918205 Phi I: 5.82103e-52
Total charge: -1.02244e-19
etaHat: 124879
350  fE: -3.08199  dfE: 1.08643e-08  dW: 0.0011897  dPhi(Nx/2)(Ny/2)(Nz/2): 3.41388e-05 Phi A: 0.081795 Phi B: 0.918205 Phi I: 5.82103e-52
Saving data . . .
Total charge: -1.02244e-19
etaHat: 124879
351  fE: -3.08199  dfE: 9.10932e-09  dW: 0.0011804  dPhi(Nx/2)(Ny/2)(Nz/2): 3.38855e-05 Phi A: 0.081795 Phi B: 0.918205 Phi I: 5.82103e-52
Total charge: -1.02244e-19
etaHat: 124879
352  fE: -3.08199  dfE: 7.05448e-09  dW: 0.00117118  dPhi(Nx/2)(Ny/2)(Nz/2): 3.36338e-05 Phi A: 0.081795 Phi B: 0.918205 Phi I: 5.82103e-52
Total charge: -1.02244e-19
etaHat: 124879
353  fE: -3.08199  dfE: 4.83388e-09  dW: 0.00116206  dPhi(Nx/2)(Ny/2)(Nz/2): 3.33837e-05 Phi A: 0.081795 Phi B: 0.918205 Phi I: 5.82103e-52
Total charge: -1.02244e-19
etaHat: 124879
354  fE: -3.08199  dfE: 2.57611e-09  dW: 0.00115303  dPhi(Nx/2)(Ny/2)(Nz/2): 3.31356e-05 Phi A: 0.081795 Phi B: 0.918205 Phi I: 5.82103e-52
Total charge: -1.02244e-19
etaHat: 124879
355  fE: -3.08199  dfE: 3.98103e-10  dW: 0.00114408  dPhi(Nx/2)(Ny/2)(Nz/2): 3.28897e-05 Phi A: 0.081795 Phi B: 0.918205 Phi I: 5.82103e-52
Total charge: -1.02244e-19
etaHat: 124879
356  fE: -3.08199  dfE: 1.59907e-09  dW: 0.00113522  dPhi(Nx/2)(Ny/2)(Nz/2): 3.26459e-05 Phi A: 0.081795 Phi B: 0.918205 Phi I: 5.82103e-52
Total charge: -1.02244e-19
etaHat: 124879
357  fE: -3.08199  dfE: 3.33416e-09  dW: 0.00112644  dPhi(Nx/2)(Ny/2)(Nz/2): 3.24047e-05 Phi A: 0.081795 Phi B: 0.918205 Phi I: 5.82103e-52
Total charge: -1.02244e-19
etaHat: 124879
358  fE: -3.08199  dfE: 4.7472e-09  dW: 0.00111775  dPhi(Nx/2)(Ny/2)(Nz/2): 3.2166e-05 Phi A: 0.081795 Phi B: 0.918205 Phi I: 5.82103e-52
Total charge: -1.02244e-19
etaHat: 124879
359  fE: -3.08199  dfE: 5.80067e-09  dW: 0.00110914  dPhi(Nx/2)(Ny/2)(Nz/2): 3.19299e-05 Phi A: 0.081795 Phi B: 0.918205 Phi I: 5.82103e-52
Total charge: -1.02244e-19
etaHat: 124879
360  fE: -3.08199  dfE: 6.47889e-09  dW: 0.00110061  dPhi(Nx/2)(Ny/2)(Nz/2): 3.16967e-05 Phi A: 0.081795 Phi B: 0.918205 Phi I: 5.82103e-52
Saving data . . .
Total charge: -1.02244e-19
etaHat: 124879
361  fE: -3.08199  dfE: 6.78656e-09  dW: 0.00109216  dPhi(Nx/2)(Ny/2)(Nz/2): 3.14663e-05 Phi A: 0.081795 Phi B: 0.918205 Phi I: 5.82103e-52
Total charge: -1.02244e-19
etaHat: 124879
362  fE: -3.08199  dfE: 6.74644e-09  dW: 0.0010838  dPhi(Nx/2)(Ny/2)(Nz/2): 3.12387e-05 Phi A: 0.081795 Phi B: 0.918205 Phi I: 5.82103e-52
Total charge: -1.02244e-19
etaHat: 124879
363  fE: -3.08199  dfE: 6.39621e-09  dW: 0.00107552  dPhi(Nx/2)(Ny/2)(Nz/2): 3.10141e-05 Phi A: 0.081795 Phi B: 0.918205 Phi I: 5.82103e-52
Total charge: -1.02244e-19
etaHat: 124879
364  fE: -3.08199  dfE: 5.7853e-09  dW: 0.00106731  dPhi(Nx/2)(Ny/2)(Nz/2): 3.07922e-05 Phi A: 0.081795 Phi B: 0.918205 Phi I: 5.82103e-52
Total charge: -1.02244e-19
etaHat: 124879
365  fE: -3.08199  dfE: 4.97088e-09  dW: 0.00105917  dPhi(Nx/2)(Ny/2)(Nz/2): 3.05732e-05 Phi A: 0.081795 Phi B: 0.918205 Phi I: 5.82103e-52
Total charge: -1.02244e-19
etaHat: 124879
366  fE: -3.08199  dfE: 4.01446e-09  dW: 0.00105111  dPhi(Nx/2)(Ny/2)(Nz/2): 3.03569e-05 Phi A: 0.081795 Phi B: 0.918205 Phi I: 5.82103e-52
Total charge: -1.02244e-19
etaHat: 124879
367  fE: -3.08199  dfE: 2.97831e-09  dW: 0.00104312  dPhi(Nx/2)(Ny/2)(Nz/2): 3.01432e-05 Phi A: 0.081795 Phi B: 0.918205 Phi I: 5.82103e-52
Total charge: -1.02244e-19
etaHat: 124879
368  fE: -3.08199  dfE: 1.92201e-09  dW: 0.00103522  dPhi(Nx/2)(Ny/2)(Nz/2): 2.99321e-05 Phi A: 0.081795 Phi B: 0.918205 Phi I: 5.82103e-52
Total charge: -1.02244e-19
etaHat: 124879
369  fE: -3.08199  dfE: 9.00228e-10  dW: 0.00102738  dPhi(Nx/2)(Ny/2)(Nz/2): 2.97234e-05 Phi A: 0.081795 Phi B: 0.918205 Phi I: 5.82103e-52
Total charge: -1.02244e-19
etaHat: 124879
370  fE: -3.08199  dfE: 3.9841e-11  dW: 0.00101962  dPhi(Nx/2)(Ny/2)(Nz/2): 2.95169e-05 Phi A: 0.081795 Phi B: 0.918205 Phi I: 5.82103e-52
Saving data . . .
Total charge: -1.02244e-19
etaHat: 124879
371  fE: -3.08199  dfE: 8.60119e-10  dW: 0.00101193  dPhi(Nx/2)(Ny/2)(Nz/2): 2.93127e-05 Phi A: 0.081795 Phi B: 0.918205 Phi I: 5.82103e-52
Total charge: -1.02244e-19
etaHat: 124879
372  fE: -3.08199  dfE: 1.53224e-09  dW: 0.0010043  dPhi(Nx/2)(Ny/2)(Nz/2): 2.91104e-05 Phi A: 0.081795 Phi B: 0.918205 Phi I: 5.82103e-52
Total charge: -1.02244e-19
etaHat: 124879
373  fE: -3.08199  dfE: 2.03834e-09  dW: 0.000996744  dPhi(Nx/2)(Ny/2)(Nz/2): 2.89102e-05 Phi A: 0.081795 Phi B: 0.918205 Phi I: 5.82103e-52
Saving data . . .
