Total charge: 124877
etaHat: 124877
0  fE: -9365.8  dfE: 9465.8  dW: 13.8362  dPhi(Nx/2)(Ny/2)(Nz/2): -4.11389 Phi A: 0.607494 Phi B: 4.48374 Phi I: 999.016
Saving data . . .
Total charge: 1.59566
etaHat: 124879
1  fE: -25221.3  dfE: 15855.5  dW: 18.5716  dPhi(Nx/2)(Ny/2)(Nz/2): -2.37434 Phi A: 0.361622 Phi B: 2.99827 Phi I: 0.0127653
Total charge: 1.51138e-18
etaHat: 124879
2  fE: -19.5289  dfE: 25201.8  dW: 20.2684  dPhi(Nx/2)(Ny/2)(Nz/2): -1.23008 Phi A: 0.223841 Phi B: 1.99709 Phi I: 1.43294e-20
Total charge: -1.82061e-19
etaHat: 124879
3  fE: -13.9116  dfE: 5.61733  dW: 20.1509  dPhi(Nx/2)(Ny/2)(Nz/2): -0.509133 Phi A: 0.145649 Phi B: 1.35758 Phi I: 5.8233e-52
Total charge: -1.24712e-19
etaHat: 124879
4  fE: -9.77457  dfE: 4.13702  dW: 18.9567  dPhi(Nx/2)(Ny/2)(Nz/2): -0.0569102 Phi A: 0.0997696 Phi B: 0.95322 Phi I: 5.82125e-52
Total charge: -8.98896e-20
etaHat: 124879
5  fE: -6.93713  dfE: 2.83744  dW: 17.1331  dPhi(Nx/2)(Ny/2)(Nz/2): 0.229526 Phi A: 0.0719117 Phi B: 0.695866 Phi I: 5.81943e-52
Total charge: -6.81101e-20
etaHat: 124879
6  fE: -5.03282  dfE: 1.90431  dW: 14.9549  dPhi(Nx/2)(Ny/2)(Nz/2): 0.413566 Phi A: 0.0544881 Phi B: 0.530021 Phi I: 5.81785e-52
Total charge: -5.41878e-20
etaHat: 124879
7  fE: -3.75427  dfE: 1.27855  dW: 12.5936  dPhi(Nx/2)(Ny/2)(Nz/2): 0.533327 Phi A: 0.0433503 Phi B: 0.421893 Phi I: 5.81651e-52
Total charge: -4.52032e-20
etaHat: 124879
8  fE: -2.88608  dfE: 0.868187  dW: 10.1591  dPhi(Nx/2)(Ny/2)(Nz/2): 0.611646 Phi A: 0.0361626 Phi B: 0.351087 Phi I: 5.81544e-52
Total charge: -3.94726e-20
etaHat: 124879
9  fE: -2.28635  dfE: 0.599732  dW: 7.72345  dPhi(Nx/2)(Ny/2)(Nz/2): 0.662248 Phi A: 0.0315781 Phi B: 0.305289 Phi I: 5.81462e-52
Total charge: -3.60129e-20
etaHat: 124879
10  fE: -1.86328  dfE: 0.423069  dW: 5.33581  dPhi(Nx/2)(Ny/2)(Nz/2): 0.693381 Phi A: 0.0288103 Phi B: 0.277076 Phi I: 5.81405e-52
Saving data . . .
Total charge: -3.4255e-20
etaHat: 124879
11  fE: -1.55725  dfE: 0.306035  dW: 3.03162  dPhi(Nx/2)(Ny/2)(Nz/2): 0.709925 Phi A: 0.027404 Phi B: 0.262043 Phi I: 5.81372e-52
Total charge: -3.38892e-20
etaHat: 124879
12  fE: -1.3287  dfE: 0.228544  dW: 0.853105  dPhi(Nx/2)(Ny/2)(Nz/2): 0.714607 Phi A: 0.0271113 Phi B: 0.257729 Phi I: 5.81362e-52
Total charge: -3.47789e-20
etaHat: 124879
13  fE: -1.15045  dfE: 0.17825  dW: 1.22022  dPhi(Nx/2)(Ny/2)(Nz/2): 0.708684 Phi A: 0.0278231 Phi B: 0.262997 Phi I: 5.81373e-52
Total charge: -3.69156e-20
etaHat: 124879
14  fE: -1.00277  dfE: 0.147677  dW: 3.12133  dPhi(Nx/2)(Ny/2)(Nz/2): 0.692327 Phi A: 0.0295325 Phi B: 0.277688 Phi I: 5.81404e-52
Total charge: -4.0393e-20
etaHat: 124879
15  fE: -0.870471  dfE: 0.132303  dW: 4.84053  dPhi(Nx/2)(Ny/2)(Nz/2): 0.664825 Phi A: 0.0323144 Phi B: 0.302448 Phi I: 5.81453e-52
Total charge: -4.53911e-20
etaHat: 124879
16  fE: -0.741352  dfE: 0.129119  dW: 6.34985  dPhi(Nx/2)(Ny/2)(Nz/2): 0.624707 Phi A: 0.0363129 Phi B: 0.33861 Phi I: 5.81519e-52
Total charge: -5.21595e-20
etaHat: 124879
17  fE: -0.606105  dfE: 0.135247  dW: 7.61616  dPhi(Nx/2)(Ny/2)(Nz/2): 0.569856 Phi A: 0.0417276 Phi B: 0.388103 Phi I: 5.81598e-52
Total charge: -6.09847e-20
etaHat: 124879
18  fE: -0.459868  dfE: 0.146237  dW: 8.60035  dPhi(Nx/2)(Ny/2)(Nz/2): 0.497718 Phi A: 0.0487877 Phi B: 0.453262 Phi I: 5.81688e-52
Total charge: -7.21289e-20
etaHat: 124879
19  fE: -0.305983  dfE: 0.153885  dW: 9.25789  dPhi(Nx/2)(Ny/2)(Nz/2): 0.405734 Phi A: 0.0577031 Phi B: 0.536456 Phi I: 5.81786e-52
Total charge: -8.57198e-20
etaHat: 124879
20  fE: -0.162018  dfE: 0.143964  dW: 9.54199  dPhi(Nx/2)(Ny/2)(Nz/2): 0.292133 Phi A: 0.0685758 Phi B: 0.639376 Phi I: 5.81888e-52
Saving data . . .
Total charge: -1.01586e-19
etaHat: 124879
21  fE: -0.0665642  dfE: 0.0954542  dW: 9.41047  dPhi(Nx/2)(Ny/2)(Nz/2): 0.157207 Phi A: 0.0812688 Phi B: 0.761896 Phi I: 5.8199e-52
Total charge: -1.19061e-19
etaHat: 124879
22  fE: -0.0821016  dfE: 0.0155375  dW: 8.83726  dPhi(Nx/2)(Ny/2)(Nz/2): 0.00493087 Phi A: 0.0952491 Phi B: 0.9006 Phi I: 5.82088e-52
Total charge: -1.36845e-19
etaHat: 124879
23  fE: -0.285956  dfE: 0.203854  dW: 7.8274  dPhi(Nx/2)(Ny/2)(Nz/2): -0.155586 Phi A: 0.109476 Phi B: 1.04744 Phi I: 5.82176e-52
Total charge: -1.53054e-19
etaHat: 124879
24  fE: -0.74287  dfE: 0.456915  dW: 6.43082  dPhi(Nx/2)(Ny/2)(Nz/2): -0.309907 Phi A: 0.122443 Phi B: 1.18947 Phi I: 5.82251e-52
Total charge: -1.65592e-19
etaHat: 124879
25  fE: -1.4649  dfE: 0.722031  dW: 4.74771  dPhi(Nx/2)(Ny/2)(Nz/2): -0.44042 Phi A: 0.132474 Phi B: 1.31072 Phi I: 5.82309e-52
Total charge: -1.72771e-19
etaHat: 124879
26  fE: -2.38261  dfE: 0.917706  dW: 2.91875  dPhi(Nx/2)(Ny/2)(Nz/2): -0.530883 Phi A: 0.138217 Phi B: 1.39622 Phi I: 5.82347e-52
Total charge: -1.73892e-19
etaHat: 124879
27  fE: -3.35521  dfE: 0.972604  dW: 1.12644  dPhi(Nx/2)(Ny/2)(Nz/2): -0.571561 Phi A: 0.139114 Phi B: 1.43669 Phi I: 5.82365e-52
Total charge: -1.69441e-19
etaHat: 124879
28  fE: -4.22162  dfE: 0.86641  dW: 0.636346  dPhi(Nx/2)(Ny/2)(Nz/2): -0.562114 Phi A: 0.135553 Phi B: 1.43133 Phi I: 5.82364e-52
Total charge: -1.60796e-19
etaHat: 124879
29  fE: -4.86028  dfE: 0.638661  dW: 1.9668  dPhi(Nx/2)(Ny/2)(Nz/2): -0.510717 Phi A: 0.128637 Phi B: 1.38717 Phi I: 5.82347e-52
Total charge: -1.49677e-19
etaHat: 124879
30  fE: -5.22139  dfE: 0.36111  dW: 3.04963  dPhi(Nx/2)(Ny/2)(Nz/2): -0.430366 Phi A: 0.119742 Phi B: 1.31582 Phi I: 5.82317e-52
Saving data . . .
Total charge: -1.37659e-19
etaHat: 124879
31  fE: -5.32169  dfE: 0.100304  dW: 3.79399  dPhi(Nx/2)(Ny/2)(Nz/2): -0.33473 Phi A: 0.110127 Phi B: 1.22974 Phi I: 5.82278e-52
Total charge: -1.25919e-19
etaHat: 124879
32  fE: -5.21766  dfE: 0.10403  dW: 4.21429  dPhi(Nx/2)(Ny/2)(Nz/2): -0.235302 Phi A: 0.100735 Phi B: 1.13951 Phi I: 5.82234e-52
Total charge: -1.15195e-19
etaHat: 124879
33  fE: -4.97743  dfE: 0.240231  dW: 4.34527  dPhi(Nx/2)(Ny/2)(Nz/2): -0.14028 Phi A: 0.0921562 Phi B: 1.05281 Phi I: 5.82189e-52
Total charge: -1.05867e-19
etaHat: 124879
34  fE: -4.66232  dfE: 0.315111  dW: 4.23199  dPhi(Nx/2)(Ny/2)(Nz/2): -0.0546899 Phi A: 0.0846939 Phi B: 0.974392 Phi I: 5.82144e-52
Total charge: -9.80679e-20
etaHat: 124879
35  fE: -4.319  dfE: 0.343324  dW: 3.92273  dPhi(Nx/2)(Ny/2)(Nz/2): 0.0189168 Phi A: 0.0784543 Phi B: 0.906727 Phi I: 5.82102e-52
Total charge: -9.1783e-20
etaHat: 124879
36  fE: -3.9788  dfE: 0.340199  dW: 3.46466  dPhi(Nx/2)(Ny/2)(Nz/2): 0.0796589 Phi A: 0.0734264 Phi B: 0.850726 Phi I: 5.82064e-52
Total charge: -8.69235e-20
etaHat: 124879
37  fE: -3.66044  dfE: 0.318361  dW: 2.90152  dPhi(Nx/2)(Ny/2)(Nz/2): 0.127654 Phi A: 0.0695388 Phi B: 0.806353 Phi I: 5.82033e-52
Total charge: -8.33709e-20
etaHat: 124879
38  fE: -3.37358  dfE: 0.286857  dW: 2.27268  dPhi(Nx/2)(Ny/2)(Nz/2): 0.163541 Phi A: 0.0666968 Phi B: 0.773068 Phi I: 5.82008e-52
Total charge: -8.1002e-20
etaHat: 124879
39  fE: -3.12207  dfE: 0.251516  dW: 1.61291  dPhi(Nx/2)(Ny/2)(Nz/2): 0.188175 Phi A: 0.0648016 Phi B: 0.750112 Phi I: 5.81991e-52
Total charge: -7.97005e-20
etaHat: 124879
40  fE: -2.90637  dfE: 0.215694  dW: 0.952628  dPhi(Nx/2)(Ny/2)(Nz/2): 0.202461 Phi A: 0.0637604 Phi B: 0.73667 Phi I: 5.8198e-52
Saving data . . .
Total charge: -7.93599e-20
etaHat: 124879
41  fE: -2.72535  dfE: 0.18102  dW: 0.319299  dPhi(Nx/2)(Ny/2)(Nz/2): 0.207285 Phi A: 0.0634879 Phi B: 0.731937 Phi I: 5.81976e-52
Total charge: -7.98816e-20
etaHat: 124879
42  fE: -2.57736  dfE: 0.147993  dW: 0.269922  dPhi(Nx/2)(Ny/2)(Nz/2): 0.203493 Phi A: 0.0639053 Phi B: 0.735138 Phi I: 5.81978e-52
Total charge: -8.11696e-20
etaHat: 124879
43  fE: -2.46094  dfE: 0.116415  dW: 0.786037  dPhi(Nx/2)(Ny/2)(Nz/2): 0.191927 Phi A: 0.0649357 Phi B: 0.745503 Phi I: 5.81986e-52
Total charge: -8.31241e-20
etaHat: 124879
44  fE: -2.37523  dfE: 0.0857169  dW: 1.22117  dPhi(Nx/2)(Ny/2)(Nz/2): 0.173469 Phi A: 0.0664992 Phi B: 0.762221 Phi I: 5.81998e-52
Total charge: -8.56343e-20
etaHat: 124879
45  fE: -2.32001  dfE: 0.0552195  dW: 1.56122  dPhi(Nx/2)(Ny/2)(Nz/2): 0.149103 Phi A: 0.0685075 Phi B: 0.784391 Phi I: 5.82015e-52
Total charge: -8.85734e-20
etaHat: 124879
46  fE: -2.29564  dfE: 0.0243669  dW: 1.79824  dPhi(Nx/2)(Ny/2)(Nz/2): 0.119966 Phi A: 0.0708587 Phi B: 0.810971 Phi I: 5.82034e-52
Total charge: -9.17947e-20
etaHat: 124879
47  fE: -2.30269  dfE: 0.00704542  dW: 1.92867  dPhi(Nx/2)(Ny/2)(Nz/2): 0.0873916 Phi A: 0.0734358 Phi B: 0.840739 Phi I: 5.82055e-52
Total charge: -9.51327e-20
etaHat: 124879
48  fE: -2.34135  dfE: 0.0386678  dW: 1.95364  dPhi(Nx/2)(Ny/2)(Nz/2): 0.0529113 Phi A: 0.0761061 Phi B: 0.872293 Phi I: 5.82076e-52
Total charge: -9.84084e-20
etaHat: 124879
49  fE: -2.41082  dfE: 0.069466  dW: 1.87916  dPhi(Nx/2)(Ny/2)(Nz/2): 0.0182216 Phi A: 0.0787268 Phi B: 0.904078 Phi I: 5.82097e-52
Total charge: -1.01441e-19
etaHat: 124879
50  fE: -2.50855  dfE: 0.0977299  dW: 1.71607  dPhi(Nx/2)(Ny/2)(Nz/2): -0.0149039 Phi A: 0.0811525 Phi B: 0.934467 Phi I: 5.82117e-52
Saving data . . .
Total charge: -1.0406e-19
etaHat: 124879
51  fE: -2.62982  dfE: 0.121275  dW: 1.47952  dPhi(Nx/2)(Ny/2)(Nz/2): -0.0447434 Phi A: 0.0832483 Phi B: 0.961881 Phi I: 5.82133e-52
Total charge: -1.06127e-19
etaHat: 124879
52  fE: -2.76766  dfE: 0.137836  dW: 1.18802  dPhi(Nx/2)(Ny/2)(Nz/2): -0.0697819 Phi A: 0.0849018 Phi B: 0.984924 Phi I: 5.82147e-52
Total charge: -1.07545e-19
etaHat: 124879
53  fE: -2.91324  dfE: 0.145577  dW: 0.862161  dPhi(Nx/2)(Ny/2)(Nz/2): -0.0888621 Phi A: 0.0860357 Phi B: 1.00253 Phi I: 5.82158e-52
Total charge: -1.08269e-19
etaHat: 124879
54  fE: -3.0568  dfE: 0.143563  dW: 0.52308  dPhi(Nx/2)(Ny/2)(Nz/2): -0.1013 Phi A: 0.0866149 Phi B: 1.01405 Phi I: 5.82165e-52
Total charge: -1.08311e-19
etaHat: 124879
55  fE: -3.18885  dfE: 0.132046  dW: 0.211764  dPhi(Nx/2)(Ny/2)(Nz/2): -0.106936 Phi A: 0.0866488 Phi B: 1.01934 Phi I: 5.82168e-52
Total charge: -1.07733e-19
etaHat: 124879
56  fE: -3.30131  dfE: 0.11246  dW: 0.140068  dPhi(Nx/2)(Ny/2)(Nz/2): -0.106121 Phi A: 0.0861862 Phi B: 1.0187 Phi I: 5.82168e-52
Total charge: -1.06634e-19
etaHat: 124879
57  fE: -3.38844  dfE: 0.0871321  dW: 0.38562  dPhi(Nx/2)(Ny/2)(Nz/2): -0.0996288 Phi A: 0.0853068 Phi B: 1.01284 Phi I: 5.82164e-52
Total charge: -1.05137e-19
etaHat: 124879
58  fE: -3.44726  dfE: 0.0588217  dW: 0.605385  dPhi(Nx/2)(Ny/2)(Nz/2): -0.0885355 Phi A: 0.0841092 Phi B: 1.00274 Phi I: 5.82159e-52
Total charge: -1.03374e-19
etaHat: 124879
59  fE: -3.4775  dfE: 0.0302382  dW: 0.769992  dPhi(Nx/2)(Ny/2)(Nz/2): -0.0740778 Phi A: 0.0826993 Phi B: 0.989527 Phi I: 5.82151e-52
Total charge: -1.01475e-19
etaHat: 124879
60  fE: -3.48116  dfE: 0.00365823  dW: 0.877288  dPhi(Nx/2)(Ny/2)(Nz/2): -0.0575234 Phi A: 0.0811799 Phi B: 0.974366 Phi I: 5.82142e-52
Saving data . . .
Total charge: -9.95546e-20
etaHat: 124879
61  fE: -3.46187  dfE: 0.0192869  dW: 0.928571  dPhi(Nx/2)(Ny/2)(Nz/2): -0.040068 Phi A: 0.0796436 Phi B: 0.958358 Phi I: 5.82132e-52
Total charge: -9.77109e-20
etaHat: 124879
62  fE: -3.42421  dfE: 0.0376553  dW: 0.927952  dPhi(Nx/2)(Ny/2)(Nz/2): -0.0227638 Phi A: 0.0781687 Phi B: 0.942473 Phi I: 5.82123e-52
Total charge: -9.60211e-20
etaHat: 124879
63  fE: -3.3731  dfE: 0.0511143  dW: 0.881669  dPhi(Nx/2)(Ny/2)(Nz/2): -0.00648072 Phi A: 0.0768169 Phi B: 0.927515 Phi I: 5.82113e-52
Total charge: -9.45418e-20
etaHat: 124879
64  fE: -3.31331  dfE: 0.0597954  dW: 0.797412  dPhi(Nx/2)(Ny/2)(Nz/2): 0.00810638 Phi A: 0.0756334 Phi B: 0.91411 Phi I: 5.82105e-52
Total charge: -9.33109e-20
etaHat: 124879
65  fE: -3.24917  dfE: 0.0641334  dW: 0.683712  dPhi(Nx/2)(Ny/2)(Nz/2): 0.020513 Phi A: 0.0746487 Phi B: 0.902706 Phi I: 5.82097e-52
Total charge: -9.23496e-20
etaHat: 124879
66  fE: -3.18445  dfE: 0.0647242  dW: 0.549421  dPhi(Nx/2)(Ny/2)(Nz/2): 0.0304294 Phi A: 0.0738797 Phi B: 0.893595 Phi I: 5.82091e-52
Total charge: -9.16646e-20
etaHat: 124879
67  fE: -3.12223  dfE: 0.0622183  dW: 0.403265  dPhi(Nx/2)(Ny/2)(Nz/2): 0.0377 Phi A: 0.0733317 Phi B: 0.886924 Phi I: 5.82087e-52
Total charge: -9.12509e-20
etaHat: 124879
68  fE: -3.06498  dfE: 0.0572513  dW: 0.253495  dPhi(Nx/2)(Ny/2)(Nz/2): 0.042302 Phi A: 0.0730007 Phi B: 0.882717 Phi I: 5.82084e-52
Total charge: -9.10931e-20
etaHat: 124879
69  fE: -3.01457  dfE: 0.0504067  dW: 0.108177  dPhi(Nx/2)(Ny/2)(Nz/2): 0.0443255 Phi A: 0.0728745 Phi B: 0.880896 Phi I: 5.82083e-52
Total charge: -9.11678e-20
etaHat: 124879
70  fE: -2.97237  dfE: 0.0422049  dW: 0.0443224  dPhi(Nx/2)(Ny/2)(Nz/2): 0.043955 Phi A: 0.0729342 Phi B: 0.881292 Phi I: 5.82083e-52
Saving data . . .
Total charge: -9.14447e-20
etaHat: 124879
71  fE: -2.93926  dfE: 0.0331063  dW: 0.147611  dPhi(Nx/2)(Ny/2)(Nz/2): 0.0414537 Phi A: 0.0731557 Phi B: 0.883668 Phi I: 5.82084e-52
Total charge: -9.18882e-20
etaHat: 124879
72  fE: -2.91574  dfE: 0.0235246  dW: 0.247393  dPhi(Nx/2)(Ny/2)(Nz/2): 0.0371474 Phi A: 0.0735106 Phi B: 0.887724 Phi I: 5.82087e-52
Total charge: -9.2459e-20
etaHat: 124879
73  fE: -2.90189  dfE: 0.0138408  dW: 0.324444  dPhi(Nx/2)(Ny/2)(Nz/2): 0.0314098 Phi A: 0.0739672 Phi B: 0.893118 Phi I: 5.8209e-52
Total charge: -9.31154e-20
etaHat: 124879
74  fE: -2.89748  dfE: 0.00441444  dW: 0.377249  dPhi(Nx/2)(Ny/2)(Nz/2): 0.0246466 Phi A: 0.0744924 Phi B: 0.899476 Phi I: 5.82095e-52
Total charge: -9.38152e-20
etaHat: 124879
75  fE: -2.90189  dfE: 0.00441152  dW: 0.405593  dPhi(Nx/2)(Ny/2)(Nz/2): 0.0172784 Phi A: 0.0750522 Phi B: 0.906412 Phi I: 5.82099e-52
Total charge: -9.45174e-20
etaHat: 124879
76  fE: -2.91421  dfE: 0.012314  dW: 0.410462  dPhi(Nx/2)(Ny/2)(Nz/2): 0.00972247 Phi A: 0.075614 Phi B: 0.913539 Phi I: 5.82103e-52
Total charge: -9.51841e-20
etaHat: 124879
77  fE: -2.93321  dfE: 0.0190014  dW: 0.393904  dPhi(Nx/2)(Ny/2)(Nz/2): 0.00237398 Phi A: 0.0761473 Phi B: 0.920491 Phi I: 5.82108e-52
Total charge: -9.5782e-20
etaHat: 124879
78  fE: -2.95744  dfE: 0.0242311  dW: 0.358855  dPhi(Nx/2)(Ny/2)(Nz/2): -0.00441209 Phi A: 0.0766256 Phi B: 0.926939 Phi I: 5.82112e-52
Total charge: -9.62843e-20
etaHat: 124879
79  fE: -2.98527  dfE: 0.0278298  dW: 0.308913  dPhi(Nx/2)(Ny/2)(Nz/2): -0.0103374 Phi A: 0.0770274 Phi B: 0.932604 Phi I: 5.82115e-52
Total charge: -9.66716e-20
etaHat: 124879
80  fE: -3.01498  dfE: 0.0297117  dW: 0.248104  dPhi(Nx/2)(Ny/2)(Nz/2): -0.0151732 Phi A: 0.0773373 Phi B: 0.93727 Phi I: 5.82118e-52
Saving data . . .
Total charge: -9.69325e-20
etaHat: 124879
81  fE: -3.04487  dfE: 0.0298903  dW: 0.180631  dPhi(Nx/2)(Ny/2)(Nz/2): -0.0187685 Phi A: 0.077546 Phi B: 0.940794 Phi I: 5.82121e-52
Total charge: -9.70635e-20
etaHat: 124879
82  fE: -3.07335  dfE: 0.0284806  dW: 0.111026  dPhi(Nx/2)(Ny/2)(Nz/2): -0.0210534 Phi A: 0.0776508 Phi B: 0.943107 Phi I: 5.82122e-52
Total charge: -9.70688e-20
etaHat: 124879
83  fE: -3.09904  dfE: 0.0256901  dW: 0.0532612  dPhi(Nx/2)(Ny/2)(Nz/2): -0.0220361 Phi A: 0.077655 Phi B: 0.944212 Phi I: 5.82123e-52
Total charge: -9.69592e-20
etaHat: 124879
84  fE: -3.12084  dfE: 0.0218  dW: 0.039944  dPhi(Nx/2)(Ny/2)(Nz/2): -0.0217954 Phi A: 0.0775673 Phi B: 0.944177 Phi I: 5.82123e-52
Total charge: -9.67506e-20
etaHat: 124879
85  fE: -3.13798  dfE: 0.0171385  dW: 0.0792216  dPhi(Nx/2)(Ny/2)(Nz/2): -0.0204688 Phi A: 0.0774005 Phi B: 0.943126 Phi I: 5.82122e-52
Total charge: -9.64628e-20
etaHat: 124879
86  fE: -3.15003  dfE: 0.0120517  dW: 0.125425  dPhi(Nx/2)(Ny/2)(Nz/2): -0.018238 Phi A: 0.0771702 Phi B: 0.941225 Phi I: 5.82121e-52
Total charge: -9.61174e-20
etaHat: 124879
87  fE: -3.15691  dfE: 0.00687524  dW: 0.161364  dPhi(Nx/2)(Ny/2)(Nz/2): -0.0153134 Phi A: 0.0768939 Phi B: 0.938665 Phi I: 5.82119e-52
Total charge: -9.57369e-20
etaHat: 124879
88  fE: -3.15882  dfE: 0.00191001  dW: 0.185695  dPhi(Nx/2)(Ny/2)(Nz/2): -0.0119185 Phi A: 0.0765895 Phi B: 0.935652 Phi I: 5.82117e-52
Total charge: -9.53429e-20
etaHat: 124879
89  fE: -3.15622  dfE: 0.0025945  dW: 0.198423  dPhi(Nx/2)(Ny/2)(Nz/2): -0.00827574 Phi A: 0.0762743 Phi B: 0.932391 Phi I: 5.82115e-52
Total charge: -9.49552e-20
etaHat: 124879
90  fE: -3.14977  dfE: 0.00645  dW: 0.200146  dPhi(Nx/2)(Ny/2)(Nz/2): -0.00459489 Phi A: 0.0759641 Phi B: 0.929075 Phi I: 5.82113e-52
Saving data . . .
Total charge: -9.45911e-20
etaHat: 124879
91  fE: -3.14024  dfE: 0.00953197  dW: 0.191949  dPhi(Nx/2)(Ny/2)(Nz/2): -0.00106317 Phi A: 0.0756728 Phi B: 0.92588 Phi I: 5.82111e-52
Total charge: -9.42646e-20
etaHat: 124879
92  fE: -3.12846  dfE: 0.0117766  dW: 0.175297  dPhi(Nx/2)(Ny/2)(Nz/2): 0.00216118 Phi A: 0.0754117 Phi B: 0.922952 Phi I: 5.82109e-52
Total charge: -9.39864e-20
etaHat: 124879
93  fE: -3.11529  dfE: 0.0131741  dW: 0.151909  dPhi(Nx/2)(Ny/2)(Nz/2): 0.00495321 Phi A: 0.0751891 Phi B: 0.920408 Phi I: 5.82108e-52
Total charge: -9.37636e-20
etaHat: 124879
94  fE: -3.10153  dfE: 0.0137592  dW: 0.123655  dPhi(Nx/2)(Ny/2)(Nz/2): 0.00722311 Phi A: 0.0750109 Phi B: 0.918333 Phi I: 5.82106e-52
Total charge: -9.36e-20
etaHat: 124879
95  fE: -3.08793  dfE: 0.013602  dW: 0.0924416  dPhi(Nx/2)(Ny/2)(Nz/2): 0.00891624 Phi A: 0.07488 Phi B: 0.91678 Phi I: 5.82105e-52
Total charge: -9.3496e-20
etaHat: 124879
96  fE: -3.07513  dfE: 0.0127982  dW: 0.060316  dPhi(Nx/2)(Ny/2)(Nz/2): 0.0100114 Phi A: 0.0747968 Phi B: 0.915769 Phi I: 5.82105e-52
Total charge: -9.34494e-20
etaHat: 124879
97  fE: -3.06367  dfE: 0.0114605  dW: 0.0322985  dPhi(Nx/2)(Ny/2)(Nz/2): 0.0105183 Phi A: 0.0747595 Phi B: 0.915293 Phi I: 5.82104e-52
Total charge: -9.34553e-20
etaHat: 124879
98  fE: -3.05396  dfE: 0.00971165  dW: 0.0210719  dPhi(Nx/2)(Ny/2)(Nz/2): 0.0104731 Phi A: 0.0747642 Phi B: 0.915321 Phi I: 5.82104e-52
Total charge: -9.3507e-20
etaHat: 124879
99  fE: -3.04628  dfE: 0.00767791  dW: 0.0312405  dPhi(Nx/2)(Ny/2)(Nz/2): 0.00993475 Phi A: 0.0748056 Phi B: 0.9158 Phi I: 5.82105e-52
Total charge: -9.35963e-20
etaHat: 124879
100  fE: -3.0408  dfE: 0.00548411  dW: 0.0500062  dPhi(Nx/2)(Ny/2)(Nz/2): 0.00897944 Phi A: 0.0748771 Phi B: 0.916661 Phi I: 5.82105e-52
Saving data . . .
Total charge: -9.37141e-20
etaHat: 124879
101  fE: -3.03755  dfE: 0.00324919  dW: 0.0667813  dPhi(Nx/2)(Ny/2)(Nz/2): 0.00769564 Phi A: 0.0749713 Phi B: 0.917823 Phi I: 5.82106e-52
Total charge: -9.38508e-20
etaHat: 124879
102  fE: -3.03646  dfE: 0.00108233  dW: 0.078605  dPhi(Nx/2)(Ny/2)(Nz/2): 0.00617877 Phi A: 0.0750806 Phi B: 0.919199 Phi I: 5.82107e-52
Total charge: -9.39969e-20
etaHat: 124879
103  fE: -3.03738  dfE: 0.000920297  dW: 0.0851509  dPhi(Nx/2)(Ny/2)(Nz/2): 0.0045261 Phi A: 0.0751975 Phi B: 0.9207 Phi I: 5.82108e-52
Total charge: -9.41433e-20
etaHat: 124879
104  fE: -3.04006  dfE: 0.00267845  dW: 0.0866212  dPhi(Nx/2)(Ny/2)(Nz/2): 0.00283193 Phi A: 0.0753146 Phi B: 0.92224 Phi I: 5.82109e-52
Total charge: -9.4282e-20
etaHat: 124879
105  fE: -3.04419  dfE: 0.00413006  dW: 0.0834685  dPhi(Nx/2)(Ny/2)(Nz/2): 0.00118328 Phi A: 0.0754256 Phi B: 0.923738 Phi I: 5.8211e-52
Total charge: -9.4406e-20
etaHat: 124879
106  fE: -3.04943  dfE: 0.00523288  dW: 0.0763344  dPhi(Nx/2)(Ny/2)(Nz/2): -0.000343644 Phi A: 0.0755248 Phi B: 0.925125 Phi I: 5.8211e-52
Total charge: -9.451e-20
etaHat: 124879
107  fE: -3.05539  dfE: 0.00596517  dW: 0.0660083  dPhi(Nx/2)(Ny/2)(Nz/2): -0.00168631 Phi A: 0.075608 Phi B: 0.926342 Phi I: 5.82111e-52
Total charge: -9.459e-20
etaHat: 124879
108  fE: -3.06172  dfE: 0.00632549  dW: 0.0534531  dPhi(Nx/2)(Ny/2)(Nz/2): -0.00279767 Phi A: 0.075672 Phi B: 0.927347 Phi I: 5.82112e-52
Total charge: -9.46439e-20
etaHat: 124879
109  fE: -3.06805  dfE: 0.00633139  dW: 0.0400615  dPhi(Nx/2)(Ny/2)(Nz/2): -0.00364708 Phi A: 0.0757151 Phi B: 0.928112 Phi I: 5.82112e-52
Total charge: -9.4671e-20
etaHat: 124879
110  fE: -3.07406  dfE: 0.00601709  dW: 0.0280574  dPhi(Nx/2)(Ny/2)(Nz/2): -0.00422028 Phi A: 0.0757368 Phi B: 0.928622 Phi I: 5.82113e-52
Saving data . . .
Total charge: -9.46722e-20
etaHat: 124879
111  fE: -3.07949  dfE: 0.00543035  dW: 0.0203028  dPhi(Nx/2)(Ny/2)(Nz/2): -0.00451845 Phi A: 0.0757378 Phi B: 0.928879 Phi I: 5.82113e-52
Total charge: -9.46495e-20
etaHat: 124879
112  fE: -3.08412  dfE: 0.00462871  dW: 0.0185733  dPhi(Nx/2)(Ny/2)(Nz/2): -0.00455662 Phi A: 0.0757196 Phi B: 0.928897 Phi I: 5.82113e-52
Total charge: -9.46061e-20
etaHat: 124879
113  fE: -3.0878  dfE: 0.00367538  dW: 0.0221415  dPhi(Nx/2)(Ny/2)(Nz/2): -0.0043614 Phi A: 0.0756849 Phi B: 0.928701 Phi I: 5.82113e-52
Total charge: -9.45457e-20
etaHat: 124879
114  fE: -3.09043  dfE: 0.00263518  dW: 0.0284446  dPhi(Nx/2)(Ny/2)(Nz/2): -0.00396841 Phi A: 0.0756366 Phi B: 0.928322 Phi I: 5.82112e-52
Total charge: -9.44728e-20
etaHat: 124879
115  fE: -3.092  dfE: 0.00157072  dW: 0.0348735  dPhi(Nx/2)(Ny/2)(Nz/2): -0.00341946 Phi A: 0.0755783 Phi B: 0.9278 Phi I: 5.82112e-52
Total charge: -9.43919e-20
etaHat: 124879
116  fE: -3.09254  dfE: 0.000539193  dW: 0.0398326  dPhi(Nx/2)(Ny/2)(Nz/2): -0.0027597 Phi A: 0.0755135 Phi B: 0.927176 Phi I: 5.82112e-52
Total charge: -9.43074e-20
etaHat: 124879
117  fE: -3.09213  dfE: 0.000410209  dW: 0.0426645  dPhi(Nx/2)(Ny/2)(Nz/2): -0.00203498 Phi A: 0.0754459 Phi B: 0.926493 Phi I: 5.82111e-52
Total charge: -9.42236e-20
etaHat: 124879
118  fE: -3.0909  dfE: 0.00123803  dW: 0.0432539  dPhi(Nx/2)(Ny/2)(Nz/2): -0.0012894 Phi A: 0.0753789 Phi B: 0.925791 Phi I: 5.82111e-52
Total charge: -9.41441e-20
etaHat: 124879
119  fE: -3.08898  dfE: 0.00191553  dW: 0.0417569  dPhi(Nx/2)(Ny/2)(Nz/2): -0.000563279 Phi A: 0.0753153 Phi B: 0.925108 Phi I: 5.8211e-52
Total charge: -9.40721e-20
etaHat: 124879
120  fE: -3.08656  dfE: 0.00242489  dW: 0.0384764  dPhi(Nx/2)(Ny/2)(Nz/2): 0.000108446 Phi A: 0.0752577 Phi B: 0.924477 Phi I: 5.8211e-52
Saving data . . .
Total charge: -9.401e-20
etaHat: 124879
121  fE: -3.0838  dfE: 0.00275882  dW: 0.0338472  dPhi(Nx/2)(Ny/2)(Nz/2): 0.000697392 Phi A: 0.075208 Phi B: 0.923923 Phi I: 5.8211e-52
Total charge: -9.39595e-20
etaHat: 124879
122  fE: -3.08088  dfE: 0.00291966  dW: 0.0284555  dPhi(Nx/2)(Ny/2)(Nz/2): 0.00118242 Phi A: 0.0751676 Phi B: 0.923466 Phi I: 5.82109e-52
Total charge: -9.39216e-20
etaHat: 124879
123  fE: -3.07796  dfE: 0.00291811  dW: 0.0230576  dPhi(Nx/2)(Ny/2)(Nz/2): 0.00154988 Phi A: 0.0751373 Phi B: 0.92312 Phi I: 5.82109e-52
Total charge: -9.38965e-20
etaHat: 124879
124  fE: -3.07519  dfE: 0.00277165  dW: 0.0184955  dPhi(Nx/2)(Ny/2)(Nz/2): 0.00179351 Phi A: 0.0751172 Phi B: 0.92289 Phi I: 5.82109e-52
Total charge: -9.38839e-20
etaHat: 124879
125  fE: -3.07268  dfE: 0.002503  dW: 0.0154541  dPhi(Nx/2)(Ny/2)(Nz/2): 0.00191392 Phi A: 0.0751071 Phi B: 0.922775 Phi I: 5.82109e-52
Total charge: -9.38828e-20
etaHat: 124879
126  fE: -3.07055  dfE: 0.00213832  dW: 0.0142035  dPhi(Nx/2)(Ny/2)(Nz/2): 0.00191783 Phi A: 0.0751062 Phi B: 0.92277 Phi I: 5.82109e-52
Total charge: -9.38917e-20
etaHat: 124879
127  fE: -3.06884  dfE: 0.00170569  dW: 0.0144812  dPhi(Nx/2)(Ny/2)(Nz/2): 0.00181712 Phi A: 0.0751134 Phi B: 0.922863 Phi I: 5.82109e-52
Total charge: -9.3909e-20
etaHat: 124879
128  fE: -3.06761  dfE: 0.00123351  dW: 0.0157506  dPhi(Nx/2)(Ny/2)(Nz/2): 0.00162768 Phi A: 0.0751272 Phi B: 0.923041 Phi I: 5.82109e-52
Total charge: -9.39326e-20
etaHat: 124879
129  fE: -3.06686  dfE: 0.000749141  dW: 0.017401  dPhi(Nx/2)(Ny/2)(Nz/2): 0.00136822 Phi A: 0.0751461 Phi B: 0.923285 Phi I: 5.82109e-52
Total charge: -9.39604e-20
etaHat: 124879
130  fE: -3.06658  dfE: 0.000277733  dW: 0.018875  dPhi(Nx/2)(Ny/2)(Nz/2): 0.00105905 Phi A: 0.0751683 Phi B: 0.923576 Phi I: 5.82109e-52
Saving data . . .
Total charge: -9.39905e-20
etaHat: 124879
131  fE: -3.06674  dfE: 0.000158757  dW: 0.0197989  dPhi(Nx/2)(Ny/2)(Nz/2): 0.000720919 Phi A: 0.0751924 Phi B: 0.923896 Phi I: 5.82109e-52
Total charge: -9.40209e-20
etaHat: 124879
132  fE: -3.06728  dfE: 0.000542296  dW: 0.0200012  dPhi(Nx/2)(Ny/2)(Nz/2): 0.000373907 Phi A: 0.0752167 Phi B: 0.924225 Phi I: 5.8211e-52
Total charge: -9.40498e-20
etaHat: 124879
133  fE: -3.06814  dfE: 0.000859265  dW: 0.0194771  dPhi(Nx/2)(Ny/2)(Nz/2): 3.65162e-05 Phi A: 0.0752398 Phi B: 0.924547 Phi I: 5.8211e-52
Total charge: -9.40757e-20
etaHat: 124879
134  fE: -3.06924  dfE: 0.0011007  dW: 0.0183477  dPhi(Nx/2)(Ny/2)(Nz/2): -0.00027511 Phi A: 0.0752606 Phi B: 0.924847 Phi I: 5.8211e-52
Total charge: -9.40975e-20
etaHat: 124879
135  fE: -3.0705  dfE: 0.00126227  dW: 0.0168203  dPhi(Nx/2)(Ny/2)(Nz/2): -0.000547755 Phi A: 0.075278 Phi B: 0.925111 Phi I: 5.8211e-52
Total charge: -9.41143e-20
etaHat: 124879
136  fE: -3.07185  dfE: 0.00134407  dW: 0.0151524  dPhi(Nx/2)(Ny/2)(Nz/2): -0.0007715 Phi A: 0.0752914 Phi B: 0.92533 Phi I: 5.8211e-52
Total charge: -9.41256e-20
etaHat: 124879
137  fE: -3.0732  dfE: 0.00135018  dW: 0.0136078  dPhi(Nx/2)(Ny/2)(Nz/2): -0.000939888 Phi A: 0.0753005 Phi B: 0.925499 Phi I: 5.8211e-52
Total charge: -9.41312e-20
etaHat: 124879
138  fE: -3.07449  dfE: 0.00128807  dW: 0.0124041  dPhi(Nx/2)(Ny/2)(Nz/2): -0.0010499 Phi A: 0.075305 Phi B: 0.925613 Phi I: 5.82111e-52
Total charge: -9.41314e-20
etaHat: 124879
139  fE: -3.07565  dfE: 0.00116788  dW: 0.0116574  dPhi(Nx/2)(Ny/2)(Nz/2): -0.00110175 Phi A: 0.0753051 Phi B: 0.925674 Phi I: 5.82111e-52
Total charge: -9.41265e-20
etaHat: 124879
140  fE: -3.07665  dfE: 0.00100165  dW: 0.0113761  dPhi(Nx/2)(Ny/2)(Nz/2): -0.00109856 Phi A: 0.0753012 Phi B: 0.925684 Phi I: 5.82111e-52
Saving data . . .
Total charge: -9.41172e-20
etaHat: 124879
141  fE: -3.07746  dfE: 0.000802523  dW: 0.0114869  dPhi(Nx/2)(Ny/2)(Nz/2): -0.00104588 Phi A: 0.0752938 Phi B: 0.925647 Phi I: 5.82111e-52
Total charge: -9.41042e-20
etaHat: 124879
142  fE: -3.07804  dfE: 0.000583923  dW: 0.0118339  dPhi(Nx/2)(Ny/2)(Nz/2): -0.00095117 Phi A: 0.0752834 Phi B: 0.925571 Phi I: 5.82111e-52
Total charge: -9.40885e-20
etaHat: 124879
143  fE: -3.0784  dfE: 0.000358874  dW: 0.01226  dPhi(Nx/2)(Ny/2)(Nz/2): -0.000823233 Phi A: 0.0752708 Phi B: 0.925464 Phi I: 5.8211e-52
Total charge: -9.4071e-20
etaHat: 124879
144  fE: -3.07854  dfE: 0.000139356  dW: 0.0126254  dPhi(Nx/2)(Ny/2)(Nz/2): -0.000671619 Phi A: 0.0752568 Phi B: 0.925333 Phi I: 5.8211e-52
Total charge: -9.40526e-20
etaHat: 124879
145  fE: -3.07848  dfE: 6.41881e-05  dW: 0.0128259  dPhi(Nx/2)(Ny/2)(Nz/2): -0.000506079 Phi A: 0.0752421 Phi B: 0.92519 Phi I: 5.8211e-52
Total charge: -9.40342e-20
etaHat: 124879
146  fE: -3.07823  dfE: 0.000243227  dW: 0.0128034  dPhi(Nx/2)(Ny/2)(Nz/2): -0.000336045 Phi A: 0.0752274 Phi B: 0.925041 Phi I: 5.8211e-52
Total charge: -9.40168e-20
etaHat: 124879
147  fE: -3.07784  dfE: 0.000391365  dW: 0.0125531  dPhi(Nx/2)(Ny/2)(Nz/2): -0.000170202 Phi A: 0.0752134 Phi B: 0.924895 Phi I: 5.8211e-52
Total charge: -9.40008e-20
etaHat: 124879
148  fE: -3.07734  dfE: 0.000504435  dW: 0.0121145  dPhi(Nx/2)(Ny/2)(Nz/2): -1.61216e-05 Phi A: 0.0752006 Phi B: 0.924759 Phi I: 5.8211e-52
Total charge: -9.39869e-20
etaHat: 124879
149  fE: -3.07676  dfE: 0.000580472  dW: 0.0115573  dPhi(Nx/2)(Ny/2)(Nz/2): 0.000119992 Phi A: 0.0751895 Phi B: 0.924639 Phi I: 5.8211e-52
Total charge: -9.39755e-20
etaHat: 124879
150  fE: -3.07614  dfE: 0.000619567  dW: 0.0109546  dPhi(Nx/2)(Ny/2)(Nz/2): 0.000233472 Phi A: 0.0751804 Phi B: 0.92454 Phi I: 5.8211e-52
Saving data . . .
Total charge: -9.39667e-20
etaHat: 124879
151  fE: -3.07551  dfE: 0.000623649  dW: 0.0103805  dPhi(Nx/2)(Ny/2)(Nz/2): 0.000321263 Phi A: 0.0751734 Phi B: 0.924463 Phi I: 5.8211e-52
Total charge: -9.39607e-20
etaHat: 124879
152  fE: -3.07492  dfE: 0.000596186  dW: 0.00990124  dPhi(Nx/2)(Ny/2)(Nz/2): 0.0003819 Phi A: 0.0751686 Phi B: 0.924411 Phi I: 5.8211e-52
Total charge: -9.39574e-20
etaHat: 124879
153  fE: -3.07437  dfE: 0.000541849  dW: 0.00954766  dPhi(Nx/2)(Ny/2)(Nz/2): 0.000415422 Phi A: 0.0751659 Phi B: 0.924385 Phi I: 5.8211e-52
Total charge: -9.39566e-20
etaHat: 124879
154  fE: -3.07391  dfE: 0.000466155  dW: 0.00931886  dPhi(Nx/2)(Ny/2)(Nz/2): 0.000423212 Phi A: 0.0751653 Phi B: 0.924381 Phi I: 5.8211e-52
Total charge: -9.3958e-20
etaHat: 124879
155  fE: -3.07353  dfE: 0.000375104  dW: 0.0092013  dPhi(Nx/2)(Ny/2)(Nz/2): 0.000407788 Phi A: 0.0751664 Phi B: 0.924399 Phi I: 5.8211e-52
Total charge: -9.39612e-20
etaHat: 124879
156  fE: -3.07326  dfE: 0.000274831  dW: 0.00915942  dPhi(Nx/2)(Ny/2)(Nz/2): 0.000372564 Phi A: 0.075169 Phi B: 0.924435 Phi I: 5.8211e-52
Total charge: -9.39658e-20
etaHat: 124879
157  fE: -3.07309  dfE: 0.00017129  dW: 0.00915334  dPhi(Nx/2)(Ny/2)(Nz/2): 0.000321584 Phi A: 0.0751727 Phi B: 0.924486 Phi I: 5.8211e-52
Total charge: -9.39714e-20
etaHat: 124879
158  fE: -3.07302  dfE: 6.99776e-05  dW: 0.00914638  dPhi(Nx/2)(Ny/2)(Nz/2): 0.000259262 Phi A: 0.0751771 Phi B: 0.924548 Phi I: 5.8211e-52
Total charge: -9.39776e-20
etaHat: 124879
159  fE: -3.07304  dfE: 2.42881e-05  dW: 0.009107  dPhi(Nx/2)(Ny/2)(Nz/2): 0.000190121 Phi A: 0.075182 Phi B: 0.924616 Phi I: 5.8211e-52
Total charge: -9.39838e-20
etaHat: 124879
160  fE: -3.07315  dfE: 0.00010754  dW: 0.00901928  dPhi(Nx/2)(Ny/2)(Nz/2): 0.000118555 Phi A: 0.075187 Phi B: 0.924686 Phi I: 5.8211e-52
Saving data . . .
Total charge: -9.39898e-20
etaHat: 124879
161  fE: -3.07333  dfE: 0.000176768  dW: 0.00888009  dPhi(Nx/2)(Ny/2)(Nz/2): 4.86312e-05 Phi A: 0.0751918 Phi B: 0.924755 Phi I: 5.8211e-52
Total charge: -9.39952e-20
etaHat: 124879
162  fE: -3.07356  dfE: 0.000229973  dW: 0.00869803  dPhi(Nx/2)(Ny/2)(Nz/2): -1.60867e-05 Phi A: 0.0751961 Phi B: 0.92482 Phi I: 5.8211e-52
Total charge: -9.39997e-20
etaHat: 124879
163  fE: -3.07382  dfE: 0.00026616  dW: 0.00848902  dPhi(Nx/2)(Ny/2)(Nz/2): -7.26593e-05 Phi A: 0.0751997 Phi B: 0.924877 Phi I: 5.8211e-52
Total charge: -9.40032e-20
etaHat: 124879
164  fE: -3.07411  dfE: 0.000285288  dW: 0.00827171  dPhi(Nx/2)(Ny/2)(Nz/2): -0.000118855 Phi A: 0.0752025 Phi B: 0.924925 Phi I: 5.8211e-52
Total charge: -9.40055e-20
etaHat: 124879
165  fE: -3.0744  dfE: 0.000288172  dW: 0.00806745  dPhi(Nx/2)(Ny/2)(Nz/2): -0.00015319 Phi A: 0.0752044 Phi B: 0.924962 Phi I: 5.8211e-52
Total charge: -9.40067e-20
etaHat: 124879
166  fE: -3.07467  dfE: 0.000276355  dW: 0.00788907  dPhi(Nx/2)(Ny/2)(Nz/2): -0.000174921 Phi A: 0.0752054 Phi B: 0.924988 Phi I: 5.8211e-52
Total charge: -9.40067e-20
etaHat: 124879
167  fE: -3.07492  dfE: 0.000251955  dW: 0.00774371  dPhi(Nx/2)(Ny/2)(Nz/2): -0.00018401 Phi A: 0.0752054 Phi B: 0.925002 Phi I: 5.8211e-52
Total charge: -9.40056e-20
etaHat: 124879
168  fE: -3.07514  dfE: 0.000217501  dW: 0.00763071  dPhi(Nx/2)(Ny/2)(Nz/2): -0.000181055 Phi A: 0.0752045 Phi B: 0.925006 Phi I: 5.8211e-52
Total charge: -9.40036e-20
etaHat: 124879
169  fE: -3.07532  dfE: 0.000175763  dW: 0.007545  dPhi(Nx/2)(Ny/2)(Nz/2): -0.000167189 Phi A: 0.0752028 Phi B: 0.924999 Phi I: 5.8211e-52
Total charge: -9.40007e-20
etaHat: 124879
170  fE: -3.07545  dfE: 0.000129587  dW: 0.00747751  dPhi(Nx/2)(Ny/2)(Nz/2): -0.000143974 Phi A: 0.0752006 Phi B: 0.924984 Phi I: 5.8211e-52
Saving data . . .
Total charge: -9.39973e-20
etaHat: 124879
171  fE: -3.07553  dfE: 8.17461e-05  dW: 0.00741825  dPhi(Nx/2)(Ny/2)(Nz/2): -0.000113278 Phi A: 0.0751978 Phi B: 0.924962 Phi I: 5.8211e-52
Total charge: -9.39935e-20
etaHat: 124879
172  fE: -3.07556  dfE: 3.48053e-05  dW: 0.00735758  dPhi(Nx/2)(Ny/2)(Nz/2): -7.71489e-05 Phi A: 0.0751948 Phi B: 0.924935 Phi I: 5.8211e-52
Total charge: -9.39894e-20
etaHat: 124879
173  fE: -3.07555  dfE: 8.98154e-06  dW: 0.00728719  dPhi(Nx/2)(Ny/2)(Nz/2): -3.76989e-05 Phi A: 0.0751915 Phi B: 0.924904 Phi I: 5.8211e-52
Total charge: -9.39854e-20
etaHat: 124879
174  fE: -3.07551  dfE: 4.77543e-05  dW: 0.00720332  dPhi(Nx/2)(Ny/2)(Nz/2): 3.00999e-06 Phi A: 0.0751883 Phi B: 0.924873 Phi I: 5.8211e-52
Total charge: -9.39815e-20
etaHat: 124879
175  fE: -3.07543  dfE: 8.00981e-05  dW: 0.00710559  dPhi(Nx/2)(Ny/2)(Nz/2): 4.30603e-05 Phi A: 0.0751852 Phi B: 0.924842 Phi I: 5.8211e-52
Total charge: -9.3978e-20
etaHat: 124879
176  fE: -3.07532  dfE: 0.000105068  dW: 0.00699611  dPhi(Nx/2)(Ny/2)(Nz/2): 8.0759e-05 Phi A: 0.0751824 Phi B: 0.924812 Phi I: 5.8211e-52
Total charge: -9.39748e-20
etaHat: 124879
177  fE: -3.0752  dfE: 0.000122186  dW: 0.0068789  dPhi(Nx/2)(Ny/2)(Nz/2): 0.000114697 Phi A: 0.0751799 Phi B: 0.924787 Phi I: 5.8211e-52
Total charge: -9.39722e-20
etaHat: 124879
178  fE: -3.07507  dfE: 0.000131416  dW: 0.00675807  dPhi(Nx/2)(Ny/2)(Nz/2): 0.000143788 Phi A: 0.0751778 Phi B: 0.924765 Phi I: 5.8211e-52
Total charge: -9.39702e-20
etaHat: 124879
179  fE: -3.07493  dfE: 0.00013312  dW: 0.00663905  dPhi(Nx/2)(Ny/2)(Nz/2): 0.000167288 Phi A: 0.0751762 Phi B: 0.924748 Phi I: 5.8211e-52
Total charge: -9.39688e-20
etaHat: 124879
180  fE: -3.07481  dfE: 0.000128  dW: 0.00652606  dPhi(Nx/2)(Ny/2)(Nz/2): 0.000184797 Phi A: 0.075175 Phi B: 0.924737 Phi I: 5.8211e-52
Saving data . . .
Total charge: -9.39679e-20
etaHat: 124879
181  fE: -3.07469  dfE: 0.000117021  dW: 0.00642315  dPhi(Nx/2)(Ny/2)(Nz/2): 0.000196239 Phi A: 0.0751743 Phi B: 0.92473 Phi I: 5.8211e-52
Total charge: -9.39676e-20
etaHat: 124879
182  fE: -3.07459  dfE: 0.000101343  dW: 0.00633064  dPhi(Nx/2)(Ny/2)(Nz/2): 0.000201833 Phi A: 0.0751741 Phi B: 0.924729 Phi I: 5.8211e-52
Total charge: -9.39678e-20
etaHat: 124879
183  fE: -3.07451  dfE: 8.22378e-05  dW: 0.00624647  dPhi(Nx/2)(Ny/2)(Nz/2): 0.000202053 Phi A: 0.0751742 Phi B: 0.924733 Phi I: 5.8211e-52
Total charge: -9.39683e-20
etaHat: 124879
184  fE: -3.07444  dfE: 6.10169e-05  dW: 0.00616879  dPhi(Nx/2)(Ny/2)(Nz/2): 0.00019757 Phi A: 0.0751747 Phi B: 0.92474 Phi I: 5.8211e-52
Total charge: -9.39692e-20
etaHat: 124879
185  fE: -3.07441  dfE: 3.89595e-05  dW: 0.00609565  dPhi(Nx/2)(Ny/2)(Nz/2): 0.000189206 Phi A: 0.0751754 Phi B: 0.924751 Phi I: 5.8211e-52
Total charge: -9.39703e-20
etaHat: 124879
186  fE: -3.07439  dfE: 1.7254e-05  dW: 0.00602445  dPhi(Nx/2)(Ny/2)(Nz/2): 0.000177871 Phi A: 0.0751763 Phi B: 0.924763 Phi I: 5.8211e-52
Total charge: -9.39716e-20
etaHat: 124879
187  fE: -3.07439  dfE: 3.05269e-06  dW: 0.00595287  dPhi(Nx/2)(Ny/2)(Nz/2): 0.000164513 Phi A: 0.0751772 Phi B: 0.924778 Phi I: 5.8211e-52
Total charge: -9.39728e-20
etaHat: 124879
188  fE: -3.07441  dfE: 2.10923e-05  dW: 0.00587958  dPhi(Nx/2)(Ny/2)(Nz/2): 0.000150061 Phi A: 0.0751783 Phi B: 0.924793 Phi I: 5.8211e-52
Total charge: -9.3974e-20
etaHat: 124879
189  fE: -3.07445  dfE: 3.62001e-05  dW: 0.00580405  dPhi(Nx/2)(Ny/2)(Nz/2): 0.000135388 Phi A: 0.0751792 Phi B: 0.924808 Phi I: 5.8211e-52
Total charge: -9.39752e-20
etaHat: 124879
190  fE: -3.0745  dfE: 4.79267e-05  dW: 0.0057267  dPhi(Nx/2)(Ny/2)(Nz/2): 0.000121268 Phi A: 0.0751801 Phi B: 0.924822 Phi I: 5.8211e-52
Saving data . . .
Total charge: -9.39761e-20
etaHat: 124879
191  fE: -3.07455  dfE: 5.60383e-05  dW: 0.00564869  dPhi(Nx/2)(Ny/2)(Nz/2): 0.000108351 Phi A: 0.0751809 Phi B: 0.924834 Phi I: 5.8211e-52
Total charge: -9.39768e-20
etaHat: 124879
192  fE: -3.07461  dfE: 6.05062e-05  dW: 0.00557121  dPhi(Nx/2)(Ny/2)(Nz/2): 9.71436e-05 Phi A: 0.0751814 Phi B: 0.924845 Phi I: 5.8211e-52
Total charge: -9.39773e-20
etaHat: 124879
193  fE: -3.07468  dfE: 6.14863e-05  dW: 0.00549573  dPhi(Nx/2)(Ny/2)(Nz/2): 8.80008e-05 Phi A: 0.0751818 Phi B: 0.924853 Phi I: 5.8211e-52
Total charge: -9.39775e-20
etaHat: 124879
194  fE: -3.07473  dfE: 5.92929e-05  dW: 0.00542313  dPhi(Nx/2)(Ny/2)(Nz/2): 8.11228e-05 Phi A: 0.075182 Phi B: 0.924859 Phi I: 5.8211e-52
Total charge: -9.39775e-20
etaHat: 124879
195  fE: -3.07479  dfE: 5.4366e-05  dW: 0.00535389  dPhi(Nx/2)(Ny/2)(Nz/2): 7.65643e-05 Phi A: 0.075182 Phi B: 0.924862 Phi I: 5.8211e-52
Total charge: -9.39772e-20
etaHat: 124879
196  fE: -3.07484  dfE: 4.72364e-05  dW: 0.00528817  dPhi(Nx/2)(Ny/2)(Nz/2): 7.4247e-05 Phi A: 0.0751818 Phi B: 0.924863 Phi I: 5.8211e-52
Total charge: -9.39768e-20
etaHat: 124879
197  fE: -3.07487  dfE: 3.84897e-05  dW: 0.00522554  dPhi(Nx/2)(Ny/2)(Nz/2): 7.39794e-05 Phi A: 0.0751814 Phi B: 0.924862 Phi I: 5.8211e-52
Total charge: -9.39762e-20
etaHat: 124879
198  fE: -3.0749  dfE: 2.87314e-05  dW: 0.00516508  dPhi(Nx/2)(Ny/2)(Nz/2): 7.54791e-05 Phi A: 0.0751809 Phi B: 0.924859 Phi I: 5.8211e-52
Total charge: -9.39754e-20
etaHat: 124879
199  fE: -3.07492  dfE: 1.85545e-05  dW: 0.00510595  dPhi(Nx/2)(Ny/2)(Nz/2): 7.83978e-05 Phi A: 0.0751803 Phi B: 0.924854 Phi I: 5.8211e-52
Total charge: -9.39745e-20
etaHat: 124879
200  fE: -3.07493  dfE: 8.51103e-06  dW: 0.00504732  dPhi(Nx/2)(Ny/2)(Nz/2): 8.23474e-05 Phi A: 0.0751796 Phi B: 0.924849 Phi I: 5.8211e-52
Saving data . . .
Total charge: -9.39737e-20
etaHat: 124879
201  fE: -3.07493  dfE: 9.11038e-07  dW: 0.00498871  dPhi(Nx/2)(Ny/2)(Nz/2): 8.69242e-05 Phi A: 0.0751789 Phi B: 0.924842 Phi I: 5.8211e-52
Total charge: -9.39728e-20
etaHat: 124879
202  fE: -3.07492  dfE: 9.30576e-06  dW: 0.00492976  dPhi(Nx/2)(Ny/2)(Nz/2): 9.17327e-05 Phi A: 0.0751782 Phi B: 0.924836 Phi I: 5.8211e-52
Total charge: -9.39719e-20
etaHat: 124879
203  fE: -3.0749  dfE: 1.63608e-05  dW: 0.0048704  dPhi(Nx/2)(Ny/2)(Nz/2): 9.64055e-05 Phi A: 0.0751775 Phi B: 0.924829 Phi I: 5.8211e-52
Total charge: -9.39711e-20
etaHat: 124879
204  fE: -3.07488  dfE: 2.18634e-05  dW: 0.00481066  dPhi(Nx/2)(Ny/2)(Nz/2): 0.00010062 Phi A: 0.0751769 Phi B: 0.924823 Phi I: 5.8211e-52
Total charge: -9.39704e-20
etaHat: 124879
205  fE: -3.07486  dfE: 2.57004e-05  dW: 0.00475078  dPhi(Nx/2)(Ny/2)(Nz/2): 0.000104111 Phi A: 0.0751763 Phi B: 0.924817 Phi I: 5.8211e-52
Total charge: -9.39698e-20
etaHat: 124879
206  fE: -3.07483  dfE: 2.78538e-05  dW: 0.00469121  dPhi(Nx/2)(Ny/2)(Nz/2): 0.000106679 Phi A: 0.0751758 Phi B: 0.924812 Phi I: 5.8211e-52
Total charge: -9.39693e-20
etaHat: 124879
207  fE: -3.0748  dfE: 2.83914e-05  dW: 0.00463234  dPhi(Nx/2)(Ny/2)(Nz/2): 0.000108195 Phi A: 0.0751755 Phi B: 0.924809 Phi I: 5.8211e-52
Total charge: -9.3969e-20
etaHat: 124879
208  fE: -3.07477  dfE: 2.74548e-05  dW: 0.00457451  dPhi(Nx/2)(Ny/2)(Nz/2): 0.000108599 Phi A: 0.0751752 Phi B: 0.924806 Phi I: 5.8211e-52
Total charge: -9.39688e-20
etaHat: 124879
209  fE: -3.07475  dfE: 2.52443e-05  dW: 0.00451804  dPhi(Nx/2)(Ny/2)(Nz/2): 0.000107898 Phi A: 0.075175 Phi B: 0.924805 Phi I: 5.8211e-52
Total charge: -9.39687e-20
etaHat: 124879
210  fE: -3.07473  dfE: 2.20032e-05  dW: 0.00446317  dPhi(Nx/2)(Ny/2)(Nz/2): 0.00010616 Phi A: 0.0751749 Phi B: 0.924804 Phi I: 5.8211e-52
Saving data . . .
Total charge: -9.39687e-20
etaHat: 124879
211  fE: -3.07471  dfE: 1.80006e-05  dW: 0.00440975  dPhi(Nx/2)(Ny/2)(Nz/2): 0.000103502 Phi A: 0.0751749 Phi B: 0.924805 Phi I: 5.8211e-52
Total charge: -9.39688e-20
etaHat: 124879
212  fE: -3.07469  dfE: 1.35158e-05  dW: 0.00435778  dPhi(Nx/2)(Ny/2)(Nz/2): 0.000100083 Phi A: 0.075175 Phi B: 0.924807 Phi I: 5.8211e-52
Total charge: -9.39689e-20
etaHat: 124879
213  fE: -3.07468  dfE: 8.82292e-06  dW: 0.00430692  dPhi(Nx/2)(Ny/2)(Nz/2): 9.60878e-05 Phi A: 0.0751751 Phi B: 0.924809 Phi I: 5.8211e-52
Total charge: -9.39691e-20
etaHat: 124879
214  fE: -3.07468  dfE: 4.17812e-06  dW: 0.00425695  dPhi(Nx/2)(Ny/2)(Nz/2): 9.17203e-05 Phi A: 0.0751753 Phi B: 0.924812 Phi I: 5.8211e-52
Total charge: -9.39694e-20
etaHat: 124879
215  fE: -3.07468  dfE: 1.91654e-07  dW: 0.00420786  dPhi(Nx/2)(Ny/2)(Nz/2): 8.71879e-05 Phi A: 0.0751755 Phi B: 0.924815 Phi I: 5.8211e-52
Total charge: -9.39696e-20
etaHat: 124879
216  fE: -3.07468  dfE: 4.09681e-06  dW: 0.00415938  dPhi(Nx/2)(Ny/2)(Nz/2): 8.26918e-05 Phi A: 0.0751757 Phi B: 0.924818 Phi I: 5.8211e-52
Total charge: -9.39699e-20
etaHat: 124879
217  fE: -3.07469  dfE: 7.3907e-06  dW: 0.00411146  dPhi(Nx/2)(Ny/2)(Nz/2): 7.84178e-05 Phi A: 0.0751759 Phi B: 0.924821 Phi I: 5.8211e-52
Total charge: -9.39701e-20
etaHat: 124879
218  fE: -3.0747  dfE: 9.97246e-06  dW: 0.0040642  dPhi(Nx/2)(Ny/2)(Nz/2): 7.45282e-05 Phi A: 0.0751761 Phi B: 0.924824 Phi I: 5.8211e-52
Total charge: -9.39703e-20
etaHat: 124879
219  fE: -3.07471  dfE: 1.17873e-05  dW: 0.00401766  dPhi(Nx/2)(Ny/2)(Nz/2): 7.11559e-05 Phi A: 0.0751762 Phi B: 0.924827 Phi I: 5.8211e-52
Total charge: -9.39704e-20
etaHat: 124879
220  fE: -3.07473  dfE: 1.28245e-05  dW: 0.00397195  dPhi(Nx/2)(Ny/2)(Nz/2): 6.84004e-05 Phi A: 0.0751763 Phi B: 0.924829 Phi I: 5.8211e-52
Saving data . . .
Total charge: -9.39705e-20
etaHat: 124879
221  fE: -3.07474  dfE: 1.31132e-05  dW: 0.00392716  dPhi(Nx/2)(Ny/2)(Nz/2): 6.63263e-05 Phi A: 0.0751764 Phi B: 0.924831 Phi I: 5.8211e-52
Total charge: -9.39706e-20
etaHat: 124879
222  fE: -3.07475  dfE: 1.27169e-05  dW: 0.00388327  dPhi(Nx/2)(Ny/2)(Nz/2): 6.49628e-05 Phi A: 0.0751765 Phi B: 0.924832 Phi I: 5.8211e-52
Total charge: -9.39706e-20
etaHat: 124879
223  fE: -3.07476  dfE: 1.17269e-05  dW: 0.0038402  dPhi(Nx/2)(Ny/2)(Nz/2): 6.43058e-05 Phi A: 0.0751764 Phi B: 0.924833 Phi I: 5.8211e-52
Total charge: -9.39705e-20
etaHat: 124879
224  fE: -3.07477  dfE: 1.02543e-05  dW: 0.00379789  dPhi(Nx/2)(Ny/2)(Nz/2): 6.43207e-05 Phi A: 0.0751764 Phi B: 0.924833 Phi I: 5.8211e-52
Total charge: -9.39704e-20
etaHat: 124879
225  fE: -3.07478  dfE: 8.42308e-06  dW: 0.00375632  dPhi(Nx/2)(Ny/2)(Nz/2): 6.49471e-05 Phi A: 0.0751763 Phi B: 0.924833 Phi I: 5.8211e-52
Total charge: -9.39703e-20
etaHat: 124879
226  fE: -3.07479  dfE: 6.36203e-06  dW: 0.00371545  dPhi(Nx/2)(Ny/2)(Nz/2): 6.61035e-05 Phi A: 0.0751762 Phi B: 0.924832 Phi I: 5.8211e-52
Total charge: -9.39701e-20
etaHat: 124879
227  fE: -3.07479  dfE: 4.19803e-06  dW: 0.00367522  dPhi(Nx/2)(Ny/2)(Nz/2): 6.76936e-05 Phi A: 0.0751761 Phi B: 0.924831 Phi I: 5.8211e-52
Total charge: -9.39699e-20
etaHat: 124879
228  fE: -3.0748  dfE: 2.04993e-06  dW: 0.00363554  dPhi(Nx/2)(Ny/2)(Nz/2): 6.96112e-05 Phi A: 0.0751759 Phi B: 0.92483 Phi I: 5.8211e-52
Total charge: -9.39697e-20
etaHat: 124879
229  fE: -3.0748  dfE: 2.33516e-08  dW: 0.00359636  dPhi(Nx/2)(Ny/2)(Nz/2): 7.17469e-05 Phi A: 0.0751758 Phi B: 0.924829 Phi I: 5.8211e-52
Total charge: -9.39695e-20
etaHat: 124879
230  fE: -3.07479  dfE: 1.79312e-06  dW: 0.00355764  dPhi(Nx/2)(Ny/2)(Nz/2): 7.39925e-05 Phi A: 0.0751756 Phi B: 0.924828 Phi I: 5.8211e-52
Saving data . . .
Total charge: -9.39693e-20
etaHat: 124879
231  fE: -3.07479  dfE: 3.33064e-06  dW: 0.00351936  dPhi(Nx/2)(Ny/2)(Nz/2): 7.62463e-05 Phi A: 0.0751754 Phi B: 0.924826 Phi I: 5.8211e-52
Total charge: -9.39691e-20
etaHat: 124879
232  fE: -3.07479  dfE: 4.54148e-06  dW: 0.00348147  dPhi(Nx/2)(Ny/2)(Nz/2): 7.84166e-05 Phi A: 0.0751753 Phi B: 0.924825 Phi I: 5.8211e-52
Total charge: -9.3969e-20
etaHat: 124879
233  fE: -3.07478  dfE: 5.39918e-06  dW: 0.00344399  dPhi(Nx/2)(Ny/2)(Nz/2): 8.04249e-05 Phi A: 0.0751752 Phi B: 0.924824 Phi I: 5.8211e-52
Total charge: -9.39688e-20
etaHat: 124879
234  fE: -3.07477  dfE: 5.89771e-06  dW: 0.00340698  dPhi(Nx/2)(Ny/2)(Nz/2): 8.2208e-05 Phi A: 0.0751751 Phi B: 0.924823 Phi I: 5.8211e-52
Total charge: -9.39687e-20
etaHat: 124879
235  fE: -3.07477  dfE: 6.04957e-06  dW: 0.00337046  dPhi(Nx/2)(Ny/2)(Nz/2): 8.37191e-05 Phi A: 0.075175 Phi B: 0.924822 Phi I: 5.8211e-52
Total charge: -9.39686e-20
etaHat: 124879
236  fE: -3.07476  dfE: 5.8833e-06  dW: 0.00333443  dPhi(Nx/2)(Ny/2)(Nz/2): 8.49281e-05 Phi A: 0.0751749 Phi B: 0.924821 Phi I: 5.8211e-52
Total charge: -9.39686e-20
etaHat: 124879
237  fE: -3.07476  dfE: 5.44035e-06  dW: 0.00329893  dPhi(Nx/2)(Ny/2)(Nz/2): 8.58208e-05 Phi A: 0.0751749 Phi B: 0.924821 Phi I: 5.8211e-52
Total charge: -9.39685e-20
etaHat: 124879
238  fE: -3.07475  dfE: 4.77168e-06  dW: 0.003264  dPhi(Nx/2)(Ny/2)(Nz/2): 8.63979e-05 Phi A: 0.0751748 Phi B: 0.924821 Phi I: 5.8211e-52
Total charge: -9.39685e-20
etaHat: 124879
239  fE: -3.07475  dfE: 3.93418e-06  dW: 0.00322964  dPhi(Nx/2)(Ny/2)(Nz/2): 8.66731e-05 Phi A: 0.0751748 Phi B: 0.924821 Phi I: 5.8211e-52
Total charge: -9.39686e-20
etaHat: 124879
240  fE: -3.07475  dfE: 2.9873e-06  dW: 0.00319584  dPhi(Nx/2)(Ny/2)(Nz/2): 8.66708e-05 Phi A: 0.0751748 Phi B: 0.924821 Phi I: 5.8211e-52
Saving data . . .
Total charge: -9.39686e-20
etaHat: 124879
241  fE: -3.07474  dfE: 1.98971e-06  dW: 0.00316253  dPhi(Nx/2)(Ny/2)(Nz/2): 8.64236e-05 Phi A: 0.0751749 Phi B: 0.924822 Phi I: 5.8211e-52
Total charge: -9.39686e-20
etaHat: 124879
242  fE: -3.07474  dfE: 9.96535e-07  dW: 0.00312973  dPhi(Nx/2)(Ny/2)(Nz/2): 8.597e-05 Phi A: 0.0751749 Phi B: 0.924822 Phi I: 5.8211e-52
Total charge: -9.39687e-20
etaHat: 124879
243  fE: -3.07474  dfE: 5.69172e-08  dW: 0.00309741  dPhi(Nx/2)(Ny/2)(Nz/2): 8.5351e-05 Phi A: 0.0751749 Phi B: 0.924823 Phi I: 5.8211e-52
Total charge: -9.39687e-20
etaHat: 124879
244  fE: -3.07474  dfE: 7.87787e-07  dW: 0.00306557  dPhi(Nx/2)(Ny/2)(Nz/2): 8.46089e-05 Phi A: 0.075175 Phi B: 0.924824 Phi I: 5.8211e-52
Total charge: -9.39688e-20
etaHat: 124879
245  fE: -3.07474  dfE: 1.50527e-06  dW: 0.00303418  dPhi(Nx/2)(Ny/2)(Nz/2): 8.37839e-05 Phi A: 0.075175 Phi B: 0.924824 Phi I: 5.8211e-52
Total charge: -9.39688e-20
etaHat: 124879
246  fE: -3.07475  dfE: 2.07295e-06  dW: 0.00300325  dPhi(Nx/2)(Ny/2)(Nz/2): 8.29133e-05 Phi A: 0.075175 Phi B: 0.924825 Phi I: 5.8211e-52
Total charge: -9.39688e-20
etaHat: 124879
247  fE: -3.07475  dfE: 2.47807e-06  dW: 0.00297274  dPhi(Nx/2)(Ny/2)(Nz/2): 8.20294e-05 Phi A: 0.0751751 Phi B: 0.924825 Phi I: 5.8211e-52
Total charge: -9.39689e-20
etaHat: 124879
248  fE: -3.07475  dfE: 2.71733e-06  dW: 0.00294266  dPhi(Nx/2)(Ny/2)(Nz/2): 8.11586e-05 Phi A: 0.0751751 Phi B: 0.924826 Phi I: 5.8211e-52
Total charge: -9.39689e-20
etaHat: 124879
249  fE: -3.07476  dfE: 2.79605e-06  dW: 0.00291299  dPhi(Nx/2)(Ny/2)(Nz/2): 8.03213e-05 Phi A: 0.0751751 Phi B: 0.924826 Phi I: 5.8211e-52
Total charge: -9.39689e-20
etaHat: 124879
250  fE: -3.07476  dfE: 2.72703e-06  dW: 0.00288373  dPhi(Nx/2)(Ny/2)(Nz/2): 7.9531e-05 Phi A: 0.0751751 Phi B: 0.924827 Phi I: 5.8211e-52
Saving data . . .
Total charge: -9.39689e-20
etaHat: 124879
251  fE: -3.07476  dfE: 2.5291e-06  dW: 0.00285488  dPhi(Nx/2)(Ny/2)(Nz/2): 7.87948e-05 Phi A: 0.0751751 Phi B: 0.924827 Phi I: 5.8211e-52
Total charge: -9.39689e-20
etaHat: 124879
252  fE: -3.07476  dfE: 2.22558e-06  dW: 0.00282642  dPhi(Nx/2)(Ny/2)(Nz/2): 7.81141e-05 Phi A: 0.0751751 Phi B: 0.924827 Phi I: 5.8211e-52
Total charge: -9.39689e-20
etaHat: 124879
253  fE: -3.07476  dfE: 1.84262e-06  dW: 0.00279832  dPhi(Nx/2)(Ny/2)(Nz/2): 7.7485e-05 Phi A: 0.0751751 Phi B: 0.924827 Phi I: 5.8211e-52
Total charge: -9.39688e-20
etaHat: 124879
254  fE: -3.07477  dfE: 1.40763e-06  dW: 0.00277057  dPhi(Nx/2)(Ny/2)(Nz/2): 7.68994e-05 Phi A: 0.0751751 Phi B: 0.924827 Phi I: 5.8211e-52
Total charge: -9.39688e-20
etaHat: 124879
255  fE: -3.07477  dfE: 9.4776e-07  dW: 0.00274319  dPhi(Nx/2)(Ny/2)(Nz/2): 7.6346e-05 Phi A: 0.075175 Phi B: 0.924827 Phi I: 5.8211e-52
Total charge: -9.39687e-20
etaHat: 124879
256  fE: -3.07477  dfE: 4.88565e-07  dW: 0.00271613  dPhi(Nx/2)(Ny/2)(Nz/2): 7.58115e-05 Phi A: 0.075175 Phi B: 0.924826 Phi I: 5.8211e-52
Total charge: -9.39687e-20
etaHat: 124879
257  fE: -3.07477  dfE: 5.2912e-08  dW: 0.0026894  dPhi(Nx/2)(Ny/2)(Nz/2): 7.52818e-05 Phi A: 0.075175 Phi B: 0.924826 Phi I: 5.8211e-52
Total charge: -9.39687e-20
etaHat: 124879
258  fE: -3.07477  dfE: 3.39891e-07  dW: 0.00266299  dPhi(Nx/2)(Ny/2)(Nz/2): 7.47425e-05 Phi A: 0.0751749 Phi B: 0.924826 Phi I: 5.8211e-52
Total charge: -9.39686e-20
etaHat: 124879
259  fE: -3.07477  dfE: 6.74689e-07  dW: 0.00263691  dPhi(Nx/2)(Ny/2)(Nz/2): 7.41806e-05 Phi A: 0.0751749 Phi B: 0.924825 Phi I: 5.8211e-52
Total charge: -9.39686e-20
etaHat: 124879
260  fE: -3.07477  dfE: 9.40803e-07  dW: 0.00261116  dPhi(Nx/2)(Ny/2)(Nz/2): 7.35845e-05 Phi A: 0.0751749 Phi B: 0.924825 Phi I: 5.8211e-52
Saving data . . .
Total charge: -9.39685e-20
etaHat: 124879
261  fE: -3.07476  dfE: 1.1321e-06  dW: 0.00258571  dPhi(Nx/2)(Ny/2)(Nz/2): 7.29453e-05 Phi A: 0.0751748 Phi B: 0.924825 Phi I: 5.8211e-52
Total charge: -9.39685e-20
etaHat: 124879
262  fE: -3.07476  dfE: 1.24681e-06  dW: 0.00256059  dPhi(Nx/2)(Ny/2)(Nz/2): 7.22565e-05 Phi A: 0.0751748 Phi B: 0.924825 Phi I: 5.8211e-52
Total charge: -9.39685e-20
etaHat: 124879
263  fE: -3.07476  dfE: 1.2872e-06  dW: 0.00253581  dPhi(Nx/2)(Ny/2)(Nz/2): 7.15148e-05 Phi A: 0.0751748 Phi B: 0.924825 Phi I: 5.8211e-52
Total charge: -9.39685e-20
etaHat: 124879
264  fE: -3.07476  dfE: 1.25898e-06  dW: 0.00251136  dPhi(Nx/2)(Ny/2)(Nz/2): 7.07198e-05 Phi A: 0.0751748 Phi B: 0.924824 Phi I: 5.8211e-52
Total charge: -9.39684e-20
etaHat: 124879
265  fE: -3.07476  dfE: 1.17072e-06  dW: 0.00248723  dPhi(Nx/2)(Ny/2)(Nz/2): 6.98739e-05 Phi A: 0.0751747 Phi B: 0.924824 Phi I: 5.8211e-52
Total charge: -9.39684e-20
etaHat: 124879
266  fE: -3.07476  dfE: 1.03308e-06  dW: 0.0024634  dPhi(Nx/2)(Ny/2)(Nz/2): 6.89822e-05 Phi A: 0.0751747 Phi B: 0.924824 Phi I: 5.8211e-52
Total charge: -9.39684e-20
etaHat: 124879
267  fE: -3.07476  dfE: 8.58081e-07  dW: 0.00243986  dPhi(Nx/2)(Ny/2)(Nz/2): 6.80519e-05 Phi A: 0.0751747 Phi B: 0.924824 Phi I: 5.8211e-52
Total charge: -9.39684e-20
etaHat: 124879
268  fE: -3.07476  dfE: 6.58357e-07  dW: 0.0024166  dPhi(Nx/2)(Ny/2)(Nz/2): 6.70918e-05 Phi A: 0.0751747 Phi B: 0.924824 Phi I: 5.8211e-52
Total charge: -9.39684e-20
etaHat: 124879
269  fE: -3.07476  dfE: 4.46461e-07  dW: 0.00239362  dPhi(Nx/2)(Ny/2)(Nz/2): 6.61123e-05 Phi A: 0.0751747 Phi B: 0.924825 Phi I: 5.8211e-52
Total charge: -9.39684e-20
etaHat: 124879
270  fE: -3.07476  dfE: 2.34247e-07  dW: 0.00237092  dPhi(Nx/2)(Ny/2)(Nz/2): 6.5124e-05 Phi A: 0.0751747 Phi B: 0.924825 Phi I: 5.8211e-52
Saving data . . .
Total charge: -9.39684e-20
etaHat: 124879
271  fE: -3.07476  dfE: 3.23498e-08  dW: 0.00234851  dPhi(Nx/2)(Ny/2)(Nz/2): 6.41378e-05 Phi A: 0.0751748 Phi B: 0.924825 Phi I: 5.8211e-52
Total charge: -9.39685e-20
etaHat: 124879
272  fE: -3.07476  dfE: 1.5022e-07  dW: 0.00232639  dPhi(Nx/2)(Ny/2)(Nz/2): 6.31643e-05 Phi A: 0.0751748 Phi B: 0.924825 Phi I: 5.8211e-52
Total charge: -9.39685e-20
etaHat: 124879
273  fE: -3.07476  dfE: 3.06355e-07  dW: 0.00230453  dPhi(Nx/2)(Ny/2)(Nz/2): 6.22133e-05 Phi A: 0.0751748 Phi B: 0.924825 Phi I: 5.8211e-52
Total charge: -9.39685e-20
etaHat: 124879
274  fE: -3.07476  dfE: 4.31009e-07  dW: 0.00228292  dPhi(Nx/2)(Ny/2)(Nz/2): 6.12932e-05 Phi A: 0.0751748 Phi B: 0.924825 Phi I: 5.8211e-52
Total charge: -9.39685e-20
etaHat: 124879
275  fE: -3.07476  dfE: 5.21234e-07  dW: 0.00226158  dPhi(Nx/2)(Ny/2)(Nz/2): 6.04113e-05 Phi A: 0.0751748 Phi B: 0.924825 Phi I: 5.8211e-52
Total charge: -9.39685e-20
etaHat: 124879
276  fE: -3.07476  dfE: 5.76108e-07  dW: 0.0022405  dPhi(Nx/2)(Ny/2)(Nz/2): 5.95731e-05 Phi A: 0.0751748 Phi B: 0.924825 Phi I: 5.8211e-52
Total charge: -9.39685e-20
etaHat: 124879
277  fE: -3.07476  dfE: 5.96573e-07  dW: 0.00221968  dPhi(Nx/2)(Ny/2)(Nz/2): 5.87822e-05 Phi A: 0.0751748 Phi B: 0.924826 Phi I: 5.8211e-52
Total charge: -9.39685e-20
etaHat: 124879
278  fE: -3.07476  dfE: 5.85188e-07  dW: 0.0021991  dPhi(Nx/2)(Ny/2)(Nz/2): 5.80408e-05 Phi A: 0.0751748 Phi B: 0.924826 Phi I: 5.8211e-52
Total charge: -9.39685e-20
etaHat: 124879
279  fE: -3.07476  dfE: 5.4584e-07  dW: 0.00217875  dPhi(Nx/2)(Ny/2)(Nz/2): 5.73492e-05 Phi A: 0.0751748 Phi B: 0.924826 Phi I: 5.8211e-52
Total charge: -9.39685e-20
etaHat: 124879
280  fE: -3.07476  dfE: 4.83406e-07  dW: 0.00215864  dPhi(Nx/2)(Ny/2)(Nz/2): 5.67063e-05 Phi A: 0.0751748 Phi B: 0.924826 Phi I: 5.8211e-52
Saving data . . .
Total charge: -9.39685e-20
etaHat: 124879
281  fE: -3.07476  dfE: 4.03408e-07  dW: 0.00213877  dPhi(Nx/2)(Ny/2)(Nz/2): 5.61096e-05 Phi A: 0.0751748 Phi B: 0.924826 Phi I: 5.8211e-52
Total charge: -9.39685e-20
etaHat: 124879
282  fE: -3.07476  dfE: 3.11671e-07  dW: 0.00211916  dPhi(Nx/2)(Ny/2)(Nz/2): 5.55556e-05 Phi A: 0.0751748 Phi B: 0.924826 Phi I: 5.8211e-52
Total charge: -9.39685e-20
etaHat: 124879
283  fE: -3.07476  dfE: 2.13999e-07  dW: 0.0020998  dPhi(Nx/2)(Ny/2)(Nz/2): 5.504e-05 Phi A: 0.0751748 Phi B: 0.924826 Phi I: 5.8211e-52
Total charge: -9.39685e-20
etaHat: 124879
284  fE: -3.07476  dfE: 1.15887e-07  dW: 0.00208066  dPhi(Nx/2)(Ny/2)(Nz/2): 5.45578e-05 Phi A: 0.0751748 Phi B: 0.924826 Phi I: 5.8211e-52
Total charge: -9.39684e-20
etaHat: 124879
285  fE: -3.07476  dfE: 2.2282e-08  dW: 0.00206175  dPhi(Nx/2)(Ny/2)(Nz/2): 5.41038e-05 Phi A: 0.0751748 Phi B: 0.924825 Phi I: 5.8211e-52
Total charge: -9.39684e-20
etaHat: 124879
286  fE: -3.07476  dfE: 6.26122e-08  dW: 0.00204306  dPhi(Nx/2)(Ny/2)(Nz/2): 5.36728e-05 Phi A: 0.0751747 Phi B: 0.924825 Phi I: 5.8211e-52
Total charge: -9.39684e-20
etaHat: 124879
287  fE: -3.07476  dfE: 1.35463e-07  dW: 0.00202459  dPhi(Nx/2)(Ny/2)(Nz/2): 5.32597e-05 Phi A: 0.0751747 Phi B: 0.924825 Phi I: 5.8211e-52
Total charge: -9.39684e-20
etaHat: 124879
288  fE: -3.07476  dfE: 1.93888e-07  dW: 0.00200633  dPhi(Nx/2)(Ny/2)(Nz/2): 5.28599e-05 Phi A: 0.0751747 Phi B: 0.924825 Phi I: 5.8211e-52
Total charge: -9.39684e-20
etaHat: 124879
289  fE: -3.07476  dfE: 2.36472e-07  dW: 0.00198829  dPhi(Nx/2)(Ny/2)(Nz/2): 5.24694e-05 Phi A: 0.0751747 Phi B: 0.924825 Phi I: 5.8211e-52
Total charge: -9.39684e-20
etaHat: 124879
290  fE: -3.07476  dfE: 2.6274e-07  dW: 0.00197046  dPhi(Nx/2)(Ny/2)(Nz/2): 5.20846e-05 Phi A: 0.0751747 Phi B: 0.924825 Phi I: 5.8211e-52
Saving data . . .
Total charge: -9.39684e-20
etaHat: 124879
291  fE: -3.07476  dfE: 2.7308e-07  dW: 0.00195285  dPhi(Nx/2)(Ny/2)(Nz/2): 5.17028e-05 Phi A: 0.0751747 Phi B: 0.924825 Phi I: 5.8211e-52
Total charge: -9.39684e-20
etaHat: 124879
292  fE: -3.07476  dfE: 2.68636e-07  dW: 0.00193545  dPhi(Nx/2)(Ny/2)(Nz/2): 5.13221e-05 Phi A: 0.0751747 Phi B: 0.924825 Phi I: 5.8211e-52
Total charge: -9.39684e-20
etaHat: 124879
293  fE: -3.07476  dfE: 2.51171e-07  dW: 0.00191824  dPhi(Nx/2)(Ny/2)(Nz/2): 5.0941e-05 Phi A: 0.0751747 Phi B: 0.924825 Phi I: 5.8211e-52
Total charge: -9.39684e-20
etaHat: 124879
294  fE: -3.07476  dfE: 2.22915e-07  dW: 0.00190124  dPhi(Nx/2)(Ny/2)(Nz/2): 5.05591e-05 Phi A: 0.0751747 Phi B: 0.924825 Phi I: 5.8211e-52
Total charge: -9.39684e-20
etaHat: 124879
295  fE: -3.07476  dfE: 1.86404e-07  dW: 0.00188444  dPhi(Nx/2)(Ny/2)(Nz/2): 5.01763e-05 Phi A: 0.0751747 Phi B: 0.924825 Phi I: 5.8211e-52
Total charge: -9.39684e-20
etaHat: 124879
296  fE: -3.07476  dfE: 1.44324e-07  dW: 0.00186784  dPhi(Nx/2)(Ny/2)(Nz/2): 4.97932e-05 Phi A: 0.0751747 Phi B: 0.924825 Phi I: 5.8211e-52
Total charge: -9.39684e-20
etaHat: 124879
297  fE: -3.07476  dfE: 9.93561e-08  dW: 0.00185143  dPhi(Nx/2)(Ny/2)(Nz/2): 4.94105e-05 Phi A: 0.0751747 Phi B: 0.924825 Phi I: 5.8211e-52
Total charge: -9.39684e-20
etaHat: 124879
298  fE: -3.07476  dfE: 5.40495e-08  dW: 0.00183519  dPhi(Nx/2)(Ny/2)(Nz/2): 4.90295e-05 Phi A: 0.0751747 Phi B: 0.924825 Phi I: 5.8211e-52
Total charge: -9.39684e-20
etaHat: 124879
299  fE: -3.07476  dfE: 1.07032e-08  dW: 0.00181914  dPhi(Nx/2)(Ny/2)(Nz/2): 4.86516e-05 Phi A: 0.0751747 Phi B: 0.924825 Phi I: 5.8211e-52
Total charge: -9.39684e-20
etaHat: 124879
300  fE: -3.07476  dfE: 2.87211e-08  dW: 0.00180327  dPhi(Nx/2)(Ny/2)(Nz/2): 4.82781e-05 Phi A: 0.0751747 Phi B: 0.924825 Phi I: 5.8211e-52
Saving data . . .
Total charge: -9.39684e-20
etaHat: 124879
301  fE: -3.07476  dfE: 6.26619e-08  dW: 0.00178757  dPhi(Nx/2)(Ny/2)(Nz/2): 4.79103e-05 Phi A: 0.0751747 Phi B: 0.924825 Phi I: 5.8211e-52
Total charge: -9.39684e-20
etaHat: 124879
302  fE: -3.07476  dfE: 8.99941e-08  dW: 0.00177206  dPhi(Nx/2)(Ny/2)(Nz/2): 4.75495e-05 Phi A: 0.0751747 Phi B: 0.924825 Phi I: 5.8211e-52
Total charge: -9.39684e-20
etaHat: 124879
303  fE: -3.07476  dfE: 1.1004e-07  dW: 0.00175672  dPhi(Nx/2)(Ny/2)(Nz/2): 4.71966e-05 Phi A: 0.0751747 Phi B: 0.924825 Phi I: 5.8211e-52
Total charge: -9.39684e-20
etaHat: 124879
304  fE: -3.07476  dfE: 1.22557e-07  dW: 0.00174156  dPhi(Nx/2)(Ny/2)(Nz/2): 4.68525e-05 Phi A: 0.0751747 Phi B: 0.924825 Phi I: 5.8211e-52
Total charge: -9.39684e-20
etaHat: 124879
305  fE: -3.07476  dfE: 1.27703e-07  dW: 0.00172658  dPhi(Nx/2)(Ny/2)(Nz/2): 4.65175e-05 Phi A: 0.0751747 Phi B: 0.924825 Phi I: 5.8211e-52
Total charge: -9.39684e-20
etaHat: 124879
306  fE: -3.07476  dfE: 1.25987e-07  dW: 0.00171176  dPhi(Nx/2)(Ny/2)(Nz/2): 4.61919e-05 Phi A: 0.0751747 Phi B: 0.924825 Phi I: 5.8211e-52
Total charge: -9.39684e-20
etaHat: 124879
307  fE: -3.07476  dfE: 1.18211e-07  dW: 0.00169709  dPhi(Nx/2)(Ny/2)(Nz/2): 4.58756e-05 Phi A: 0.0751747 Phi B: 0.924825 Phi I: 5.8211e-52
Total charge: -9.39684e-20
etaHat: 124879
308  fE: -3.07476  dfE: 1.05392e-07  dW: 0.00168259  dPhi(Nx/2)(Ny/2)(Nz/2): 4.55681e-05 Phi A: 0.0751747 Phi B: 0.924825 Phi I: 5.8211e-52
Total charge: -9.39684e-20
etaHat: 124879
309  fE: -3.07476  dfE: 8.86958e-08  dW: 0.00166824  dPhi(Nx/2)(Ny/2)(Nz/2): 4.52688e-05 Phi A: 0.0751747 Phi B: 0.924825 Phi I: 5.8211e-52
Total charge: -9.39684e-20
etaHat: 124879
310  fE: -3.07476  dfE: 6.93592e-08  dW: 0.00165406  dPhi(Nx/2)(Ny/2)(Nz/2): 4.4977e-05 Phi A: 0.0751747 Phi B: 0.924825 Phi I: 5.8211e-52
Saving data . . .
Total charge: -9.39684e-20
etaHat: 124879
311  fE: -3.07476  dfE: 4.86224e-08  dW: 0.00164002  dPhi(Nx/2)(Ny/2)(Nz/2): 4.46917e-05 Phi A: 0.0751747 Phi B: 0.924825 Phi I: 5.8211e-52
Total charge: -9.39684e-20
etaHat: 124879
312  fE: -3.07476  dfE: 2.76663e-08  dW: 0.00162614  dPhi(Nx/2)(Ny/2)(Nz/2): 4.44118e-05 Phi A: 0.0751747 Phi B: 0.924825 Phi I: 5.8211e-52
Total charge: -9.39684e-20
etaHat: 124879
313  fE: -3.07476  dfE: 7.55981e-09  dW: 0.0016124  dPhi(Nx/2)(Ny/2)(Nz/2): 4.41363e-05 Phi A: 0.0751747 Phi B: 0.924825 Phi I: 5.8211e-52
Total charge: -9.39684e-20
etaHat: 124879
314  fE: -3.07476  dfE: 1.07821e-08  dW: 0.00159882  dPhi(Nx/2)(Ny/2)(Nz/2): 4.3864e-05 Phi A: 0.0751747 Phi B: 0.924825 Phi I: 5.8211e-52
Total charge: -9.39684e-20
etaHat: 124879
315  fE: -3.07476  dfE: 2.66277e-08  dW: 0.00158538  dPhi(Nx/2)(Ny/2)(Nz/2): 4.35939e-05 Phi A: 0.0751747 Phi B: 0.924825 Phi I: 5.8211e-52
Total charge: -9.39684e-20
etaHat: 124879
316  fE: -3.07476  dfE: 3.94463e-08  dW: 0.00157208  dPhi(Nx/2)(Ny/2)(Nz/2): 4.33251e-05 Phi A: 0.0751747 Phi B: 0.924825 Phi I: 5.8211e-52
Total charge: -9.39684e-20
etaHat: 124879
317  fE: -3.07476  dfE: 4.89135e-08  dW: 0.00155892  dPhi(Nx/2)(Ny/2)(Nz/2): 4.30568e-05 Phi A: 0.0751747 Phi B: 0.924825 Phi I: 5.8211e-52
Total charge: -9.39684e-20
etaHat: 124879
318  fE: -3.07476  dfE: 5.49066e-08  dW: 0.0015459  dPhi(Nx/2)(Ny/2)(Nz/2): 4.27882e-05 Phi A: 0.0751747 Phi B: 0.924825 Phi I: 5.8211e-52
Total charge: -9.39684e-20
etaHat: 124879
319  fE: -3.07476  dfE: 5.74885e-08  dW: 0.00153302  dPhi(Nx/2)(Ny/2)(Nz/2): 4.25188e-05 Phi A: 0.0751747 Phi B: 0.924825 Phi I: 5.8211e-52
Total charge: -9.39684e-20
etaHat: 124879
320  fE: -3.07476  dfE: 5.68864e-08  dW: 0.00152028  dPhi(Nx/2)(Ny/2)(Nz/2): 4.22483e-05 Phi A: 0.0751747 Phi B: 0.924825 Phi I: 5.8211e-52
Saving data . . .
Total charge: -9.39684e-20
etaHat: 124879
321  fE: -3.07476  dfE: 5.34627e-08  dW: 0.00150768  dPhi(Nx/2)(Ny/2)(Nz/2): 4.19764e-05 Phi A: 0.0751747 Phi B: 0.924825 Phi I: 5.8211e-52
Total charge: -9.39684e-20
etaHat: 124879
322  fE: -3.07476  dfE: 4.7683e-08  dW: 0.00149521  dPhi(Nx/2)(Ny/2)(Nz/2): 4.1703e-05 Phi A: 0.0751747 Phi B: 0.924825 Phi I: 5.8211e-52
Total charge: -9.39684e-20
etaHat: 124879
323  fE: -3.07476  dfE: 4.0082e-08  dW: 0.00148286  dPhi(Nx/2)(Ny/2)(Nz/2): 4.14281e-05 Phi A: 0.0751747 Phi B: 0.924825 Phi I: 5.8211e-52
Total charge: -9.39684e-20
etaHat: 124879
324  fE: -3.07476  dfE: 3.12299e-08  dW: 0.00147063  dPhi(Nx/2)(Ny/2)(Nz/2): 4.1152e-05 Phi A: 0.0751747 Phi B: 0.924825 Phi I: 5.8211e-52
Total charge: -9.39684e-20
etaHat: 124879
325  fE: -3.07476  dfE: 2.16997e-08  dW: 0.00145853  dPhi(Nx/2)(Ny/2)(Nz/2): 4.08748e-05 Phi A: 0.0751747 Phi B: 0.924825 Phi I: 5.8211e-52
Total charge: -9.39684e-20
etaHat: 124879
326  fE: -3.07476  dfE: 1.20387e-08  dW: 0.00144655  dPhi(Nx/2)(Ny/2)(Nz/2): 4.05969e-05 Phi A: 0.0751747 Phi B: 0.924825 Phi I: 5.8211e-52
Total charge: -9.39684e-20
etaHat: 124879
327  fE: -3.07476  dfE: 2.74368e-09  dW: 0.0014347  dPhi(Nx/2)(Ny/2)(Nz/2): 4.03185e-05 Phi A: 0.0751747 Phi B: 0.924825 Phi I: 5.8211e-52
Total charge: -9.39684e-20
etaHat: 124879
328  fE: -3.07476  dfE: 5.7587e-09  dW: 0.00142296  dPhi(Nx/2)(Ny/2)(Nz/2): 4.004e-05 Phi A: 0.0751747 Phi B: 0.924825 Phi I: 5.8211e-52
Total charge: -9.39684e-20
etaHat: 124879
329  fE: -3.07476  dfE: 1.31256e-08  dW: 0.00141135  dPhi(Nx/2)(Ny/2)(Nz/2): 3.97618e-05 Phi A: 0.0751747 Phi B: 0.924825 Phi I: 5.8211e-52
Total charge: -9.39684e-20
etaHat: 124879
330  fE: -3.07476  dfE: 1.91069e-08  dW: 0.00139985  dPhi(Nx/2)(Ny/2)(Nz/2): 3.94842e-05 Phi A: 0.0751747 Phi B: 0.924825 Phi I: 5.8211e-52
Saving data . . .
Total charge: -9.39684e-20
etaHat: 124879
331  fE: -3.07476  dfE: 2.35474e-08  dW: 0.00138846  dPhi(Nx/2)(Ny/2)(Nz/2): 3.92074e-05 Phi A: 0.0751747 Phi B: 0.924825 Phi I: 5.8211e-52
Total charge: -9.39684e-20
etaHat: 124879
332  fE: -3.07476  dfE: 2.63855e-08  dW: 0.00137719  dPhi(Nx/2)(Ny/2)(Nz/2): 3.89317e-05 Phi A: 0.0751747 Phi B: 0.924825 Phi I: 5.8211e-52
Total charge: -9.39684e-20
etaHat: 124879
333  fE: -3.07476  dfE: 2.76458e-08  dW: 0.00136603  dPhi(Nx/2)(Ny/2)(Nz/2): 3.86573e-05 Phi A: 0.0751747 Phi B: 0.924825 Phi I: 5.8211e-52
Total charge: -9.39684e-20
etaHat: 124879
334  fE: -3.07476  dfE: 2.7429e-08  dW: 0.00135498  dPhi(Nx/2)(Ny/2)(Nz/2): 3.83842e-05 Phi A: 0.0751747 Phi B: 0.924825 Phi I: 5.8211e-52
Total charge: -9.39684e-20
etaHat: 124879
335  fE: -3.07476  dfE: 2.58995e-08  dW: 0.00134405  dPhi(Nx/2)(Ny/2)(Nz/2): 3.81126e-05 Phi A: 0.0751747 Phi B: 0.924825 Phi I: 5.8211e-52
Total charge: -9.39684e-20
etaHat: 124879
336  fE: -3.07476  dfE: 2.32697e-08  dW: 0.00133323  dPhi(Nx/2)(Ny/2)(Nz/2): 3.78425e-05 Phi A: 0.0751747 Phi B: 0.924825 Phi I: 5.8211e-52
Total charge: -9.39684e-20
etaHat: 124879
337  fE: -3.07476  dfE: 1.97853e-08  dW: 0.00132251  dPhi(Nx/2)(Ny/2)(Nz/2): 3.75739e-05 Phi A: 0.0751747 Phi B: 0.924825 Phi I: 5.8211e-52
Total charge: -9.39684e-20
etaHat: 124879
338  fE: -3.07476  dfE: 1.57087e-08  dW: 0.00131191  dPhi(Nx/2)(Ny/2)(Nz/2): 3.73066e-05 Phi A: 0.0751747 Phi B: 0.924825 Phi I: 5.8211e-52
Total charge: -9.39684e-20
etaHat: 124879
339  fE: -3.07476  dfE: 1.13049e-08  dW: 0.0013014  dPhi(Nx/2)(Ny/2)(Nz/2): 3.70407e-05 Phi A: 0.0751747 Phi B: 0.924825 Phi I: 5.8211e-52
Total charge: -9.39684e-20
etaHat: 124879
340  fE: -3.07476  dfE: 6.82734e-09  dW: 0.00129101  dPhi(Nx/2)(Ny/2)(Nz/2): 3.6776e-05 Phi A: 0.0751747 Phi B: 0.924825 Phi I: 5.8211e-52
Saving data . . .
Total charge: -9.39684e-20
etaHat: 124879
341  fE: -3.07476  dfE: 2.50682e-09  dW: 0.00128072  dPhi(Nx/2)(Ny/2)(Nz/2): 3.65124e-05 Phi A: 0.0751747 Phi B: 0.924825 Phi I: 5.8211e-52
Total charge: -9.39684e-20
etaHat: 124879
342  fE: -3.07476  dfE: 1.45748e-09  dW: 0.00127053  dPhi(Nx/2)(Ny/2)(Nz/2): 3.62499e-05 Phi A: 0.0751747 Phi B: 0.924825 Phi I: 5.8211e-52
Total charge: -9.39684e-20
etaHat: 124879
343  fE: -3.07476  dfE: 4.90532e-09  dW: 0.00126043  dPhi(Nx/2)(Ny/2)(Nz/2): 3.59884e-05 Phi A: 0.0751747 Phi B: 0.924825 Phi I: 5.8211e-52
Total charge: -9.39684e-20
etaHat: 124879
344  fE: -3.07476  dfE: 7.71857e-09  dW: 0.00125044  dPhi(Nx/2)(Ny/2)(Nz/2): 3.57279e-05 Phi A: 0.0751747 Phi B: 0.924825 Phi I: 5.8211e-52
Total charge: -9.39684e-20
etaHat: 124879
345  fE: -3.07476  dfE: 9.82343e-09  dW: 0.00124054  dPhi(Nx/2)(Ny/2)(Nz/2): 3.54682e-05 Phi A: 0.0751747 Phi B: 0.924825 Phi I: 5.8211e-52
Total charge: -9.39684e-20
etaHat: 124879
346  fE: -3.07476  dfE: 1.11889e-08  dW: 0.00123075  dPhi(Nx/2)(Ny/2)(Nz/2): 3.52094e-05 Phi A: 0.0751747 Phi B: 0.924825 Phi I: 5.8211e-52
Total charge: -9.39684e-20
etaHat: 124879
347  fE: -3.07476  dfE: 1.18242e-08  dW: 0.00122105  dPhi(Nx/2)(Ny/2)(Nz/2): 3.49516e-05 Phi A: 0.0751747 Phi B: 0.924825 Phi I: 5.8211e-52
Total charge: -9.39684e-20
etaHat: 124879
348  fE: -3.07476  dfE: 1.17742e-08  dW: 0.00121144  dPhi(Nx/2)(Ny/2)(Nz/2): 3.46949e-05 Phi A: 0.0751747 Phi B: 0.924825 Phi I: 5.8211e-52
Total charge: -9.39684e-20
etaHat: 124879
349  fE: -3.07476  dfE: 1.11131e-08  dW: 0.00120193  dPhi(Nx/2)(Ny/2)(Nz/2): 3.44392e-05 Phi A: 0.0751747 Phi B: 0.924825 Phi I: 5.8211e-52
Total charge: -9.39684e-20
etaHat: 124879
350  fE: -3.07476  dfE: 9.93809e-09  dW: 0.00119251  dPhi(Nx/2)(Ny/2)(Nz/2): 3.41849e-05 Phi A: 0.0751747 Phi B: 0.924825 Phi I: 5.8211e-52
Saving data . . .
Total charge: -9.39684e-20
etaHat: 124879
351  fE: -3.07476  dfE: 8.36178e-09  dW: 0.00118318  dPhi(Nx/2)(Ny/2)(Nz/2): 3.39319e-05 Phi A: 0.0751747 Phi B: 0.924825 Phi I: 5.8211e-52
Total charge: -9.39684e-20
etaHat: 124879
352  fE: -3.07476  dfE: 6.50508e-09  dW: 0.00117394  dPhi(Nx/2)(Ny/2)(Nz/2): 3.36805e-05 Phi A: 0.0751747 Phi B: 0.924825 Phi I: 5.8211e-52
Total charge: -9.39684e-20
etaHat: 124879
353  fE: -3.07476  dfE: 4.49037e-09  dW: 0.0011648  dPhi(Nx/2)(Ny/2)(Nz/2): 3.34309e-05 Phi A: 0.0751747 Phi B: 0.924825 Phi I: 5.8211e-52
Total charge: -9.39684e-20
etaHat: 124879
354  fE: -3.07476  dfE: 2.43511e-09  dW: 0.00115574  dPhi(Nx/2)(Ny/2)(Nz/2): 3.31832e-05 Phi A: 0.0751747 Phi B: 0.924825 Phi I: 5.8211e-52
Total charge: -9.39684e-20
etaHat: 124879
355  fE: -3.07476  dfE: 4.46607e-10  dW: 0.00114677  dPhi(Nx/2)(Ny/2)(Nz/2): 3.29376e-05 Phi A: 0.0751747 Phi B: 0.924825 Phi I: 5.8211e-52
Total charge: -9.39684e-20
etaHat: 124879
356  fE: -3.07476  dfE: 1.38247e-09  dW: 0.00113789  dPhi(Nx/2)(Ny/2)(Nz/2): 3.26943e-05 Phi A: 0.0751747 Phi B: 0.924825 Phi I: 5.8211e-52
Total charge: -9.39684e-20
etaHat: 124879
357  fE: -3.07476  dfE: 2.97688e-09  dW: 0.00112909  dPhi(Nx/2)(Ny/2)(Nz/2): 3.24533e-05 Phi A: 0.0751747 Phi B: 0.924825 Phi I: 5.8211e-52
Total charge: -9.39684e-20
etaHat: 124879
358  fE: -3.07476  dfE: 4.28117e-09  dW: 0.00112038  dPhi(Nx/2)(Ny/2)(Nz/2): 3.22149e-05 Phi A: 0.0751747 Phi B: 0.924825 Phi I: 5.8211e-52
Total charge: -9.39684e-20
etaHat: 124879
359  fE: -3.07476  dfE: 5.26001e-09  dW: 0.00111175  dPhi(Nx/2)(Ny/2)(Nz/2): 3.19792e-05 Phi A: 0.0751747 Phi B: 0.924825 Phi I: 5.8211e-52
Total charge: -9.39684e-20
etaHat: 124879
360  fE: -3.07476  dfE: 5.89806e-09  dW: 0.0011032  dPhi(Nx/2)(Ny/2)(Nz/2): 3.17462e-05 Phi A: 0.0751747 Phi B: 0.924825 Phi I: 5.8211e-52
Saving data . . .
Total charge: -9.39684e-20
etaHat: 124879
361  fE: -3.07476  dfE: 6.19855e-09  dW: 0.00109473  dPhi(Nx/2)(Ny/2)(Nz/2): 3.15159e-05 Phi A: 0.0751747 Phi B: 0.924825 Phi I: 5.8211e-52
Total charge: -9.39684e-20
etaHat: 124879
362  fE: -3.07476  dfE: 6.18144e-09  dW: 0.00108635  dPhi(Nx/2)(Ny/2)(Nz/2): 3.12885e-05 Phi A: 0.0751747 Phi B: 0.924825 Phi I: 5.8211e-52
Total charge: -9.39684e-20
etaHat: 124879
363  fE: -3.07476  dfE: 5.8802e-09  dW: 0.00107804  dPhi(Nx/2)(Ny/2)(Nz/2): 3.10639e-05 Phi A: 0.0751747 Phi B: 0.924825 Phi I: 5.8211e-52
Total charge: -9.39684e-20
etaHat: 124879
364  fE: -3.07476  dfE: 5.33915e-09  dW: 0.00106981  dPhi(Nx/2)(Ny/2)(Nz/2): 3.08421e-05 Phi A: 0.0751747 Phi B: 0.924825 Phi I: 5.8211e-52
Total charge: -9.39684e-20
etaHat: 124879
365  fE: -3.07476  dfE: 4.61006e-09  dW: 0.00106166  dPhi(Nx/2)(Ny/2)(Nz/2): 3.0623e-05 Phi A: 0.0751747 Phi B: 0.924825 Phi I: 5.8211e-52
Total charge: -9.39684e-20
etaHat: 124879
366  fE: -3.07476  dfE: 3.74856e-09  dW: 0.00105358  dPhi(Nx/2)(Ny/2)(Nz/2): 3.04066e-05 Phi A: 0.0751747 Phi B: 0.924825 Phi I: 5.8211e-52
Total charge: -9.39684e-20
etaHat: 124879
367  fE: -3.07476  dfE: 2.81109e-09  dW: 0.00104558  dPhi(Nx/2)(Ny/2)(Nz/2): 3.01928e-05 Phi A: 0.0751747 Phi B: 0.924825 Phi I: 5.8211e-52
Total charge: -9.39684e-20
etaHat: 124879
368  fE: -3.07476  dfE: 1.85224e-09  dW: 0.00103765  dPhi(Nx/2)(Ny/2)(Nz/2): 2.99815e-05 Phi A: 0.0751747 Phi B: 0.924825 Phi I: 5.8211e-52
Total charge: -9.39684e-20
etaHat: 124879
369  fE: -3.07476  dfE: 9.21689e-10  dW: 0.0010298  dPhi(Nx/2)(Ny/2)(Nz/2): 2.97726e-05 Phi A: 0.0751747 Phi B: 0.924825 Phi I: 5.8211e-52
Total charge: -9.39684e-20
etaHat: 124879
370  fE: -3.07476  dfE: 6.26987e-11  dW: 0.00102202  dPhi(Nx/2)(Ny/2)(Nz/2): 2.95659e-05 Phi A: 0.0751747 Phi B: 0.924825 Phi I: 5.8211e-52
Saving data . . .
Total charge: -9.39684e-20
etaHat: 124879
371  fE: -3.07476  dfE: 6.89518e-10  dW: 0.00101431  dPhi(Nx/2)(Ny/2)(Nz/2): 2.93614e-05 Phi A: 0.0751747 Phi B: 0.924825 Phi I: 5.8211e-52
Total charge: -9.39684e-20
etaHat: 124879
372  fE: -3.07476  dfE: 1.30887e-09  dW: 0.00100667  dPhi(Nx/2)(Ny/2)(Nz/2): 2.9159e-05 Phi A: 0.0751747 Phi B: 0.924825 Phi I: 5.8211e-52
Total charge: -9.39684e-20
etaHat: 124879
373  fE: -3.07476  dfE: 1.77853e-09  dW: 0.000999099  dPhi(Nx/2)(Ny/2)(Nz/2): 2.89584e-05 Phi A: 0.0751747 Phi B: 0.924825 Phi I: 5.8211e-52
Saving data . . .
