Total charge: 124877
etaHat: 124877
0  fE: -9366.07  dfE: 9466.07  dW: 14.3453  dPhi(Nx/2)(Ny/2)(Nz/2): -4.11389 Phi A: 0.607494 Phi B: 4.48374 Phi I: 999.016
Saving data . . .
Total charge: 1.59566
etaHat: 124879
1  fE: -25221.2  dfE: 15855.2  dW: 18.8188  dPhi(Nx/2)(Ny/2)(Nz/2): -2.35714 Phi A: 0.353605 Phi B: 2.98918 Phi I: 0.0127653
Total charge: 1.52081e-18
etaHat: 124879
2  fE: -19.3838  dfE: 25201.9  dW: 20.3561  dPhi(Nx/2)(Ny/2)(Nz/2): -1.21708 Phi A: 0.216303 Phi B: 1.9917 Phi I: 1.43295e-20
Total charge: -1.74889e-19
etaHat: 124879
3  fE: -13.8011  dfE: 5.5827  dW: 20.1458  dPhi(Nx/2)(Ny/2)(Nz/2): -0.501619 Phi A: 0.139911 Phi B: 1.35585 Phi I: 5.82332e-52
Total charge: -1.19503e-19
etaHat: 124879
4  fE: -9.70416  dfE: 4.09697  dW: 18.8996  dPhi(Nx/2)(Ny/2)(Nz/2): -0.0532028 Phi A: 0.0956026 Phi B: 0.953707 Phi I: 5.82129e-52
Total charge: -8.61003e-20
etaHat: 124879
5  fE: -6.89574  dfE: 2.80842  dW: 17.0484  dPhi(Nx/2)(Ny/2)(Nz/2): 0.230918 Phi A: 0.0688802 Phi B: 0.697521 Phi I: 5.81947e-52
Total charge: -6.52919e-20
etaHat: 124879
6  fE: -5.00986  dfE: 1.88588  dW: 14.8571  dPhi(Nx/2)(Ny/2)(Nz/2): 0.413598 Phi A: 0.0522336 Phi B: 0.532252 Phi I: 5.8179e-52
Total charge: -5.20245e-20
etaHat: 124879
7  fE: -3.74243  dfE: 1.26743  dW: 12.4917  dPhi(Nx/2)(Ny/2)(Nz/2): 0.532554 Phi A: 0.0416196 Phi B: 0.424401 Phi I: 5.81658e-52
Total charge: -4.34807e-20
etaHat: 124879
8  fE: -2.8808  dfE: 0.86163  dW: 10.0585  dPhi(Nx/2)(Ny/2)(Nz/2): 0.610374 Phi A: 0.0347846 Phi B: 0.35374 Phi I: 5.81552e-52
Total charge: -3.80467e-20
etaHat: 124879
9  fE: -2.28488  dfE: 0.595925  dW: 7.62775  dPhi(Nx/2)(Ny/2)(Nz/2): 0.660636 Phi A: 0.0304374 Phi B: 0.308043 Phi I: 5.81471e-52
Total charge: -3.47843e-20
etaHat: 124879
10  fE: -1.86397  dfE: 0.420911  dW: 5.24739  dPhi(Nx/2)(Ny/2)(Nz/2): 0.691501 Phi A: 0.0278274 Phi B: 0.279938 Phi I: 5.81414e-52
Saving data . . .
Total charge: -3.31529e-20
etaHat: 124879
11  fE: -1.55909  dfE: 0.304881  dW: 2.95224  dPhi(Nx/2)(Ny/2)(Nz/2): 0.707798 Phi A: 0.0265224 Phi B: 0.265051 Phi I: 5.81382e-52
Total charge: -3.28599e-20
etaHat: 124879
12  fE: -1.33106  dfE: 0.228023  dW: 0.797981  dPhi(Nx/2)(Ny/2)(Nz/2): 0.71222 Phi A: 0.0262879 Phi B: 0.260939 Phi I: 5.81372e-52
Total charge: -3.37782e-20
etaHat: 124879
13  fE: -1.15291  dfE: 0.178149  dW: 1.27713  dPhi(Nx/2)(Ny/2)(Nz/2): 0.706001 Phi A: 0.0270226 Phi B: 0.26648 Phi I: 5.81383e-52
Total charge: -3.5903e-20
etaHat: 124879
14  fE: -1.00505  dfE: 0.147866  dW: 3.16481  dPhi(Nx/2)(Ny/2)(Nz/2): 0.689294 Phi A: 0.0287224 Phi B: 0.281532 Phi I: 5.81415e-52
Total charge: -3.93265e-20
etaHat: 124879
15  fE: -0.872373  dfE: 0.132675  dW: 4.8689  dPhi(Nx/2)(Ny/2)(Nz/2): 0.661376 Phi A: 0.0314612 Phi B: 0.306751 Phi I: 5.81464e-52
Total charge: -4.42223e-20
etaHat: 124879
16  fE: -0.74283  dfE: 0.129543  dW: 6.36115  dPhi(Nx/2)(Ny/2)(Nz/2): 0.620772 Phi A: 0.0353779 Phi B: 0.343483 Phi I: 5.81529e-52
Total charge: -5.08273e-20
etaHat: 124879
17  fE: -0.607325  dfE: 0.135504  dW: 7.60817  dPhi(Nx/2)(Ny/2)(Nz/2): 0.565376 Phi A: 0.0406619 Phi B: 0.393652 Phi I: 5.81608e-52
Total charge: -5.94082e-20
etaHat: 124879
18  fE: -0.461373  dfE: 0.145952  dW: 8.57064  dPhi(Nx/2)(Ny/2)(Nz/2): 0.492669 Phi A: 0.0475266 Phi B: 0.459578 Phi I: 5.81698e-52
Total charge: -7.01986e-20
etaHat: 124879
19  fE: -0.308893  dfE: 0.15248  dW: 9.20412  dPhi(Nx/2)(Ny/2)(Nz/2): 0.400165 Phi A: 0.0561588 Phi B: 0.543578 Phi I: 5.81796e-52
Total charge: -8.32892e-20
etaHat: 124879
20  fE: -0.168189  dfE: 0.140704  dW: 9.46235  dPhi(Nx/2)(Ny/2)(Nz/2): 0.286223 Phi A: 0.0666313 Phi B: 0.647244 Phi I: 5.81897e-52
Saving data . . .
Total charge: -9.84677e-20
etaHat: 124879
21  fE: -0.0784838  dfE: 0.0897057  dW: 9.30446  dPhi(Nx/2)(Ny/2)(Nz/2): 0.151316 Phi A: 0.0787742 Phi B: 0.770298 Phi I: 5.81999e-52
Total charge: -1.15036e-19
etaHat: 124879
22  fE: -0.102213  dfE: 0.0237294  dW: 8.70665  dPhi(Nx/2)(Ny/2)(Nz/2): -0.000359171 Phi A: 0.0920289 Phi B: 0.909131 Phi I: 5.82096e-52
Total charge: -1.31692e-19
etaHat: 124879
23  fE: -0.315236  dfE: 0.213023  dW: 7.67708  dPhi(Nx/2)(Ny/2)(Nz/2): -0.159522 Phi A: 0.105354 Phi B: 1.05552 Phi I: 5.82184e-52
Total charge: -1.46609e-19
etaHat: 124879
24  fE: -0.779109  dfE: 0.463873  dW: 6.26909  dPhi(Nx/2)(Ny/2)(Nz/2): -0.311721 Phi A: 0.117287 Phi B: 1.19646 Phi I: 5.82258e-52
Total charge: -1.57818e-19
etaHat: 124879
25  fE: -1.50196  dfE: 0.72285  dW: 4.58552  dPhi(Nx/2)(Ny/2)(Nz/2): -0.439585 Phi A: 0.126254 Phi B: 1.31612 Phi I: 5.82314e-52
Total charge: -1.63807e-19
etaHat: 124879
26  fE: -2.41192  dfE: 0.909961  dW: 2.76786  dPhi(Nx/2)(Ny/2)(Nz/2): -0.527358 Phi A: 0.131046 Phi B: 1.39987 Phi I: 5.82351e-52
Total charge: -1.64051e-19
etaHat: 124879
27  fE: -3.36923  dfE: 0.957309  dW: 1.08579  dPhi(Nx/2)(Ny/2)(Nz/2): -0.565855 Phi A: 0.131241 Phi B: 1.43885 Phi I: 5.82369e-52
Total charge: -1.59136e-19
etaHat: 124879
28  fE: -4.21698  dfE: 0.847748  dW: 0.725611  dPhi(Nx/2)(Ny/2)(Nz/2): -0.555125 Phi A: 0.127309 Phi B: 1.43257 Phi I: 5.82368e-52
Total charge: -1.50445e-19
etaHat: 124879
29  fE: -4.83862  dfE: 0.621646  dW: 2.03649  dPhi(Nx/2)(Ny/2)(Nz/2): -0.503439 Phi A: 0.120356 Phi B: 1.38814 Phi I: 5.8235e-52
Total charge: -1.39623e-19
etaHat: 124879
30  fE: -5.18781  dfE: 0.349182  dW: 3.08897  dPhi(Nx/2)(Ny/2)(Nz/2): -0.423629 Phi A: 0.111699 Phi B: 1.31709 Phi I: 5.82321e-52
Saving data . . .
Total charge: -1.28132e-19
etaHat: 124879
31  fE: -5.28227  dfE: 0.0944622  dW: 3.80646  dPhi(Nx/2)(Ny/2)(Nz/2): -0.329068 Phi A: 0.102506 Phi B: 1.23166 Phi I: 5.82282e-52
Total charge: -1.17037e-19
etaHat: 124879
32  fE: -5.17762  dfE: 0.104645  dW: 4.20485  dPhi(Nx/2)(Ny/2)(Nz/2): -0.230963 Phi A: 0.0936293 Phi B: 1.14225 Phi I: 5.82239e-52
Total charge: -1.06985e-19
etaHat: 124879
33  fE: -4.94034  dfE: 0.23728  dW: 4.31934  dPhi(Nx/2)(Ny/2)(Nz/2): -0.137294 Phi A: 0.085588 Phi B: 1.05637 Phi I: 5.82194e-52
Total charge: -9.82963e-20
etaHat: 124879
34  fE: -4.6301  dfE: 0.310239  dW: 4.19481  dPhi(Nx/2)(Ny/2)(Nz/2): -0.0529541 Phi A: 0.078637 Phi B: 0.978688 Phi I: 5.82149e-52
Total charge: -9.10676e-20
etaHat: 124879
35  fE: -4.29233  dfE: 0.337778  dW: 3.87903  dPhi(Nx/2)(Ny/2)(Nz/2): 0.0195657 Phi A: 0.0728541 Phi B: 0.911657 Phi I: 5.82108e-52
Total charge: -8.5268e-20
etaHat: 124879
36  fE: -3.95756  dfE: 0.334764  dW: 3.4185  dPhi(Nx/2)(Ny/2)(Nz/2): 0.0794007 Phi A: 0.0682144 Phi B: 0.856179 Phi I: 5.82071e-52
Total charge: -8.0803e-20
etaHat: 124879
37  fE: -3.64412  dfE: 0.313444  dW: 2.85627  dPhi(Nx/2)(Ny/2)(Nz/2): 0.12666 Phi A: 0.0646424 Phi B: 0.81223 Phi I: 5.8204e-52
Total charge: -7.75552e-20
etaHat: 124879
38  fE: -3.36151  dfE: 0.282612  dW: 2.23104  dPhi(Nx/2)(Ny/2)(Nz/2): 0.161963 Phi A: 0.0620441 Phi B: 0.779287 Phi I: 5.82016e-52
Total charge: -7.54054e-20
etaHat: 124879
39  fE: -3.11356  dfE: 0.247945  dW: 1.57701  dPhi(Nx/2)(Ny/2)(Nz/2): 0.186145 Phi A: 0.0603243 Phi B: 0.756609 Phi I: 5.81999e-52
Total charge: -7.42429e-20
etaHat: 124879
40  fE: -2.90084  dfE: 0.212724  dW: 0.924079  dPhi(Nx/2)(Ny/2)(Nz/2): 0.200096 Phi A: 0.0593943 Phi B: 0.743393 Phi I: 5.81988e-52
Saving data . . .
Total charge: -7.39664e-20
etaHat: 124879
41  fE: -2.72229  dfE: 0.17855  dW: 0.300578  dPhi(Nx/2)(Ny/2)(Nz/2): 0.204687 Phi A: 0.0591731 Phi B: 0.738841 Phi I: 5.81984e-52
Total charge: -7.44825e-20
etaHat: 124879
42  fE: -2.57637  dfE: 0.14592  dW: 0.280435  dPhi(Nx/2)(Ny/2)(Nz/2): 0.20076 Phi A: 0.059586 Phi B: 0.742182 Phi I: 5.81986e-52
Total charge: -7.56999e-20
etaHat: 124879
43  fE: -2.46171  dfE: 0.114653  dW: 0.787246  dPhi(Nx/2)(Ny/2)(Nz/2): 0.189155 Phi A: 0.06056 Phi B: 0.752642 Phi I: 5.81994e-52
Total charge: -7.75235e-20
etaHat: 124879
44  fE: -2.37751  dfE: 0.0842088  dW: 1.21283  dPhi(Nx/2)(Ny/2)(Nz/2): 0.170755 Phi A: 0.0620188 Phi B: 0.769407 Phi I: 5.82007e-52
Total charge: -7.98481e-20
etaHat: 124879
45  fE: -2.32356  dfE: 0.0539439  dW: 1.54375  dPhi(Nx/2)(Ny/2)(Nz/2): 0.146547 Phi A: 0.0638785 Phi B: 0.791567 Phi I: 5.82023e-52
Total charge: -8.25534e-20
etaHat: 124879
46  fE: -2.30022  dfE: 0.0233435  dW: 1.77247  dPhi(Nx/2)(Ny/2)(Nz/2): 0.117671 Phi A: 0.0660427 Phi B: 0.818073 Phi I: 5.82042e-52
Total charge: -8.55013e-20
etaHat: 124879
47  fE: -2.30797  dfE: 0.00775618  dW: 1.89577  dPhi(Nx/2)(Ny/2)(Nz/2): 0.0854559 Phi A: 0.068401 Phi B: 0.847699 Phi I: 5.82062e-52
Total charge: -8.85371e-20
etaHat: 124879
48  fE: -2.34695  dfE: 0.0389729  dW: 1.91513  dPhi(Nx/2)(Ny/2)(Nz/2): 0.0514259 Phi A: 0.0708297 Phi B: 0.879044 Phi I: 5.82084e-52
Total charge: -9.14954e-20
etaHat: 124879
49  fE: -2.41621  dfE: 0.0692588  dW: 1.83686  dPhi(Nx/2)(Ny/2)(Nz/2): 0.0172582 Phi A: 0.0731963 Phi B: 0.910562 Phi I: 5.82104e-52
Total charge: -9.421e-20
etaHat: 124879
50  fE: -2.51313  dfE: 0.0969195  dW: 1.67198  dPhi(Nx/2)(Ny/2)(Nz/2): -0.0153017 Phi A: 0.075368 Phi B: 0.940641 Phi I: 5.82123e-52
Saving data . . .
Total charge: -9.65284e-20
etaHat: 124879
51  fE: -2.63295  dfE: 0.11982  dW: 1.43568  dPhi(Nx/2)(Ny/2)(Nz/2): -0.0445684 Phi A: 0.0772227 Phi B: 0.967725 Phi I: 5.8214e-52
Total charge: -9.83262e-20
etaHat: 124879
52  fE: -2.76872  dfE: 0.135774  dW: 1.1464  dPhi(Nx/2)(Ny/2)(Nz/2): -0.0690674 Phi A: 0.0786609 Phi B: 0.990447 Phi I: 5.82153e-52
Total charge: -9.95203e-20
etaHat: 124879
53  fE: -2.91175  dfE: 0.143034  dW: 0.824518  dPhi(Nx/2)(Ny/2)(Nz/2): -0.087681 Phi A: 0.0796162 Phi B: 1.00776 Phi I: 5.82163e-52
Total charge: -1.00077e-19
etaHat: 124879
54  fE: -3.0525  dfE: 0.140746  dW: 0.490799  dPhi(Nx/2)(Ny/2)(Nz/2): -0.0997574 Phi A: 0.0800617 Phi B: 1.01906 Phi I: 5.8217e-52
Total charge: -1.00013e-19
etaHat: 124879
55  fE: -3.18171  dfE: 0.129209  dW: 0.211981  dPhi(Nx/2)(Ny/2)(Nz/2): -0.105159 Phi A: 0.0800105 Phi B: 1.02421 Phi I: 5.82173e-52
Total charge: -9.93898e-20
etaHat: 124879
56  fE: -3.29156  dfE: 0.109855  dW: 0.15752  dPhi(Nx/2)(Ny/2)(Nz/2): -0.104244 Phi A: 0.0795118 Phi B: 1.02351 Phi I: 5.82173e-52
Total charge: -9.83018e-20
etaHat: 124879
57  fE: -3.37653  dfE: 0.0849699  dW: 0.397922  dPhi(Nx/2)(Ny/2)(Nz/2): -0.0977789 Phi A: 0.0786414 Phi B: 1.01767 Phi I: 5.8217e-52
Total charge: -9.68642e-20
etaHat: 124879
58  fE: -3.43377  dfE: 0.057241  dW: 0.611224  dPhi(Nx/2)(Ny/2)(Nz/2): -0.0868237 Phi A: 0.0774914 Phi B: 1.00766 Phi I: 5.82164e-52
Total charge: -9.51986e-20
etaHat: 124879
59  fE: -3.46307  dfE: 0.0292949  dW: 0.770078  dPhi(Nx/2)(Ny/2)(Nz/2): -0.072591 Phi A: 0.0761589 Phi B: 0.994596 Phi I: 5.82156e-52
Total charge: -9.3422e-20
etaHat: 124879
60  fE: -3.4664  dfE: 0.00333346  dW: 0.872567  dPhi(Nx/2)(Ny/2)(Nz/2): -0.0563215 Phi A: 0.0747376 Phi B: 0.979623 Phi I: 5.82148e-52
Saving data . . .
Total charge: -9.16389e-20
etaHat: 124879
61  fE: -3.44734  dfE: 0.0190675  dW: 0.920134  dPhi(Nx/2)(Ny/2)(Nz/2): -0.0391845 Phi A: 0.0733111 Phi B: 0.963824 Phi I: 5.82138e-52
Total charge: -8.99367e-20
etaHat: 124879
62  fE: -3.41034  dfE: 0.0369983  dW: 0.916946  dPhi(Nx/2)(Ny/2)(Nz/2): -0.0222085 Phi A: 0.0719493 Phi B: 0.948155 Phi I: 5.82129e-52
Total charge: -8.83838e-20
etaHat: 124879
63  fE: -3.3602  dfE: 0.050138  dW: 0.869226  dPhi(Nx/2)(Ny/2)(Nz/2): -0.00624401 Phi A: 0.070707 Phi B: 0.933405 Phi I: 5.82119e-52
Total charge: -8.70299e-20
etaHat: 124879
64  fE: -3.30159  dfE: 0.0586138  dW: 0.78459  dPhi(Nx/2)(Ny/2)(Nz/2): 0.0080492 Phi A: 0.0696239 Phi B: 0.920192 Phi I: 5.82111e-52
Total charge: -8.59077e-20
etaHat: 124879
65  fE: -3.23874  dfE: 0.0628465  dW: 0.671454  dPhi(Nx/2)(Ny/2)(Nz/2): 0.0201975 Phi A: 0.0687262 Phi B: 0.90896 Phi I: 5.82104e-52
Total charge: -8.50347e-20
etaHat: 124879
66  fE: -3.17532  dfE: 0.0634142  dW: 0.538524  dPhi(Nx/2)(Ny/2)(Nz/2): 0.0298984 Phi A: 0.0680278 Phi B: 0.899993 Phi I: 5.82098e-52
Total charge: -8.44156e-20
etaHat: 124879
67  fE: -3.11438  dfE: 0.0609492  dW: 0.394364  dPhi(Nx/2)(Ny/2)(Nz/2): 0.0370006 Phi A: 0.0675325 Phi B: 0.893436 Phi I: 5.82094e-52
Total charge: -8.40443e-20
etaHat: 124879
68  fE: -3.0583  dfE: 0.0560708  dW: 0.247054  dPhi(Nx/2)(Ny/2)(Nz/2): 0.0414832 Phi A: 0.0672355 Phi B: 0.889314 Phi I: 5.82091e-52
Total charge: -8.39058e-20
etaHat: 124879
69  fE: -3.00895  dfE: 0.0493499  dW: 0.104638  dPhi(Nx/2)(Ny/2)(Nz/2): 0.0434363 Phi A: 0.0671246 Phi B: 0.887546 Phi I: 5.82089e-52
Total charge: -8.39775e-20
etaHat: 124879
70  fE: -2.96766  dfE: 0.0412967  dW: 0.0447996  dPhi(Nx/2)(Ny/2)(Nz/2): 0.0430429 Phi A: 0.067182 Phi B: 0.887967 Phi I: 5.8209e-52
Saving data . . .
Total charge: -8.42312e-20
etaHat: 124879
71  fE: -2.93529  dfE: 0.0323648  dW: 0.145578  dPhi(Nx/2)(Ny/2)(Nz/2): 0.0405631 Phi A: 0.0673849 Phi B: 0.890339 Phi I: 5.82091e-52
Total charge: -8.46337e-20
etaHat: 124879
72  fE: -2.91233  dfE: 0.0229624  dW: 0.242685  dPhi(Nx/2)(Ny/2)(Nz/2): 0.0363186 Phi A: 0.067707 Phi B: 0.894365 Phi I: 5.82094e-52
Total charge: -8.51487e-20
etaHat: 124879
73  fE: -2.89886  dfE: 0.013466  dW: 0.317362  dPhi(Nx/2)(Ny/2)(Nz/2): 0.0306775 Phi A: 0.068119 Phi B: 0.899705 Phi I: 5.82097e-52
Total charge: -8.57381e-20
etaHat: 124879
74  fE: -2.89463  dfE: 0.00423029  dW: 0.36819  dPhi(Nx/2)(Ny/2)(Nz/2): 0.024039 Phi A: 0.0685905 Phi B: 0.905992 Phi I: 5.82101e-52
Total charge: -8.63633e-20
etaHat: 124879
75  fE: -2.89904  dfE: 0.00440697  dW: 0.395029  dPhi(Nx/2)(Ny/2)(Nz/2): 0.0168159 Phi A: 0.0690907 Phi B: 0.912841 Phi I: 5.82105e-52
Total charge: -8.69873e-20
etaHat: 124879
76  fE: -2.91117  dfE: 0.0121292  dW: 0.39891  dPhi(Nx/2)(Ny/2)(Nz/2): 0.00941723 Phi A: 0.0695898 Phi B: 0.919872 Phi I: 5.8211e-52
Total charge: -8.75759e-20
etaHat: 124879
77  fE: -2.92982  dfE: 0.0186524  dW: 0.3819  dPhi(Nx/2)(Ny/2)(Nz/2): 0.0022294 Phi A: 0.0700607 Phi B: 0.926725 Phi I: 5.82114e-52
Total charge: -8.80994e-20
etaHat: 124879
78  fE: -2.95356  dfE: 0.0237417  dW: 0.346919  dPhi(Nx/2)(Ny/2)(Nz/2): -0.00440121 Phi A: 0.0704796 Phi B: 0.933076 Phi I: 5.82118e-52
Total charge: -8.85343e-20
etaHat: 124879
79  fE: -2.9808  dfE: 0.0272314  dW: 0.297527  dPhi(Nx/2)(Ny/2)(Nz/2): -0.0101842 Phi A: 0.0708275 Phi B: 0.93865 Phi I: 5.82121e-52
Total charge: -8.88636e-20
etaHat: 124879
80  fE: -3.00984  dfE: 0.0290416  dW: 0.237686  dPhi(Nx/2)(Ny/2)(Nz/2): -0.0148977 Phi A: 0.0710909 Phi B: 0.943239 Phi I: 5.82124e-52
Saving data . . .
Total charge: -8.90778e-20
etaHat: 124879
81  fE: -3.03903  dfE: 0.0291895  dW: 0.171515  dPhi(Nx/2)(Ny/2)(Nz/2): -0.0183961 Phi A: 0.0712623 Phi B: 0.946702 Phi I: 5.82126e-52
Total charge: -8.91746e-20
etaHat: 124879
82  fE: -3.06682  dfE: 0.0277906  dW: 0.104126  dPhi(Nx/2)(Ny/2)(Nz/2): -0.0206128 Phi A: 0.0713397 Phi B: 0.948973 Phi I: 5.82128e-52
Total charge: -8.91585e-20
etaHat: 124879
83  fE: -3.09187  dfE: 0.0250499  dW: 0.0528672  dPhi(Nx/2)(Ny/2)(Nz/2): -0.0215574 Phi A: 0.0713268 Phi B: 0.950055 Phi I: 5.82128e-52
Total charge: -8.90398e-20
etaHat: 124879
84  fE: -3.11311  dfE: 0.0212426  dW: 0.0435617  dPhi(Nx/2)(Ny/2)(Nz/2): -0.0213082 Phi A: 0.0712318 Phi B: 0.950018 Phi I: 5.82128e-52
Total charge: -8.88334e-20
etaHat: 124879
85  fE: -3.1298  dfE: 0.0166891  dW: 0.0817541  dPhi(Nx/2)(Ny/2)(Nz/2): -0.0200004 Phi A: 0.0710668 Phi B: 0.948983 Phi I: 5.82128e-52
Total charge: -8.85576e-20
etaHat: 124879
86  fE: -3.14153  dfE: 0.0117263  dW: 0.126377  dPhi(Nx/2)(Ny/2)(Nz/2): -0.017812 Phi A: 0.070846 Phi B: 0.947114 Phi I: 5.82127e-52
Total charge: -8.8232e-20
etaHat: 124879
87  fE: -3.14821  dfE: 0.00668014  dW: 0.160967  dPhi(Nx/2)(Ny/2)(Nz/2): -0.0149489 Phi A: 0.0705856 Phi B: 0.944599 Phi I: 5.82125e-52
Total charge: -8.7877e-20
etaHat: 124879
88  fE: -3.15005  dfE: 0.00184266  dW: 0.184195  dPhi(Nx/2)(Ny/2)(Nz/2): -0.0116291 Phi A: 0.0703016 Phi B: 0.94164 Phi I: 5.82123e-52
Total charge: -8.75121e-20
etaHat: 124879
89  fE: -3.1475  dfE: 0.00254414  dW: 0.196092  dPhi(Nx/2)(Ny/2)(Nz/2): -0.00806994 Phi A: 0.0700097 Phi B: 0.938438 Phi I: 5.82121e-52
Total charge: -8.71551e-20
etaHat: 124879
90  fE: -3.14121  dfE: 0.0062977  dW: 0.19727  dPhi(Nx/2)(Ny/2)(Nz/2): -0.0044757 Phi A: 0.069724 Phi B: 0.935185 Phi I: 5.82119e-52
Saving data . . .
Total charge: -8.68211e-20
etaHat: 124879
91  fE: -3.13191  dfE: 0.00929727  dW: 0.188809  dPhi(Nx/2)(Ny/2)(Nz/2): -0.00102893 Phi A: 0.0694569 Phi B: 0.93205 Phi I: 5.82117e-52
Total charge: -8.65228e-20
etaHat: 124879
92  fE: -3.12043  dfE: 0.011481  dW: 0.172156  dPhi(Nx/2)(Ny/2)(Nz/2): 0.00211631 Phi A: 0.0692182 Phi B: 0.929178 Phi I: 5.82115e-52
Total charge: -8.62693e-20
etaHat: 124879
93  fE: -3.10759  dfE: 0.0128395  dW: 0.149002  dPhi(Nx/2)(Ny/2)(Nz/2): 0.00483843 Phi A: 0.0690154 Phi B: 0.926685 Phi I: 5.82114e-52
Total charge: -8.60667e-20
etaHat: 124879
94  fE: -3.09418  dfE: 0.0134068  dW: 0.121176  dPhi(Nx/2)(Ny/2)(Nz/2): 0.00705017 Phi A: 0.0688534 Phi B: 0.924652 Phi I: 5.82112e-52
Total charge: -8.59182e-20
etaHat: 124879
95  fE: -3.08093  dfE: 0.013251  dW: 0.0905438  dPhi(Nx/2)(Ny/2)(Nz/2): 0.00869859 Phi A: 0.0687346 Phi B: 0.923131 Phi I: 5.82111e-52
Total charge: -8.58238e-20
etaHat: 124879
96  fE: -3.06847  dfE: 0.0124655  dW: 0.0591325  dPhi(Nx/2)(Ny/2)(Nz/2): 0.00976344 Phi A: 0.0686591 Phi B: 0.922143 Phi I: 5.82111e-52
Total charge: -8.57813e-20
etaHat: 124879
97  fE: -3.05731  dfE: 0.0111602  dW: 0.0319672  dPhi(Nx/2)(Ny/2)(Nz/2): 0.0102544 Phi A: 0.068625 Phi B: 0.92168 Phi I: 5.8211e-52
Total charge: -8.57859e-20
etaHat: 124879
98  fE: -3.04785  dfE: 0.00945489  dW: 0.0210945  dPhi(Nx/2)(Ny/2)(Nz/2): 0.0102073 Phi A: 0.0686287 Phi B: 0.921712 Phi I: 5.8211e-52
Total charge: -8.58315e-20
etaHat: 124879
99  fE: -3.04038  dfE: 0.00747274  dW: 0.0305596  dPhi(Nx/2)(Ny/2)(Nz/2): 0.00967981 Phi A: 0.0686652 Phi B: 0.922185 Phi I: 5.82111e-52
Total charge: -8.59106e-20
etaHat: 124879
100  fE: -3.03504  dfE: 0.00533556  dW: 0.0484281  dPhi(Nx/2)(Ny/2)(Nz/2): 0.00874651 Phi A: 0.0687285 Phi B: 0.923033 Phi I: 5.82111e-52
Saving data . . .
Total charge: -8.60147e-20
etaHat: 124879
101  fE: -3.03188  dfE: 0.0031593  dW: 0.0645595  dPhi(Nx/2)(Ny/2)(Nz/2): 0.00749383 Phi A: 0.0688117 Phi B: 0.924175 Phi I: 5.82112e-52
Total charge: -8.61352e-20
etaHat: 124879
102  fE: -3.03083  dfE: 0.00105035  dW: 0.0759234  dPhi(Nx/2)(Ny/2)(Nz/2): 0.0060149 Phi A: 0.0689082 Phi B: 0.925527 Phi I: 5.82113e-52
Total charge: -8.62635e-20
etaHat: 124879
103  fE: -3.03173  dfE: 0.000897722  dW: 0.0821531  dPhi(Nx/2)(Ny/2)(Nz/2): 0.00440453 Phi A: 0.0690108 Phi B: 0.927 Phi I: 5.82114e-52
Total charge: -8.63915e-20
etaHat: 124879
104  fE: -3.03434  dfE: 0.00260697  dW: 0.0834459  dPhi(Nx/2)(Ny/2)(Nz/2): 0.00275455 Phi A: 0.0691132 Phi B: 0.928511 Phi I: 5.82115e-52
Total charge: -8.65121e-20
etaHat: 124879
105  fE: -3.03835  dfE: 0.00401725  dW: 0.0802528  dPhi(Nx/2)(Ny/2)(Nz/2): 0.00114966 Phi A: 0.0692097 Phi B: 0.92998 Phi I: 5.82115e-52
Total charge: -8.6619e-20
etaHat: 124879
106  fE: -3.04344  dfE: 0.0050878  dW: 0.0732097  dPhi(Nx/2)(Ny/2)(Nz/2): -0.000336132 Phi A: 0.0692952 Phi B: 0.93134 Phi I: 5.82116e-52
Total charge: -8.67076e-20
etaHat: 124879
107  fE: -3.04924  dfE: 0.00579782  dW: 0.0631028  dPhi(Nx/2)(Ny/2)(Nz/2): -0.00164211 Phi A: 0.0693661 Phi B: 0.932534 Phi I: 5.82117e-52
Total charge: -8.67745e-20
etaHat: 124879
108  fE: -3.05539  dfE: 0.00614626  dW: 0.050945  dPhi(Nx/2)(Ny/2)(Nz/2): -0.00272268 Phi A: 0.0694196 Phi B: 0.93352 Phi I: 5.82118e-52
Total charge: -8.68178e-20
etaHat: 124879
109  fE: -3.06154  dfE: 0.00615047  dW: 0.038194  dPhi(Nx/2)(Ny/2)(Nz/2): -0.00354824 Phi A: 0.0694542 Phi B: 0.934269 Phi I: 5.82118e-52
Total charge: -8.68371e-20
etaHat: 124879
110  fE: -3.06738  dfE: 0.00584396  dW: 0.0270941  dPhi(Nx/2)(Ny/2)(Nz/2): -0.00410508 Phi A: 0.0694696 Phi B: 0.93477 Phi I: 5.82118e-52
Saving data . . .
Total charge: -8.68332e-20
etaHat: 124879
111  fE: -3.07265  dfE: 0.00527328  dW: 0.0202307  dPhi(Nx/2)(Ny/2)(Nz/2): -0.00439454 Phi A: 0.0694666 Phi B: 0.935023 Phi I: 5.82119e-52
Total charge: -8.68082e-20
etaHat: 124879
112  fE: -3.07715  dfE: 0.0044944  dW: 0.0190257  dPhi(Nx/2)(Ny/2)(Nz/2): -0.00443135 Phi A: 0.0694466 Phi B: 0.935042 Phi I: 5.82119e-52
Total charge: -8.6765e-20
etaHat: 124879
113  fE: -3.08072  dfE: 0.00356872  dW: 0.0226467  dPhi(Nx/2)(Ny/2)(Nz/2): -0.00424147 Phi A: 0.069412 Phi B: 0.934851 Phi I: 5.82118e-52
Total charge: -8.6707e-20
etaHat: 124879
114  fE: -3.08328  dfE: 0.0025591  dW: 0.0287058  dPhi(Nx/2)(Ny/2)(Nz/2): -0.00385961 Phi A: 0.0693656 Phi B: 0.934482 Phi I: 5.82118e-52
Total charge: -8.66381e-20
etaHat: 124879
115  fE: -3.0848  dfE: 0.00152627  dW: 0.0348093  dPhi(Nx/2)(Ny/2)(Nz/2): -0.00332641 Phi A: 0.0693105 Phi B: 0.933973 Phi I: 5.82118e-52
Total charge: -8.65626e-20
etaHat: 124879
116  fE: -3.08533  dfE: 0.00052562  dW: 0.0394885  dPhi(Nx/2)(Ny/2)(Nz/2): -0.00268577 Phi A: 0.0692501 Phi B: 0.933365 Phi I: 5.82117e-52
Total charge: -8.64843e-20
etaHat: 124879
117  fE: -3.08493  dfE: 0.000395208  dW: 0.0421173  dPhi(Nx/2)(Ny/2)(Nz/2): -0.00198221 Phi A: 0.0691874 Phi B: 0.932698 Phi I: 5.82117e-52
Total charge: -8.6407e-20
etaHat: 124879
118  fE: -3.08373  dfE: 0.00119802  dW: 0.042585  dPhi(Nx/2)(Ny/2)(Nz/2): -0.00125855 Phi A: 0.0691256 Phi B: 0.932013 Phi I: 5.82117e-52
Total charge: -8.6334e-20
etaHat: 124879
119  fE: -3.08188  dfE: 0.00185501  dW: 0.0410421  dPhi(Nx/2)(Ny/2)(Nz/2): -0.000553902 Phi A: 0.0690672 Phi B: 0.931347 Phi I: 5.82116e-52
Total charge: -8.62681e-20
etaHat: 124879
120  fE: -3.07953  dfE: 0.00234895  dW: 0.0377868  dPhi(Nx/2)(Ny/2)(Nz/2): 9.78472e-05 Phi A: 0.0690145 Phi B: 0.930731 Phi I: 5.82116e-52
Saving data . . .
Total charge: -8.62113e-20
etaHat: 124879
121  fE: -3.07686  dfE: 0.00267282  dW: 0.0332519  dPhi(Nx/2)(Ny/2)(Nz/2): 0.00066919 Phi A: 0.0689691 Phi B: 0.930191 Phi I: 5.82115e-52
Total charge: -8.61652e-20
etaHat: 124879
122  fE: -3.07403  dfE: 0.00282892  dW: 0.0280118  dPhi(Nx/2)(Ny/2)(Nz/2): 0.00113965 Phi A: 0.0689322 Phi B: 0.929745 Phi I: 5.82115e-52
Total charge: -8.61306e-20
etaHat: 124879
123  fE: -3.0712  dfE: 0.00282762  dW: 0.0227956  dPhi(Nx/2)(Ny/2)(Nz/2): 0.00149604 Phi A: 0.0689045 Phi B: 0.929408 Phi I: 5.82115e-52
Total charge: -8.61075e-20
etaHat: 124879
124  fE: -3.06852  dfE: 0.00268593  dW: 0.0184053  dPhi(Nx/2)(Ny/2)(Nz/2): 0.00173232 Phi A: 0.068886 Phi B: 0.929183 Phi I: 5.82115e-52
Total charge: -8.60956e-20
etaHat: 124879
125  fE: -3.06609  dfE: 0.00242585  dW: 0.0154715  dPhi(Nx/2)(Ny/2)(Nz/2): 0.00184911 Phi A: 0.0688765 Phi B: 0.929072 Phi I: 5.82115e-52
Total charge: -8.6094e-20
etaHat: 124879
126  fE: -3.06402  dfE: 0.00207277  dW: 0.0142315  dPhi(Nx/2)(Ny/2)(Nz/2): 0.00185298 Phi A: 0.0688752 Phi B: 0.929067 Phi I: 5.82115e-52
Total charge: -8.61014e-20
etaHat: 124879
127  fE: -3.06236  dfE: 0.0016539  dW: 0.0144333  dPhi(Nx/2)(Ny/2)(Nz/2): 0.00175546 Phi A: 0.0688812 Phi B: 0.929158 Phi I: 5.82115e-52
Total charge: -8.61162e-20
etaHat: 124879
128  fE: -3.06117  dfE: 0.00119676  dW: 0.0155683  dPhi(Nx/2)(Ny/2)(Nz/2): 0.00157199 Phi A: 0.068893 Phi B: 0.929332 Phi I: 5.82115e-52
Total charge: -8.61366e-20
etaHat: 124879
129  fE: -3.06044  dfE: 0.000727862  dW: 0.0170683  dPhi(Nx/2)(Ny/2)(Nz/2): 0.00132073 Phi A: 0.0689093 Phi B: 0.92957 Phi I: 5.82115e-52
Total charge: -8.61607e-20
etaHat: 124879
130  fE: -3.06017  dfE: 0.000271543  dW: 0.0184102  dPhi(Nx/2)(Ny/2)(Nz/2): 0.00102136 Phi A: 0.0689285 Phi B: 0.929854 Phi I: 5.82115e-52
Saving data . . .
Total charge: -8.61866e-20
etaHat: 124879
131  fE: -3.06032  dfE: 0.000150945  dW: 0.0192456  dPhi(Nx/2)(Ny/2)(Nz/2): 0.000693975 Phi A: 0.0689493 Phi B: 0.930167 Phi I: 5.82115e-52
Total charge: -8.62127e-20
etaHat: 124879
132  fE: -3.06084  dfE: 0.000522165  dW: 0.0194086  dPhi(Nx/2)(Ny/2)(Nz/2): 0.000358038 Phi A: 0.0689702 Phi B: 0.930488 Phi I: 5.82115e-52
Total charge: -8.62374e-20
etaHat: 124879
133  fE: -3.06167  dfE: 0.000828959  dW: 0.0188972  dPhi(Nx/2)(Ny/2)(Nz/2): 3.14527e-05 Phi A: 0.0689899 Phi B: 0.930803 Phi I: 5.82116e-52
Total charge: -8.62594e-20
etaHat: 124879
134  fE: -3.06273  dfE: 0.00106267  dW: 0.0178289  dPhi(Nx/2)(Ny/2)(Nz/2): -0.00027016 Phi A: 0.0690075 Phi B: 0.931095 Phi I: 5.82116e-52
Total charge: -8.62776e-20
etaHat: 124879
135  fE: -3.06395  dfE: 0.00121915  dW: 0.0163977  dPhi(Nx/2)(Ny/2)(Nz/2): -0.000534021 Phi A: 0.0690221 Phi B: 0.931353 Phi I: 5.82116e-52
Total charge: -8.62913e-20
etaHat: 124879
136  fE: -3.06525  dfE: 0.0012985  dW: 0.0148539  dPhi(Nx/2)(Ny/2)(Nz/2): -0.000750544 Phi A: 0.0690331 Phi B: 0.931567 Phi I: 5.82116e-52
Total charge: -8.63002e-20
etaHat: 124879
137  fE: -3.06655  dfE: 0.00130469  dW: 0.0134349  dPhi(Nx/2)(Ny/2)(Nz/2): -0.000913496 Phi A: 0.0690401 Phi B: 0.931732 Phi I: 5.82116e-52
Total charge: -8.6304e-20
etaHat: 124879
138  fE: -3.0678  dfE: 0.00124494  dW: 0.0123412  dPhi(Nx/2)(Ny/2)(Nz/2): -0.00101997 Phi A: 0.0690432 Phi B: 0.931845 Phi I: 5.82116e-52
Total charge: -8.6303e-20
etaHat: 124879
139  fE: -3.06893  dfE: 0.00112907  dW: 0.0116756  dPhi(Nx/2)(Ny/2)(Nz/2): -0.00107019 Phi A: 0.0690424 Phi B: 0.931905 Phi I: 5.82116e-52
Total charge: -8.62975e-20
etaHat: 124879
140  fE: -3.0699  dfE: 0.00096872  dW: 0.0114371  dPhi(Nx/2)(Ny/2)(Nz/2): -0.00106717 Phi A: 0.069038 Phi B: 0.931915 Phi I: 5.82116e-52
Saving data . . .
Total charge: -8.62881e-20
etaHat: 124879
141  fE: -3.07067  dfE: 0.000776575  dW: 0.0115577  dPhi(Nx/2)(Ny/2)(Nz/2): -0.0010163 Phi A: 0.0690305 Phi B: 0.93188 Phi I: 5.82116e-52
Total charge: -8.62755e-20
etaHat: 124879
142  fE: -3.07124  dfE: 0.000565609  dW: 0.0118895  dPhi(Nx/2)(Ny/2)(Nz/2): -0.000924795 Phi A: 0.0690204 Phi B: 0.931807 Phi I: 5.82116e-52
Total charge: -8.62606e-20
etaHat: 124879
143  fE: -3.07159  dfE: 0.00034839  dW: 0.0122859  dPhi(Nx/2)(Ny/2)(Nz/2): -0.000801159 Phi A: 0.0690085 Phi B: 0.931703 Phi I: 5.82116e-52
Total charge: -8.62442e-20
etaHat: 124879
144  fE: -3.07172  dfE: 0.000136484  dW: 0.0126167  dPhi(Nx/2)(Ny/2)(Nz/2): -0.000654628 Phi A: 0.0689953 Phi B: 0.931577 Phi I: 5.82116e-52
Total charge: -8.62271e-20
etaHat: 124879
145  fE: -3.07166  dfE: 6.00354e-05  dW: 0.0127876  dPhi(Nx/2)(Ny/2)(Nz/2): -0.000494623 Phi A: 0.0689817 Phi B: 0.931437 Phi I: 5.82116e-52
Total charge: -8.62101e-20
etaHat: 124879
146  fE: -3.07143  dfE: 0.000232934  dW: 0.0127467  dPhi(Nx/2)(Ny/2)(Nz/2): -0.000330257 Phi A: 0.0689681 Phi B: 0.931293 Phi I: 5.82116e-52
Total charge: -8.6194e-20
etaHat: 124879
147  fE: -3.07105  dfE: 0.000376042  dW: 0.0124912  dPhi(Nx/2)(Ny/2)(Nz/2): -0.000169916 Phi A: 0.0689552 Phi B: 0.931151 Phi I: 5.82116e-52
Total charge: -8.61794e-20
etaHat: 124879
148  fE: -3.07057  dfE: 0.000485338  dW: 0.0120595  dPhi(Nx/2)(Ny/2)(Nz/2): -2.09129e-05 Phi A: 0.0689435 Phi B: 0.931019 Phi I: 5.82116e-52
Total charge: -8.61666e-20
etaHat: 124879
149  fE: -3.07001  dfE: 0.000558924  dW: 0.0115179  dPhi(Nx/2)(Ny/2)(Nz/2): 0.000110763 Phi A: 0.0689333 Phi B: 0.930903 Phi I: 5.82116e-52
Total charge: -8.61561e-20
etaHat: 124879
150  fE: -3.06941  dfE: 0.000596889  dW: 0.0109341  dPhi(Nx/2)(Ny/2)(Nz/2): 0.000220608 Phi A: 0.0689249 Phi B: 0.930806 Phi I: 5.82116e-52
Saving data . . .
Total charge: -8.6148e-20
etaHat: 124879
151  fE: -3.06881  dfE: 0.000601088  dW: 0.0103793  dPhi(Nx/2)(Ny/2)(Nz/2): 0.000305672 Phi A: 0.0689184 Phi B: 0.930732 Phi I: 5.82116e-52
Total charge: -8.61424e-20
etaHat: 124879
152  fE: -3.06824  dfE: 0.000574863  dW: 0.00991506  dPhi(Nx/2)(Ny/2)(Nz/2): 0.000364542 Phi A: 0.0689139 Phi B: 0.930682 Phi I: 5.82116e-52
Total charge: -8.61392e-20
etaHat: 124879
153  fE: -3.06771  dfE: 0.000522716  dW: 0.00956875  dPhi(Nx/2)(Ny/2)(Nz/2): 0.000397257 Phi A: 0.0689114 Phi B: 0.930656 Phi I: 5.82116e-52
Total charge: -8.61382e-20
etaHat: 124879
154  fE: -3.06726  dfE: 0.000449961  dW: 0.00933951  dPhi(Nx/2)(Ny/2)(Nz/2): 0.000405149 Phi A: 0.0689106 Phi B: 0.930652 Phi I: 5.82116e-52
Total charge: -8.61392e-20
etaHat: 124879
155  fE: -3.0669  dfE: 0.00036238  dW: 0.00921457  dPhi(Nx/2)(Ny/2)(Nz/2): 0.000390647 Phi A: 0.0689114 Phi B: 0.93067 Phi I: 5.82116e-52
Total charge: -8.61419e-20
etaHat: 124879
156  fE: -3.06664  dfE: 0.000265884  dW: 0.00916152  dPhi(Nx/2)(Ny/2)(Nz/2): 0.000357042 Phi A: 0.0689135 Phi B: 0.930705 Phi I: 5.82116e-52
Total charge: -8.61457e-20
etaHat: 124879
157  fE: -3.06647  dfE: 0.000166208  dW: 0.00914217  dPhi(Nx/2)(Ny/2)(Nz/2): 0.000308236 Phi A: 0.0689166 Phi B: 0.930754 Phi I: 5.82116e-52
Total charge: -8.61504e-20
etaHat: 124879
158  fE: -3.0664  dfE: 6.86482e-05  dW: 0.00912292  dPhi(Nx/2)(Ny/2)(Nz/2): 0.000248481 Phi A: 0.0689203 Phi B: 0.930814 Phi I: 5.82116e-52
Total charge: -8.61556e-20
etaHat: 124879
159  fE: -3.06642  dfE: 2.21554e-05  dW: 0.0090752  dPhi(Nx/2)(Ny/2)(Nz/2): 0.000182137 Phi A: 0.0689245 Phi B: 0.93088 Phi I: 5.82116e-52
Total charge: -8.61609e-20
etaHat: 124879
160  fE: -3.06653  dfE: 0.000102381  dW: 0.00898386  dPhi(Nx/2)(Ny/2)(Nz/2): 0.000113439 Phi A: 0.0689287 Phi B: 0.930948 Phi I: 5.82116e-52
Saving data . . .
Total charge: -8.61659e-20
etaHat: 124879
161  fE: -3.0667  dfE: 0.000169129  dW: 0.00884633  dPhi(Nx/2)(Ny/2)(Nz/2): 4.63055e-05 Phi A: 0.0689327 Phi B: 0.931015 Phi I: 5.82116e-52
Total charge: -8.61703e-20
etaHat: 124879
162  fE: -3.06692  dfE: 0.000220473  dW: 0.00867031  dPhi(Nx/2)(Ny/2)(Nz/2): -1.58295e-05 Phi A: 0.0689363 Phi B: 0.931078 Phi I: 5.82116e-52
Total charge: -8.6174e-20
etaHat: 124879
163  fE: -3.06717  dfE: 0.000255452  dW: 0.00847006  dPhi(Nx/2)(Ny/2)(Nz/2): -7.01341e-05 Phi A: 0.0689392 Phi B: 0.931134 Phi I: 5.82116e-52
Total charge: -8.61768e-20
etaHat: 124879
164  fE: -3.06745  dfE: 0.000274025  dW: 0.00826369  dPhi(Nx/2)(Ny/2)(Nz/2): -0.000114458 Phi A: 0.0689414 Phi B: 0.931181 Phi I: 5.82116e-52
Total charge: -8.61786e-20
etaHat: 124879
165  fE: -3.06772  dfE: 0.000276971  dW: 0.00806999  dPhi(Nx/2)(Ny/2)(Nz/2): -0.000147371 Phi A: 0.0689429 Phi B: 0.931217 Phi I: 5.82116e-52
Total charge: -8.61793e-20
etaHat: 124879
166  fE: -3.06799  dfE: 0.000265773  dW: 0.00790026  dPhi(Nx/2)(Ny/2)(Nz/2): -0.000168157 Phi A: 0.0689434 Phi B: 0.931242 Phi I: 5.82116e-52
Total charge: -8.6179e-20
etaHat: 124879
167  fE: -3.06823  dfE: 0.000242463  dW: 0.00776128  dPhi(Nx/2)(Ny/2)(Nz/2): -0.000176777 Phi A: 0.0689432 Phi B: 0.931257 Phi I: 5.82116e-52
Total charge: -8.61777e-20
etaHat: 124879
168  fE: -3.06844  dfE: 0.000209471  dW: 0.00765141  dPhi(Nx/2)(Ny/2)(Nz/2): -0.000173805 Phi A: 0.0689422 Phi B: 0.93126 Phi I: 5.82116e-52
Total charge: -8.61756e-20
etaHat: 124879
169  fE: -3.06861  dfE: 0.000169458  dW: 0.00756658  dPhi(Nx/2)(Ny/2)(Nz/2): -0.00016033 Phi A: 0.0689405 Phi B: 0.931254 Phi I: 5.82116e-52
Total charge: -8.61729e-20
etaHat: 124879
170  fE: -3.06873  dfE: 0.000125158  dW: 0.00749782  dPhi(Nx/2)(Ny/2)(Nz/2): -0.000137854 Phi A: 0.0689383 Phi B: 0.931239 Phi I: 5.82116e-52
Saving data . . .
Total charge: -8.61696e-20
etaHat: 124879
171  fE: -3.06881  dfE: 7.92332e-05  dW: 0.00743616  dPhi(Nx/2)(Ny/2)(Nz/2): -0.000108172 Phi A: 0.0689357 Phi B: 0.931218 Phi I: 5.82116e-52
Total charge: -8.6166e-20
etaHat: 124879
172  fE: -3.06885  dfE: 3.41507e-05  dW: 0.00737282  dPhi(Nx/2)(Ny/2)(Nz/2): -7.32558e-05 Phi A: 0.0689328 Phi B: 0.931192 Phi I: 5.82116e-52
Total charge: -8.61622e-20
etaHat: 124879
173  fE: -3.06884  dfE: 7.92447e-06  dW: 0.00730009  dPhi(Nx/2)(Ny/2)(Nz/2): -3.51344e-05 Phi A: 0.0689298 Phi B: 0.931163 Phi I: 5.82116e-52
Total charge: -8.61585e-20
etaHat: 124879
174  fE: -3.0688  dfE: 4.5204e-05  dW: 0.00721464  dPhi(Nx/2)(Ny/2)(Nz/2): 4.20802e-06 Phi A: 0.0689268 Phi B: 0.931133 Phi I: 5.82116e-52
Total charge: -8.61549e-20
etaHat: 124879
175  fE: -3.06872  dfE: 7.6327e-05  dW: 0.00711618  dPhi(Nx/2)(Ny/2)(Nz/2): 4.2927e-05 Phi A: 0.0689239 Phi B: 0.931103 Phi I: 5.82116e-52
Total charge: -8.61516e-20
etaHat: 124879
176  fE: -3.06862  dfE: 0.000100383  dW: 0.00700709  dPhi(Nx/2)(Ny/2)(Nz/2): 7.93934e-05 Phi A: 0.0689213 Phi B: 0.931074 Phi I: 5.82116e-52
Total charge: -8.61487e-20
etaHat: 124879
177  fE: -3.0685  dfE: 0.000116911  dW: 0.00689065  dPhi(Nx/2)(Ny/2)(Nz/2): 0.000112251 Phi A: 0.068919 Phi B: 0.931049 Phi I: 5.82116e-52
Total charge: -8.61463e-20
etaHat: 124879
178  fE: -3.06838  dfE: 0.000125873  dW: 0.00677095  dPhi(Nx/2)(Ny/2)(Nz/2): 0.000140453 Phi A: 0.068917 Phi B: 0.931028 Phi I: 5.82116e-52
Total charge: -8.61444e-20
etaHat: 124879
179  fE: -3.06825  dfE: 0.000127614  dW: 0.00665303  dPhi(Nx/2)(Ny/2)(Nz/2): 0.000163283 Phi A: 0.0689155 Phi B: 0.931012 Phi I: 5.82116e-52
Total charge: -8.6143e-20
etaHat: 124879
180  fE: -3.06813  dfE: 0.000122801  dW: 0.00654086  dPhi(Nx/2)(Ny/2)(Nz/2): 0.000180352 Phi A: 0.0689144 Phi B: 0.931001 Phi I: 5.82116e-52
Saving data . . .
Total charge: -8.61422e-20
etaHat: 124879
181  fE: -3.06801  dfE: 0.000112362  dW: 0.00643831  dPhi(Nx/2)(Ny/2)(Nz/2): 0.000191586 Phi A: 0.0689137 Phi B: 0.930995 Phi I: 5.82116e-52
Total charge: -8.61418e-20
etaHat: 124879
182  fE: -3.06792  dfE: 9.74055e-05  dW: 0.0063455  dPhi(Nx/2)(Ny/2)(Nz/2): 0.000197192 Phi A: 0.0689135 Phi B: 0.930994 Phi I: 5.82116e-52
Total charge: -8.61419e-20
etaHat: 124879
183  fE: -3.06784  dfE: 7.91498e-05  dW: 0.00626063  dPhi(Nx/2)(Ny/2)(Nz/2): 0.000197621 Phi A: 0.0689135 Phi B: 0.930997 Phi I: 5.82116e-52
Total charge: -8.61423e-20
etaHat: 124879
184  fE: -3.06778  dfE: 5.88511e-05  dW: 0.00618195  dPhi(Nx/2)(Ny/2)(Nz/2): 0.000193517 Phi A: 0.0689138 Phi B: 0.931004 Phi I: 5.82116e-52
Total charge: -8.6143e-20
etaHat: 124879
185  fE: -3.06774  dfE: 3.77356e-05  dW: 0.00610764  dPhi(Nx/2)(Ny/2)(Nz/2): 0.000185666 Phi A: 0.0689144 Phi B: 0.931014 Phi I: 5.82116e-52
Total charge: -8.61439e-20
etaHat: 124879
186  fE: -3.06772  dfE: 1.69427e-05  dW: 0.00603534  dPhi(Nx/2)(Ny/2)(Nz/2): 0.000174941 Phi A: 0.0689151 Phi B: 0.931027 Phi I: 5.82116e-52
Total charge: -8.61449e-20
etaHat: 124879
187  fE: -3.06773  dfE: 2.5238e-06  dW: 0.00596287  dPhi(Nx/2)(Ny/2)(Nz/2): 0.000162248 Phi A: 0.0689159 Phi B: 0.931041 Phi I: 5.82116e-52
Total charge: -8.61459e-20
etaHat: 124879
188  fE: -3.06775  dfE: 1.98306e-05  dW: 0.00588906  dPhi(Nx/2)(Ny/2)(Nz/2): 0.000148482 Phi A: 0.0689168 Phi B: 0.931055 Phi I: 5.82116e-52
Total charge: -8.61469e-20
etaHat: 124879
189  fE: -3.06778  dfE: 3.43393e-05  dW: 0.00581352  dPhi(Nx/2)(Ny/2)(Nz/2): 0.000134477 Phi A: 0.0689176 Phi B: 0.93107 Phi I: 5.82116e-52
Total charge: -8.61478e-20
etaHat: 124879
190  fE: -3.06782  dfE: 4.56178e-05  dW: 0.00573651  dPhi(Nx/2)(Ny/2)(Nz/2): 0.000120978 Phi A: 0.0689183 Phi B: 0.931083 Phi I: 5.82116e-52
Saving data . . .
Total charge: -8.61486e-20
etaHat: 124879
191  fE: -3.06788  dfE: 5.34402e-05  dW: 0.005659  dPhi(Nx/2)(Ny/2)(Nz/2): 0.000108609 Phi A: 0.0689189 Phi B: 0.931095 Phi I: 5.82116e-52
Total charge: -8.61491e-20
etaHat: 124879
192  fE: -3.06794  dfE: 5.77767e-05  dW: 0.00558236  dPhi(Nx/2)(Ny/2)(Nz/2): 9.7859e-05 Phi A: 0.0689193 Phi B: 0.931106 Phi I: 5.82116e-52
Total charge: -8.61495e-20
etaHat: 124879
193  fE: -3.06799  dfE: 5.87749e-05  dW: 0.00550761  dPhi(Nx/2)(Ny/2)(Nz/2): 8.90683e-05 Phi A: 0.0689196 Phi B: 0.931114 Phi I: 5.82116e-52
Total charge: -8.61496e-20
etaHat: 124879
194  fE: -3.06805  dfE: 5.67334e-05  dW: 0.00543554  dPhi(Nx/2)(Ny/2)(Nz/2): 8.2432e-05 Phi A: 0.0689197 Phi B: 0.931119 Phi I: 5.82116e-52
Total charge: -8.61495e-20
etaHat: 124879
195  fE: -3.0681  dfE: 5.20718e-05  dW: 0.00536662  dPhi(Nx/2)(Ny/2)(Nz/2): 7.80047e-05 Phi A: 0.0689196 Phi B: 0.931123 Phi I: 5.82116e-52
Total charge: -8.61492e-20
etaHat: 124879
196  fE: -3.06815  dfE: 4.52966e-05  dW: 0.00530099  dPhi(Nx/2)(Ny/2)(Nz/2): 7.57142e-05 Phi A: 0.0689193 Phi B: 0.931124 Phi I: 5.82116e-52
Total charge: -8.61487e-20
etaHat: 124879
197  fE: -3.06819  dfE: 3.6967e-05  dW: 0.00523823  dPhi(Nx/2)(Ny/2)(Nz/2): 7.53794e-05 Phi A: 0.068919 Phi B: 0.931123 Phi I: 5.82116e-52
Total charge: -8.61481e-20
etaHat: 124879
198  fE: -3.06821  dfE: 2.76616e-05  dW: 0.00517741  dPhi(Nx/2)(Ny/2)(Nz/2): 7.67322e-05 Phi A: 0.0689185 Phi B: 0.93112 Phi I: 5.82116e-52
Total charge: -8.61474e-20
etaHat: 124879
199  fE: -3.06823  dfE: 1.79471e-05  dW: 0.00511798  dPhi(Nx/2)(Ny/2)(Nz/2): 7.94415e-05 Phi A: 0.0689179 Phi B: 0.931115 Phi I: 5.82116e-52
Total charge: -8.61466e-20
etaHat: 124879
200  fE: -3.06824  dfE: 8.35146e-06  dW: 0.00505898  dPhi(Nx/2)(Ny/2)(Nz/2): 8.31375e-05 Phi A: 0.0689172 Phi B: 0.93111 Phi I: 5.82116e-52
Saving data . . .
Total charge: -8.61457e-20
etaHat: 124879
201  fE: -3.06824  dfE: 6.58398e-07  dW: 0.00500006  dPhi(Nx/2)(Ny/2)(Nz/2): 8.74355e-05 Phi A: 0.0689166 Phi B: 0.931104 Phi I: 5.82116e-52
Total charge: -8.61449e-20
etaHat: 124879
202  fE: -3.06823  dfE: 8.69372e-06  dW: 0.00494083  dPhi(Nx/2)(Ny/2)(Nz/2): 9.19583e-05 Phi A: 0.0689159 Phi B: 0.931098 Phi I: 5.82116e-52
Total charge: -8.61441e-20
etaHat: 124879
203  fE: -3.06822  dfE: 1.54551e-05  dW: 0.00488125  dPhi(Nx/2)(Ny/2)(Nz/2): 9.63555e-05 Phi A: 0.0689153 Phi B: 0.931091 Phi I: 5.82116e-52
Total charge: -8.61433e-20
etaHat: 124879
204  fE: -3.06819  dfE: 2.07379e-05  dW: 0.00482136  dPhi(Nx/2)(Ny/2)(Nz/2): 0.000100319 Phi A: 0.0689147 Phi B: 0.931085 Phi I: 5.82116e-52
Total charge: -8.61427e-20
etaHat: 124879
205  fE: -3.06817  dfE: 2.44331e-05  dW: 0.00476145  dPhi(Nx/2)(Ny/2)(Nz/2): 0.000103596 Phi A: 0.0689141 Phi B: 0.93108 Phi I: 5.82116e-52
Total charge: -8.61421e-20
etaHat: 124879
206  fE: -3.06814  dfE: 2.65219e-05  dW: 0.00470194  dPhi(Nx/2)(Ny/2)(Nz/2): 0.000105995 Phi A: 0.0689137 Phi B: 0.931075 Phi I: 5.82116e-52
Total charge: -8.61417e-20
etaHat: 124879
207  fE: -3.06812  dfE: 2.70681e-05  dW: 0.00464309  dPhi(Nx/2)(Ny/2)(Nz/2): 0.000107394 Phi A: 0.0689133 Phi B: 0.931072 Phi I: 5.82116e-52
Total charge: -8.61413e-20
etaHat: 124879
208  fE: -3.06809  dfE: 2.62055e-05  dW: 0.00458522  dPhi(Nx/2)(Ny/2)(Nz/2): 0.000107734 Phi A: 0.0689131 Phi B: 0.931069 Phi I: 5.82116e-52
Total charge: -8.61411e-20
etaHat: 124879
209  fE: -3.06807  dfE: 2.41245e-05  dW: 0.00452868  dPhi(Nx/2)(Ny/2)(Nz/2): 0.000107024 Phi A: 0.0689129 Phi B: 0.931068 Phi I: 5.82116e-52
Total charge: -8.6141e-20
etaHat: 124879
210  fE: -3.06805  dfE: 2.10564e-05  dW: 0.00447369  dPhi(Nx/2)(Ny/2)(Nz/2): 0.000105325 Phi A: 0.0689128 Phi B: 0.931068 Phi I: 5.82116e-52
Saving data . . .
Total charge: -8.6141e-20
etaHat: 124879
211  fE: -3.06803  dfE: 1.72574e-05  dW: 0.00442009  dPhi(Nx/2)(Ny/2)(Nz/2): 0.000102751 Phi A: 0.0689128 Phi B: 0.931068 Phi I: 5.82116e-52
Total charge: -8.6141e-20
etaHat: 124879
212  fE: -3.06801  dfE: 1.29937e-05  dW: 0.0043679  dPhi(Nx/2)(Ny/2)(Nz/2): 9.94514e-05 Phi A: 0.0689128 Phi B: 0.93107 Phi I: 5.82116e-52
Total charge: -8.61411e-20
etaHat: 124879
213  fE: -3.06801  dfE: 8.52665e-06  dW: 0.00431687  dPhi(Nx/2)(Ny/2)(Nz/2): 9.56047e-05 Phi A: 0.0689129 Phi B: 0.931072 Phi I: 5.82116e-52
Total charge: -8.61413e-20
etaHat: 124879
214  fE: -3.068  dfE: 4.10054e-06  dW: 0.00426676  dPhi(Nx/2)(Ny/2)(Nz/2): 9.14041e-05 Phi A: 0.068913 Phi B: 0.931074 Phi I: 5.82116e-52
Total charge: -8.61415e-20
etaHat: 124879
215  fE: -3.068  dfE: 6.79149e-08  dW: 0.00421753  dPhi(Nx/2)(Ny/2)(Nz/2): 8.70476e-05 Phi A: 0.0689132 Phi B: 0.931077 Phi I: 5.82116e-52
Total charge: -8.61417e-20
etaHat: 124879
216  fE: -3.06801  dfE: 3.7975e-06  dW: 0.00416895  dPhi(Nx/2)(Ny/2)(Nz/2): 8.27272e-05 Phi A: 0.0689134 Phi B: 0.93108 Phi I: 5.82116e-52
Total charge: -8.61419e-20
etaHat: 124879
217  fE: -3.06801  dfE: 6.94785e-06  dW: 0.00412095  dPhi(Nx/2)(Ny/2)(Nz/2): 7.86203e-05 Phi A: 0.0689135 Phi B: 0.931083 Phi I: 5.82116e-52
Total charge: -8.61421e-20
etaHat: 124879
218  fE: -3.06802  dfE: 9.42217e-06  dW: 0.00407362  dPhi(Nx/2)(Ny/2)(Nz/2): 7.48817e-05 Phi A: 0.0689136 Phi B: 0.931086 Phi I: 5.82116e-52
Total charge: -8.61422e-20
etaHat: 124879
219  fE: -3.06803  dfE: 1.11676e-05  dW: 0.00402704  dPhi(Nx/2)(Ny/2)(Nz/2): 7.16383e-05 Phi A: 0.0689138 Phi B: 0.931089 Phi I: 5.82116e-52
Total charge: -8.61423e-20
etaHat: 124879
220  fE: -3.06805  dfE: 1.2173e-05  dW: 0.00398132  dPhi(Nx/2)(Ny/2)(Nz/2): 6.89855e-05 Phi A: 0.0689138 Phi B: 0.931091 Phi I: 5.82116e-52
Saving data . . .
Total charge: -8.61424e-20
etaHat: 124879
221  fE: -3.06806  dfE: 1.24656e-05  dW: 0.00393648  dPhi(Nx/2)(Ny/2)(Nz/2): 6.69849e-05 Phi A: 0.0689139 Phi B: 0.931093 Phi I: 5.82116e-52
Total charge: -8.61424e-20
etaHat: 124879
222  fE: -3.06807  dfE: 1.21053e-05  dW: 0.00389253  dPhi(Nx/2)(Ny/2)(Nz/2): 6.56647e-05 Phi A: 0.0689139 Phi B: 0.931094 Phi I: 5.82116e-52
Total charge: -8.61424e-20
etaHat: 124879
223  fE: -3.06808  dfE: 1.11782e-05  dW: 0.00384935  dPhi(Nx/2)(Ny/2)(Nz/2): 6.5021e-05 Phi A: 0.0689139 Phi B: 0.931095 Phi I: 5.82116e-52
Total charge: -8.61423e-20
etaHat: 124879
224  fE: -3.06809  dfE: 9.78988e-06  dW: 0.00380697  dPhi(Nx/2)(Ny/2)(Nz/2): 6.50211e-05 Phi A: 0.0689138 Phi B: 0.931095 Phi I: 5.82116e-52
Total charge: -8.61422e-20
etaHat: 124879
225  fE: -3.0681  dfE: 8.05787e-06  dW: 0.00376531  dPhi(Nx/2)(Ny/2)(Nz/2): 6.56074e-05 Phi A: 0.0689137 Phi B: 0.931095 Phi I: 5.82116e-52
Total charge: -8.6142e-20
etaHat: 124879
226  fE: -3.06811  dfE: 6.10458e-06  dW: 0.00372433  dPhi(Nx/2)(Ny/2)(Nz/2): 6.67025e-05 Phi A: 0.0689136 Phi B: 0.931095 Phi I: 5.82116e-52
Total charge: -8.61419e-20
etaHat: 124879
227  fE: -3.06811  dfE: 4.05066e-06  dW: 0.00368395  dPhi(Nx/2)(Ny/2)(Nz/2): 6.82143e-05 Phi A: 0.0689135 Phi B: 0.931094 Phi I: 5.82116e-52
Total charge: -8.61417e-20
etaHat: 124879
228  fE: -3.06811  dfE: 2.00921e-06  dW: 0.00364416  dPhi(Nx/2)(Ny/2)(Nz/2): 7.00416e-05 Phi A: 0.0689133 Phi B: 0.931093 Phi I: 5.82116e-52
Total charge: -8.61415e-20
etaHat: 124879
229  fE: -3.06811  dfE: 8.08666e-08  dW: 0.00360484  dPhi(Nx/2)(Ny/2)(Nz/2): 7.208e-05 Phi A: 0.0689132 Phi B: 0.931091 Phi I: 5.82116e-52
Total charge: -8.61413e-20
etaHat: 124879
230  fE: -3.06811  dfE: 1.64989e-06  dW: 0.00356601  dPhi(Nx/2)(Ny/2)(Nz/2): 7.4226e-05 Phi A: 0.068913 Phi B: 0.93109 Phi I: 5.82116e-52
Saving data . . .
Total charge: -8.61411e-20
etaHat: 124879
231  fE: -3.06811  dfE: 3.11728e-06  dW: 0.00352764  dPhi(Nx/2)(Ny/2)(Nz/2): 7.63823e-05 Phi A: 0.0689129 Phi B: 0.931089 Phi I: 5.82116e-52
Total charge: -8.6141e-20
etaHat: 124879
232  fE: -3.0681  dfE: 4.27555e-06  dW: 0.00348967  dPhi(Nx/2)(Ny/2)(Nz/2): 7.84613e-05 Phi A: 0.0689128 Phi B: 0.931087 Phi I: 5.82116e-52
Total charge: -8.61408e-20
etaHat: 124879
233  fE: -3.0681  dfE: 5.09917e-06  dW: 0.0034521  dPhi(Nx/2)(Ny/2)(Nz/2): 8.03876e-05 Phi A: 0.0689126 Phi B: 0.931086 Phi I: 5.82116e-52
Total charge: -8.61407e-20
etaHat: 124879
234  fE: -3.06809  dfE: 5.58198e-06  dW: 0.003415  dPhi(Nx/2)(Ny/2)(Nz/2): 8.21005e-05 Phi A: 0.0689125 Phi B: 0.931085 Phi I: 5.82116e-52
Total charge: -8.61406e-20
etaHat: 124879
235  fE: -3.06809  dfE: 5.73549e-06  dW: 0.00337843  dPhi(Nx/2)(Ny/2)(Nz/2): 8.3555e-05 Phi A: 0.0689125 Phi B: 0.931084 Phi I: 5.82116e-52
Total charge: -8.61405e-20
etaHat: 124879
236  fE: -3.06808  dfE: 5.58644e-06  dW: 0.00334232  dPhi(Nx/2)(Ny/2)(Nz/2): 8.47216e-05 Phi A: 0.0689124 Phi B: 0.931084 Phi I: 5.82116e-52
Total charge: -8.61404e-20
etaHat: 124879
237  fE: -3.06808  dfE: 5.1739e-06  dW: 0.00330674  dPhi(Nx/2)(Ny/2)(Nz/2): 8.55864e-05 Phi A: 0.0689123 Phi B: 0.931084 Phi I: 5.82116e-52
Total charge: -8.61404e-20
etaHat: 124879
238  fE: -3.06807  dfE: 4.546e-06  dW: 0.00327172  dPhi(Nx/2)(Ny/2)(Nz/2): 8.61495e-05 Phi A: 0.0689123 Phi B: 0.931084 Phi I: 5.82116e-52
Total charge: -8.61404e-20
etaHat: 124879
239  fE: -3.06807  dfE: 3.7566e-06  dW: 0.00323728  dPhi(Nx/2)(Ny/2)(Nz/2): 8.64234e-05 Phi A: 0.0689123 Phi B: 0.931084 Phi I: 5.82116e-52
Total charge: -8.61404e-20
etaHat: 124879
240  fE: -3.06806  dfE: 2.862e-06  dW: 0.00320338  dPhi(Nx/2)(Ny/2)(Nz/2): 8.6431e-05 Phi A: 0.0689123 Phi B: 0.931084 Phi I: 5.82116e-52
Saving data . . .
Total charge: -8.61404e-20
etaHat: 124879
241  fE: -3.06806  dfE: 1.91786e-06  dW: 0.00317001  dPhi(Nx/2)(Ny/2)(Nz/2): 8.62028e-05 Phi A: 0.0689123 Phi B: 0.931084 Phi I: 5.82116e-52
Total charge: -8.61404e-20
etaHat: 124879
242  fE: -3.06806  dfE: 9.76492e-07  dW: 0.00313712  dPhi(Nx/2)(Ny/2)(Nz/2): 8.57751e-05 Phi A: 0.0689123 Phi B: 0.931085 Phi I: 5.82116e-52
Total charge: -8.61405e-20
etaHat: 124879
243  fE: -3.06806  dfE: 8.46266e-08  dW: 0.00310471  dPhi(Nx/2)(Ny/2)(Nz/2): 8.51868e-05 Phi A: 0.0689124 Phi B: 0.931086 Phi I: 5.82116e-52
Total charge: -8.61405e-20
etaHat: 124879
244  fE: -3.06806  dfE: 7.18379e-07  dW: 0.00307278  dPhi(Nx/2)(Ny/2)(Nz/2): 8.44778e-05 Phi A: 0.0689124 Phi B: 0.931086 Phi I: 5.82116e-52
Total charge: -8.61405e-20
etaHat: 124879
245  fE: -3.06806  dfE: 1.40171e-06  dW: 0.00304132  dPhi(Nx/2)(Ny/2)(Nz/2): 8.36865e-05 Phi A: 0.0689124 Phi B: 0.931087 Phi I: 5.82116e-52
Total charge: -8.61406e-20
etaHat: 124879
246  fE: -3.06807  dfE: 1.94375e-06  dW: 0.0030103  dPhi(Nx/2)(Ny/2)(Nz/2): 8.28482e-05 Phi A: 0.0689124 Phi B: 0.931087 Phi I: 5.82116e-52
Total charge: -8.61406e-20
etaHat: 124879
247  fE: -3.06807  dfE: 2.3322e-06  dW: 0.0029797  dPhi(Nx/2)(Ny/2)(Nz/2): 8.19937e-05 Phi A: 0.0689125 Phi B: 0.931088 Phi I: 5.82116e-52
Total charge: -8.61406e-20
etaHat: 124879
248  fE: -3.06807  dfE: 2.56371e-06  dW: 0.00294953  dPhi(Nx/2)(Ny/2)(Nz/2): 8.11484e-05 Phi A: 0.0689125 Phi B: 0.931089 Phi I: 5.82116e-52
Total charge: -8.61406e-20
etaHat: 124879
249  fE: -3.06807  dfE: 2.64311e-06  dW: 0.00291977  dPhi(Nx/2)(Ny/2)(Nz/2): 8.03317e-05 Phi A: 0.0689125 Phi B: 0.931089 Phi I: 5.82116e-52
Total charge: -8.61406e-20
etaHat: 124879
250  fE: -3.06808  dfE: 2.58234e-06  dW: 0.00289044  dPhi(Nx/2)(Ny/2)(Nz/2): 7.95567e-05 Phi A: 0.0689125 Phi B: 0.931089 Phi I: 5.82116e-52
Saving data . . .
Total charge: -8.61406e-20
etaHat: 124879
251  fE: -3.06808  dfE: 2.39907e-06  dW: 0.00286152  dPhi(Nx/2)(Ny/2)(Nz/2): 7.88306e-05 Phi A: 0.0689125 Phi B: 0.931089 Phi I: 5.82116e-52
Total charge: -8.61406e-20
etaHat: 124879
252  fE: -3.06808  dfE: 2.11526e-06  dW: 0.00283298  dPhi(Nx/2)(Ny/2)(Nz/2): 7.81548e-05 Phi A: 0.0689125 Phi B: 0.931089 Phi I: 5.82116e-52
Total charge: -8.61406e-20
etaHat: 124879
253  fE: -3.06808  dfE: 1.75558e-06  dW: 0.00280481  dPhi(Nx/2)(Ny/2)(Nz/2): 7.75259e-05 Phi A: 0.0689124 Phi B: 0.931089 Phi I: 5.82116e-52
Total charge: -8.61405e-20
etaHat: 124879
254  fE: -3.06808  dfE: 1.34593e-06  dW: 0.00277699  dPhi(Nx/2)(Ny/2)(Nz/2): 7.69366e-05 Phi A: 0.0689124 Phi B: 0.931089 Phi I: 5.82116e-52
Total charge: -8.61405e-20
etaHat: 124879
255  fE: -3.06808  dfE: 9.11977e-07  dW: 0.00274954  dPhi(Nx/2)(Ny/2)(Nz/2): 7.63765e-05 Phi A: 0.0689124 Phi B: 0.931089 Phi I: 5.82116e-52
Total charge: -8.61404e-20
etaHat: 124879
256  fE: -3.06808  dfE: 4.77932e-07  dW: 0.00272242  dPhi(Nx/2)(Ny/2)(Nz/2): 7.58332e-05 Phi A: 0.0689124 Phi B: 0.931089 Phi I: 5.82116e-52
Total charge: -8.61404e-20
etaHat: 124879
257  fE: -3.06808  dfE: 6.54777e-08  dW: 0.00269562  dPhi(Nx/2)(Ny/2)(Nz/2): 7.52935e-05 Phi A: 0.0689123 Phi B: 0.931089 Phi I: 5.82116e-52
Total charge: -8.61404e-20
etaHat: 124879
258  fE: -3.06808  dfE: 3.07046e-07  dW: 0.00266915  dPhi(Nx/2)(Ny/2)(Nz/2): 7.47441e-05 Phi A: 0.0689123 Phi B: 0.931088 Phi I: 5.82116e-52
Total charge: -8.61403e-20
etaHat: 124879
259  fE: -3.06808  dfE: 6.25211e-07  dW: 0.002643  dPhi(Nx/2)(Ny/2)(Nz/2): 7.41727e-05 Phi A: 0.0689123 Phi B: 0.931088 Phi I: 5.82116e-52
Total charge: -8.61403e-20
etaHat: 124879
260  fE: -3.06808  dfE: 8.7881e-07  dW: 0.00261719  dPhi(Nx/2)(Ny/2)(Nz/2): 7.35687e-05 Phi A: 0.0689122 Phi B: 0.931088 Phi I: 5.82116e-52
Saving data . . .
Total charge: -8.61402e-20
etaHat: 124879
261  fE: -3.06808  dfE: 1.06193e-06  dW: 0.00259168  dPhi(Nx/2)(Ny/2)(Nz/2): 7.29235e-05 Phi A: 0.0689122 Phi B: 0.931088 Phi I: 5.82116e-52
Total charge: -8.61402e-20
etaHat: 124879
262  fE: -3.06808  dfE: 1.17279e-06  dW: 0.0025665  dPhi(Nx/2)(Ny/2)(Nz/2): 7.22313e-05 Phi A: 0.0689122 Phi B: 0.931087 Phi I: 5.82116e-52
Total charge: -8.61402e-20
etaHat: 124879
263  fE: -3.06808  dfE: 1.21341e-06  dW: 0.00254165  dPhi(Nx/2)(Ny/2)(Nz/2): 7.14889e-05 Phi A: 0.0689122 Phi B: 0.931087 Phi I: 5.82116e-52
Total charge: -8.61402e-20
etaHat: 124879
264  fE: -3.06808  dfE: 1.1891e-06  dW: 0.00251712  dPhi(Nx/2)(Ny/2)(Nz/2): 7.06961e-05 Phi A: 0.0689121 Phi B: 0.931087 Phi I: 5.82116e-52
Total charge: -8.61402e-20
etaHat: 124879
265  fE: -3.06808  dfE: 1.10786e-06  dW: 0.00249292  dPhi(Nx/2)(Ny/2)(Nz/2): 6.98552e-05 Phi A: 0.0689121 Phi B: 0.931087 Phi I: 5.82116e-52
Total charge: -8.61401e-20
etaHat: 124879
266  fE: -3.06808  dfE: 9.79692e-07  dW: 0.00246902  dPhi(Nx/2)(Ny/2)(Nz/2): 6.8971e-05 Phi A: 0.0689121 Phi B: 0.931087 Phi I: 5.82116e-52
Total charge: -8.61401e-20
etaHat: 124879
267  fE: -3.06808  dfE: 8.1591e-07  dW: 0.00244543  dPhi(Nx/2)(Ny/2)(Nz/2): 6.80504e-05 Phi A: 0.0689121 Phi B: 0.931087 Phi I: 5.82116e-52
Total charge: -8.61401e-20
etaHat: 124879
268  fE: -3.06807  dfE: 6.28412e-07  dW: 0.00242212  dPhi(Nx/2)(Ny/2)(Nz/2): 6.71019e-05 Phi A: 0.0689121 Phi B: 0.931087 Phi I: 5.82116e-52
Total charge: -8.61401e-20
etaHat: 124879
269  fE: -3.06807  dfE: 4.29038e-07  dW: 0.00239909  dPhi(Nx/2)(Ny/2)(Nz/2): 6.61352e-05 Phi A: 0.0689121 Phi B: 0.931087 Phi I: 5.82116e-52
Total charge: -8.61401e-20
etaHat: 124879
270  fE: -3.06807  dfE: 2.28988e-07  dW: 0.00237633  dPhi(Nx/2)(Ny/2)(Nz/2): 6.51605e-05 Phi A: 0.0689121 Phi B: 0.931087 Phi I: 5.82116e-52
Saving data . . .
Total charge: -8.61401e-20
etaHat: 124879
271  fE: -3.06807  dfE: 3.83214e-08  dW: 0.00235387  dPhi(Nx/2)(Ny/2)(Nz/2): 6.41881e-05 Phi A: 0.0689121 Phi B: 0.931087 Phi I: 5.82116e-52
Total charge: -8.61402e-20
etaHat: 124879
272  fE: -3.06807  dfE: 1.34419e-07  dW: 0.00233168  dPhi(Nx/2)(Ny/2)(Nz/2): 6.32281e-05 Phi A: 0.0689121 Phi B: 0.931088 Phi I: 5.82116e-52
Total charge: -8.61402e-20
etaHat: 124879
273  fE: -3.06807  dfE: 2.82481e-07  dW: 0.00230977  dPhi(Nx/2)(Ny/2)(Nz/2): 6.22898e-05 Phi A: 0.0689121 Phi B: 0.931088 Phi I: 5.82116e-52
Total charge: -8.61402e-20
etaHat: 124879
274  fE: -3.06807  dfE: 4.01048e-07  dW: 0.00228811  dPhi(Nx/2)(Ny/2)(Nz/2): 6.13813e-05 Phi A: 0.0689121 Phi B: 0.931088 Phi I: 5.82116e-52
Total charge: -8.61402e-20
etaHat: 124879
275  fE: -3.06808  dfE: 4.8728e-07  dW: 0.00226672  dPhi(Nx/2)(Ny/2)(Nz/2): 6.05093e-05 Phi A: 0.0689121 Phi B: 0.931088 Phi I: 5.82116e-52
Total charge: -8.61402e-20
etaHat: 124879
276  fE: -3.06808  dfE: 5.40249e-07  dW: 0.00224559  dPhi(Nx/2)(Ny/2)(Nz/2): 5.96793e-05 Phi A: 0.0689121 Phi B: 0.931088 Phi I: 5.82116e-52
Total charge: -8.61402e-20
etaHat: 124879
277  fE: -3.06808  dfE: 5.60786e-07  dW: 0.00222471  dPhi(Nx/2)(Ny/2)(Nz/2): 5.88947e-05 Phi A: 0.0689121 Phi B: 0.931088 Phi I: 5.82116e-52
Total charge: -8.61402e-20
etaHat: 124879
278  fE: -3.06808  dfE: 5.51252e-07  dW: 0.00220408  dPhi(Nx/2)(Ny/2)(Nz/2): 5.81576e-05 Phi A: 0.0689121 Phi B: 0.931088 Phi I: 5.82116e-52
Total charge: -8.61402e-20
etaHat: 124879
279  fE: -3.06808  dfE: 5.15265e-07  dW: 0.00218369  dPhi(Nx/2)(Ny/2)(Nz/2): 5.74683e-05 Phi A: 0.0689121 Phi B: 0.931088 Phi I: 5.82116e-52
Total charge: -8.61402e-20
etaHat: 124879
280  fE: -3.06808  dfE: 4.57386e-07  dW: 0.00216354  dPhi(Nx/2)(Ny/2)(Nz/2): 5.6826e-05 Phi A: 0.0689121 Phi B: 0.931088 Phi I: 5.82116e-52
Saving data . . .
Total charge: -8.61402e-20
etaHat: 124879
281  fE: -3.06808  dfE: 3.8279e-07  dW: 0.00214363  dPhi(Nx/2)(Ny/2)(Nz/2): 5.62281e-05 Phi A: 0.0689121 Phi B: 0.931088 Phi I: 5.82116e-52
Total charge: -8.61402e-20
etaHat: 124879
282  fE: -3.06808  dfE: 2.96949e-07  dW: 0.00212398  dPhi(Nx/2)(Ny/2)(Nz/2): 5.56716e-05 Phi A: 0.0689121 Phi B: 0.931088 Phi I: 5.82116e-52
Total charge: -8.61401e-20
etaHat: 124879
283  fE: -3.06808  dfE: 2.05324e-07  dW: 0.00210456  dPhi(Nx/2)(Ny/2)(Nz/2): 5.51522e-05 Phi A: 0.0689121 Phi B: 0.931088 Phi I: 5.82116e-52
Total charge: -8.61401e-20
etaHat: 124879
284  fE: -3.06808  dfE: 1.13093e-07  dW: 0.00208537  dPhi(Nx/2)(Ny/2)(Nz/2): 5.46653e-05 Phi A: 0.0689121 Phi B: 0.931088 Phi I: 5.82116e-52
Total charge: -8.61401e-20
etaHat: 124879
285  fE: -3.06808  dfE: 2.49241e-08  dW: 0.00206641  dPhi(Nx/2)(Ny/2)(Nz/2): 5.4206e-05 Phi A: 0.0689121 Phi B: 0.931088 Phi I: 5.82116e-52
Total charge: -8.61401e-20
etaHat: 124879
286  fE: -3.06808  dfE: 5.52055e-08  dW: 0.00204767  dPhi(Nx/2)(Ny/2)(Nz/2): 5.37693e-05 Phi A: 0.0689121 Phi B: 0.931088 Phi I: 5.82116e-52
Total charge: -8.61401e-20
etaHat: 124879
287  fE: -3.06808  dfE: 1.24135e-07  dW: 0.00202916  dPhi(Nx/2)(Ny/2)(Nz/2): 5.33506e-05 Phi A: 0.0689121 Phi B: 0.931088 Phi I: 5.82116e-52
Total charge: -8.61401e-20
etaHat: 124879
288  fE: -3.06808  dfE: 1.79595e-07  dW: 0.00201085  dPhi(Nx/2)(Ny/2)(Nz/2): 5.29453e-05 Phi A: 0.0689121 Phi B: 0.931088 Phi I: 5.82116e-52
Total charge: -8.61401e-20
etaHat: 124879
289  fE: -3.06808  dfE: 2.20223e-07  dW: 0.00199276  dPhi(Nx/2)(Ny/2)(Nz/2): 5.25496e-05 Phi A: 0.0689121 Phi B: 0.931088 Phi I: 5.82116e-52
Total charge: -8.61401e-20
etaHat: 124879
290  fE: -3.06808  dfE: 2.45543e-07  dW: 0.0019749  dPhi(Nx/2)(Ny/2)(Nz/2): 5.21602e-05 Phi A: 0.0689121 Phi B: 0.931088 Phi I: 5.82116e-52
Saving data . . .
Total charge: -8.61401e-20
etaHat: 124879
291  fE: -3.06808  dfE: 2.55889e-07  dW: 0.00195726  dPhi(Nx/2)(Ny/2)(Nz/2): 5.17743e-05 Phi A: 0.0689121 Phi B: 0.931088 Phi I: 5.82116e-52
Total charge: -8.61401e-20
etaHat: 124879
292  fE: -3.06808  dfE: 2.52311e-07  dW: 0.00193982  dPhi(Nx/2)(Ny/2)(Nz/2): 5.13902e-05 Phi A: 0.0689121 Phi B: 0.931088 Phi I: 5.82116e-52
Total charge: -8.61401e-20
etaHat: 124879
293  fE: -3.06808  dfE: 2.36444e-07  dW: 0.00192258  dPhi(Nx/2)(Ny/2)(Nz/2): 5.10065e-05 Phi A: 0.0689121 Phi B: 0.931088 Phi I: 5.82116e-52
Total charge: -8.61401e-20
etaHat: 124879
294  fE: -3.06808  dfE: 2.10365e-07  dW: 0.00190554  dPhi(Nx/2)(Ny/2)(Nz/2): 5.06226e-05 Phi A: 0.068912 Phi B: 0.931088 Phi I: 5.82116e-52
Total charge: -8.61401e-20
etaHat: 124879
295  fE: -3.06808  dfE: 1.76445e-07  dW: 0.00188871  dPhi(Nx/2)(Ny/2)(Nz/2): 5.02385e-05 Phi A: 0.068912 Phi B: 0.931088 Phi I: 5.82116e-52
Total charge: -8.61401e-20
etaHat: 124879
296  fE: -3.06808  dfE: 1.37197e-07  dW: 0.00187207  dPhi(Nx/2)(Ny/2)(Nz/2): 4.98545e-05 Phi A: 0.068912 Phi B: 0.931088 Phi I: 5.82116e-52
Total charge: -8.61401e-20
etaHat: 124879
297  fE: -3.06808  dfE: 9.51386e-08  dW: 0.00185562  dPhi(Nx/2)(Ny/2)(Nz/2): 4.94715e-05 Phi A: 0.068912 Phi B: 0.931088 Phi I: 5.82116e-52
Total charge: -8.61401e-20
etaHat: 124879
298  fE: -3.06808  dfE: 5.2665e-08  dW: 0.00183936  dPhi(Nx/2)(Ny/2)(Nz/2): 4.90906e-05 Phi A: 0.068912 Phi B: 0.931088 Phi I: 5.82116e-52
Total charge: -8.61401e-20
etaHat: 124879
299  fE: -3.06808  dfE: 1.19411e-08  dW: 0.00182327  dPhi(Nx/2)(Ny/2)(Nz/2): 4.87129e-05 Phi A: 0.068912 Phi B: 0.931088 Phi I: 5.82116e-52
Total charge: -8.61401e-20
etaHat: 124879
300  fE: -3.06808  dfE: 2.51814e-08  dW: 0.00180736  dPhi(Nx/2)(Ny/2)(Nz/2): 4.83398e-05 Phi A: 0.068912 Phi B: 0.931088 Phi I: 5.82116e-52
Saving data . . .
Total charge: -8.61401e-20
etaHat: 124879
301  fE: -3.06808  dfE: 5.72244e-08  dW: 0.00179163  dPhi(Nx/2)(Ny/2)(Nz/2): 4.79724e-05 Phi A: 0.068912 Phi B: 0.931088 Phi I: 5.82116e-52
Total charge: -8.61401e-20
etaHat: 124879
302  fE: -3.06808  dfE: 8.31177e-08  dW: 0.00177608  dPhi(Nx/2)(Ny/2)(Nz/2): 4.76119e-05 Phi A: 0.068912 Phi B: 0.931088 Phi I: 5.82116e-52
Total charge: -8.61401e-20
etaHat: 124879
303  fE: -3.06808  dfE: 1.0221e-07  dW: 0.00176071  dPhi(Nx/2)(Ny/2)(Nz/2): 4.72592e-05 Phi A: 0.068912 Phi B: 0.931088 Phi I: 5.82116e-52
Total charge: -8.61401e-20
etaHat: 124879
304  fE: -3.06808  dfE: 1.14258e-07  dW: 0.00174552  dPhi(Nx/2)(Ny/2)(Nz/2): 4.6915e-05 Phi A: 0.0689121 Phi B: 0.931088 Phi I: 5.82116e-52
Total charge: -8.61401e-20
etaHat: 124879
305  fE: -3.06808  dfE: 1.19396e-07  dW: 0.0017305  dPhi(Nx/2)(Ny/2)(Nz/2): 4.65798e-05 Phi A: 0.068912 Phi B: 0.931088 Phi I: 5.82116e-52
Total charge: -8.61401e-20
etaHat: 124879
306  fE: -3.06808  dfE: 1.18088e-07  dW: 0.00171564  dPhi(Nx/2)(Ny/2)(Nz/2): 4.62536e-05 Phi A: 0.068912 Phi B: 0.931088 Phi I: 5.82116e-52
Total charge: -8.61401e-20
etaHat: 124879
307  fE: -3.06808  dfE: 1.11072e-07  dW: 0.00170095  dPhi(Nx/2)(Ny/2)(Nz/2): 4.59364e-05 Phi A: 0.068912 Phi B: 0.931088 Phi I: 5.82116e-52
Total charge: -8.61401e-20
etaHat: 124879
308  fE: -3.06808  dfE: 9.92941e-08  dW: 0.00168641  dPhi(Nx/2)(Ny/2)(Nz/2): 4.56278e-05 Phi A: 0.068912 Phi B: 0.931088 Phi I: 5.82116e-52
Total charge: -8.61401e-20
etaHat: 124879
309  fE: -3.06808  dfE: 8.38397e-08  dW: 0.00167203  dPhi(Nx/2)(Ny/2)(Nz/2): 4.53273e-05 Phi A: 0.068912 Phi B: 0.931088 Phi I: 5.82116e-52
Total charge: -8.61401e-20
etaHat: 124879
310  fE: -3.06808  dfE: 6.58637e-08  dW: 0.0016578  dPhi(Nx/2)(Ny/2)(Nz/2): 4.50339e-05 Phi A: 0.068912 Phi B: 0.931088 Phi I: 5.82116e-52
Saving data . . .
Total charge: -8.61401e-20
etaHat: 124879
311  fE: -3.06808  dfE: 4.65266e-08  dW: 0.00164372  dPhi(Nx/2)(Ny/2)(Nz/2): 4.4747e-05 Phi A: 0.068912 Phi B: 0.931088 Phi I: 5.82116e-52
Total charge: -8.61401e-20
etaHat: 124879
312  fE: -3.06808  dfE: 2.69355e-08  dW: 0.00162981  dPhi(Nx/2)(Ny/2)(Nz/2): 4.44654e-05 Phi A: 0.068912 Phi B: 0.931088 Phi I: 5.82116e-52
Total charge: -8.614e-20
etaHat: 124879
313  fE: -3.06808  dfE: 8.09437e-09  dW: 0.00161604  dPhi(Nx/2)(Ny/2)(Nz/2): 4.41881e-05 Phi A: 0.068912 Phi B: 0.931088 Phi I: 5.82116e-52
Total charge: -8.614e-20
etaHat: 124879
314  fE: -3.06808  dfE: 9.13485e-09  dW: 0.00160242  dPhi(Nx/2)(Ny/2)(Nz/2): 4.3914e-05 Phi A: 0.068912 Phi B: 0.931088 Phi I: 5.82116e-52
Total charge: -8.614e-20
etaHat: 124879
315  fE: -3.06808  dfE: 2.40611e-08  dW: 0.00158896  dPhi(Nx/2)(Ny/2)(Nz/2): 4.36423e-05 Phi A: 0.068912 Phi B: 0.931088 Phi I: 5.82116e-52
Total charge: -8.614e-20
etaHat: 124879
316  fE: -3.06808  dfE: 3.61802e-08  dW: 0.00157563  dPhi(Nx/2)(Ny/2)(Nz/2): 4.3372e-05 Phi A: 0.068912 Phi B: 0.931088 Phi I: 5.82116e-52
Total charge: -8.614e-20
etaHat: 124879
317  fE: -3.06808  dfE: 4.51812e-08  dW: 0.00156245  dPhi(Nx/2)(Ny/2)(Nz/2): 4.31023e-05 Phi A: 0.068912 Phi B: 0.931088 Phi I: 5.82116e-52
Total charge: -8.614e-20
etaHat: 124879
318  fE: -3.06808  dfE: 5.09409e-08  dW: 0.0015494  dPhi(Nx/2)(Ny/2)(Nz/2): 4.28325e-05 Phi A: 0.068912 Phi B: 0.931088 Phi I: 5.82116e-52
Total charge: -8.614e-20
etaHat: 124879
319  fE: -3.06808  dfE: 5.35113e-08  dW: 0.0015365  dPhi(Nx/2)(Ny/2)(Nz/2): 4.25622e-05 Phi A: 0.068912 Phi B: 0.931088 Phi I: 5.82116e-52
Total charge: -8.614e-20
etaHat: 124879
320  fE: -3.06808  dfE: 5.30977e-08  dW: 0.00152372  dPhi(Nx/2)(Ny/2)(Nz/2): 4.22909e-05 Phi A: 0.068912 Phi B: 0.931088 Phi I: 5.82116e-52
Saving data . . .
Total charge: -8.614e-20
etaHat: 124879
321  fE: -3.06808  dfE: 5.00334e-08  dW: 0.00151109  dPhi(Nx/2)(Ny/2)(Nz/2): 4.20184e-05 Phi A: 0.068912 Phi B: 0.931088 Phi I: 5.82116e-52
Total charge: -8.614e-20
etaHat: 124879
322  fE: -3.06808  dfE: 4.47489e-08  dW: 0.00149858  dPhi(Nx/2)(Ny/2)(Nz/2): 4.17446e-05 Phi A: 0.068912 Phi B: 0.931088 Phi I: 5.82116e-52
Total charge: -8.614e-20
etaHat: 124879
323  fE: -3.06808  dfE: 3.77408e-08  dW: 0.00148621  dPhi(Nx/2)(Ny/2)(Nz/2): 4.14696e-05 Phi A: 0.068912 Phi B: 0.931088 Phi I: 5.82116e-52
Total charge: -8.614e-20
etaHat: 124879
324  fE: -3.06808  dfE: 2.95398e-08  dW: 0.00147396  dPhi(Nx/2)(Ny/2)(Nz/2): 4.11934e-05 Phi A: 0.068912 Phi B: 0.931088 Phi I: 5.82116e-52
Total charge: -8.614e-20
etaHat: 124879
325  fE: -3.06808  dfE: 2.06806e-08  dW: 0.00146183  dPhi(Nx/2)(Ny/2)(Nz/2): 4.09163e-05 Phi A: 0.068912 Phi B: 0.931088 Phi I: 5.82116e-52
Total charge: -8.614e-20
etaHat: 124879
326  fE: -3.06808  dfE: 1.16749e-08  dW: 0.00144982  dPhi(Nx/2)(Ny/2)(Nz/2): 4.06386e-05 Phi A: 0.068912 Phi B: 0.931088 Phi I: 5.82116e-52
Total charge: -8.614e-20
etaHat: 124879
327  fE: -3.06808  dfE: 2.98843e-09  dW: 0.00143795  dPhi(Nx/2)(Ny/2)(Nz/2): 4.03605e-05 Phi A: 0.068912 Phi B: 0.931088 Phi I: 5.82116e-52
Total charge: -8.614e-20
etaHat: 124879
328  fE: -3.06808  dfE: 4.97797e-09  dW: 0.00142619  dPhi(Nx/2)(Ny/2)(Nz/2): 4.00823e-05 Phi A: 0.068912 Phi B: 0.931088 Phi I: 5.82116e-52
Total charge: -8.614e-20
etaHat: 124879
329  fE: -3.06808  dfE: 1.19011e-08  dW: 0.00141455  dPhi(Nx/2)(Ny/2)(Nz/2): 3.98044e-05 Phi A: 0.068912 Phi B: 0.931088 Phi I: 5.82116e-52
Total charge: -8.614e-20
etaHat: 124879
330  fE: -3.06808  dfE: 1.75437e-08  dW: 0.00140303  dPhi(Nx/2)(Ny/2)(Nz/2): 3.95271e-05 Phi A: 0.068912 Phi B: 0.931088 Phi I: 5.82116e-52
Saving data . . .
Total charge: -8.614e-20
etaHat: 124879
331  fE: -3.06808  dfE: 2.17574e-08  dW: 0.00139162  dPhi(Nx/2)(Ny/2)(Nz/2): 3.92507e-05 Phi A: 0.068912 Phi B: 0.931088 Phi I: 5.82116e-52
Total charge: -8.614e-20
etaHat: 124879
332  fE: -3.06808  dfE: 2.44804e-08  dW: 0.00138032  dPhi(Nx/2)(Ny/2)(Nz/2): 3.89752e-05 Phi A: 0.068912 Phi B: 0.931088 Phi I: 5.82116e-52
Total charge: -8.614e-20
etaHat: 124879
333  fE: -3.06808  dfE: 2.5732e-08  dW: 0.00136913  dPhi(Nx/2)(Ny/2)(Nz/2): 3.8701e-05 Phi A: 0.068912 Phi B: 0.931088 Phi I: 5.82116e-52
Total charge: -8.614e-20
etaHat: 124879
334  fE: -3.06808  dfE: 2.5603e-08  dW: 0.00135806  dPhi(Nx/2)(Ny/2)(Nz/2): 3.84281e-05 Phi A: 0.068912 Phi B: 0.931088 Phi I: 5.82116e-52
Total charge: -8.614e-20
etaHat: 124879
335  fE: -3.06808  dfE: 2.42436e-08  dW: 0.0013471  dPhi(Nx/2)(Ny/2)(Nz/2): 3.81567e-05 Phi A: 0.068912 Phi B: 0.931088 Phi I: 5.82116e-52
Total charge: -8.614e-20
etaHat: 124879
336  fE: -3.06808  dfE: 2.18497e-08  dW: 0.00133626  dPhi(Nx/2)(Ny/2)(Nz/2): 3.78866e-05 Phi A: 0.068912 Phi B: 0.931088 Phi I: 5.82116e-52
Total charge: -8.614e-20
etaHat: 124879
337  fE: -3.06808  dfE: 1.86485e-08  dW: 0.00132552  dPhi(Nx/2)(Ny/2)(Nz/2): 3.7618e-05 Phi A: 0.068912 Phi B: 0.931088 Phi I: 5.82116e-52
Total charge: -8.614e-20
etaHat: 124879
338  fE: -3.06808  dfE: 1.48836e-08  dW: 0.00131489  dPhi(Nx/2)(Ny/2)(Nz/2): 3.73507e-05 Phi A: 0.068912 Phi B: 0.931088 Phi I: 5.82116e-52
Total charge: -8.614e-20
etaHat: 124879
339  fE: -3.06808  dfE: 1.08015e-08  dW: 0.00130436  dPhi(Nx/2)(Ny/2)(Nz/2): 3.70848e-05 Phi A: 0.068912 Phi B: 0.931088 Phi I: 5.82116e-52
Total charge: -8.614e-20
etaHat: 124879
340  fE: -3.06808  dfE: 6.63878e-09  dW: 0.00129394  dPhi(Nx/2)(Ny/2)(Nz/2): 3.682e-05 Phi A: 0.068912 Phi B: 0.931088 Phi I: 5.82116e-52
Saving data . . .
Total charge: -8.614e-20
etaHat: 124879
341  fE: -3.06808  dfE: 2.61112e-09  dW: 0.00128362  dPhi(Nx/2)(Ny/2)(Nz/2): 3.65564e-05 Phi A: 0.068912 Phi B: 0.931088 Phi I: 5.82116e-52
Total charge: -8.614e-20
etaHat: 124879
342  fE: -3.06808  dfE: 1.09486e-09  dW: 0.00127341  dPhi(Nx/2)(Ny/2)(Nz/2): 3.62939e-05 Phi A: 0.068912 Phi B: 0.931088 Phi I: 5.82116e-52
Total charge: -8.614e-20
etaHat: 124879
343  fE: -3.06808  dfE: 4.32818e-09  dW: 0.00126329  dPhi(Nx/2)(Ny/2)(Nz/2): 3.60323e-05 Phi A: 0.068912 Phi B: 0.931088 Phi I: 5.82116e-52
Total charge: -8.614e-20
etaHat: 124879
344  fE: -3.06808  dfE: 6.97724e-09  dW: 0.00125328  dPhi(Nx/2)(Ny/2)(Nz/2): 3.57718e-05 Phi A: 0.068912 Phi B: 0.931088 Phi I: 5.82116e-52
Total charge: -8.614e-20
etaHat: 124879
345  fE: -3.06808  dfE: 8.97121e-09  dW: 0.00124336  dPhi(Nx/2)(Ny/2)(Nz/2): 3.55121e-05 Phi A: 0.068912 Phi B: 0.931088 Phi I: 5.82116e-52
Total charge: -8.614e-20
etaHat: 124879
346  fE: -3.06808  dfE: 1.02795e-08  dW: 0.00123354  dPhi(Nx/2)(Ny/2)(Nz/2): 3.52535e-05 Phi A: 0.068912 Phi B: 0.931088 Phi I: 5.82116e-52
Total charge: -8.614e-20
etaHat: 124879
347  fE: -3.06808  dfE: 1.09088e-08  dW: 0.00122382  dPhi(Nx/2)(Ny/2)(Nz/2): 3.49958e-05 Phi A: 0.068912 Phi B: 0.931088 Phi I: 5.82116e-52
Total charge: -8.614e-20
etaHat: 124879
348  fE: -3.06808  dfE: 1.0899e-08  dW: 0.00121419  dPhi(Nx/2)(Ny/2)(Nz/2): 3.47392e-05 Phi A: 0.068912 Phi B: 0.931088 Phi I: 5.82116e-52
Total charge: -8.614e-20
etaHat: 124879
349  fE: -3.06808  dfE: 1.03179e-08  dW: 0.00120466  dPhi(Nx/2)(Ny/2)(Nz/2): 3.44838e-05 Phi A: 0.068912 Phi B: 0.931088 Phi I: 5.82116e-52
Total charge: -8.614e-20
etaHat: 124879
350  fE: -3.06808  dfE: 9.25463e-09  dW: 0.00119522  dPhi(Nx/2)(Ny/2)(Nz/2): 3.42297e-05 Phi A: 0.068912 Phi B: 0.931088 Phi I: 5.82116e-52
Saving data . . .
Total charge: -8.614e-20
etaHat: 124879
351  fE: -3.06808  dfE: 7.81299e-09  dW: 0.00118586  dPhi(Nx/2)(Ny/2)(Nz/2): 3.3977e-05 Phi A: 0.068912 Phi B: 0.931088 Phi I: 5.82116e-52
Total charge: -8.614e-20
etaHat: 124879
352  fE: -3.06808  dfE: 6.10499e-09  dW: 0.0011766  dPhi(Nx/2)(Ny/2)(Nz/2): 3.37259e-05 Phi A: 0.068912 Phi B: 0.931088 Phi I: 5.82116e-52
Total charge: -8.614e-20
etaHat: 124879
353  fE: -3.06808  dfE: 4.24402e-09  dW: 0.00116743  dPhi(Nx/2)(Ny/2)(Nz/2): 3.34766e-05 Phi A: 0.068912 Phi B: 0.931088 Phi I: 5.82116e-52
Total charge: -8.614e-20
etaHat: 124879
354  fE: -3.06808  dfE: 2.33952e-09  dW: 0.00115835  dPhi(Nx/2)(Ny/2)(Nz/2): 3.32292e-05 Phi A: 0.068912 Phi B: 0.931088 Phi I: 5.82116e-52
Total charge: -8.614e-20
etaHat: 124879
355  fE: -3.06808  dfE: 4.91456e-10  dW: 0.00114936  dPhi(Nx/2)(Ny/2)(Nz/2): 3.29839e-05 Phi A: 0.068912 Phi B: 0.931088 Phi I: 5.82116e-52
Total charge: -8.614e-20
etaHat: 124879
356  fE: -3.06808  dfE: 1.21344e-09  dW: 0.00114046  dPhi(Nx/2)(Ny/2)(Nz/2): 3.27408e-05 Phi A: 0.068912 Phi B: 0.931088 Phi I: 5.82116e-52
Total charge: -8.614e-20
etaHat: 124879
357  fE: -3.06808  dfE: 2.7046e-09  dW: 0.00113164  dPhi(Nx/2)(Ny/2)(Nz/2): 3.25002e-05 Phi A: 0.068912 Phi B: 0.931088 Phi I: 5.82116e-52
Total charge: -8.614e-20
etaHat: 124879
358  fE: -3.06808  dfE: 3.92949e-09  dW: 0.00112291  dPhi(Nx/2)(Ny/2)(Nz/2): 3.2262e-05 Phi A: 0.068912 Phi B: 0.931088 Phi I: 5.82116e-52
Total charge: -8.614e-20
etaHat: 124879
359  fE: -3.06808  dfE: 4.8545e-09  dW: 0.00111426  dPhi(Nx/2)(Ny/2)(Nz/2): 3.20265e-05 Phi A: 0.068912 Phi B: 0.931088 Phi I: 5.82116e-52
Total charge: -8.614e-20
etaHat: 124879
360  fE: -3.06808  dfE: 5.46436e-09  dW: 0.00110569  dPhi(Nx/2)(Ny/2)(Nz/2): 3.17936e-05 Phi A: 0.068912 Phi B: 0.931088 Phi I: 5.82116e-52
Saving data . . .
Total charge: -8.614e-20
etaHat: 124879
361  fE: -3.06808  dfE: 5.76121e-09  dW: 0.00109721  dPhi(Nx/2)(Ny/2)(Nz/2): 3.15635e-05 Phi A: 0.068912 Phi B: 0.931088 Phi I: 5.82116e-52
Total charge: -8.614e-20
etaHat: 124879
362  fE: -3.06808  dfE: 5.76263e-09  dW: 0.0010888  dPhi(Nx/2)(Ny/2)(Nz/2): 3.13362e-05 Phi A: 0.068912 Phi B: 0.931088 Phi I: 5.82116e-52
Total charge: -8.614e-20
etaHat: 124879
363  fE: -3.06808  dfE: 5.49905e-09  dW: 0.00108047  dPhi(Nx/2)(Ny/2)(Nz/2): 3.11116e-05 Phi A: 0.068912 Phi B: 0.931088 Phi I: 5.82116e-52
Total charge: -8.614e-20
etaHat: 124879
364  fE: -3.06808  dfE: 5.01104e-09  dW: 0.00107222  dPhi(Nx/2)(Ny/2)(Nz/2): 3.08898e-05 Phi A: 0.068912 Phi B: 0.931088 Phi I: 5.82116e-52
Total charge: -8.614e-20
etaHat: 124879
365  fE: -3.06808  dfE: 4.34598e-09  dW: 0.00106405  dPhi(Nx/2)(Ny/2)(Nz/2): 3.06707e-05 Phi A: 0.068912 Phi B: 0.931088 Phi I: 5.82116e-52
Total charge: -8.614e-20
etaHat: 124879
366  fE: -3.06808  dfE: 3.55542e-09  dW: 0.00105595  dPhi(Nx/2)(Ny/2)(Nz/2): 3.04542e-05 Phi A: 0.068912 Phi B: 0.931088 Phi I: 5.82116e-52
Total charge: -8.614e-20
etaHat: 124879
367  fE: -3.06808  dfE: 2.69154e-09  dW: 0.00104794  dPhi(Nx/2)(Ny/2)(Nz/2): 3.02403e-05 Phi A: 0.068912 Phi B: 0.931088 Phi I: 5.82116e-52
Total charge: -8.614e-20
etaHat: 124879
368  fE: -3.06808  dfE: 1.80487e-09  dW: 0.00104  dPhi(Nx/2)(Ny/2)(Nz/2): 3.00288e-05 Phi A: 0.068912 Phi B: 0.931088 Phi I: 5.82116e-52
Total charge: -8.614e-20
etaHat: 124879
369  fE: -3.06808  dfE: 9.417e-10  dW: 0.00103213  dPhi(Nx/2)(Ny/2)(Nz/2): 2.98198e-05 Phi A: 0.068912 Phi B: 0.931088 Phi I: 5.82116e-52
Total charge: -8.614e-20
etaHat: 124879
370  fE: -3.06808  dfE: 1.42403e-10  dW: 0.00102433  dPhi(Nx/2)(Ny/2)(Nz/2): 2.96129e-05 Phi A: 0.068912 Phi B: 0.931088 Phi I: 5.82116e-52
Saving data . . .
Total charge: -8.614e-20
etaHat: 124879
371  fE: -3.06808  dfE: 5.60023e-10  dW: 0.00101661  dPhi(Nx/2)(Ny/2)(Nz/2): 2.94082e-05 Phi A: 0.068912 Phi B: 0.931088 Phi I: 5.82116e-52
Total charge: -8.614e-20
etaHat: 124879
372  fE: -3.06808  dfE: 1.14096e-09  dW: 0.00100895  dPhi(Nx/2)(Ny/2)(Nz/2): 2.92055e-05 Phi A: 0.068912 Phi B: 0.931088 Phi I: 5.82116e-52
Total charge: -8.614e-20
etaHat: 124879
373  fE: -3.06808  dfE: 1.58436e-09  dW: 0.00100136  dPhi(Nx/2)(Ny/2)(Nz/2): 2.90047e-05 Phi A: 0.068912 Phi B: 0.931088 Phi I: 5.82116e-52
Total charge: -8.614e-20
etaHat: 124879
374  fE: -3.06808  dfE: 1.88283e-09  dW: 0.000993838  dPhi(Nx/2)(Ny/2)(Nz/2): 2.88057e-05 Phi A: 0.068912 Phi B: 0.931088 Phi I: 5.82116e-52
Saving data . . .
