Total charge: 124877
etaHat: 124877
0  fE: -9366.34  dfE: 9466.34  dW: 14.8544  dPhi(Nx/2)(Ny/2)(Nz/2): -4.11389 Phi A: 0.607494 Phi B: 4.48374 Phi I: 999.016
Saving data . . .
Total charge: 1.59566
etaHat: 124879
1  fE: -25221.1  dfE: 15854.8  dW: 19.0634  dPhi(Nx/2)(Ny/2)(Nz/2): -2.34014 Phi A: 0.345766 Phi B: 2.98011 Phi I: 0.0127653
Total charge: 1.5299e-18
etaHat: 124879
2  fE: -19.2414  dfE: 25201.9  dW: 20.4434  dPhi(Nx/2)(Ny/2)(Nz/2): -1.20447 Phi A: 0.209032 Phi B: 1.98643 Phi I: 1.43295e-20
Total charge: -1.6801e-19
etaHat: 124879
3  fE: -13.6942  dfE: 5.54718  dW: 20.1423  dPhi(Nx/2)(Ny/2)(Nz/2): -0.494433 Phi A: 0.134408 Phi B: 1.35421 Phi I: 5.82334e-52
Total charge: -1.14514e-19
etaHat: 124879
4  fE: -9.63662  dfE: 4.05763  dW: 18.8452  dPhi(Nx/2)(Ny/2)(Nz/2): -0.0497182 Phi A: 0.0916109 Phi B: 0.95424 Phi I: 5.82132e-52
Total charge: -8.24656e-20
etaHat: 124879
5  fE: -6.85632  dfE: 2.78031  dW: 16.967  dPhi(Nx/2)(Ny/2)(Nz/2): 0.232173 Phi A: 0.0659725 Phi B: 0.699189 Phi I: 5.81952e-52
Total charge: -6.25813e-20
etaHat: 124879
6  fE: -4.98816  dfE: 1.86815  dW: 14.763  dPhi(Nx/2)(Ny/2)(Nz/2): 0.413552 Phi A: 0.050065 Phi B: 0.534474 Phi I: 5.81796e-52
Total charge: -4.9936e-20
etaHat: 124879
7  fE: -3.73138  dfE: 1.25679  dW: 12.3935  dPhi(Nx/2)(Ny/2)(Nz/2): 0.531742 Phi A: 0.0399488 Phi B: 0.426888 Phi I: 5.81664e-52
Total charge: -4.18107e-20
etaHat: 124879
8  fE: -2.87599  dfE: 0.855385  dW: 9.96163  dPhi(Nx/2)(Ny/2)(Nz/2): 0.609088 Phi A: 0.0334486 Phi B: 0.356363 Phi I: 5.81559e-52
Total charge: -3.66578e-20
etaHat: 124879
9  fE: -2.28367  dfE: 0.592316  dW: 7.53557  dPhi(Nx/2)(Ny/2)(Nz/2): 0.659028 Phi A: 0.0293262 Phi B: 0.310763 Phi I: 5.81478e-52
Total charge: -3.35817e-20
etaHat: 124879
10  fE: -1.8648  dfE: 0.418876  dW: 5.16229  dPhi(Nx/2)(Ny/2)(Nz/2): 0.689638 Phi A: 0.0268654 Phi B: 0.282763 Phi I: 5.81423e-52
Saving data . . .
Total charge: -3.20688e-20
etaHat: 124879
11  fE: -1.56099  dfE: 0.303803  dW: 2.87598  dPhi(Nx/2)(Ny/2)(Nz/2): 0.7057 Phi A: 0.0256551 Phi B: 0.268016 Phi I: 5.81391e-52
Total charge: -3.18423e-20
etaHat: 124879
12  fE: -1.33345  dfE: 0.227547  dW: 0.750567  dPhi(Nx/2)(Ny/2)(Nz/2): 0.709872 Phi A: 0.0254739 Phi B: 0.264101 Phi I: 5.81382e-52
Total charge: -3.27842e-20
etaHat: 124879
13  fE: -1.15538  dfE: 0.178072  dW: 1.33138  dPhi(Nx/2)(Ny/2)(Nz/2): 0.703366 Phi A: 0.0262273 Phi B: 0.269909 Phi I: 5.81393e-52
Total charge: -3.48925e-20
etaHat: 124879
14  fE: -1.00732  dfE: 0.14806  dW: 3.20587  dPhi(Nx/2)(Ny/2)(Nz/2): 0.686321 Phi A: 0.027914 Phi B: 0.285313 Phi I: 5.81425e-52
Total charge: -3.82578e-20
etaHat: 124879
15  fE: -0.874277  dfE: 0.133039  dW: 4.89511  dPhi(Nx/2)(Ny/2)(Nz/2): 0.658002 Phi A: 0.0306063 Phi B: 0.310981 Phi I: 5.81474e-52
Total charge: -4.30472e-20
etaHat: 124879
16  fE: -0.744332  dfE: 0.129945  dW: 6.37059  dPhi(Nx/2)(Ny/2)(Nz/2): 0.616931 Phi A: 0.0344378 Phi B: 0.348266 Phi I: 5.8154e-52
Total charge: -4.94848e-20
etaHat: 124879
17  fE: -0.608604  dfE: 0.135727  dW: 7.59865  dPhi(Nx/2)(Ny/2)(Nz/2): 0.561013 Phi A: 0.0395879 Phi B: 0.399093 Phi I: 5.81619e-52
Total charge: -5.7818e-20
etaHat: 124879
18  fE: -0.462974  dfE: 0.14563  dW: 8.53981  dPhi(Nx/2)(Ny/2)(Nz/2): 0.487765 Phi A: 0.0462544 Phi B: 0.46576 Phi I: 5.81708e-52
Total charge: -6.82526e-20
etaHat: 124879
19  fE: -0.311918  dfE: 0.151056  dW: 9.14971  dPhi(Nx/2)(Ny/2)(Nz/2): 0.394774 Phi A: 0.0546021 Phi B: 0.550535 Phi I: 5.81805e-52
Total charge: -8.08448e-20
etaHat: 124879
20  fE: -0.174434  dfE: 0.137484  dW: 9.38267  dPhi(Nx/2)(Ny/2)(Nz/2): 0.280522 Phi A: 0.0646759 Phi B: 0.654912 Phi I: 5.81906e-52
Saving data . . .
Total charge: -9.5345e-20
etaHat: 124879
21  fE: -0.0903116  dfE: 0.0841222  dW: 9.19912  dPhi(Nx/2)(Ny/2)(Nz/2): 0.145663 Phi A: 0.076276 Phi B: 0.778466 Phi I: 5.82007e-52
Total charge: -1.11028e-19
etaHat: 124879
22  fE: -0.121879  dfE: 0.031567  dW: 8.57751  dPhi(Nx/2)(Ny/2)(Nz/2): -0.00540592 Phi A: 0.0888227 Phi B: 0.917405 Phi I: 5.82104e-52
Total charge: -1.26597e-19
etaHat: 124879
23  fE: -0.343519  dfE: 0.22164  dW: 7.52899  dPhi(Nx/2)(Ny/2)(Nz/2): -0.163246 Phi A: 0.101278 Phi B: 1.06334 Phi I: 5.8219e-52
Total charge: -1.40286e-19
etaHat: 124879
24  fE: -0.813731  dfE: 0.470212  dW: 6.11018  dPhi(Nx/2)(Ny/2)(Nz/2): -0.313407 Phi A: 0.112229 Phi B: 1.20323 Phi I: 5.82263e-52
Total charge: -1.50252e-19
etaHat: 124879
25  fE: -1.537  dfE: 0.72327  dW: 4.42639  dPhi(Nx/2)(Ny/2)(Nz/2): -0.438762 Phi A: 0.120201 Phi B: 1.32137 Phi I: 5.82319e-52
Total charge: -1.55151e-19
etaHat: 124879
26  fE: -2.43936  dfE: 0.902359  dW: 2.61974  dPhi(Nx/2)(Ny/2)(Nz/2): -0.524016 Phi A: 0.124121 Phi B: 1.40346 Phi I: 5.82356e-52
Total charge: -1.54612e-19
etaHat: 124879
27  fE: -3.38218  dfE: 0.942816  dW: 1.11265  dPhi(Nx/2)(Ny/2)(Nz/2): -0.560496 Phi A: 0.12369 Phi B: 1.44104 Phi I: 5.82373e-52
Total charge: -1.49309e-19
etaHat: 124879
28  fE: -4.21253  dfE: 0.830352  dW: 0.815723  dPhi(Nx/2)(Ny/2)(Nz/2): -0.548602 Phi A: 0.119447 Phi B: 1.43389 Phi I: 5.82371e-52
Total charge: -1.40618e-19
etaHat: 124879
29  fE: -4.81849  dfE: 0.605961  dW: 2.10703  dPhi(Nx/2)(Ny/2)(Nz/2): -0.496678 Phi A: 0.112495 Phi B: 1.38922 Phi I: 5.82354e-52
Total charge: -1.30108e-19
etaHat: 124879
30  fE: -5.15678  dfE: 0.33829  dW: 3.13063  dPhi(Nx/2)(Ny/2)(Nz/2): -0.417389 Phi A: 0.104086 Phi B: 1.31844 Phi I: 5.82324e-52
Saving data . . .
Total charge: -1.19131e-19
etaHat: 124879
31  fE: -5.24597  dfE: 0.089194  dW: 3.82254  dPhi(Nx/2)(Ny/2)(Nz/2): -0.323838 Phi A: 0.0953051 Phi B: 1.2336 Phi I: 5.82286e-52
Total charge: -1.0865e-19
etaHat: 124879
32  fE: -5.14084  dfE: 0.105134  dW: 4.19997  dPhi(Nx/2)(Ny/2)(Nz/2): -0.226961 Phi A: 0.0869197 Phi B: 1.14493 Phi I: 5.82243e-52
Total charge: -9.92301e-20
etaHat: 124879
33  fE: -4.90631  dfE: 0.234533  dW: 4.29858  dPhi(Nx/2)(Ny/2)(Nz/2): -0.134541 Phi A: 0.0793841 Phi B: 1.05979 Phi I: 5.82199e-52
Total charge: -9.11376e-20
etaHat: 124879
34  fE: -4.60055  dfE: 0.305762  dW: 4.16309  dPhi(Nx/2)(Ny/2)(Nz/2): -0.0513527 Phi A: 0.0729101 Phi B: 0.98279 Phi I: 5.82155e-52
Total charge: -8.44383e-20
etaHat: 124879
35  fE: -4.26784  dfE: 0.332703  dW: 3.8408  dPhi(Nx/2)(Ny/2)(Nz/2): 0.0201689 Phi A: 0.0675506 Phi B: 0.916337 Phi I: 5.82114e-52
Total charge: -7.90867e-20
etaHat: 124879
36  fE: -3.93804  dfE: 0.3298  dW: 3.37756  dPhi(Nx/2)(Ny/2)(Nz/2): 0.0791723 Phi A: 0.0632693 Phi B: 0.861336 Phi I: 5.82078e-52
Total charge: -7.4984e-20
etaHat: 124879
37  fE: -3.62908  dfE: 0.308959  dW: 2.8158  dPhi(Nx/2)(Ny/2)(Nz/2): 0.125758 Phi A: 0.0599872 Phi B: 0.817773 Phi I: 5.82047e-52
Total charge: -7.20144e-20
etaHat: 124879
38  fE: -3.35034  dfE: 0.278741  dW: 2.1936  dPhi(Nx/2)(Ny/2)(Nz/2): 0.160528 Phi A: 0.0576115 Phi B: 0.785143 Phi I: 5.82023e-52
Total charge: -7.00631e-20
etaHat: 124879
39  fE: -3.10565  dfE: 0.24469  dW: 1.54463  dPhi(Nx/2)(Ny/2)(Nz/2): 0.184299 Phi A: 0.0560504 Phi B: 0.762719 Phi I: 5.82006e-52
Total charge: -6.90241e-20
etaHat: 124879
40  fE: -2.89563  dfE: 0.210018  dW: 0.898301  dPhi(Nx/2)(Ny/2)(Nz/2): 0.197945 Phi A: 0.0552193 Phi B: 0.74971 Phi I: 5.81995e-52
Saving data . . .
Total charge: -6.88018e-20
etaHat: 124879
41  fE: -2.71933  dfE: 0.176301  dW: 0.284484  dPhi(Nx/2)(Ny/2)(Nz/2): 0.202326 Phi A: 0.0550414 Phi B: 0.745326 Phi I: 5.81992e-52
Total charge: -6.93073e-20
etaHat: 124879
42  fE: -2.5753  dfE: 0.144035  dW: 0.289842  dPhi(Nx/2)(Ny/2)(Nz/2): 0.198279 Phi A: 0.0554458 Phi B: 0.748796 Phi I: 5.81994e-52
Total charge: -7.04539e-20
etaHat: 124879
43  fE: -2.46224  dfE: 0.113055  dW: 0.788063  dPhi(Nx/2)(Ny/2)(Nz/2): 0.18664 Phi A: 0.0563631 Phi B: 0.759346 Phi I: 5.82002e-52
Total charge: -7.21514e-20
etaHat: 124879
44  fE: -2.3794  dfE: 0.0828463  dW: 1.20485  dPhi(Nx/2)(Ny/2)(Nz/2): 0.168296 Phi A: 0.0577211 Phi B: 0.776156 Phi I: 5.82014e-52
Total charge: -7.43e-20
etaHat: 124879
45  fE: -2.3266  dfE: 0.052798  dW: 1.52734  dPhi(Nx/2)(Ny/2)(Nz/2): 0.144233 Phi A: 0.05944 Phi B: 0.798311 Phi I: 5.8203e-52
Total charge: -7.67857e-20
etaHat: 124879
46  fE: -2.30417  dfE: 0.0224317  dW: 1.74834  dPhi(Nx/2)(Ny/2)(Nz/2): 0.115595 Phi A: 0.0614286 Phi B: 0.824754 Phi I: 5.82049e-52
Total charge: -7.94791e-20
etaHat: 124879
47  fE: -2.31255  dfE: 0.00838014  dW: 1.865  dPhi(Nx/2)(Ny/2)(Nz/2): 0.0837063 Phi A: 0.0635833 Phi B: 0.854257 Phi I: 5.82069e-52
Total charge: -8.22357e-20
etaHat: 124879
48  fE: -2.35178  dfE: 0.0392275  dW: 1.87911  dPhi(Nx/2)(Ny/2)(Nz/2): 0.0500826 Phi A: 0.0657886 Phi B: 0.88542 Phi I: 5.8209e-52
Total charge: -8.49027e-20
etaHat: 124879
49  fE: -2.42083  dfE: 0.0690521  dW: 1.79723  dPhi(Nx/2)(Ny/2)(Nz/2): 0.0163837 Phi A: 0.0679222 Phi B: 0.916702 Phi I: 5.8211e-52
Total charge: -8.73282e-20
etaHat: 124879
50  fE: -2.517  dfE: 0.0961749  dW: 1.63055  dPhi(Nx/2)(Ny/2)(Nz/2): -0.0156704 Phi A: 0.0698625 Phi B: 0.946508 Phi I: 5.82129e-52
Saving data . . .
Total charge: -8.93744e-20
etaHat: 124879
51  fE: -2.63551  dfE: 0.118506  dW: 1.39434  dPhi(Nx/2)(Ny/2)(Nz/2): -0.0444267 Phi A: 0.0714995 Phi B: 0.973301 Phi I: 5.82145e-52
Total charge: -9.09312e-20
etaHat: 124879
52  fE: -2.76944  dfE: 0.133928  dW: 1.10694  dPhi(Nx/2)(Ny/2)(Nz/2): -0.0684468 Phi A: 0.072745 Phi B: 0.995739 Phi I: 5.82158e-52
Total charge: -9.19278e-20
etaHat: 124879
53  fE: -2.91021  dfE: 0.140773  dW: 0.788535  dPhi(Nx/2)(Ny/2)(Nz/2): -0.0866476 Phi A: 0.0735422 Phi B: 1.0128 Phi I: 5.82168e-52
Total charge: -9.23389e-20
etaHat: 124879
54  fE: -3.04847  dfE: 0.138255  dW: 0.459619  dPhi(Nx/2)(Ny/2)(Nz/2): -0.0984055 Phi A: 0.0738711 Phi B: 1.02391 Phi I: 5.82175e-52
Total charge: -9.21852e-20
etaHat: 124879
55  fE: -3.17518  dfE: 0.12671  dW: 0.221361  dPhi(Nx/2)(Ny/2)(Nz/2): -0.103601 Phi A: 0.0737482 Phi B: 1.02892 Phi I: 5.82178e-52
Total charge: -9.15274e-20
etaHat: 124879
56  fE: -3.28274  dfE: 0.107569  dW: 0.175248  dPhi(Nx/2)(Ny/2)(Nz/2): -0.102598 Phi A: 0.073222 Phi B: 1.02816 Phi I: 5.82178e-52
Total charge: -9.04558e-20
etaHat: 124879
57  fE: -3.36582  dfE: 0.0830785  dW: 0.411125  dPhi(Nx/2)(Ny/2)(Nz/2): -0.0961577 Phi A: 0.0723646 Phi B: 1.02234 Phi I: 5.82174e-52
Total charge: -8.90773e-20
etaHat: 124879
58  fE: -3.42169  dfE: 0.0558622  dW: 0.618532  dPhi(Nx/2)(Ny/2)(Nz/2): -0.085324 Phi A: 0.0712618 Phi B: 1.0124 Phi I: 5.82169e-52
Total charge: -8.75037e-20
etaHat: 124879
59  fE: -3.45016  dfE: 0.0284748  dW: 0.772099  dPhi(Nx/2)(Ny/2)(Nz/2): -0.0712885 Phi A: 0.070003 Phi B: 0.999465 Phi I: 5.82161e-52
Total charge: -8.58415e-20
etaHat: 124879
60  fE: -3.45321  dfE: 0.00305341  dW: 0.870128  dPhi(Nx/2)(Ny/2)(Nz/2): -0.0552683 Phi A: 0.0686732 Phi B: 0.98465 Phi I: 5.82153e-52
Saving data . . .
Total charge: -8.41851e-20
etaHat: 124879
61  fE: -3.43434  dfE: 0.0188737  dW: 0.914194  dPhi(Nx/2)(Ny/2)(Nz/2): -0.0384094 Phi A: 0.0673481 Phi B: 0.969028 Phi I: 5.82143e-52
Total charge: -8.26124e-20
etaHat: 124879
62  fE: -3.39792  dfE: 0.0364246  dW: 0.908524  dPhi(Nx/2)(Ny/2)(Nz/2): -0.0217197 Phi A: 0.0660899 Phi B: 0.953541 Phi I: 5.82134e-52
Total charge: -8.11842e-20
etaHat: 124879
63  fE: -3.34863  dfE: 0.0492877  dW: 0.85933  dPhi(Nx/2)(Ny/2)(Nz/2): -0.00603284 Phi A: 0.0649473 Phi B: 0.938969 Phi I: 5.82125e-52
Total charge: -7.99439e-20
etaHat: 124879
64  fE: -3.29104  dfE: 0.0575861  dW: 0.77417  dPhi(Nx/2)(Ny/2)(Nz/2): 0.00800458 Phi A: 0.0639551 Phi B: 0.92592 Phi I: 5.82117e-52
Total charge: -7.89197e-20
etaHat: 124879
65  fE: -3.22931  dfE: 0.0617285  dW: 0.661362  dPhi(Nx/2)(Ny/2)(Nz/2): 0.0199283 Phi A: 0.0631357 Phi B: 0.914833 Phi I: 5.82109e-52
Total charge: -7.81258e-20
etaHat: 124879
66  fE: -3.16704  dfE: 0.0622773  dW: 0.529484  dPhi(Nx/2)(Ny/2)(Nz/2): 0.0294421 Phi A: 0.0625007 Phi B: 0.905989 Phi I: 5.82104e-52
Total charge: -7.75653e-20
etaHat: 124879
67  fE: -3.10719  dfE: 0.059849  dW: 0.386959  dPhi(Nx/2)(Ny/2)(Nz/2): 0.0363982 Phi A: 0.0620522 Phi B: 0.899531 Phi I: 5.82099e-52
Total charge: -7.72312e-20
etaHat: 124879
68  fE: -3.05214  dfE: 0.0550489  dW: 0.241718  dPhi(Nx/2)(Ny/2)(Nz/2): 0.0407774 Phi A: 0.0617849 Phi B: 0.895481 Phi I: 5.82097e-52
Total charge: -7.71088e-20
etaHat: 124879
69  fE: -3.0037  dfE: 0.0484364  dW: 0.101794  dPhi(Nx/2)(Ny/2)(Nz/2): 0.0426697 Phi A: 0.061687 Phi B: 0.89376 Phi I: 5.82095e-52
Total charge: -7.71767e-20
etaHat: 124879
70  fE: -2.96319  dfE: 0.0405133  dW: 0.0451489  dPhi(Nx/2)(Ny/2)(Nz/2): 0.0422566 Phi A: 0.0617414 Phi B: 0.894203 Phi I: 5.82095e-52
Saving data . . .
Total charge: -7.74083e-20
etaHat: 124879
71  fE: -2.93146  dfE: 0.0317267  dW: 0.143609  dPhi(Nx/2)(Ny/2)(Nz/2): 0.0397955 Phi A: 0.0619267 Phi B: 0.896573 Phi I: 5.82097e-52
Total charge: -7.7773e-20
etaHat: 124879
72  fE: -2.90898  dfE: 0.0224802  dW: 0.238371  dPhi(Nx/2)(Ny/2)(Nz/2): 0.0356042 Phi A: 0.0622184 Phi B: 0.900575 Phi I: 5.82099e-52
Total charge: -7.82371e-20
etaHat: 124879
73  fE: -2.89584  dfE: 0.0131461  dW: 0.31095  dPhi(Nx/2)(Ny/2)(Nz/2): 0.0300462 Phi A: 0.0625897 Phi B: 0.905872 Phi I: 5.82103e-52
Total charge: -7.87657e-20
etaHat: 124879
74  fE: -2.89176  dfE: 0.00407503  dW: 0.360016  dPhi(Nx/2)(Ny/2)(Nz/2): 0.0235147 Phi A: 0.0630126 Phi B: 0.912099 Phi I: 5.82107e-52
Total charge: -7.93238e-20
etaHat: 124879
75  fE: -2.89616  dfE: 0.00440001  dW: 0.385496  dPhi(Nx/2)(Ny/2)(Nz/2): 0.016416 Phi A: 0.063459 Phi B: 0.918877 Phi I: 5.82111e-52
Total charge: -7.98776e-20
etaHat: 124879
76  fE: -2.90813  dfE: 0.0119681  dW: 0.388464  dPhi(Nx/2)(Ny/2)(Nz/2): 0.00915178 Phi A: 0.0639021 Phi B: 0.925828 Phi I: 5.82115e-52
Total charge: -8.03966e-20
etaHat: 124879
77  fE: -2.92648  dfE: 0.0183514  dW: 0.371004  dPhi(Nx/2)(Ny/2)(Nz/2): 0.00210113 Phi A: 0.0643173 Phi B: 0.932599 Phi I: 5.82119e-52
Total charge: -8.08542e-20
etaHat: 124879
78  fE: -2.9498  dfE: 0.0233219  dW: 0.336028  dPhi(Nx/2)(Ny/2)(Nz/2): -0.00439698 Phi A: 0.0646834 Phi B: 0.938868 Phi I: 5.82123e-52
Total charge: -8.12296e-20
etaHat: 124879
79  fE: -2.97652  dfE: 0.02672  dW: 0.287064  dPhi(Nx/2)(Ny/2)(Nz/2): -0.0100589 Phi A: 0.0649837 Phi B: 0.944368 Phi I: 5.82127e-52
Total charge: -8.15082e-20
etaHat: 124879
80  fE: -3.00499  dfE: 0.0284707  dW: 0.228019  dPhi(Nx/2)(Ny/2)(Nz/2): -0.0146686 Phi A: 0.0652065 Phi B: 0.948892 Phi I: 5.82129e-52
Saving data . . .
Total charge: -8.16818e-20
etaHat: 124879
81  fE: -3.03359  dfE: 0.0285941  dW: 0.162955  dPhi(Nx/2)(Ny/2)(Nz/2): -0.0180847 Phi A: 0.0653455 Phi B: 0.952304 Phi I: 5.82131e-52
Total charge: -8.17493e-20
etaHat: 124879
82  fE: -3.06079  dfE: 0.0272059  dW: 0.0982338  dPhi(Nx/2)(Ny/2)(Nz/2): -0.0202436 Phi A: 0.0653994 Phi B: 0.954539 Phi I: 5.82133e-52
Total charge: -8.17153e-20
etaHat: 124879
83  fE: -3.0853  dfE: 0.0245085  dW: 0.05371  dPhi(Nx/2)(Ny/2)(Nz/2): -0.0211561 Phi A: 0.0653722 Phi B: 0.955603 Phi I: 5.82133e-52
Total charge: -8.15896e-20
etaHat: 124879
84  fE: -3.10607  dfE: 0.0207724  dW: 0.0473989  dPhi(Nx/2)(Ny/2)(Nz/2): -0.0208997 Phi A: 0.0652717 Phi B: 0.955563 Phi I: 5.82133e-52
Total charge: -8.13863e-20
etaHat: 124879
85  fE: -3.12238  dfE: 0.016311  dW: 0.0846287  dPhi(Nx/2)(Ny/2)(Nz/2): -0.0196078 Phi A: 0.065109 Phi B: 0.954541 Phi I: 5.82133e-52
Total charge: -8.1122e-20
etaHat: 124879
86  fE: -3.13384  dfE: 0.0114533  dW: 0.127869  dPhi(Nx/2)(Ny/2)(Nz/2): -0.0174552 Phi A: 0.0648976 Phi B: 0.952697 Phi I: 5.82132e-52
Total charge: -8.08149e-20
etaHat: 124879
87  fE: -3.14035  dfE: 0.00651713  dW: 0.161259  dPhi(Nx/2)(Ny/2)(Nz/2): -0.0146438 Phi A: 0.0646519 Phi B: 0.950218 Phi I: 5.8213e-52
Total charge: -8.04833e-20
etaHat: 124879
88  fE: -3.14214  dfE: 0.00178724  dW: 0.183489  dPhi(Nx/2)(Ny/2)(Nz/2): -0.0113872 Phi A: 0.0643867 Phi B: 0.947303 Phi I: 5.82128e-52
Total charge: -8.01448e-20
etaHat: 124879
89  fE: -3.13964  dfE: 0.00250071  dW: 0.19462  dPhi(Nx/2)(Ny/2)(Nz/2): -0.00789817 Phi A: 0.0641159 Phi B: 0.94415 Phi I: 5.82126e-52
Total charge: -7.98153e-20
etaHat: 124879
90  fE: -3.13347  dfE: 0.00616888  dW: 0.195273  dPhi(Nx/2)(Ny/2)(Nz/2): -0.00437657 Phi A: 0.0638522 Phi B: 0.940947 Phi I: 5.82124e-52
Saving data . . .
Total charge: -7.95084e-20
etaHat: 124879
91  fE: -3.12437  dfE: 0.00909965  dW: 0.186529  dPhi(Nx/2)(Ny/2)(Nz/2): -0.00100092 Phi A: 0.0636067 Phi B: 0.937861 Phi I: 5.82122e-52
Total charge: -7.92351e-20
etaHat: 124879
92  fE: -3.11314  dfE: 0.0112328  dW: 0.169819  dPhi(Nx/2)(Ny/2)(Nz/2): 0.00207816 Phi A: 0.0633881 Phi B: 0.935036 Phi I: 5.8212e-52
Total charge: -7.90035e-20
etaHat: 124879
93  fE: -3.10058  dfE: 0.0125591  dW: 0.146812  dPhi(Nx/2)(Ny/2)(Nz/2): 0.00474189 Phi A: 0.0632028 Phi B: 0.932583 Phi I: 5.82119e-52
Total charge: -7.88188e-20
etaHat: 124879
94  fE: -3.08747  dfE: 0.0131119  dW: 0.119305  dPhi(Nx/2)(Ny/2)(Nz/2): 0.00690513 Phi A: 0.0630551 Phi B: 0.930585 Phi I: 5.82118e-52
Total charge: -7.86836e-20
etaHat: 124879
95  fE: -3.07451  dfE: 0.0129578  dW: 0.0891274  dPhi(Nx/2)(Ny/2)(Nz/2): 0.00851634 Phi A: 0.0629469 Phi B: 0.92909 Phi I: 5.82117e-52
Total charge: -7.85975e-20
etaHat: 124879
96  fE: -3.06232  dfE: 0.0121881  dW: 0.0582886  dPhi(Nx/2)(Ny/2)(Nz/2): 0.00955599 Phi A: 0.062878 Phi B: 0.928121 Phi I: 5.82116e-52
Total charge: -7.85584e-20
etaHat: 124879
97  fE: -3.05141  dfE: 0.0109103  dW: 0.031785  dPhi(Nx/2)(Ny/2)(Nz/2): 0.0100338 Phi A: 0.0628467 Phi B: 0.927669 Phi I: 5.82116e-52
Total charge: -7.85617e-20
etaHat: 124879
98  fE: -3.04217  dfE: 0.0092417  dW: 0.021121  dPhi(Nx/2)(Ny/2)(Nz/2): 0.00998527 Phi A: 0.0628494 Phi B: 0.927703 Phi I: 5.82116e-52
Total charge: -7.86018e-20
etaHat: 124879
99  fE: -3.03487  dfE: 0.00730286  dW: 0.0299362  dPhi(Nx/2)(Ny/2)(Nz/2): 0.00946693 Phi A: 0.0628814 Phi B: 0.928173 Phi I: 5.82116e-52
Total charge: -7.86716e-20
etaHat: 124879
100  fE: -3.02965  dfE: 0.00521303  dW: 0.0470135  dPhi(Nx/2)(Ny/2)(Nz/2): 0.00855201 Phi A: 0.0629373 Phi B: 0.929009 Phi I: 5.82116e-52
Saving data . . .
Total charge: -7.87636e-20
etaHat: 124879
101  fE: -3.02657  dfE: 0.00308568  dW: 0.0625781  dPhi(Nx/2)(Ny/2)(Nz/2): 0.00732524 Phi A: 0.0630109 Phi B: 0.930136 Phi I: 5.82117e-52
Total charge: -7.88697e-20
etaHat: 124879
102  fE: -3.02554  dfE: 0.00102486  dW: 0.0735449  dPhi(Nx/2)(Ny/2)(Nz/2): 0.00587782 Phi A: 0.0630958 Phi B: 0.931468 Phi I: 5.82118e-52
Total charge: -7.89824e-20
etaHat: 124879
103  fE: -3.02642  dfE: 0.000878021  dW: 0.0794976  dPhi(Nx/2)(Ny/2)(Nz/2): 0.00430253 Phi A: 0.0631859 Phi B: 0.932919 Phi I: 5.82119e-52
Total charge: -7.90943e-20
etaHat: 124879
104  fE: -3.02897  dfE: 0.0025469  dW: 0.0806296  dPhi(Nx/2)(Ny/2)(Nz/2): 0.00268915 Phi A: 0.0632755 Phi B: 0.934407 Phi I: 5.8212e-52
Total charge: -7.9199e-20
etaHat: 124879
105  fE: -3.03289  dfE: 0.00392322  dW: 0.077392  dPhi(Nx/2)(Ny/2)(Nz/2): 0.00112041 Phi A: 0.0633592 Phi B: 0.935854 Phi I: 5.8212e-52
Total charge: -7.9291e-20
etaHat: 124879
106  fE: -3.03786  dfE: 0.00496738  dW: 0.070417  dPhi(Nx/2)(Ny/2)(Nz/2): -0.000331426 Phi A: 0.0634328 Phi B: 0.937192 Phi I: 5.82121e-52
Total charge: -7.93662e-20
etaHat: 124879
107  fE: -3.04352  dfE: 0.00565935  dW: 0.0604995  dPhi(Nx/2)(Ny/2)(Nz/2): -0.00160716 Phi A: 0.063493 Phi B: 0.938367 Phi I: 5.82122e-52
Total charge: -7.94217e-20
etaHat: 124879
108  fE: -3.04952  dfE: 0.00599834  dW: 0.0487202  dPhi(Nx/2)(Ny/2)(Nz/2): -0.00266239 Phi A: 0.0635373 Phi B: 0.939337 Phi I: 5.82123e-52
Total charge: -7.94559e-20
etaHat: 124879
109  fE: -3.05552  dfE: 0.00600151  dW: 0.0365976  dPhi(Nx/2)(Ny/2)(Nz/2): -0.00346835 Phi A: 0.0635647 Phi B: 0.940075 Phi I: 5.82123e-52
Total charge: -7.94685e-20
etaHat: 124879
110  fE: -3.06122  dfE: 0.00570174  dW: 0.0263522  dPhi(Nx/2)(Ny/2)(Nz/2): -0.00401177 Phi A: 0.0635748 Phi B: 0.940568 Phi I: 5.82123e-52
Saving data . . .
Total charge: -7.94605e-20
etaHat: 124879
111  fE: -3.06637  dfE: 0.00514455  dW: 0.0202975  dPhi(Nx/2)(Ny/2)(Nz/2): -0.00429409 Phi A: 0.0635684 Phi B: 0.940818 Phi I: 5.82123e-52
Total charge: -7.94337e-20
etaHat: 124879
112  fE: -3.07075  dfE: 0.00438461  dW: 0.0195607  dPhi(Nx/2)(Ny/2)(Nz/2): -0.00432978 Phi A: 0.063547 Phi B: 0.940838 Phi I: 5.82123e-52
Total charge: -7.93908e-20
etaHat: 124879
113  fE: -3.07423  dfE: 0.00348178  dW: 0.0232511  dPhi(Nx/2)(Ny/2)(Nz/2): -0.00414429 Phi A: 0.0635127 Phi B: 0.940651 Phi I: 5.82123e-52
Total charge: -7.93351e-20
etaHat: 124879
114  fE: -3.07673  dfE: 0.00249737  dW: 0.0291114  dPhi(Nx/2)(Ny/2)(Nz/2): -0.00377151 Phi A: 0.063468 Phi B: 0.94029 Phi I: 5.82123e-52
Total charge: -7.92699e-20
etaHat: 124879
115  fE: -3.07822  dfE: 0.00149049  dW: 0.0349409  dPhi(Nx/2)(Ny/2)(Nz/2): -0.00325118 Phi A: 0.063416 Phi B: 0.939791 Phi I: 5.82123e-52
Total charge: -7.91992e-20
etaHat: 124879
116  fE: -3.07873  dfE: 0.000515112  dW: 0.0393761  dPhi(Nx/2)(Ny/2)(Nz/2): -0.00262612 Phi A: 0.0633594 Phi B: 0.939195 Phi I: 5.82122e-52
Total charge: -7.91264e-20
etaHat: 124879
117  fE: -3.07835  dfE: 0.000382405  dW: 0.0418223  dPhi(Nx/2)(Ny/2)(Nz/2): -0.00193979 Phi A: 0.0633011 Phi B: 0.938541 Phi I: 5.82122e-52
Total charge: -7.90549e-20
etaHat: 124879
118  fE: -3.07719  dfE: 0.00116488  dW: 0.0421742  dPhi(Nx/2)(Ny/2)(Nz/2): -0.00123395 Phi A: 0.0632439 Phi B: 0.93787 Phi I: 5.82122e-52
Total charge: -7.89877e-20
etaHat: 124879
119  fE: -3.07538  dfE: 0.00180526  dW: 0.0405778  dPhi(Nx/2)(Ny/2)(Nz/2): -0.000546741 Phi A: 0.0631901 Phi B: 0.937217 Phi I: 5.82121e-52
Total charge: -7.89271e-20
etaHat: 124879
120  fE: -3.0731  dfE: 0.00228678  dW: 0.0373295  dPhi(Nx/2)(Ny/2)(Nz/2): 8.88166e-05 Phi A: 0.0631417 Phi B: 0.936613 Phi I: 5.82121e-52
Saving data . . .
Total charge: -7.8875e-20
etaHat: 124879
121  fE: -3.07049  dfE: 0.00260261  dW: 0.0328556  dPhi(Nx/2)(Ny/2)(Nz/2): 0.000645917 Phi A: 0.0631 Phi B: 0.936083 Phi I: 5.8212e-52
Total charge: -7.88327e-20
etaHat: 124879
122  fE: -3.06774  dfE: 0.00275501  dW: 0.0277241  dPhi(Nx/2)(Ny/2)(Nz/2): 0.00110462 Phi A: 0.0630662 Phi B: 0.935647 Phi I: 5.8212e-52
Total charge: -7.88008e-20
etaHat: 124879
123  fE: -3.06498  dfE: 0.0027541  dW: 0.0226391  dPhi(Nx/2)(Ny/2)(Nz/2): 0.00145211 Phi A: 0.0630407 Phi B: 0.935316 Phi I: 5.8212e-52
Total charge: -7.87795e-20
etaHat: 124879
124  fE: -3.06237  dfE: 0.00261643  dW: 0.0183704  dPhi(Nx/2)(Ny/2)(Nz/2): 0.00168249 Phi A: 0.0630236 Phi B: 0.935096 Phi I: 5.8212e-52
Total charge: -7.87683e-20
etaHat: 124879
125  fE: -3.06  dfE: 0.00236346  dW: 0.0155082  dPhi(Nx/2)(Ny/2)(Nz/2): 0.00179643 Phi A: 0.0630146 Phi B: 0.934987 Phi I: 5.8212e-52
Total charge: -7.87663e-20
etaHat: 124879
126  fE: -3.05798  dfE: 0.00201992  dW: 0.0142631  dPhi(Nx/2)(Ny/2)(Nz/2): 0.00180033 Phi A: 0.063013 Phi B: 0.934983 Phi I: 5.8212e-52
Total charge: -7.87723e-20
etaHat: 124879
127  fE: -3.05637  dfE: 0.0016123  dW: 0.0143948  dPhi(Nx/2)(Ny/2)(Nz/2): 0.00170546 Phi A: 0.0630178 Phi B: 0.935072 Phi I: 5.8212e-52
Total charge: -7.87849e-20
etaHat: 124879
128  fE: -3.0552  dfE: 0.00116741  dW: 0.0154161  dPhi(Nx/2)(Ny/2)(Nz/2): 0.00152687 Phi A: 0.0630279 Phi B: 0.935243 Phi I: 5.8212e-52
Total charge: -7.88024e-20
etaHat: 124879
129  fE: -3.05449  dfE: 0.000711059  dW: 0.0167893  dPhi(Nx/2)(Ny/2)(Nz/2): 0.00128226 Phi A: 0.063042 Phi B: 0.935476 Phi I: 5.8212e-52
Total charge: -7.88232e-20
etaHat: 124879
130  fE: -3.05423  dfE: 0.000266946  dW: 0.0180214  dPhi(Nx/2)(Ny/2)(Nz/2): 0.00099082 Phi A: 0.0630586 Phi B: 0.935755 Phi I: 5.8212e-52
Saving data . . .
Total charge: -7.88456e-20
etaHat: 124879
131  fE: -3.05437  dfE: 0.000144253  dW: 0.0187837  dPhi(Nx/2)(Ny/2)(Nz/2): 0.000672121 Phi A: 0.0630765 Phi B: 0.936062 Phi I: 5.8212e-52
Total charge: -7.8868e-20
etaHat: 124879
132  fE: -3.05488  dfE: 0.000505578  dW: 0.0189142  dPhi(Nx/2)(Ny/2)(Nz/2): 0.000345107 Phi A: 0.0630944 Phi B: 0.936377 Phi I: 5.8212e-52
Total charge: -7.88891e-20
etaHat: 124879
133  fE: -3.05568  dfE: 0.000804235  dW: 0.0184157  dPhi(Nx/2)(Ny/2)(Nz/2): 2.72105e-05 Phi A: 0.0631113 Phi B: 0.936686 Phi I: 5.82121e-52
Total charge: -7.89077e-20
etaHat: 124879
134  fE: -3.05671  dfE: 0.00103182  dW: 0.0173963  dPhi(Nx/2)(Ny/2)(Nz/2): -0.000266368 Phi A: 0.0631262 Phi B: 0.936973 Phi I: 5.82121e-52
Total charge: -7.89229e-20
etaHat: 124879
135  fE: -3.0579  dfE: 0.00118429  dW: 0.0160495  dPhi(Nx/2)(Ny/2)(Nz/2): -0.000523197 Phi A: 0.0631383 Phi B: 0.937226 Phi I: 5.82121e-52
Total charge: -7.8934e-20
etaHat: 124879
136  fE: -3.05916  dfE: 0.00126177  dW: 0.014611  dPhi(Nx/2)(Ny/2)(Nz/2): -0.000733956 Phi A: 0.0631472 Phi B: 0.937436 Phi I: 5.82121e-52
Total charge: -7.89407e-20
etaHat: 124879
137  fE: -3.06043  dfE: 0.00126811  dW: 0.0132996  dPhi(Nx/2)(Ny/2)(Nz/2): -0.000892586 Phi A: 0.0631526 Phi B: 0.937598 Phi I: 5.82121e-52
Total charge: -7.8943e-20
etaHat: 124879
138  fE: -3.06164  dfE: 0.00121036  dW: 0.0123002  dPhi(Nx/2)(Ny/2)(Nz/2): -0.000996266 Phi A: 0.0631544 Phi B: 0.937709 Phi I: 5.82121e-52
Total charge: -7.8941e-20
etaHat: 124879
139  fE: -3.06273  dfE: 0.00109804  dW: 0.0117059  dPhi(Nx/2)(Ny/2)(Nz/2): -0.00104522 Phi A: 0.0631528 Phi B: 0.937769 Phi I: 5.82121e-52
Total charge: -7.8935e-20
etaHat: 124879
140  fE: -3.06368  dfE: 0.000942472  dW: 0.0115071  dPhi(Nx/2)(Ny/2)(Nz/2): -0.00104238 Phi A: 0.063148 Phi B: 0.937779 Phi I: 5.82121e-52
Saving data . . .
Total charge: -7.89255e-20
etaHat: 124879
141  fE: -3.06443  dfE: 0.000755979  dW: 0.0116399  dPhi(Nx/2)(Ny/2)(Nz/2): -0.000992997 Phi A: 0.0631404 Phi B: 0.937746 Phi I: 5.82121e-52
Total charge: -7.89134e-20
etaHat: 124879
142  fE: -3.06498  dfE: 0.000551162  dW: 0.0119624  dPhi(Nx/2)(Ny/2)(Nz/2): -0.000904079 Phi A: 0.0631307 Phi B: 0.937675 Phi I: 5.82121e-52
Total charge: -7.88992e-20
etaHat: 124879
143  fE: -3.06532  dfE: 0.000340229  dW: 0.0123371  dPhi(Nx/2)(Ny/2)(Nz/2): -0.000783904 Phi A: 0.0631193 Phi B: 0.937573 Phi I: 5.82121e-52
Total charge: -7.88837e-20
etaHat: 124879
144  fE: -3.06546  dfE: 0.00013441  dW: 0.0126407  dPhi(Nx/2)(Ny/2)(Nz/2): -0.000641449 Phi A: 0.063107 Phi B: 0.93745 Phi I: 5.82121e-52
Total charge: -7.88678e-20
etaHat: 124879
145  fE: -3.0654  dfE: 5.65082e-05  dW: 0.0127862  dPhi(Nx/2)(Ny/2)(Nz/2): -0.000485868 Phi A: 0.0630942 Phi B: 0.937314 Phi I: 5.82121e-52
Total charge: -7.8852e-20
etaHat: 124879
146  fE: -3.06518  dfE: 0.000224531  dW: 0.0127284  dPhi(Nx/2)(Ny/2)(Nz/2): -0.000326022 Phi A: 0.0630816 Phi B: 0.937173 Phi I: 5.82121e-52
Total charge: -7.88371e-20
etaHat: 124879
147  fE: -3.06481  dfE: 0.000363662  dW: 0.0124659  dPhi(Nx/2)(Ny/2)(Nz/2): -0.000170059 Phi A: 0.0630697 Phi B: 0.937035 Phi I: 5.82121e-52
Total charge: -7.88236e-20
etaHat: 124879
148  fE: -3.06434  dfE: 0.000469995  dW: 0.0120368  dPhi(Nx/2)(Ny/2)(Nz/2): -2.50858e-05 Phi A: 0.0630588 Phi B: 0.936907 Phi I: 5.82121e-52
Total charge: -7.88118e-20
etaHat: 124879
149  fE: -3.0638  dfE: 0.00054168  dW: 0.0115035  dPhi(Nx/2)(Ny/2)(Nz/2): 0.000103078 Phi A: 0.0630494 Phi B: 0.936793 Phi I: 5.82121e-52
Total charge: -7.88021e-20
etaHat: 124879
150  fE: -3.06322  dfE: 0.000578798  dW: 0.010932  dPhi(Nx/2)(Ny/2)(Nz/2): 0.000210055 Phi A: 0.0630416 Phi B: 0.936699 Phi I: 5.82121e-52
Saving data . . .
Total charge: -7.87945e-20
etaHat: 124879
151  fE: -3.06264  dfE: 0.000583142  dW: 0.0103894  dPhi(Nx/2)(Ny/2)(Nz/2): 0.000292977 Phi A: 0.0630356 Phi B: 0.936626 Phi I: 5.82121e-52
Total charge: -7.87893e-20
etaHat: 124879
152  fE: -3.06208  dfE: 0.000557951  dW: 0.0099344  dPhi(Nx/2)(Ny/2)(Nz/2): 0.000350473 Phi A: 0.0630314 Phi B: 0.936577 Phi I: 5.8212e-52
Total charge: -7.87862e-20
etaHat: 124879
153  fE: -3.06157  dfE: 0.000507587  dW: 0.00959174  dPhi(Nx/2)(Ny/2)(Nz/2): 0.000382574 Phi A: 0.0630289 Phi B: 0.936551 Phi I: 5.8212e-52
Total charge: -7.87851e-20
etaHat: 124879
154  fE: -3.06114  dfE: 0.000437204  dW: 0.00936076  dPhi(Nx/2)(Ny/2)(Nz/2): 0.000390575 Phi A: 0.0630281 Phi B: 0.936548 Phi I: 5.8212e-52
Total charge: -7.87857e-20
etaHat: 124879
155  fE: -3.06079  dfE: 0.000352405  dW: 0.00922876  dPhi(Nx/2)(Ny/2)(Nz/2): 0.000376829 Phi A: 0.0630286 Phi B: 0.936565 Phi I: 5.8212e-52
Total charge: -7.87878e-20
etaHat: 124879
156  fE: -3.06053  dfE: 0.000258924  dW: 0.00916602  dPhi(Nx/2)(Ny/2)(Nz/2): 0.000344531 Phi A: 0.0630303 Phi B: 0.936599 Phi I: 5.8212e-52
Total charge: -7.8791e-20
etaHat: 124879
157  fE: -3.06036  dfE: 0.000162321  dW: 0.00913579  dPhi(Nx/2)(Ny/2)(Nz/2): 0.000297465 Phi A: 0.0630328 Phi B: 0.936647 Phi I: 5.82121e-52
Total charge: -7.8795e-20
etaHat: 124879
158  fE: -3.0603  dfE: 6.7734e-05  dW: 0.00910635  dPhi(Nx/2)(Ny/2)(Nz/2): 0.000239756 Phi A: 0.063036 Phi B: 0.936706 Phi I: 5.82121e-52
Total charge: -7.87993e-20
etaHat: 124879
159  fE: -3.06032  dfE: 2.03369e-05  dW: 0.00905207  dPhi(Nx/2)(Ny/2)(Nz/2): 0.000175635 Phi A: 0.0630395 Phi B: 0.93677 Phi I: 5.82121e-52
Total charge: -7.88038e-20
etaHat: 124879
160  fE: -3.06041  dfE: 9.81837e-05  dW: 0.00895785  dPhi(Nx/2)(Ny/2)(Nz/2): 0.000109211 Phi A: 0.063043 Phi B: 0.936837 Phi I: 5.82121e-52
Saving data . . .
Total charge: -7.88079e-20
etaHat: 124879
161  fE: -3.06058  dfE: 0.000162992  dW: 0.00882173  dPhi(Nx/2)(Ny/2)(Nz/2): 4.42843e-05 Phi A: 0.0630463 Phi B: 0.936903 Phi I: 5.82121e-52
Total charge: -7.88116e-20
etaHat: 124879
162  fE: -3.06079  dfE: 0.000212891  dW: 0.00865041  dPhi(Nx/2)(Ny/2)(Nz/2): -1.5812e-05 Phi A: 0.0630493 Phi B: 0.936964 Phi I: 5.82121e-52
Total charge: -7.88146e-20
etaHat: 124879
163  fE: -3.06104  dfE: 0.000246946  dW: 0.00845733  dPhi(Nx/2)(Ny/2)(Nz/2): -6.83303e-05 Phi A: 0.0630517 Phi B: 0.937019 Phi I: 5.82121e-52
Total charge: -7.88168e-20
etaHat: 124879
164  fE: -3.0613  dfE: 0.00026511  dW: 0.00826048  dPhi(Nx/2)(Ny/2)(Nz/2): -0.000111184 Phi A: 0.0630534 Phi B: 0.937065 Phi I: 5.82121e-52
Total charge: -7.88181e-20
etaHat: 124879
165  fE: -3.06157  dfE: 0.000268134  dW: 0.00807518  dPhi(Nx/2)(Ny/2)(Nz/2): -0.000142982 Phi A: 0.0630545 Phi B: 0.9371 Phi I: 5.82121e-52
Total charge: -7.88184e-20
etaHat: 124879
166  fE: -3.06183  dfE: 0.00025745  dW: 0.00791286  dPhi(Nx/2)(Ny/2)(Nz/2): -0.00016303 Phi A: 0.0630547 Phi B: 0.937125 Phi I: 5.82121e-52
Total charge: -7.88179e-20
etaHat: 124879
167  fE: -3.06206  dfE: 0.000235023  dW: 0.00777947  dPhi(Nx/2)(Ny/2)(Nz/2): -0.000171288 Phi A: 0.0630543 Phi B: 0.937139 Phi I: 5.82121e-52
Total charge: -7.88165e-20
etaHat: 124879
168  fE: -3.06227  dfE: 0.000203202  dW: 0.00767241  dPhi(Nx/2)(Ny/2)(Nz/2): -0.000168307 Phi A: 0.0630532 Phi B: 0.937143 Phi I: 5.82121e-52
Total charge: -7.88143e-20
etaHat: 124879
169  fE: -3.06243  dfE: 0.000164561  dW: 0.00758857  dPhi(Nx/2)(Ny/2)(Nz/2): -0.000155144 Phi A: 0.0630515 Phi B: 0.937137 Phi I: 5.82121e-52
Total charge: -7.88116e-20
etaHat: 124879
170  fE: -3.06255  dfE: 0.000121745  dW: 0.00751916  dPhi(Nx/2)(Ny/2)(Nz/2): -0.00013325 Phi A: 0.0630493 Phi B: 0.937123 Phi I: 5.82121e-52
Saving data . . .
Total charge: -7.88085e-20
etaHat: 124879
171  fE: -3.06263  dfE: 7.73319e-05  dW: 0.00745584  dPhi(Nx/2)(Ny/2)(Nz/2): -0.000104365 Phi A: 0.0630468 Phi B: 0.937103 Phi I: 5.82121e-52
Total charge: -7.88051e-20
etaHat: 124879
172  fE: -3.06266  dfE: 3.37087e-05  dW: 0.00739029  dPhi(Nx/2)(Ny/2)(Nz/2): -7.03969e-05 Phi A: 0.0630441 Phi B: 0.937077 Phi I: 5.82121e-52
Total charge: -7.88015e-20
etaHat: 124879
173  fE: -3.06266  dfE: 7.02734e-06  dW: 0.00731566  dPhi(Nx/2)(Ny/2)(Nz/2): -3.33124e-05 Phi A: 0.0630412 Phi B: 0.937049 Phi I: 5.82121e-52
Total charge: -7.8798e-20
etaHat: 124879
174  fE: -3.06261  dfE: 4.31438e-05  dW: 0.00722879  dPhi(Nx/2)(Ny/2)(Nz/2): 4.9664e-06 Phi A: 0.0630384 Phi B: 0.93702 Phi I: 5.82121e-52
Total charge: -7.87947e-20
etaHat: 124879
175  fE: -3.06254  dfE: 7.33211e-05  dW: 0.00712946  dPhi(Nx/2)(Ny/2)(Nz/2): 4.26519e-05 Phi A: 0.0630357 Phi B: 0.93699 Phi I: 5.82121e-52
Total charge: -7.87916e-20
etaHat: 124879
176  fE: -3.06244  dfE: 9.66752e-05  dW: 0.00702026  dPhi(Nx/2)(Ny/2)(Nz/2): 7.81648e-05 Phi A: 0.0630333 Phi B: 0.936963 Phi I: 5.82121e-52
Total charge: -7.87889e-20
etaHat: 124879
177  fE: -3.06233  dfE: 0.000112756  dW: 0.00690414  dPhi(Nx/2)(Ny/2)(Nz/2): 0.000110189 Phi A: 0.0630311 Phi B: 0.936939 Phi I: 5.82121e-52
Total charge: -7.87867e-20
etaHat: 124879
178  fE: -3.06221  dfE: 0.000121523  dW: 0.00678502  dPhi(Nx/2)(Ny/2)(Nz/2): 0.00013771 Phi A: 0.0630293 Phi B: 0.936918 Phi I: 5.82121e-52
Total charge: -7.87849e-20
etaHat: 124879
179  fE: -3.06209  dfE: 0.000123307  dW: 0.00666766  dPhi(Nx/2)(Ny/2)(Nz/2): 0.00016003 Phi A: 0.0630279 Phi B: 0.936903 Phi I: 5.82121e-52
Total charge: -7.87836e-20
etaHat: 124879
180  fE: -3.06197  dfE: 0.00011875  dW: 0.00655587  dPhi(Nx/2)(Ny/2)(Nz/2): 0.00017677 Phi A: 0.0630269 Phi B: 0.936892 Phi I: 5.82121e-52
Saving data . . .
Total charge: -7.87828e-20
etaHat: 124879
181  fE: -3.06186  dfE: 0.000108745  dW: 0.0064533  dPhi(Nx/2)(Ny/2)(Nz/2): 0.000187855 Phi A: 0.0630262 Phi B: 0.936886 Phi I: 5.82121e-52
Total charge: -7.87824e-20
etaHat: 124879
182  fE: -3.06176  dfE: 9.43621e-05  dW: 0.00636003  dPhi(Nx/2)(Ny/2)(Nz/2): 0.000193483 Phi A: 0.0630259 Phi B: 0.936885 Phi I: 5.82121e-52
Total charge: -7.87823e-20
etaHat: 124879
183  fE: -3.06169  dfE: 7.6777e-05  dW: 0.00627446  dPhi(Nx/2)(Ny/2)(Nz/2): 0.000194088 Phi A: 0.0630259 Phi B: 0.936888 Phi I: 5.82121e-52
Total charge: -7.87826e-20
etaHat: 124879
184  fE: -3.06163  dfE: 5.72028e-05  dW: 0.00619489  dPhi(Nx/2)(Ny/2)(Nz/2): 0.000190289 Phi A: 0.0630261 Phi B: 0.936895 Phi I: 5.82121e-52
Total charge: -7.87832e-20
etaHat: 124879
185  fE: -3.06159  dfE: 3.68242e-05  dW: 0.00611957  dPhi(Nx/2)(Ny/2)(Nz/2): 0.000182847 Phi A: 0.0630265 Phi B: 0.936905 Phi I: 5.82121e-52
Total charge: -7.87839e-20
etaHat: 124879
186  fE: -3.06158  dfE: 1.67421e-05  dW: 0.00604631  dPhi(Nx/2)(Ny/2)(Nz/2): 0.000172603 Phi A: 0.0630271 Phi B: 0.936917 Phi I: 5.82121e-52
Total charge: -7.87847e-20
etaHat: 124879
187  fE: -3.06158  dfE: 2.07243e-06  dW: 0.00597319  dPhi(Nx/2)(Ny/2)(Nz/2): 0.000160435 Phi A: 0.0630278 Phi B: 0.93693 Phi I: 5.82121e-52
Total charge: -7.87856e-20
etaHat: 124879
188  fE: -3.0616  dfE: 1.88133e-05  dW: 0.00589897  dPhi(Nx/2)(Ny/2)(Nz/2): 0.000147206 Phi A: 0.0630284 Phi B: 0.936944 Phi I: 5.82121e-52
Total charge: -7.87864e-20
etaHat: 124879
189  fE: -3.06163  dfE: 3.28621e-05  dW: 0.00582335  dPhi(Nx/2)(Ny/2)(Nz/2): 0.000133724 Phi A: 0.0630291 Phi B: 0.936958 Phi I: 5.82121e-52
Total charge: -7.87871e-20
etaHat: 124879
190  fE: -3.06167  dfE: 4.37995e-05  dW: 0.00574656  dPhi(Nx/2)(Ny/2)(Nz/2): 0.00012071 Phi A: 0.0630297 Phi B: 0.936972 Phi I: 5.82121e-52
Saving data . . .
Total charge: -7.87876e-20
etaHat: 124879
191  fE: -3.06173  dfE: 5.1405e-05  dW: 0.00566955  dPhi(Nx/2)(Ny/2)(Nz/2): 0.000108768 Phi A: 0.0630301 Phi B: 0.936983 Phi I: 5.82121e-52
Total charge: -7.87881e-20
etaHat: 124879
192  fE: -3.06178  dfE: 5.56478e-05  dW: 0.00559354  dPhi(Nx/2)(Ny/2)(Nz/2): 9.83728e-05 Phi A: 0.0630304 Phi B: 0.936993 Phi I: 5.82121e-52
Total charge: -7.87883e-20
etaHat: 124879
193  fE: -3.06184  dfE: 5.66679e-05  dW: 0.00551927  dPhi(Nx/2)(Ny/2)(Nz/2): 8.98553e-05 Phi A: 0.0630306 Phi B: 0.937001 Phi I: 5.82121e-52
Total charge: -7.87883e-20
etaHat: 124879
194  fE: -3.06189  dfE: 5.47519e-05  dW: 0.00544764  dPhi(Nx/2)(Ny/2)(Nz/2): 8.34062e-05 Phi A: 0.0630306 Phi B: 0.937007 Phi I: 5.82121e-52
Total charge: -7.87881e-20
etaHat: 124879
195  fE: -3.06194  dfE: 5.03027e-05  dW: 0.00537903  dPhi(Nx/2)(Ny/2)(Nz/2): 7.90806e-05 Phi A: 0.0630305 Phi B: 0.93701 Phi I: 5.82121e-52
Total charge: -7.87878e-20
etaHat: 124879
196  fE: -3.06199  dfE: 4.38077e-05  dW: 0.00531346  dPhi(Nx/2)(Ny/2)(Nz/2): 7.68111e-05 Phi A: 0.0630302 Phi B: 0.937011 Phi I: 5.82121e-52
Total charge: -7.87873e-20
etaHat: 124879
197  fE: -3.06202  dfE: 3.58054e-05  dW: 0.00525057  dPhi(Nx/2)(Ny/2)(Nz/2): 7.6425e-05 Phi A: 0.0630299 Phi B: 0.93701 Phi I: 5.82121e-52
Total charge: -7.87867e-20
etaHat: 124879
198  fE: -3.06205  dfE: 2.68534e-05  dW: 0.0051895  dPhi(Nx/2)(Ny/2)(Nz/2): 7.76655e-05 Phi A: 0.0630294 Phi B: 0.937008 Phi I: 5.82121e-52
Total charge: -7.8786e-20
etaHat: 124879
199  fE: -3.06207  dfE: 1.74981e-05  dW: 0.00512979  dPhi(Nx/2)(Ny/2)(Nz/2): 8.02149e-05 Phi A: 0.0630288 Phi B: 0.937003 Phi I: 5.82121e-52
Total charge: -7.87852e-20
etaHat: 124879
200  fE: -3.06208  dfE: 8.24892e-06  dW: 0.00507052  dPhi(Nx/2)(Ny/2)(Nz/2): 8.37175e-05 Phi A: 0.0630282 Phi B: 0.936998 Phi I: 5.82121e-52
Saving data . . .
Total charge: -7.87844e-20
etaHat: 124879
201  fE: -3.06207  dfE: 4.43429e-07  dW: 0.0050113  dPhi(Nx/2)(Ny/2)(Nz/2): 8.78036e-05 Phi A: 0.0630275 Phi B: 0.936992 Phi I: 5.82121e-52
Total charge: -7.87836e-20
etaHat: 124879
202  fE: -3.06207  dfE: 8.20326e-06  dW: 0.00495179  dPhi(Nx/2)(Ny/2)(Nz/2): 9.211e-05 Phi A: 0.0630269 Phi B: 0.936986 Phi I: 5.82121e-52
Total charge: -7.87829e-20
etaHat: 124879
203  fE: -3.06205  dfE: 1.47408e-05  dW: 0.00489202  dPhi(Nx/2)(Ny/2)(Nz/2): 9.62991e-05 Phi A: 0.0630263 Phi B: 0.93698 Phi I: 5.82121e-52
Total charge: -7.87822e-20
etaHat: 124879
204  fE: -3.06203  dfE: 1.98578e-05  dW: 0.00483195  dPhi(Nx/2)(Ny/2)(Nz/2): 0.000100074 Phi A: 0.0630257 Phi B: 0.936974 Phi I: 5.82121e-52
Total charge: -7.87816e-20
etaHat: 124879
205  fE: -3.06201  dfE: 2.34475e-05  dW: 0.00477198  dPhi(Nx/2)(Ny/2)(Nz/2): 0.000103191 Phi A: 0.0630253 Phi B: 0.936969 Phi I: 5.82121e-52
Total charge: -7.8781e-20
etaHat: 124879
206  fE: -3.06198  dfE: 2.54908e-05  dW: 0.00471245  dPhi(Nx/2)(Ny/2)(Nz/2): 0.000105467 Phi A: 0.0630248 Phi B: 0.936965 Phi I: 5.82121e-52
Total charge: -7.87806e-20
etaHat: 124879
207  fE: -3.06196  dfE: 2.60477e-05  dW: 0.00465356  dPhi(Nx/2)(Ny/2)(Nz/2): 0.000106781 Phi A: 0.0630245 Phi B: 0.936961 Phi I: 5.82121e-52
Total charge: -7.87803e-20
etaHat: 124879
208  fE: -3.06193  dfE: 2.5246e-05  dW: 0.00459563  dPhi(Nx/2)(Ny/2)(Nz/2): 0.000107078 Phi A: 0.0630242 Phi B: 0.936959 Phi I: 5.82121e-52
Total charge: -7.87801e-20
etaHat: 124879
209  fE: -3.06191  dfE: 2.32682e-05  dW: 0.00453899  dPhi(Nx/2)(Ny/2)(Nz/2): 0.000106364 Phi A: 0.0630241 Phi B: 0.936957 Phi I: 5.82121e-52
Total charge: -7.87799e-20
etaHat: 124879
210  fE: -3.06189  dfE: 2.0336e-05  dW: 0.00448387  dPhi(Nx/2)(Ny/2)(Nz/2): 0.000104701 Phi A: 0.0630239 Phi B: 0.936957 Phi I: 5.82121e-52
Saving data . . .
Total charge: -7.87799e-20
etaHat: 124879
211  fE: -3.06187  dfE: 1.66959e-05  dW: 0.00443009  dPhi(Nx/2)(Ny/2)(Nz/2): 0.000102195 Phi A: 0.0630239 Phi B: 0.936958 Phi I: 5.82121e-52
Total charge: -7.87799e-20
etaHat: 124879
212  fE: -3.06186  dfE: 1.26036e-05  dW: 0.00437768  dPhi(Nx/2)(Ny/2)(Nz/2): 9.89919e-05 Phi A: 0.0630239 Phi B: 0.936959 Phi I: 5.82121e-52
Total charge: -7.878e-20
etaHat: 124879
213  fE: -3.06185  dfE: 8.31078e-06  dW: 0.0043265  dPhi(Nx/2)(Ny/2)(Nz/2): 9.52621e-05 Phi A: 0.063024 Phi B: 0.936961 Phi I: 5.82121e-52
Total charge: -7.87801e-20
etaHat: 124879
214  fE: -3.06185  dfE: 4.05268e-06  dW: 0.00427626  dPhi(Nx/2)(Ny/2)(Nz/2): 9.11919e-05 Phi A: 0.0630241 Phi B: 0.936964 Phi I: 5.82121e-52
Total charge: -7.87803e-20
etaHat: 124879
215  fE: -3.06185  dfE: 3.82057e-08  dW: 0.00422687  dPhi(Nx/2)(Ny/2)(Nz/2): 8.69719e-05 Phi A: 0.0630242 Phi B: 0.936967 Phi I: 5.82121e-52
Total charge: -7.87804e-20
etaHat: 124879
216  fE: -3.06185  dfE: 3.55778e-06  dW: 0.00417818  dPhi(Nx/2)(Ny/2)(Nz/2): 8.2787e-05 Phi A: 0.0630243 Phi B: 0.93697 Phi I: 5.82121e-52
Total charge: -7.87806e-20
etaHat: 124879
217  fE: -3.06186  dfE: 6.59961e-06  dW: 0.00413013  dPhi(Nx/2)(Ny/2)(Nz/2): 7.88083e-05 Phi A: 0.0630245 Phi B: 0.936973 Phi I: 5.82121e-52
Total charge: -7.87807e-20
etaHat: 124879
218  fE: -3.06187  dfE: 8.99347e-06  dW: 0.00408273  dPhi(Nx/2)(Ny/2)(Nz/2): 7.51849e-05 Phi A: 0.0630246 Phi B: 0.936975 Phi I: 5.82121e-52
Total charge: -7.87808e-20
etaHat: 124879
219  fE: -3.06188  dfE: 1.06877e-05  dW: 0.00403612  dPhi(Nx/2)(Ny/2)(Nz/2): 7.20394e-05 Phi A: 0.0630246 Phi B: 0.936978 Phi I: 5.82121e-52
Total charge: -7.87809e-20
etaHat: 124879
220  fE: -3.06189  dfE: 1.16711e-05  dW: 0.00399035  dPhi(Nx/2)(Ny/2)(Nz/2): 6.94637e-05 Phi A: 0.0630247 Phi B: 0.93698 Phi I: 5.82121e-52
Saving data . . .
Total charge: -7.87809e-20
etaHat: 124879
221  fE: -3.0619  dfE: 1.19688e-05  dW: 0.00394545  dPhi(Nx/2)(Ny/2)(Nz/2): 6.75176e-05 Phi A: 0.0630247 Phi B: 0.936982 Phi I: 5.82121e-52
Total charge: -7.87809e-20
etaHat: 124879
222  fE: -3.06191  dfE: 1.1638e-05  dW: 0.00390142  dPhi(Nx/2)(Ny/2)(Nz/2): 6.62283e-05 Phi A: 0.0630247 Phi B: 0.936983 Phi I: 5.82121e-52
Total charge: -7.87808e-20
etaHat: 124879
223  fE: -3.06192  dfE: 1.07608e-05  dW: 0.00385818  dPhi(Nx/2)(Ny/2)(Nz/2): 6.55925e-05 Phi A: 0.0630247 Phi B: 0.936984 Phi I: 5.82121e-52
Total charge: -7.87808e-20
etaHat: 124879
224  fE: -3.06193  dfE: 9.43843e-06  dW: 0.00381573  dPhi(Nx/2)(Ny/2)(Nz/2): 6.55789e-05 Phi A: 0.0630246 Phi B: 0.936984 Phi I: 5.82121e-52
Total charge: -7.87806e-20
etaHat: 124879
225  fE: -3.06194  dfE: 7.78339e-06  dW: 0.00377397  dPhi(Nx/2)(Ny/2)(Nz/2): 6.61323e-05 Phi A: 0.0630245 Phi B: 0.936984 Phi I: 5.82121e-52
Total charge: -7.87805e-20
etaHat: 124879
226  fE: -3.06195  dfE: 5.9132e-06  dW: 0.00373289  dPhi(Nx/2)(Ny/2)(Nz/2): 6.71783e-05 Phi A: 0.0630244 Phi B: 0.936984 Phi I: 5.82121e-52
Total charge: -7.87803e-20
etaHat: 124879
227  fE: -3.06195  dfE: 3.94375e-06  dW: 0.00369239  dPhi(Nx/2)(Ny/2)(Nz/2): 6.86281e-05 Phi A: 0.0630243 Phi B: 0.936983 Phi I: 5.82121e-52
Total charge: -7.87802e-20
etaHat: 124879
228  fE: -3.06195  dfE: 1.98376e-06  dW: 0.00365246  dPhi(Nx/2)(Ny/2)(Nz/2): 7.03846e-05 Phi A: 0.0630241 Phi B: 0.936982 Phi I: 5.82121e-52
Total charge: -7.878e-20
etaHat: 124879
229  fE: -3.06195  dfE: 1.30091e-07  dW: 0.00361304  dPhi(Nx/2)(Ny/2)(Nz/2): 7.23469e-05 Phi A: 0.063024 Phi B: 0.93698 Phi I: 5.82121e-52
Total charge: -7.87798e-20
etaHat: 124879
230  fE: -3.06195  dfE: 1.53585e-06  dW: 0.00357409  dPhi(Nx/2)(Ny/2)(Nz/2): 7.44153e-05 Phi A: 0.0630238 Phi B: 0.936979 Phi I: 5.82121e-52
Saving data . . .
Total charge: -7.87796e-20
etaHat: 124879
231  fE: -3.06195  dfE: 2.95056e-06  dW: 0.0035356  dPhi(Nx/2)(Ny/2)(Nz/2): 7.64961e-05 Phi A: 0.0630237 Phi B: 0.936978 Phi I: 5.82121e-52
Total charge: -7.87795e-20
etaHat: 124879
232  fE: -3.06194  dfE: 4.06973e-06  dW: 0.00349754  dPhi(Nx/2)(Ny/2)(Nz/2): 7.85043e-05 Phi A: 0.0630236 Phi B: 0.936977 Phi I: 5.82121e-52
Total charge: -7.87793e-20
etaHat: 124879
233  fE: -3.06194  dfE: 4.86843e-06  dW: 0.00345991  dPhi(Nx/2)(Ny/2)(Nz/2): 8.03672e-05 Phi A: 0.0630235 Phi B: 0.936975 Phi I: 5.82121e-52
Total charge: -7.87792e-20
etaHat: 124879
234  fE: -3.06193  dfE: 5.34037e-06  dW: 0.00342273  dPhi(Nx/2)(Ny/2)(Nz/2): 8.20259e-05 Phi A: 0.0630234 Phi B: 0.936975 Phi I: 5.82121e-52
Total charge: -7.87791e-20
etaHat: 124879
235  fE: -3.06193  dfE: 5.49621e-06  dW: 0.00338607  dPhi(Nx/2)(Ny/2)(Nz/2): 8.34365e-05 Phi A: 0.0630233 Phi B: 0.936974 Phi I: 5.82121e-52
Total charge: -7.8779e-20
etaHat: 124879
236  fE: -3.06192  dfE: 5.36127e-06  dW: 0.00334991  dPhi(Nx/2)(Ny/2)(Nz/2): 8.45704e-05 Phi A: 0.0630232 Phi B: 0.936973 Phi I: 5.82121e-52
Total charge: -7.8779e-20
etaHat: 124879
237  fE: -3.06192  dfE: 4.97274e-06  dW: 0.00331424  dPhi(Nx/2)(Ny/2)(Nz/2): 8.54135e-05 Phi A: 0.0630232 Phi B: 0.936973 Phi I: 5.82121e-52
Total charge: -7.87789e-20
etaHat: 124879
238  fE: -3.06191  dfE: 4.37658e-06  dW: 0.00327913  dPhi(Nx/2)(Ny/2)(Nz/2): 8.59656e-05 Phi A: 0.0630231 Phi B: 0.936973 Phi I: 5.82121e-52
Total charge: -7.87789e-20
etaHat: 124879
239  fE: -3.06191  dfE: 3.62429e-06  dW: 0.00324461  dPhi(Nx/2)(Ny/2)(Nz/2): 8.62382e-05 Phi A: 0.0630231 Phi B: 0.936973 Phi I: 5.82121e-52
Total charge: -7.87789e-20
etaHat: 124879
240  fE: -3.06191  dfE: 2.76978e-06  dW: 0.00321063  dPhi(Nx/2)(Ny/2)(Nz/2): 8.62529e-05 Phi A: 0.0630231 Phi B: 0.936973 Phi I: 5.82121e-52
Saving data . . .
Total charge: -7.87789e-20
etaHat: 124879
241  fE: -3.0619  dfE: 1.86641e-06  dW: 0.00317717  dPhi(Nx/2)(Ny/2)(Nz/2): 8.60389e-05 Phi A: 0.0630231 Phi B: 0.936974 Phi I: 5.82121e-52
Total charge: -7.87789e-20
etaHat: 124879
242  fE: -3.0619  dfE: 9.64385e-07  dW: 0.0031442  dPhi(Nx/2)(Ny/2)(Nz/2): 8.56305e-05 Phi A: 0.0630231 Phi B: 0.936974 Phi I: 5.82121e-52
Total charge: -7.87789e-20
etaHat: 124879
243  fE: -3.0619  dfE: 1.08597e-07  dW: 0.00311171  dPhi(Nx/2)(Ny/2)(Nz/2): 8.50652e-05 Phi A: 0.0630232 Phi B: 0.936975 Phi I: 5.82121e-52
Total charge: -7.8779e-20
etaHat: 124879
244  fE: -3.0619  dfE: 6.63078e-07  dW: 0.00307971  dPhi(Nx/2)(Ny/2)(Nz/2): 8.43811e-05 Phi A: 0.0630232 Phi B: 0.936975 Phi I: 5.82121e-52
Total charge: -7.8779e-20
etaHat: 124879
245  fE: -3.06191  dfE: 1.32093e-06  dW: 0.00304816  dPhi(Nx/2)(Ny/2)(Nz/2): 8.3615e-05 Phi A: 0.0630232 Phi B: 0.936976 Phi I: 5.82121e-52
Total charge: -7.8779e-20
etaHat: 124879
246  fE: -3.06191  dfE: 1.84403e-06  dW: 0.00301706  dPhi(Nx/2)(Ny/2)(Nz/2): 8.28009e-05 Phi A: 0.0630232 Phi B: 0.936977 Phi I: 5.82121e-52
Total charge: -7.8779e-20
etaHat: 124879
247  fE: -3.06191  dfE: 2.22039e-06  dW: 0.00298639  dPhi(Nx/2)(Ny/2)(Nz/2): 8.19685e-05 Phi A: 0.0630232 Phi B: 0.936977 Phi I: 5.82121e-52
Total charge: -7.8779e-20
etaHat: 124879
248  fE: -3.06191  dfE: 2.44659e-06  dW: 0.00295614  dPhi(Nx/2)(Ny/2)(Nz/2): 8.11424e-05 Phi A: 0.0630232 Phi B: 0.936978 Phi I: 5.82121e-52
Total charge: -7.8779e-20
etaHat: 124879
249  fE: -3.06191  dfE: 2.52705e-06  dW: 0.00292631  dPhi(Nx/2)(Ny/2)(Nz/2): 8.03411e-05 Phi A: 0.0630232 Phi B: 0.936978 Phi I: 5.82121e-52
Total charge: -7.8779e-20
etaHat: 124879
250  fE: -3.06192  dfE: 2.47303e-06  dW: 0.00289689  dPhi(Nx/2)(Ny/2)(Nz/2): 7.95777e-05 Phi A: 0.0630232 Phi B: 0.936978 Phi I: 5.82121e-52
Saving data . . .
Total charge: -7.8779e-20
etaHat: 124879
251  fE: -3.06192  dfE: 2.30131e-06  dW: 0.00286789  dPhi(Nx/2)(Ny/2)(Nz/2): 7.88592e-05 Phi A: 0.0630232 Phi B: 0.936979 Phi I: 5.82121e-52
Total charge: -7.8779e-20
etaHat: 124879
252  fE: -3.06192  dfE: 2.03278e-06  dW: 0.00283928  dPhi(Nx/2)(Ny/2)(Nz/2): 7.81872e-05 Phi A: 0.0630232 Phi B: 0.936979 Phi I: 5.82121e-52
Total charge: -7.8779e-20
etaHat: 124879
253  fE: -3.06192  dfE: 1.69099e-06  dW: 0.00281104  dPhi(Nx/2)(Ny/2)(Nz/2): 7.75588e-05 Phi A: 0.0630232 Phi B: 0.936979 Phi I: 5.82121e-52
Total charge: -7.87789e-20
etaHat: 124879
254  fE: -3.06192  dfE: 1.30067e-06  dW: 0.00278317  dPhi(Nx/2)(Ny/2)(Nz/2): 7.69671e-05 Phi A: 0.0630232 Phi B: 0.936979 Phi I: 5.82121e-52
Total charge: -7.87789e-20
etaHat: 124879
255  fE: -3.06193  dfE: 8.86399e-07  dW: 0.00275565  dPhi(Nx/2)(Ny/2)(Nz/2): 7.64024e-05 Phi A: 0.0630231 Phi B: 0.936978 Phi I: 5.82121e-52
Total charge: -7.87789e-20
etaHat: 124879
256  fE: -3.06193  dfE: 4.71352e-07  dW: 0.00272847  dPhi(Nx/2)(Ny/2)(Nz/2): 7.58531e-05 Phi A: 0.0630231 Phi B: 0.936978 Phi I: 5.82121e-52
Total charge: -7.87788e-20
etaHat: 124879
257  fE: -3.06193  dfE: 7.6335e-08  dW: 0.00270161  dPhi(Nx/2)(Ny/2)(Nz/2): 7.53065e-05 Phi A: 0.0630231 Phi B: 0.936978 Phi I: 5.82121e-52
Total charge: -7.87788e-20
etaHat: 124879
258  fE: -3.06193  dfE: 2.81032e-07  dW: 0.00267507  dPhi(Nx/2)(Ny/2)(Nz/2): 7.47502e-05 Phi A: 0.063023 Phi B: 0.936978 Phi I: 5.82121e-52
Total charge: -7.87787e-20
etaHat: 124879
259  fE: -3.06192  dfE: 5.86851e-07  dW: 0.00264887  dPhi(Nx/2)(Ny/2)(Nz/2): 7.41725e-05 Phi A: 0.063023 Phi B: 0.936977 Phi I: 5.82121e-52
Total charge: -7.87787e-20
etaHat: 124879
260  fE: -3.06192  dfE: 8.31257e-07  dW: 0.00262299  dPhi(Nx/2)(Ny/2)(Nz/2): 7.35633e-05 Phi A: 0.063023 Phi B: 0.936977 Phi I: 5.82121e-52
Saving data . . .
Total charge: -7.87787e-20
etaHat: 124879
261  fE: -3.06192  dfE: 1.00848e-06  dW: 0.00259742  dPhi(Nx/2)(Ny/2)(Nz/2): 7.29145e-05 Phi A: 0.0630229 Phi B: 0.936977 Phi I: 5.82121e-52
Total charge: -7.87786e-20
etaHat: 124879
262  fE: -3.06192  dfE: 1.11671e-06  dW: 0.00257218  dPhi(Nx/2)(Ny/2)(Nz/2): 7.22206e-05 Phi A: 0.0630229 Phi B: 0.936977 Phi I: 5.82121e-52
Total charge: -7.87786e-20
etaHat: 124879
263  fE: -3.06192  dfE: 1.15778e-06  dW: 0.00254726  dPhi(Nx/2)(Ny/2)(Nz/2): 7.14787e-05 Phi A: 0.0630229 Phi B: 0.936977 Phi I: 5.82121e-52
Total charge: -7.87786e-20
etaHat: 124879
264  fE: -3.06192  dfE: 1.13666e-06  dW: 0.00252266  dPhi(Nx/2)(Ny/2)(Nz/2): 7.06884e-05 Phi A: 0.0630229 Phi B: 0.936976 Phi I: 5.82121e-52
Total charge: -7.87786e-20
etaHat: 124879
265  fE: -3.06192  dfE: 1.06092e-06  dW: 0.00249839  dPhi(Nx/2)(Ny/2)(Nz/2): 6.98521e-05 Phi A: 0.0630229 Phi B: 0.936976 Phi I: 5.82121e-52
Total charge: -7.87786e-20
etaHat: 124879
266  fE: -3.06192  dfE: 9.40072e-07  dW: 0.00247443  dPhi(Nx/2)(Ny/2)(Nz/2): 6.89744e-05 Phi A: 0.0630229 Phi B: 0.936976 Phi I: 5.82121e-52
Total charge: -7.87786e-20
etaHat: 124879
267  fE: -3.06192  dfE: 7.84867e-07  dW: 0.00245077  dPhi(Nx/2)(Ny/2)(Nz/2): 6.8062e-05 Phi A: 0.0630228 Phi B: 0.936976 Phi I: 5.82121e-52
Total charge: -7.87786e-20
etaHat: 124879
268  fE: -3.06192  dfE: 6.06653e-07  dW: 0.0024274  dPhi(Nx/2)(Ny/2)(Nz/2): 6.71229e-05 Phi A: 0.0630228 Phi B: 0.936976 Phi I: 5.82121e-52
Total charge: -7.87786e-20
etaHat: 124879
269  fE: -3.06192  dfE: 4.16737e-07  dW: 0.00240432  dPhi(Nx/2)(Ny/2)(Nz/2): 6.61665e-05 Phi A: 0.0630228 Phi B: 0.936976 Phi I: 5.82121e-52
Total charge: -7.87786e-20
etaHat: 124879
270  fE: -3.06192  dfE: 2.25826e-07  dW: 0.00238152  dPhi(Nx/2)(Ny/2)(Nz/2): 6.52026e-05 Phi A: 0.0630228 Phi B: 0.936977 Phi I: 5.82121e-52
Saving data . . .
Total charge: -7.87786e-20
etaHat: 124879
271  fE: -3.06192  dfE: 4.35551e-08  dW: 0.002359  dPhi(Nx/2)(Ny/2)(Nz/2): 6.42411e-05 Phi A: 0.0630228 Phi B: 0.936977 Phi I: 5.82121e-52
Total charge: -7.87786e-20
etaHat: 124879
272  fE: -3.06192  dfE: 1.21881e-07  dW: 0.00233676  dPhi(Nx/2)(Ny/2)(Nz/2): 6.32917e-05 Phi A: 0.0630229 Phi B: 0.936977 Phi I: 5.82121e-52
Total charge: -7.87786e-20
etaHat: 124879
273  fE: -3.06192  dfE: 2.63986e-07  dW: 0.0023148  dPhi(Nx/2)(Ny/2)(Nz/2): 6.23632e-05 Phi A: 0.0630229 Phi B: 0.936977 Phi I: 5.82121e-52
Total charge: -7.87786e-20
etaHat: 124879
274  fE: -3.06192  dfE: 3.78108e-07  dW: 0.0022931  dPhi(Nx/2)(Ny/2)(Nz/2): 6.14636e-05 Phi A: 0.0630229 Phi B: 0.936977 Phi I: 5.82121e-52
Total charge: -7.87786e-20
etaHat: 124879
275  fE: -3.06192  dfE: 4.6148e-07  dW: 0.00227165  dPhi(Nx/2)(Ny/2)(Nz/2): 6.05994e-05 Phi A: 0.0630229 Phi B: 0.936977 Phi I: 5.82121e-52
Total charge: -7.87786e-20
etaHat: 124879
276  fE: -3.06192  dfE: 5.13161e-07  dW: 0.00225047  dPhi(Nx/2)(Ny/2)(Nz/2): 5.97756e-05 Phi A: 0.0630229 Phi B: 0.936977 Phi I: 5.82121e-52
Total charge: -7.87786e-20
etaHat: 124879
277  fE: -3.06192  dfE: 5.33888e-07  dW: 0.00222954  dPhi(Nx/2)(Ny/2)(Nz/2): 5.89958e-05 Phi A: 0.0630229 Phi B: 0.936977 Phi I: 5.82121e-52
Total charge: -7.87786e-20
etaHat: 124879
278  fE: -3.06192  dfE: 5.25868e-07  dW: 0.00220887  dPhi(Nx/2)(Ny/2)(Nz/2): 5.8262e-05 Phi A: 0.0630229 Phi B: 0.936977 Phi I: 5.82121e-52
Total charge: -7.87786e-20
etaHat: 124879
279  fE: -3.06192  dfE: 4.92511e-07  dW: 0.00218843  dPhi(Nx/2)(Ny/2)(Nz/2): 5.75745e-05 Phi A: 0.0630229 Phi B: 0.936978 Phi I: 5.82121e-52
Total charge: -7.87786e-20
etaHat: 124879
280  fE: -3.06192  dfE: 4.38134e-07  dW: 0.00216824  dPhi(Nx/2)(Ny/2)(Nz/2): 5.69325e-05 Phi A: 0.0630228 Phi B: 0.936978 Phi I: 5.82121e-52
Saving data . . .
Total charge: -7.87786e-20
etaHat: 124879
281  fE: -3.06192  dfE: 3.67653e-07  dW: 0.0021483  dPhi(Nx/2)(Ny/2)(Nz/2): 5.63338e-05 Phi A: 0.0630228 Phi B: 0.936978 Phi I: 5.82121e-52
Total charge: -7.87785e-20
etaHat: 124879
282  fE: -3.06192  dfE: 2.86273e-07  dW: 0.0021286  dPhi(Nx/2)(Ny/2)(Nz/2): 5.57752e-05 Phi A: 0.0630228 Phi B: 0.936978 Phi I: 5.82121e-52
Total charge: -7.87785e-20
etaHat: 124879
283  fE: -3.06192  dfE: 1.99195e-07  dW: 0.00210913  dPhi(Nx/2)(Ny/2)(Nz/2): 5.52528e-05 Phi A: 0.0630228 Phi B: 0.936977 Phi I: 5.82121e-52
Total charge: -7.87785e-20
etaHat: 124879
284  fE: -3.06192  dfE: 1.11363e-07  dW: 0.00208989  dPhi(Nx/2)(Ny/2)(Nz/2): 5.47623e-05 Phi A: 0.0630228 Phi B: 0.936977 Phi I: 5.82121e-52
Total charge: -7.87785e-20
etaHat: 124879
285  fE: -3.06192  dfE: 2.72399e-08  dW: 0.00207088  dPhi(Nx/2)(Ny/2)(Nz/2): 5.42989e-05 Phi A: 0.0630228 Phi B: 0.936977 Phi I: 5.82121e-52
Total charge: -7.87785e-20
etaHat: 124879
286  fE: -3.06192  dfE: 4.93646e-08  dW: 0.0020521  dPhi(Nx/2)(Ny/2)(Nz/2): 5.38579e-05 Phi A: 0.0630228 Phi B: 0.936977 Phi I: 5.82121e-52
Total charge: -7.87785e-20
etaHat: 124879
287  fE: -3.06192  dfE: 1.15414e-07  dW: 0.00203353  dPhi(Nx/2)(Ny/2)(Nz/2): 5.34348e-05 Phi A: 0.0630228 Phi B: 0.936977 Phi I: 5.82121e-52
Total charge: -7.87785e-20
etaHat: 124879
288  fE: -3.06192  dfE: 1.68719e-07  dW: 0.00201519  dPhi(Nx/2)(Ny/2)(Nz/2): 5.30252e-05 Phi A: 0.0630228 Phi B: 0.936977 Phi I: 5.82121e-52
Total charge: -7.87785e-20
etaHat: 124879
289  fE: -3.06192  dfE: 2.07952e-07  dW: 0.00199707  dPhi(Nx/2)(Ny/2)(Nz/2): 5.26255e-05 Phi A: 0.0630228 Phi B: 0.936977 Phi I: 5.82121e-52
Total charge: -7.87785e-20
etaHat: 124879
290  fE: -3.06192  dfE: 2.32631e-07  dW: 0.00197917  dPhi(Nx/2)(Ny/2)(Nz/2): 5.22323e-05 Phi A: 0.0630228 Phi B: 0.936977 Phi I: 5.82121e-52
Saving data . . .
Total charge: -7.87785e-20
etaHat: 124879
291  fE: -3.06192  dfE: 2.43049e-07  dW: 0.00196149  dPhi(Nx/2)(Ny/2)(Nz/2): 5.18433e-05 Phi A: 0.0630228 Phi B: 0.936977 Phi I: 5.82121e-52
Total charge: -7.87785e-20
etaHat: 124879
292  fE: -3.06192  dfE: 2.40179e-07  dW: 0.00194402  dPhi(Nx/2)(Ny/2)(Nz/2): 5.14565e-05 Phi A: 0.0630228 Phi B: 0.936977 Phi I: 5.82121e-52
Total charge: -7.87785e-20
etaHat: 124879
293  fE: -3.06192  dfE: 2.25557e-07  dW: 0.00192674  dPhi(Nx/2)(Ny/2)(Nz/2): 5.10706e-05 Phi A: 0.0630228 Phi B: 0.936977 Phi I: 5.82121e-52
Total charge: -7.87785e-20
etaHat: 124879
294  fE: -3.06192  dfE: 2.01146e-07  dW: 0.00190967  dPhi(Nx/2)(Ny/2)(Nz/2): 5.0685e-05 Phi A: 0.0630228 Phi B: 0.936977 Phi I: 5.82121e-52
Total charge: -7.87785e-20
etaHat: 124879
295  fE: -3.06192  dfE: 1.69189e-07  dW: 0.0018928  dPhi(Nx/2)(Ny/2)(Nz/2): 5.02996e-05 Phi A: 0.0630228 Phi B: 0.936977 Phi I: 5.82121e-52
Total charge: -7.87785e-20
etaHat: 124879
296  fE: -3.06192  dfE: 1.32074e-07  dW: 0.00187613  dPhi(Nx/2)(Ny/2)(Nz/2): 4.99148e-05 Phi A: 0.0630228 Phi B: 0.936977 Phi I: 5.82121e-52
Total charge: -7.87785e-20
etaHat: 124879
297  fE: -3.06192  dfE: 9.21933e-08  dW: 0.00185965  dPhi(Nx/2)(Ny/2)(Nz/2): 4.95313e-05 Phi A: 0.0630228 Phi B: 0.936977 Phi I: 5.82121e-52
Total charge: -7.87785e-20
etaHat: 124879
298  fE: -3.06192  dfE: 5.18288e-08  dW: 0.00184334  dPhi(Nx/2)(Ny/2)(Nz/2): 4.91502e-05 Phi A: 0.0630228 Phi B: 0.936977 Phi I: 5.82121e-52
Total charge: -7.87785e-20
etaHat: 124879
299  fE: -3.06192  dfE: 1.3047e-08  dW: 0.00182722  dPhi(Nx/2)(Ny/2)(Nz/2): 4.87724e-05 Phi A: 0.0630228 Phi B: 0.936977 Phi I: 5.82121e-52
Total charge: -7.87785e-20
etaHat: 124879
300  fE: -3.06192  dfE: 2.23814e-08  dW: 0.00181128  dPhi(Nx/2)(Ny/2)(Nz/2): 4.83993e-05 Phi A: 0.0630228 Phi B: 0.936977 Phi I: 5.82121e-52
Saving data . . .
Total charge: -7.87785e-20
etaHat: 124879
301  fE: -3.06192  dfE: 5.30378e-08  dW: 0.00179552  dPhi(Nx/2)(Ny/2)(Nz/2): 4.8032e-05 Phi A: 0.0630228 Phi B: 0.936977 Phi I: 5.82121e-52
Total charge: -7.87785e-20
etaHat: 124879
302  fE: -3.06192  dfE: 7.78913e-08  dW: 0.00177993  dPhi(Nx/2)(Ny/2)(Nz/2): 4.76715e-05 Phi A: 0.0630228 Phi B: 0.936977 Phi I: 5.82121e-52
Total charge: -7.87785e-20
etaHat: 124879
303  fE: -3.06192  dfE: 9.63078e-08  dW: 0.00176454  dPhi(Nx/2)(Ny/2)(Nz/2): 4.73186e-05 Phi A: 0.0630228 Phi B: 0.936977 Phi I: 5.82121e-52
Total charge: -7.87785e-20
etaHat: 124879
304  fE: -3.06192  dfE: 1.08042e-07  dW: 0.00174932  dPhi(Nx/2)(Ny/2)(Nz/2): 4.69742e-05 Phi A: 0.0630228 Phi B: 0.936977 Phi I: 5.82121e-52
Total charge: -7.87785e-20
etaHat: 124879
305  fE: -3.06192  dfE: 1.13206e-07  dW: 0.00173426  dPhi(Nx/2)(Ny/2)(Nz/2): 4.66385e-05 Phi A: 0.0630228 Phi B: 0.936977 Phi I: 5.82121e-52
Total charge: -7.87784e-20
etaHat: 124879
306  fE: -3.06192  dfE: 1.12231e-07  dW: 0.00171937  dPhi(Nx/2)(Ny/2)(Nz/2): 4.63116e-05 Phi A: 0.0630228 Phi B: 0.936977 Phi I: 5.82121e-52
Total charge: -7.87784e-20
etaHat: 124879
307  fE: -3.06192  dfE: 1.05807e-07  dW: 0.00170465  dPhi(Nx/2)(Ny/2)(Nz/2): 4.59936e-05 Phi A: 0.0630228 Phi B: 0.936977 Phi I: 5.82121e-52
Total charge: -7.87784e-20
etaHat: 124879
308  fE: -3.06192  dfE: 9.4824e-08  dW: 0.00169008  dPhi(Nx/2)(Ny/2)(Nz/2): 4.5684e-05 Phi A: 0.0630228 Phi B: 0.936977 Phi I: 5.82121e-52
Total charge: -7.87784e-20
etaHat: 124879
309  fE: -3.06192  dfE: 8.03082e-08  dW: 0.00167566  dPhi(Nx/2)(Ny/2)(Nz/2): 4.53822e-05 Phi A: 0.0630228 Phi B: 0.936977 Phi I: 5.82121e-52
Total charge: -7.87784e-20
etaHat: 124879
310  fE: -3.06192  dfE: 6.3353e-08  dW: 0.0016614  dPhi(Nx/2)(Ny/2)(Nz/2): 4.50876e-05 Phi A: 0.0630228 Phi B: 0.936977 Phi I: 5.82121e-52
Saving data . . .
Total charge: -7.87784e-20
etaHat: 124879
311  fE: -3.06192  dfE: 4.50597e-08  dW: 0.00164729  dPhi(Nx/2)(Ny/2)(Nz/2): 4.47992e-05 Phi A: 0.0630228 Phi B: 0.936977 Phi I: 5.82121e-52
Total charge: -7.87784e-20
etaHat: 124879
312  fE: -3.06192  dfE: 2.64808e-08  dW: 0.00163333  dPhi(Nx/2)(Ny/2)(Nz/2): 4.45162e-05 Phi A: 0.0630228 Phi B: 0.936977 Phi I: 5.82121e-52
Total charge: -7.87784e-20
etaHat: 124879
313  fE: -3.06192  dfE: 8.57321e-09  dW: 0.00161953  dPhi(Nx/2)(Ny/2)(Nz/2): 4.42374e-05 Phi A: 0.0630227 Phi B: 0.936977 Phi I: 5.82121e-52
Total charge: -7.87784e-20
etaHat: 124879
314  fE: -3.06192  dfE: 7.84026e-09  dW: 0.00160588  dPhi(Nx/2)(Ny/2)(Nz/2): 4.3962e-05 Phi A: 0.0630227 Phi B: 0.936977 Phi I: 5.82121e-52
Total charge: -7.87784e-20
etaHat: 124879
315  fE: -3.06192  dfE: 2.20974e-08  dW: 0.00159239  dPhi(Nx/2)(Ny/2)(Nz/2): 4.36889e-05 Phi A: 0.0630227 Phi B: 0.936977 Phi I: 5.82121e-52
Total charge: -7.87784e-20
etaHat: 124879
316  fE: -3.06192  dfE: 3.37129e-08  dW: 0.00157904  dPhi(Nx/2)(Ny/2)(Nz/2): 4.34174e-05 Phi A: 0.0630227 Phi B: 0.936977 Phi I: 5.82121e-52
Total charge: -7.87784e-20
etaHat: 124879
317  fE: -3.06192  dfE: 4.23843e-08  dW: 0.00156583  dPhi(Nx/2)(Ny/2)(Nz/2): 4.31465e-05 Phi A: 0.0630227 Phi B: 0.936977 Phi I: 5.82121e-52
Total charge: -7.87784e-20
etaHat: 124879
318  fE: -3.06192  dfE: 4.79876e-08  dW: 0.00155276  dPhi(Nx/2)(Ny/2)(Nz/2): 4.28758e-05 Phi A: 0.0630227 Phi B: 0.936977 Phi I: 5.82121e-52
Total charge: -7.87784e-20
etaHat: 124879
319  fE: -3.06192  dfE: 5.05652e-08  dW: 0.00153982  dPhi(Nx/2)(Ny/2)(Nz/2): 4.26046e-05 Phi A: 0.0630227 Phi B: 0.936977 Phi I: 5.82121e-52
Total charge: -7.87784e-20
etaHat: 124879
320  fE: -3.06192  dfE: 5.03058e-08  dW: 0.00152702  dPhi(Nx/2)(Ny/2)(Nz/2): 4.23327e-05 Phi A: 0.0630227 Phi B: 0.936977 Phi I: 5.82121e-52
Saving data . . .
Total charge: -7.87784e-20
etaHat: 124879
321  fE: -3.06192  dfE: 4.75201e-08  dW: 0.00151436  dPhi(Nx/2)(Ny/2)(Nz/2): 4.20597e-05 Phi A: 0.0630227 Phi B: 0.936977 Phi I: 5.82121e-52
Total charge: -7.87784e-20
etaHat: 124879
322  fE: -3.06192  dfE: 4.26124e-08  dW: 0.00150182  dPhi(Nx/2)(Ny/2)(Nz/2): 4.17856e-05 Phi A: 0.0630227 Phi B: 0.936977 Phi I: 5.82121e-52
Total charge: -7.87784e-20
etaHat: 124879
323  fE: -3.06192  dfE: 3.60505e-08  dW: 0.00148942  dPhi(Nx/2)(Ny/2)(Nz/2): 4.15104e-05 Phi A: 0.0630227 Phi B: 0.936977 Phi I: 5.82121e-52
Total charge: -7.87784e-20
etaHat: 124879
324  fE: -3.06192  dfE: 2.83358e-08  dW: 0.00147714  dPhi(Nx/2)(Ny/2)(Nz/2): 4.12341e-05 Phi A: 0.0630227 Phi B: 0.936977 Phi I: 5.82121e-52
Total charge: -7.87784e-20
etaHat: 124879
325  fE: -3.06192  dfE: 1.99747e-08  dW: 0.00146499  dPhi(Nx/2)(Ny/2)(Nz/2): 4.09571e-05 Phi A: 0.0630227 Phi B: 0.936977 Phi I: 5.82121e-52
Total charge: -7.87784e-20
etaHat: 124879
326  fE: -3.06192  dfE: 1.1453e-08  dW: 0.00145296  dPhi(Nx/2)(Ny/2)(Nz/2): 4.06794e-05 Phi A: 0.0630227 Phi B: 0.936977 Phi I: 5.82121e-52
Total charge: -7.87784e-20
etaHat: 124879
327  fE: -3.06192  dfE: 3.21324e-09  dW: 0.00144106  dPhi(Nx/2)(Ny/2)(Nz/2): 4.04015e-05 Phi A: 0.0630227 Phi B: 0.936977 Phi I: 5.82121e-52
Total charge: -7.87784e-20
etaHat: 124879
328  fE: -3.06192  dfE: 4.36204e-09  dW: 0.00142928  dPhi(Nx/2)(Ny/2)(Nz/2): 4.01236e-05 Phi A: 0.0630227 Phi B: 0.936977 Phi I: 5.82121e-52
Total charge: -7.87784e-20
etaHat: 124879
329  fE: -3.06192  dfE: 1.09637e-08  dW: 0.00141762  dPhi(Nx/2)(Ny/2)(Nz/2): 3.98459e-05 Phi A: 0.0630227 Phi B: 0.936977 Phi I: 5.82121e-52
Total charge: -7.87784e-20
etaHat: 124879
330  fE: -3.06192  dfE: 1.63638e-08  dW: 0.00140607  dPhi(Nx/2)(Ny/2)(Nz/2): 3.95688e-05 Phi A: 0.0630227 Phi B: 0.936977 Phi I: 5.82121e-52
Saving data . . .
Total charge: -7.87784e-20
etaHat: 124879
331  fE: -3.06192  dfE: 2.04179e-08  dW: 0.00139464  dPhi(Nx/2)(Ny/2)(Nz/2): 3.92926e-05 Phi A: 0.0630227 Phi B: 0.936977 Phi I: 5.82121e-52
Total charge: -7.87784e-20
etaHat: 124879
332  fE: -3.06192  dfE: 2.30641e-08  dW: 0.00138332  dPhi(Nx/2)(Ny/2)(Nz/2): 3.90173e-05 Phi A: 0.0630227 Phi B: 0.936977 Phi I: 5.82121e-52
Total charge: -7.87784e-20
etaHat: 124879
333  fE: -3.06192  dfE: 2.43173e-08  dW: 0.00137211  dPhi(Nx/2)(Ny/2)(Nz/2): 3.87433e-05 Phi A: 0.0630227 Phi B: 0.936977 Phi I: 5.82121e-52
Total charge: -7.87784e-20
etaHat: 124879
334  fE: -3.06192  dfE: 2.42603e-08  dW: 0.00136101  dPhi(Nx/2)(Ny/2)(Nz/2): 3.84705e-05 Phi A: 0.0630227 Phi B: 0.936977 Phi I: 5.82121e-52
Total charge: -7.87784e-20
etaHat: 124879
335  fE: -3.06192  dfE: 2.30326e-08  dW: 0.00135003  dPhi(Nx/2)(Ny/2)(Nz/2): 3.81992e-05 Phi A: 0.0630227 Phi B: 0.936977 Phi I: 5.82121e-52
Total charge: -7.87784e-20
etaHat: 124879
336  fE: -3.06192  dfE: 2.08176e-08  dW: 0.00133916  dPhi(Nx/2)(Ny/2)(Nz/2): 3.79292e-05 Phi A: 0.0630227 Phi B: 0.936977 Phi I: 5.82121e-52
Total charge: -7.87784e-20
etaHat: 124879
337  fE: -3.06192  dfE: 1.78289e-08  dW: 0.00132841  dPhi(Nx/2)(Ny/2)(Nz/2): 3.76606e-05 Phi A: 0.0630227 Phi B: 0.936977 Phi I: 5.82121e-52
Total charge: -7.87784e-20
etaHat: 124879
338  fE: -3.06192  dfE: 1.42961e-08  dW: 0.00131775  dPhi(Nx/2)(Ny/2)(Nz/2): 3.73933e-05 Phi A: 0.0630227 Phi B: 0.936977 Phi I: 5.82121e-52
Total charge: -7.87784e-20
etaHat: 124879
339  fE: -3.06192  dfE: 1.04522e-08  dW: 0.0013072  dPhi(Nx/2)(Ny/2)(Nz/2): 3.71273e-05 Phi A: 0.0630227 Phi B: 0.936977 Phi I: 5.82121e-52
Total charge: -7.87784e-20
etaHat: 124879
340  fE: -3.06192  dfE: 6.52102e-09  dW: 0.00129676  dPhi(Nx/2)(Ny/2)(Nz/2): 3.68626e-05 Phi A: 0.0630227 Phi B: 0.936977 Phi I: 5.82121e-52
Saving data . . .
Total charge: -7.87784e-20
etaHat: 124879
341  fE: -3.06192  dfE: 2.70763e-09  dW: 0.00128643  dPhi(Nx/2)(Ny/2)(Nz/2): 3.65989e-05 Phi A: 0.0630227 Phi B: 0.936977 Phi I: 5.82121e-52
Total charge: -7.87784e-20
etaHat: 124879
342  fE: -3.06192  dfE: 8.1039e-10  dW: 0.00127619  dPhi(Nx/2)(Ny/2)(Nz/2): 3.63364e-05 Phi A: 0.0630227 Phi B: 0.936977 Phi I: 5.82121e-52
Total charge: -7.87784e-20
etaHat: 124879
343  fE: -3.06192  dfE: 3.88894e-09  dW: 0.00126605  dPhi(Nx/2)(Ny/2)(Nz/2): 3.60749e-05 Phi A: 0.0630227 Phi B: 0.936977 Phi I: 5.82121e-52
Total charge: -7.87784e-20
etaHat: 124879
344  fE: -3.06192  dfE: 6.42066e-09  dW: 0.00125601  dPhi(Nx/2)(Ny/2)(Nz/2): 3.58143e-05 Phi A: 0.0630227 Phi B: 0.936977 Phi I: 5.82121e-52
Total charge: -7.87784e-20
etaHat: 124879
345  fE: -3.06192  dfE: 8.33694e-09  dW: 0.00124607  dPhi(Nx/2)(Ny/2)(Nz/2): 3.55547e-05 Phi A: 0.0630227 Phi B: 0.936977 Phi I: 5.82121e-52
Total charge: -7.87784e-20
etaHat: 124879
346  fE: -3.06192  dfE: 9.60704e-09  dW: 0.00123623  dPhi(Nx/2)(Ny/2)(Nz/2): 3.52962e-05 Phi A: 0.0630227 Phi B: 0.936977 Phi I: 5.82121e-52
Total charge: -7.87784e-20
etaHat: 124879
347  fE: -3.06192  dfE: 1.02356e-08  dW: 0.00122648  dPhi(Nx/2)(Ny/2)(Nz/2): 3.50386e-05 Phi A: 0.0630227 Phi B: 0.936977 Phi I: 5.82121e-52
Total charge: -7.87784e-20
etaHat: 124879
348  fE: -3.06192  dfE: 1.02589e-08  dW: 0.00121684  dPhi(Nx/2)(Ny/2)(Nz/2): 3.47822e-05 Phi A: 0.0630227 Phi B: 0.936977 Phi I: 5.82121e-52
Total charge: -7.87784e-20
etaHat: 124879
349  fE: -3.06192  dfE: 9.73948e-09  dW: 0.00120728  dPhi(Nx/2)(Ny/2)(Nz/2): 3.45269e-05 Phi A: 0.0630227 Phi B: 0.936977 Phi I: 5.82121e-52
Total charge: -7.87784e-20
etaHat: 124879
350  fE: -3.06192  dfE: 8.76063e-09  dW: 0.00119781  dPhi(Nx/2)(Ny/2)(Nz/2): 3.4273e-05 Phi A: 0.0630227 Phi B: 0.936977 Phi I: 5.82121e-52
Saving data . . .
Total charge: -7.87784e-20
etaHat: 124879
351  fE: -3.06192  dfE: 7.41965e-09  dW: 0.00118844  dPhi(Nx/2)(Ny/2)(Nz/2): 3.40205e-05 Phi A: 0.0630227 Phi B: 0.936977 Phi I: 5.82121e-52
Total charge: -7.87784e-20
etaHat: 124879
352  fE: -3.06192  dfE: 5.82187e-09  dW: 0.00117916  dPhi(Nx/2)(Ny/2)(Nz/2): 3.37697e-05 Phi A: 0.0630227 Phi B: 0.936977 Phi I: 5.82121e-52
Total charge: -7.87784e-20
etaHat: 124879
353  fE: -3.06192  dfE: 4.07429e-09  dW: 0.00116997  dPhi(Nx/2)(Ny/2)(Nz/2): 3.35206e-05 Phi A: 0.0630227 Phi B: 0.936977 Phi I: 5.82121e-52
Total charge: -7.87784e-20
etaHat: 124879
354  fE: -3.06192  dfE: 2.28019e-09  dW: 0.00116087  dPhi(Nx/2)(Ny/2)(Nz/2): 3.32734e-05 Phi A: 0.0630227 Phi B: 0.936977 Phi I: 5.82121e-52
Total charge: -7.87784e-20
etaHat: 124879
355  fE: -3.06192  dfE: 5.34436e-10  dW: 0.00115186  dPhi(Nx/2)(Ny/2)(Nz/2): 3.30284e-05 Phi A: 0.0630227 Phi B: 0.936977 Phi I: 5.82121e-52
Total charge: -7.87784e-20
etaHat: 124879
356  fE: -3.06192  dfE: 1.08055e-09  dW: 0.00114293  dPhi(Nx/2)(Ny/2)(Nz/2): 3.27856e-05 Phi A: 0.0630227 Phi B: 0.936977 Phi I: 5.82121e-52
Total charge: -7.87784e-20
etaHat: 124879
357  fE: -3.06192  dfE: 2.49743e-09  dW: 0.00113409  dPhi(Nx/2)(Ny/2)(Nz/2): 3.25451e-05 Phi A: 0.0630227 Phi B: 0.936977 Phi I: 5.82121e-52
Total charge: -7.87784e-20
etaHat: 124879
358  fE: -3.06192  dfE: 3.66596e-09  dW: 0.00112534  dPhi(Nx/2)(Ny/2)(Nz/2): 3.23071e-05 Phi A: 0.0630227 Phi B: 0.936977 Phi I: 5.82121e-52
Total charge: -7.87784e-20
etaHat: 124879
359  fE: -3.06192  dfE: 4.55334e-09  dW: 0.00111667  dPhi(Nx/2)(Ny/2)(Nz/2): 3.20717e-05 Phi A: 0.0630227 Phi B: 0.936977 Phi I: 5.82121e-52
Total charge: -7.87784e-20
etaHat: 124879
360  fE: -3.06192  dfE: 5.14449e-09  dW: 0.00110808  dPhi(Nx/2)(Ny/2)(Nz/2): 3.1839e-05 Phi A: 0.0630227 Phi B: 0.936977 Phi I: 5.82121e-52
Saving data . . .
Total charge: -7.87784e-20
etaHat: 124879
361  fE: -3.06192  dfE: 5.4405e-09  dW: 0.00109957  dPhi(Nx/2)(Ny/2)(Nz/2): 3.1609e-05 Phi A: 0.0630227 Phi B: 0.936977 Phi I: 5.82121e-52
Total charge: -7.87784e-20
etaHat: 124879
362  fE: -3.06192  dfE: 5.4572e-09  dW: 0.00109115  dPhi(Nx/2)(Ny/2)(Nz/2): 3.13817e-05 Phi A: 0.0630227 Phi B: 0.936977 Phi I: 5.82121e-52
Total charge: -7.87784e-20
etaHat: 124879
363  fE: -3.06192  dfE: 5.22259e-09  dW: 0.0010828  dPhi(Nx/2)(Ny/2)(Nz/2): 3.11572e-05 Phi A: 0.0630227 Phi B: 0.936977 Phi I: 5.82121e-52
Total charge: -7.87784e-20
etaHat: 124879
364  fE: -3.06192  dfE: 4.77456e-09  dW: 0.00107453  dPhi(Nx/2)(Ny/2)(Nz/2): 3.09354e-05 Phi A: 0.0630227 Phi B: 0.936977 Phi I: 5.82121e-52
Total charge: -7.87784e-20
etaHat: 124879
365  fE: -3.06192  dfE: 4.15736e-09  dW: 0.00106634  dPhi(Nx/2)(Ny/2)(Nz/2): 3.07162e-05 Phi A: 0.0630227 Phi B: 0.936977 Phi I: 5.82121e-52
Total charge: -7.87784e-20
etaHat: 124879
366  fE: -3.06192  dfE: 3.4192e-09  dW: 0.00105823  dPhi(Nx/2)(Ny/2)(Nz/2): 3.04997e-05 Phi A: 0.0630227 Phi B: 0.936977 Phi I: 5.82121e-52
Total charge: -7.87784e-20
etaHat: 124879
367  fE: -3.06192  dfE: 2.60935e-09  dW: 0.0010502  dPhi(Nx/2)(Ny/2)(Nz/2): 3.02856e-05 Phi A: 0.0630227 Phi B: 0.936977 Phi I: 5.82121e-52
Total charge: -7.87784e-20
etaHat: 124879
368  fE: -3.06192  dfE: 1.77537e-09  dW: 0.00104224  dPhi(Nx/2)(Ny/2)(Nz/2): 3.00741e-05 Phi A: 0.0630227 Phi B: 0.936977 Phi I: 5.82121e-52
Total charge: -7.87784e-20
etaHat: 124879
369  fE: -3.06192  dfE: 9.6119e-10  dW: 0.00103436  dPhi(Nx/2)(Ny/2)(Nz/2): 2.98648e-05 Phi A: 0.0630227 Phi B: 0.936977 Phi I: 5.82121e-52
Total charge: -7.87784e-20
etaHat: 124879
370  fE: -3.06192  dfE: 2.05e-10  dW: 0.00102654  dPhi(Nx/2)(Ny/2)(Nz/2): 2.96578e-05 Phi A: 0.0630227 Phi B: 0.936977 Phi I: 5.82121e-52
Saving data . . .
Total charge: -7.87784e-20
etaHat: 124879
371  fE: -3.06192  dfE: 4.61737e-10  dW: 0.0010188  dPhi(Nx/2)(Ny/2)(Nz/2): 2.9453e-05 Phi A: 0.0630227 Phi B: 0.936977 Phi I: 5.82121e-52
Total charge: -7.87784e-20
etaHat: 124879
372  fE: -3.06192  dfE: 1.01548e-09  dW: 0.00101113  dPhi(Nx/2)(Ny/2)(Nz/2): 2.92501e-05 Phi A: 0.0630227 Phi B: 0.936977 Phi I: 5.82121e-52
Total charge: -7.87784e-20
etaHat: 124879
373  fE: -3.06192  dfE: 1.44065e-09  dW: 0.00100352  dPhi(Nx/2)(Ny/2)(Nz/2): 2.90491e-05 Phi A: 0.0630227 Phi B: 0.936977 Phi I: 5.82121e-52
Total charge: -7.87784e-20
etaHat: 124879
374  fE: -3.06192  dfE: 1.72977e-09  dW: 0.000995986  dPhi(Nx/2)(Ny/2)(Nz/2): 2.88499e-05 Phi A: 0.0630227 Phi B: 0.936977 Phi I: 5.82121e-52
Saving data . . .
