Total charge: 124877
etaHat: 124877
0  fE: -9366.61  dfE: 9466.61  dW: 15.3636  dPhi(Nx/2)(Ny/2)(Nz/2): -4.11389 Phi A: 0.607494 Phi B: 4.48374 Phi I: 999.016
Saving data . . .
Total charge: 1.59566
etaHat: 124879
1  fE: -25221  dfE: 15854.4  dW: 19.3054  dPhi(Nx/2)(Ny/2)(Nz/2): -2.32335 Phi A: 0.338101 Phi B: 2.97107 Phi I: 0.0127653
Total charge: 1.53866e-18
etaHat: 124879
2  fE: -19.1016  dfE: 25201.9  dW: 20.5303  dPhi(Nx/2)(Ny/2)(Nz/2): -1.19223 Phi A: 0.20202 Phi B: 1.98127 Phi I: 1.43295e-20
Total charge: -1.61412e-19
etaHat: 124879
3  fE: -13.5908  dfE: 5.51087  dW: 20.1403  dPhi(Nx/2)(Ny/2)(Nz/2): -0.48756 Phi A: 0.129129 Phi B: 1.35266 Phi I: 5.82336e-52
Total charge: -1.09734e-19
etaHat: 124879
4  fE: -9.5718  dfE: 4.01897  dW: 18.7936  dPhi(Nx/2)(Ny/2)(Nz/2): -0.0464451 Phi A: 0.0877873 Phi B: 0.954815 Phi I: 5.82135e-52
Total charge: -7.89799e-20
etaHat: 124879
5  fE: -6.81876  dfE: 2.75304  dW: 16.889  dPhi(Nx/2)(Ny/2)(Nz/2): 0.233297 Phi A: 0.0631839 Phi B: 0.700866 Phi I: 5.81956e-52
Total charge: -5.99748e-20
etaHat: 124879
6  fE: -4.96766  dfE: 1.8511  dW: 14.6725  dPhi(Nx/2)(Ny/2)(Nz/2): 0.413432 Phi A: 0.0479798 Phi B: 0.536686 Phi I: 5.81801e-52
Total charge: -4.79206e-20
etaHat: 124879
7  fE: -3.72106  dfE: 1.2466  dW: 12.2989  dPhi(Nx/2)(Ny/2)(Nz/2): 0.530892 Phi A: 0.0383365 Phi B: 0.429353 Phi I: 5.81671e-52
Total charge: -4.01926e-20
etaHat: 124879
8  fE: -2.87163  dfE: 0.849435  dW: 9.86824  dPhi(Nx/2)(Ny/2)(Nz/2): 0.60779 Phi A: 0.032154 Phi B: 0.358958 Phi I: 5.81566e-52
Total charge: -3.5306e-20
etaHat: 124879
9  fE: -2.28273  dfE: 0.588894  dW: 7.44677  dPhi(Nx/2)(Ny/2)(Nz/2): 0.657423 Phi A: 0.0282448 Phi B: 0.31345 Phi I: 5.81486e-52
Total charge: -3.2406e-20
etaHat: 124879
10  fE: -1.86577  dfE: 0.41696  dW: 5.0804  dPhi(Nx/2)(Ny/2)(Nz/2): 0.687792 Phi A: 0.0259248 Phi B: 0.285549 Phi I: 5.81431e-52
Saving data . . .
Total charge: -3.10039e-20
etaHat: 124879
11  fE: -1.56297  dfE: 0.302798  dW: 2.80273  dPhi(Nx/2)(Ny/2)(Nz/2): 0.703628 Phi A: 0.0248031 Phi B: 0.27094 Phi I: 5.814e-52
Total charge: -3.08381e-20
etaHat: 124879
12  fE: -1.33586  dfE: 0.227115  dW: 0.710182  dPhi(Nx/2)(Ny/2)(Nz/2): 0.70756 Phi A: 0.0246705 Phi B: 0.267216 Phi I: 5.81391e-52
Total charge: -3.17986e-20
etaHat: 124879
13  fE: -1.15784  dfE: 0.178017  dW: 1.38306  dPhi(Nx/2)(Ny/2)(Nz/2): 0.700779 Phi A: 0.0254389 Phi B: 0.273285 Phi I: 5.81403e-52
Total charge: -3.38864e-20
etaHat: 124879
14  fE: -1.00958  dfE: 0.148261  dW: 3.24461  dPhi(Nx/2)(Ny/2)(Nz/2): 0.683407 Phi A: 0.0271091 Phi B: 0.289032 Phi I: 5.81435e-52
Total charge: -3.71898e-20
etaHat: 124879
15  fE: -0.876187  dfE: 0.133394  dW: 4.91926  dPhi(Nx/2)(Ny/2)(Nz/2): 0.654701 Phi A: 0.0297519 Phi B: 0.315138 Phi I: 5.81484e-52
Total charge: -4.18692e-20
etaHat: 124879
16  fE: -0.745861  dfE: 0.130326  dW: 6.37826  dPhi(Nx/2)(Ny/2)(Nz/2): 0.613181 Phi A: 0.0334953 Phi B: 0.35296 Phi I: 5.8155e-52
Total charge: -4.81362e-20
etaHat: 124879
17  fE: -0.609942  dfE: 0.135919  dW: 7.58768  dPhi(Nx/2)(Ny/2)(Nz/2): 0.556763 Phi A: 0.038509 Phi B: 0.404425 Phi I: 5.81628e-52
Total charge: -5.62192e-20
etaHat: 124879
18  fE: -0.464667  dfE: 0.145275  dW: 8.50792  dPhi(Nx/2)(Ny/2)(Nz/2): 0.483001 Phi A: 0.0449754 Phi B: 0.471809 Phi I: 5.81718e-52
Total charge: -6.62978e-20
etaHat: 124879
19  fE: -0.315048  dfE: 0.149619  dW: 9.09471  dPhi(Nx/2)(Ny/2)(Nz/2): 0.389553 Phi A: 0.0530382 Phi B: 0.557329 Phi I: 5.81815e-52
Total charge: -7.83951e-20
etaHat: 124879
20  fE: -0.180736  dfE: 0.134312  dW: 9.30297  dPhi(Nx/2)(Ny/2)(Nz/2): 0.275023 Phi A: 0.0627161 Phi B: 0.662384 Phi I: 5.81915e-52
Saving data . . .
Total charge: -9.22281e-20
etaHat: 124879
21  fE: -0.102032  dfE: 0.0787045  dW: 9.09444  dPhi(Nx/2)(Ny/2)(Nz/2): 0.140233 Phi A: 0.0737825 Phi B: 0.786406 Phi I: 5.82015e-52
Total charge: -1.0705e-19
etaHat: 124879
22  fE: -0.141095  dfE: 0.0390626  dW: 8.44975  dPhi(Nx/2)(Ny/2)(Nz/2): -0.0102266 Phi A: 0.0856401 Phi B: 0.925428 Phi I: 5.82111e-52
Total charge: -1.21574e-19
etaHat: 124879
23  fE: -0.370835  dfE: 0.22974  dW: 7.38301  dPhi(Nx/2)(Ny/2)(Nz/2): -0.166778 Phi A: 0.0972592 Phi B: 1.07092 Phi I: 5.82197e-52
Total charge: -1.34099e-19
etaHat: 124879
24  fE: -0.846827  dfE: 0.475992  dW: 5.95392  dPhi(Nx/2)(Ny/2)(Nz/2): -0.314984 Phi A: 0.107279 Phi B: 1.20978 Phi I: 5.82269e-52
Total charge: -1.42905e-19
etaHat: 124879
25  fE: -1.57019  dfE: 0.72336  dW: 4.27006  dPhi(Nx/2)(Ny/2)(Nz/2): -0.437962 Phi A: 0.114324 Phi B: 1.32646 Phi I: 5.82324e-52
Total charge: -1.46808e-19
etaHat: 124879
26  fE: -2.46513  dfE: 0.894939  dW: 2.4741  dPhi(Nx/2)(Ny/2)(Nz/2): -0.520856 Phi A: 0.117446 Phi B: 1.40698 Phi I: 5.8236e-52
Total charge: -1.45575e-19
etaHat: 124879
27  fE: -3.39423  dfE: 0.929108  dW: 1.17384  dPhi(Nx/2)(Ny/2)(Nz/2): -0.555469 Phi A: 0.11646 Phi B: 1.44324 Phi I: 5.82376e-52
Total charge: -1.39953e-19
etaHat: 124879
28  fE: -4.20837  dfE: 0.81414  dW: 0.906616  dPhi(Nx/2)(Ny/2)(Nz/2): -0.542517 Phi A: 0.111963 Phi B: 1.43528 Phi I: 5.82374e-52
Total charge: -1.31304e-19
etaHat: 124879
29  fE: -4.79987  dfE: 0.591494  dW: 2.1785  dPhi(Nx/2)(Ny/2)(Nz/2): -0.490394 Phi A: 0.105043 Phi B: 1.39036 Phi I: 5.82357e-52
Total charge: -1.21116e-19
etaHat: 124879
30  fE: -5.1282  dfE: 0.328329  dW: 3.17458  dPhi(Nx/2)(Ny/2)(Nz/2): -0.411608 Phi A: 0.0968929 Phi B: 1.31982 Phi I: 5.82328e-52
Saving data . . .
Total charge: -1.10642e-19
etaHat: 124879
31  fE: -5.21262  dfE: 0.0844241  dW: 3.84205  dPhi(Nx/2)(Ny/2)(Nz/2): -0.319001 Phi A: 0.0885135 Phi B: 1.23552 Phi I: 5.8229e-52
Total charge: -1.00745e-19
etaHat: 124879
32  fE: -5.10709  dfE: 0.105533  dW: 4.19937  dPhi(Nx/2)(Ny/2)(Nz/2): -0.223263 Phi A: 0.0805963 Phi B: 1.14752 Phi I: 5.82247e-52
Total charge: -9.1921e-20
etaHat: 124879
33  fE: -4.8751  dfE: 0.231991  dW: 4.28263  dPhi(Nx/2)(Ny/2)(Nz/2): -0.131996 Phi A: 0.0735368 Phi B: 1.06307 Phi I: 5.82203e-52
Total charge: -8.43853e-20
etaHat: 124879
34  fE: -4.57344  dfE: 0.301657  dW: 4.13641  dPhi(Nx/2)(Ny/2)(Nz/2): -0.049867 Phi A: 0.0675082 Phi B: 0.986683 Phi I: 5.8216e-52
Total charge: -7.81775e-20
etaHat: 124879
35  fE: -4.24537  dfE: 0.328065  dW: 3.80756  dPhi(Nx/2)(Ny/2)(Nz/2): 0.0207382 Phi A: 0.062542 Phi B: 0.920758 Phi I: 5.82119e-52
Total charge: -7.32397e-20
etaHat: 124879
36  fE: -3.9201  dfE: 0.325272  dW: 3.34137  dPhi(Nx/2)(Ny/2)(Nz/2): 0.0789793 Phi A: 0.0585917 Phi B: 0.866191 Phi I: 5.82083e-52
Total charge: -6.94702e-20
etaHat: 124879
37  fE: -3.61523  dfE: 0.304871  dW: 2.77965  dPhi(Nx/2)(Ny/2)(Nz/2): 0.124949 Phi A: 0.0555761 Phi B: 0.822981 Phi I: 5.82053e-52
Total charge: -6.67549e-20
etaHat: 124879
38  fE: -3.34002  dfE: 0.275216  dW: 2.15994  dPhi(Nx/2)(Ny/2)(Nz/2): 0.159232 Phi A: 0.0534039 Phi B: 0.790636 Phi I: 5.82029e-52
Total charge: -6.49833e-20
etaHat: 124879
39  fE: -3.09829  dfE: 0.241727  dW: 1.51538  dPhi(Nx/2)(Ny/2)(Nz/2): 0.182628 Phi A: 0.0519866 Phi B: 0.768445 Phi I: 5.82012e-52
Total charge: -6.40546e-20
etaHat: 124879
40  fE: -2.89073  dfE: 0.207556  dW: 0.874955  dPhi(Nx/2)(Ny/2)(Nz/2): 0.195996 Phi A: 0.0512437 Phi B: 0.755626 Phi I: 5.82002e-52
Saving data . . .
Total charge: -6.38778e-20
etaHat: 124879
41  fE: -2.71648  dfE: 0.174255  dW: 0.270751  dPhi(Nx/2)(Ny/2)(Nz/2): 0.200187 Phi A: 0.0511022 Phi B: 0.751396 Phi I: 5.81998e-52
Total charge: -6.43689e-20
etaHat: 124879
42  fE: -2.57416  dfE: 0.142323  dW: 0.29834  dPhi(Nx/2)(Ny/2)(Nz/2): 0.196031 Phi A: 0.0514951 Phi B: 0.754987 Phi I: 5.82001e-52
Total charge: -6.54457e-20
etaHat: 124879
43  fE: -2.46255  dfE: 0.111607  dW: 0.788643  dPhi(Nx/2)(Ny/2)(Nz/2): 0.184363 Phi A: 0.0523566 Phi B: 0.765622 Phi I: 5.82008e-52
Total charge: -6.70226e-20
etaHat: 124879
44  fE: -2.38093  dfE: 0.0816157  dW: 1.19732  dPhi(Nx/2)(Ny/2)(Nz/2): 0.16607 Phi A: 0.0536181 Phi B: 0.782477 Phi I: 5.82021e-52
Total charge: -6.9005e-20
etaHat: 124879
45  fE: -2.32917  dfE: 0.0517678  dW: 1.512  dPhi(Nx/2)(Ny/2)(Nz/2): 0.142141 Phi A: 0.055204 Phi B: 0.804631 Phi I: 5.82037e-52
Total charge: -7.12857e-20
etaHat: 124879
46  fE: -2.30755  dfE: 0.0216176  dW: 1.72582  dPhi(Nx/2)(Ny/2)(Nz/2): 0.113717 Phi A: 0.0570286 Phi B: 0.831023 Phi I: 5.82055e-52
Total charge: -7.3743e-20
etaHat: 124879
47  fE: -2.31648  dfE: 0.00893112  dW: 1.83627  dPhi(Nx/2)(Ny/2)(Nz/2): 0.0821229 Phi A: 0.0589944 Phi B: 0.860421 Phi I: 5.82075e-52
Total charge: -7.62425e-20
etaHat: 124879
48  fE: -2.35592  dfE: 0.0394442  dW: 1.84541  dPhi(Nx/2)(Ny/2)(Nz/2): 0.048864 Phi A: 0.060994 Phi B: 0.891424 Phi I: 5.82096e-52
Total charge: -7.86431e-20
etaHat: 124879
49  fE: -2.42478  dfE: 0.0688552  dW: 1.76006  dPhi(Nx/2)(Ny/2)(Nz/2): 0.0155846 Phi A: 0.0629145 Phi B: 0.922501 Phi I: 5.82116e-52
Total charge: -8.0806e-20
etaHat: 124879
50  fE: -2.52028  dfE: 0.0955001  dW: 1.59156  dPhi(Nx/2)(Ny/2)(Nz/2): -0.0160183 Phi A: 0.0646448 Phi B: 0.952067 Phi I: 5.82134e-52
Saving data . . .
Total charge: -8.26071e-20
etaHat: 124879
51  fE: -2.63761  dfE: 0.117329  dW: 1.35524  dPhi(Nx/2)(Ny/2)(Nz/2): -0.0443208 Phi A: 0.0660857 Phi B: 0.978605 Phi I: 5.8215e-52
Total charge: -8.39491e-20
etaHat: 124879
52  fE: -2.7699  dfE: 0.132287  dW: 1.06939  dPhi(Nx/2)(Ny/2)(Nz/2): -0.0679162 Phi A: 0.0671592 Phi B: 1.00079 Phi I: 5.82163e-52
Total charge: -8.47715e-20
etaHat: 124879
53  fE: -2.90867  dfE: 0.138773  dW: 0.754011  dPhi(Nx/2)(Ny/2)(Nz/2): -0.0857518 Phi A: 0.0678172 Phi B: 1.01763 Phi I: 5.82173e-52
Total charge: -8.50566e-20
etaHat: 124879
54  fE: -3.04473  dfE: 0.13606  dW: 0.430043  dPhi(Nx/2)(Ny/2)(Nz/2): -0.0972285 Phi A: 0.0680452 Phi B: 1.02856 Phi I: 5.82179e-52
Total charge: -8.4828e-20
etaHat: 124879
55  fE: -3.16924  dfE: 0.124515  dW: 0.234639  dPhi(Nx/2)(Ny/2)(Nz/2): -0.102243 Phi A: 0.0678624 Phi B: 1.03345 Phi I: 5.82182e-52
Total charge: -8.41456e-20
etaHat: 124879
56  fE: -3.27481  dfE: 0.105567  dW: 0.193277  dPhi(Nx/2)(Ny/2)(Nz/2): -0.101161 Phi A: 0.0673165 Phi B: 1.03264 Phi I: 5.82182e-52
Total charge: -8.30947e-20
etaHat: 124879
57  fE: -3.35624  dfE: 0.0814252  dW: 0.425183  dPhi(Nx/2)(Ny/2)(Nz/2): -0.0947415 Phi A: 0.0664758 Phi B: 1.02682 Phi I: 5.82179e-52
Total charge: -8.1775e-20
etaHat: 124879
58  fE: -3.41089  dfE: 0.0546586  dW: 0.627195  dPhi(Nx/2)(Ny/2)(Nz/2): -0.0840133 Phi A: 0.06542 Phi B: 1.01695 Phi I: 5.82173e-52
Total charge: -8.02893e-20
etaHat: 124879
59  fE: -3.43865  dfE: 0.027759  dW: 0.775881  dPhi(Nx/2)(Ny/2)(Nz/2): -0.070149 Phi A: 0.0642314 Phi B: 1.00411 Phi I: 5.82166e-52
Total charge: -7.87343e-20
etaHat: 124879
60  fE: -3.44146  dfE: 0.00280765  dW: 0.869745  dPhi(Nx/2)(Ny/2)(Nz/2): -0.0543454 Phi A: 0.0629874 Phi B: 0.989427 Phi I: 5.82157e-52
Saving data . . .
Total charge: -7.71951e-20
etaHat: 124879
61  fE: -3.42275  dfE: 0.018708  dW: 0.910488  dPhi(Nx/2)(Ny/2)(Nz/2): -0.037728 Phi A: 0.0617561 Phi B: 0.973953 Phi I: 5.82148e-52
Total charge: -7.57415e-20
etaHat: 124879
62  fE: -3.38682  dfE: 0.0359296  dW: 0.902397  dPhi(Nx/2)(Ny/2)(Nz/2): -0.0212869 Phi A: 0.0605932 Phi B: 0.958619 Phi I: 5.82138e-52
Total charge: -7.44271e-20
etaHat: 124879
63  fE: -3.33827  dfE: 0.0485533  dW: 0.851683  dPhi(Nx/2)(Ny/2)(Nz/2): -0.00584086 Phi A: 0.0595417 Phi B: 0.944196 Phi I: 5.82129e-52
Total charge: -7.32902e-20
etaHat: 124879
64  fE: -3.28157  dfE: 0.0566986  dW: 0.765856  dPhi(Nx/2)(Ny/2)(Nz/2): 0.00797474 Phi A: 0.0586321 Phi B: 0.931286 Phi I: 5.82121e-52
Total charge: -7.23545e-20
etaHat: 124879
65  fE: -3.22081  dfE: 0.0607634  dW: 0.653151  dPhi(Nx/2)(Ny/2)(Nz/2): 0.0197038 Phi A: 0.0578836 Phi B: 0.920322 Phi I: 5.82114e-52
Total charge: -7.16319e-20
etaHat: 124879
66  fE: -3.15951  dfE: 0.0612964  dW: 0.52204  dPhi(Nx/2)(Ny/2)(Nz/2): 0.0290555 Phi A: 0.0573055 Phi B: 0.911582 Phi I: 5.82109e-52
Total charge: -7.11237e-20
etaHat: 124879
67  fE: -3.10061  dfE: 0.0589005  dW: 0.380823  dPhi(Nx/2)(Ny/2)(Nz/2): 0.035885 Phi A: 0.0568989 Phi B: 0.905208 Phi I: 5.82104e-52
Total charge: -7.08225e-20
etaHat: 124879
68  fE: -3.04644  dfE: 0.0541686  dW: 0.237297  dPhi(Nx/2)(Ny/2)(Nz/2): 0.0401746 Phi A: 0.056658 Phi B: 0.901221 Phi I: 5.82102e-52
Total charge: -7.07139e-20
etaHat: 124879
69  fE: -2.99879  dfE: 0.0476503  dW: 0.0994956  dPhi(Nx/2)(Ny/2)(Nz/2): 0.0420139 Phi A: 0.0565711 Phi B: 0.899541 Phi I: 5.821e-52
Total charge: -7.07775e-20
etaHat: 124879
70  fE: -2.95895  dfE: 0.03984  dW: 0.0454152  dPhi(Nx/2)(Ny/2)(Nz/2): 0.0415832 Phi A: 0.056622 Phi B: 0.900004 Phi I: 5.82101e-52
Saving data . . .
Total charge: -7.09886e-20
etaHat: 124879
71  fE: -2.92777  dfE: 0.0311792  dW: 0.141765  dPhi(Nx/2)(Ny/2)(Nz/2): 0.0391375 Phi A: 0.0567909 Phi B: 0.902374 Phi I: 5.82102e-52
Total charge: -7.13185e-20
etaHat: 124879
72  fE: -2.90571  dfE: 0.0220672  dW: 0.234468  dPhi(Nx/2)(Ny/2)(Nz/2): 0.0349913 Phi A: 0.0570548 Phi B: 0.906358 Phi I: 5.82104e-52
Total charge: -7.17364e-20
etaHat: 124879
73  fE: -2.89283  dfE: 0.0128727  dW: 0.305189  dPhi(Nx/2)(Ny/2)(Nz/2): 0.0295038 Phi A: 0.0573891 Phi B: 0.911621 Phi I: 5.82108e-52
Total charge: -7.22102e-20
etaHat: 124879
74  fE: -2.88889  dfE: 0.00394282  dW: 0.352674  dPhi(Nx/2)(Ny/2)(Nz/2): 0.0230632 Phi A: 0.0577682 Phi B: 0.9178 Phi I: 5.82111e-52
Total charge: -7.2708e-20
etaHat: 124879
75  fE: -2.89328  dfE: 0.00439369  dW: 0.376914  dPhi(Nx/2)(Ny/2)(Nz/2): 0.01607 Phi A: 0.0581664 Phi B: 0.924519 Phi I: 5.82116e-52
Total charge: -7.31992e-20
etaHat: 124879
76  fE: -2.90511  dfE: 0.0118306  dW: 0.379025  dPhi(Nx/2)(Ny/2)(Nz/2): 0.00891997 Phi A: 0.0585594 Phi B: 0.931405 Phi I: 5.8212e-52
Total charge: -7.36563e-20
etaHat: 124879
77  fE: -2.92321  dfE: 0.0180955  dW: 0.361109  dPhi(Nx/2)(Ny/2)(Nz/2): 0.00198559 Phi A: 0.058925 Phi B: 0.938108 Phi I: 5.82124e-52
Total charge: -7.40556e-20
etaHat: 124879
78  fE: -2.94618  dfE: 0.0229659  dW: 0.326073  dPhi(Nx/2)(Ny/2)(Nz/2): -0.00440032 Phi A: 0.0592445 Phi B: 0.944311 Phi I: 5.82128e-52
Total charge: -7.43787e-20
etaHat: 124879
79  fE: -2.97246  dfE: 0.0262873  dW: 0.27742  dPhi(Nx/2)(Ny/2)(Nz/2): -0.00995985 Phi A: 0.059503 Phi B: 0.949749 Phi I: 5.82131e-52
Total charge: -7.46129e-20
etaHat: 124879
80  fE: -3.00045  dfE: 0.0279887  dW: 0.219014  dPhi(Nx/2)(Ny/2)(Nz/2): -0.0144817 Phi A: 0.0596903 Phi B: 0.95422 Phi I: 5.82134e-52
Saving data . . .
Total charge: -7.47516e-20
etaHat: 124879
81  fE: -3.02854  dfE: 0.0280923  dW: 0.154924  dPhi(Nx/2)(Ny/2)(Nz/2): -0.0178283 Phi A: 0.0598013 Phi B: 0.957589 Phi I: 5.82136e-52
Total charge: -7.47941e-20
etaHat: 124879
82  fE: -3.05526  dfE: 0.026714  dW: 0.0936528  dPhi(Nx/2)(Ny/2)(Nz/2): -0.0199383 Phi A: 0.0598353 Phi B: 0.959794 Phi I: 5.82137e-52
Total charge: -7.47454e-20
etaHat: 124879
83  fE: -3.07931  dfE: 0.0240538  dW: 0.0555866  dPhi(Nx/2)(Ny/2)(Nz/2): -0.0208233 Phi A: 0.0597963 Phi B: 0.96084 Phi I: 5.82138e-52
Total charge: -7.46148e-20
etaHat: 124879
84  fE: -3.09969  dfE: 0.020378  dW: 0.051379  dPhi(Nx/2)(Ny/2)(Nz/2): -0.0205606 Phi A: 0.0596918 Phi B: 0.960797 Phi I: 5.82138e-52
Total charge: -7.44153e-20
etaHat: 124879
85  fE: -3.11568  dfE: 0.0159943  dW: 0.0878085  dPhi(Nx/2)(Ny/2)(Nz/2): -0.0192816 Phi A: 0.0595323 Phi B: 0.959784 Phi I: 5.82137e-52
Total charge: -7.41624e-20
etaHat: 124879
86  fE: -3.12691  dfE: 0.0112248  dW: 0.12984  dPhi(Nx/2)(Ny/2)(Nz/2): -0.0171587 Phi A: 0.05933 Phi B: 0.95796 Phi I: 5.82136e-52
Total charge: -7.38727e-20
etaHat: 124879
87  fE: -3.13329  dfE: 0.00638083  dW: 0.162155  dPhi(Nx/2)(Ny/2)(Nz/2): -0.0143901 Phi A: 0.0590981 Phi B: 0.955509 Phi I: 5.82134e-52
Total charge: -7.35627e-20
etaHat: 124879
88  fE: -3.13503  dfE: 0.0017408  dW: 0.183478  dPhi(Nx/2)(Ny/2)(Nz/2): -0.0111861 Phi A: 0.0588501 Phi B: 0.952629 Phi I: 5.82133e-52
Total charge: -7.32483e-20
etaHat: 124879
89  fE: -3.13257  dfE: 0.00246475  dW: 0.193893  dPhi(Nx/2)(Ny/2)(Nz/2): -0.00775519 Phi A: 0.0585986 Phi B: 0.949515 Phi I: 5.82131e-52
Total charge: -7.29437e-20
etaHat: 124879
90  fE: -3.1265  dfE: 0.00606191  dW: 0.194035  dPhi(Nx/2)(Ny/2)(Nz/2): -0.00429385 Phi A: 0.058355 Phi B: 0.946352 Phi I: 5.82129e-52
Saving data . . .
Total charge: -7.26612e-20
etaHat: 124879
91  fE: -3.11757  dfE: 0.00893561  dW: 0.184986  dPhi(Nx/2)(Ny/2)(Nz/2): -0.000977201 Phi A: 0.058129 Phi B: 0.943306 Phi I: 5.82127e-52
Total charge: -7.24105e-20
etaHat: 124879
92  fE: -3.10654  dfE: 0.0110269  dW: 0.168166  dPhi(Nx/2)(Ny/2)(Nz/2): 0.00204702 Phi A: 0.0579284 Phi B: 0.940517 Phi I: 5.82125e-52
Total charge: -7.21985e-20
etaHat: 124879
93  fE: -3.09421  dfE: 0.0123268  dW: 0.145227  dPhi(Nx/2)(Ny/2)(Nz/2): 0.00466237 Phi A: 0.0577588 Phi B: 0.938097 Phi I: 5.82123e-52
Total charge: -7.20297e-20
etaHat: 124879
94  fE: -3.08135  dfE: 0.0128678  dW: 0.11794  dPhi(Nx/2)(Ny/2)(Nz/2): 0.00678545 Phi A: 0.0576238 Phi B: 0.936126 Phi I: 5.82122e-52
Total charge: -7.19062e-20
etaHat: 124879
95  fE: -3.06863  dfE: 0.0127154  dW: 0.0881051  dPhi(Nx/2)(Ny/2)(Nz/2): 0.00836585 Phi A: 0.057525 Phi B: 0.934653 Phi I: 5.82121e-52
Total charge: -7.18276e-20
etaHat: 124879
96  fE: -3.05667  dfE: 0.011959  dW: 0.0577126  dPhi(Nx/2)(Ny/2)(Nz/2): 0.00938464 Phi A: 0.0574621 Phi B: 0.933699 Phi I: 5.8212e-52
Total charge: -7.17914e-20
etaHat: 124879
97  fE: -3.04597  dfE: 0.0107043  dW: 0.0317142  dPhi(Nx/2)(Ny/2)(Nz/2): 0.00985162 Phi A: 0.0574331 Phi B: 0.933256 Phi I: 5.8212e-52
Total charge: -7.17936e-20
etaHat: 124879
98  fE: -3.0369  dfE: 0.00906618  dW: 0.0211558  dPhi(Nx/2)(Ny/2)(Nz/2): 0.00980175 Phi A: 0.0574349 Phi B: 0.933293 Phi I: 5.8212e-52
Total charge: -7.18287e-20
etaHat: 124879
99  fE: -3.02974  dfE: 0.00716325  dW: 0.029381  dPhi(Nx/2)(Ny/2)(Nz/2): 0.00929087 Phi A: 0.0574629 Phi B: 0.933759 Phi I: 5.8212e-52
Total charge: -7.18903e-20
etaHat: 124879
100  fE: -3.02463  dfE: 0.00511256  dW: 0.0457599  dPhi(Nx/2)(Ny/2)(Nz/2): 0.008391 Phi A: 0.0575122 Phi B: 0.934587 Phi I: 5.82121e-52
Saving data . . .
Total charge: -7.19715e-20
etaHat: 124879
101  fE: -3.0216  dfE: 0.00302554  dW: 0.0608288  dPhi(Nx/2)(Ny/2)(Nz/2): 0.00718545 Phi A: 0.0575772 Phi B: 0.935702 Phi I: 5.82121e-52
Total charge: -7.20651e-20
etaHat: 124879
102  fE: -3.0206  dfE: 0.00100428  dW: 0.0714487  dPhi(Nx/2)(Ny/2)(Nz/2): 0.00576382 Phi A: 0.057652 Phi B: 0.937018 Phi I: 5.82122e-52
Total charge: -7.2164e-20
etaHat: 124879
103  fE: -3.02146  dfE: 0.000861557  dW: 0.0771552  dPhi(Nx/2)(Ny/2)(Nz/2): 0.00421722 Phi A: 0.0577312 Phi B: 0.938453 Phi I: 5.82123e-52
Total charge: -7.22617e-20
etaHat: 124879
104  fE: -3.02395  dfE: 0.00249745  dW: 0.0781386  dPhi(Nx/2)(Ny/2)(Nz/2): 0.00263375 Phi A: 0.0578094 Phi B: 0.939922 Phi I: 5.82124e-52
Total charge: -7.23526e-20
etaHat: 124879
105  fE: -3.0278  dfE: 0.00384612  dW: 0.0748494  dPhi(Nx/2)(Ny/2)(Nz/2): 0.00109455 Phi A: 0.0578821 Phi B: 0.941351 Phi I: 5.82125e-52
Total charge: -7.24316e-20
etaHat: 124879
106  fE: -3.03267  dfE: 0.0048689  dW: 0.0679224  dPhi(Nx/2)(Ny/2)(Nz/2): -0.000329562 Phi A: 0.0579453 Phi B: 0.942672 Phi I: 5.82126e-52
Total charge: -7.24953e-20
etaHat: 124879
107  fE: -3.03822  dfE: 0.00554633  dW: 0.0581801  dPhi(Nx/2)(Ny/2)(Nz/2): -0.00158062 Phi A: 0.0579962 Phi B: 0.943832 Phi I: 5.82126e-52
Total charge: -7.25409e-20
etaHat: 124879
108  fE: -3.04409  dfE: 0.00587783  dW: 0.0467631  dPhi(Nx/2)(Ny/2)(Nz/2): -0.00261518 Phi A: 0.0580328 Phi B: 0.94479 Phi I: 5.82127e-52
Total charge: -7.25674e-20
etaHat: 124879
109  fE: -3.04997  dfE: 0.00588038  dW: 0.0352632  dPhi(Nx/2)(Ny/2)(Nz/2): -0.00340513 Phi A: 0.0580539 Phi B: 0.945518 Phi I: 5.82127e-52
Total charge: -7.25745e-20
etaHat: 124879
110  fE: -3.05556  dfE: 0.00558629  dW: 0.0258174  dPhi(Nx/2)(Ny/2)(Nz/2): -0.00393759 Phi A: 0.0580596 Phi B: 0.946006 Phi I: 5.82128e-52
Saving data . . .
Total charge: -7.25631e-20
etaHat: 124879
111  fE: -3.0606  dfE: 0.00504025  dW: 0.02049  dPhi(Nx/2)(Ny/2)(Nz/2): -0.00421404 Phi A: 0.0580504 Phi B: 0.946253 Phi I: 5.82128e-52
Total charge: -7.25349e-20
etaHat: 124879
112  fE: -3.0649  dfE: 0.00429582  dW: 0.0201818  dPhi(Nx/2)(Ny/2)(Nz/2): -0.00424874 Phi A: 0.0580279 Phi B: 0.946273 Phi I: 5.82128e-52
Total charge: -7.24926e-20
etaHat: 124879
113  fE: -3.06831  dfE: 0.00341164  dW: 0.0239434  dPhi(Nx/2)(Ny/2)(Nz/2): -0.0040667 Phi A: 0.0579941 Phi B: 0.94609 Phi I: 5.82128e-52
Total charge: -7.24389e-20
etaHat: 124879
114  fE: -3.07076  dfE: 0.00244769  dW: 0.0296405  dPhi(Nx/2)(Ny/2)(Nz/2): -0.00370118 Phi A: 0.0579512 Phi B: 0.945735 Phi I: 5.82127e-52
Total charge: -7.23773e-20
etaHat: 124879
115  fE: -3.07222  dfE: 0.00146186  dW: 0.0352375  dPhi(Nx/2)(Ny/2)(Nz/2): -0.00319114 Phi A: 0.0579018 Phi B: 0.945244 Phi I: 5.82127e-52
Total charge: -7.23109e-20
etaHat: 124879
116  fE: -3.07272  dfE: 0.000506888  dW: 0.0394599  dPhi(Nx/2)(Ny/2)(Nz/2): -0.00257856 Phi A: 0.0578488 Phi B: 0.944657 Phi I: 5.82127e-52
Total charge: -7.22431e-20
etaHat: 124879
117  fE: -3.07235  dfE: 0.000371844  dW: 0.0417397  dPhi(Nx/2)(Ny/2)(Nz/2): -0.00190604 Phi A: 0.0577945 Phi B: 0.944014 Phi I: 5.82126e-52
Total charge: -7.21769e-20
etaHat: 124879
118  fE: -3.07122  dfE: 0.00113799  dW: 0.0419799  dPhi(Nx/2)(Ny/2)(Nz/2): -0.00121446 Phi A: 0.0577415 Phi B: 0.943353 Phi I: 5.82126e-52
Total charge: -7.21147e-20
etaHat: 124879
119  fE: -3.06945  dfE: 0.00176506  dW: 0.0403226  dPhi(Nx/2)(Ny/2)(Nz/2): -0.000541191 Phi A: 0.0576918 Phi B: 0.94271 Phi I: 5.82125e-52
Total charge: -7.20589e-20
etaHat: 124879
120  fE: -3.06721  dfE: 0.00223668  dW: 0.037063  dPhi(Nx/2)(Ny/2)(Nz/2): 8.14272e-05 Phi A: 0.0576471 Phi B: 0.942115 Phi I: 5.82125e-52
Saving data . . .
Total charge: -7.2011e-20
etaHat: 124879
121  fE: -3.06467  dfE: 0.00254616  dW: 0.0326224  dPhi(Nx/2)(Ny/2)(Nz/2): 0.000627161 Phi A: 0.0576088 Phi B: 0.941594 Phi I: 5.82125e-52
Total charge: -7.1972e-20
etaHat: 124879
122  fE: -3.06197  dfE: 0.00269571  dW: 0.0275609  dPhi(Nx/2)(Ny/2)(Nz/2): 0.0010765 Phi A: 0.0575776 Phi B: 0.941164 Phi I: 5.82124e-52
Total charge: -7.19427e-20
etaHat: 124879
123  fE: -3.05928  dfE: 0.00269522  dW: 0.0225657  dPhi(Nx/2)(Ny/2)(Nz/2): 0.00141689 Phi A: 0.0575541 Phi B: 0.940838 Phi I: 5.82124e-52
Total charge: -7.19228e-20
etaHat: 124879
124  fE: -3.05672  dfE: 0.00256089  dW: 0.0183774  dPhi(Nx/2)(Ny/2)(Nz/2): 0.0016426 Phi A: 0.0575383 Phi B: 0.940622 Phi I: 5.82124e-52
Total charge: -7.19122e-20
etaHat: 124879
125  fE: -3.0544  dfE: 0.00231371  dW: 0.0155587  dPhi(Nx/2)(Ny/2)(Nz/2): 0.00175429 Phi A: 0.0575297 Phi B: 0.940515 Phi I: 5.82124e-52
Total charge: -7.19098e-20
etaHat: 124879
126  fE: -3.05242  dfE: 0.00197787  dW: 0.0142989  dPhi(Nx/2)(Ny/2)(Nz/2): 0.00175823 Phi A: 0.0575279 Phi B: 0.94051 Phi I: 5.82124e-52
Total charge: -7.19147e-20
etaHat: 124879
127  fE: -3.05084  dfE: 0.00157931  dW: 0.0143656  dPhi(Nx/2)(Ny/2)(Nz/2): 0.00166549 Phi A: 0.0575318 Phi B: 0.940599 Phi I: 5.82124e-52
Total charge: -7.19254e-20
etaHat: 124879
128  fE: -3.0497  dfE: 0.00114425  dW: 0.015291  dPhi(Nx/2)(Ny/2)(Nz/2): 0.0014908 Phi A: 0.0575403 Phi B: 0.940767 Phi I: 5.82124e-52
Total charge: -7.19405e-20
etaHat: 124879
129  fE: -3.049  dfE: 0.000697926  dW: 0.0165573  dPhi(Nx/2)(Ny/2)(Nz/2): 0.0012515 Phi A: 0.0575524 Phi B: 0.940997 Phi I: 5.82124e-52
Total charge: -7.19585e-20
etaHat: 124879
130  fE: -3.04874  dfE: 0.000263539  dW: 0.0176997  dPhi(Nx/2)(Ny/2)(Nz/2): 0.000966358 Phi A: 0.0575668 Phi B: 0.941272 Phi I: 5.82124e-52
Saving data . . .
Total charge: -7.19778e-20
etaHat: 124879
131  fE: -3.04888  dfE: 0.000138694  dW: 0.018399  dPhi(Nx/2)(Ny/2)(Nz/2): 0.000654547 Phi A: 0.0575822 Phi B: 0.941574 Phi I: 5.82125e-52
Total charge: -7.1997e-20
etaHat: 124879
132  fE: -3.04937  dfE: 0.000492188  dW: 0.0185052  dPhi(Nx/2)(Ny/2)(Nz/2): 0.000334601 Phi A: 0.0575976 Phi B: 0.941885 Phi I: 5.82125e-52
Total charge: -7.2015e-20
etaHat: 124879
133  fE: -3.05015  dfE: 0.000784433  dW: 0.0180147  dPhi(Nx/2)(Ny/2)(Nz/2): 2.35766e-05 Phi A: 0.057612 Phi B: 0.942189 Phi I: 5.82125e-52
Total charge: -7.20307e-20
etaHat: 124879
134  fE: -3.05116  dfE: 0.00100721  dW: 0.0170399  dPhi(Nx/2)(Ny/2)(Nz/2): -0.000263659 Phi A: 0.0576246 Phi B: 0.942471 Phi I: 5.82125e-52
Total charge: -7.20433e-20
etaHat: 124879
135  fE: -3.05232  dfE: 0.00115658  dW: 0.0157655  dPhi(Nx/2)(Ny/2)(Nz/2): -0.000514947 Phi A: 0.0576346 Phi B: 0.942721 Phi I: 5.82125e-52
Total charge: -7.20522e-20
etaHat: 124879
136  fE: -3.05355  dfE: 0.00123265  dW: 0.0144163  dPhi(Nx/2)(Ny/2)(Nz/2): -0.000721173 Phi A: 0.0576417 Phi B: 0.942929 Phi I: 5.82125e-52
Total charge: -7.20572e-20
etaHat: 124879
137  fE: -3.05479  dfE: 0.00123919  dW: 0.0131959  dPhi(Nx/2)(Ny/2)(Nz/2): -0.000876415 Phi A: 0.0576457 Phi B: 0.943089 Phi I: 5.82125e-52
Total charge: -7.20581e-20
etaHat: 124879
138  fE: -3.05597  dfE: 0.00118308  dW: 0.0122791  dPhi(Nx/2)(Ny/2)(Nz/2): -0.000977914 Phi A: 0.0576465 Phi B: 0.943198 Phi I: 5.82125e-52
Total charge: -7.20552e-20
etaHat: 124879
139  fE: -3.05705  dfE: 0.00107363  dW: 0.0117471  dPhi(Nx/2)(Ny/2)(Nz/2): -0.00102589 Phi A: 0.0576442 Phi B: 0.943257 Phi I: 5.82126e-52
Total charge: -7.20489e-20
etaHat: 124879
140  fE: -3.05797  dfE: 0.000921883  dW: 0.0115853  dPhi(Nx/2)(Ny/2)(Nz/2): -0.00102322 Phi A: 0.0576391 Phi B: 0.943268 Phi I: 5.82126e-52
Saving data . . .
Total charge: -7.20395e-20
etaHat: 124879
141  fE: -3.05871  dfE: 0.000739885  dW: 0.0117324  dPhi(Nx/2)(Ny/2)(Nz/2): -0.000975015 Phi A: 0.0576316 Phi B: 0.943236 Phi I: 5.82125e-52
Total charge: -7.20277e-20
etaHat: 124879
142  fE: -3.05925  dfE: 0.000539939  dW: 0.0120508  dPhi(Nx/2)(Ny/2)(Nz/2): -0.000888148 Phi A: 0.0576222 Phi B: 0.943166 Phi I: 5.82125e-52
Total charge: -7.20142e-20
etaHat: 124879
143  fE: -3.05958  dfE: 0.000333966  dW: 0.0124094  dPhi(Nx/2)(Ny/2)(Nz/2): -0.000770701 Phi A: 0.0576113 Phi B: 0.943067 Phi I: 5.82125e-52
Total charge: -7.19996e-20
etaHat: 124879
144  fE: -3.05971  dfE: 0.000132937  dW: 0.0126913  dPhi(Nx/2)(Ny/2)(Nz/2): -0.000631448 Phi A: 0.0575997 Phi B: 0.942947 Phi I: 5.82125e-52
Total charge: -7.19847e-20
etaHat: 124879
145  fE: -3.05966  dfE: 5.35924e-05  dW: 0.0128151  dPhi(Nx/2)(Ny/2)(Nz/2): -0.000479339 Phi A: 0.0575877 Phi B: 0.942813 Phi I: 5.82125e-52
Total charge: -7.197e-20
etaHat: 124879
146  fE: -3.05944  dfE: 0.000217808  dW: 0.0127411  dPhi(Nx/2)(Ny/2)(Nz/2): -0.00032303 Phi A: 0.057576 Phi B: 0.942675 Phi I: 5.82125e-52
Total charge: -7.19561e-20
etaHat: 124879
147  fE: -3.05909  dfE: 0.000353849  dW: 0.01247  dPhi(Nx/2)(Ny/2)(Nz/2): -0.000170487 Phi A: 0.0575649 Phi B: 0.942539 Phi I: 5.82125e-52
Total charge: -7.19436e-20
etaHat: 124879
148  fE: -3.05863  dfE: 0.000457895  dW: 0.0120391  dPhi(Nx/2)(Ny/2)(Nz/2): -2.86547e-05 Phi A: 0.0575548 Phi B: 0.942413 Phi I: 5.82125e-52
Total charge: -7.19326e-20
etaHat: 124879
149  fE: -3.0581  dfE: 0.000528132  dW: 0.0115087  dPhi(Nx/2)(Ny/2)(Nz/2): 9.67774e-05 Phi A: 0.0575461 Phi B: 0.942301 Phi I: 5.82125e-52
Total charge: -7.19236e-20
etaHat: 124879
150  fE: -3.05754  dfE: 0.000564628  dW: 0.0109436  dPhi(Nx/2)(Ny/2)(Nz/2): 0.000201531 Phi A: 0.0575389 Phi B: 0.942208 Phi I: 5.82125e-52
Saving data . . .
Total charge: -7.19166e-20
etaHat: 124879
151  fE: -3.05697  dfE: 0.000569127  dW: 0.0104077  dPhi(Nx/2)(Ny/2)(Nz/2): 0.000282801 Phi A: 0.0575333 Phi B: 0.942137 Phi I: 5.82125e-52
Total charge: -7.19116e-20
etaHat: 124879
152  fE: -3.05643  dfE: 0.000544782  dW: 0.00995778  dPhi(Nx/2)(Ny/2)(Nz/2): 0.000339243 Phi A: 0.0575293 Phi B: 0.942089 Phi I: 5.82125e-52
Total charge: -7.19086e-20
etaHat: 124879
153  fE: -3.05593  dfE: 0.000495845  dW: 0.00961595  dPhi(Nx/2)(Ny/2)(Nz/2): 0.000370886 Phi A: 0.0575269 Phi B: 0.942064 Phi I: 5.82125e-52
Total charge: -7.19074e-20
etaHat: 124879
154  fE: -3.0555  dfE: 0.000427339  dW: 0.00938233  dPhi(Nx/2)(Ny/2)(Nz/2): 0.000378988 Phi A: 0.0575259 Phi B: 0.94206 Phi I: 5.82125e-52
Total charge: -7.19078e-20
etaHat: 124879
155  fE: -3.05516  dfE: 0.000344731  dW: 0.00924371  dPhi(Nx/2)(Ny/2)(Nz/2): 0.000365848 Phi A: 0.0575262 Phi B: 0.942077 Phi I: 5.82125e-52
Total charge: -7.19095e-20
etaHat: 124879
156  fE: -3.0549  dfE: 0.000253612  dW: 0.0091726  dPhi(Nx/2)(Ny/2)(Nz/2): 0.00033458 Phi A: 0.0575276 Phi B: 0.942111 Phi I: 5.82125e-52
Total charge: -7.19121e-20
etaHat: 124879
157  fE: -3.05474  dfE: 0.000159408  dW: 0.00913328  dPhi(Nx/2)(Ny/2)(Nz/2): 0.000288877 Phi A: 0.0575297 Phi B: 0.942158 Phi I: 5.82125e-52
Total charge: -7.19154e-20
etaHat: 124879
158  fE: -3.05468  dfE: 6.71322e-05  dW: 0.00909577  dPhi(Nx/2)(Ny/2)(Nz/2): 0.000232767 Phi A: 0.0575324 Phi B: 0.942215 Phi I: 5.82125e-52
Total charge: -7.19191e-20
etaHat: 124879
159  fE: -3.0547  dfE: 1.88224e-05  dW: 0.00903607  dPhi(Nx/2)(Ny/2)(Nz/2): 0.000170377 Phi A: 0.0575353 Phi B: 0.942278 Phi I: 5.82125e-52
Total charge: -7.19228e-20
etaHat: 124879
160  fE: -3.05479  dfE: 9.48351e-05  dW: 0.00893962  dPhi(Nx/2)(Ny/2)(Nz/2): 0.00010572 Phi A: 0.0575382 Phi B: 0.942344 Phi I: 5.82125e-52
Saving data . . .
Total charge: -7.19263e-20
etaHat: 124879
161  fE: -3.05495  dfE: 0.000158157  dW: 0.0088044  dPhi(Nx/2)(Ny/2)(Nz/2): 4.2506e-05 Phi A: 0.057541 Phi B: 0.942409 Phi I: 5.82125e-52
Total charge: -7.19293e-20
etaHat: 124879
162  fE: -3.05516  dfE: 0.000206957  dW: 0.00863688  dPhi(Nx/2)(Ny/2)(Nz/2): -1.60118e-05 Phi A: 0.0575434 Phi B: 0.942469 Phi I: 5.82125e-52
Total charge: -7.19317e-20
etaHat: 124879
163  fE: -3.0554  dfE: 0.000240318  dW: 0.00845027  dPhi(Nx/2)(Ny/2)(Nz/2): -6.71492e-05 Phi A: 0.0575454 Phi B: 0.942523 Phi I: 5.82125e-52
Total charge: -7.19334e-20
etaHat: 124879
164  fE: -3.05565  dfE: 0.00025819  dW: 0.00826114  dPhi(Nx/2)(Ny/2)(Nz/2): -0.000108868 Phi A: 0.0575467 Phi B: 0.942568 Phi I: 5.82125e-52
Total charge: -7.19343e-20
etaHat: 124879
165  fE: -3.05592  dfE: 0.000261299  dW: 0.00808271  dPhi(Nx/2)(Ny/2)(Nz/2): -0.000139808 Phi A: 0.0575474 Phi B: 0.942603 Phi I: 5.82125e-52
Total charge: -7.19343e-20
etaHat: 124879
166  fE: -3.05617  dfE: 0.000251034  dW: 0.00792697  dPhi(Nx/2)(Ny/2)(Nz/2): -0.000159289 Phi A: 0.0575474 Phi B: 0.942628 Phi I: 5.82125e-52
Total charge: -7.19335e-20
etaHat: 124879
167  fE: -3.0564  dfE: 0.000229309  dW: 0.00779805  dPhi(Nx/2)(Ny/2)(Nz/2): -0.000167268 Phi A: 0.0575468 Phi B: 0.942642 Phi I: 5.82125e-52
Total charge: -7.1932e-20
etaHat: 124879
168  fE: -3.05659  dfE: 0.000198408  dW: 0.0076937  dPhi(Nx/2)(Ny/2)(Nz/2): -0.000164283 Phi A: 0.0575456 Phi B: 0.942646 Phi I: 5.82125e-52
Total charge: -7.19299e-20
etaHat: 124879
169  fE: -3.05676  dfE: 0.000160837  dW: 0.00761093  dPhi(Nx/2)(Ny/2)(Nz/2): -0.000151358 Phi A: 0.0575439 Phi B: 0.94264 Phi I: 5.82125e-52
Total charge: -7.19272e-20
etaHat: 124879
170  fE: -3.05687  dfE: 0.000119174  dW: 0.00754133  dPhi(Nx/2)(Ny/2)(Nz/2): -0.000129911 Phi A: 0.0575418 Phi B: 0.942627 Phi I: 5.82125e-52
Saving data . . .
Total charge: -7.19242e-20
etaHat: 124879
171  fE: -3.05695  dfE: 7.59288e-05  dW: 0.00747685  dPhi(Nx/2)(Ny/2)(Nz/2): -0.000101635 Phi A: 0.0575394 Phi B: 0.942607 Phi I: 5.82125e-52
Total charge: -7.1921e-20
etaHat: 124879
172  fE: -3.05698  dfE: 3.34287e-05  dW: 0.00740954  dPhi(Nx/2)(Ny/2)(Nz/2): -6.83903e-05 Phi A: 0.0575368 Phi B: 0.942582 Phi I: 5.82125e-52
Total charge: -7.19176e-20
etaHat: 124879
173  fE: -3.05698  dfE: 6.28129e-06  dW: 0.00733329  dPhi(Nx/2)(Ny/2)(Nz/2): -3.2095e-05 Phi A: 0.0575341 Phi B: 0.942555 Phi I: 5.82125e-52
Total charge: -7.19143e-20
etaHat: 124879
174  fE: -3.05694  dfE: 4.15109e-05  dW: 0.007245  dPhi(Nx/2)(Ny/2)(Nz/2): 5.37627e-06 Phi A: 0.0575315 Phi B: 0.942526 Phi I: 5.82125e-52
Total charge: -7.19112e-20
etaHat: 124879
175  fE: -3.05687  dfE: 7.09716e-05  dW: 0.0071447  dPhi(Nx/2)(Ny/2)(Nz/2): 4.22794e-05 Phi A: 0.057529 Phi B: 0.942497 Phi I: 5.82125e-52
Total charge: -7.19083e-20
etaHat: 124879
176  fE: -3.05677  dfE: 9.37984e-05  dW: 0.00703501  dPhi(Nx/2)(Ny/2)(Nz/2): 7.70729e-05 Phi A: 0.0575267 Phi B: 0.94247 Phi I: 5.82125e-52
Total charge: -7.19058e-20
etaHat: 124879
177  fE: -3.05666  dfE: 0.000109549  dW: 0.00691878  dPhi(Nx/2)(Ny/2)(Nz/2): 0.000108472 Phi A: 0.0575247 Phi B: 0.942446 Phi I: 5.82125e-52
Total charge: -7.19037e-20
etaHat: 124879
178  fE: -3.05654  dfE: 0.000118181  dW: 0.00679985  dPhi(Nx/2)(Ny/2)(Nz/2): 0.000135484 Phi A: 0.057523 Phi B: 0.942426 Phi I: 5.82125e-52
Total charge: -7.1902e-20
etaHat: 124879
179  fE: -3.05642  dfE: 0.000120011  dW: 0.00668261  dPhi(Nx/2)(Ny/2)(Nz/2): 0.000157427 Phi A: 0.0575216 Phi B: 0.942411 Phi I: 5.82125e-52
Total charge: -7.19008e-20
etaHat: 124879
180  fE: -3.05631  dfE: 0.000115662  dW: 0.00657085  dPhi(Nx/2)(Ny/2)(Nz/2): 0.000173928 Phi A: 0.0575206 Phi B: 0.9424 Phi I: 5.82125e-52
Saving data . . .
Total charge: -7.19e-20
etaHat: 124879
181  fE: -3.0562  dfE: 0.000105999  dW: 0.00646803  dPhi(Nx/2)(Ny/2)(Nz/2): 0.000184912 Phi A: 0.05752 Phi B: 0.942394 Phi I: 5.82125e-52
Total charge: -7.18995e-20
etaHat: 124879
182  fE: -3.05611  dfE: 9.20636e-05  dW: 0.00637418  dPhi(Nx/2)(Ny/2)(Nz/2): 0.000190568 Phi A: 0.0575196 Phi B: 0.942393 Phi I: 5.82125e-52
Total charge: -7.18994e-20
etaHat: 124879
183  fE: -3.05603  dfE: 7.49976e-05  dW: 0.00628791  dPhi(Nx/2)(Ny/2)(Nz/2): 0.000191317 Phi A: 0.0575195 Phi B: 0.942396 Phi I: 5.82125e-52
Total charge: -7.18996e-20
etaHat: 124879
184  fE: -3.05598  dfE: 5.59809e-05  dW: 0.00620752  dPhi(Nx/2)(Ny/2)(Nz/2): 0.000187761 Phi A: 0.0575197 Phi B: 0.942403 Phi I: 5.82125e-52
Total charge: -7.19e-20
etaHat: 124879
185  fE: -3.05594  dfE: 3.61665e-05  dW: 0.00613134  dPhi(Nx/2)(Ny/2)(Nz/2): 0.000180638 Phi A: 0.05752 Phi B: 0.942413 Phi I: 5.82125e-52
Total charge: -7.19006e-20
etaHat: 124879
186  fE: -3.05593  dfE: 1.66264e-05  dW: 0.00605729  dPhi(Nx/2)(Ny/2)(Nz/2): 0.000170768 Phi A: 0.0575205 Phi B: 0.942425 Phi I: 5.82125e-52
Total charge: -7.19013e-20
etaHat: 124879
187  fE: -3.05593  dfE: 1.69363e-06  dW: 0.00598362  dPhi(Nx/2)(Ny/2)(Nz/2): 0.000159005 Phi A: 0.057521 Phi B: 0.942438 Phi I: 5.82125e-52
Total charge: -7.1902e-20
etaHat: 124879
188  fE: -3.05595  dfE: 1.80076e-05  dW: 0.00590908  dPhi(Nx/2)(Ny/2)(Nz/2): 0.000146188 Phi A: 0.0575216 Phi B: 0.942452 Phi I: 5.82125e-52
Total charge: -7.19026e-20
etaHat: 124879
189  fE: -3.05598  dfE: 3.17118e-05  dW: 0.00583335  dPhi(Nx/2)(Ny/2)(Nz/2): 0.000133107 Phi A: 0.0575221 Phi B: 0.942466 Phi I: 5.82125e-52
Total charge: -7.19032e-20
etaHat: 124879
190  fE: -3.05602  dfE: 4.23962e-05  dW: 0.00575673  dPhi(Nx/2)(Ny/2)(Nz/2): 0.000120463 Phi A: 0.0575225 Phi B: 0.942479 Phi I: 5.82125e-52
Saving data . . .
Total charge: -7.19036e-20
etaHat: 124879
191  fE: -3.05607  dfE: 4.98441e-05  dW: 0.00568014  dPhi(Nx/2)(Ny/2)(Nz/2): 0.000108847 Phi A: 0.0575229 Phi B: 0.94249 Phi I: 5.82125e-52
Total charge: -7.19039e-20
etaHat: 124879
192  fE: -3.05612  dfE: 5.4023e-05  dW: 0.00560453  dPhi(Nx/2)(Ny/2)(Nz/2): 9.8722e-05 Phi A: 0.0575231 Phi B: 0.9425 Phi I: 5.82125e-52
Total charge: -7.1904e-20
etaHat: 124879
193  fE: -3.05618  dfE: 5.50671e-05  dW: 0.0055307  dPhi(Nx/2)(Ny/2)(Nz/2): 9.04122e-05 Phi A: 0.0575232 Phi B: 0.942508 Phi I: 5.82125e-52
Total charge: -7.1904e-20
etaHat: 124879
194  fE: -3.05623  dfE: 5.32529e-05  dW: 0.00545941  dPhi(Nx/2)(Ny/2)(Nz/2): 8.41055e-05 Phi A: 0.0575232 Phi B: 0.942513 Phi I: 5.82125e-52
Total charge: -7.19038e-20
etaHat: 124879
195  fE: -3.05628  dfE: 4.89706e-05  dW: 0.00539107  dPhi(Nx/2)(Ny/2)(Nz/2): 7.98575e-05 Phi A: 0.057523 Phi B: 0.942517 Phi I: 5.82125e-52
Total charge: -7.19034e-20
etaHat: 124879
196  fE: -3.05632  dfE: 4.26929e-05  dW: 0.00532555  dPhi(Nx/2)(Ny/2)(Nz/2): 7.76047e-05 Phi A: 0.0575227 Phi B: 0.942518 Phi I: 5.82125e-52
Total charge: -7.19029e-20
etaHat: 124879
197  fE: -3.05636  dfE: 3.49423e-05  dW: 0.00526255  dPhi(Nx/2)(Ny/2)(Nz/2): 7.71811e-05 Phi A: 0.0575223 Phi B: 0.942517 Phi I: 5.82125e-52
Total charge: -7.19023e-20
etaHat: 124879
198  fE: -3.05638  dfE: 2.62603e-05  dW: 0.00520131  dPhi(Nx/2)(Ny/2)(Nz/2): 7.83386e-05 Phi A: 0.0575218 Phi B: 0.942514 Phi I: 5.82125e-52
Total charge: -7.19016e-20
etaHat: 124879
199  fE: -3.0564  dfE: 1.71779e-05  dW: 0.00514131  dPhi(Nx/2)(Ny/2)(Nz/2): 8.07694e-05 Phi A: 0.0575213 Phi B: 0.94251 Phi I: 5.82125e-52
Total charge: -7.19009e-20
etaHat: 124879
200  fE: -3.05641  dfE: 8.1906e-06  dW: 0.00508182  dPhi(Nx/2)(Ny/2)(Nz/2): 8.41291e-05 Phi A: 0.0575207 Phi B: 0.942505 Phi I: 5.82125e-52
Saving data . . .
Total charge: -7.19001e-20
etaHat: 124879
201  fE: -3.05641  dfE: 2.6299e-07  dW: 0.00502232  dPhi(Nx/2)(Ny/2)(Nz/2): 8.80589e-05 Phi A: 0.0575201 Phi B: 0.942499 Phi I: 5.82125e-52
Total charge: -7.18994e-20
etaHat: 124879
202  fE: -3.0564  dfE: 7.8169e-06  dW: 0.00496257  dPhi(Nx/2)(Ny/2)(Nz/2): 9.22061e-05 Phi A: 0.0575195 Phi B: 0.942493 Phi I: 5.82125e-52
Total charge: -7.18986e-20
etaHat: 124879
203  fE: -3.05639  dfE: 1.41885e-05  dW: 0.00490259  dPhi(Nx/2)(Ny/2)(Nz/2): 9.62431e-05 Phi A: 0.0575189 Phi B: 0.942487 Phi I: 5.82125e-52
Total charge: -7.1898e-20
etaHat: 124879
204  fE: -3.05637  dfE: 1.91837e-05  dW: 0.00484236  dPhi(Nx/2)(Ny/2)(Nz/2): 9.98814e-05 Phi A: 0.0575184 Phi B: 0.942482 Phi I: 5.82125e-52
Total charge: -7.18974e-20
etaHat: 124879
205  fE: -3.05635  dfE: 2.26978e-05  dW: 0.00478226  dPhi(Nx/2)(Ny/2)(Nz/2): 0.000102884 Phi A: 0.0575179 Phi B: 0.942477 Phi I: 5.82125e-52
Total charge: -7.18969e-20
etaHat: 124879
206  fE: -3.05632  dfE: 2.47107e-05  dW: 0.00472265  dPhi(Nx/2)(Ny/2)(Nz/2): 0.000105071 Phi A: 0.0575175 Phi B: 0.942472 Phi I: 5.82125e-52
Total charge: -7.18965e-20
etaHat: 124879
207  fE: -3.0563  dfE: 2.52794e-05  dW: 0.00466371  dPhi(Nx/2)(Ny/2)(Nz/2): 0.000106327 Phi A: 0.0575172 Phi B: 0.942469 Phi I: 5.82125e-52
Total charge: -7.18962e-20
etaHat: 124879
208  fE: -3.05627  dfE: 2.45271e-05  dW: 0.00460571  dPhi(Nx/2)(Ny/2)(Nz/2): 0.000106596 Phi A: 0.0575169 Phi B: 0.942467 Phi I: 5.82125e-52
Total charge: -7.18959e-20
etaHat: 124879
209  fE: -3.05625  dfE: 2.26299e-05  dW: 0.00454894  dPhi(Nx/2)(Ny/2)(Nz/2): 0.000105886 Phi A: 0.0575168 Phi B: 0.942465 Phi I: 5.82125e-52
Total charge: -7.18958e-20
etaHat: 124879
210  fE: -3.05623  dfE: 1.98026e-05  dW: 0.00449367  dPhi(Nx/2)(Ny/2)(Nz/2): 0.000104253 Phi A: 0.0575166 Phi B: 0.942465 Phi I: 5.82125e-52
Saving data . . .
Total charge: -7.18957e-20
etaHat: 124879
211  fE: -3.05621  dfE: 1.62837e-05  dW: 0.00443972  dPhi(Nx/2)(Ny/2)(Nz/2): 0.000101803 Phi A: 0.0575166 Phi B: 0.942466 Phi I: 5.82125e-52
Total charge: -7.18958e-20
etaHat: 124879
212  fE: -3.0562  dfE: 1.23215e-05  dW: 0.00438709  dPhi(Nx/2)(Ny/2)(Nz/2): 9.86748e-05 Phi A: 0.0575166 Phi B: 0.942467 Phi I: 5.82125e-52
Total charge: -7.18958e-20
etaHat: 124879
213  fE: -3.05619  dfE: 8.16006e-06  dW: 0.00433576  dPhi(Nx/2)(Ny/2)(Nz/2): 9.50352e-05 Phi A: 0.0575166 Phi B: 0.942469 Phi I: 5.82125e-52
Total charge: -7.18959e-20
etaHat: 124879
214  fE: -3.05619  dfE: 4.02795e-06  dW: 0.0042854  dPhi(Nx/2)(Ny/2)(Nz/2): 9.10646e-05 Phi A: 0.0575167 Phi B: 0.942471 Phi I: 5.82125e-52
Total charge: -7.1896e-20
etaHat: 124879
215  fE: -3.05619  dfE: 1.28285e-07  dW: 0.00423586  dPhi(Nx/2)(Ny/2)(Nz/2): 8.6948e-05 Phi A: 0.0575168 Phi B: 0.942474 Phi I: 5.82125e-52
Total charge: -7.18961e-20
etaHat: 124879
216  fE: -3.05619  dfE: 3.36873e-06  dW: 0.00418706  dPhi(Nx/2)(Ny/2)(Nz/2): 8.28652e-05 Phi A: 0.0575169 Phi B: 0.942477 Phi I: 5.82125e-52
Total charge: -7.18962e-20
etaHat: 124879
217  fE: -3.0562  dfE: 6.33084e-06  dW: 0.00413894  dPhi(Nx/2)(Ny/2)(Nz/2): 7.89823e-05 Phi A: 0.057517 Phi B: 0.94248 Phi I: 5.82125e-52
Total charge: -7.18963e-20
etaHat: 124879
218  fE: -3.05621  dfE: 8.66631e-06  dW: 0.00409151  dPhi(Nx/2)(Ny/2)(Nz/2): 7.54445e-05 Phi A: 0.0575171 Phi B: 0.942483 Phi I: 5.82125e-52
Total charge: -7.18964e-20
etaHat: 124879
219  fE: -3.05622  dfE: 1.03243e-05  dW: 0.00404485  dPhi(Nx/2)(Ny/2)(Nz/2): 7.2371e-05 Phi A: 0.0575171 Phi B: 0.942485 Phi I: 5.82125e-52
Total charge: -7.18964e-20
etaHat: 124879
220  fE: -3.05623  dfE: 1.12932e-05  dW: 0.00399902  dPhi(Nx/2)(Ny/2)(Nz/2): 6.98515e-05 Phi A: 0.0575171 Phi B: 0.942487 Phi I: 5.82125e-52
Saving data . . .
Total charge: -7.18964e-20
etaHat: 124879
221  fE: -3.05624  dfE: 1.15969e-05  dW: 0.00395406  dPhi(Nx/2)(Ny/2)(Nz/2): 6.79441e-05 Phi A: 0.0575172 Phi B: 0.942489 Phi I: 5.82125e-52
Total charge: -7.18964e-20
etaHat: 124879
222  fE: -3.05625  dfE: 1.12899e-05  dW: 0.00390997  dPhi(Nx/2)(Ny/2)(Nz/2): 6.66759e-05 Phi A: 0.0575171 Phi B: 0.94249 Phi I: 5.82125e-52
Total charge: -7.18964e-20
etaHat: 124879
223  fE: -3.05626  dfE: 1.04518e-05  dW: 0.00386666  dPhi(Nx/2)(Ny/2)(Nz/2): 6.60439e-05 Phi A: 0.0575171 Phi B: 0.942491 Phi I: 5.82125e-52
Total charge: -7.18963e-20
etaHat: 124879
224  fE: -3.05627  dfE: 9.17993e-06  dW: 0.00382413  dPhi(Nx/2)(Ny/2)(Nz/2): 6.60178e-05 Phi A: 0.057517 Phi B: 0.942491 Phi I: 5.82125e-52
Total charge: -7.18961e-20
etaHat: 124879
225  fE: -3.05628  dfE: 7.58336e-06  dW: 0.0037823  dPhi(Nx/2)(Ny/2)(Nz/2): 6.65445e-05 Phi A: 0.0575169 Phi B: 0.942491 Phi I: 5.82125e-52
Total charge: -7.1896e-20
etaHat: 124879
226  fE: -3.05628  dfE: 5.77582e-06  dW: 0.0037411  dPhi(Nx/2)(Ny/2)(Nz/2): 6.75516e-05 Phi A: 0.0575168 Phi B: 0.942491 Phi I: 5.82125e-52
Total charge: -7.18958e-20
etaHat: 124879
227  fE: -3.05629  dfE: 3.86965e-06  dW: 0.00370051  dPhi(Nx/2)(Ny/2)(Nz/2): 6.89533e-05 Phi A: 0.0575167 Phi B: 0.94249 Phi I: 5.82125e-52
Total charge: -7.18957e-20
etaHat: 124879
228  fE: -3.05629  dfE: 1.97033e-06  dW: 0.00366045  dPhi(Nx/2)(Ny/2)(Nz/2): 7.06552e-05 Phi A: 0.0575165 Phi B: 0.942489 Phi I: 5.82125e-52
Total charge: -7.18955e-20
etaHat: 124879
229  fE: -3.05629  dfE: 1.71942e-07  dW: 0.00362092  dPhi(Nx/2)(Ny/2)(Nz/2): 7.25591e-05 Phi A: 0.0575164 Phi B: 0.942488 Phi I: 5.82125e-52
Total charge: -7.18953e-20
etaHat: 124879
230  fE: -3.05629  dfE: 1.44635e-06  dW: 0.00358185  dPhi(Nx/2)(Ny/2)(Nz/2): 7.45685e-05 Phi A: 0.0575163 Phi B: 0.942487 Phi I: 5.82125e-52
Saving data . . .
Total charge: -7.18952e-20
etaHat: 124879
231  fE: -3.05629  dfE: 2.82267e-06  dW: 0.00354324  dPhi(Nx/2)(Ny/2)(Nz/2): 7.65917e-05 Phi A: 0.0575161 Phi B: 0.942485 Phi I: 5.82125e-52
Total charge: -7.1895e-20
etaHat: 124879
232  fE: -3.05628  dfE: 3.91372e-06  dW: 0.00350509  dPhi(Nx/2)(Ny/2)(Nz/2): 7.85462e-05 Phi A: 0.057516 Phi B: 0.942484 Phi I: 5.82125e-52
Total charge: -7.18949e-20
etaHat: 124879
233  fE: -3.05628  dfE: 4.69495e-06  dW: 0.00346739  dPhi(Nx/2)(Ny/2)(Nz/2): 8.03611e-05 Phi A: 0.0575159 Phi B: 0.942483 Phi I: 5.82125e-52
Total charge: -7.18947e-20
etaHat: 124879
234  fE: -3.05627  dfE: 5.15989e-06  dW: 0.00343014  dPhi(Nx/2)(Ny/2)(Nz/2): 8.19788e-05 Phi A: 0.0575158 Phi B: 0.942482 Phi I: 5.82125e-52
Total charge: -7.18946e-20
etaHat: 124879
235  fE: -3.05627  dfE: 5.3185e-06  dW: 0.0033934  dPhi(Nx/2)(Ny/2)(Nz/2): 8.33563e-05 Phi A: 0.0575157 Phi B: 0.942481 Phi I: 5.82125e-52
Total charge: -7.18946e-20
etaHat: 124879
236  fE: -3.05626  dfE: 5.195e-06  dW: 0.00335715  dPhi(Nx/2)(Ny/2)(Nz/2): 8.44653e-05 Phi A: 0.0575157 Phi B: 0.942481 Phi I: 5.82125e-52
Total charge: -7.18945e-20
etaHat: 124879
237  fE: -3.05626  dfE: 4.82513e-06  dW: 0.00332141  dPhi(Nx/2)(Ny/2)(Nz/2): 8.5292e-05 Phi A: 0.0575156 Phi B: 0.942481 Phi I: 5.82125e-52
Total charge: -7.18945e-20
etaHat: 124879
238  fE: -3.05625  dfE: 4.25321e-06  dW: 0.00328624  dPhi(Nx/2)(Ny/2)(Nz/2): 8.58355e-05 Phi A: 0.0575156 Phi B: 0.942481 Phi I: 5.82125e-52
Total charge: -7.18944e-20
etaHat: 124879
239  fE: -3.05625  dfE: 3.52895e-06  dW: 0.00325163  dPhi(Nx/2)(Ny/2)(Nz/2): 8.61068e-05 Phi A: 0.0575156 Phi B: 0.942481 Phi I: 5.82125e-52
Total charge: -7.18944e-20
etaHat: 124879
240  fE: -3.05625  dfE: 2.70448e-06  dW: 0.00321757  dPhi(Nx/2)(Ny/2)(Nz/2): 8.61264e-05 Phi A: 0.0575155 Phi B: 0.942481 Phi I: 5.82125e-52
Saving data . . .
Total charge: -7.18944e-20
etaHat: 124879
241  fE: -3.05624  dfE: 1.83146e-06  dW: 0.003184  dPhi(Nx/2)(Ny/2)(Nz/2): 8.59225e-05 Phi A: 0.0575155 Phi B: 0.942481 Phi I: 5.82125e-52
Total charge: -7.18944e-20
etaHat: 124879
242  fE: -3.05624  dfE: 9.58533e-07  dW: 0.00315096  dPhi(Nx/2)(Ny/2)(Nz/2): 8.55281e-05 Phi A: 0.0575156 Phi B: 0.942482 Phi I: 5.82125e-52
Total charge: -7.18945e-20
etaHat: 124879
243  fE: -3.05624  dfE: 1.29258e-07  dW: 0.00311841  dPhi(Nx/2)(Ny/2)(Nz/2): 8.49795e-05 Phi A: 0.0575156 Phi B: 0.942482 Phi I: 5.82125e-52
Total charge: -7.18945e-20
etaHat: 124879
244  fE: -3.05624  dfE: 6.19563e-07  dW: 0.00308633  dPhi(Nx/2)(Ny/2)(Nz/2): 8.43134e-05 Phi A: 0.0575156 Phi B: 0.942483 Phi I: 5.82125e-52
Total charge: -7.18945e-20
etaHat: 124879
245  fE: -3.05625  dfE: 1.259e-06  dW: 0.00305471  dPhi(Nx/2)(Ny/2)(Nz/2): 8.35657e-05 Phi A: 0.0575156 Phi B: 0.942484 Phi I: 5.82125e-52
Total charge: -7.18945e-20
etaHat: 124879
246  fE: -3.05625  dfE: 1.76861e-06  dW: 0.00302353  dPhi(Nx/2)(Ny/2)(Nz/2): 8.27693e-05 Phi A: 0.0575156 Phi B: 0.942484 Phi I: 5.82125e-52
Total charge: -7.18945e-20
etaHat: 124879
247  fE: -3.05625  dfE: 2.13659e-06  dW: 0.00299279  dPhi(Nx/2)(Ny/2)(Nz/2): 8.1953e-05 Phi A: 0.0575156 Phi B: 0.942485 Phi I: 5.82125e-52
Total charge: -7.18945e-20
etaHat: 124879
248  fE: -3.05625  dfE: 2.35943e-06  dW: 0.00296247  dPhi(Nx/2)(Ny/2)(Nz/2): 8.11407e-05 Phi A: 0.0575156 Phi B: 0.942485 Phi I: 5.82125e-52
Total charge: -7.18945e-20
etaHat: 124879
249  fE: -3.05625  dfE: 2.44122e-06  dW: 0.00293257  dPhi(Nx/2)(Ny/2)(Nz/2): 8.03508e-05 Phi A: 0.0575156 Phi B: 0.942486 Phi I: 5.82125e-52
Total charge: -7.18945e-20
etaHat: 124879
250  fE: -3.05626  dfE: 2.39269e-06  dW: 0.00290308  dPhi(Nx/2)(Ny/2)(Nz/2): 7.95958e-05 Phi A: 0.0575156 Phi B: 0.942486 Phi I: 5.82125e-52
Saving data . . .
Total charge: -7.18945e-20
etaHat: 124879
251  fE: -3.05626  dfE: 2.22992e-06  dW: 0.00287401  dPhi(Nx/2)(Ny/2)(Nz/2): 7.8883e-05 Phi A: 0.0575156 Phi B: 0.942486 Phi I: 5.82125e-52
Total charge: -7.18945e-20
etaHat: 124879
252  fE: -3.05626  dfE: 1.97302e-06  dW: 0.00284533  dPhi(Nx/2)(Ny/2)(Nz/2): 7.8214e-05 Phi A: 0.0575156 Phi B: 0.942486 Phi I: 5.82125e-52
Total charge: -7.18944e-20
etaHat: 124879
253  fE: -3.05626  dfE: 1.64468e-06  dW: 0.00281702  dPhi(Nx/2)(Ny/2)(Nz/2): 7.75861e-05 Phi A: 0.0575155 Phi B: 0.942486 Phi I: 5.82125e-52
Total charge: -7.18944e-20
etaHat: 124879
254  fE: -3.05626  dfE: 1.26878e-06  dW: 0.00278908  dPhi(Nx/2)(Ny/2)(Nz/2): 7.6993e-05 Phi A: 0.0575155 Phi B: 0.942486 Phi I: 5.82125e-52
Total charge: -7.18944e-20
etaHat: 124879
255  fE: -3.05626  dfE: 8.69077e-07  dW: 0.0027615  dPhi(Nx/2)(Ny/2)(Nz/2): 7.64254e-05 Phi A: 0.0575155 Phi B: 0.942486 Phi I: 5.82125e-52
Total charge: -7.18943e-20
etaHat: 124879
256  fE: -3.05626  dfE: 4.68004e-07  dW: 0.00273426  dPhi(Nx/2)(Ny/2)(Nz/2): 7.58721e-05 Phi A: 0.0575155 Phi B: 0.942486 Phi I: 5.82125e-52
Total charge: -7.18943e-20
etaHat: 124879
257  fE: -3.05626  dfE: 8.57237e-08  dW: 0.00270734  dPhi(Nx/2)(Ny/2)(Nz/2): 7.53212e-05 Phi A: 0.0575154 Phi B: 0.942486 Phi I: 5.82125e-52
Total charge: -7.18942e-20
etaHat: 124879
258  fE: -3.05626  dfE: 2.60657e-07  dW: 0.00268074  dPhi(Nx/2)(Ny/2)(Nz/2): 7.47605e-05 Phi A: 0.0575154 Phi B: 0.942485 Phi I: 5.82125e-52
Total charge: -7.18942e-20
etaHat: 124879
259  fE: -3.05626  dfE: 5.57617e-07  dW: 0.00265447  dPhi(Nx/2)(Ny/2)(Nz/2): 7.4179e-05 Phi A: 0.0575154 Phi B: 0.942485 Phi I: 5.82125e-52
Total charge: -7.18942e-20
etaHat: 124879
260  fE: -3.05626  dfE: 7.95522e-07  dW: 0.00262853  dPhi(Nx/2)(Ny/2)(Nz/2): 7.35669e-05 Phi A: 0.0575153 Phi B: 0.942485 Phi I: 5.82125e-52
Saving data . . .
Total charge: -7.18941e-20
etaHat: 124879
261  fE: -3.05626  dfE: 9.68692e-07  dW: 0.00260291  dPhi(Nx/2)(Ny/2)(Nz/2): 7.29164e-05 Phi A: 0.0575153 Phi B: 0.942485 Phi I: 5.82125e-52
Total charge: -7.18941e-20
etaHat: 124879
262  fE: -3.05626  dfE: 1.07528e-06  dW: 0.0025776  dPhi(Nx/2)(Ny/2)(Nz/2): 7.22222e-05 Phi A: 0.0575153 Phi B: 0.942484 Phi I: 5.82125e-52
Total charge: -7.18941e-20
etaHat: 124879
263  fE: -3.05626  dfE: 1.11694e-06  dW: 0.00255263  dPhi(Nx/2)(Ny/2)(Nz/2): 7.14814e-05 Phi A: 0.0575153 Phi B: 0.942484 Phi I: 5.82125e-52
Total charge: -7.18941e-20
etaHat: 124879
264  fE: -3.05626  dfE: 1.09841e-06  dW: 0.00252797  dPhi(Nx/2)(Ny/2)(Nz/2): 7.06939e-05 Phi A: 0.0575152 Phi B: 0.942484 Phi I: 5.82125e-52
Total charge: -7.1894e-20
etaHat: 124879
265  fE: -3.05626  dfE: 1.02694e-06  dW: 0.00250363  dPhi(Nx/2)(Ny/2)(Nz/2): 6.98619e-05 Phi A: 0.0575152 Phi B: 0.942484 Phi I: 5.82125e-52
Total charge: -7.1894e-20
etaHat: 124879
266  fE: -3.05626  dfE: 9.1163e-07  dW: 0.0024796  dPhi(Nx/2)(Ny/2)(Nz/2): 6.89898e-05 Phi A: 0.0575152 Phi B: 0.942484 Phi I: 5.82125e-52
Total charge: -7.1894e-20
etaHat: 124879
267  fE: -3.05626  dfE: 7.62844e-07  dW: 0.00245588  dPhi(Nx/2)(Ny/2)(Nz/2): 6.80841e-05 Phi A: 0.0575152 Phi B: 0.942484 Phi I: 5.82125e-52
Total charge: -7.1894e-20
etaHat: 124879
268  fE: -3.05626  dfE: 5.91517e-07  dW: 0.00243245  dPhi(Nx/2)(Ny/2)(Nz/2): 6.71526e-05 Phi A: 0.0575152 Phi B: 0.942484 Phi I: 5.82125e-52
Total charge: -7.1894e-20
etaHat: 124879
269  fE: -3.05626  dfE: 4.08564e-07  dW: 0.00240932  dPhi(Nx/2)(Ny/2)(Nz/2): 6.62044e-05 Phi A: 0.0575152 Phi B: 0.942484 Phi I: 5.82125e-52
Total charge: -7.1894e-20
etaHat: 124879
270  fE: -3.05625  dfE: 2.24334e-07  dW: 0.00238648  dPhi(Nx/2)(Ny/2)(Nz/2): 6.52489e-05 Phi A: 0.0575152 Phi B: 0.942484 Phi I: 5.82125e-52
Saving data . . .
Total charge: -7.1894e-20
etaHat: 124879
271  fE: -3.05625  dfE: 4.8157e-08  dW: 0.00236391  dPhi(Nx/2)(Ny/2)(Nz/2): 6.42959e-05 Phi A: 0.0575152 Phi B: 0.942484 Phi I: 5.82125e-52
Total charge: -7.1894e-20
etaHat: 124879
272  fE: -3.05626  dfE: 1.1202e-07  dW: 0.00234163  dPhi(Nx/2)(Ny/2)(Nz/2): 6.33546e-05 Phi A: 0.0575152 Phi B: 0.942484 Phi I: 5.82125e-52
Total charge: -7.1894e-20
etaHat: 124879
273  fE: -3.05626  dfE: 2.49881e-07  dW: 0.00231961  dPhi(Nx/2)(Ny/2)(Nz/2): 6.24337e-05 Phi A: 0.0575152 Phi B: 0.942485 Phi I: 5.82125e-52
Total charge: -7.1894e-20
etaHat: 124879
274  fE: -3.05626  dfE: 3.60886e-07  dW: 0.00229786  dPhi(Nx/2)(Ny/2)(Nz/2): 6.15408e-05 Phi A: 0.0575152 Phi B: 0.942485 Phi I: 5.82125e-52
Total charge: -7.1894e-20
etaHat: 124879
275  fE: -3.05626  dfE: 4.42312e-07  dW: 0.00227637  dPhi(Nx/2)(Ny/2)(Nz/2): 6.06824e-05 Phi A: 0.0575152 Phi B: 0.942485 Phi I: 5.82125e-52
Total charge: -7.1894e-20
etaHat: 124879
276  fE: -3.05626  dfE: 4.93197e-07  dW: 0.00225513  dPhi(Nx/2)(Ny/2)(Nz/2): 5.98634e-05 Phi A: 0.0575152 Phi B: 0.942485 Phi I: 5.82125e-52
Total charge: -7.1894e-20
etaHat: 124879
277  fE: -3.05626  dfE: 5.14204e-07  dW: 0.00223417  dPhi(Nx/2)(Ny/2)(Nz/2): 5.90872e-05 Phi A: 0.0575152 Phi B: 0.942485 Phi I: 5.82125e-52
Total charge: -7.1894e-20
etaHat: 124879
278  fE: -3.05626  dfE: 5.07417e-07  dW: 0.00221345  dPhi(Nx/2)(Ny/2)(Nz/2): 5.83558e-05 Phi A: 0.0575152 Phi B: 0.942485 Phi I: 5.82125e-52
Total charge: -7.1894e-20
etaHat: 124879
279  fE: -3.05626  dfE: 4.76091e-07  dW: 0.00219298  dPhi(Nx/2)(Ny/2)(Nz/2): 5.76696e-05 Phi A: 0.0575152 Phi B: 0.942485 Phi I: 5.82125e-52
Total charge: -7.1894e-20
etaHat: 124879
280  fE: -3.05626  dfE: 4.24362e-07  dW: 0.00217275  dPhi(Nx/2)(Ny/2)(Nz/2): 5.70278e-05 Phi A: 0.0575152 Phi B: 0.942485 Phi I: 5.82125e-52
Saving data . . .
Total charge: -7.1894e-20
etaHat: 124879
281  fE: -3.05626  dfE: 3.5695e-07  dW: 0.00215277  dPhi(Nx/2)(Ny/2)(Nz/2): 5.64283e-05 Phi A: 0.0575152 Phi B: 0.942485 Phi I: 5.82125e-52
Total charge: -7.1894e-20
etaHat: 124879
282  fE: -3.05626  dfE: 2.78864e-07  dW: 0.00213302  dPhi(Nx/2)(Ny/2)(Nz/2): 5.58681e-05 Phi A: 0.0575152 Phi B: 0.942485 Phi I: 5.82125e-52
Total charge: -7.1894e-20
etaHat: 124879
283  fE: -3.05626  dfE: 1.9512e-07  dW: 0.00211351  dPhi(Nx/2)(Ny/2)(Nz/2): 5.53435e-05 Phi A: 0.0575152 Phi B: 0.942485 Phi I: 5.82125e-52
Total charge: -7.1894e-20
etaHat: 124879
284  fE: -3.05626  dfE: 1.10489e-07  dW: 0.00209422  dPhi(Nx/2)(Ny/2)(Nz/2): 5.48502e-05 Phi A: 0.0575152 Phi B: 0.942485 Phi I: 5.82125e-52
Total charge: -7.1894e-20
etaHat: 124879
285  fE: -3.05626  dfE: 2.92877e-08  dW: 0.00207517  dPhi(Nx/2)(Ny/2)(Nz/2): 5.43837e-05 Phi A: 0.0575152 Phi B: 0.942485 Phi I: 5.82125e-52
Total charge: -7.18939e-20
etaHat: 124879
286  fE: -3.05626  dfE: 4.47925e-08  dW: 0.00205634  dPhi(Nx/2)(Ny/2)(Nz/2): 5.39394e-05 Phi A: 0.0575152 Phi B: 0.942485 Phi I: 5.82125e-52
Total charge: -7.18939e-20
etaHat: 124879
287  fE: -3.05626  dfE: 1.08802e-07  dW: 0.00203774  dPhi(Nx/2)(Ny/2)(Nz/2): 5.35129e-05 Phi A: 0.0575152 Phi B: 0.942485 Phi I: 5.82125e-52
Total charge: -7.18939e-20
etaHat: 124879
288  fE: -3.05626  dfE: 1.60604e-07  dW: 0.00201936  dPhi(Nx/2)(Ny/2)(Nz/2): 5.31e-05 Phi A: 0.0575151 Phi B: 0.942485 Phi I: 5.82125e-52
Total charge: -7.18939e-20
etaHat: 124879
289  fE: -3.05626  dfE: 1.98894e-07  dW: 0.00200121  dPhi(Nx/2)(Ny/2)(Nz/2): 5.26971e-05 Phi A: 0.0575151 Phi B: 0.942485 Phi I: 5.82125e-52
Total charge: -7.18939e-20
etaHat: 124879
290  fE: -3.05626  dfE: 2.23179e-07  dW: 0.00198327  dPhi(Nx/2)(Ny/2)(Nz/2): 5.23012e-05 Phi A: 0.0575151 Phi B: 0.942485 Phi I: 5.82125e-52
Saving data . . .
Total charge: -7.18939e-20
etaHat: 124879
291  fE: -3.05626  dfE: 2.33717e-07  dW: 0.00196555  dPhi(Nx/2)(Ny/2)(Nz/2): 5.19096e-05 Phi A: 0.0575151 Phi B: 0.942485 Phi I: 5.82125e-52
Total charge: -7.18939e-20
etaHat: 124879
292  fE: -3.05626  dfE: 2.31425e-07  dW: 0.00194803  dPhi(Nx/2)(Ny/2)(Nz/2): 5.15206e-05 Phi A: 0.0575151 Phi B: 0.942485 Phi I: 5.82125e-52
Total charge: -7.18939e-20
etaHat: 124879
293  fE: -3.05626  dfE: 2.17764e-07  dW: 0.00193073  dPhi(Nx/2)(Ny/2)(Nz/2): 5.11329e-05 Phi A: 0.0575151 Phi B: 0.942485 Phi I: 5.82125e-52
Total charge: -7.18939e-20
etaHat: 124879
294  fE: -3.05626  dfE: 1.94608e-07  dW: 0.00191363  dPhi(Nx/2)(Ny/2)(Nz/2): 5.07458e-05 Phi A: 0.0575151 Phi B: 0.942485 Phi I: 5.82125e-52
Total charge: -7.18939e-20
etaHat: 124879
295  fE: -3.05626  dfE: 1.6411e-07  dW: 0.00189672  dPhi(Nx/2)(Ny/2)(Nz/2): 5.03593e-05 Phi A: 0.0575151 Phi B: 0.942485 Phi I: 5.82125e-52
Total charge: -7.18939e-20
etaHat: 124879
296  fE: -3.05626  dfE: 1.28563e-07  dW: 0.00188001  dPhi(Nx/2)(Ny/2)(Nz/2): 4.99737e-05 Phi A: 0.0575151 Phi B: 0.942485 Phi I: 5.82125e-52
Total charge: -7.18939e-20
etaHat: 124879
297  fE: -3.05626  dfE: 9.02701e-08  dW: 0.00186349  dPhi(Nx/2)(Ny/2)(Nz/2): 4.95896e-05 Phi A: 0.0575151 Phi B: 0.942485 Phi I: 5.82125e-52
Total charge: -7.18939e-20
etaHat: 124879
298  fE: -3.05626  dfE: 5.1432e-08  dW: 0.00184715  dPhi(Nx/2)(Ny/2)(Nz/2): 4.9208e-05 Phi A: 0.0575151 Phi B: 0.942485 Phi I: 5.82125e-52
Total charge: -7.18939e-20
etaHat: 124879
299  fE: -3.05626  dfE: 1.40447e-08  dW: 0.001831  dPhi(Nx/2)(Ny/2)(Nz/2): 4.88299e-05 Phi A: 0.0575151 Phi B: 0.942485 Phi I: 5.82125e-52
Total charge: -7.18939e-20
etaHat: 124879
300  fE: -3.05626  dfE: 2.01777e-08  dW: 0.00181503  dPhi(Nx/2)(Ny/2)(Nz/2): 4.84566e-05 Phi A: 0.0575151 Phi B: 0.942485 Phi I: 5.82125e-52
Saving data . . .
Total charge: -7.18939e-20
etaHat: 124879
301  fE: -3.05626  dfE: 4.98585e-08  dW: 0.00179924  dPhi(Nx/2)(Ny/2)(Nz/2): 4.8089e-05 Phi A: 0.0575151 Phi B: 0.942485 Phi I: 5.82125e-52
Total charge: -7.18939e-20
etaHat: 124879
302  fE: -3.05626  dfE: 7.39921e-08  dW: 0.00178362  dPhi(Nx/2)(Ny/2)(Nz/2): 4.77282e-05 Phi A: 0.0575151 Phi B: 0.942485 Phi I: 5.82125e-52
Total charge: -7.18939e-20
etaHat: 124879
303  fE: -3.05626  dfE: 9.19552e-08  dW: 0.00176819  dPhi(Nx/2)(Ny/2)(Nz/2): 4.7375e-05 Phi A: 0.0575151 Phi B: 0.942485 Phi I: 5.82125e-52
Total charge: -7.18939e-20
etaHat: 124879
304  fE: -3.05626  dfE: 1.03498e-07  dW: 0.00175295  dPhi(Nx/2)(Ny/2)(Nz/2): 4.70301e-05 Phi A: 0.0575151 Phi B: 0.942485 Phi I: 5.82125e-52
Total charge: -7.18939e-20
etaHat: 124879
305  fE: -3.05626  dfE: 1.08717e-07  dW: 0.00173787  dPhi(Nx/2)(Ny/2)(Nz/2): 4.66938e-05 Phi A: 0.0575151 Phi B: 0.942485 Phi I: 5.82125e-52
Total charge: -7.18939e-20
etaHat: 124879
306  fE: -3.05626  dfE: 1.08015e-07  dW: 0.00172295  dPhi(Nx/2)(Ny/2)(Nz/2): 4.63662e-05 Phi A: 0.0575151 Phi B: 0.942485 Phi I: 5.82125e-52
Total charge: -7.18939e-20
etaHat: 124879
307  fE: -3.05626  dfE: 1.02046e-07  dW: 0.00170818  dPhi(Nx/2)(Ny/2)(Nz/2): 4.60473e-05 Phi A: 0.0575151 Phi B: 0.942485 Phi I: 5.82125e-52
Total charge: -7.18939e-20
etaHat: 124879
308  fE: -3.05626  dfE: 9.16614e-08  dW: 0.00169358  dPhi(Nx/2)(Ny/2)(Nz/2): 4.57367e-05 Phi A: 0.0575151 Phi B: 0.942485 Phi I: 5.82125e-52
Total charge: -7.18939e-20
etaHat: 124879
309  fE: -3.05626  dfE: 7.78406e-08  dW: 0.00167914  dPhi(Nx/2)(Ny/2)(Nz/2): 4.54339e-05 Phi A: 0.0575151 Phi B: 0.942485 Phi I: 5.82125e-52
Total charge: -7.18939e-20
etaHat: 124879
310  fE: -3.05626  dfE: 6.16335e-08  dW: 0.00166484  dPhi(Nx/2)(Ny/2)(Nz/2): 4.51381e-05 Phi A: 0.0575151 Phi B: 0.942485 Phi I: 5.82125e-52
Saving data . . .
Total charge: -7.18939e-20
etaHat: 124879
311  fE: -3.05626  dfE: 4.40986e-08  dW: 0.0016507  dPhi(Nx/2)(Ny/2)(Nz/2): 4.48486e-05 Phi A: 0.0575151 Phi B: 0.942485 Phi I: 5.82125e-52
Total charge: -7.18939e-20
etaHat: 124879
312  fE: -3.05626  dfE: 2.62496e-08  dW: 0.00163671  dPhi(Nx/2)(Ny/2)(Nz/2): 4.45643e-05 Phi A: 0.0575151 Phi B: 0.942485 Phi I: 5.82125e-52
Total charge: -7.18939e-20
etaHat: 124879
313  fE: -3.05626  dfE: 9.00937e-09  dW: 0.00162288  dPhi(Nx/2)(Ny/2)(Nz/2): 4.42843e-05 Phi A: 0.0575151 Phi B: 0.942485 Phi I: 5.82125e-52
Total charge: -7.18939e-20
etaHat: 124879
314  fE: -3.05626  dfE: 6.82601e-09  dW: 0.0016092  dPhi(Nx/2)(Ny/2)(Nz/2): 4.40077e-05 Phi A: 0.0575151 Phi B: 0.942485 Phi I: 5.82125e-52
Total charge: -7.18939e-20
etaHat: 124879
315  fE: -3.05626  dfE: 2.06144e-08  dW: 0.00159567  dPhi(Nx/2)(Ny/2)(Nz/2): 4.37336e-05 Phi A: 0.0575151 Phi B: 0.942485 Phi I: 5.82125e-52
Total charge: -7.18939e-20
etaHat: 124879
316  fE: -3.05626  dfE: 3.1883e-08  dW: 0.00158229  dPhi(Nx/2)(Ny/2)(Nz/2): 4.3461e-05 Phi A: 0.0575151 Phi B: 0.942485 Phi I: 5.82125e-52
Total charge: -7.18939e-20
etaHat: 124879
317  fE: -3.05626  dfE: 4.03343e-08  dW: 0.00156905  dPhi(Nx/2)(Ny/2)(Nz/2): 4.31893e-05 Phi A: 0.0575151 Phi B: 0.942485 Phi I: 5.82125e-52
Total charge: -7.18939e-20
etaHat: 124879
318  fE: -3.05626  dfE: 4.58427e-08  dW: 0.00155596  dPhi(Nx/2)(Ny/2)(Nz/2): 4.29178e-05 Phi A: 0.0575151 Phi B: 0.942485 Phi I: 5.82125e-52
Total charge: -7.18939e-20
etaHat: 124879
319  fE: -3.05626  dfE: 4.84426e-08  dW: 0.001543  dPhi(Nx/2)(Ny/2)(Nz/2): 4.26459e-05 Phi A: 0.0575151 Phi B: 0.942485 Phi I: 5.82125e-52
Total charge: -7.18939e-20
etaHat: 124879
320  fE: -3.05626  dfE: 4.83099e-08  dW: 0.00153018  dPhi(Nx/2)(Ny/2)(Nz/2): 4.23735e-05 Phi A: 0.0575151 Phi B: 0.942485 Phi I: 5.82125e-52
Saving data . . .
Total charge: -7.18939e-20
etaHat: 124879
321  fE: -3.05626  dfE: 4.57384e-08  dW: 0.00151748  dPhi(Nx/2)(Ny/2)(Nz/2): 4.21001e-05 Phi A: 0.0575151 Phi B: 0.942485 Phi I: 5.82125e-52
Total charge: -7.18939e-20
etaHat: 124879
322  fE: -3.05626  dfE: 4.11129e-08  dW: 0.00150492  dPhi(Nx/2)(Ny/2)(Nz/2): 4.18257e-05 Phi A: 0.0575151 Phi B: 0.942485 Phi I: 5.82125e-52
Total charge: -7.18939e-20
etaHat: 124879
323  fE: -3.05626  dfE: 3.48801e-08  dW: 0.00149249  dPhi(Nx/2)(Ny/2)(Nz/2): 4.15503e-05 Phi A: 0.0575151 Phi B: 0.942485 Phi I: 5.82125e-52
Total charge: -7.18939e-20
etaHat: 124879
324  fE: -3.05626  dfE: 2.75203e-08  dW: 0.00148019  dPhi(Nx/2)(Ny/2)(Nz/2): 4.1274e-05 Phi A: 0.0575151 Phi B: 0.942485 Phi I: 5.82125e-52
Total charge: -7.18939e-20
etaHat: 124879
325  fE: -3.05626  dfE: 1.95196e-08  dW: 0.00146802  dPhi(Nx/2)(Ny/2)(Nz/2): 4.09969e-05 Phi A: 0.0575151 Phi B: 0.942485 Phi I: 5.82125e-52
Total charge: -7.18939e-20
etaHat: 124879
326  fE: -3.05626  dfE: 1.13449e-08  dW: 0.00145597  dPhi(Nx/2)(Ny/2)(Nz/2): 4.07193e-05 Phi A: 0.0575151 Phi B: 0.942485 Phi I: 5.82125e-52
Total charge: -7.18939e-20
etaHat: 124879
327  fE: -3.05626  dfE: 3.42308e-09  dW: 0.00144405  dPhi(Nx/2)(Ny/2)(Nz/2): 4.04415e-05 Phi A: 0.0575151 Phi B: 0.942485 Phi I: 5.82125e-52
Total charge: -7.18939e-20
etaHat: 124879
328  fE: -3.05626  dfE: 3.87653e-09  dW: 0.00143224  dPhi(Nx/2)(Ny/2)(Nz/2): 4.01637e-05 Phi A: 0.0575151 Phi B: 0.942485 Phi I: 5.82125e-52
Total charge: -7.18939e-20
etaHat: 124879
329  fE: -3.05626  dfE: 1.02544e-08  dW: 0.00142056  dPhi(Nx/2)(Ny/2)(Nz/2): 3.98862e-05 Phi A: 0.0575151 Phi B: 0.942485 Phi I: 5.82125e-52
Total charge: -7.18939e-20
etaHat: 124879
330  fE: -3.05626  dfE: 1.54884e-08  dW: 0.00140899  dPhi(Nx/2)(Ny/2)(Nz/2): 3.96092e-05 Phi A: 0.0575151 Phi B: 0.942485 Phi I: 5.82125e-52
Saving data . . .
Total charge: -7.18939e-20
etaHat: 124879
331  fE: -3.05626  dfE: 1.94368e-08  dW: 0.00139753  dPhi(Nx/2)(Ny/2)(Nz/2): 3.93331e-05 Phi A: 0.0575151 Phi B: 0.942485 Phi I: 5.82125e-52
Total charge: -7.18939e-20
etaHat: 124879
332  fE: -3.05626  dfE: 2.20368e-08  dW: 0.00138619  dPhi(Nx/2)(Ny/2)(Nz/2): 3.9058e-05 Phi A: 0.0575151 Phi B: 0.942485 Phi I: 5.82125e-52
Total charge: -7.18939e-20
etaHat: 124879
333  fE: -3.05626  dfE: 2.32997e-08  dW: 0.00137496  dPhi(Nx/2)(Ny/2)(Nz/2): 3.87841e-05 Phi A: 0.0575151 Phi B: 0.942485 Phi I: 5.82125e-52
Total charge: -7.18939e-20
etaHat: 124879
334  fE: -3.05626  dfE: 2.33023e-08  dW: 0.00136384  dPhi(Nx/2)(Ny/2)(Nz/2): 3.85114e-05 Phi A: 0.0575151 Phi B: 0.942485 Phi I: 5.82125e-52
Total charge: -7.18939e-20
etaHat: 124879
335  fE: -3.05626  dfE: 2.21758e-08  dW: 0.00135283  dPhi(Nx/2)(Ny/2)(Nz/2): 3.82401e-05 Phi A: 0.0575151 Phi B: 0.942485 Phi I: 5.82125e-52
Total charge: -7.18939e-20
etaHat: 124879
336  fE: -3.05626  dfE: 2.00947e-08  dW: 0.00134194  dPhi(Nx/2)(Ny/2)(Nz/2): 3.79701e-05 Phi A: 0.0575151 Phi B: 0.942485 Phi I: 5.82125e-52
Total charge: -7.18939e-20
etaHat: 124879
337  fE: -3.05626  dfE: 1.72623e-08  dW: 0.00133116  dPhi(Nx/2)(Ny/2)(Nz/2): 3.77016e-05 Phi A: 0.0575151 Phi B: 0.942485 Phi I: 5.82125e-52
Total charge: -7.18939e-20
etaHat: 124879
338  fE: -3.05626  dfE: 1.38984e-08  dW: 0.00132049  dPhi(Nx/2)(Ny/2)(Nz/2): 3.74343e-05 Phi A: 0.0575151 Phi B: 0.942485 Phi I: 5.82125e-52
Total charge: -7.18939e-20
etaHat: 124879
339  fE: -3.05626  dfE: 1.02262e-08  dW: 0.00130993  dPhi(Nx/2)(Ny/2)(Nz/2): 3.71683e-05 Phi A: 0.0575151 Phi B: 0.942485 Phi I: 5.82125e-52
Total charge: -7.18939e-20
etaHat: 124879
340  fE: -3.05626  dfE: 6.4607e-09  dW: 0.00129947  dPhi(Nx/2)(Ny/2)(Nz/2): 3.69036e-05 Phi A: 0.0575151 Phi B: 0.942485 Phi I: 5.82125e-52
Saving data . . .
Total charge: -7.18939e-20
etaHat: 124879
341  fE: -3.05626  dfE: 2.7992e-09  dW: 0.00128911  dPhi(Nx/2)(Ny/2)(Nz/2): 3.664e-05 Phi A: 0.0575151 Phi B: 0.942485 Phi I: 5.82125e-52
Total charge: -7.18938e-20
etaHat: 124879
342  fE: -3.05626  dfE: 5.86904e-10  dW: 0.00127885  dPhi(Nx/2)(Ny/2)(Nz/2): 3.63774e-05 Phi A: 0.0575151 Phi B: 0.942485 Phi I: 5.82125e-52
Total charge: -7.18938e-20
etaHat: 124879
343  fE: -3.05626  dfE: 3.55799e-09  dW: 0.00126869  dPhi(Nx/2)(Ny/2)(Nz/2): 3.61159e-05 Phi A: 0.0575151 Phi B: 0.942485 Phi I: 5.82125e-52
Total charge: -7.18938e-20
etaHat: 124879
344  fE: -3.05626  dfE: 6.00978e-09  dW: 0.00125863  dPhi(Nx/2)(Ny/2)(Nz/2): 3.58554e-05 Phi A: 0.0575151 Phi B: 0.942485 Phi I: 5.82125e-52
Total charge: -7.18938e-20
etaHat: 124879
345  fE: -3.05626  dfE: 7.87472e-09  dW: 0.00124866  dPhi(Nx/2)(Ny/2)(Nz/2): 3.55959e-05 Phi A: 0.0575151 Phi B: 0.942485 Phi I: 5.82125e-52
Total charge: -7.18938e-20
etaHat: 124879
346  fE: -3.05626  dfE: 9.12178e-09  dW: 0.0012388  dPhi(Nx/2)(Ny/2)(Nz/2): 3.53374e-05 Phi A: 0.0575151 Phi B: 0.942485 Phi I: 5.82125e-52
Total charge: -7.18938e-20
etaHat: 124879
347  fE: -3.05626  dfE: 9.754e-09  dW: 0.00122903  dPhi(Nx/2)(Ny/2)(Nz/2): 3.508e-05 Phi A: 0.0575151 Phi B: 0.942485 Phi I: 5.82125e-52
Total charge: -7.18938e-20
etaHat: 124879
348  fE: -3.05626  dfE: 9.80466e-09  dW: 0.00121936  dPhi(Nx/2)(Ny/2)(Nz/2): 3.48237e-05 Phi A: 0.0575151 Phi B: 0.942485 Phi I: 5.82125e-52
Total charge: -7.18938e-20
etaHat: 124879
349  fE: -3.05626  dfE: 9.33267e-09  dW: 0.00120978  dPhi(Nx/2)(Ny/2)(Nz/2): 3.45686e-05 Phi A: 0.0575151 Phi B: 0.942485 Phi I: 5.82125e-52
Total charge: -7.18938e-20
etaHat: 124879
350  fE: -3.05626  dfE: 8.41671e-09  dW: 0.00120029  dPhi(Nx/2)(Ny/2)(Nz/2): 3.43148e-05 Phi A: 0.0575151 Phi B: 0.942485 Phi I: 5.82125e-52
Saving data . . .
Total charge: -7.18938e-20
etaHat: 124879
351  fE: -3.05626  dfE: 7.14966e-09  dW: 0.0011909  dPhi(Nx/2)(Ny/2)(Nz/2): 3.40625e-05 Phi A: 0.0575151 Phi B: 0.942485 Phi I: 5.82125e-52
Total charge: -7.18938e-20
etaHat: 124879
352  fE: -3.05626  dfE: 5.63172e-09  dW: 0.0011816  dPhi(Nx/2)(Ny/2)(Nz/2): 3.38119e-05 Phi A: 0.0575151 Phi B: 0.942485 Phi I: 5.82125e-52
Total charge: -7.18938e-20
etaHat: 124879
353  fE: -3.05626  dfE: 3.96552e-09  dW: 0.00117239  dPhi(Nx/2)(Ny/2)(Nz/2): 3.3563e-05 Phi A: 0.0575151 Phi B: 0.942485 Phi I: 5.82125e-52
Total charge: -7.18938e-20
etaHat: 124879
354  fE: -3.05626  dfE: 2.25005e-09  dW: 0.00116327  dPhi(Nx/2)(Ny/2)(Nz/2): 3.3316e-05 Phi A: 0.0575151 Phi B: 0.942485 Phi I: 5.82125e-52
Total charge: -7.18938e-20
etaHat: 124879
355  fE: -3.05626  dfE: 5.76531e-10  dW: 0.00115424  dPhi(Nx/2)(Ny/2)(Nz/2): 3.30711e-05 Phi A: 0.0575151 Phi B: 0.942485 Phi I: 5.82125e-52
Total charge: -7.18938e-20
etaHat: 124879
356  fE: -3.05626  dfE: 9.75668e-10  dW: 0.0011453  dPhi(Nx/2)(Ny/2)(Nz/2): 3.28285e-05 Phi A: 0.0575151 Phi B: 0.942485 Phi I: 5.82125e-52
Total charge: -7.18938e-20
etaHat: 124879
357  fE: -3.05626  dfE: 2.34133e-09  dW: 0.00113644  dPhi(Nx/2)(Ny/2)(Nz/2): 3.25881e-05 Phi A: 0.0575151 Phi B: 0.942485 Phi I: 5.82125e-52
Total charge: -7.18938e-20
etaHat: 124879
358  fE: -3.05626  dfE: 3.47159e-09  dW: 0.00112767  dPhi(Nx/2)(Ny/2)(Nz/2): 3.23503e-05 Phi A: 0.0575151 Phi B: 0.942485 Phi I: 5.82125e-52
Total charge: -7.18938e-20
etaHat: 124879
359  fE: -3.05626  dfE: 4.33431e-09  dW: 0.00111898  dPhi(Nx/2)(Ny/2)(Nz/2): 3.2115e-05 Phi A: 0.0575151 Phi B: 0.942485 Phi I: 5.82125e-52
Total charge: -7.18938e-20
etaHat: 124879
360  fE: -3.05626  dfE: 4.91426e-09  dW: 0.00111037  dPhi(Nx/2)(Ny/2)(Nz/2): 3.18824e-05 Phi A: 0.0575151 Phi B: 0.942485 Phi I: 5.82125e-52
Saving data . . .
Total charge: -7.18938e-20
etaHat: 124879
361  fE: -3.05626  dfE: 5.21173e-09  dW: 0.00110184  dPhi(Nx/2)(Ny/2)(Nz/2): 3.16525e-05 Phi A: 0.0575151 Phi B: 0.942485 Phi I: 5.82125e-52
Total charge: -7.18938e-20
etaHat: 124879
362  fE: -3.05626  dfE: 5.24115e-09  dW: 0.00109339  dPhi(Nx/2)(Ny/2)(Nz/2): 3.14252e-05 Phi A: 0.0575151 Phi B: 0.942485 Phi I: 5.82125e-52
Total charge: -7.18938e-20
etaHat: 124879
363  fE: -3.05626  dfE: 5.02893e-09  dW: 0.00108502  dPhi(Nx/2)(Ny/2)(Nz/2): 3.12007e-05 Phi A: 0.0575151 Phi B: 0.942485 Phi I: 5.82125e-52
Total charge: -7.18938e-20
etaHat: 124879
364  fE: -3.05626  dfE: 4.61062e-09  dW: 0.00107674  dPhi(Nx/2)(Ny/2)(Nz/2): 3.09788e-05 Phi A: 0.0575151 Phi B: 0.942485 Phi I: 5.82125e-52
Total charge: -7.18938e-20
etaHat: 124879
365  fE: -3.05626  dfE: 4.02837e-09  dW: 0.00106854  dPhi(Nx/2)(Ny/2)(Nz/2): 3.07596e-05 Phi A: 0.0575151 Phi B: 0.942485 Phi I: 5.82125e-52
Total charge: -7.18938e-20
etaHat: 124879
366  fE: -3.05626  dfE: 3.32815e-09  dW: 0.00106041  dPhi(Nx/2)(Ny/2)(Nz/2): 3.0543e-05 Phi A: 0.0575151 Phi B: 0.942485 Phi I: 5.82125e-52
Total charge: -7.18938e-20
etaHat: 124879
367  fE: -3.05626  dfE: 2.55704e-09  dW: 0.00105236  dPhi(Nx/2)(Ny/2)(Nz/2): 3.03289e-05 Phi A: 0.0575151 Phi B: 0.942485 Phi I: 5.82125e-52
Total charge: -7.18938e-20
etaHat: 124879
368  fE: -3.05626  dfE: 1.76043e-09  dW: 0.00104439  dPhi(Nx/2)(Ny/2)(Nz/2): 3.01173e-05 Phi A: 0.0575151 Phi B: 0.942485 Phi I: 5.82125e-52
Total charge: -7.18938e-20
etaHat: 124879
369  fE: -3.05626  dfE: 9.80688e-10  dW: 0.00103649  dPhi(Nx/2)(Ny/2)(Nz/2): 2.99079e-05 Phi A: 0.0575151 Phi B: 0.942485 Phi I: 5.82125e-52
Total charge: -7.18938e-20
etaHat: 124879
370  fE: -3.05626  dfE: 2.5455e-10  dW: 0.00102866  dPhi(Nx/2)(Ny/2)(Nz/2): 2.97008e-05 Phi A: 0.0575151 Phi B: 0.942485 Phi I: 5.82125e-52
Saving data . . .
Total charge: -7.18938e-20
etaHat: 124879
371  fE: -3.05626  dfE: 3.8766e-10  dW: 0.0010209  dPhi(Nx/2)(Ny/2)(Nz/2): 2.94957e-05 Phi A: 0.0575151 Phi B: 0.942485 Phi I: 5.82125e-52
Total charge: -7.18938e-20
etaHat: 124879
372  fE: -3.05626  dfE: 9.23039e-10  dW: 0.00101321  dPhi(Nx/2)(Ny/2)(Nz/2): 2.92927e-05 Phi A: 0.0575151 Phi B: 0.942485 Phi I: 5.82125e-52
Total charge: -7.18938e-20
etaHat: 124879
373  fE: -3.05626  dfE: 1.33622e-09  dW: 0.00100559  dPhi(Nx/2)(Ny/2)(Nz/2): 2.90916e-05 Phi A: 0.0575151 Phi B: 0.942485 Phi I: 5.82125e-52
Total charge: -7.18938e-20
etaHat: 124879
374  fE: -3.05626  dfE: 1.61975e-09  dW: 0.000998041  dPhi(Nx/2)(Ny/2)(Nz/2): 2.88922e-05 Phi A: 0.0575151 Phi B: 0.942485 Phi I: 5.82125e-52
Saving data . . .
