Total charge: 124877
etaHat: 124877
0  fE: -9366.89  dfE: 9466.89  dW: 15.8727  dPhi(Nx/2)(Ny/2)(Nz/2): -4.11389 Phi A: 0.607494 Phi B: 4.48374 Phi I: 999.016
Saving data . . .
Total charge: 1.59566
etaHat: 124879
1  fE: -25220.9  dfE: 15854.1  dW: 19.5448  dPhi(Nx/2)(Ny/2)(Nz/2): -2.30675 Phi A: 0.330606 Phi B: 2.96206 Phi I: 0.0127653
Total charge: 1.54712e-18
etaHat: 124879
2  fE: -18.9644  dfE: 25202  dW: 20.6169  dPhi(Nx/2)(Ny/2)(Nz/2): -1.18035 Phi A: 0.195257 Phi B: 1.97622 Phi I: 1.43295e-20
Total charge: -1.55083e-19
etaHat: 124879
3  fE: -13.4906  dfE: 5.47386  dW: 20.1399  dPhi(Nx/2)(Ny/2)(Nz/2): -0.480984 Phi A: 0.124067 Phi B: 1.35119 Phi I: 5.82339e-52
Total charge: -1.05156e-19
etaHat: 124879
4  fE: -9.50957  dfE: 3.98098  dW: 18.7446  dPhi(Nx/2)(Ny/2)(Nz/2): -0.0433726 Phi A: 0.0841248 Phi B: 0.955429 Phi I: 5.82139e-52
Total charge: -7.56374e-20
etaHat: 124879
5  fE: -6.78297  dfE: 2.7266  dW: 16.8141  dPhi(Nx/2)(Ny/2)(Nz/2): 0.234299 Phi A: 0.0605099 Phi B: 0.702552 Phi I: 5.8196e-52
Total charge: -5.74692e-20
etaHat: 124879
6  fE: -4.9483  dfE: 1.83467  dW: 14.5853  dPhi(Nx/2)(Ny/2)(Nz/2): 0.413242 Phi A: 0.0459754 Phi B: 0.538888 Phi I: 5.81806e-52
Total charge: -4.59767e-20
etaHat: 124879
7  fE: -3.71145  dfE: 1.23685  dW: 12.2078  dPhi(Nx/2)(Ny/2)(Nz/2): 0.530008 Phi A: 0.0367814 Phi B: 0.431796 Phi I: 5.81677e-52
Total charge: -3.86258e-20
etaHat: 124879
8  fE: -2.86769  dfE: 0.843763  dW: 9.77823  dPhi(Nx/2)(Ny/2)(Nz/2): 0.606479 Phi A: 0.0309006 Phi B: 0.361523 Phi I: 5.81573e-52
Total charge: -3.39917e-20
etaHat: 124879
9  fE: -2.28204  dfE: 0.585648  dW: 7.36121  dPhi(Nx/2)(Ny/2)(Nz/2): 0.655822 Phi A: 0.0271933 Phi B: 0.316102 Phi I: 5.81494e-52
Total charge: -3.12577e-20
etaHat: 124879
10  fE: -1.86689  dfE: 0.415154  dW: 5.00158  dPhi(Nx/2)(Ny/2)(Nz/2): 0.685961 Phi A: 0.0250062 Phi B: 0.288298 Phi I: 5.81439e-52
Saving data . . .
Total charge: -2.99592e-20
etaHat: 124879
11  fE: -1.56502  dfE: 0.301863  dW: 2.73236  dPhi(Nx/2)(Ny/2)(Nz/2): 0.701581 Phi A: 0.0239673 Phi B: 0.273822 Phi I: 5.81408e-52
Total charge: -2.98486e-20
etaHat: 124879
12  fE: -1.3383  dfE: 0.226724  dW: 0.676244  dPhi(Nx/2)(Ny/2)(Nz/2): 0.705282 Phi A: 0.0238789 Phi B: 0.270284 Phi I: 5.814e-52
Total charge: -3.08234e-20
etaHat: 124879
13  fE: -1.16032  dfE: 0.177984  dW: 1.43229  dPhi(Nx/2)(Ny/2)(Nz/2): 0.698236 Phi A: 0.0246587 Phi B: 0.276608 Phi I: 5.81412e-52
Total charge: -3.28868e-20
etaHat: 124879
14  fE: -1.01185  dfE: 0.148468  dW: 3.28113  dPhi(Nx/2)(Ny/2)(Nz/2): 0.680549 Phi A: 0.0263094 Phi B: 0.29269 Phi I: 5.81444e-52
Total charge: -3.6125e-20
etaHat: 124879
15  fE: -0.878107  dfE: 0.133742  dW: 4.94144  dPhi(Nx/2)(Ny/2)(Nz/2): 0.65147 Phi A: 0.0289 Phi B: 0.319221 Phi I: 5.81494e-52
Total charge: -4.06914e-20
etaHat: 124879
16  fE: -0.747421  dfE: 0.130687  dW: 6.38422  dPhi(Nx/2)(Ny/2)(Nz/2): 0.609518 Phi A: 0.0325531 Phi B: 0.357568 Phi I: 5.81559e-52
Total charge: -4.67855e-20
etaHat: 124879
17  fE: -0.611339  dfE: 0.136082  dW: 7.57533  dPhi(Nx/2)(Ny/2)(Nz/2): 0.552622 Phi A: 0.0374284 Phi B: 0.409651 Phi I: 5.81638e-52
Total charge: -5.46169e-20
etaHat: 124879
18  fE: -0.466448  dfE: 0.144891  dW: 8.47502  dPhi(Nx/2)(Ny/2)(Nz/2): 0.47837 Phi A: 0.0436935 Phi B: 0.477728 Phi I: 5.81727e-52
Total charge: -6.43401e-20
etaHat: 124879
19  fE: -0.318275  dfE: 0.148174  dW: 9.03917  dPhi(Nx/2)(Ny/2)(Nz/2): 0.384494 Phi A: 0.051472 Phi B: 0.563963 Phi I: 5.81824e-52
Total charge: -7.59476e-20
etaHat: 124879
20  fE: -0.187084  dfE: 0.13119  dW: 9.22327  dPhi(Nx/2)(Ny/2)(Nz/2): 0.269713 Phi A: 0.0607581 Phi B: 0.669664 Phi I: 5.81924e-52
Saving data . . .
Total charge: -8.91263e-20
etaHat: 124879
21  fE: -0.113633  dfE: 0.0734519  dW: 8.9904  dPhi(Nx/2)(Ny/2)(Nz/2): 0.135013 Phi A: 0.0713011 Phi B: 0.794123 Phi I: 5.82023e-52
Total charge: -1.03112e-19
etaHat: 124879
22  fE: -0.159862  dfE: 0.0462295  dW: 8.32332  dPhi(Nx/2)(Ny/2)(Nz/2): -0.0148374 Phi A: 0.0824899 Phi B: 0.933208 Phi I: 5.82118e-52
Total charge: -1.16634e-19
etaHat: 124879
23  fE: -0.39722  dfE: 0.237358  dW: 7.239  dPhi(Nx/2)(Ny/2)(Nz/2): -0.170135 Phi A: 0.0933072 Phi B: 1.07825 Phi I: 5.82203e-52
Total charge: -1.28057e-19
etaHat: 124879
24  fE: -0.878488  dfE: 0.481267  dW: 5.80009  dPhi(Nx/2)(Ny/2)(Nz/2): -0.316468 Phi A: 0.102446 Phi B: 1.21611 Phi I: 5.82274e-52
Total charge: -1.35785e-19
etaHat: 124879
25  fE: -1.60167  dfE: 0.723179  dW: 4.1163  dPhi(Nx/2)(Ny/2)(Nz/2): -0.437194 Phi A: 0.108628 Phi B: 1.33141 Phi I: 5.82328e-52
Total charge: -1.38781e-19
etaHat: 124879
26  fE: -2.4894  dfE: 0.887733  dW: 2.33069  dPhi(Nx/2)(Ny/2)(Nz/2): -0.517876 Phi A: 0.111024 Phi B: 1.41043 Phi I: 5.82363e-52
Total charge: -1.36938e-19
etaHat: 124879
27  fE: -3.40556  dfE: 0.91616  dW: 1.23829  dPhi(Nx/2)(Ny/2)(Nz/2): -0.55076 Phi A: 0.109551 Phi B: 1.44544 Phi I: 5.82379e-52
Total charge: -1.31061e-19
etaHat: 124879
28  fE: -4.20459  dfE: 0.799034  dW: 0.998326  dPhi(Nx/2)(Ny/2)(Nz/2): -0.536841 Phi A: 0.104849 Phi B: 1.4367 Phi I: 5.82377e-52
Total charge: -1.22488e-19
etaHat: 124879
29  fE: -4.78273  dfE: 0.578137  dW: 2.25096  dPhi(Nx/2)(Ny/2)(Nz/2): -0.484554 Phi A: 0.0979908 Phi B: 1.39155 Phi I: 5.8236e-52
Total charge: -1.12633e-19
etaHat: 124879
30  fE: -5.10193  dfE: 0.319198  dW: 3.22074  dPhi(Nx/2)(Ny/2)(Nz/2): -0.406246 Phi A: 0.0901066 Phi B: 1.32122 Phi I: 5.82331e-52
Saving data . . .
Total charge: -1.02649e-19
etaHat: 124879
31  fE: -5.18201  dfE: 0.0800854  dW: 3.86479  dPhi(Nx/2)(Ny/2)(Nz/2): -0.31452 Phi A: 0.0821189 Phi B: 1.23741 Phi I: 5.82293e-52
Total charge: -9.33106e-20
etaHat: 124879
32  fE: -5.07614  dfE: 0.105872  dW: 4.20276  dPhi(Nx/2)(Ny/2)(Nz/2): -0.219838 Phi A: 0.0746485 Phi B: 1.15002 Phi I: 5.82251e-52
Total charge: -8.5047e-20
etaHat: 124879
33  fE: -4.84649  dfE: 0.229654  dW: 4.27112  dPhi(Nx/2)(Ny/2)(Nz/2): -0.129634 Phi A: 0.0680376 Phi B: 1.06618 Phi I: 5.82207e-52
Total charge: -7.80316e-20
etaHat: 124879
34  fE: -4.54858  dfE: 0.297905  dW: 4.11435  dPhi(Nx/2)(Ny/2)(Nz/2): -0.0484795 Phi A: 0.0624253 Phi B: 0.990357 Phi I: 5.82164e-52
Total charge: -7.22804e-20
etaHat: 124879
35  fE: -4.22475  dfE: 0.323835  dW: 3.77887  dPhi(Nx/2)(Ny/2)(Nz/2): 0.021284 Phi A: 0.0578243 Phi B: 0.924911 Phi I: 5.82124e-52
Total charge: -6.77252e-20
etaHat: 124879
36  fE: -3.9036  dfE: 0.321146  dW: 3.30947  dPhi(Nx/2)(Ny/2)(Nz/2): 0.0788263 Phi A: 0.0541801 Phi B: 0.870741 Phi I: 5.82088e-52
Total charge: -6.42622e-20
etaHat: 124879
37  fE: -3.60245  dfE: 0.301149  dW: 2.74738  dPhi(Nx/2)(Ny/2)(Nz/2): 0.124231 Phi A: 0.0514097 Phi B: 0.827852 Phi I: 5.82059e-52
Total charge: -6.17796e-20
etaHat: 124879
38  fE: -3.33045  dfE: 0.272007  dW: 2.12963  dPhi(Nx/2)(Ny/2)(Nz/2): 0.158069 Phi A: 0.0494237 Phi B: 0.795769 Phi I: 5.82035e-52
Total charge: -6.01711e-20
etaHat: 124879
39  fE: -3.09142  dfE: 0.23903  dW: 1.48889  dPhi(Nx/2)(Ny/2)(Nz/2): 0.181122 Phi A: 0.0481369 Phi B: 0.773792 Phi I: 5.82018e-52
Total charge: -5.93408e-20
etaHat: 124879
40  fE: -2.8861  dfE: 0.205316  dW: 0.853714  dPhi(Nx/2)(Ny/2)(Nz/2): 0.194237 Phi A: 0.0474726 Phi B: 0.761148 Phi I: 5.82008e-52
Saving data . . .
Total charge: -5.92024e-20
etaHat: 124879
41  fE: -2.7137  dfE: 0.172396  dW: 0.259162  dPhi(Nx/2)(Ny/2)(Nz/2): 0.198255 Phi A: 0.0473619 Phi B: 0.757061 Phi I: 5.82005e-52
Total charge: -5.96765e-20
etaHat: 124879
42  fE: -2.57294  dfE: 0.140768  dW: 0.306122  dPhi(Nx/2)(Ny/2)(Nz/2): 0.194 Phi A: 0.0477412 Phi B: 0.760765 Phi I: 5.82007e-52
Total charge: -6.06852e-20
etaHat: 124879
43  fE: -2.46264  dfE: 0.110294  dW: 0.78913  dPhi(Nx/2)(Ny/2)(Nz/2): 0.182306 Phi A: 0.0485482 Phi B: 0.77148 Phi I: 5.82015e-52
Total charge: -6.21475e-20
etaHat: 124879
44  fE: -2.38214  dfE: 0.0805037  dW: 1.19031  dPhi(Nx/2)(Ny/2)(Nz/2): 0.164059 Phi A: 0.049718 Phi B: 0.788381 Phi I: 5.82027e-52
Total charge: -6.3974e-20
etaHat: 124879
45  fE: -2.3313  dfE: 0.0508404  dW: 1.49773  dPhi(Nx/2)(Ny/2)(Nz/2): 0.140249 Phi A: 0.0511792 Phi B: 0.81054 Phi I: 5.82043e-52
Total charge: -6.60638e-20
etaHat: 124879
46  fE: -2.31041  dfE: 0.0208881  dW: 1.70485  dPhi(Nx/2)(Ny/2)(Nz/2): 0.112018 Phi A: 0.052851 Phi B: 0.836891 Phi I: 5.82061e-52
Total charge: -6.83028e-20
etaHat: 124879
47  fE: -2.31983  dfE: 0.00942159  dW: 1.80944  dPhi(Nx/2)(Ny/2)(Nz/2): 0.0806876 Phi A: 0.0546423 Phi B: 0.8662 Phi I: 5.82081e-52
Total charge: -7.05663e-20
etaHat: 124879
48  fE: -2.35946  dfE: 0.0396338  dW: 1.81386  dPhi(Nx/2)(Ny/2)(Nz/2): 0.0477546 Phi A: 0.0564531 Phi B: 0.897067 Phi I: 5.82101e-52
Total charge: -7.2724e-20
etaHat: 124879
49  fE: -2.42814  dfE: 0.0686758  dW: 1.72514  dPhi(Nx/2)(Ny/2)(Nz/2): 0.0148492 Phi A: 0.0581792 Phi B: 0.927965 Phi I: 5.82121e-52
Total charge: -7.46493e-20
etaHat: 124879
50  fE: -2.52304  dfE: 0.0948974  dW: 1.55479  dPhi(Nx/2)(Ny/2)(Nz/2): -0.0163524 Phi A: 0.0597194 Phi B: 0.957321 Phi I: 5.82139e-52
Saving data . . .
Total charge: -7.62303e-20
etaHat: 124879
51  fE: -2.63932  dfE: 0.116285  dW: 1.31817  dPhi(Nx/2)(Ny/2)(Nz/2): -0.0442522 Phi A: 0.0609842 Phi B: 0.983633 Phi I: 5.82154e-52
Total charge: -7.73812e-20
etaHat: 124879
52  fE: -2.77016  dfE: 0.130837  dW: 1.03356  dPhi(Nx/2)(Ny/2)(Nz/2): -0.0674713 Phi A: 0.061905 Phi B: 1.0056 Phi I: 5.82167e-52
Total charge: -7.80509e-20
etaHat: 124879
53  fE: -2.90717  dfE: 0.137013  dW: 0.720776  dPhi(Nx/2)(Ny/2)(Nz/2): -0.0849837 Phi A: 0.0624408 Phi B: 1.02224 Phi I: 5.82177e-52
Total charge: -7.82277e-20
etaHat: 124879
54  fE: -3.04131  dfE: 0.134133  dW: 0.405333  dPhi(Nx/2)(Ny/2)(Nz/2): -0.0962115 Phi A: 0.0625821 Phi B: 1.03301 Phi I: 5.82183e-52
Total charge: -7.79376e-20
etaHat: 124879
55  fE: -3.1639  dfE: 0.122592  dW: 0.248931  dPhi(Nx/2)(Ny/2)(Nz/2): -0.101064 Phi A: 0.0623501 Phi B: 1.03779 Phi I: 5.82186e-52
Total charge: -7.72391e-20
etaHat: 124879
56  fE: -3.26771  dfE: 0.103815  dW: 0.211624  dPhi(Nx/2)(Ny/2)(Nz/2): -0.0999123 Phi A: 0.0617913 Phi B: 1.03692 Phi I: 5.82185e-52
Total charge: -7.6213e-20
etaHat: 124879
57  fE: -3.34769  dfE: 0.0799805  dW: 0.440036  dPhi(Nx/2)(Ny/2)(Nz/2): -0.0935085 Phi A: 0.0609704 Phi B: 1.0311 Phi I: 5.82182e-52
Total charge: -7.49519e-20
etaHat: 124879
58  fE: -3.4013  dfE: 0.0536063  dW: 0.637092  dPhi(Nx/2)(Ny/2)(Nz/2): -0.0828701 Phi A: 0.0599615 Phi B: 1.02127 Phi I: 5.82177e-52
Total charge: -7.35501e-20
etaHat: 124879
59  fE: -3.42843  dfE: 0.0271308  dW: 0.781248  dPhi(Nx/2)(Ny/2)(Nz/2): -0.0691531 Phi A: 0.0588401 Phi B: 1.00852 Phi I: 5.82169e-52
Total charge: -7.20958e-20
etaHat: 124879
60  fE: -3.43102  dfE: 0.00258722  dW: 0.871196  dPhi(Nx/2)(Ny/2)(Nz/2): -0.0535361 Phi A: 0.0576766 Phi B: 0.993941 Phi I: 5.82161e-52
Saving data . . .
Total charge: -7.06654e-20
etaHat: 124879
61  fE: -3.41245  dfE: 0.0185721  dW: 0.908761  dPhi(Nx/2)(Ny/2)(Nz/2): -0.0371271 Phi A: 0.0565323 Phi B: 0.978589 Phi I: 5.82152e-52
Total charge: -6.93216e-20
etaHat: 124879
62  fE: -3.37694  dfE: 0.0355088  dW: 0.898289  dPhi(Nx/2)(Ny/2)(Nz/2): -0.0209006 Phi A: 0.0554573 Phi B: 0.963382 Phi I: 5.82142e-52
Total charge: -6.81117e-20
etaHat: 124879
63  fE: -3.32901  dfE: 0.0479256  dW: 0.845999  dPhi(Nx/2)(Ny/2)(Nz/2): -0.00566253 Phi A: 0.0544893 Phi B: 0.949083 Phi I: 5.82134e-52
Total charge: -6.70689e-20
etaHat: 124879
64  fE: -3.27307  dfE: 0.0559386  dW: 0.759366  dPhi(Nx/2)(Ny/2)(Nz/2): 0.00796147 Phi A: 0.0536551 Phi B: 0.936289 Phi I: 5.82126e-52
Total charge: -6.62138e-20
etaHat: 124879
65  fE: -3.21314  dfE: 0.0599363  dW: 0.646557  dPhi(Nx/2)(Ny/2)(Nz/2): 0.0195223 Phi A: 0.052971 Phi B: 0.925428 Phi I: 5.82119e-52
Total charge: -6.55556e-20
etaHat: 124879
66  fE: -3.15268  dfE: 0.0604557  dW: 0.515952  dPhi(Nx/2)(Ny/2)(Nz/2): 0.0287337 Phi A: 0.0524445 Phi B: 0.916776 Phi I: 5.82113e-52
Total charge: -6.50944e-20
etaHat: 124879
67  fE: -3.09459  dfE: 0.0580875  dW: 0.375744  dPhi(Nx/2)(Ny/2)(Nz/2): 0.0354536 Phi A: 0.0520755 Phi B: 0.910473 Phi I: 5.82109e-52
Total charge: -6.48225e-20
etaHat: 124879
68  fE: -3.04118  dfE: 0.0534143  dW: 0.233615  dPhi(Nx/2)(Ny/2)(Nz/2): 0.0396651 Phi A: 0.051858 Phi B: 0.906539 Phi I: 5.82106e-52
Total charge: -6.47258e-20
etaHat: 124879
69  fE: -2.9942  dfE: 0.0469771  dW: 0.0976094  dPhi(Nx/2)(Ny/2)(Nz/2): 0.0414579 Phi A: 0.0517806 Phi B: 0.904896 Phi I: 5.82105e-52
Total charge: -6.47852e-20
etaHat: 124879
70  fE: -2.95494  dfE: 0.0392637  dW: 0.0456472  dPhi(Nx/2)(Ny/2)(Nz/2): 0.041011 Phi A: 0.0518281 Phi B: 0.905378 Phi I: 5.82105e-52
Saving data . . .
Total charge: -6.49772e-20
etaHat: 124879
71  fE: -2.92423  dfE: 0.0307107  dW: 0.140097  dPhi(Nx/2)(Ny/2)(Nz/2): 0.0385772 Phi A: 0.0519818 Phi B: 0.90775 Phi I: 5.82106e-52
Total charge: -6.52755e-20
etaHat: 124879
72  fE: -2.90252  dfE: 0.0217138  dW: 0.230992  dPhi(Nx/2)(Ny/2)(Nz/2): 0.0344682 Phi A: 0.0522204 Phi B: 0.911721 Phi I: 5.82109e-52
Total charge: -6.56516e-20
etaHat: 124879
73  fE: -2.88988  dfE: 0.0126384  dW: 0.300058  dPhi(Nx/2)(Ny/2)(Nz/2): 0.0290395 Phi A: 0.0525213 Phi B: 0.916958 Phi I: 5.82112e-52
Total charge: -6.60761e-20
etaHat: 124879
74  fE: -2.88605  dfE: 0.00382858  dW: 0.346116  dPhi(Nx/2)(Ny/2)(Nz/2): 0.0226751 Phi A: 0.0528609 Phi B: 0.923099 Phi I: 5.82116e-52
Total charge: -6.65199e-20
etaHat: 124879
75  fE: -2.89044  dfE: 0.00439049  dW: 0.369214  dPhi(Nx/2)(Ny/2)(Nz/2): 0.0157706 Phi A: 0.053216 Phi B: 0.929772 Phi I: 5.8212e-52
Total charge: -6.69554e-20
etaHat: 124879
76  fE: -2.90216  dfE: 0.0117166  dW: 0.370507  dPhi(Nx/2)(Ny/2)(Nz/2): 0.00871643 Phi A: 0.0535643 Phi B: 0.936606 Phi I: 5.82124e-52
Total charge: -6.73576e-20
etaHat: 124879
77  fE: -2.92004  dfE: 0.0178819  dW: 0.352119  dPhi(Nx/2)(Ny/2)(Nz/2): 0.00187975 Phi A: 0.0538861 Phi B: 0.943254 Phi I: 5.82128e-52
Total charge: -6.77055e-20
etaHat: 124879
78  fE: -2.94271  dfE: 0.0226683  dW: 0.316958  dPhi(Nx/2)(Ny/2)(Nz/2): -0.00441184 Phi A: 0.0541644 Phi B: 0.949402 Phi I: 5.82132e-52
Total charge: -6.79828e-20
etaHat: 124879
79  fE: -2.96863  dfE: 0.0259256  dW: 0.268507  dPhi(Nx/2)(Ny/2)(Nz/2): -0.00988524 Phi A: 0.0543863 Phi B: 0.95479 Phi I: 5.82135e-52
Total charge: -6.81785e-20
etaHat: 124879
80  fE: -2.99622  dfE: 0.027586  dW: 0.210597  dPhi(Nx/2)(Ny/2)(Nz/2): -0.0143332 Phi A: 0.0545428 Phi B: 0.959216 Phi I: 5.82137e-52
Saving data . . .
Total charge: -6.82871e-20
etaHat: 124879
81  fE: -3.02389  dfE: 0.0276734  dW: 0.147471  dPhi(Nx/2)(Ny/2)(Nz/2): -0.0176212 Phi A: 0.0546297 Phi B: 0.96255 Phi I: 5.82139e-52
Total charge: -6.83087e-20
etaHat: 124879
82  fE: -3.05019  dfE: 0.0263037  dW: 0.0906305  dPhi(Nx/2)(Ny/2)(Nz/2): -0.0196897 Phi A: 0.054647 Phi B: 0.964729 Phi I: 5.82141e-52
Total charge: -6.82481e-20
etaHat: 124879
83  fE: -3.07387  dfE: 0.0236748  dW: 0.0582666  dPhi(Nx/2)(Ny/2)(Nz/2): -0.0205512 Phi A: 0.0545985 Phi B: 0.965761 Phi I: 5.82141e-52
Total charge: -6.81143e-20
etaHat: 124879
84  fE: -3.09392  dfE: 0.0200494  dW: 0.0554608  dPhi(Nx/2)(Ny/2)(Nz/2): -0.0202824 Phi A: 0.0544915 Phi B: 0.965713 Phi I: 5.82141e-52
Total charge: -6.79195e-20
etaHat: 124879
85  fE: -3.10965  dfE: 0.0157303  dW: 0.0912573  dPhi(Nx/2)(Ny/2)(Nz/2): -0.0190135 Phi A: 0.0543356 Phi B: 0.964706 Phi I: 5.82141e-52
Total charge: -6.76779e-20
etaHat: 124879
86  fE: -3.12068  dfE: 0.0110341  dW: 0.13223  dPhi(Nx/2)(Ny/2)(Nz/2): -0.0169144 Phi A: 0.0541423 Phi B: 0.962896 Phi I: 5.82139e-52
Total charge: -6.74045e-20
etaHat: 124879
87  fE: -3.12695  dfE: 0.00626654  dW: 0.163577  dPhi(Nx/2)(Ny/2)(Nz/2): -0.0141808 Phi A: 0.0539236 Phi B: 0.960466 Phi I: 5.82138e-52
Total charge: -6.71146e-20
etaHat: 124879
88  fE: -3.12865  dfE: 0.00170087  dW: 0.184066  dPhi(Nx/2)(Ny/2)(Nz/2): -0.0110196 Phi A: 0.0536917 Phi B: 0.957612 Phi I: 5.82136e-52
Total charge: -6.68224e-20
etaHat: 124879
89  fE: -3.12621  dfE: 0.00243662  dW: 0.193805  dPhi(Nx/2)(Ny/2)(Nz/2): -0.00763633 Phi A: 0.0534579 Phi B: 0.954528 Phi I: 5.82134e-52
Total charge: -6.65407e-20
etaHat: 124879
90  fE: -3.12024  dfE: 0.00597522  dW: 0.193444  dPhi(Nx/2)(Ny/2)(Nz/2): -0.00422438 Phi A: 0.0532326 Phi B: 0.951396 Phi I: 5.82132e-52
Saving data . . .
Total charge: -6.62804e-20
etaHat: 124879
91  fE: -3.11144  dfE: 0.00880192  dW: 0.184067  dPhi(Nx/2)(Ny/2)(Nz/2): -0.000956103 Phi A: 0.0530243 Phi B: 0.94838 Phi I: 5.8213e-52
Total charge: -6.605e-20
etaHat: 124879
92  fE: -3.10058  dfE: 0.0108588  dW: 0.167088  dPhi(Nx/2)(Ny/2)(Nz/2): 0.00202312 Phi A: 0.05284 Phi B: 0.94562 Phi I: 5.82129e-52
Total charge: -6.58557e-20
etaHat: 124879
93  fE: -3.08844  dfE: 0.012137  dW: 0.144145  dPhi(Nx/2)(Ny/2)(Nz/2): 0.00459874 Phi A: 0.0526846 Phi B: 0.943225 Phi I: 5.82127e-52
Total charge: -6.57014e-20
etaHat: 124879
94  fE: -3.07577  dfE: 0.0126685  dW: 0.11699  dPhi(Nx/2)(Ny/2)(Nz/2): 0.0066888 Phi A: 0.0525611 Phi B: 0.941276 Phi I: 5.82126e-52
Total charge: -6.55884e-20
etaHat: 124879
95  fE: -3.06325  dfE: 0.0125175  dW: 0.0873974  dPhi(Nx/2)(Ny/2)(Nz/2): 0.00824383 Phi A: 0.0524707 Phi B: 0.939821 Phi I: 5.82125e-52
Total charge: -6.55164e-20
etaHat: 124879
96  fE: -3.05148  dfE: 0.0117721  dW: 0.0573418  dPhi(Nx/2)(Ny/2)(Nz/2): 0.00924535 Phi A: 0.0524131 Phi B: 0.938878 Phi I: 5.82124e-52
Total charge: -6.54829e-20
etaHat: 124879
97  fE: -3.04095  dfE: 0.0105362  dW: 0.0317202  dPhi(Nx/2)(Ny/2)(Nz/2): 0.00970323 Phi A: 0.0523863 Phi B: 0.938443 Phi I: 5.82124e-52
Total charge: -6.54841e-20
etaHat: 124879
98  fE: -3.03202  dfE: 0.0089231  dW: 0.0212006  dPhi(Nx/2)(Ny/2)(Nz/2): 0.00965205 Phi A: 0.0523873 Phi B: 0.938482 Phi I: 5.82124e-52
Total charge: -6.55148e-20
etaHat: 124879
99  fE: -3.02497  dfE: 0.00704949  dW: 0.0288999  dPhi(Nx/2)(Ny/2)(Nz/2): 0.00914698 Phi A: 0.0524119 Phi B: 0.938946 Phi I: 5.82124e-52
Total charge: -6.55693e-20
etaHat: 124879
100  fE: -3.01994  dfE: 0.0050307  dW: 0.0446694  dPhi(Nx/2)(Ny/2)(Nz/2): 0.00825909 Phi A: 0.0524554 Phi B: 0.939768 Phi I: 5.82125e-52
Saving data . . .
Total charge: -6.5641e-20
etaHat: 124879
101  fE: -3.01697  dfE: 0.00297645  dW: 0.059302  dPhi(Nx/2)(Ny/2)(Nz/2): 0.00707053 Phi A: 0.0525128 Phi B: 0.940874 Phi I: 5.82125e-52
Total charge: -6.57235e-20
etaHat: 124879
102  fE: -3.01598  dfE: 0.000987279  dW: 0.0696177  dPhi(Nx/2)(Ny/2)(Nz/2): 0.00566962 Phi A: 0.0525788 Phi B: 0.942179 Phi I: 5.82126e-52
Total charge: -6.58104e-20
etaHat: 124879
103  fE: -3.01683  dfE: 0.000848583  dW: 0.0751014  dPhi(Nx/2)(Ny/2)(Nz/2): 0.00414608 Phi A: 0.0526483 Phi B: 0.9436 Phi I: 5.82127e-52
Total charge: -6.58958e-20
etaHat: 124879
104  fE: -3.01929  dfE: 0.00245786  dW: 0.0759436  dPhi(Nx/2)(Ny/2)(Nz/2): 0.00258669 Phi A: 0.0527166 Phi B: 0.945056 Phi I: 5.82128e-52
Total charge: -6.59746e-20
etaHat: 124879
105  fE: -3.02307  dfE: 0.00378427  dW: 0.0725953  dPhi(Nx/2)(Ny/2)(Nz/2): 0.00107126 Phi A: 0.0527797 Phi B: 0.946471 Phi I: 5.82128e-52
Total charge: -6.60424e-20
etaHat: 124879
106  fE: -3.02786  dfE: 0.00478989  dW: 0.0656974  dPhi(Nx/2)(Ny/2)(Nz/2): -0.000330527 Phi A: 0.052834 Phi B: 0.94778 Phi I: 5.82129e-52
Total charge: -6.60961e-20
etaHat: 124879
107  fE: -3.03332  dfE: 0.00545572  dW: 0.0561214  dPhi(Nx/2)(Ny/2)(Nz/2): -0.00156169 Phi A: 0.0528769 Phi B: 0.948928 Phi I: 5.8213e-52
Total charge: -6.61334e-20
etaHat: 124879
108  fE: -3.0391  dfE: 0.00578131  dW: 0.0450523  dPhi(Nx/2)(Ny/2)(Nz/2): -0.00257957 Phi A: 0.0529067 Phi B: 0.949876 Phi I: 5.8213e-52
Total charge: -6.61533e-20
etaHat: 124879
109  fE: -3.04488  dfE: 0.00578345  dW: 0.0341615  dPhi(Nx/2)(Ny/2)(Nz/2): -0.00335657 Phi A: 0.0529226 Phi B: 0.950598 Phi I: 5.82131e-52
Total charge: -6.61557e-20
etaHat: 124879
110  fE: -3.05037  dfE: 0.005494  dW: 0.0254654  dPhi(Nx/2)(Ny/2)(Nz/2): -0.0038801 Phi A: 0.0529246 Phi B: 0.95108 Phi I: 5.82131e-52
Saving data . . .
Total charge: -6.61416e-20
etaHat: 124879
111  fE: -3.05533  dfE: 0.00495695  dW: 0.020806  dPhi(Nx/2)(Ny/2)(Nz/2): -0.00415168 Phi A: 0.0529133 Phi B: 0.951325 Phi I: 5.82131e-52
Total charge: -6.61126e-20
etaHat: 124879
112  fE: -3.05956  dfE: 0.00422498  dW: 0.0208793  dPhi(Nx/2)(Ny/2)(Nz/2): -0.00418542 Phi A: 0.0528901 Phi B: 0.951346 Phi I: 5.82131e-52
Total charge: -6.6071e-20
etaHat: 124879
113  fE: -3.06291  dfE: 0.00335572  dW: 0.0247094  dPhi(Nx/2)(Ny/2)(Nz/2): -0.00400594 Phi A: 0.0528568 Phi B: 0.951165 Phi I: 5.82131e-52
Total charge: -6.60195e-20
etaHat: 124879
114  fE: -3.06532  dfE: 0.00240813  dW: 0.0302726  dPhi(Nx/2)(Ny/2)(Nz/2): -0.00364603 Phi A: 0.0528156 Phi B: 0.950814 Phi I: 5.82131e-52
Total charge: -6.59611e-20
etaHat: 124879
115  fE: -3.06676  dfE: 0.00143904  dW: 0.0356714  dPhi(Nx/2)(Ny/2)(Nz/2): -0.003144 Phi A: 0.0527689 Phi B: 0.950329 Phi I: 5.82131e-52
Total charge: -6.58988e-20
etaHat: 124879
116  fE: -3.06726  dfE: 0.000500297  dW: 0.0397063  dPhi(Nx/2)(Ny/2)(Nz/2): -0.00254119 Phi A: 0.0527191 Phi B: 0.949748 Phi I: 5.8213e-52
Total charge: -6.58356e-20
etaHat: 124879
117  fE: -3.0669  dfE: 0.000363543  dW: 0.041834  dPhi(Nx/2)(Ny/2)(Nz/2): -0.00187946 Phi A: 0.0526685 Phi B: 0.949112 Phi I: 5.8213e-52
Total charge: -6.5774e-20
etaHat: 124879
118  fE: -3.06578  dfE: 0.00111676  dW: 0.0419643  dPhi(Nx/2)(Ny/2)(Nz/2): -0.00119907 Phi A: 0.0526192 Phi B: 0.948459 Phi I: 5.82129e-52
Total charge: -6.57165e-20
etaHat: 124879
119  fE: -3.06405  dfE: 0.00173335  dW: 0.0402388  dPhi(Nx/2)(Ny/2)(Nz/2): -0.000536736 Phi A: 0.0525732 Phi B: 0.947824 Phi I: 5.82129e-52
Total charge: -6.5665e-20
etaHat: 124879
120  fE: -3.06185  dfE: 0.00219719  dW: 0.0369513  dPhi(Nx/2)(Ny/2)(Nz/2): 7.57343e-05 Phi A: 0.052532 Phi B: 0.947236 Phi I: 5.82129e-52
Saving data . . .
Total charge: -6.56208e-20
etaHat: 124879
121  fE: -3.05935  dfE: 0.00250172  dW: 0.0325192  dPhi(Nx/2)(Ny/2)(Nz/2): 0.000612552 Phi A: 0.0524966 Phi B: 0.94672 Phi I: 5.82128e-52
Total charge: -6.55849e-20
etaHat: 124879
122  fE: -3.0567  dfE: 0.00264908  dW: 0.0274956  dPhi(Nx/2)(Ny/2)(Nz/2): 0.00105454 Phi A: 0.0524679 Phi B: 0.946296 Phi I: 5.82128e-52
Total charge: -6.55578e-20
etaHat: 124879
123  fE: -3.05405  dfE: 0.00264898  dW: 0.0225549  dPhi(Nx/2)(Ny/2)(Nz/2): 0.00138937 Phi A: 0.0524462 Phi B: 0.945974 Phi I: 5.82128e-52
Total charge: -6.55394e-20
etaHat: 124879
124  fE: -3.05153  dfE: 0.00251734  dW: 0.0184147  dPhi(Nx/2)(Ny/2)(Nz/2): 0.00161141 Phi A: 0.0524315 Phi B: 0.94576 Phi I: 5.82128e-52
Total charge: -6.55292e-20
etaHat: 124879
125  fE: -3.04926  dfE: 0.00227476  dW: 0.0156182  dPhi(Nx/2)(Ny/2)(Nz/2): 0.00172132 Phi A: 0.0524234 Phi B: 0.945654 Phi I: 5.82128e-52
Total charge: -6.55266e-20
etaHat: 124879
126  fE: -3.04731  dfE: 0.00194502  dW: 0.0143376  dPhi(Nx/2)(Ny/2)(Nz/2): 0.00172528 Phi A: 0.0524213 Phi B: 0.94565 Phi I: 5.82128e-52
Total charge: -6.55305e-20
etaHat: 124879
127  fE: -3.04576  dfE: 0.00155359  dW: 0.0143461  dPhi(Nx/2)(Ny/2)(Nz/2): 0.00163418 Phi A: 0.0524244 Phi B: 0.945738 Phi I: 5.82128e-52
Total charge: -6.55397e-20
etaHat: 124879
128  fE: -3.04463  dfE: 0.00112624  dW: 0.0151907  dPhi(Nx/2)(Ny/2)(Nz/2): 0.0014625 Phi A: 0.0524317 Phi B: 0.945904 Phi I: 5.82128e-52
Total charge: -6.55527e-20
etaHat: 124879
129  fE: -3.04394  dfE: 0.000687775  dW: 0.0163679  dPhi(Nx/2)(Ny/2)(Nz/2): 0.0012273 Phi A: 0.0524421 Phi B: 0.946132 Phi I: 5.82128e-52
Total charge: -6.55682e-20
etaHat: 124879
130  fE: -3.04368  dfE: 0.000260983  dW: 0.0174357  dPhi(Nx/2)(Ny/2)(Nz/2): 0.000947046 Phi A: 0.0524546 Phi B: 0.946404 Phi I: 5.82128e-52
Saving data . . .
Total charge: -6.55849e-20
etaHat: 124879
131  fE: -3.04382  dfE: 0.00013427  dW: 0.0180827  dPhi(Nx/2)(Ny/2)(Nz/2): 0.000640567 Phi A: 0.0524679 Phi B: 0.946702 Phi I: 5.82128e-52
Total charge: -6.56014e-20
etaHat: 124879
132  fE: -3.0443  dfE: 0.000481686  dW: 0.0181669  dPhi(Nx/2)(Ny/2)(Nz/2): 0.00032609 Phi A: 0.0524811 Phi B: 0.94701 Phi I: 5.82128e-52
Total charge: -6.56167e-20
etaHat: 124879
133  fE: -3.04507  dfE: 0.000768975  dW: 0.0176849  dPhi(Nx/2)(Ny/2)(Nz/2): 2.03767e-05 Phi A: 0.0524934 Phi B: 0.947311 Phi I: 5.82128e-52
Total charge: -6.56299e-20
etaHat: 124879
134  fE: -3.04606  dfE: 0.000988059  dW: 0.0167481  dPhi(Nx/2)(Ny/2)(Nz/2): -0.00026196 Phi A: 0.052504 Phi B: 0.94759 Phi I: 5.82129e-52
Total charge: -6.56403e-20
etaHat: 124879
135  fE: -3.04719  dfE: 0.00113506  dW: 0.015535  dPhi(Nx/2)(Ny/2)(Nz/2): -0.000508973 Phi A: 0.0525122 Phi B: 0.947837 Phi I: 5.82129e-52
Total charge: -6.56474e-20
etaHat: 124879
136  fE: -3.0484  dfE: 0.00121009  dW: 0.0142623  dPhi(Nx/2)(Ny/2)(Nz/2): -0.000711705 Phi A: 0.0525179 Phi B: 0.948043 Phi I: 5.82129e-52
Total charge: -6.56509e-20
etaHat: 124879
137  fE: -3.04962  dfE: 0.00121683  dW: 0.0131197  dPhi(Nx/2)(Ny/2)(Nz/2): -0.000864338 Phi A: 0.0525207 Phi B: 0.948201 Phi I: 5.82129e-52
Total charge: -6.56508e-20
etaHat: 124879
138  fE: -3.05078  dfE: 0.00116203  dW: 0.0122765  dPhi(Nx/2)(Ny/2)(Nz/2): -0.00096416 Phi A: 0.0525206 Phi B: 0.94831 Phi I: 5.82129e-52
Total charge: -6.56472e-20
etaHat: 124879
139  fE: -3.05184  dfE: 0.00105484  dW: 0.0117986  dPhi(Nx/2)(Ny/2)(Nz/2): -0.00101139 Phi A: 0.0525178 Phi B: 0.948368 Phi I: 5.82129e-52
Total charge: -6.56406e-20
etaHat: 124879
140  fE: -3.05274  dfE: 0.00090608  dW: 0.0116728  dPhi(Nx/2)(Ny/2)(Nz/2): -0.00100884 Phi A: 0.0525125 Phi B: 0.94838 Phi I: 5.82129e-52
Saving data . . .
Total charge: -6.56313e-20
etaHat: 124879
141  fE: -3.05347  dfE: 0.000727573  dW: 0.0118345  dPhi(Nx/2)(Ny/2)(Nz/2): -0.000961547 Phi A: 0.052505 Phi B: 0.948348 Phi I: 5.82129e-52
Total charge: -6.56199e-20
etaHat: 124879
142  fE: -3.054  dfE: 0.000531395  dW: 0.0121529  dPhi(Nx/2)(Ny/2)(Nz/2): -0.000876251 Phi A: 0.0524959 Phi B: 0.94828 Phi I: 5.82129e-52
Total charge: -6.5607e-20
etaHat: 124879
143  fE: -3.05433  dfE: 0.000329246  dW: 0.0125  dPhi(Nx/2)(Ny/2)(Nz/2): -0.000760892 Phi A: 0.0524856 Phi B: 0.948182 Phi I: 5.82129e-52
Total charge: -6.55932e-20
etaHat: 124879
144  fE: -3.05446  dfE: 0.000131896  dW: 0.0127634  dPhi(Nx/2)(Ny/2)(Nz/2): -0.000624088 Phi A: 0.0524746 Phi B: 0.948063 Phi I: 5.82129e-52
Total charge: -6.55792e-20
etaHat: 124879
145  fE: -3.05441  dfE: 5.12728e-05  dW: 0.0128681  dPhi(Nx/2)(Ny/2)(Nz/2): -0.000474628 Phi A: 0.0524634 Phi B: 0.947932 Phi I: 5.82129e-52
Total charge: -6.55655e-20
etaHat: 124879
146  fE: -3.0542  dfE: 0.000212585  dW: 0.0127784  dPhi(Nx/2)(Ny/2)(Nz/2): -0.000321016 Phi A: 0.0524524 Phi B: 0.947795 Phi I: 5.82129e-52
Total charge: -6.55526e-20
etaHat: 124879
147  fE: -3.05385  dfE: 0.000346282  dW: 0.0124968  dPhi(Nx/2)(Ny/2)(Nz/2): -0.000171076 Phi A: 0.0524421 Phi B: 0.947661 Phi I: 5.82129e-52
Total charge: -6.5541e-20
etaHat: 124879
148  fE: -3.0534  dfE: 0.000448605  dW: 0.0120607  dPhi(Nx/2)(Ny/2)(Nz/2): -3.16316e-05 Phi A: 0.0524328 Phi B: 0.947537 Phi I: 5.82128e-52
Total charge: -6.55308e-20
etaHat: 124879
149  fE: -3.05288  dfE: 0.000517763  dW: 0.011529  dPhi(Nx/2)(Ny/2)(Nz/2): 9.17285e-05 Phi A: 0.0524246 Phi B: 0.947426 Phi I: 5.82128e-52
Total charge: -6.55224e-20
etaHat: 124879
150  fE: -3.05233  dfE: 0.000553815  dW: 0.0109657  dPhi(Nx/2)(Ny/2)(Nz/2): 0.000194799 Phi A: 0.0524179 Phi B: 0.947335 Phi I: 5.82128e-52
Saving data . . .
Total charge: -6.55159e-20
etaHat: 124879
151  fE: -3.05177  dfE: 0.000558463  dW: 0.0104323  dPhi(Nx/2)(Ny/2)(Nz/2): 0.000274821 Phi A: 0.0524127 Phi B: 0.947264 Phi I: 5.82128e-52
Total charge: -6.55112e-20
etaHat: 124879
152  fE: -3.05124  dfE: 0.000534791  dW: 0.00998377  dPhi(Nx/2)(Ny/2)(Nz/2): 0.000330472 Phi A: 0.0524089 Phi B: 0.947217 Phi I: 5.82128e-52
Total charge: -6.55083e-20
etaHat: 124879
153  fE: -3.05075  dfE: 0.000486965  dW: 0.00964082  dPhi(Nx/2)(Ny/2)(Nz/2): 0.000361776 Phi A: 0.0524066 Phi B: 0.947192 Phi I: 5.82128e-52
Total charge: -6.5507e-20
etaHat: 124879
154  fE: -3.05033  dfE: 0.000419908  dW: 0.00940379  dPhi(Nx/2)(Ny/2)(Nz/2): 0.000369964 Phi A: 0.0524056 Phi B: 0.947188 Phi I: 5.82128e-52
Total charge: -6.55072e-20
etaHat: 124879
155  fE: -3.04999  dfE: 0.00033898  dW: 0.00925918  dPhi(Nx/2)(Ny/2)(Nz/2): 0.00035729 Phi A: 0.0524057 Phi B: 0.947205 Phi I: 5.82128e-52
Total charge: -6.55085e-20
etaHat: 124879
156  fE: -3.04974  dfE: 0.000249664  dW: 0.00918083  dPhi(Nx/2)(Ny/2)(Nz/2): 0.000326808 Phi A: 0.0524068 Phi B: 0.947238 Phi I: 5.82128e-52
Total charge: -6.55107e-20
etaHat: 124879
157  fE: -3.04958  dfE: 0.000157283  dW: 0.00913406  dPhi(Nx/2)(Ny/2)(Nz/2): 0.000282142 Phi A: 0.0524085 Phi B: 0.947285 Phi I: 5.82128e-52
Total charge: -6.55134e-20
etaHat: 124879
158  fE: -3.04952  dfE: 6.67573e-05  dW: 0.00909012  dPhi(Nx/2)(Ny/2)(Nz/2): 0.000227244 Phi A: 0.0524108 Phi B: 0.947341 Phi I: 5.82128e-52
Total charge: -6.55165e-20
etaHat: 124879
159  fE: -3.04954  dfE: 1.76021e-05  dW: 0.00902599  dPhi(Nx/2)(Ny/2)(Nz/2): 0.000166165 Phi A: 0.0524132 Phi B: 0.947404 Phi I: 5.82128e-52
Total charge: -6.55196e-20
etaHat: 124879
160  fE: -3.04963  dfE: 9.22393e-05  dW: 0.00892771  dPhi(Nx/2)(Ny/2)(Nz/2): 0.000102843 Phi A: 0.0524157 Phi B: 0.947469 Phi I: 5.82128e-52
Saving data . . .
Total charge: -6.55225e-20
etaHat: 124879
161  fE: -3.04978  dfE: 0.000154453  dW: 0.00879312  dPhi(Nx/2)(Ny/2)(Nz/2): 4.09197e-05 Phi A: 0.052418 Phi B: 0.947532 Phi I: 5.82128e-52
Total charge: -6.5525e-20
etaHat: 124879
162  fE: -3.04998  dfE: 0.000202441  dW: 0.00862895  dPhi(Nx/2)(Ny/2)(Nz/2): -1.64088e-05 Phi A: 0.05242 Phi B: 0.947592 Phi I: 5.82128e-52
Total charge: -6.55269e-20
etaHat: 124879
163  fE: -3.05022  dfE: 0.000235299  dW: 0.00844771  dPhi(Nx/2)(Ny/2)(Nz/2): -6.6507e-05 Phi A: 0.0524215 Phi B: 0.947645 Phi I: 5.82128e-52
Total charge: -6.55282e-20
etaHat: 124879
164  fE: -3.05047  dfE: 0.00025297  dW: 0.0082647  dPhi(Nx/2)(Ny/2)(Nz/2): -0.000107372 Phi A: 0.0524225 Phi B: 0.94769 Phi I: 5.82128e-52
Total charge: -6.55287e-20
etaHat: 124879
165  fE: -3.05073  dfE: 0.000256162  dW: 0.00809229  dPhi(Nx/2)(Ny/2)(Nz/2): -0.000137667 Phi A: 0.0524229 Phi B: 0.947725 Phi I: 5.82129e-52
Total charge: -6.55285e-20
etaHat: 124879
166  fE: -3.05098  dfE: 0.000246231  dW: 0.00794215  dPhi(Nx/2)(Ny/2)(Nz/2): -0.00015672 Phi A: 0.0524228 Phi B: 0.947749 Phi I: 5.82129e-52
Total charge: -6.55275e-20
etaHat: 124879
167  fE: -3.0512  dfE: 0.000225048  dW: 0.00781684  dPhi(Nx/2)(Ny/2)(Nz/2): -0.000164489 Phi A: 0.052422 Phi B: 0.947763 Phi I: 5.82129e-52
Total charge: -6.5526e-20
etaHat: 124879
168  fE: -3.0514  dfE: 0.00019485  dW: 0.00771516  dPhi(Nx/2)(Ny/2)(Nz/2): -0.000161496 Phi A: 0.0524208 Phi B: 0.947767 Phi I: 5.82129e-52
Total charge: -6.55238e-20
etaHat: 124879
169  fE: -3.05155  dfE: 0.000158092  dW: 0.00763367  dPhi(Nx/2)(Ny/2)(Nz/2): -0.000148746 Phi A: 0.0524191 Phi B: 0.947762 Phi I: 5.82129e-52
Total charge: -6.55212e-20
etaHat: 124879
170  fE: -3.05167  dfE: 0.000117298  dW: 0.00756414  dPhi(Nx/2)(Ny/2)(Nz/2): -0.000127626 Phi A: 0.052417 Phi B: 0.947749 Phi I: 5.82129e-52
Saving data . . .
Total charge: -6.55183e-20
etaHat: 124879
171  fE: -3.05175  dfE: 7.49296e-05  dW: 0.00749883  dPhi(Nx/2)(Ny/2)(Nz/2): -9.97969e-05 Phi A: 0.0524147 Phi B: 0.947729 Phi I: 5.82128e-52
Total charge: -6.55152e-20
etaHat: 124879
172  fE: -3.05178  dfE: 3.32685e-05  dW: 0.0074301  dPhi(Nx/2)(Ny/2)(Nz/2): -6.70834e-05 Phi A: 0.0524122 Phi B: 0.947705 Phi I: 5.82128e-52
Total charge: -6.55121e-20
etaHat: 124879
173  fE: -3.05177  dfE: 5.67895e-06  dW: 0.00735234  dPhi(Nx/2)(Ny/2)(Nz/2): -3.13664e-05 Phi A: 0.0524097 Phi B: 0.947678 Phi I: 5.82128e-52
Total charge: -6.5509e-20
etaHat: 124879
174  fE: -3.05173  dfE: 4.02533e-05  dW: 0.00726267  dPhi(Nx/2)(Ny/2)(Nz/2): 5.51434e-06 Phi A: 0.0524072 Phi B: 0.947649 Phi I: 5.82128e-52
Total charge: -6.55061e-20
etaHat: 124879
175  fE: -3.05166  dfE: 6.91883e-05  dW: 0.00716129  dPhi(Nx/2)(Ny/2)(Nz/2): 4.18471e-05 Phi A: 0.0524049 Phi B: 0.947621 Phi I: 5.82128e-52
Total charge: -6.55034e-20
etaHat: 124879
176  fE: -3.05157  dfE: 9.16327e-05  dW: 0.00705082  dPhi(Nx/2)(Ny/2)(Nz/2): 7.6118e-05 Phi A: 0.0524027 Phi B: 0.947595 Phi I: 5.82128e-52
Total charge: -6.5501e-20
etaHat: 124879
177  fE: -3.05147  dfE: 0.000107149  dW: 0.00693417  dPhi(Nx/2)(Ny/2)(Nz/2): 0.000107065 Phi A: 0.0524008 Phi B: 0.947571 Phi I: 5.82128e-52
Total charge: -6.5499e-20
etaHat: 124879
178  fE: -3.05135  dfE: 0.000115691  dW: 0.00681505  dPhi(Nx/2)(Ny/2)(Nz/2): 0.000133712 Phi A: 0.0523992 Phi B: 0.947552 Phi I: 5.82128e-52
Total charge: -6.54975e-20
etaHat: 124879
179  fE: -3.05123  dfE: 0.000117567  dW: 0.0066976  dPhi(Nx/2)(Ny/2)(Nz/2): 0.000155388 Phi A: 0.052398 Phi B: 0.947536 Phi I: 5.82128e-52
Total charge: -6.54963e-20
etaHat: 124879
180  fE: -3.05112  dfE: 0.000113382  dW: 0.0065856  dPhi(Nx/2)(Ny/2)(Nz/2): 0.000171724 Phi A: 0.052397 Phi B: 0.947526 Phi I: 5.82128e-52
Saving data . . .
Total charge: -6.54955e-20
etaHat: 124879
181  fE: -3.05101  dfE: 0.000103984  dW: 0.00648235  dPhi(Nx/2)(Ny/2)(Nz/2): 0.000182644 Phi A: 0.0523964 Phi B: 0.94752 Phi I: 5.82128e-52
Total charge: -6.5495e-20
etaHat: 124879
182  fE: -3.05092  dfE: 9.03867e-05  dW: 0.00638787  dPhi(Nx/2)(Ny/2)(Nz/2): 0.000188332 Phi A: 0.052396 Phi B: 0.947519 Phi I: 5.82128e-52
Total charge: -6.54949e-20
etaHat: 124879
183  fE: -3.05085  dfE: 7.37106e-05  dW: 0.00630093  dPhi(Nx/2)(Ny/2)(Nz/2): 0.000189197 Phi A: 0.0523959 Phi B: 0.947522 Phi I: 5.82128e-52
Total charge: -6.5495e-20
etaHat: 124879
184  fE: -3.0508  dfE: 5.51099e-05  dW: 0.00621982  dPhi(Nx/2)(Ny/2)(Nz/2): 0.000185829 Phi A: 0.052396 Phi B: 0.947528 Phi I: 5.82128e-52
Total charge: -6.54953e-20
etaHat: 124879
185  fE: -3.05076  dfE: 3.57142e-05  dW: 0.00614291  dPhi(Nx/2)(Ny/2)(Nz/2): 0.000178949 Phi A: 0.0523962 Phi B: 0.947538 Phi I: 5.82128e-52
Total charge: -6.54957e-20
etaHat: 124879
186  fE: -3.05074  dfE: 1.65738e-05  dW: 0.00606818  dPhi(Nx/2)(Ny/2)(Nz/2): 0.00016936 Phi A: 0.0523966 Phi B: 0.94755 Phi I: 5.82128e-52
Total charge: -6.54963e-20
etaHat: 124879
187  fE: -3.05074  dfE: 1.38359e-06  dW: 0.00599404  dPhi(Nx/2)(Ny/2)(Nz/2): 0.000157899 Phi A: 0.052397 Phi B: 0.947563 Phi I: 5.82128e-52
Total charge: -6.54968e-20
etaHat: 124879
188  fE: -3.05076  dfE: 1.73866e-05  dW: 0.00591926  dPhi(Nx/2)(Ny/2)(Nz/2): 0.00014539 Phi A: 0.0523975 Phi B: 0.947576 Phi I: 5.82128e-52
Total charge: -6.54973e-20
etaHat: 124879
189  fE: -3.05079  dfE: 3.08421e-05  dW: 0.0058434  dPhi(Nx/2)(Ny/2)(Nz/2): 0.000132606 Phi A: 0.0523979 Phi B: 0.94759 Phi I: 5.82128e-52
Total charge: -6.54978e-20
etaHat: 124879
190  fE: -3.05083  dfE: 4.13463e-05  dW: 0.0057669  dPhi(Nx/2)(Ny/2)(Nz/2): 0.000120237 Phi A: 0.0523982 Phi B: 0.947603 Phi I: 5.82128e-52
Saving data . . .
Total charge: -6.54981e-20
etaHat: 124879
191  fE: -3.05088  dfE: 4.86847e-05  dW: 0.00569059  dPhi(Nx/2)(Ny/2)(Nz/2): 0.000108862 Phi A: 0.0523985 Phi B: 0.947614 Phi I: 5.82128e-52
Total charge: -6.54983e-20
etaHat: 124879
192  fE: -3.05094  dfE: 5.28234e-05  dW: 0.00561527  dPhi(Nx/2)(Ny/2)(Nz/2): 9.89359e-05 Phi A: 0.0523986 Phi B: 0.947624 Phi I: 5.82128e-52
Total charge: -6.54983e-20
etaHat: 124879
193  fE: -3.05099  dfE: 5.38917e-05  dW: 0.00554183  dPhi(Nx/2)(Ny/2)(Nz/2): 9.07795e-05 Phi A: 0.0523987 Phi B: 0.947632 Phi I: 5.82128e-52
Total charge: -6.54982e-20
etaHat: 124879
194  fE: -3.05104  dfE: 5.21583e-05  dW: 0.00547081  dPhi(Nx/2)(Ny/2)(Nz/2): 8.45781e-05 Phi A: 0.0523986 Phi B: 0.947637 Phi I: 5.82128e-52
Total charge: -6.5498e-20
etaHat: 124879
195  fE: -3.05109  dfE: 4.80038e-05  dW: 0.00540268  dPhi(Nx/2)(Ny/2)(Nz/2): 8.03881e-05 Phi A: 0.0523984 Phi B: 0.94764 Phi I: 5.82128e-52
Total charge: -6.54976e-20
etaHat: 124879
196  fE: -3.05113  dfE: 4.18895e-05  dW: 0.00533721  dPhi(Nx/2)(Ny/2)(Nz/2): 7.81491e-05 Phi A: 0.0523981 Phi B: 0.947642 Phi I: 5.82128e-52
Total charge: -6.54971e-20
etaHat: 124879
197  fE: -3.05117  dfE: 3.43264e-05  dW: 0.00527412  dPhi(Nx/2)(Ny/2)(Nz/2): 7.77001e-05 Phi A: 0.0523977 Phi B: 0.947641 Phi I: 5.82128e-52
Total charge: -6.54965e-20
etaHat: 124879
198  fE: -3.05119  dfE: 2.5844e-05  dW: 0.00521273  dPhi(Nx/2)(Ny/2)(Nz/2): 7.87994e-05 Phi A: 0.0523972 Phi B: 0.947638 Phi I: 5.82128e-52
Total charge: -6.54958e-20
etaHat: 124879
199  fE: -3.05121  dfE: 1.69621e-05  dW: 0.00515251  dPhi(Nx/2)(Ny/2)(Nz/2): 8.11468e-05 Phi A: 0.0523967 Phi B: 0.947634 Phi I: 5.82128e-52
Total charge: -6.54951e-20
etaHat: 124879
200  fE: -3.05122  dfE: 8.16586e-06  dW: 0.00509278  dPhi(Nx/2)(Ny/2)(Nz/2): 8.44059e-05 Phi A: 0.0523961 Phi B: 0.947629 Phi I: 5.82128e-52
Saving data . . .
Total charge: -6.54944e-20
etaHat: 124879
201  fE: -3.05122  dfE: 1.147e-07  dW: 0.00503305  dPhi(Nx/2)(Ny/2)(Nz/2): 8.82258e-05 Phi A: 0.0523955 Phi B: 0.947624 Phi I: 5.82128e-52
Total charge: -6.54937e-20
etaHat: 124879
202  fE: -3.05121  dfE: 7.52053e-06  dW: 0.0049731  dPhi(Nx/2)(Ny/2)(Nz/2): 9.22619e-05 Phi A: 0.0523949 Phi B: 0.947618 Phi I: 5.82128e-52
Total charge: -6.5493e-20
etaHat: 124879
203  fE: -3.0512  dfE: 1.37739e-05  dW: 0.0049129  dPhi(Nx/2)(Ny/2)(Nz/2): 9.61931e-05 Phi A: 0.0523944 Phi B: 0.947612 Phi I: 5.82128e-52
Total charge: -6.54924e-20
etaHat: 124879
204  fE: -3.05118  dfE: 1.86839e-05  dW: 0.0048525  dPhi(Nx/2)(Ny/2)(Nz/2): 9.97371e-05 Phi A: 0.0523939 Phi B: 0.947606 Phi I: 5.82128e-52
Total charge: -6.54918e-20
etaHat: 124879
205  fE: -3.05115  dfE: 2.21465e-05  dW: 0.00479224  dPhi(Nx/2)(Ny/2)(Nz/2): 0.000102661 Phi A: 0.0523935 Phi B: 0.947601 Phi I: 5.82128e-52
Total charge: -6.54914e-20
etaHat: 124879
206  fE: -3.05113  dfE: 2.41409e-05  dW: 0.00473251  dPhi(Nx/2)(Ny/2)(Nz/2): 0.00010479 Phi A: 0.0523931 Phi B: 0.947597 Phi I: 5.82128e-52
Total charge: -6.5491e-20
etaHat: 124879
207  fE: -3.05111  dfE: 2.47219e-05  dW: 0.0046735  dPhi(Nx/2)(Ny/2)(Nz/2): 0.000106009 Phi A: 0.0523928 Phi B: 0.947594 Phi I: 5.82128e-52
Total charge: -6.54907e-20
etaHat: 124879
208  fE: -3.05108  dfE: 2.40088e-05  dW: 0.0046154  dPhi(Nx/2)(Ny/2)(Nz/2): 0.000106264 Phi A: 0.0523925 Phi B: 0.947592 Phi I: 5.82128e-52
Total charge: -6.54904e-20
etaHat: 124879
209  fE: -3.05106  dfE: 2.21731e-05  dW: 0.00455849  dPhi(Nx/2)(Ny/2)(Nz/2): 0.00010556 Phi A: 0.0523924 Phi B: 0.94759 Phi I: 5.82128e-52
Total charge: -6.54903e-20
etaHat: 124879
210  fE: -3.05104  dfE: 1.94241e-05  dW: 0.00450306  dPhi(Nx/2)(Ny/2)(Nz/2): 0.000103953 Phi A: 0.0523922 Phi B: 0.94759 Phi I: 5.82128e-52
Saving data . . .
Total charge: -6.54902e-20
etaHat: 124879
211  fE: -3.05102  dfE: 1.59949e-05  dW: 0.00444893  dPhi(Nx/2)(Ny/2)(Nz/2): 0.000101547 Phi A: 0.0523922 Phi B: 0.94759 Phi I: 5.82128e-52
Total charge: -6.54902e-20
etaHat: 124879
212  fE: -3.05101  dfE: 1.21279e-05  dW: 0.00439611  dPhi(Nx/2)(Ny/2)(Nz/2): 9.84761e-05 Phi A: 0.0523922 Phi B: 0.947592 Phi I: 5.82128e-52
Total charge: -6.54902e-20
etaHat: 124879
213  fE: -3.051  dfE: 8.06201e-06  dW: 0.00434462  dPhi(Nx/2)(Ny/2)(Nz/2): 9.49041e-05 Phi A: 0.0523922 Phi B: 0.947594 Phi I: 5.82128e-52
Total charge: -6.54903e-20
etaHat: 124879
214  fE: -3.051  dfE: 4.02086e-06  dW: 0.00429414  dPhi(Nx/2)(Ny/2)(Nz/2): 9.10071e-05 Phi A: 0.0523922 Phi B: 0.947596 Phi I: 5.82128e-52
Total charge: -6.54904e-20
etaHat: 124879
215  fE: -3.051  dfE: 2.03446e-07  dW: 0.00424449  dPhi(Nx/2)(Ny/2)(Nz/2): 8.69661e-05 Phi A: 0.0523923 Phi B: 0.947599 Phi I: 5.82128e-52
Total charge: -6.54905e-20
etaHat: 124879
216  fE: -3.051  dfE: 3.2233e-06  dW: 0.00419558  dPhi(Nx/2)(Ny/2)(Nz/2): 8.29573e-05 Phi A: 0.0523924 Phi B: 0.947602 Phi I: 5.82128e-52
Total charge: -6.54905e-20
etaHat: 124879
217  fE: -3.05101  dfE: 6.12944e-06  dW: 0.00414739  dPhi(Nx/2)(Ny/2)(Nz/2): 7.91432e-05 Phi A: 0.0523924 Phi B: 0.947605 Phi I: 5.82128e-52
Total charge: -6.54906e-20
etaHat: 124879
218  fE: -3.05102  dfE: 8.42465e-06  dW: 0.00409991  dPhi(Nx/2)(Ny/2)(Nz/2): 7.56663e-05 Phi A: 0.0523925 Phi B: 0.947607 Phi I: 5.82128e-52
Total charge: -6.54907e-20
etaHat: 124879
219  fE: -3.05103  dfE: 1.00586e-05  dW: 0.0040532  dPhi(Nx/2)(Ny/2)(Nz/2): 7.26434e-05 Phi A: 0.0523925 Phi B: 0.94761 Phi I: 5.82128e-52
Total charge: -6.54907e-20
etaHat: 124879
220  fE: -3.05104  dfE: 1.10191e-05  dW: 0.00400732  dPhi(Nx/2)(Ny/2)(Nz/2): 7.01626e-05 Phi A: 0.0523925 Phi B: 0.947612 Phi I: 5.82128e-52
Saving data . . .
Total charge: -6.54907e-20
etaHat: 124879
221  fE: -3.05105  dfE: 1.1329e-05  dW: 0.00396229  dPhi(Nx/2)(Ny/2)(Nz/2): 6.82812e-05 Phi A: 0.0523925 Phi B: 0.947614 Phi I: 5.82128e-52
Total charge: -6.54906e-20
etaHat: 124879
222  fE: -3.05106  dfE: 1.10411e-05  dW: 0.00391813  dPhi(Nx/2)(Ny/2)(Nz/2): 6.7026e-05 Phi A: 0.0523925 Phi B: 0.947615 Phi I: 5.82128e-52
Total charge: -6.54906e-20
etaHat: 124879
223  fE: -3.05107  dfE: 1.02325e-05  dW: 0.00387477  dPhi(Nx/2)(Ny/2)(Nz/2): 6.63944e-05 Phi A: 0.0523924 Phi B: 0.947616 Phi I: 5.82128e-52
Total charge: -6.54905e-20
etaHat: 124879
224  fE: -3.05108  dfE: 8.99828e-06  dW: 0.00383216  dPhi(Nx/2)(Ny/2)(Nz/2): 6.63572e-05 Phi A: 0.0523924 Phi B: 0.947616 Phi I: 5.82128e-52
Total charge: -6.54903e-20
etaHat: 124879
225  fE: -3.05109  dfE: 7.44466e-06  dW: 0.00379025  dPhi(Nx/2)(Ny/2)(Nz/2): 6.68624e-05 Phi A: 0.0523923 Phi B: 0.947616 Phi I: 5.82128e-52
Total charge: -6.54902e-20
etaHat: 124879
226  fE: -3.05109  dfE: 5.68269e-06  dW: 0.00374898  dPhi(Nx/2)(Ny/2)(Nz/2): 6.78396e-05 Phi A: 0.0523922 Phi B: 0.947615 Phi I: 5.82128e-52
Total charge: -6.549e-20
etaHat: 124879
227  fE: -3.0511  dfE: 3.82216e-06  dW: 0.00370827  dPhi(Nx/2)(Ny/2)(Nz/2): 6.92048e-05 Phi A: 0.052392 Phi B: 0.947615 Phi I: 5.82128e-52
Total charge: -6.54899e-20
etaHat: 124879
228  fE: -3.0511  dfE: 1.96625e-06  dW: 0.0036681  dPhi(Nx/2)(Ny/2)(Nz/2): 7.08657e-05 Phi A: 0.0523919 Phi B: 0.947614 Phi I: 5.82128e-52
Total charge: -6.54897e-20
etaHat: 124879
229  fE: -3.0511  dfE: 2.07069e-07  dW: 0.00362846  dPhi(Nx/2)(Ny/2)(Nz/2): 7.27263e-05 Phi A: 0.0523918 Phi B: 0.947612 Phi I: 5.82128e-52
Total charge: -6.54895e-20
etaHat: 124879
230  fE: -3.0511  dfE: 1.37775e-06  dW: 0.00358927  dPhi(Nx/2)(Ny/2)(Nz/2): 7.46919e-05 Phi A: 0.0523916 Phi B: 0.947611 Phi I: 5.82128e-52
Saving data . . .
Total charge: -6.54894e-20
etaHat: 124879
231  fE: -3.05109  dfE: 2.72745e-06  dW: 0.00355054  dPhi(Nx/2)(Ny/2)(Nz/2): 7.66727e-05 Phi A: 0.0523915 Phi B: 0.94761 Phi I: 5.82128e-52
Total charge: -6.54892e-20
etaHat: 124879
232  fE: -3.05109  dfE: 3.79937e-06  dW: 0.0035123  dPhi(Nx/2)(Ny/2)(Nz/2): 7.85878e-05 Phi A: 0.0523914 Phi B: 0.947609 Phi I: 5.82128e-52
Total charge: -6.54891e-20
etaHat: 124879
233  fE: -3.05109  dfE: 4.56919e-06  dW: 0.00347453  dPhi(Nx/2)(Ny/2)(Nz/2): 8.03675e-05 Phi A: 0.0523913 Phi B: 0.947608 Phi I: 5.82128e-52
Total charge: -6.5489e-20
etaHat: 124879
234  fE: -3.05108  dfE: 5.03021e-06  dW: 0.00343721  dPhi(Nx/2)(Ny/2)(Nz/2): 8.19552e-05 Phi A: 0.0523912 Phi B: 0.947607 Phi I: 5.82128e-52
Total charge: -6.54889e-20
etaHat: 124879
235  fE: -3.05108  dfE: 5.19184e-06  dW: 0.00340038  dPhi(Nx/2)(Ny/2)(Nz/2): 8.33083e-05 Phi A: 0.0523911 Phi B: 0.947606 Phi I: 5.82128e-52
Total charge: -6.54888e-20
etaHat: 124879
236  fE: -3.05107  dfE: 5.07746e-06  dW: 0.00336405  dPhi(Nx/2)(Ny/2)(Nz/2): 8.43991e-05 Phi A: 0.0523911 Phi B: 0.947606 Phi I: 5.82128e-52
Total charge: -6.54888e-20
etaHat: 124879
237  fE: -3.05107  dfE: 4.72173e-06  dW: 0.00332825  dPhi(Nx/2)(Ny/2)(Nz/2): 8.52135e-05 Phi A: 0.052391 Phi B: 0.947605 Phi I: 5.82128e-52
Total charge: -6.54887e-20
etaHat: 124879
238  fE: -3.05106  dfE: 4.16775e-06  dW: 0.00329302  dPhi(Nx/2)(Ny/2)(Nz/2): 8.57505e-05 Phi A: 0.052391 Phi B: 0.947605 Phi I: 5.82128e-52
Total charge: -6.54887e-20
etaHat: 124879
239  fE: -3.05106  dfE: 3.46395e-06  dW: 0.00325833  dPhi(Nx/2)(Ny/2)(Nz/2): 8.60204e-05 Phi A: 0.0523909 Phi B: 0.947605 Phi I: 5.82128e-52
Total charge: -6.54887e-20
etaHat: 124879
240  fE: -3.05106  dfE: 2.66117e-06  dW: 0.00322418  dPhi(Nx/2)(Ny/2)(Nz/2): 8.60432e-05 Phi A: 0.0523909 Phi B: 0.947606 Phi I: 5.82128e-52
Saving data . . .
Total charge: -6.54887e-20
etaHat: 124879
241  fE: -3.05105  dfE: 1.80985e-06  dW: 0.00319054  dPhi(Nx/2)(Ny/2)(Nz/2): 8.5846e-05 Phi A: 0.0523909 Phi B: 0.947606 Phi I: 5.82128e-52
Total charge: -6.54887e-20
etaHat: 124879
242  fE: -3.05105  dfE: 9.57548e-07  dW: 0.00315741  dPhi(Nx/2)(Ny/2)(Nz/2): 8.54612e-05 Phi A: 0.0523909 Phi B: 0.947607 Phi I: 5.82128e-52
Total charge: -6.54887e-20
etaHat: 124879
243  fE: -3.05105  dfE: 1.46893e-07  dW: 0.00312479  dPhi(Nx/2)(Ny/2)(Nz/2): 8.4924e-05 Phi A: 0.0523909 Phi B: 0.947607 Phi I: 5.82128e-52
Total charge: -6.54887e-20
etaHat: 124879
244  fE: -3.05105  dfE: 5.86049e-07  dW: 0.00309263  dPhi(Nx/2)(Ny/2)(Nz/2): 8.42704e-05 Phi A: 0.0523909 Phi B: 0.947608 Phi I: 5.82128e-52
Total charge: -6.54887e-20
etaHat: 124879
245  fE: -3.05106  dfE: 1.21287e-06  dW: 0.00306094  dPhi(Nx/2)(Ny/2)(Nz/2): 8.35354e-05 Phi A: 0.052391 Phi B: 0.947608 Phi I: 5.82128e-52
Total charge: -6.54887e-20
etaHat: 124879
246  fE: -3.05106  dfE: 1.71345e-06  dW: 0.00302971  dPhi(Nx/2)(Ny/2)(Nz/2): 8.27511e-05 Phi A: 0.052391 Phi B: 0.947609 Phi I: 5.82128e-52
Total charge: -6.54887e-20
etaHat: 124879
247  fE: -3.05106  dfE: 2.07606e-06  dW: 0.00299889  dPhi(Nx/2)(Ny/2)(Nz/2): 8.19459e-05 Phi A: 0.052391 Phi B: 0.947609 Phi I: 5.82128e-52
Total charge: -6.54887e-20
etaHat: 124879
248  fE: -3.05106  dfE: 2.29709e-06  dW: 0.00296851  dPhi(Nx/2)(Ny/2)(Nz/2): 8.11432e-05 Phi A: 0.052391 Phi B: 0.94761 Phi I: 5.82128e-52
Total charge: -6.54887e-20
etaHat: 124879
249  fE: -3.05106  dfE: 2.38038e-06  dW: 0.00293854  dPhi(Nx/2)(Ny/2)(Nz/2): 8.03612e-05 Phi A: 0.052391 Phi B: 0.94761 Phi I: 5.82128e-52
Total charge: -6.54887e-20
etaHat: 124879
250  fE: -3.05107  dfE: 2.33624e-06  dW: 0.002909  dPhi(Nx/2)(Ny/2)(Nz/2): 7.96122e-05 Phi A: 0.0523909 Phi B: 0.947611 Phi I: 5.82128e-52
Saving data . . .
Total charge: -6.54887e-20
etaHat: 124879
251  fE: -3.05107  dfE: 2.18025e-06  dW: 0.00287986  dPhi(Nx/2)(Ny/2)(Nz/2): 7.89034e-05 Phi A: 0.0523909 Phi B: 0.947611 Phi I: 5.82128e-52
Total charge: -6.54886e-20
etaHat: 124879
252  fE: -3.05107  dfE: 1.93193e-06  dW: 0.0028511  dPhi(Nx/2)(Ny/2)(Nz/2): 7.82366e-05 Phi A: 0.0523909 Phi B: 0.947611 Phi I: 5.82128e-52
Total charge: -6.54886e-20
etaHat: 124879
253  fE: -3.05107  dfE: 1.61336e-06  dW: 0.00282273  dPhi(Nx/2)(Ny/2)(Nz/2): 7.76095e-05 Phi A: 0.0523909 Phi B: 0.947611 Phi I: 5.82128e-52
Total charge: -6.54886e-20
etaHat: 124879
254  fE: -3.05107  dfE: 1.24781e-06  dW: 0.00279472  dPhi(Nx/2)(Ny/2)(Nz/2): 7.70158e-05 Phi A: 0.0523909 Phi B: 0.947611 Phi I: 5.82128e-52
Total charge: -6.54885e-20
etaHat: 124879
255  fE: -3.05107  dfE: 8.58453e-07  dW: 0.00276708  dPhi(Nx/2)(Ny/2)(Nz/2): 7.64466e-05 Phi A: 0.0523908 Phi B: 0.947611 Phi I: 5.82128e-52
Total charge: -6.54885e-20
etaHat: 124879
256  fE: -3.05107  dfE: 4.67212e-07  dW: 0.00273978  dPhi(Nx/2)(Ny/2)(Nz/2): 7.58911e-05 Phi A: 0.0523908 Phi B: 0.94761 Phi I: 5.82128e-52
Total charge: -6.54885e-20
etaHat: 124879
257  fE: -3.05107  dfE: 9.3804e-08  dW: 0.00271281  dPhi(Nx/2)(Ny/2)(Nz/2): 7.53378e-05 Phi A: 0.0523908 Phi B: 0.94761 Phi I: 5.82128e-52
Total charge: -6.54884e-20
etaHat: 124879
258  fE: -3.05107  dfE: 2.45013e-07  dW: 0.00268615  dPhi(Nx/2)(Ny/2)(Nz/2): 7.47748e-05 Phi A: 0.0523907 Phi B: 0.94761 Phi I: 5.82128e-52
Total charge: -6.54884e-20
etaHat: 124879
259  fE: -3.05107  dfE: 5.35967e-07  dW: 0.00265983  dPhi(Nx/2)(Ny/2)(Nz/2): 7.41915e-05 Phi A: 0.0523907 Phi B: 0.94761 Phi I: 5.82128e-52
Total charge: -6.54883e-20
etaHat: 124879
260  fE: -3.05107  dfE: 7.69565e-07  dW: 0.00263382  dPhi(Nx/2)(Ny/2)(Nz/2): 7.35782e-05 Phi A: 0.0523907 Phi B: 0.947609 Phi I: 5.82128e-52
Saving data . . .
Total charge: -6.54883e-20
etaHat: 124879
261  fE: -3.05107  dfE: 9.40176e-07  dW: 0.00260814  dPhi(Nx/2)(Ny/2)(Nz/2): 7.29274e-05 Phi A: 0.0523907 Phi B: 0.947609 Phi I: 5.82128e-52
Total charge: -6.54883e-20
etaHat: 124879
262  fE: -3.05107  dfE: 1.0459e-06  dW: 0.00258277  dPhi(Nx/2)(Ny/2)(Nz/2): 7.22339e-05 Phi A: 0.0523906 Phi B: 0.947609 Phi I: 5.82128e-52
Total charge: -6.54883e-20
etaHat: 124879
263  fE: -3.05107  dfE: 1.08827e-06  dW: 0.00255774  dPhi(Nx/2)(Ny/2)(Nz/2): 7.1495e-05 Phi A: 0.0523906 Phi B: 0.947609 Phi I: 5.82128e-52
Total charge: -6.54882e-20
etaHat: 124879
264  fE: -3.05107  dfE: 1.07183e-06  dW: 0.00253302  dPhi(Nx/2)(Ny/2)(Nz/2): 7.07103e-05 Phi A: 0.0523906 Phi B: 0.947609 Phi I: 5.82128e-52
Total charge: -6.54882e-20
etaHat: 124879
265  fE: -3.05107  dfE: 1.00357e-06  dW: 0.00250863  dPhi(Nx/2)(Ny/2)(Nz/2): 6.98822e-05 Phi A: 0.0523906 Phi B: 0.947609 Phi I: 5.82128e-52
Total charge: -6.54882e-20
etaHat: 124879
266  fE: -3.05107  dfE: 8.92332e-07  dW: 0.00248454  dPhi(Nx/2)(Ny/2)(Nz/2): 6.90149e-05 Phi A: 0.0523906 Phi B: 0.947609 Phi I: 5.82128e-52
Total charge: -6.54882e-20
etaHat: 124879
267  fE: -3.05107  dfE: 7.48183e-07  dW: 0.00246076  dPhi(Nx/2)(Ny/2)(Nz/2): 6.81147e-05 Phi A: 0.0523906 Phi B: 0.947609 Phi I: 5.82128e-52
Total charge: -6.54882e-20
etaHat: 124879
268  fE: -3.05107  dfE: 5.81768e-07  dW: 0.00243728  dPhi(Nx/2)(Ny/2)(Nz/2): 6.71893e-05 Phi A: 0.0523906 Phi B: 0.947609 Phi I: 5.82128e-52
Total charge: -6.54882e-20
etaHat: 124879
269  fE: -3.05107  dfE: 4.03726e-07  dW: 0.0024141  dPhi(Nx/2)(Ny/2)(Nz/2): 6.62474e-05 Phi A: 0.0523906 Phi B: 0.947609 Phi I: 5.82128e-52
Total charge: -6.54882e-20
etaHat: 124879
270  fE: -3.05106  dfE: 2.24161e-07  dW: 0.0023912  dPhi(Nx/2)(Ny/2)(Nz/2): 6.52985e-05 Phi A: 0.0523906 Phi B: 0.947609 Phi I: 5.82128e-52
Saving data . . .
Total charge: -6.54882e-20
etaHat: 124879
271  fE: -3.05106  dfE: 5.21917e-08  dW: 0.00236859  dPhi(Nx/2)(Ny/2)(Nz/2): 6.43518e-05 Phi A: 0.0523906 Phi B: 0.947609 Phi I: 5.82128e-52
Total charge: -6.54882e-20
etaHat: 124879
272  fE: -3.05106  dfE: 1.044e-07  dW: 0.00234625  dPhi(Nx/2)(Ny/2)(Nz/2): 6.34166e-05 Phi A: 0.0523906 Phi B: 0.947609 Phi I: 5.82128e-52
Total charge: -6.54882e-20
etaHat: 124879
273  fE: -3.05107  dfE: 2.39416e-07  dW: 0.0023242  dPhi(Nx/2)(Ny/2)(Nz/2): 6.25013e-05 Phi A: 0.0523906 Phi B: 0.947609 Phi I: 5.82128e-52
Total charge: -6.54882e-20
etaHat: 124879
274  fE: -3.05107  dfE: 3.48383e-07  dW: 0.0023024  dPhi(Nx/2)(Ny/2)(Nz/2): 6.16134e-05 Phi A: 0.0523906 Phi B: 0.947609 Phi I: 5.82128e-52
Total charge: -6.54882e-20
etaHat: 124879
275  fE: -3.05107  dfE: 4.28601e-07  dW: 0.00228086  dPhi(Nx/2)(Ny/2)(Nz/2): 6.07592e-05 Phi A: 0.0523906 Phi B: 0.94761 Phi I: 5.82128e-52
Total charge: -6.54882e-20
etaHat: 124879
276  fE: -3.05107  dfE: 4.79085e-07  dW: 0.00225958  dPhi(Nx/2)(Ny/2)(Nz/2): 5.99436e-05 Phi A: 0.0523906 Phi B: 0.94761 Phi I: 5.82128e-52
Total charge: -6.54882e-20
etaHat: 124879
277  fE: -3.05107  dfE: 5.00436e-07  dW: 0.00223857  dPhi(Nx/2)(Ny/2)(Nz/2): 5.917e-05 Phi A: 0.0523905 Phi B: 0.94761 Phi I: 5.82128e-52
Total charge: -6.54882e-20
etaHat: 124879
278  fE: -3.05107  dfE: 4.94647e-07  dW: 0.00221782  dPhi(Nx/2)(Ny/2)(Nz/2): 5.84403e-05 Phi A: 0.0523905 Phi B: 0.94761 Phi I: 5.82128e-52
Total charge: -6.54882e-20
etaHat: 124879
279  fE: -3.05107  dfE: 4.64856e-07  dW: 0.00219731  dPhi(Nx/2)(Ny/2)(Nz/2): 5.7755e-05 Phi A: 0.0523905 Phi B: 0.94761 Phi I: 5.82128e-52
Total charge: -6.54882e-20
etaHat: 124879
280  fE: -3.05107  dfE: 4.15067e-07  dW: 0.00217705  dPhi(Nx/2)(Ny/2)(Nz/2): 5.71133e-05 Phi A: 0.0523905 Phi B: 0.94761 Phi I: 5.82128e-52
Saving data . . .
Total charge: -6.54882e-20
etaHat: 124879
281  fE: -3.05107  dfE: 3.49864e-07  dW: 0.00215703  dPhi(Nx/2)(Ny/2)(Nz/2): 5.65132e-05 Phi A: 0.0523905 Phi B: 0.94761 Phi I: 5.82128e-52
Total charge: -6.54882e-20
etaHat: 124879
282  fE: -3.05107  dfE: 2.74117e-07  dW: 0.00213725  dPhi(Nx/2)(Ny/2)(Nz/2): 5.59518e-05 Phi A: 0.0523905 Phi B: 0.94761 Phi I: 5.82128e-52
Total charge: -6.54881e-20
etaHat: 124879
283  fE: -3.05107  dfE: 1.92711e-07  dW: 0.0021177  dPhi(Nx/2)(Ny/2)(Nz/2): 5.54255e-05 Phi A: 0.0523905 Phi B: 0.94761 Phi I: 5.82128e-52
Total charge: -6.54881e-20
etaHat: 124879
284  fE: -3.05107  dfE: 1.10302e-07  dW: 0.00209837  dPhi(Nx/2)(Ny/2)(Nz/2): 5.49301e-05 Phi A: 0.0523905 Phi B: 0.94761 Phi I: 5.82128e-52
Total charge: -6.54881e-20
etaHat: 124879
285  fE: -3.05107  dfE: 3.1104e-08  dW: 0.00207927  dPhi(Nx/2)(Ny/2)(Nz/2): 5.44613e-05 Phi A: 0.0523905 Phi B: 0.94761 Phi I: 5.82128e-52
Total charge: -6.54881e-20
etaHat: 124879
286  fE: -3.05107  dfE: 4.12682e-08  dW: 0.00206041  dPhi(Nx/2)(Ny/2)(Nz/2): 5.40145e-05 Phi A: 0.0523905 Phi B: 0.94761 Phi I: 5.82128e-52
Total charge: -6.54881e-20
etaHat: 124879
287  fE: -3.05107  dfE: 1.03921e-07  dW: 0.00204177  dPhi(Nx/2)(Ny/2)(Nz/2): 5.35855e-05 Phi A: 0.0523905 Phi B: 0.94761 Phi I: 5.82128e-52
Total charge: -6.54881e-20
etaHat: 124879
288  fE: -3.05107  dfE: 1.54751e-07  dW: 0.00202336  dPhi(Nx/2)(Ny/2)(Nz/2): 5.31701e-05 Phi A: 0.0523905 Phi B: 0.94761 Phi I: 5.82128e-52
Total charge: -6.54881e-20
etaHat: 124879
289  fE: -3.05107  dfE: 1.92462e-07  dW: 0.00200517  dPhi(Nx/2)(Ny/2)(Nz/2): 5.27649e-05 Phi A: 0.0523905 Phi B: 0.94761 Phi I: 5.82128e-52
Total charge: -6.54881e-20
etaHat: 124879
290  fE: -3.05107  dfE: 2.16552e-07  dW: 0.00198719  dPhi(Nx/2)(Ny/2)(Nz/2): 5.23667e-05 Phi A: 0.0523905 Phi B: 0.947609 Phi I: 5.82128e-52
Saving data . . .
Total charge: -6.54881e-20
etaHat: 124879
291  fE: -3.05107  dfE: 2.27249e-07  dW: 0.00196943  dPhi(Nx/2)(Ny/2)(Nz/2): 5.19732e-05 Phi A: 0.0523905 Phi B: 0.947609 Phi I: 5.82128e-52
Total charge: -6.54881e-20
etaHat: 124879
292  fE: -3.05107  dfE: 2.25426e-07  dW: 0.00195188  dPhi(Nx/2)(Ny/2)(Nz/2): 5.15824e-05 Phi A: 0.0523905 Phi B: 0.947609 Phi I: 5.82128e-52
Total charge: -6.54881e-20
etaHat: 124879
293  fE: -3.05107  dfE: 2.12489e-07  dW: 0.00193455  dPhi(Nx/2)(Ny/2)(Nz/2): 5.11932e-05 Phi A: 0.0523905 Phi B: 0.947609 Phi I: 5.82128e-52
Total charge: -6.54881e-20
etaHat: 124879
294  fE: -3.05107  dfE: 1.90251e-07  dW: 0.0019174  dPhi(Nx/2)(Ny/2)(Nz/2): 5.08049e-05 Phi A: 0.0523905 Phi B: 0.947609 Phi I: 5.82128e-52
Total charge: -6.54881e-20
etaHat: 124879
295  fE: -3.05107  dfE: 1.60798e-07  dW: 0.00190045  dPhi(Nx/2)(Ny/2)(Nz/2): 5.04174e-05 Phi A: 0.0523904 Phi B: 0.947609 Phi I: 5.82128e-52
Total charge: -6.54881e-20
etaHat: 124879
296  fE: -3.05107  dfE: 1.26357e-07  dW: 0.00188371  dPhi(Nx/2)(Ny/2)(Nz/2): 5.00309e-05 Phi A: 0.0523904 Phi B: 0.947609 Phi I: 5.82128e-52
Total charge: -6.54881e-20
etaHat: 124879
297  fE: -3.05107  dfE: 8.91721e-08  dW: 0.00186716  dPhi(Nx/2)(Ny/2)(Nz/2): 4.96461e-05 Phi A: 0.0523904 Phi B: 0.947609 Phi I: 5.82128e-52
Total charge: -6.54881e-20
etaHat: 124879
298  fE: -3.05107  dfE: 5.13858e-08  dW: 0.00185079  dPhi(Nx/2)(Ny/2)(Nz/2): 4.92639e-05 Phi A: 0.0523904 Phi B: 0.947609 Phi I: 5.82128e-52
Total charge: -6.54881e-20
etaHat: 124879
299  fE: -3.05107  dfE: 1.49475e-08  dW: 0.00183461  dPhi(Nx/2)(Ny/2)(Nz/2): 4.88854e-05 Phi A: 0.0523904 Phi B: 0.947609 Phi I: 5.82128e-52
Total charge: -6.54881e-20
etaHat: 124879
300  fE: -3.05107  dfE: 1.84659e-08  dW: 0.00181862  dPhi(Nx/2)(Ny/2)(Nz/2): 4.85115e-05 Phi A: 0.0523904 Phi B: 0.947609 Phi I: 5.82128e-52
Saving data . . .
Total charge: -6.54881e-20
etaHat: 124879
301  fE: -3.05107  dfE: 4.75042e-08  dW: 0.0018028  dPhi(Nx/2)(Ny/2)(Nz/2): 4.81435e-05 Phi A: 0.0523904 Phi B: 0.94761 Phi I: 5.82128e-52
Total charge: -6.54881e-20
etaHat: 124879
302  fE: -3.05107  dfE: 7.11774e-08  dW: 0.00178715  dPhi(Nx/2)(Ny/2)(Nz/2): 4.77822e-05 Phi A: 0.0523904 Phi B: 0.94761 Phi I: 5.82128e-52
Total charge: -6.54881e-20
etaHat: 124879
303  fE: -3.05107  dfE: 8.8867e-08  dW: 0.00177169  dPhi(Nx/2)(Ny/2)(Nz/2): 4.74284e-05 Phi A: 0.0523904 Phi B: 0.94761 Phi I: 5.82128e-52
Total charge: -6.54881e-20
etaHat: 124879
304  fE: -3.05107  dfE: 1.00318e-07  dW: 0.00175641  dPhi(Nx/2)(Ny/2)(Nz/2): 4.70829e-05 Phi A: 0.0523904 Phi B: 0.94761 Phi I: 5.82128e-52
Total charge: -6.54881e-20
etaHat: 124879
305  fE: -3.05107  dfE: 1.05613e-07  dW: 0.0017413  dPhi(Nx/2)(Ny/2)(Nz/2): 4.67459e-05 Phi A: 0.0523904 Phi B: 0.94761 Phi I: 5.82128e-52
Total charge: -6.5488e-20
etaHat: 124879
306  fE: -3.05107  dfE: 1.05134e-07  dW: 0.00172635  dPhi(Nx/2)(Ny/2)(Nz/2): 4.64175e-05 Phi A: 0.0523904 Phi B: 0.94761 Phi I: 5.82128e-52
Total charge: -6.5488e-20
etaHat: 124879
307  fE: -3.05107  dfE: 9.95099e-08  dW: 0.00171156  dPhi(Nx/2)(Ny/2)(Nz/2): 4.60978e-05 Phi A: 0.0523904 Phi B: 0.94761 Phi I: 5.82128e-52
Total charge: -6.5488e-20
etaHat: 124879
308  fE: -3.05107  dfE: 8.9561e-08  dW: 0.00169692  dPhi(Nx/2)(Ny/2)(Nz/2): 4.57863e-05 Phi A: 0.0523904 Phi B: 0.94761 Phi I: 5.82128e-52
Total charge: -6.5488e-20
etaHat: 124879
309  fE: -3.05107  dfE: 7.6237e-08  dW: 0.00168245  dPhi(Nx/2)(Ny/2)(Nz/2): 4.54825e-05 Phi A: 0.0523904 Phi B: 0.94761 Phi I: 5.82128e-52
Total charge: -6.5488e-20
etaHat: 124879
310  fE: -3.05107  dfE: 6.05563e-08  dW: 0.00166812  dPhi(Nx/2)(Ny/2)(Nz/2): 4.51857e-05 Phi A: 0.0523904 Phi B: 0.94761 Phi I: 5.82128e-52
Saving data . . .
Total charge: -6.5488e-20
etaHat: 124879
311  fE: -3.05107  dfE: 4.35479e-08  dW: 0.00165395  dPhi(Nx/2)(Ny/2)(Nz/2): 4.48951e-05 Phi A: 0.0523904 Phi B: 0.94761 Phi I: 5.82128e-52
Total charge: -6.5488e-20
etaHat: 124879
312  fE: -3.05107  dfE: 2.61991e-08  dW: 0.00163994  dPhi(Nx/2)(Ny/2)(Nz/2): 4.46098e-05 Phi A: 0.0523904 Phi B: 0.94761 Phi I: 5.82128e-52
Total charge: -6.5488e-20
etaHat: 124879
313  fE: -3.05107  dfE: 9.41068e-09  dW: 0.00162607  dPhi(Nx/2)(Ny/2)(Nz/2): 4.43289e-05 Phi A: 0.0523904 Phi B: 0.94761 Phi I: 5.82128e-52
Total charge: -6.5488e-20
etaHat: 124879
314  fE: -3.05107  dfE: 6.03934e-09  dW: 0.00161236  dPhi(Nx/2)(Ny/2)(Nz/2): 4.40514e-05 Phi A: 0.0523904 Phi B: 0.94761 Phi I: 5.82128e-52
Total charge: -6.5488e-20
etaHat: 124879
315  fE: -3.05107  dfE: 1.95213e-08  dW: 0.0015988  dPhi(Nx/2)(Ny/2)(Nz/2): 4.37763e-05 Phi A: 0.0523904 Phi B: 0.94761 Phi I: 5.82128e-52
Total charge: -6.5488e-20
etaHat: 124879
316  fE: -3.05107  dfE: 3.05696e-08  dW: 0.00158539  dPhi(Nx/2)(Ny/2)(Nz/2): 4.35029e-05 Phi A: 0.0523904 Phi B: 0.94761 Phi I: 5.82128e-52
Total charge: -6.5488e-20
etaHat: 124879
317  fE: -3.05107  dfE: 3.88894e-08  dW: 0.00157213  dPhi(Nx/2)(Ny/2)(Nz/2): 4.32305e-05 Phi A: 0.0523904 Phi B: 0.94761 Phi I: 5.82128e-52
Total charge: -6.5488e-20
etaHat: 124879
318  fE: -3.05107  dfE: 4.43524e-08  dW: 0.00155901  dPhi(Nx/2)(Ny/2)(Nz/2): 4.29583e-05 Phi A: 0.0523904 Phi B: 0.94761 Phi I: 5.82128e-52
Total charge: -6.5488e-20
etaHat: 124879
319  fE: -3.05107  dfE: 4.69866e-08  dW: 0.00154603  dPhi(Nx/2)(Ny/2)(Nz/2): 4.2686e-05 Phi A: 0.0523904 Phi B: 0.94761 Phi I: 5.82128e-52
Total charge: -6.5488e-20
etaHat: 124879
320  fE: -3.05107  dfE: 4.69581e-08  dW: 0.00153318  dPhi(Nx/2)(Ny/2)(Nz/2): 4.24131e-05 Phi A: 0.0523904 Phi B: 0.94761 Phi I: 5.82128e-52
Saving data . . .
Total charge: -6.5488e-20
etaHat: 124879
321  fE: -3.05107  dfE: 4.45484e-08  dW: 0.00152046  dPhi(Nx/2)(Ny/2)(Nz/2): 4.21393e-05 Phi A: 0.0523904 Phi B: 0.94761 Phi I: 5.82128e-52
Total charge: -6.5488e-20
etaHat: 124879
322  fE: -3.05107  dfE: 4.01282e-08  dW: 0.00150787  dPhi(Nx/2)(Ny/2)(Nz/2): 4.18647e-05 Phi A: 0.0523904 Phi B: 0.94761 Phi I: 5.82128e-52
Total charge: -6.5488e-20
etaHat: 124879
323  fE: -3.05107  dfE: 3.41298e-08  dW: 0.00149542  dPhi(Nx/2)(Ny/2)(Nz/2): 4.15891e-05 Phi A: 0.0523904 Phi B: 0.94761 Phi I: 5.82128e-52
Total charge: -6.5488e-20
etaHat: 124879
324  fE: -3.05107  dfE: 2.70185e-08  dW: 0.0014831  dPhi(Nx/2)(Ny/2)(Nz/2): 4.13127e-05 Phi A: 0.0523904 Phi B: 0.94761 Phi I: 5.82128e-52
Total charge: -6.5488e-20
etaHat: 124879
325  fE: -3.05107  dfE: 1.92666e-08  dW: 0.0014709  dPhi(Nx/2)(Ny/2)(Nz/2): 4.10356e-05 Phi A: 0.0523904 Phi B: 0.94761 Phi I: 5.82128e-52
Total charge: -6.5488e-20
etaHat: 124879
326  fE: -3.05107  dfE: 1.13284e-08  dW: 0.00145884  dPhi(Nx/2)(Ny/2)(Nz/2): 4.0758e-05 Phi A: 0.0523904 Phi B: 0.94761 Phi I: 5.82128e-52
Total charge: -6.5488e-20
etaHat: 124879
327  fE: -3.05107  dfE: 3.62028e-09  dW: 0.00144689  dPhi(Nx/2)(Ny/2)(Nz/2): 4.04802e-05 Phi A: 0.0523904 Phi B: 0.94761 Phi I: 5.82128e-52
Total charge: -6.5488e-20
etaHat: 124879
328  fE: -3.05107  dfE: 3.49695e-09  dW: 0.00143506  dPhi(Nx/2)(Ny/2)(Nz/2): 4.02025e-05 Phi A: 0.0523904 Phi B: 0.94761 Phi I: 5.82128e-52
Total charge: -6.5488e-20
etaHat: 124879
329  fE: -3.05107  dfE: 9.7298e-09  dW: 0.00142335  dPhi(Nx/2)(Ny/2)(Nz/2): 3.99251e-05 Phi A: 0.0523904 Phi B: 0.94761 Phi I: 5.82128e-52
Total charge: -6.5488e-20
etaHat: 124879
330  fE: -3.05107  dfE: 1.48595e-08  dW: 0.00141176  dPhi(Nx/2)(Ny/2)(Nz/2): 3.96482e-05 Phi A: 0.0523904 Phi B: 0.94761 Phi I: 5.82128e-52
Saving data . . .
Total charge: -6.5488e-20
etaHat: 124879
331  fE: -3.05107  dfE: 1.87456e-08  dW: 0.00140028  dPhi(Nx/2)(Ny/2)(Nz/2): 3.93722e-05 Phi A: 0.0523904 Phi B: 0.94761 Phi I: 5.82128e-52
Total charge: -6.5488e-20
etaHat: 124879
332  fE: -3.05107  dfE: 2.1324e-08  dW: 0.00138892  dPhi(Nx/2)(Ny/2)(Nz/2): 3.90972e-05 Phi A: 0.0523904 Phi B: 0.94761 Phi I: 5.82128e-52
Total charge: -6.5488e-20
etaHat: 124879
333  fE: -3.05107  dfE: 2.26031e-08  dW: 0.00137767  dPhi(Nx/2)(Ny/2)(Nz/2): 3.88233e-05 Phi A: 0.0523904 Phi B: 0.94761 Phi I: 5.82128e-52
Total charge: -6.5488e-20
etaHat: 124879
334  fE: -3.05107  dfE: 2.2655e-08  dW: 0.00136653  dPhi(Nx/2)(Ny/2)(Nz/2): 3.85507e-05 Phi A: 0.0523904 Phi B: 0.94761 Phi I: 5.82128e-52
Total charge: -6.5488e-20
etaHat: 124879
335  fE: -3.05107  dfE: 2.16052e-08  dW: 0.00135551  dPhi(Nx/2)(Ny/2)(Nz/2): 3.82794e-05 Phi A: 0.0523904 Phi B: 0.94761 Phi I: 5.82128e-52
Total charge: -6.5488e-20
etaHat: 124879
336  fE: -3.05107  dfE: 1.96215e-08  dW: 0.0013446  dPhi(Nx/2)(Ny/2)(Nz/2): 3.80095e-05 Phi A: 0.0523904 Phi B: 0.94761 Phi I: 5.82128e-52
Total charge: -6.5488e-20
etaHat: 124879
337  fE: -3.05107  dfE: 1.69003e-08  dW: 0.0013338  dPhi(Nx/2)(Ny/2)(Nz/2): 3.7741e-05 Phi A: 0.0523904 Phi B: 0.94761 Phi I: 5.82128e-52
Total charge: -6.5488e-20
etaHat: 124879
338  fE: -3.05107  dfE: 1.36544e-08  dW: 0.00132311  dPhi(Nx/2)(Ny/2)(Nz/2): 3.74737e-05 Phi A: 0.0523904 Phi B: 0.94761 Phi I: 5.82128e-52
Total charge: -6.5488e-20
etaHat: 124879
339  fE: -3.05107  dfE: 1.01003e-08  dW: 0.00131252  dPhi(Nx/2)(Ny/2)(Nz/2): 3.72078e-05 Phi A: 0.0523904 Phi B: 0.94761 Phi I: 5.82128e-52
Total charge: -6.5488e-20
etaHat: 124879
340  fE: -3.05107  dfE: 6.44714e-09  dW: 0.00130204  dPhi(Nx/2)(Ny/2)(Nz/2): 3.69431e-05 Phi A: 0.0523904 Phi B: 0.94761 Phi I: 5.82128e-52
Saving data . . .
Total charge: -6.5488e-20
etaHat: 124879
341  fE: -3.05107  dfE: 2.88729e-09  dW: 0.00129166  dPhi(Nx/2)(Ny/2)(Nz/2): 3.66795e-05 Phi A: 0.0523904 Phi B: 0.94761 Phi I: 5.82128e-52
Total charge: -6.5488e-20
etaHat: 124879
342  fE: -3.05107  dfE: 4.11939e-10  dW: 0.00128138  dPhi(Nx/2)(Ny/2)(Nz/2): 3.6417e-05 Phi A: 0.0523904 Phi B: 0.94761 Phi I: 5.82128e-52
Total charge: -6.5488e-20
etaHat: 124879
343  fE: -3.05107  dfE: 3.31385e-09  dW: 0.0012712  dPhi(Nx/2)(Ny/2)(Nz/2): 3.61555e-05 Phi A: 0.0523904 Phi B: 0.94761 Phi I: 5.82128e-52
Total charge: -6.5488e-20
etaHat: 124879
344  fE: -3.05107  dfE: 5.71564e-09  dW: 0.00126112  dPhi(Nx/2)(Ny/2)(Nz/2): 3.58951e-05 Phi A: 0.0523904 Phi B: 0.94761 Phi I: 5.82128e-52
Total charge: -6.5488e-20
etaHat: 124879
345  fE: -3.05107  dfE: 7.55056e-09  dW: 0.00125114  dPhi(Nx/2)(Ny/2)(Nz/2): 3.56356e-05 Phi A: 0.0523904 Phi B: 0.94761 Phi I: 5.82128e-52
Total charge: -6.5488e-20
etaHat: 124879
346  fE: -3.05107  dfE: 8.78689e-09  dW: 0.00124125  dPhi(Nx/2)(Ny/2)(Nz/2): 3.53772e-05 Phi A: 0.0523904 Phi B: 0.94761 Phi I: 5.82128e-52
Total charge: -6.5488e-20
etaHat: 124879
347  fE: -3.05107  dfE: 9.42625e-09  dW: 0.00123146  dPhi(Nx/2)(Ny/2)(Nz/2): 3.51199e-05 Phi A: 0.0523904 Phi B: 0.94761 Phi I: 5.82128e-52
Total charge: -6.5488e-20
etaHat: 124879
348  fE: -3.05107  dfE: 9.49977e-09  dW: 0.00122177  dPhi(Nx/2)(Ny/2)(Nz/2): 3.48637e-05 Phi A: 0.0523904 Phi B: 0.94761 Phi I: 5.82128e-52
Total charge: -6.5488e-20
etaHat: 124879
349  fE: -3.05107  dfE: 9.06366e-09  dW: 0.00121217  dPhi(Nx/2)(Ny/2)(Nz/2): 3.46087e-05 Phi A: 0.0523904 Phi B: 0.94761 Phi I: 5.82128e-52
Total charge: -6.5488e-20
etaHat: 124879
350  fE: -3.05107  dfE: 8.19347e-09  dW: 0.00120266  dPhi(Nx/2)(Ny/2)(Nz/2): 3.43551e-05 Phi A: 0.0523904 Phi B: 0.94761 Phi I: 5.82128e-52
Saving data . . .
Total charge: -6.5488e-20
etaHat: 124879
351  fE: -3.05107  dfE: 6.97866e-09  dW: 0.00119325  dPhi(Nx/2)(Ny/2)(Nz/2): 3.41029e-05 Phi A: 0.0523904 Phi B: 0.94761 Phi I: 5.82128e-52
Total charge: -6.5488e-20
etaHat: 124879
352  fE: -3.05107  dfE: 5.51635e-09  dW: 0.00118393  dPhi(Nx/2)(Ny/2)(Nz/2): 3.38524e-05 Phi A: 0.0523904 Phi B: 0.94761 Phi I: 5.82128e-52
Total charge: -6.5488e-20
etaHat: 124879
353  fE: -3.05107  dfE: 3.90587e-09  dW: 0.00117471  dPhi(Nx/2)(Ny/2)(Nz/2): 3.36037e-05 Phi A: 0.0523904 Phi B: 0.94761 Phi I: 5.82128e-52
Total charge: -6.5488e-20
etaHat: 124879
354  fE: -3.05107  dfE: 2.24349e-09  dW: 0.00116557  dPhi(Nx/2)(Ny/2)(Nz/2): 3.33568e-05 Phi A: 0.0523904 Phi B: 0.94761 Phi I: 5.82128e-52
Total charge: -6.5488e-20
etaHat: 124879
355  fE: -3.05107  dfE: 6.17952e-10  dW: 0.00115652  dPhi(Nx/2)(Ny/2)(Nz/2): 3.31121e-05 Phi A: 0.0523904 Phi B: 0.94761 Phi I: 5.82128e-52
Total charge: -6.5488e-20
etaHat: 124879
356  fE: -3.05107  dfE: 8.93117e-10  dW: 0.00114756  dPhi(Nx/2)(Ny/2)(Nz/2): 3.28695e-05 Phi A: 0.0523904 Phi B: 0.94761 Phi I: 5.82128e-52
Total charge: -6.5488e-20
etaHat: 124879
357  fE: -3.05107  dfE: 2.22607e-09  dW: 0.00113868  dPhi(Nx/2)(Ny/2)(Nz/2): 3.26293e-05 Phi A: 0.0523904 Phi B: 0.94761 Phi I: 5.82128e-52
Total charge: -6.5488e-20
etaHat: 124879
358  fE: -3.05107  dfE: 3.33261e-09  dW: 0.00112989  dPhi(Nx/2)(Ny/2)(Nz/2): 3.23916e-05 Phi A: 0.0523904 Phi B: 0.94761 Phi I: 5.82128e-52
Total charge: -6.5488e-20
etaHat: 124879
359  fE: -3.05107  dfE: 4.18113e-09  dW: 0.00112118  dPhi(Nx/2)(Ny/2)(Nz/2): 3.21564e-05 Phi A: 0.0523904 Phi B: 0.94761 Phi I: 5.82128e-52
Total charge: -6.5488e-20
etaHat: 124879
360  fE: -3.05107  dfE: 4.75591e-09  dW: 0.00111255  dPhi(Nx/2)(Ny/2)(Nz/2): 3.19238e-05 Phi A: 0.0523904 Phi B: 0.94761 Phi I: 5.82128e-52
Saving data . . .
Total charge: -6.5488e-20
etaHat: 124879
361  fE: -3.05107  dfE: 5.0567e-09  dW: 0.001104  dPhi(Nx/2)(Ny/2)(Nz/2): 3.16939e-05 Phi A: 0.0523904 Phi B: 0.94761 Phi I: 5.82128e-52
Total charge: -6.5488e-20
etaHat: 124879
362  fE: -3.05107  dfE: 5.09691e-09  dW: 0.00109553  dPhi(Nx/2)(Ny/2)(Nz/2): 3.14667e-05 Phi A: 0.0523904 Phi B: 0.94761 Phi I: 5.82128e-52
Total charge: -6.5488e-20
etaHat: 124879
363  fE: -3.05107  dfE: 4.90159e-09  dW: 0.00108715  dPhi(Nx/2)(Ny/2)(Nz/2): 3.12421e-05 Phi A: 0.0523904 Phi B: 0.94761 Phi I: 5.82128e-52
Total charge: -6.5488e-20
etaHat: 124879
364  fE: -3.05107  dfE: 4.50493e-09  dW: 0.00107885  dPhi(Nx/2)(Ny/2)(Nz/2): 3.10203e-05 Phi A: 0.0523904 Phi B: 0.94761 Phi I: 5.82128e-52
Total charge: -6.5488e-20
etaHat: 124879
365  fE: -3.05107  dfE: 3.94743e-09  dW: 0.00107063  dPhi(Nx/2)(Ny/2)(Nz/2): 3.0801e-05 Phi A: 0.0523904 Phi B: 0.94761 Phi I: 5.82128e-52
Total charge: -6.5488e-20
etaHat: 124879
366  fE: -3.05107  dfE: 3.27355e-09  dW: 0.00106249  dPhi(Nx/2)(Ny/2)(Nz/2): 3.05844e-05 Phi A: 0.0523904 Phi B: 0.94761 Phi I: 5.82128e-52
Total charge: -6.5488e-20
etaHat: 124879
367  fE: -3.05107  dfE: 2.52881e-09  dW: 0.00105443  dPhi(Nx/2)(Ny/2)(Nz/2): 3.03702e-05 Phi A: 0.0523904 Phi B: 0.94761 Phi I: 5.82128e-52
Total charge: -6.5488e-20
etaHat: 124879
368  fE: -3.05107  dfE: 1.75746e-09  dW: 0.00104644  dPhi(Nx/2)(Ny/2)(Nz/2): 3.01584e-05 Phi A: 0.0523904 Phi B: 0.94761 Phi I: 5.82128e-52
Total charge: -6.5488e-20
etaHat: 124879
369  fE: -3.05107  dfE: 1.00048e-09  dW: 0.00103852  dPhi(Nx/2)(Ny/2)(Nz/2): 2.9949e-05 Phi A: 0.0523904 Phi B: 0.94761 Phi I: 5.82128e-52
Total charge: -6.5488e-20
etaHat: 124879
370  fE: -3.05107  dfE: 2.93876e-10  dW: 0.00103068  dPhi(Nx/2)(Ny/2)(Nz/2): 2.97417e-05 Phi A: 0.0523904 Phi B: 0.94761 Phi I: 5.82128e-52
Saving data . . .
Total charge: -6.5488e-20
etaHat: 124879
371  fE: -3.05107  dfE: 3.32745e-10  dW: 0.0010229  dPhi(Nx/2)(Ny/2)(Nz/2): 2.95366e-05 Phi A: 0.0523904 Phi B: 0.94761 Phi I: 5.82128e-52
Total charge: -6.5488e-20
etaHat: 124879
372  fE: -3.05107  dfE: 8.56714e-10  dW: 0.0010152  dPhi(Nx/2)(Ny/2)(Nz/2): 2.93334e-05 Phi A: 0.0523904 Phi B: 0.94761 Phi I: 5.82128e-52
Total charge: -6.5488e-20
etaHat: 124879
373  fE: -3.05107  dfE: 1.26307e-09  dW: 0.00100757  dPhi(Nx/2)(Ny/2)(Nz/2): 2.91321e-05 Phi A: 0.0523904 Phi B: 0.94761 Phi I: 5.82128e-52
Total charge: -6.5488e-20
etaHat: 124879
374  fE: -3.05107  dfE: 1.54404e-09  dW: 0.001  dPhi(Nx/2)(Ny/2)(Nz/2): 2.89326e-05 Phi A: 0.0523904 Phi B: 0.94761 Phi I: 5.82128e-52
Total charge: -6.5488e-20
etaHat: 124879
375  fE: -3.05107  dfE: 1.69915e-09  dW: 0.000992511  dPhi(Nx/2)(Ny/2)(Nz/2): 2.87348e-05 Phi A: 0.0523904 Phi B: 0.94761 Phi I: 5.82128e-52
Saving data . . .
