Total charge: 124877
etaHat: 124877
0  fE: -9367.16  dfE: 9467.16  dW: 16.3818  dPhi(Nx/2)(Ny/2)(Nz/2): -4.11389 Phi A: 0.607494 Phi B: 4.48374 Phi I: 999.016
Saving data . . .
Total charge: 1.59566
etaHat: 124879
1  fE: -25220.8  dfE: 15853.7  dW: 19.7817  dPhi(Nx/2)(Ny/2)(Nz/2): -2.29035 Phi A: 0.323276 Phi B: 2.95308 Phi I: 0.0127653
Total charge: 1.55528e-18
etaHat: 124879
2  fE: -18.8297  dfE: 25202  dW: 20.7033  dPhi(Nx/2)(Ny/2)(Nz/2): -1.16882 Phi A: 0.188733 Phi B: 1.97128 Phi I: 1.43296e-20
Total charge: -1.49013e-19
etaHat: 124879
3  fE: -13.3935  dfE: 5.43624  dW: 20.141  dPhi(Nx/2)(Ny/2)(Nz/2): -0.474691 Phi A: 0.11921 Phi B: 1.34979 Phi I: 5.82341e-52
Total charge: -1.00771e-19
etaHat: 124879
4  fE: -9.4498  dfE: 3.94366  dW: 18.6981  dPhi(Nx/2)(Ny/2)(Nz/2): -0.0404905 Phi A: 0.0806165 Phi B: 0.956077 Phi I: 5.82142e-52
Total charge: -7.24327e-20
etaHat: 124879
5  fE: -6.74886  dfE: 2.70093  dW: 16.7423  dPhi(Nx/2)(Ny/2)(Nz/2): 0.235183 Phi A: 0.0579461 Phi B: 0.704243 Phi I: 5.81964e-52
Total charge: -5.50613e-20
etaHat: 124879
6  fE: -4.93002  dfE: 1.81884  dW: 14.5015  dPhi(Nx/2)(Ny/2)(Nz/2): 0.412985 Phi A: 0.044049 Phi B: 0.541077 Phi I: 5.81811e-52
Total charge: -4.41027e-20
etaHat: 124879
7  fE: -3.70251  dfE: 1.2275  dW: 12.12  dPhi(Nx/2)(Ny/2)(Nz/2): 0.52909 Phi A: 0.0352822 Phi B: 0.434217 Phi I: 5.81682e-52
Total charge: -3.71096e-20
etaHat: 124879
8  fE: -2.86416  dfE: 0.838353  dW: 9.69146  dPhi(Nx/2)(Ny/2)(Nz/2): 0.605157 Phi A: 0.0296877 Phi B: 0.36406 Phi I: 5.81579e-52
Total charge: -3.27147e-20
etaHat: 124879
9  fE: -2.28159  dfE: 0.58257  dW: 7.27877  dPhi(Nx/2)(Ny/2)(Nz/2): 0.654225 Phi A: 0.0261718 Phi B: 0.318721 Phi I: 5.81501e-52
Total charge: -3.01375e-20
etaHat: 124879
10  fE: -1.86814  dfE: 0.413454  dW: 4.9257  dPhi(Nx/2)(Ny/2)(Nz/2): 0.684145 Phi A: 0.02411 Phi B: 0.29101 Phi I: 5.81447e-52
Saving data . . .
Total charge: -2.89356e-20
etaHat: 124879
11  fE: -1.56715  dfE: 0.300993  dW: 2.66474  dPhi(Nx/2)(Ny/2)(Nz/2): 0.699559 Phi A: 0.0231485 Phi B: 0.276662 Phi I: 5.81417e-52
Total charge: -2.88751e-20
etaHat: 124879
12  fE: -1.34077  dfE: 0.226372  dW: 0.648203  dPhi(Nx/2)(Ny/2)(Nz/2): 0.703039 Phi A: 0.0231 Phi B: 0.273306 Phi I: 5.81408e-52
Total charge: -2.98601e-20
etaHat: 124879
13  fE: -1.1628  dfE: 0.17797  dW: 1.47916  dPhi(Nx/2)(Ny/2)(Nz/2): 0.695736 Phi A: 0.0238881 Phi B: 0.279878 Phi I: 5.81421e-52
Total charge: -3.18957e-20
etaHat: 124879
14  fE: -1.01412  dfE: 0.14868  dW: 3.31552  dPhi(Nx/2)(Ny/2)(Nz/2): 0.677745 Phi A: 0.0255166 Phi B: 0.296287 Phi I: 5.81454e-52
Total charge: -3.50659e-20
etaHat: 124879
15  fE: -0.880041  dfE: 0.134082  dW: 4.96173  dPhi(Nx/2)(Ny/2)(Nz/2): 0.648307 Phi A: 0.0280527 Phi B: 0.323233 Phi I: 5.81503e-52
Total charge: -3.95169e-20
etaHat: 124879
16  fE: -0.749012  dfE: 0.131028  dW: 6.38857  dPhi(Nx/2)(Ny/2)(Nz/2): 0.605939 Phi A: 0.0316135 Phi B: 0.362088 Phi I: 5.81569e-52
Total charge: -4.54362e-20
etaHat: 124879
17  fE: -0.612795  dfE: 0.136217  dW: 7.56168  dPhi(Nx/2)(Ny/2)(Nz/2): 0.548584 Phi A: 0.036349 Phi B: 0.414771 Phi I: 5.81647e-52
Total charge: -5.30156e-20
etaHat: 124879
18  fE: -0.468314  dfE: 0.144481  dW: 8.44118  dPhi(Nx/2)(Ny/2)(Nz/2): 0.473868 Phi A: 0.0424125 Phi B: 0.483517 Phi I: 5.81736e-52
Total charge: -6.23853e-20
etaHat: 124879
19  fE: -0.321589  dfE: 0.146725  dW: 8.98311  dPhi(Nx/2)(Ny/2)(Nz/2): 0.379589 Phi A: 0.0499082 Phi B: 0.570439 Phi I: 5.81832e-52
Total charge: -7.35095e-20
etaHat: 124879
20  fE: -0.193466  dfE: 0.128123  dW: 9.14358  dPhi(Nx/2)(Ny/2)(Nz/2): 0.264584 Phi A: 0.0588076 Phi B: 0.676755 Phi I: 5.81932e-52
Saving data . . .
Total charge: -8.60483e-20
etaHat: 124879
21  fE: -0.125104  dfE: 0.0683626  dW: 8.88696  dPhi(Nx/2)(Ny/2)(Nz/2): 0.129991 Phi A: 0.0688386 Phi B: 0.801623 Phi I: 5.82031e-52
Total charge: -9.9225e-20
etaHat: 124879
22  fE: -0.178186  dfE: 0.0530819  dW: 8.19815  dPhi(Nx/2)(Ny/2)(Nz/2): -0.0192529 Phi A: 0.07938 Phi B: 0.940753 Phi I: 5.82125e-52
Total charge: -1.11788e-19
etaHat: 124879
23  fE: -0.422713  dfE: 0.244527  dW: 7.09685  dPhi(Nx/2)(Ny/2)(Nz/2): -0.173333 Phi A: 0.0894303 Phi B: 1.08534 Phi I: 5.82209e-52
Total charge: -1.22172e-19
etaHat: 124879
24  fE: -0.908804  dfE: 0.486091  dW: 5.64854  dPhi(Nx/2)(Ny/2)(Nz/2): -0.317872 Phi A: 0.0977378 Phi B: 1.22225 Phi I: 5.82279e-52
Total charge: -1.28899e-19
etaHat: 124879
25  fE: -1.63158  dfE: 0.722781  dW: 3.96489  dPhi(Nx/2)(Ny/2)(Nz/2): -0.436464 Phi A: 0.103119 Phi B: 1.3362 Phi I: 5.82333e-52
Total charge: -1.31072e-19
etaHat: 124879
26  fE: -2.51235  dfE: 0.880766  dW: 2.19086  dPhi(Nx/2)(Ny/2)(Nz/2): -0.515074 Phi A: 0.104857 Phi B: 1.4138 Phi I: 5.82367e-52
Total charge: -1.28697e-19
etaHat: 124879
27  fE: -3.4163  dfE: 0.903945  dW: 1.30346  dPhi(Nx/2)(Ny/2)(Nz/2): -0.546352 Phi A: 0.102957 Phi B: 1.44762 Phi I: 5.82382e-52
Total charge: -1.22622e-19
etaHat: 124879
28  fE: -4.20125  dfE: 0.784957  dW: 1.09088  dPhi(Nx/2)(Ny/2)(Nz/2): -0.531548 Phi A: 0.0980973 Phi B: 1.43814 Phi I: 5.8238e-52
Total charge: -1.14159e-19
etaHat: 124879
29  fE: -4.76705  dfE: 0.565792  dW: 2.32442  dPhi(Nx/2)(Ny/2)(Nz/2): -0.479122 Phi A: 0.0913272 Phi B: 1.39276 Phi I: 5.82362e-52
Total charge: -1.04643e-19
etaHat: 124879
30  fE: -5.07785  dfE: 0.310809  dW: 3.269  dPhi(Nx/2)(Ny/2)(Nz/2): -0.401268 Phi A: 0.0837145 Phi B: 1.32261 Phi I: 5.82333e-52
Saving data . . .
Total charge: -9.51357e-20
etaHat: 124879
31  fE: -5.15397  dfE: 0.0761179  dW: 3.89056  dPhi(Nx/2)(Ny/2)(Nz/2): -0.310362 Phi A: 0.0761086 Phi B: 1.23924 Phi I: 5.82296e-52
Total charge: -8.63304e-20
etaHat: 124879
32  fE: -5.0478  dfE: 0.106176  dW: 4.20984  dPhi(Nx/2)(Ny/2)(Nz/2): -0.216656 Phi A: 0.0690644 Phi B: 1.15239 Phi I: 5.82254e-52
Total charge: -7.85955e-20
etaHat: 124879
33  fE: -4.82028  dfE: 0.227519  dW: 4.26368  dPhi(Nx/2)(Ny/2)(Nz/2): -0.127433 Phi A: 0.0628764 Phi B: 1.06911 Phi I: 5.8221e-52
Total charge: -7.20669e-20
etaHat: 124879
34  fE: -4.52579  dfE: 0.294486  dW: 4.09649  dPhi(Nx/2)(Ny/2)(Nz/2): -0.0471743 Phi A: 0.0576535 Phi B: 0.993804 Phi I: 5.82168e-52
Total charge: -6.67402e-20
etaHat: 124879
35  fE: -4.20581  dfE: 0.319985  dW: 3.7543  dPhi(Nx/2)(Ny/2)(Nz/2): 0.0218162 Phi A: 0.0533921 Phi B: 0.928794 Phi I: 5.82128e-52
Total charge: -6.25389e-20
etaHat: 124879
36  fE: -3.88841  dfE: 0.317393  dW: 3.28142  dPhi(Nx/2)(Ny/2)(Nz/2): 0.0787172 Phi A: 0.0500311 Phi B: 0.874984 Phi I: 5.82093e-52
Total charge: -5.93581e-20
etaHat: 124879
37  fE: -3.59065  dfE: 0.297763  dW: 2.71857  dPhi(Nx/2)(Ny/2)(Nz/2): 0.123604 Phi A: 0.0474865 Phi B: 0.83239 Phi I: 5.82063e-52
Total charge: -5.70886e-20
etaHat: 124879
38  fE: -3.32156  dfE: 0.269088  dW: 2.10229  dPhi(Nx/2)(Ny/2)(Nz/2): 0.157034 Phi A: 0.0456709 Phi B: 0.800547 Phi I: 5.8204e-52
Total charge: -5.56283e-20
etaHat: 124879
39  fE: -3.08498  dfE: 0.236578  dW: 1.46481  dPhi(Nx/2)(Ny/2)(Nz/2): 0.179773 Phi A: 0.0445027 Phi B: 0.778766 Phi I: 5.82024e-52
Total charge: -5.4886e-20
etaHat: 124879
40  fE: -2.8817  dfE: 0.20328  dW: 0.834272  dPhi(Nx/2)(Ny/2)(Nz/2): 0.192657 Phi A: 0.0439088 Phi B: 0.766285 Phi I: 5.82014e-52
Saving data . . .
Total charge: -5.47801e-20
etaHat: 124879
41  fE: -2.711  dfE: 0.170707  dW: 0.249389  dPhi(Nx/2)(Ny/2)(Nz/2): 0.196516 Phi A: 0.0438241 Phi B: 0.762331 Phi I: 5.8201e-52
Total charge: -5.52353e-20
etaHat: 124879
42  fE: -2.57164  dfE: 0.139357  dW: 0.313371  dPhi(Nx/2)(Ny/2)(Nz/2): 0.19217 Phi A: 0.0441883 Phi B: 0.766141 Phi I: 5.82012e-52
Total charge: -5.61783e-20
etaHat: 124879
43  fE: -2.46253  dfE: 0.109105  dW: 0.789654  dPhi(Nx/2)(Ny/2)(Nz/2): 0.18045 Phi A: 0.0449427 Phi B: 0.776935 Phi I: 5.8202e-52
Total charge: -5.75324e-20
etaHat: 124879
44  fE: -2.38304  dfE: 0.0794977  dW: 1.1839  dPhi(Nx/2)(Ny/2)(Nz/2): 0.162242 Phi A: 0.0460259 Phi B: 0.793882 Phi I: 5.82032e-52
Total charge: -5.92132e-20
etaHat: 124879
45  fE: -2.33303  dfE: 0.0500034  dW: 1.48456  dPhi(Nx/2)(Ny/2)(Nz/2): 0.138538 Phi A: 0.0473706 Phi B: 0.816052 Phi I: 5.82048e-52
Total charge: -6.11259e-20
etaHat: 124879
46  fE: -2.3128  dfE: 0.0202312  dW: 1.68538  dPhi(Nx/2)(Ny/2)(Nz/2): 0.11048 Phi A: 0.0489007 Phi B: 0.842373 Phi I: 5.82066e-52
Total charge: -6.31639e-20
etaHat: 124879
47  fE: -2.32266  dfE: 0.0098627  dW: 1.78444  dPhi(Nx/2)(Ny/2)(Nz/2): 0.0793838 Phi A: 0.0505311 Phi B: 0.871608 Phi I: 5.82086e-52
Total charge: -6.52113e-20
etaHat: 124879
48  fE: -2.36247  dfE: 0.0398057  dW: 1.78433  dPhi(Nx/2)(Ny/2)(Nz/2): 0.0467406 Phi A: 0.052169 Phi B: 0.902358 Phi I: 5.82106e-52
Total charge: -6.71481e-20
etaHat: 124879
49  fE: -2.43099  dfE: 0.0685199  dW: 1.69231  dPhi(Nx/2)(Ny/2)(Nz/2): 0.0141673 Phi A: 0.0537185 Phi B: 0.933101 Phi I: 5.82125e-52
Total charge: -6.88588e-20
etaHat: 124879
50  fE: -2.52536  dfE: 0.0943677  dW: 1.52004  dPhi(Nx/2)(Ny/2)(Nz/2): -0.0166785 Phi A: 0.0550871 Phi B: 0.962274 Phi I: 5.82143e-52
Saving data . . .
Total charge: -7.02429e-20
etaHat: 124879
51  fE: -2.64073  dfE: 0.115368  dW: 1.28295  dPhi(Nx/2)(Ny/2)(Nz/2): -0.0442214 Phi A: 0.0561943 Phi B: 0.988389 Phi I: 5.82158e-52
Total charge: -7.12246e-20
etaHat: 124879
52  fE: -2.77029  dfE: 0.129565  dW: 0.999261  dPhi(Nx/2)(Ny/2)(Nz/2): -0.0671073 Phi A: 0.0569797 Phi B: 1.01016 Phi I: 5.82171e-52
Total charge: -7.1761e-20
etaHat: 124879
53  fE: -2.90576  dfE: 0.135471  dW: 0.688682  dPhi(Nx/2)(Ny/2)(Nz/2): -0.0843333 Phi A: 0.0574088 Phi B: 1.02663 Phi I: 5.8218e-52
Total charge: -7.18454e-20
etaHat: 124879
54  fE: -3.03821  dfE: 0.132449  dW: 0.391353  dPhi(Nx/2)(Ny/2)(Nz/2): -0.09534 Phi A: 0.0574763 Phi B: 1.03724 Phi I: 5.82186e-52
Total charge: -7.15058e-20
etaHat: 124879
55  fE: -3.15912  dfE: 0.120913  dW: 0.263471  dPhi(Nx/2)(Ny/2)(Nz/2): -0.100048 Phi A: 0.0572046 Phi B: 1.04192 Phi I: 5.82189e-52
Total charge: -7.07989e-20
etaHat: 124879
56  fE: -3.26141  dfE: 0.102287  dW: 0.230293  dPhi(Nx/2)(Ny/2)(Nz/2): -0.0988318 Phi A: 0.0566391 Phi B: 1.041 Phi I: 5.82189e-52
Total charge: -6.9801e-20
etaHat: 124879
57  fE: -3.34013  dfE: 0.0787182  dW: 0.455618  dPhi(Nx/2)(Ny/2)(Nz/2): -0.0924384 Phi A: 0.0558408 Phi B: 1.03517 Phi I: 5.82185e-52
Total charge: -6.8598e-20
etaHat: 124879
58  fE: -3.39281  dfE: 0.0526842  dW: 0.648099  dPhi(Nx/2)(Ny/2)(Nz/2): -0.0818748 Phi A: 0.0548784 Phi B: 1.02537 Phi I: 5.8218e-52
Total charge: -6.72766e-20
etaHat: 124879
59  fE: -3.41939  dfE: 0.0265756  dW: 0.788026  dPhi(Nx/2)(Ny/2)(Nz/2): -0.0682829 Phi A: 0.0538213 Phi B: 1.01268 Phi I: 5.82173e-52
Total charge: -6.5917e-20
etaHat: 124879
60  fE: -3.42177  dfE: 0.00238443  dW: 0.874269  dPhi(Nx/2)(Ny/2)(Nz/2): -0.0528253 Phi A: 0.0527336 Phi B: 0.998185 Phi I: 5.82164e-52
Saving data . . .
Total charge: -6.45881e-20
etaHat: 124879
61  fE: -3.40331  dfE: 0.0184672  dW: 0.908771  dPhi(Nx/2)(Ny/2)(Nz/2): -0.0365948 Phi A: 0.0516704 Phi B: 0.982931 Phi I: 5.82155e-52
Total charge: -6.33457e-20
etaHat: 124879
62  fE: -3.36815  dfE: 0.0351578  dW: 0.89594  dPhi(Nx/2)(Ny/2)(Nz/2): -0.0205523 Phi A: 0.0506765 Phi B: 0.967826 Phi I: 5.82146e-52
Total charge: -6.22317e-20
etaHat: 124879
63  fE: -3.32075  dfE: 0.0473958  dW: 0.842014  dPhi(Nx/2)(Ny/2)(Nz/2): -0.00549303 Phi A: 0.0497854 Phi B: 0.953629 Phi I: 5.82137e-52
Total charge: -6.12752e-20
etaHat: 124879
64  fE: -3.26546  dfE: 0.0552942  dW: 0.754441  dPhi(Nx/2)(Ny/2)(Nz/2): 0.00796609 Phi A: 0.0490202 Phi B: 0.94093 Phi I: 5.82129e-52
Total charge: -6.04934e-20
etaHat: 124879
65  fE: -3.20623  dfE: 0.0592334  dW: 0.641334  dPhi(Nx/2)(Ny/2)(Nz/2): 0.0193819 Phi A: 0.0483947 Phi B: 0.930155 Phi I: 5.82122e-52
Total charge: -5.98936e-20
etaHat: 124879
66  fE: -3.14648  dfE: 0.0597403  dW: 0.510995  dPhi(Nx/2)(Ny/2)(Nz/2): 0.0284721 Phi A: 0.0479149 Phi B: 0.921577 Phi I: 5.82117e-52
Total charge: -5.94749e-20
etaHat: 124879
67  fE: -3.08909  dfE: 0.0573953  dW: 0.371527  dPhi(Nx/2)(Ny/2)(Nz/2): 0.0350968 Phi A: 0.0475799 Phi B: 0.915334 Phi I: 5.82112e-52
Total charge: -5.92293e-20
etaHat: 124879
68  fE: -3.03632  dfE: 0.0527718  dW: 0.230513  dPhi(Nx/2)(Ny/2)(Nz/2): 0.0392402 Phi A: 0.0473834 Phi B: 0.911447 Phi I: 5.8211e-52
Total charge: -5.91432e-20
etaHat: 124879
69  fE: -2.98991  dfE: 0.0464034  dW: 0.0960163  dPhi(Nx/2)(Ny/2)(Nz/2): 0.0409916 Phi A: 0.0473146 Phi B: 0.909836 Phi I: 5.82108e-52
Total charge: -5.91984e-20
etaHat: 124879
70  fE: -2.95114  dfE: 0.0387722  dW: 0.0458874  dPhi(Nx/2)(Ny/2)(Nz/2): 0.040529 Phi A: 0.0473587 Phi B: 0.910336 Phi I: 5.82109e-52
Saving data . . .
Total charge: -5.93731e-20
etaHat: 124879
71  fE: -2.92083  dfE: 0.0303107  dW: 0.138655  dPhi(Nx/2)(Ny/2)(Nz/2): 0.0381036 Phi A: 0.0474985 Phi B: 0.912713 Phi I: 5.8211e-52
Total charge: -5.96428e-20
etaHat: 124879
72  fE: -2.89942  dfE: 0.0214113  dW: 0.227955  dPhi(Nx/2)(Ny/2)(Nz/2): 0.0340243 Phi A: 0.0477143 Phi B: 0.916676 Phi I: 5.82112e-52
Total charge: -5.99813e-20
etaHat: 124879
73  fE: -2.88698  dfE: 0.0124366  dW: 0.295541  dPhi(Nx/2)(Ny/2)(Nz/2): 0.0286438 Phi A: 0.0479851 Phi B: 0.921894 Phi I: 5.82115e-52
Total charge: -6.03617e-20
etaHat: 124879
74  fE: -2.88326  dfE: 0.00372795  dW: 0.340298  dPhi(Nx/2)(Ny/2)(Nz/2): 0.0223421 Phi A: 0.0482893 Phi B: 0.928007 Phi I: 5.82119e-52
Total charge: -6.07573e-20
etaHat: 124879
75  fE: -2.88765  dfE: 0.00439236  dW: 0.36233  dPhi(Nx/2)(Ny/2)(Nz/2): 0.0155111 Phi A: 0.0486058 Phi B: 0.934644 Phi I: 5.82123e-52
Total charge: -6.11432e-20
etaHat: 124879
76  fE: -2.89927  dfE: 0.0116256  dW: 0.362833  dPhi(Nx/2)(Ny/2)(Nz/2): 0.00853646 Phi A: 0.0489146 Phi B: 0.941437 Phi I: 5.82127e-52
Total charge: -6.14969e-20
etaHat: 124879
77  fE: -2.91698  dfE: 0.0177074  dW: 0.343951  dPhi(Nx/2)(Ny/2)(Nz/2): 0.00178108 Phi A: 0.0491975 Phi B: 0.948041 Phi I: 5.82131e-52
Total charge: -6.17996e-20
etaHat: 124879
78  fE: -2.9394  dfE: 0.0224238  dW: 0.308599  dPhi(Nx/2)(Ny/2)(Nz/2): -0.0044319 Phi A: 0.0494397 Phi B: 0.954146 Phi I: 5.82135e-52
Total charge: -6.20369e-20
etaHat: 124879
79  fE: -2.96503  dfE: 0.0256276  dW: 0.260249  dPhi(Nx/2)(Ny/2)(Nz/2): -0.00983335 Phi A: 0.0496295 Phi B: 0.959493 Phi I: 5.82138e-52
Total charge: -6.21993e-20
etaHat: 124879
80  fE: -2.99229  dfE: 0.0272539  dW: 0.202705  dPhi(Nx/2)(Ny/2)(Nz/2): -0.0142193 Phi A: 0.0497594 Phi B: 0.963884 Phi I: 5.82141e-52
Saving data . . .
Total charge: -6.22823e-20
etaHat: 124879
81  fE: -3.01961  dfE: 0.0273278  dW: 0.140714  dPhi(Nx/2)(Ny/2)(Nz/2): -0.017458 Phi A: 0.0498258 Phi B: 0.967187 Phi I: 5.82143e-52
Total charge: -6.22864e-20
etaHat: 124879
82  fE: -3.04558  dfE: 0.0259649  dW: 0.0892936  dPhi(Nx/2)(Ny/2)(Nz/2): -0.0194913 Phi A: 0.0498291 Phi B: 0.969344 Phi I: 5.82144e-52
Total charge: -6.22165e-20
etaHat: 124879
83  fE: -3.06894  dfE: 0.0233618  dW: 0.0614363  dPhi(Nx/2)(Ny/2)(Nz/2): -0.0203324 Phi A: 0.0497732 Phi B: 0.970362 Phi I: 5.82144e-52
Total charge: -6.20811e-20
etaHat: 124879
84  fE: -3.08872  dfE: 0.0197777  dW: 0.0596181  dPhi(Nx/2)(Ny/2)(Nz/2): -0.0200576 Phi A: 0.0496649 Phi B: 0.970309 Phi I: 5.82144e-52
Total charge: -6.18917e-20
etaHat: 124879
85  fE: -3.10423  dfE: 0.0155114  dW: 0.0949385  dPhi(Nx/2)(Ny/2)(Nz/2): -0.0187958 Phi A: 0.0495133 Phi B: 0.969304 Phi I: 5.82144e-52
Total charge: -6.16612e-20
etaHat: 124879
86  fE: -3.11511  dfE: 0.0108753  dW: 0.134979  dPhi(Nx/2)(Ny/2)(Nz/2): -0.0167153 Phi A: 0.0493289 Phi B: 0.967503 Phi I: 5.82143e-52
Total charge: -6.14035e-20
etaHat: 124879
87  fE: -3.12128  dfE: 0.00617021  dW: 0.165448  dPhi(Nx/2)(Ny/2)(Nz/2): -0.0140094 Phi A: 0.0491228 Phi B: 0.965088 Phi I: 5.82141e-52
Total charge: -6.11324e-20
etaHat: 124879
88  fE: -3.12294  dfE: 0.00166534  dW: 0.185164  dPhi(Nx/2)(Ny/2)(Nz/2): -0.0108824 Phi A: 0.0489059 Phi B: 0.962253 Phi I: 5.82139e-52
Total charge: -6.08607e-20
etaHat: 124879
89  fE: -3.12052  dfE: 0.00241654  dW: 0.19426  dPhi(Nx/2)(Ny/2)(Nz/2): -0.0075375 Phi A: 0.0486886 Phi B: 0.95919 Phi I: 5.82137e-52
Total charge: -6.06e-20
etaHat: 124879
90  fE: -3.11462  dfE: 0.00590731  dW: 0.193399  dPhi(Nx/2)(Ny/2)(Nz/2): -0.00416538 Phi A: 0.04848 Phi B: 0.956081 Phi I: 5.82135e-52
Saving data . . .
Total charge: -6.036e-20
etaHat: 124879
91  fE: -3.10592  dfE: 0.00869564  dW: 0.18367  dPhi(Nx/2)(Ny/2)(Nz/2): -0.000936218 Phi A: 0.048288 Phi B: 0.953088 Phi I: 5.82134e-52
Total charge: -6.01482e-20
etaHat: 124879
92  fE: -3.0952  dfE: 0.0107244  dW: 0.166486  dPhi(Nx/2)(Ny/2)(Nz/2): 0.00200654 Phi A: 0.0481186 Phi B: 0.95035 Phi I: 5.82132e-52
Total charge: -5.997e-20
etaHat: 124879
93  fE: -3.08321  dfE: 0.0119849  dW: 0.143473  dPhi(Nx/2)(Ny/2)(Nz/2): 0.00454989 Phi A: 0.047976 Phi B: 0.947975 Phi I: 5.8213e-52
Total charge: -5.98287e-20
etaHat: 124879
94  fE: -3.0707  dfE: 0.0125084  dW: 0.11637  dPhi(Nx/2)(Ny/2)(Nz/2): 0.00661304 Phi A: 0.0478629 Phi B: 0.946042 Phi I: 5.82129e-52
Total charge: -5.97254e-20
etaHat: 124879
95  fE: -3.05835  dfE: 0.0123585  dW: 0.0869332  dPhi(Nx/2)(Ny/2)(Nz/2): 0.00814728 Phi A: 0.0477803 Phi B: 0.944599 Phi I: 5.82128e-52
Total charge: -5.96594e-20
etaHat: 124879
96  fE: -3.04672  dfE: 0.0116218  dW: 0.0571191  dPhi(Nx/2)(Ny/2)(Nz/2): 0.00913452 Phi A: 0.0477275 Phi B: 0.943667 Phi I: 5.82127e-52
Total charge: -5.96284e-20
etaHat: 124879
97  fE: -3.03632  dfE: 0.010401  dW: 0.0317736  dPhi(Nx/2)(Ny/2)(Nz/2): 0.00958464 Phi A: 0.0477027 Phi B: 0.943237 Phi I: 5.82127e-52
Total charge: -5.96288e-20
etaHat: 124879
98  fE: -3.02751  dfE: 0.00880785  dW: 0.0212542  dPhi(Nx/2)(Ny/2)(Nz/2): 0.00953197 Phi A: 0.047703 Phi B: 0.943279 Phi I: 5.82127e-52
Total charge: -5.96558e-20
etaHat: 124879
99  fE: -3.02056  dfE: 0.0069577  dW: 0.0284982  dPhi(Nx/2)(Ny/2)(Nz/2): 0.00903112 Phi A: 0.0477246 Phi B: 0.943742 Phi I: 5.82127e-52
Total charge: -5.97039e-20
etaHat: 124879
100  fE: -3.01559  dfE: 0.0049644  dW: 0.0437447  dPhi(Nx/2)(Ny/2)(Nz/2): 0.00815241 Phi A: 0.0477631 Phi B: 0.944561 Phi I: 5.82128e-52
Saving data . . .
Total charge: -5.97674e-20
etaHat: 124879
101  fE: -3.01266  dfE: 0.00293632  dW: 0.0579911  dPhi(Nx/2)(Ny/2)(Nz/2): 0.00697705 Phi A: 0.0478139 Phi B: 0.94566 Phi I: 5.82128e-52
Total charge: -5.98402e-20
etaHat: 124879
102  fE: -3.01168  dfE: 0.000972733  dW: 0.0680346  dPhi(Nx/2)(Ny/2)(Nz/2): 0.00559234 Phi A: 0.0478721 Phi B: 0.946957 Phi I: 5.82129e-52
Total charge: -5.99166e-20
etaHat: 124879
103  fE: -3.01252  dfE: 0.00083927  dW: 0.0733153  dPhi(Nx/2)(Ny/2)(Nz/2): 0.00408693 Phi A: 0.0479333 Phi B: 0.948369 Phi I: 5.8213e-52
Total charge: -5.99913e-20
etaHat: 124879
104  fE: -3.01495  dfE: 0.00242739  dW: 0.0740201  dPhi(Nx/2)(Ny/2)(Nz/2): 0.00254649 Phi A: 0.047993 Phi B: 0.949814 Phi I: 5.82131e-52
Total charge: -6.00596e-20
etaHat: 124879
105  fE: -3.01869  dfE: 0.00373614  dW: 0.0706041  dPhi(Nx/2)(Ny/2)(Nz/2): 0.00104985 Phi A: 0.0480477 Phi B: 0.951219 Phi I: 5.82132e-52
Total charge: -6.01178e-20
etaHat: 124879
106  fE: -3.02341  dfE: 0.00472817  dW: 0.0637266  dPhi(Nx/2)(Ny/2)(Nz/2): -0.000334275 Phi A: 0.0480942 Phi B: 0.952518 Phi I: 5.82132e-52
Total charge: -6.01629e-20
etaHat: 124879
107  fE: -3.0288  dfE: 0.00538481  dW: 0.0543066  dPhi(Nx/2)(Ny/2)(Nz/2): -0.00154966 Phi A: 0.0481303 Phi B: 0.953658 Phi I: 5.82133e-52
Total charge: -6.01931e-20
etaHat: 124879
108  fE: -3.03451  dfE: 0.00570571  dW: 0.0435871  dPhi(Nx/2)(Ny/2)(Nz/2): -0.00255424 Phi A: 0.0481545 Phi B: 0.954599 Phi I: 5.82134e-52
Total charge: -6.02075e-20
etaHat: 124879
109  fE: -3.04021  dfE: 0.00570751  dW: 0.033287  dPhi(Nx/2)(Ny/2)(Nz/2): -0.00332085 Phi A: 0.048166 Phi B: 0.955315 Phi I: 5.82134e-52
Total charge: -6.02061e-20
etaHat: 124879
110  fE: -3.04563  dfE: 0.00542169  dW: 0.0252889  dPhi(Nx/2)(Ny/2)(Nz/2): -0.00383713 Phi A: 0.0481649 Phi B: 0.955794 Phi I: 5.82134e-52
Saving data . . .
Total charge: -6.01899e-20
etaHat: 124879
111  fE: -3.05053  dfE: 0.00489167  dW: 0.0212339  dPhi(Nx/2)(Ny/2)(Nz/2): -0.00410464 Phi A: 0.0481519 Phi B: 0.956037 Phi I: 5.82134e-52
Total charge: -6.01603e-20
etaHat: 124879
112  fE: -3.0547  dfE: 0.00416943  dW: 0.0216461  dPhi(Nx/2)(Ny/2)(Nz/2): -0.00413735 Phi A: 0.0481283 Phi B: 0.956057 Phi I: 5.82134e-52
Total charge: -6.01197e-20
etaHat: 124879
113  fE: -3.05801  dfE: 0.00331182  dW: 0.025536  dPhi(Nx/2)(Ny/2)(Nz/2): -0.0039596 Phi A: 0.0480957 Phi B: 0.955878 Phi I: 5.82134e-52
Total charge: -6.00703e-20
etaHat: 124879
114  fE: -3.06038  dfE: 0.00237697  dW: 0.0309895  dPhi(Nx/2)(Ny/2)(Nz/2): -0.00360379 Phi A: 0.0480563 Phi B: 0.955529 Phi I: 5.82134e-52
Total charge: -6.00151e-20
etaHat: 124879
115  fE: -3.06181  dfE: 0.00142092  dW: 0.0362174  dPhi(Nx/2)(Ny/2)(Nz/2): -0.00310776 Phi A: 0.0480121 Phi B: 0.955048 Phi I: 5.82134e-52
Total charge: -5.99566e-20
etaHat: 124879
116  fE: -3.0623  dfE: 0.00049479  dW: 0.0400861  dPhi(Nx/2)(Ny/2)(Nz/2): -0.00251232 Phi A: 0.0479653 Phi B: 0.954472 Phi I: 5.82133e-52
Total charge: -5.98976e-20
etaHat: 124879
117  fE: -3.06194  dfE: 0.000357494  dW: 0.0420725  dPhi(Nx/2)(Ny/2)(Nz/2): -0.0018588 Phi A: 0.0479181 Phi B: 0.953841 Phi I: 5.82133e-52
Total charge: -5.98404e-20
etaHat: 124879
118  fE: -3.06084  dfE: 0.0011007  dW: 0.0420941  dPhi(Nx/2)(Ny/2)(Nz/2): -0.00118692 Phi A: 0.0478723 Phi B: 0.953193 Phi I: 5.82132e-52
Total charge: -5.97872e-20
etaHat: 124879
119  fE: -3.05913  dfE: 0.00170918  dW: 0.0402932  dPhi(Nx/2)(Ny/2)(Nz/2): -0.000532935 Phi A: 0.0478297 Phi B: 0.952563 Phi I: 5.82132e-52
Total charge: -5.97395e-20
etaHat: 124879
120  fE: -3.05697  dfE: 0.00216702  dW: 0.0369632  dPhi(Nx/2)(Ny/2)(Nz/2): 7.17751e-05 Phi A: 0.0477916 Phi B: 0.95198 Phi I: 5.82132e-52
Saving data . . .
Total charge: -5.96988e-20
etaHat: 124879
121  fE: -3.0545  dfE: 0.00246774  dW: 0.0325175  dPhi(Nx/2)(Ny/2)(Nz/2): 0.00060176 Phi A: 0.047759 Phi B: 0.951469 Phi I: 5.82131e-52
Total charge: -5.96657e-20
etaHat: 124879
122  fE: -3.05188  dfE: 0.00261342  dW: 0.027505  dPhi(Nx/2)(Ny/2)(Nz/2): 0.0010381 Phi A: 0.0477325 Phi B: 0.951048 Phi I: 5.82131e-52
Total charge: -5.96406e-20
etaHat: 124879
123  fE: -3.04927  dfE: 0.00261363  dW: 0.0225897  dPhi(Nx/2)(Ny/2)(Nz/2): 0.00136864 Phi A: 0.0477125 Phi B: 0.950729 Phi I: 5.82131e-52
Total charge: -5.96235e-20
etaHat: 124879
124  fE: -3.04679  dfE: 0.00248406  dW: 0.0184724  dPhi(Nx/2)(Ny/2)(Nz/2): 0.00158783 Phi A: 0.0476988 Phi B: 0.950517 Phi I: 5.82131e-52
Total charge: -5.96139e-20
etaHat: 124879
125  fE: -3.04454  dfE: 0.00224501  dW: 0.0156823  dPhi(Nx/2)(Ny/2)(Nz/2): 0.00169632 Phi A: 0.0476911 Phi B: 0.950412 Phi I: 5.82131e-52
Total charge: -5.96111e-20
etaHat: 124879
126  fE: -3.04262  dfE: 0.00191994  dW: 0.0143775  dPhi(Nx/2)(Ny/2)(Nz/2): 0.00170023 Phi A: 0.0476889 Phi B: 0.950408 Phi I: 5.82131e-52
Total charge: -5.96142e-20
etaHat: 124879
127  fE: -3.04109  dfE: 0.00153397  dW: 0.014335  dPhi(Nx/2)(Ny/2)(Nz/2): 0.0016103 Phi A: 0.0476914 Phi B: 0.950495 Phi I: 5.82131e-52
Total charge: -5.9622e-20
etaHat: 124879
128  fE: -3.03998  dfE: 0.0011125  dW: 0.0151124  dPhi(Nx/2)(Ny/2)(Nz/2): 0.00144085 Phi A: 0.0476976 Phi B: 0.95066 Phi I: 5.82131e-52
Total charge: -5.96333e-20
etaHat: 124879
129  fE: -3.0393  dfE: 0.00068002  dW: 0.016217  dPhi(Nx/2)(Ny/2)(Nz/2): 0.0012087 Phi A: 0.0477066 Phi B: 0.950886 Phi I: 5.82131e-52
Total charge: -5.96467e-20
etaHat: 124879
130  fE: -3.03904  dfE: 0.000258994  dW: 0.0172228  dPhi(Nx/2)(Ny/2)(Nz/2): 0.000932087 Phi A: 0.0477174 Phi B: 0.951156 Phi I: 5.82131e-52
Saving data . . .
Total charge: -5.96611e-20
etaHat: 124879
131  fE: -3.03917  dfE: 0.000130973  dW: 0.017826  dPhi(Nx/2)(Ny/2)(Nz/2): 0.000629592 Phi A: 0.0477289 Phi B: 0.951452 Phi I: 5.82131e-52
Total charge: -5.96754e-20
etaHat: 124879
132  fE: -3.03964  dfE: 0.000473799  dW: 0.0178911  dPhi(Nx/2)(Ny/2)(Nz/2): 0.000319204 Phi A: 0.0477403 Phi B: 0.951758 Phi I: 5.82131e-52
Total charge: -5.96884e-20
etaHat: 124879
133  fE: -3.0404  dfE: 0.000757357  dW: 0.0174174  dPhi(Nx/2)(Ny/2)(Nz/2): 1.74659e-05 Phi A: 0.0477508 Phi B: 0.952056 Phi I: 5.82131e-52
Total charge: -5.96996e-20
etaHat: 124879
134  fE: -3.04137  dfE: 0.000973673  dW: 0.0165119  dPhi(Nx/2)(Ny/2)(Nz/2): -0.000261203 Phi A: 0.0477596 Phi B: 0.952334 Phi I: 5.82132e-52
Total charge: -5.97081e-20
etaHat: 124879
135  fE: -3.04249  dfE: 0.00111892  dW: 0.0153508  dPhi(Nx/2)(Ny/2)(Nz/2): -0.000505013 Phi A: 0.0477664 Phi B: 0.952579 Phi I: 5.82132e-52
Total charge: -5.97136e-20
etaHat: 124879
136  fE: -3.04368  dfE: 0.00119318  dW: 0.0141433  dPhi(Nx/2)(Ny/2)(Nz/2): -0.000705125 Phi A: 0.0477708 Phi B: 0.952783 Phi I: 5.82132e-52
Total charge: -5.97158e-20
etaHat: 124879
137  fE: -3.04488  dfE: 0.0012001  dW: 0.0130677  dPhi(Nx/2)(Ny/2)(Nz/2): -0.000855797 Phi A: 0.0477727 Phi B: 0.95294 Phi I: 5.82132e-52
Total charge: -5.97149e-20
etaHat: 124879
138  fE: -3.04603  dfE: 0.00114631  dW: 0.0122897  dPhi(Nx/2)(Ny/2)(Nz/2): -0.000954353 Phi A: 0.0477719 Phi B: 0.953048 Phi I: 5.82132e-52
Total charge: -5.97108e-20
etaHat: 124879
139  fE: -3.04707  dfE: 0.00104082  dW: 0.0118608  dPhi(Nx/2)(Ny/2)(Nz/2): -0.001001 Phi A: 0.0477687 Phi B: 0.953107 Phi I: 5.82132e-52
Total charge: -5.9704e-20
etaHat: 124879
140  fE: -3.04797  dfE: 0.000894313  dW: 0.0117689  dPhi(Nx/2)(Ny/2)(Nz/2): -0.00099853 Phi A: 0.0477632 Phi B: 0.953118 Phi I: 5.82132e-52
Saving data . . .
Total charge: -5.96949e-20
etaHat: 124879
141  fE: -3.04868  dfE: 0.000718426  dW: 0.0119458  dPhi(Nx/2)(Ny/2)(Nz/2): -0.000951895 Phi A: 0.0477559 Phi B: 0.953087 Phi I: 5.82132e-52
Total charge: -5.96839e-20
etaHat: 124879
142  fE: -3.04921  dfE: 0.000525065  dW: 0.0122666  dPhi(Nx/2)(Ny/2)(Nz/2): -0.000867745 Phi A: 0.0477471 Phi B: 0.953019 Phi I: 5.82132e-52
Total charge: -5.96716e-20
etaHat: 124879
143  fE: -3.04953  dfE: 0.000325766  dW: 0.0126056  dPhi(Nx/2)(Ny/2)(Nz/2): -0.000753915 Phi A: 0.0477373 Phi B: 0.952922 Phi I: 5.82132e-52
Total charge: -5.96587e-20
etaHat: 124879
144  fE: -3.04967  dfE: 0.000131147  dW: 0.0128525  dPhi(Nx/2)(Ny/2)(Nz/2): -0.000618905 Phi A: 0.0477269 Phi B: 0.952805 Phi I: 5.82132e-52
Total charge: -5.96455e-20
etaHat: 124879
145  fE: -3.04962  dfE: 4.95341e-05  dW: 0.0129404  dPhi(Nx/2)(Ny/2)(Nz/2): -0.000471389 Phi A: 0.0477164 Phi B: 0.952674 Phi I: 5.82132e-52
Total charge: -5.96327e-20
etaHat: 124879
146  fE: -3.04941  dfE: 0.000208706  dW: 0.0128351  dPhi(Nx/2)(Ny/2)(Nz/2): -0.000319755 Phi A: 0.0477062 Phi B: 0.952539 Phi I: 5.82132e-52
Total charge: -5.96207e-20
etaHat: 124879
147  fE: -3.04907  dfE: 0.000340684  dW: 0.0125413  dPhi(Nx/2)(Ny/2)(Nz/2): -0.000171723 Phi A: 0.0476965 Phi B: 0.952406 Phi I: 5.82132e-52
Total charge: -5.96098e-20
etaHat: 124879
148  fE: -3.04863  dfE: 0.00044175  dW: 0.0120973  dPhi(Nx/2)(Ny/2)(Nz/2): -3.40274e-05 Phi A: 0.0476879 Phi B: 0.952283 Phi I: 5.82131e-52
Total charge: -5.96004e-20
etaHat: 124879
149  fE: -3.04812  dfE: 0.000510133  dW: 0.0115606  dPhi(Nx/2)(Ny/2)(Nz/2): 8.78156e-05 Phi A: 0.0476803 Phi B: 0.952173 Phi I: 5.82131e-52
Total charge: -5.95926e-20
etaHat: 124879
150  fE: -3.04757  dfE: 0.000545878  dW: 0.0109952  dPhi(Nx/2)(Ny/2)(Nz/2): 0.000189654 Phi A: 0.0476741 Phi B: 0.952083 Phi I: 5.82131e-52
Saving data . . .
Total charge: -5.95865e-20
etaHat: 124879
151  fE: -3.04702  dfE: 0.000550656  dW: 0.010461  dPhi(Nx/2)(Ny/2)(Nz/2): 0.000268765 Phi A: 0.0476692 Phi B: 0.952013 Phi I: 5.82131e-52
Total charge: -5.95821e-20
etaHat: 124879
152  fE: -3.04649  dfE: 0.000527498  dW: 0.0100111  dPhi(Nx/2)(Ny/2)(Nz/2): 0.000323837 Phi A: 0.0476656 Phi B: 0.951965 Phi I: 5.82131e-52
Total charge: -5.95793e-20
etaHat: 124879
153  fE: -3.04601  dfE: 0.000480503  dW: 0.0096657  dPhi(Nx/2)(Ny/2)(Nz/2): 0.000354892 Phi A: 0.0476634 Phi B: 0.951941 Phi I: 5.82131e-52
Total charge: -5.9578e-20
etaHat: 124879
154  fE: -3.0456  dfE: 0.000414522  dW: 0.0094249  dPhi(Nx/2)(Ny/2)(Nz/2): 0.000363142 Phi A: 0.0476624 Phi B: 0.951937 Phi I: 5.82131e-52
Total charge: -5.9578e-20
etaHat: 124879
155  fE: -3.04526  dfE: 0.000334832  dW: 0.00927492  dPhi(Nx/2)(Ny/2)(Nz/2): 0.000350805 Phi A: 0.0476624 Phi B: 0.951953 Phi I: 5.82131e-52
Total charge: -5.9579e-20
etaHat: 124879
156  fE: -3.04501  dfE: 0.000246839  dW: 0.00919043  dPhi(Nx/2)(Ny/2)(Nz/2): 0.000320894 Phi A: 0.0476632 Phi B: 0.951986 Phi I: 5.82131e-52
Total charge: -5.95808e-20
etaHat: 124879
157  fE: -3.04486  dfE: 0.000155791  dW: 0.00913773  dPhi(Nx/2)(Ny/2)(Nz/2): 0.000276979 Phi A: 0.0476646 Phi B: 0.952033 Phi I: 5.82131e-52
Total charge: -5.95831e-20
etaHat: 124879
158  fE: -3.04479  dfE: 6.65372e-05  dW: 0.00908852  dPhi(Nx/2)(Ny/2)(Nz/2): 0.000222959 Phi A: 0.0476665 Phi B: 0.952089 Phi I: 5.82131e-52
Total charge: -5.95857e-20
etaHat: 124879
159  fE: -3.04481  dfE: 1.66678e-05  dW: 0.00902063  dPhi(Nx/2)(Ny/2)(Nz/2): 0.000162828 Phi A: 0.0476686 Phi B: 0.952151 Phi I: 5.82131e-52
Total charge: -5.95883e-20
etaHat: 124879
160  fE: -3.0449  dfE: 9.03149e-05  dW: 0.00892074  dPhi(Nx/2)(Ny/2)(Nz/2): 0.000100471 Phi A: 0.0476706 Phi B: 0.952215 Phi I: 5.82131e-52
Saving data . . .
Total charge: -5.95907e-20
etaHat: 124879
161  fE: -3.04505  dfE: 0.000151736  dW: 0.00878693  dPhi(Nx/2)(Ny/2)(Nz/2): 3.94825e-05 Phi A: 0.0476726 Phi B: 0.952278 Phi I: 5.82131e-52
Total charge: -5.95927e-20
etaHat: 124879
162  fE: -3.04525  dfE: 0.00019915  dW: 0.00862553  dPhi(Nx/2)(Ny/2)(Nz/2): -1.69861e-05 Phi A: 0.0476742 Phi B: 0.952338 Phi I: 5.82131e-52
Total charge: -5.95943e-20
etaHat: 124879
163  fE: -3.04548  dfE: 0.000231659  dW: 0.00844879  dPhi(Nx/2)(Ny/2)(Nz/2): -6.63326e-05 Phi A: 0.0476754 Phi B: 0.95239 Phi I: 5.82131e-52
Total charge: -5.95952e-20
etaHat: 124879
164  fE: -3.04573  dfE: 0.000249201  dW: 0.00827055  dPhi(Nx/2)(Ny/2)(Nz/2): -0.000106579 Phi A: 0.0476761 Phi B: 0.952435 Phi I: 5.82131e-52
Total charge: -5.95954e-20
etaHat: 124879
165  fE: -3.04598  dfE: 0.000252467  dW: 0.00810347  dPhi(Nx/2)(Ny/2)(Nz/2): -0.000136405 Phi A: 0.0476763 Phi B: 0.95247 Phi I: 5.82131e-52
Total charge: -5.9595e-20
etaHat: 124879
166  fE: -3.04623  dfE: 0.000242791  dW: 0.00795813  dPhi(Nx/2)(Ny/2)(Nz/2): -0.000155146 Phi A: 0.047676 Phi B: 0.952494 Phi I: 5.82131e-52
Total charge: -5.9594e-20
etaHat: 124879
167  fE: -3.04645  dfE: 0.000222011  dW: 0.00783596  dPhi(Nx/2)(Ny/2)(Nz/2): -0.000162756 Phi A: 0.0476752 Phi B: 0.952508 Phi I: 5.82131e-52
Total charge: -5.95923e-20
etaHat: 124879
168  fE: -3.04664  dfE: 0.000192329  dW: 0.00773663  dPhi(Nx/2)(Ny/2)(Nz/2): -0.000159749 Phi A: 0.0476739 Phi B: 0.952512 Phi I: 5.82131e-52
Total charge: -5.95902e-20
etaHat: 124879
169  fE: -3.0468  dfE: 0.000156161  dW: 0.00765656  dPhi(Nx/2)(Ny/2)(Nz/2): -0.000147114 Phi A: 0.0476722 Phi B: 0.952507 Phi I: 5.82131e-52
Total charge: -5.95877e-20
etaHat: 124879
170  fE: -3.04691  dfE: 0.000115994  dW: 0.00758737  dPhi(Nx/2)(Ny/2)(Nz/2): -0.000126217 Phi A: 0.0476702 Phi B: 0.952494 Phi I: 5.82131e-52
Saving data . . .
Total charge: -5.95849e-20
etaHat: 124879
171  fE: -3.04699  dfE: 7.42551e-05  dW: 0.0075214  dPhi(Nx/2)(Ny/2)(Nz/2): -9.86953e-05 Phi A: 0.0476679 Phi B: 0.952474 Phi I: 5.82131e-52
Total charge: -5.9582e-20
etaHat: 124879
172  fE: -3.04702  dfE: 3.31925e-05  dW: 0.00745158  dPhi(Nx/2)(Ny/2)(Nz/2): -6.63477e-05 Phi A: 0.0476656 Phi B: 0.95245 Phi I: 5.82131e-52
Total charge: -5.9579e-20
etaHat: 124879
173  fE: -3.04701  dfE: 5.21434e-06  dW: 0.00737233  dPhi(Nx/2)(Ny/2)(Nz/2): -3.10293e-05 Phi A: 0.0476632 Phi B: 0.952423 Phi I: 5.82131e-52
Total charge: -5.95761e-20
etaHat: 124879
174  fE: -3.04698  dfE: 3.93275e-05  dW: 0.00728131  dPhi(Nx/2)(Ny/2)(Nz/2): 5.44517e-06 Phi A: 0.0476609 Phi B: 0.952395 Phi I: 5.82131e-52
Total charge: -5.95733e-20
etaHat: 124879
175  fE: -3.04691  dfE: 6.78961e-05  dW: 0.00717874  dPhi(Nx/2)(Ny/2)(Nz/2): 4.13865e-05 Phi A: 0.0476587 Phi B: 0.952367 Phi I: 5.82131e-52
Total charge: -5.95708e-20
etaHat: 124879
176  fE: -3.04682  dfE: 9.00775e-05  dW: 0.00706728  dPhi(Nx/2)(Ny/2)(Nz/2): 7.53006e-05 Phi A: 0.0476567 Phi B: 0.952341 Phi I: 5.82131e-52
Total charge: -5.95686e-20
etaHat: 124879
177  fE: -3.04671  dfE: 0.000105437  dW: 0.00694991  dPhi(Nx/2)(Ny/2)(Nz/2): 0.000105941 Phi A: 0.0476549 Phi B: 0.952318 Phi I: 5.82131e-52
Total charge: -5.95668e-20
etaHat: 124879
178  fE: -3.0466  dfE: 0.000113926  dW: 0.00683034  dPhi(Nx/2)(Ny/2)(Nz/2): 0.000132343 Phi A: 0.0476534 Phi B: 0.952298 Phi I: 5.82131e-52
Total charge: -5.95653e-20
etaHat: 124879
179  fE: -3.04648  dfE: 0.000115844  dW: 0.00671241  dPhi(Nx/2)(Ny/2)(Nz/2): 0.000153842 Phi A: 0.0476522 Phi B: 0.952283 Phi I: 5.82131e-52
Total charge: -5.95641e-20
etaHat: 124879
180  fE: -3.04637  dfE: 0.000111785  dW: 0.00659996  dPhi(Nx/2)(Ny/2)(Nz/2): 0.000170074 Phi A: 0.0476513 Phi B: 0.952273 Phi I: 5.82131e-52
Saving data . . .
Total charge: -5.95633e-20
etaHat: 124879
181  fE: -3.04627  dfE: 0.00010258  dW: 0.00649613  dPhi(Nx/2)(Ny/2)(Nz/2): 0.000180959 Phi A: 0.0476507 Phi B: 0.952267 Phi I: 5.82131e-52
Total charge: -5.95629e-20
etaHat: 124879
182  fE: -3.04618  dfE: 8.92285e-05  dW: 0.00640103  dPhi(Nx/2)(Ny/2)(Nz/2): 0.000186678 Phi A: 0.0476503 Phi B: 0.952266 Phi I: 5.82131e-52
Total charge: -5.95627e-20
etaHat: 124879
183  fE: -3.04611  dfE: 7.28319e-05  dW: 0.00631347  dPhi(Nx/2)(Ny/2)(Nz/2): 0.000187633 Phi A: 0.0476502 Phi B: 0.952269 Phi I: 5.82131e-52
Total charge: -5.95628e-20
etaHat: 124879
184  fE: -3.04605  dfE: 5.4527e-05  dW: 0.00623171  dPhi(Nx/2)(Ny/2)(Nz/2): 0.000184404 Phi A: 0.0476502 Phi B: 0.952275 Phi I: 5.82131e-52
Total charge: -5.9563e-20
etaHat: 124879
185  fE: -3.04602  dfE: 3.54265e-05  dW: 0.00615416  dPhi(Nx/2)(Ny/2)(Nz/2): 0.0001777 Phi A: 0.0476504 Phi B: 0.952285 Phi I: 5.82131e-52
Total charge: -5.95633e-20
etaHat: 124879
186  fE: -3.046  dfE: 1.6566e-05  dW: 0.00607885  dPhi(Nx/2)(Ny/2)(Nz/2): 0.000168314 Phi A: 0.0476507 Phi B: 0.952296 Phi I: 5.82131e-52
Total charge: -5.95638e-20
etaHat: 124879
187  fE: -3.046  dfE: 1.13942e-06  dW: 0.00600433  dPhi(Nx/2)(Ny/2)(Nz/2): 0.000157069 Phi A: 0.047651 Phi B: 0.952309 Phi I: 5.82131e-52
Total charge: -5.95642e-20
etaHat: 124879
188  fE: -3.04602  dfE: 1.69284e-05  dW: 0.00592931  dPhi(Nx/2)(Ny/2)(Nz/2): 0.000144778 Phi A: 0.0476514 Phi B: 0.952323 Phi I: 5.82131e-52
Total charge: -5.95646e-20
etaHat: 124879
189  fE: -3.04605  dfE: 3.02148e-05  dW: 0.00585337  dPhi(Nx/2)(Ny/2)(Nz/2): 0.000132205 Phi A: 0.0476517 Phi B: 0.952336 Phi I: 5.82131e-52
Total charge: -5.95649e-20
etaHat: 124879
190  fE: -3.04609  dfE: 4.05987e-05  dW: 0.00577695  dPhi(Nx/2)(Ny/2)(Nz/2): 0.000120029 Phi A: 0.047652 Phi B: 0.952349 Phi I: 5.82131e-52
Saving data . . .
Total charge: -5.95652e-20
etaHat: 124879
191  fE: -3.04614  dfE: 4.7867e-05  dW: 0.00570084  dPhi(Nx/2)(Ny/2)(Nz/2): 0.000108823 Phi A: 0.0476521 Phi B: 0.95236 Phi I: 5.82131e-52
Total charge: -5.95653e-20
etaHat: 124879
192  fE: -3.04619  dfE: 5.19839e-05  dW: 0.00562579  dPhi(Nx/2)(Ny/2)(Nz/2): 9.90376e-05 Phi A: 0.0476522 Phi B: 0.95237 Phi I: 5.82131e-52
Total charge: -5.95653e-20
etaHat: 124879
193  fE: -3.04624  dfE: 5.3075e-05  dW: 0.00555261  dPhi(Nx/2)(Ny/2)(Nz/2): 9.09893e-05 Phi A: 0.0476522 Phi B: 0.952378 Phi I: 5.82131e-52
Total charge: -5.95651e-20
etaHat: 124879
194  fE: -3.04629  dfE: 5.14034e-05  dW: 0.00548181  dPhi(Nx/2)(Ny/2)(Nz/2): 8.48628e-05 Phi A: 0.0476521 Phi B: 0.952383 Phi I: 5.82131e-52
Total charge: -5.95649e-20
etaHat: 124879
195  fE: -3.04634  dfE: 4.73425e-05  dW: 0.00541384  dPhi(Nx/2)(Ny/2)(Nz/2): 8.07152e-05 Phi A: 0.0476519 Phi B: 0.952386 Phi I: 5.82131e-52
Total charge: -5.95645e-20
etaHat: 124879
196  fE: -3.04638  dfE: 4.13457e-05  dW: 0.00534842  dPhi(Nx/2)(Ny/2)(Nz/2): 7.84882e-05 Phi A: 0.0476516 Phi B: 0.952387 Phi I: 5.82131e-52
Total charge: -5.9564e-20
etaHat: 124879
197  fE: -3.04642  dfE: 3.39154e-05  dW: 0.00528527  dPhi(Nx/2)(Ny/2)(Nz/2): 7.80245e-05 Phi A: 0.0476512 Phi B: 0.952387 Phi I: 5.82131e-52
Total charge: -5.95634e-20
etaHat: 124879
198  fE: -3.04644  dfE: 2.5573e-05  dW: 0.00522374  dPhi(Nx/2)(Ny/2)(Nz/2): 7.90871e-05 Phi A: 0.0476507 Phi B: 0.952384 Phi I: 5.82131e-52
Total charge: -5.95627e-20
etaHat: 124879
199  fE: -3.04646  dfE: 1.68303e-05  dW: 0.00516333  dPhi(Nx/2)(Ny/2)(Nz/2): 8.1381e-05 Phi A: 0.0476502 Phi B: 0.95238 Phi I: 5.82131e-52
Total charge: -5.9562e-20
etaHat: 124879
200  fE: -3.04647  dfE: 8.1657e-06  dW: 0.00510338  dPhi(Nx/2)(Ny/2)(Nz/2): 8.45752e-05 Phi A: 0.0476496 Phi B: 0.952376 Phi I: 5.82131e-52
Saving data . . .
Total charge: -5.95614e-20
etaHat: 124879
201  fE: -3.04647  dfE: 3.16378e-09  dW: 0.00504343  dPhi(Nx/2)(Ny/2)(Nz/2): 8.83244e-05 Phi A: 0.0476491 Phi B: 0.95237 Phi I: 5.82131e-52
Total charge: -5.95607e-20
etaHat: 124879
202  fE: -3.04646  dfE: 7.3028e-06  dW: 0.00498329  dPhi(Nx/2)(Ny/2)(Nz/2): 9.22893e-05 Phi A: 0.0476485 Phi B: 0.952364 Phi I: 5.82131e-52
Total charge: -5.956e-20
etaHat: 124879
203  fE: -3.04645  dfE: 1.34777e-05  dW: 0.00492289  dPhi(Nx/2)(Ny/2)(Nz/2): 9.61534e-05 Phi A: 0.047648 Phi B: 0.952358 Phi I: 5.82131e-52
Total charge: -5.95595e-20
etaHat: 124879
204  fE: -3.04643  dfE: 1.83323e-05  dW: 0.0048623  dPhi(Nx/2)(Ny/2)(Nz/2): 9.96384e-05 Phi A: 0.0476476 Phi B: 0.952353 Phi I: 5.82131e-52
Total charge: -5.95589e-20
etaHat: 124879
205  fE: -3.0464  dfE: 2.17631e-05  dW: 0.00480189  dPhi(Nx/2)(Ny/2)(Nz/2): 0.000102515 Phi A: 0.0476471 Phi B: 0.952348 Phi I: 5.82131e-52
Total charge: -5.95585e-20
etaHat: 124879
206  fE: -3.04638  dfE: 2.37486e-05  dW: 0.00474199  dPhi(Nx/2)(Ny/2)(Nz/2): 0.000104609 Phi A: 0.0476468 Phi B: 0.952344 Phi I: 5.82131e-52
Total charge: -5.95581e-20
etaHat: 124879
207  fE: -3.04636  dfE: 2.43414e-05  dW: 0.00468287  dPhi(Nx/2)(Ny/2)(Nz/2): 0.000105808 Phi A: 0.0476465 Phi B: 0.95234 Phi I: 5.82131e-52
Total charge: -5.95578e-20
etaHat: 124879
208  fE: -3.04633  dfE: 2.36583e-05  dW: 0.00462468  dPhi(Nx/2)(Ny/2)(Nz/2): 0.000106058 Phi A: 0.0476463 Phi B: 0.952338 Phi I: 5.82131e-52
Total charge: -5.95576e-20
etaHat: 124879
209  fE: -3.04631  dfE: 2.18674e-05  dW: 0.00456761  dPhi(Nx/2)(Ny/2)(Nz/2): 0.000105363 Phi A: 0.0476461 Phi B: 0.952337 Phi I: 5.82131e-52
Total charge: -5.95575e-20
etaHat: 124879
210  fE: -3.04629  dfE: 1.91742e-05  dW: 0.00451201  dPhi(Nx/2)(Ny/2)(Nz/2): 0.000103779 Phi A: 0.047646 Phi B: 0.952336 Phi I: 5.82131e-52
Saving data . . .
Total charge: -5.95574e-20
etaHat: 124879
211  fE: -3.04628  dfE: 1.58078e-05  dW: 0.00445773  dPhi(Nx/2)(Ny/2)(Nz/2): 0.000101405 Phi A: 0.0476459 Phi B: 0.952337 Phi I: 5.82131e-52
Total charge: -5.95573e-20
etaHat: 124879
212  fE: -3.04626  dfE: 1.20068e-05  dW: 0.00440474  dPhi(Nx/2)(Ny/2)(Nz/2): 9.83768e-05 Phi A: 0.0476459 Phi B: 0.952338 Phi I: 5.82131e-52
Total charge: -5.95574e-20
etaHat: 124879
213  fE: -3.04626  dfE: 8.00631e-06  dW: 0.00435308  dPhi(Nx/2)(Ny/2)(Nz/2): 9.48528e-05 Phi A: 0.0476459 Phi B: 0.95234 Phi I: 5.82131e-52
Total charge: -5.95574e-20
etaHat: 124879
214  fE: -3.04625  dfE: 4.02677e-06  dW: 0.00430248  dPhi(Nx/2)(Ny/2)(Nz/2): 9.10072e-05 Phi A: 0.0476459 Phi B: 0.952343 Phi I: 5.82131e-52
Total charge: -5.95574e-20
etaHat: 124879
215  fE: -3.04625  dfE: 2.64437e-07  dW: 0.00425272  dPhi(Nx/2)(Ny/2)(Nz/2): 8.70183e-05 Phi A: 0.047646 Phi B: 0.952345 Phi I: 5.82131e-52
Total charge: -5.95575e-20
etaHat: 124879
216  fE: -3.04626  dfE: 3.11588e-06  dW: 0.00420371  dPhi(Nx/2)(Ny/2)(Nz/2): 8.30597e-05 Phi A: 0.047646 Phi B: 0.952348 Phi I: 5.82131e-52
Total charge: -5.95576e-20
etaHat: 124879
217  fE: -3.04626  dfE: 5.98572e-06  dW: 0.00415543  dPhi(Nx/2)(Ny/2)(Nz/2): 7.92918e-05 Phi A: 0.0476461 Phi B: 0.952351 Phi I: 5.82131e-52
Total charge: -5.95576e-20
etaHat: 124879
218  fE: -3.04627  dfE: 8.25556e-06  dW: 0.0041079  dPhi(Nx/2)(Ny/2)(Nz/2): 7.5855e-05 Phi A: 0.0476461 Phi B: 0.952354 Phi I: 5.82131e-52
Total charge: -5.95576e-20
etaHat: 124879
219  fE: -3.04628  dfE: 9.87521e-06  dW: 0.00406115  dPhi(Nx/2)(Ny/2)(Nz/2): 7.28648e-05 Phi A: 0.0476461 Phi B: 0.952356 Phi I: 5.82131e-52
Total charge: -5.95576e-20
etaHat: 124879
220  fE: -3.04629  dfE: 1.08322e-05  dW: 0.00401521  dPhi(Nx/2)(Ny/2)(Nz/2): 7.04084e-05 Phi A: 0.0476461 Phi B: 0.952358 Phi I: 5.82131e-52
Saving data . . .
Total charge: -5.95576e-20
etaHat: 124879
221  fE: -3.0463  dfE: 1.11482e-05  dW: 0.00397013  dPhi(Nx/2)(Ny/2)(Nz/2): 6.85425e-05 Phi A: 0.0476461 Phi B: 0.95236 Phi I: 5.82131e-52
Total charge: -5.95576e-20
etaHat: 124879
222  fE: -3.04631  dfE: 1.0875e-05  dW: 0.00392591  dPhi(Nx/2)(Ny/2)(Nz/2): 6.72938e-05 Phi A: 0.0476461 Phi B: 0.952361 Phi I: 5.82131e-52
Total charge: -5.95575e-20
etaHat: 124879
223  fE: -3.04632  dfE: 1.0088e-05  dW: 0.0038825  dPhi(Nx/2)(Ny/2)(Nz/2): 6.66602e-05 Phi A: 0.047646 Phi B: 0.952362 Phi I: 5.82131e-52
Total charge: -5.95574e-20
etaHat: 124879
224  fE: -3.04633  dfE: 8.8804e-06  dW: 0.00383981  dPhi(Nx/2)(Ny/2)(Nz/2): 6.66131e-05 Phi A: 0.0476459 Phi B: 0.952362 Phi I: 5.82131e-52
Total charge: -5.95573e-20
etaHat: 124879
225  fE: -3.04634  dfE: 7.35661e-06  dW: 0.00379783  dPhi(Nx/2)(Ny/2)(Nz/2): 6.71015e-05 Phi A: 0.0476458 Phi B: 0.952362 Phi I: 5.82131e-52
Total charge: -5.95571e-20
etaHat: 124879
226  fE: -3.04634  dfE: 5.62584e-06  dW: 0.00375648  dPhi(Nx/2)(Ny/2)(Nz/2): 6.80563e-05 Phi A: 0.0476457 Phi B: 0.952362 Phi I: 5.82131e-52
Total charge: -5.9557e-20
etaHat: 124879
227  fE: -3.04635  dfE: 3.79616e-06  dW: 0.00371568  dPhi(Nx/2)(Ny/2)(Nz/2): 6.9395e-05 Phi A: 0.0476456 Phi B: 0.952361 Phi I: 5.82131e-52
Total charge: -5.95568e-20
etaHat: 124879
228  fE: -3.04635  dfE: 1.96924e-06  dW: 0.0036754  dPhi(Nx/2)(Ny/2)(Nz/2): 7.10265e-05 Phi A: 0.0476455 Phi B: 0.95236 Phi I: 5.82131e-52
Total charge: -5.95567e-20
etaHat: 124879
229  fE: -3.04635  dfE: 2.359e-07  dW: 0.00363565  dPhi(Nx/2)(Ny/2)(Nz/2): 7.28563e-05 Phi A: 0.0476453 Phi B: 0.952359 Phi I: 5.82131e-52
Total charge: -5.95565e-20
etaHat: 124879
230  fE: -3.04635  dfE: 1.32721e-06  dW: 0.00359636  dPhi(Nx/2)(Ny/2)(Nz/2): 7.4791e-05 Phi A: 0.0476452 Phi B: 0.952358 Phi I: 5.82131e-52
Saving data . . .
Total charge: -5.95563e-20
etaHat: 124879
231  fE: -3.04635  dfE: 2.66e-06  dW: 0.00355751  dPhi(Nx/2)(Ny/2)(Nz/2): 7.67422e-05 Phi A: 0.0476451 Phi B: 0.952356 Phi I: 5.82131e-52
Total charge: -5.95562e-20
etaHat: 124879
232  fE: -3.04634  dfE: 3.72018e-06  dW: 0.00351917  dPhi(Nx/2)(Ny/2)(Nz/2): 7.86298e-05 Phi A: 0.047645 Phi B: 0.952355 Phi I: 5.82131e-52
Total charge: -5.95561e-20
etaHat: 124879
233  fE: -3.04634  dfE: 4.48349e-06  dW: 0.00348133  dPhi(Nx/2)(Ny/2)(Nz/2): 8.0385e-05 Phi A: 0.0476449 Phi B: 0.952354 Phi I: 5.82131e-52
Total charge: -5.9556e-20
etaHat: 124879
234  fE: -3.04633  dfE: 4.94303e-06  dW: 0.00344394  dPhi(Nx/2)(Ny/2)(Nz/2): 8.19517e-05 Phi A: 0.0476448 Phi B: 0.952353 Phi I: 5.82131e-52
Total charge: -5.95559e-20
etaHat: 124879
235  fE: -3.04633  dfE: 5.10778e-06  dW: 0.00340702  dPhi(Nx/2)(Ny/2)(Nz/2): 8.32879e-05 Phi A: 0.0476447 Phi B: 0.952353 Phi I: 5.82131e-52
Total charge: -5.95558e-20
etaHat: 124879
236  fE: -3.04632  dfE: 5.00046e-06  dW: 0.00337062  dPhi(Nx/2)(Ny/2)(Nz/2): 8.43658e-05 Phi A: 0.0476446 Phi B: 0.952352 Phi I: 5.82131e-52
Total charge: -5.95557e-20
etaHat: 124879
237  fE: -3.04632  dfE: 4.655e-06  dW: 0.00333476  dPhi(Nx/2)(Ny/2)(Nz/2): 8.51714e-05 Phi A: 0.0476446 Phi B: 0.952352 Phi I: 5.82131e-52
Total charge: -5.95557e-20
etaHat: 124879
238  fE: -3.04631  dfE: 4.11362e-06  dW: 0.00329945  dPhi(Nx/2)(Ny/2)(Nz/2): 8.57035e-05 Phi A: 0.0476446 Phi B: 0.952352 Phi I: 5.82131e-52
Total charge: -5.95557e-20
etaHat: 124879
239  fE: -3.04631  dfE: 3.4239e-06  dW: 0.00326469  dPhi(Nx/2)(Ny/2)(Nz/2): 8.5972e-05 Phi A: 0.0476445 Phi B: 0.952352 Phi I: 5.82131e-52
Total charge: -5.95557e-20
etaHat: 124879
240  fE: -3.04631  dfE: 2.63581e-06  dW: 0.00323048  dPhi(Nx/2)(Ny/2)(Nz/2): 8.59963e-05 Phi A: 0.0476445 Phi B: 0.952352 Phi I: 5.82131e-52
Saving data . . .
Total charge: -5.95556e-20
etaHat: 124879
241  fE: -3.04631  dfE: 1.79898e-06  dW: 0.00319677  dPhi(Nx/2)(Ny/2)(Nz/2): 8.58031e-05 Phi A: 0.0476445 Phi B: 0.952352 Phi I: 5.82131e-52
Total charge: -5.95556e-20
etaHat: 124879
242  fE: -3.04631  dfE: 9.60257e-07  dW: 0.00316357  dPhi(Nx/2)(Ny/2)(Nz/2): 8.54241e-05 Phi A: 0.0476445 Phi B: 0.952353 Phi I: 5.82131e-52
Total charge: -5.95556e-20
etaHat: 124879
243  fE: -3.04631  dfE: 1.61673e-07  dW: 0.00313086  dPhi(Nx/2)(Ny/2)(Nz/2): 8.4894e-05 Phi A: 0.0476445 Phi B: 0.952354 Phi I: 5.82131e-52
Total charge: -5.95557e-20
etaHat: 124879
244  fE: -3.04631  dfE: 5.61164e-07  dW: 0.00309863  dPhi(Nx/2)(Ny/2)(Nz/2): 8.42481e-05 Phi A: 0.0476445 Phi B: 0.952354 Phi I: 5.82131e-52
Total charge: -5.95557e-20
etaHat: 124879
245  fE: -3.04631  dfE: 1.18016e-06  dW: 0.00306688  dPhi(Nx/2)(Ny/2)(Nz/2): 8.3521e-05 Phi A: 0.0476445 Phi B: 0.952355 Phi I: 5.82131e-52
Total charge: -5.95557e-20
etaHat: 124879
246  fE: -3.04631  dfE: 1.67534e-06  dW: 0.00303557  dPhi(Nx/2)(Ny/2)(Nz/2): 8.27443e-05 Phi A: 0.0476445 Phi B: 0.952355 Phi I: 5.82131e-52
Total charge: -5.95557e-20
etaHat: 124879
247  fE: -3.04631  dfE: 2.03502e-06  dW: 0.0030047  dPhi(Nx/2)(Ny/2)(Nz/2): 8.19461e-05 Phi A: 0.0476445 Phi B: 0.952356 Phi I: 5.82131e-52
Total charge: -5.95557e-20
etaHat: 124879
248  fE: -3.04631  dfE: 2.25549e-06  dW: 0.00297425  dPhi(Nx/2)(Ny/2)(Nz/2): 8.11495e-05 Phi A: 0.0476445 Phi B: 0.952356 Phi I: 5.82131e-52
Total charge: -5.95556e-20
etaHat: 124879
249  fE: -3.04632  dfE: 2.34036e-06  dW: 0.00294423  dPhi(Nx/2)(Ny/2)(Nz/2): 8.03725e-05 Phi A: 0.0476445 Phi B: 0.952357 Phi I: 5.82131e-52
Total charge: -5.95556e-20
etaHat: 124879
250  fE: -3.04632  dfE: 2.29965e-06  dW: 0.00291463  dPhi(Nx/2)(Ny/2)(Nz/2): 7.96274e-05 Phi A: 0.0476445 Phi B: 0.952357 Phi I: 5.82131e-52
Saving data . . .
Total charge: -5.95556e-20
etaHat: 124879
251  fE: -3.04632  dfE: 2.14858e-06  dW: 0.00288542  dPhi(Nx/2)(Ny/2)(Nz/2): 7.89213e-05 Phi A: 0.0476445 Phi B: 0.952357 Phi I: 5.82131e-52
Total charge: -5.95556e-20
etaHat: 124879
252  fE: -3.04632  dfE: 1.90626e-06  dW: 0.00285661  dPhi(Nx/2)(Ny/2)(Nz/2): 7.82562e-05 Phi A: 0.0476445 Phi B: 0.952357 Phi I: 5.82131e-52
Total charge: -5.95555e-20
etaHat: 124879
253  fE: -3.04632  dfE: 1.59438e-06  dW: 0.00282816  dPhi(Nx/2)(Ny/2)(Nz/2): 7.76299e-05 Phi A: 0.0476444 Phi B: 0.952357 Phi I: 5.82131e-52
Total charge: -5.95555e-20
etaHat: 124879
254  fE: -3.04632  dfE: 1.23578e-06  dW: 0.00280009  dPhi(Nx/2)(Ny/2)(Nz/2): 7.70362e-05 Phi A: 0.0476444 Phi B: 0.952357 Phi I: 5.82131e-52
Total charge: -5.95555e-20
etaHat: 124879
255  fE: -3.04633  dfE: 8.53256e-07  dW: 0.00277239  dPhi(Nx/2)(Ny/2)(Nz/2): 7.64665e-05 Phi A: 0.0476444 Phi B: 0.952357 Phi I: 5.82131e-52
Total charge: -5.95554e-20
etaHat: 124879
256  fE: -3.04633  dfE: 4.68408e-07  dW: 0.00274503  dPhi(Nx/2)(Ny/2)(Nz/2): 7.59103e-05 Phi A: 0.0476444 Phi B: 0.952357 Phi I: 5.82131e-52
Total charge: -5.95554e-20
etaHat: 124879
257  fE: -3.04633  dfE: 1.00672e-07  dW: 0.002718  dPhi(Nx/2)(Ny/2)(Nz/2): 7.53562e-05 Phi A: 0.0476443 Phi B: 0.952357 Phi I: 5.82131e-52
Total charge: -5.95554e-20
etaHat: 124879
258  fE: -3.04633  dfE: 2.33408e-07  dW: 0.00269129  dPhi(Nx/2)(Ny/2)(Nz/2): 7.47927e-05 Phi A: 0.0476443 Phi B: 0.952356 Phi I: 5.82131e-52
Total charge: -5.95553e-20
etaHat: 124879
259  fE: -3.04632  dfE: 5.20703e-07  dW: 0.00266491  dPhi(Nx/2)(Ny/2)(Nz/2): 7.42091e-05 Phi A: 0.0476443 Phi B: 0.952356 Phi I: 5.82131e-52
Total charge: -5.95553e-20
etaHat: 124879
260  fE: -3.04632  dfE: 7.51795e-07  dW: 0.00263885  dPhi(Nx/2)(Ny/2)(Nz/2): 7.3596e-05 Phi A: 0.0476442 Phi B: 0.952356 Phi I: 5.82131e-52
Saving data . . .
Total charge: -5.95553e-20
etaHat: 124879
261  fE: -3.04632  dfE: 9.2106e-07  dW: 0.00261311  dPhi(Nx/2)(Ny/2)(Nz/2): 7.29461e-05 Phi A: 0.0476442 Phi B: 0.952356 Phi I: 5.82131e-52
Total charge: -5.95552e-20
etaHat: 124879
262  fE: -3.04632  dfE: 1.02655e-06  dW: 0.00258768  dPhi(Nx/2)(Ny/2)(Nz/2): 7.22542e-05 Phi A: 0.0476442 Phi B: 0.952355 Phi I: 5.82131e-52
Total charge: -5.95552e-20
etaHat: 124879
263  fE: -3.04632  dfE: 1.06969e-06  dW: 0.00256259  dPhi(Nx/2)(Ny/2)(Nz/2): 7.15175e-05 Phi A: 0.0476442 Phi B: 0.952355 Phi I: 5.82131e-52
Total charge: -5.95552e-20
etaHat: 124879
264  fE: -3.04632  dfE: 1.05489e-06  dW: 0.00253782  dPhi(Nx/2)(Ny/2)(Nz/2): 7.07358e-05 Phi A: 0.0476442 Phi B: 0.952355 Phi I: 5.82131e-52
Total charge: -5.95552e-20
etaHat: 124879
265  fE: -3.04632  dfE: 9.8896e-07  dW: 0.00251338  dPhi(Nx/2)(Ny/2)(Nz/2): 6.99111e-05 Phi A: 0.0476441 Phi B: 0.952355 Phi I: 5.82131e-52
Total charge: -5.95552e-20
etaHat: 124879
266  fE: -3.04632  dfE: 8.80563e-07  dW: 0.00248924  dPhi(Nx/2)(Ny/2)(Nz/2): 6.90479e-05 Phi A: 0.0476441 Phi B: 0.952355 Phi I: 5.82131e-52
Total charge: -5.95552e-20
etaHat: 124879
267  fE: -3.04632  dfE: 7.39562e-07  dW: 0.00246541  dPhi(Nx/2)(Ny/2)(Nz/2): 6.81521e-05 Phi A: 0.0476441 Phi B: 0.952355 Phi I: 5.82131e-52
Total charge: -5.95551e-20
etaHat: 124879
268  fE: -3.04632  dfE: 5.76415e-07  dW: 0.00244189  dPhi(Nx/2)(Ny/2)(Nz/2): 6.72314e-05 Phi A: 0.0476441 Phi B: 0.952355 Phi I: 5.82131e-52
Total charge: -5.95551e-20
etaHat: 124879
269  fE: -3.04632  dfE: 4.01582e-07  dW: 0.00241865  dPhi(Nx/2)(Ny/2)(Nz/2): 6.62944e-05 Phi A: 0.0476441 Phi B: 0.952355 Phi I: 5.82131e-52
Total charge: -5.95551e-20
etaHat: 124879
270  fE: -3.04632  dfE: 2.25011e-07  dW: 0.0023957  dPhi(Nx/2)(Ny/2)(Nz/2): 6.53503e-05 Phi A: 0.0476441 Phi B: 0.952355 Phi I: 5.82131e-52
Saving data . . .
Total charge: -5.95551e-20
etaHat: 124879
271  fE: -3.04632  dfE: 5.5692e-08  dW: 0.00237304  dPhi(Nx/2)(Ny/2)(Nz/2): 6.44083e-05 Phi A: 0.0476441 Phi B: 0.952355 Phi I: 5.82131e-52
Total charge: -5.95551e-20
etaHat: 124879
272  fE: -3.04632  dfE: 9.86927e-08  dW: 0.00235066  dPhi(Nx/2)(Ny/2)(Nz/2): 6.34774e-05 Phi A: 0.0476441 Phi B: 0.952356 Phi I: 5.82131e-52
Total charge: -5.95551e-20
etaHat: 124879
273  fE: -3.04632  dfE: 2.32011e-07  dW: 0.00232855  dPhi(Nx/2)(Ny/2)(Nz/2): 6.25661e-05 Phi A: 0.0476441 Phi B: 0.952356 Phi I: 5.82131e-52
Total charge: -5.95551e-20
etaHat: 124879
274  fE: -3.04632  dfE: 3.39825e-07  dW: 0.00230671  dPhi(Nx/2)(Ny/2)(Nz/2): 6.16818e-05 Phi A: 0.0476441 Phi B: 0.952356 Phi I: 5.82131e-52
Total charge: -5.95551e-20
etaHat: 124879
275  fE: -3.04632  dfE: 4.19435e-07  dW: 0.00228512  dPhi(Nx/2)(Ny/2)(Nz/2): 6.08305e-05 Phi A: 0.0476441 Phi B: 0.952356 Phi I: 5.82131e-52
Total charge: -5.95551e-20
etaHat: 124879
276  fE: -3.04632  dfE: 4.69832e-07  dW: 0.00226381  dPhi(Nx/2)(Ny/2)(Nz/2): 6.00173e-05 Phi A: 0.0476441 Phi B: 0.952356 Phi I: 5.82131e-52
Total charge: -5.95551e-20
etaHat: 124879
277  fE: -3.04632  dfE: 4.9157e-07  dW: 0.00224276  dPhi(Nx/2)(Ny/2)(Nz/2): 5.92454e-05 Phi A: 0.0476441 Phi B: 0.952356 Phi I: 5.82131e-52
Total charge: -5.95551e-20
etaHat: 124879
278  fE: -3.04632  dfE: 4.86573e-07  dW: 0.00222198  dPhi(Nx/2)(Ny/2)(Nz/2): 5.85168e-05 Phi A: 0.0476441 Phi B: 0.952356 Phi I: 5.82131e-52
Total charge: -5.95551e-20
etaHat: 124879
279  fE: -3.04632  dfE: 4.57897e-07  dW: 0.00220143  dPhi(Nx/2)(Ny/2)(Nz/2): 5.7832e-05 Phi A: 0.0476441 Phi B: 0.952356 Phi I: 5.82131e-52
Total charge: -5.95551e-20
etaHat: 124879
280  fE: -3.04632  dfE: 4.09459e-07  dW: 0.00218114  dPhi(Nx/2)(Ny/2)(Nz/2): 5.71902e-05 Phi A: 0.0476441 Phi B: 0.952356 Phi I: 5.82131e-52
Saving data . . .
Total charge: -5.95551e-20
etaHat: 124879
281  fE: -3.04632  dfE: 3.45749e-07  dW: 0.00216108  dPhi(Nx/2)(Ny/2)(Nz/2): 5.65897e-05 Phi A: 0.0476441 Phi B: 0.952356 Phi I: 5.82131e-52
Total charge: -5.95551e-20
etaHat: 124879
282  fE: -3.04632  dfE: 2.71548e-07  dW: 0.00214127  dPhi(Nx/2)(Ny/2)(Nz/2): 5.60274e-05 Phi A: 0.0476441 Phi B: 0.952356 Phi I: 5.82131e-52
Total charge: -5.95551e-20
etaHat: 124879
283  fE: -3.04632  dfE: 1.91657e-07  dW: 0.00212169  dPhi(Nx/2)(Ny/2)(Nz/2): 5.54999e-05 Phi A: 0.0476441 Phi B: 0.952356 Phi I: 5.82131e-52
Total charge: -5.95551e-20
etaHat: 124879
284  fE: -3.04632  dfE: 1.10658e-07  dW: 0.00210232  dPhi(Nx/2)(Ny/2)(Nz/2): 5.5003e-05 Phi A: 0.0476441 Phi B: 0.952356 Phi I: 5.82131e-52
Total charge: -5.95551e-20
etaHat: 124879
285  fE: -3.04632  dfE: 3.2708e-08  dW: 0.00208319  dPhi(Nx/2)(Ny/2)(Nz/2): 5.45325e-05 Phi A: 0.047644 Phi B: 0.952356 Phi I: 5.82131e-52
Total charge: -5.95551e-20
etaHat: 124879
286  fE: -3.04632  dfE: 3.86274e-08  dW: 0.00206428  dPhi(Nx/2)(Ny/2)(Nz/2): 5.40839e-05 Phi A: 0.047644 Phi B: 0.952356 Phi I: 5.82131e-52
Total charge: -5.9555e-20
etaHat: 124879
287  fE: -3.04632  dfE: 1.00485e-07  dW: 0.00204561  dPhi(Nx/2)(Ny/2)(Nz/2): 5.36531e-05 Phi A: 0.047644 Phi B: 0.952356 Phi I: 5.82131e-52
Total charge: -5.9555e-20
etaHat: 124879
288  fE: -3.04632  dfE: 1.50775e-07  dW: 0.00202717  dPhi(Nx/2)(Ny/2)(Nz/2): 5.32359e-05 Phi A: 0.047644 Phi B: 0.952356 Phi I: 5.82131e-52
Total charge: -5.9555e-20
etaHat: 124879
289  fE: -3.04632  dfE: 1.88205e-07  dW: 0.00200894  dPhi(Nx/2)(Ny/2)(Nz/2): 5.2829e-05 Phi A: 0.047644 Phi B: 0.952356 Phi I: 5.82131e-52
Total charge: -5.9555e-20
etaHat: 124879
290  fE: -3.04632  dfE: 2.12258e-07  dW: 0.00199093  dPhi(Nx/2)(Ny/2)(Nz/2): 5.24292e-05 Phi A: 0.047644 Phi B: 0.952356 Phi I: 5.82131e-52
Saving data . . .
Total charge: -5.9555e-20
etaHat: 124879
291  fE: -3.04632  dfE: 2.23141e-07  dW: 0.00197314  dPhi(Nx/2)(Ny/2)(Nz/2): 5.20341e-05 Phi A: 0.047644 Phi B: 0.952356 Phi I: 5.82131e-52
Total charge: -5.9555e-20
etaHat: 124879
292  fE: -3.04632  dfE: 2.21693e-07  dW: 0.00195556  dPhi(Nx/2)(Ny/2)(Nz/2): 5.1642e-05 Phi A: 0.047644 Phi B: 0.952356 Phi I: 5.82131e-52
Total charge: -5.9555e-20
etaHat: 124879
293  fE: -3.04632  dfE: 2.09283e-07  dW: 0.00193818  dPhi(Nx/2)(Ny/2)(Nz/2): 5.12516e-05 Phi A: 0.047644 Phi B: 0.952356 Phi I: 5.82131e-52
Total charge: -5.9555e-20
etaHat: 124879
294  fE: -3.04632  dfE: 1.87681e-07  dW: 0.001921  dPhi(Nx/2)(Ny/2)(Nz/2): 5.08622e-05 Phi A: 0.047644 Phi B: 0.952356 Phi I: 5.82131e-52
Total charge: -5.9555e-20
etaHat: 124879
295  fE: -3.04632  dfE: 1.5893e-07  dW: 0.00190402  dPhi(Nx/2)(Ny/2)(Nz/2): 5.04737e-05 Phi A: 0.047644 Phi B: 0.952356 Phi I: 5.82131e-52
Total charge: -5.9555e-20
etaHat: 124879
296  fE: -3.04632  dfE: 1.25216e-07  dW: 0.00188724  dPhi(Nx/2)(Ny/2)(Nz/2): 5.00863e-05 Phi A: 0.047644 Phi B: 0.952356 Phi I: 5.82131e-52
Total charge: -5.9555e-20
etaHat: 124879
297  fE: -3.04632  dfE: 8.87414e-08  dW: 0.00187065  dPhi(Nx/2)(Ny/2)(Nz/2): 4.97008e-05 Phi A: 0.047644 Phi B: 0.952356 Phi I: 5.82131e-52
Total charge: -5.9555e-20
etaHat: 124879
298  fE: -3.04632  dfE: 5.1616e-08  dW: 0.00185426  dPhi(Nx/2)(Ny/2)(Nz/2): 4.93178e-05 Phi A: 0.047644 Phi B: 0.952356 Phi I: 5.82131e-52
Total charge: -5.9555e-20
etaHat: 124879
299  fE: -3.04632  dfE: 1.57605e-08  dW: 0.00183805  dPhi(Nx/2)(Ny/2)(Nz/2): 4.89386e-05 Phi A: 0.047644 Phi B: 0.952356 Phi I: 5.82131e-52
Total charge: -5.9555e-20
etaHat: 124879
300  fE: -3.04632  dfE: 1.71694e-08  dW: 0.00182203  dPhi(Nx/2)(Ny/2)(Nz/2): 4.85641e-05 Phi A: 0.047644 Phi B: 0.952356 Phi I: 5.82131e-52
Saving data . . .
Total charge: -5.9555e-20
etaHat: 124879
301  fE: -3.04632  dfE: 4.58382e-08  dW: 0.00180618  dPhi(Nx/2)(Ny/2)(Nz/2): 4.81954e-05 Phi A: 0.047644 Phi B: 0.952356 Phi I: 5.82131e-52
Total charge: -5.9555e-20
etaHat: 124879
302  fE: -3.04632  dfE: 6.92628e-08  dW: 0.00179051  dPhi(Nx/2)(Ny/2)(Nz/2): 4.78335e-05 Phi A: 0.047644 Phi B: 0.952356 Phi I: 5.82131e-52
Total charge: -5.9555e-20
etaHat: 124879
303  fE: -3.04632  dfE: 8.68247e-08  dW: 0.00177502  dPhi(Nx/2)(Ny/2)(Nz/2): 4.7479e-05 Phi A: 0.047644 Phi B: 0.952356 Phi I: 5.82131e-52
Total charge: -5.9555e-20
etaHat: 124879
304  fE: -3.04632  dfE: 9.82632e-08  dW: 0.00175971  dPhi(Nx/2)(Ny/2)(Nz/2): 4.71328e-05 Phi A: 0.047644 Phi B: 0.952356 Phi I: 5.82131e-52
Total charge: -5.9555e-20
etaHat: 124879
305  fE: -3.04632  dfE: 1.0365e-07  dW: 0.00174456  dPhi(Nx/2)(Ny/2)(Nz/2): 4.6795e-05 Phi A: 0.047644 Phi B: 0.952356 Phi I: 5.82131e-52
Total charge: -5.9555e-20
etaHat: 124879
306  fE: -3.04632  dfE: 1.03352e-07  dW: 0.00172958  dPhi(Nx/2)(Ny/2)(Nz/2): 4.64659e-05 Phi A: 0.047644 Phi B: 0.952356 Phi I: 5.82131e-52
Total charge: -5.9555e-20
etaHat: 124879
307  fE: -3.04632  dfE: 9.79792e-08  dW: 0.00171476  dPhi(Nx/2)(Ny/2)(Nz/2): 4.61453e-05 Phi A: 0.047644 Phi B: 0.952356 Phi I: 5.82131e-52
Total charge: -5.9555e-20
etaHat: 124879
308  fE: -3.04632  dfE: 8.83326e-08  dW: 0.0017001  dPhi(Nx/2)(Ny/2)(Nz/2): 4.58329e-05 Phi A: 0.047644 Phi B: 0.952356 Phi I: 5.82131e-52
Total charge: -5.9555e-20
etaHat: 124879
309  fE: -3.04632  dfE: 7.53414e-08  dW: 0.0016856  dPhi(Nx/2)(Ny/2)(Nz/2): 4.55282e-05 Phi A: 0.047644 Phi B: 0.952356 Phi I: 5.82131e-52
Total charge: -5.9555e-20
etaHat: 124879
310  fE: -3.04632  dfE: 6.0004e-08  dW: 0.00167125  dPhi(Nx/2)(Ny/2)(Nz/2): 4.52306e-05 Phi A: 0.047644 Phi B: 0.952356 Phi I: 5.82131e-52
Saving data . . .
Total charge: -5.9555e-20
etaHat: 124879
311  fE: -3.04632  dfE: 4.33313e-08  dW: 0.00165705  dPhi(Nx/2)(Ny/2)(Nz/2): 4.49391e-05 Phi A: 0.047644 Phi B: 0.952356 Phi I: 5.82131e-52
Total charge: -5.9555e-20
etaHat: 124879
312  fE: -3.04632  dfE: 2.62943e-08  dW: 0.00164301  dPhi(Nx/2)(Ny/2)(Nz/2): 4.46529e-05 Phi A: 0.047644 Phi B: 0.952356 Phi I: 5.82131e-52
Total charge: -5.9555e-20
etaHat: 124879
313  fE: -3.04632  dfE: 9.78048e-09  dW: 0.00162912  dPhi(Nx/2)(Ny/2)(Nz/2): 4.43712e-05 Phi A: 0.047644 Phi B: 0.952356 Phi I: 5.82131e-52
Total charge: -5.9555e-20
etaHat: 124879
314  fE: -3.04632  dfE: 5.44196e-09  dW: 0.00161537  dPhi(Nx/2)(Ny/2)(Nz/2): 4.40929e-05 Phi A: 0.047644 Phi B: 0.952356 Phi I: 5.82131e-52
Total charge: -5.9555e-20
etaHat: 124879
315  fE: -3.04632  dfE: 1.87502e-08  dW: 0.00160178  dPhi(Nx/2)(Ny/2)(Nz/2): 4.38171e-05 Phi A: 0.047644 Phi B: 0.952356 Phi I: 5.82131e-52
Total charge: -5.9555e-20
etaHat: 124879
316  fE: -3.04632  dfE: 2.96818e-08  dW: 0.00158835  dPhi(Nx/2)(Ny/2)(Nz/2): 4.35431e-05 Phi A: 0.047644 Phi B: 0.952356 Phi I: 5.82131e-52
Total charge: -5.9555e-20
etaHat: 124879
317  fE: -3.04632  dfE: 3.79418e-08  dW: 0.00157507  dPhi(Nx/2)(Ny/2)(Nz/2): 4.32701e-05 Phi A: 0.047644 Phi B: 0.952356 Phi I: 5.82131e-52
Total charge: -5.9555e-20
etaHat: 124879
318  fE: -3.04632  dfE: 4.33993e-08  dW: 0.00156192  dPhi(Nx/2)(Ny/2)(Nz/2): 4.29974e-05 Phi A: 0.047644 Phi B: 0.952356 Phi I: 5.82131e-52
Total charge: -5.9555e-20
etaHat: 124879
319  fE: -3.04632  dfE: 4.60769e-08  dW: 0.00154891  dPhi(Nx/2)(Ny/2)(Nz/2): 4.27247e-05 Phi A: 0.047644 Phi B: 0.952356 Phi I: 5.82131e-52
Total charge: -5.9555e-20
etaHat: 124879
320  fE: -3.04632  dfE: 4.61336e-08  dW: 0.00153604  dPhi(Nx/2)(Ny/2)(Nz/2): 4.24514e-05 Phi A: 0.047644 Phi B: 0.952356 Phi I: 5.82131e-52
Saving data . . .
Total charge: -5.9555e-20
etaHat: 124879
321  fE: -3.04632  dfE: 4.38423e-08  dW: 0.0015233  dPhi(Nx/2)(Ny/2)(Nz/2): 4.21774e-05 Phi A: 0.047644 Phi B: 0.952356 Phi I: 5.82131e-52
Total charge: -5.9555e-20
etaHat: 124879
322  fE: -3.04632  dfE: 3.95642e-08  dW: 0.00151069  dPhi(Nx/2)(Ny/2)(Nz/2): 4.19025e-05 Phi A: 0.047644 Phi B: 0.952356 Phi I: 5.82131e-52
Total charge: -5.9555e-20
etaHat: 124879
323  fE: -3.04632  dfE: 3.3722e-08  dW: 0.00149821  dPhi(Nx/2)(Ny/2)(Nz/2): 4.16268e-05 Phi A: 0.047644 Phi B: 0.952356 Phi I: 5.82131e-52
Total charge: -5.9555e-20
etaHat: 124879
324  fE: -3.04632  dfE: 2.67719e-08  dW: 0.00148587  dPhi(Nx/2)(Ny/2)(Nz/2): 4.13502e-05 Phi A: 0.047644 Phi B: 0.952356 Phi I: 5.82131e-52
Total charge: -5.9555e-20
etaHat: 124879
325  fE: -3.04632  dfE: 1.91772e-08  dW: 0.00147365  dPhi(Nx/2)(Ny/2)(Nz/2): 4.10731e-05 Phi A: 0.047644 Phi B: 0.952356 Phi I: 5.82131e-52
Total charge: -5.9555e-20
etaHat: 124879
326  fE: -3.04632  dfE: 1.13851e-08  dW: 0.00146156  dPhi(Nx/2)(Ny/2)(Nz/2): 4.07955e-05 Phi A: 0.047644 Phi B: 0.952356 Phi I: 5.82131e-52
Total charge: -5.9555e-20
etaHat: 124879
327  fE: -3.04632  dfE: 3.80524e-09  dW: 0.00144959  dPhi(Nx/2)(Ny/2)(Nz/2): 4.05177e-05 Phi A: 0.047644 Phi B: 0.952356 Phi I: 5.82131e-52
Total charge: -5.9555e-20
etaHat: 124879
328  fE: -3.04632  dfE: 3.20587e-09  dW: 0.00143774  dPhi(Nx/2)(Ny/2)(Nz/2): 4.024e-05 Phi A: 0.047644 Phi B: 0.952356 Phi I: 5.82131e-52
Total charge: -5.9555e-20
etaHat: 124879
329  fE: -3.04632  dfE: 9.35787e-09  dW: 0.00142601  dPhi(Nx/2)(Ny/2)(Nz/2): 3.99626e-05 Phi A: 0.047644 Phi B: 0.952356 Phi I: 5.82131e-52
Total charge: -5.9555e-20
etaHat: 124879
330  fE: -3.04632  dfE: 1.44337e-08  dW: 0.0014144  dPhi(Nx/2)(Ny/2)(Nz/2): 3.96858e-05 Phi A: 0.047644 Phi B: 0.952356 Phi I: 5.82131e-52
Saving data . . .
Total charge: -5.9555e-20
etaHat: 124879
331  fE: -3.04632  dfE: 1.82925e-08  dW: 0.0014029  dPhi(Nx/2)(Ny/2)(Nz/2): 3.94098e-05 Phi A: 0.047644 Phi B: 0.952356 Phi I: 5.82131e-52
Total charge: -5.9555e-20
etaHat: 124879
332  fE: -3.04632  dfE: 2.08694e-08  dW: 0.00139152  dPhi(Nx/2)(Ny/2)(Nz/2): 3.91348e-05 Phi A: 0.047644 Phi B: 0.952356 Phi I: 5.82131e-52
Total charge: -5.9555e-20
etaHat: 124879
333  fE: -3.04632  dfE: 2.21698e-08  dW: 0.00138025  dPhi(Nx/2)(Ny/2)(Nz/2): 3.8861e-05 Phi A: 0.047644 Phi B: 0.952356 Phi I: 5.82131e-52
Total charge: -5.9555e-20
etaHat: 124879
334  fE: -3.04632  dfE: 2.22624e-08  dW: 0.0013691  dPhi(Nx/2)(Ny/2)(Nz/2): 3.85884e-05 Phi A: 0.047644 Phi B: 0.952356 Phi I: 5.82131e-52
Total charge: -5.9555e-20
etaHat: 124879
335  fE: -3.04632  dfE: 2.1269e-08  dW: 0.00135805  dPhi(Nx/2)(Ny/2)(Nz/2): 3.83172e-05 Phi A: 0.047644 Phi B: 0.952356 Phi I: 5.82131e-52
Total charge: -5.95549e-20
etaHat: 124879
336  fE: -3.04632  dfE: 1.93527e-08  dW: 0.00134712  dPhi(Nx/2)(Ny/2)(Nz/2): 3.80473e-05 Phi A: 0.047644 Phi B: 0.952356 Phi I: 5.82131e-52
Total charge: -5.95549e-20
etaHat: 124879
337  fE: -3.04632  dfE: 1.67055e-08  dW: 0.0013363  dPhi(Nx/2)(Ny/2)(Nz/2): 3.77788e-05 Phi A: 0.047644 Phi B: 0.952356 Phi I: 5.82131e-52
Total charge: -5.95549e-20
etaHat: 124879
338  fE: -3.04632  dfE: 1.35358e-08  dW: 0.00132559  dPhi(Nx/2)(Ny/2)(Nz/2): 3.75116e-05 Phi A: 0.047644 Phi B: 0.952356 Phi I: 5.82131e-52
Total charge: -5.95549e-20
etaHat: 124879
339  fE: -3.04632  dfE: 1.00559e-08  dW: 0.00131498  dPhi(Nx/2)(Ny/2)(Nz/2): 3.72457e-05 Phi A: 0.047644 Phi B: 0.952356 Phi I: 5.82131e-52
Total charge: -5.95549e-20
etaHat: 124879
340  fE: -3.04632  dfE: 6.47175e-09  dW: 0.00130448  dPhi(Nx/2)(Ny/2)(Nz/2): 3.6981e-05 Phi A: 0.047644 Phi B: 0.952356 Phi I: 5.82131e-52
Saving data . . .
Total charge: -5.95549e-20
etaHat: 124879
341  fE: -3.04632  dfE: 2.97241e-09  dW: 0.00129408  dPhi(Nx/2)(Ny/2)(Nz/2): 3.67174e-05 Phi A: 0.047644 Phi B: 0.952356 Phi I: 5.82131e-52
Total charge: -5.95549e-20
etaHat: 124879
342  fE: -3.04632  dfE: 2.76764e-10  dW: 0.00128378  dPhi(Nx/2)(Ny/2)(Nz/2): 3.6455e-05 Phi A: 0.047644 Phi B: 0.952356 Phi I: 5.82131e-52
Total charge: -5.95549e-20
etaHat: 124879
343  fE: -3.04632  dfE: 3.14061e-09  dW: 0.00127359  dPhi(Nx/2)(Ny/2)(Nz/2): 3.61936e-05 Phi A: 0.047644 Phi B: 0.952356 Phi I: 5.82131e-52
Total charge: -5.95549e-20
etaHat: 124879
344  fE: -3.04632  dfE: 5.51695e-09  dW: 0.00126349  dPhi(Nx/2)(Ny/2)(Nz/2): 3.59332e-05 Phi A: 0.047644 Phi B: 0.952356 Phi I: 5.82131e-52
Total charge: -5.95549e-20
etaHat: 124879
345  fE: -3.04632  dfE: 7.33907e-09  dW: 0.00125349  dPhi(Nx/2)(Ny/2)(Nz/2): 3.56738e-05 Phi A: 0.047644 Phi B: 0.952356 Phi I: 5.82131e-52
Total charge: -5.95549e-20
etaHat: 124879
346  fE: -3.04632  dfE: 8.5746e-09  dW: 0.00124359  dPhi(Nx/2)(Ny/2)(Nz/2): 3.54155e-05 Phi A: 0.047644 Phi B: 0.952356 Phi I: 5.82131e-52
Total charge: -5.95549e-20
etaHat: 124879
347  fE: -3.04632  dfE: 9.22391e-09  dW: 0.00123378  dPhi(Nx/2)(Ny/2)(Nz/2): 3.51582e-05 Phi A: 0.047644 Phi B: 0.952356 Phi I: 5.82131e-52
Total charge: -5.95549e-20
etaHat: 124879
348  fE: -3.04632  dfE: 9.31662e-09  dW: 0.00122406  dPhi(Nx/2)(Ny/2)(Nz/2): 3.49021e-05 Phi A: 0.047644 Phi B: 0.952356 Phi I: 5.82131e-52
Total charge: -5.95549e-20
etaHat: 124879
349  fE: -3.04632  dfE: 8.90691e-09  dW: 0.00121444  dPhi(Nx/2)(Ny/2)(Nz/2): 3.46473e-05 Phi A: 0.047644 Phi B: 0.952356 Phi I: 5.82131e-52
Total charge: -5.95549e-20
etaHat: 124879
350  fE: -3.04632  dfE: 8.06842e-09  dW: 0.00120492  dPhi(Nx/2)(Ny/2)(Nz/2): 3.43938e-05 Phi A: 0.047644 Phi B: 0.952356 Phi I: 5.82131e-52
Saving data . . .
Total charge: -5.95549e-20
etaHat: 124879
351  fE: -3.04632  dfE: 6.88826e-09  dW: 0.0011955  dPhi(Nx/2)(Ny/2)(Nz/2): 3.41417e-05 Phi A: 0.047644 Phi B: 0.952356 Phi I: 5.82131e-52
Total charge: -5.95549e-20
etaHat: 124879
352  fE: -3.04632  dfE: 5.46168e-09  dW: 0.00118616  dPhi(Nx/2)(Ny/2)(Nz/2): 3.38913e-05 Phi A: 0.047644 Phi B: 0.952356 Phi I: 5.82131e-52
Total charge: -5.95549e-20
etaHat: 124879
353  fE: -3.04632  dfE: 3.88599e-09  dW: 0.00117691  dPhi(Nx/2)(Ny/2)(Nz/2): 3.36427e-05 Phi A: 0.047644 Phi B: 0.952356 Phi I: 5.82131e-52
Total charge: -5.95549e-20
etaHat: 124879
354  fE: -3.04632  dfE: 2.25586e-09  dW: 0.00116776  dPhi(Nx/2)(Ny/2)(Nz/2): 3.33959e-05 Phi A: 0.047644 Phi B: 0.952356 Phi I: 5.82131e-52
Total charge: -5.95549e-20
etaHat: 124879
355  fE: -3.04632  dfE: 6.58648e-10  dW: 0.00115869  dPhi(Nx/2)(Ny/2)(Nz/2): 3.31513e-05 Phi A: 0.047644 Phi B: 0.952356 Phi I: 5.82131e-52
Total charge: -5.95549e-20
etaHat: 124879
356  fE: -3.04632  dfE: 8.29083e-10  dW: 0.00114971  dPhi(Nx/2)(Ny/2)(Nz/2): 3.29088e-05 Phi A: 0.047644 Phi B: 0.952356 Phi I: 5.82131e-52
Total charge: -5.95549e-20
etaHat: 124879
357  fE: -3.04632  dfE: 2.14425e-09  dW: 0.00114082  dPhi(Nx/2)(Ny/2)(Nz/2): 3.26687e-05 Phi A: 0.047644 Phi B: 0.952356 Phi I: 5.82131e-52
Total charge: -5.95549e-20
etaHat: 124879
358  fE: -3.04632  dfE: 3.23906e-09  dW: 0.00113201  dPhi(Nx/2)(Ny/2)(Nz/2): 3.2431e-05 Phi A: 0.047644 Phi B: 0.952356 Phi I: 5.82131e-52
Total charge: -5.95549e-20
etaHat: 124879
359  fE: -3.04632  dfE: 4.08168e-09  dW: 0.00112328  dPhi(Nx/2)(Ny/2)(Nz/2): 3.21959e-05 Phi A: 0.047644 Phi B: 0.952356 Phi I: 5.82131e-52
Total charge: -5.95549e-20
etaHat: 124879
360  fE: -3.04632  dfE: 4.6562e-09  dW: 0.00111463  dPhi(Nx/2)(Ny/2)(Nz/2): 3.19633e-05 Phi A: 0.047644 Phi B: 0.952356 Phi I: 5.82131e-52
Saving data . . .
Total charge: -5.95549e-20
etaHat: 124879
361  fE: -3.04632  dfE: 4.96186e-09  dW: 0.00110606  dPhi(Nx/2)(Ny/2)(Nz/2): 3.17334e-05 Phi A: 0.047644 Phi B: 0.952356 Phi I: 5.82131e-52
Total charge: -5.95549e-20
etaHat: 124879
362  fE: -3.04632  dfE: 5.01122e-09  dW: 0.00109758  dPhi(Nx/2)(Ny/2)(Nz/2): 3.15062e-05 Phi A: 0.047644 Phi B: 0.952356 Phi I: 5.82131e-52
Total charge: -5.95549e-20
etaHat: 124879
363  fE: -3.04632  dfE: 4.82849e-09  dW: 0.00108918  dPhi(Nx/2)(Ny/2)(Nz/2): 3.12816e-05 Phi A: 0.047644 Phi B: 0.952356 Phi I: 5.82131e-52
Total charge: -5.95549e-20
etaHat: 124879
364  fE: -3.04632  dfE: 4.44672e-09  dW: 0.00108086  dPhi(Nx/2)(Ny/2)(Nz/2): 3.10597e-05 Phi A: 0.047644 Phi B: 0.952356 Phi I: 5.82131e-52
Total charge: -5.95549e-20
etaHat: 124879
365  fE: -3.04632  dfE: 3.90567e-09  dW: 0.00107263  dPhi(Nx/2)(Ny/2)(Nz/2): 3.08405e-05 Phi A: 0.047644 Phi B: 0.952356 Phi I: 5.82131e-52
Total charge: -5.95549e-20
etaHat: 124879
366  fE: -3.04632  dfE: 3.24867e-09  dW: 0.00106447  dPhi(Nx/2)(Ny/2)(Nz/2): 3.06237e-05 Phi A: 0.047644 Phi B: 0.952356 Phi I: 5.82131e-52
Total charge: -5.95549e-20
etaHat: 124879
367  fE: -3.04632  dfE: 2.52031e-09  dW: 0.00105639  dPhi(Nx/2)(Ny/2)(Nz/2): 3.04095e-05 Phi A: 0.047644 Phi B: 0.952356 Phi I: 5.82131e-52
Total charge: -5.95549e-20
etaHat: 124879
368  fE: -3.04632  dfE: 1.76423e-09  dW: 0.00104839  dPhi(Nx/2)(Ny/2)(Nz/2): 3.01976e-05 Phi A: 0.047644 Phi B: 0.952356 Phi I: 5.82131e-52
Total charge: -5.95549e-20
etaHat: 124879
369  fE: -3.04632  dfE: 1.02057e-09  dW: 0.00104046  dPhi(Nx/2)(Ny/2)(Nz/2): 2.99881e-05 Phi A: 0.047644 Phi B: 0.952356 Phi I: 5.82131e-52
Total charge: -5.95549e-20
etaHat: 124879
370  fE: -3.04632  dfE: 3.25016e-10  dW: 0.0010326  dPhi(Nx/2)(Ny/2)(Nz/2): 2.97808e-05 Phi A: 0.047644 Phi B: 0.952356 Phi I: 5.82131e-52
Saving data . . .
Total charge: -5.95549e-20
etaHat: 124879
371  fE: -3.04632  dfE: 2.93254e-10  dW: 0.00102481  dPhi(Nx/2)(Ny/2)(Nz/2): 2.95755e-05 Phi A: 0.047644 Phi B: 0.952356 Phi I: 5.82131e-52
Total charge: -5.95549e-20
etaHat: 124879
372  fE: -3.04632  dfE: 8.1169e-10  dW: 0.0010171  dPhi(Nx/2)(Ny/2)(Nz/2): 2.93722e-05 Phi A: 0.047644 Phi B: 0.952356 Phi I: 5.82131e-52
Total charge: -5.95549e-20
etaHat: 124879
373  fE: -3.04632  dfE: 1.2152e-09  dW: 0.00100945  dPhi(Nx/2)(Ny/2)(Nz/2): 2.91708e-05 Phi A: 0.047644 Phi B: 0.952356 Phi I: 5.82131e-52
Total charge: -5.95549e-20
etaHat: 124879
374  fE: -3.04632  dfE: 1.49612e-09  dW: 0.00100188  dPhi(Nx/2)(Ny/2)(Nz/2): 2.89712e-05 Phi A: 0.047644 Phi B: 0.952356 Phi I: 5.82131e-52
Total charge: -5.95549e-20
etaHat: 124879
375  fE: -3.04632  dfE: 1.6535e-09  dW: 0.000994369  dPhi(Nx/2)(Ny/2)(Nz/2): 2.87732e-05 Phi A: 0.047644 Phi B: 0.952356 Phi I: 5.82131e-52
Saving data . . .
