Total charge: 124877
etaHat: 124877
0  fE: -9367.43  dfE: 9467.43  dW: 16.8909  dPhi(Nx/2)(Ny/2)(Nz/2): -4.11389 Phi A: 0.607494 Phi B: 4.48374 Phi I: 999.016
Saving data . . .
Total charge: 1.59566
etaHat: 124879
1  fE: -25220.7  dfE: 15853.3  dW: 20.0162  dPhi(Nx/2)(Ny/2)(Nz/2): -2.27415 Phi A: 0.31611 Phi B: 2.94412 Phi I: 0.0127653
Total charge: 1.56315e-18
etaHat: 124879
2  fE: -18.6974  dfE: 25202  dW: 20.7894  dPhi(Nx/2)(Ny/2)(Nz/2): -1.15762 Phi A: 0.18244 Phi B: 1.96644 Phi I: 1.43296e-20
Total charge: -1.4319e-19
etaHat: 124879
3  fE: -13.2993  dfE: 5.39807  dW: 20.1436  dPhi(Nx/2)(Ny/2)(Nz/2): -0.468669 Phi A: 0.114552 Phi B: 1.34847 Phi I: 5.82343e-52
Total charge: -9.65701e-20
etaHat: 124879
4  fE: -9.39235  dfE: 3.90698  dW: 18.6542  dPhi(Nx/2)(Ny/2)(Nz/2): -0.0377889 Phi A: 0.0772561 Phi B: 0.956757 Phi I: 5.82145e-52
Total charge: -6.93606e-20
etaHat: 124879
5  fE: -6.71634  dfE: 2.67602  dW: 16.6736  dPhi(Nx/2)(Ny/2)(Nz/2): 0.235957 Phi A: 0.0554884 Phi B: 0.705939 Phi I: 5.81968e-52
Total charge: -5.27479e-20
etaHat: 124879
6  fE: -4.91275  dfE: 1.80359  dW: 14.4209  dPhi(Nx/2)(Ny/2)(Nz/2): 0.412665 Phi A: 0.0421983 Phi B: 0.543254 Phi I: 5.81816e-52
Total charge: -4.22967e-20
etaHat: 124879
7  fE: -3.69421  dfE: 1.21854  dW: 12.0353  dPhi(Nx/2)(Ny/2)(Nz/2): 0.52814 Phi A: 0.0338374 Phi B: 0.436614 Phi I: 5.81688e-52
Total charge: -3.56434e-20
etaHat: 124879
8  fE: -2.86102  dfE: 0.833192  dW: 9.60782  dPhi(Nx/2)(Ny/2)(Nz/2): 0.603823 Phi A: 0.0285147 Phi B: 0.366567 Phi I: 5.81586e-52
Total charge: -3.1475e-20
etaHat: 124879
9  fE: -2.28137  dfE: 0.579648  dW: 7.19931  dPhi(Nx/2)(Ny/2)(Nz/2): 0.652631 Phi A: 0.02518 Phi B: 0.321307 Phi I: 5.81508e-52
Total charge: -2.90456e-20
etaHat: 124879
10  fE: -1.86952  dfE: 0.411853  dW: 4.85265  dPhi(Nx/2)(Ny/2)(Nz/2): 0.682344 Phi A: 0.0232365 Phi B: 0.293685 Phi I: 5.81455e-52
Saving data . . .
Total charge: -2.7934e-20
etaHat: 124879
11  fE: -1.56933  dfE: 0.300184  dW: 2.59977  dPhi(Nx/2)(Ny/2)(Nz/2): 0.697561 Phi A: 0.0223472 Phi B: 0.279461 Phi I: 5.81425e-52
Total charge: -2.79186e-20
etaHat: 124879
12  fE: -1.34328  dfE: 0.226057  dW: 0.625434  dPhi(Nx/2)(Ny/2)(Nz/2): 0.700828 Phi A: 0.0223349 Phi B: 0.276282 Phi I: 5.81417e-52
Total charge: -2.89101e-20
etaHat: 124879
13  fE: -1.1653  dfE: 0.177976  dW: 1.52379  dPhi(Nx/2)(Ny/2)(Nz/2): 0.693278 Phi A: 0.023128 Phi B: 0.283096 Phi I: 5.8143e-52
Total charge: -3.0915e-20
etaHat: 124879
14  fE: -1.01641  dfE: 0.148897  dW: 3.34787  dPhi(Nx/2)(Ny/2)(Nz/2): 0.674994 Phi A: 0.024732 Phi B: 0.299823 Phi I: 5.81462e-52
Total charge: -3.40147e-20
etaHat: 124879
15  fE: -0.88199  dfE: 0.134415  dW: 4.98021  dPhi(Nx/2)(Ny/2)(Nz/2): 0.645208 Phi A: 0.0272118 Phi B: 0.327173 Phi I: 5.81512e-52
Total charge: -3.83484e-20
etaHat: 124879
16  fE: -0.750637  dfE: 0.131352  dW: 6.39137  dPhi(Nx/2)(Ny/2)(Nz/2): 0.602441 Phi A: 0.0306788 Phi B: 0.366523 Phi I: 5.81578e-52
Total charge: -4.40919e-20
etaHat: 124879
17  fE: -0.614309  dfE: 0.136328  dW: 7.54677  dPhi(Nx/2)(Ny/2)(Nz/2): 0.544647 Phi A: 0.0352736 Phi B: 0.419787 Phi I: 5.81656e-52
Total charge: -5.14196e-20
etaHat: 124879
18  fE: -0.47026  dfE: 0.144049  dW: 8.40645  dPhi(Nx/2)(Ny/2)(Nz/2): 0.469488 Phi A: 0.0411357 Phi B: 0.489178 Phi I: 5.81745e-52
Total charge: -6.04388e-20
etaHat: 124879
19  fE: -0.324985  dfE: 0.145275  dW: 8.92658  dPhi(Nx/2)(Ny/2)(Nz/2): 0.374833 Phi A: 0.048351 Phi B: 0.576761 Phi I: 5.8184e-52
Total charge: -7.10874e-20
etaHat: 124879
20  fE: -0.199872  dfE: 0.125112  dW: 9.06391  dPhi(Nx/2)(Ny/2)(Nz/2): 0.259626 Phi A: 0.0568699 Phi B: 0.683662 Phi I: 5.81939e-52
Saving data . . .
Total charge: -8.30018e-20
etaHat: 124879
21  fE: -0.136438  dfE: 0.0634339  dW: 8.78412  dPhi(Nx/2)(Ny/2)(Nz/2): 0.125155 Phi A: 0.0664014 Phi B: 0.808911 Phi I: 5.82038e-52
Total charge: -9.53968e-20
etaHat: 124879
22  fE: -0.196073  dfE: 0.0596344  dW: 8.07417  dPhi(Nx/2)(Ny/2)(Nz/2): -0.023487 Phi A: 0.0763174 Phi B: 0.948067 Phi I: 5.82131e-52
Total charge: -1.07045e-19
etaHat: 124879
23  fE: -0.447352  dfE: 0.25128  dW: 6.95644  dPhi(Nx/2)(Ny/2)(Nz/2): -0.176386 Phi A: 0.0856356 Phi B: 1.09221 Phi I: 5.82214e-52
Total charge: -1.16451e-19
etaHat: 124879
24  fE: -0.937862  dfE: 0.49051  dW: 5.4991  dPhi(Nx/2)(Ny/2)(Nz/2): -0.319207 Phi A: 0.0931608 Phi B: 1.22818 Phi I: 5.82284e-52
Total charge: -1.22252e-19
etaHat: 124879
25  fE: -1.66007  dfE: 0.722211  dW: 3.81564  dPhi(Nx/2)(Ny/2)(Nz/2): -0.435779 Phi A: 0.0978016 Phi B: 1.34084 Phi I: 5.82337e-52
Total charge: -1.23681e-19
etaHat: 124879
26  fE: -2.53413  dfE: 0.874056  dW: 2.0806  dPhi(Nx/2)(Ny/2)(Nz/2): -0.512442 Phi A: 0.0989452 Phi B: 1.41709 Phi I: 5.8237e-52
Total charge: -1.20845e-19
etaHat: 124879
27  fE: -3.42656  dfE: 0.892434  dW: 1.36923  dPhi(Nx/2)(Ny/2)(Nz/2): -0.542228 Phi A: 0.096676 Phi B: 1.44977 Phi I: 5.82385e-52
Total charge: -1.14625e-19
etaHat: 124879
28  fE: -4.1984  dfE: 0.771837  dW: 1.18427  dPhi(Nx/2)(Ny/2)(Nz/2): -0.526611 Phi A: 0.0916999 Phi B: 1.43959 Phi I: 5.82382e-52
Total charge: -1.063e-19
etaHat: 124879
29  fE: -4.75277  dfE: 0.554366  dW: 2.39886  dPhi(Nx/2)(Ny/2)(Nz/2): -0.474066 Phi A: 0.0850403 Phi B: 1.39397 Phi I: 5.82365e-52
Total charge: -9.71293e-20
etaHat: 124879
30  fE: -5.05585  dfE: 0.30308  dW: 3.31925  dPhi(Nx/2)(Ny/2)(Nz/2): -0.396639 Phi A: 0.0777035 Phi B: 1.32396 Phi I: 5.82336e-52
Saving data . . .
Total charge: -8.80861e-20
etaHat: 124879
31  fE: -5.12831  dfE: 0.0724681  dW: 3.91914  dPhi(Nx/2)(Ny/2)(Nz/2): -0.306495 Phi A: 0.0704689 Phi B: 1.24098 Phi I: 5.82299e-52
Total charge: -7.97893e-20
etaHat: 124879
32  fE: -5.02185  dfE: 0.106468  dW: 4.22029  dPhi(Nx/2)(Ny/2)(Nz/2): -0.21369 Phi A: 0.0638314 Phi B: 1.15464 Phi I: 5.82257e-52
Total charge: -7.2553e-20
etaHat: 124879
33  fE: -4.79626  dfE: 0.225584  dW: 4.25995  dPhi(Nx/2)(Ny/2)(Nz/2): -0.125371 Phi A: 0.0580424 Phi B: 1.07186 Phi I: 5.82214e-52
Total charge: -6.64798e-20
etaHat: 124879
34  fE: -4.50488  dfE: 0.29138  dW: 4.08242  dPhi(Nx/2)(Ny/2)(Nz/2): -0.0459369 Phi A: 0.0531839 Phi B: 0.997017 Phi I: 5.82171e-52
Total charge: -6.1548e-20
etaHat: 124879
35  fE: -4.18839  dfE: 0.316487  dW: 3.73343  dPhi(Nx/2)(Ny/2)(Nz/2): 0.0223432 Phi A: 0.0492384 Phi B: 0.932405 Phi I: 5.82132e-52
Total charge: -5.76743e-20
etaHat: 124879
36  fE: -3.87441  dfE: 0.313982  dW: 3.25681  dPhi(Nx/2)(Ny/2)(Nz/2): 0.0786552 Phi A: 0.0461395 Phi B: 0.878924 Phi I: 5.82097e-52
Total charge: -5.47536e-20
etaHat: 124879
37  fE: -3.57973  dfE: 0.294686  dW: 2.69282  dPhi(Nx/2)(Ny/2)(Nz/2): 0.123067 Phi A: 0.0438028 Phi B: 0.836599 Phi I: 5.82068e-52
Total charge: -5.26793e-20
etaHat: 124879
38  fE: -3.31329  dfE: 0.266436  dW: 2.07754  dPhi(Nx/2)(Ny/2)(Nz/2): 0.156121 Phi A: 0.0421435 Phi B: 0.804976 Phi I: 5.82045e-52
Total charge: -5.13539e-20
etaHat: 124879
39  fE: -3.07894  dfE: 0.234349  dW: 1.44279  dPhi(Nx/2)(Ny/2)(Nz/2): 0.178573 Phi A: 0.0410831 Phi B: 0.783377 Phi I: 5.82028e-52
Total charge: -5.06905e-20
etaHat: 124879
40  fE: -2.87751  dfE: 0.201429  dW: 0.816343  dPhi(Nx/2)(Ny/2)(Nz/2): 0.191243 Phi A: 0.0405524 Phi B: 0.771047 Phi I: 5.82018e-52
Saving data . . .
Total charge: -5.0612e-20
etaHat: 124879
41  fE: -2.70834  dfE: 0.169171  dW: 0.241179  dPhi(Nx/2)(Ny/2)(Nz/2): 0.194955 Phi A: 0.0404896 Phi B: 0.767219 Phi I: 5.82015e-52
Total charge: -5.10475e-20
etaHat: 124879
42  fE: -2.57027  dfE: 0.138076  dW: 0.320256  dPhi(Nx/2)(Ny/2)(Nz/2): 0.190523 Phi A: 0.040838 Phi B: 0.771131 Phi I: 5.82017e-52
Total charge: -5.19275e-20
etaHat: 124879
43  fE: -2.46224  dfE: 0.108026  dW: 0.790334  dPhi(Nx/2)(Ny/2)(Nz/2): 0.178778 Phi A: 0.041542 Phi B: 0.782001 Phi I: 5.82025e-52
Total charge: -5.31798e-20
etaHat: 124879
44  fE: -2.38365  dfE: 0.0785858  dW: 1.17813  dPhi(Nx/2)(Ny/2)(Nz/2): 0.160603 Phi A: 0.0425438 Phi B: 0.798996 Phi I: 5.82037e-52
Total charge: -5.4725e-20
etaHat: 124879
45  fE: -2.33441  dfE: 0.0492453  dW: 1.47247  dPhi(Nx/2)(Ny/2)(Nz/2): 0.136992 Phi A: 0.04378 Phi B: 0.821182 Phi I: 5.82052e-52
Total charge: -5.6474e-20
etaHat: 124879
46  fE: -2.31477  dfE: 0.0196361  dW: 1.66736  dPhi(Nx/2)(Ny/2)(Nz/2): 0.109085 Phi A: 0.0451792 Phi B: 0.847482 Phi I: 5.8207e-52
Total charge: -5.83273e-20
etaHat: 124879
47  fE: -2.32504  dfE: 0.0102644  dW: 1.76114  dPhi(Nx/2)(Ny/2)(Nz/2): 0.0781961 Phi A: 0.0466618 Phi B: 0.876658 Phi I: 5.8209e-52
Total charge: -6.01774e-20
etaHat: 124879
48  fE: -2.365  dfE: 0.0399678  dW: 1.75667  dPhi(Nx/2)(Ny/2)(Nz/2): 0.0458092 Phi A: 0.0481419 Phi B: 0.90731 Phi I: 5.8211e-52
Total charge: -6.19139e-20
etaHat: 124879
49  fE: -2.4334  dfE: 0.068392  dW: 1.6614  dPhi(Nx/2)(Ny/2)(Nz/2): 0.0135297 Phi A: 0.0495311 Phi B: 0.93792 Phi I: 5.82129e-52
Total charge: -6.34314e-20
etaHat: 124879
50  fE: -2.52731  dfE: 0.0939107  dW: 1.48714  dPhi(Nx/2)(Ny/2)(Nz/2): -0.0170013 Phi A: 0.0507452 Phi B: 0.966934 Phi I: 5.82146e-52
Saving data . . .
Total charge: -6.46397e-20
etaHat: 124879
51  fE: -2.64188  dfE: 0.114571  dW: 1.24938  dPhi(Nx/2)(Ny/2)(Nz/2): -0.0442284 Phi A: 0.0517117 Phi B: 0.992875 Phi I: 5.82162e-52
Total charge: -6.5472e-20
etaHat: 124879
52  fE: -2.77034  dfE: 0.128459  dW: 0.96634  dPhi(Nx/2)(Ny/2)(Nz/2): -0.0668193 Phi A: 0.0523776 Phi B: 1.01447 Phi I: 5.82174e-52
Total charge: -6.58926e-20
etaHat: 124879
53  fE: -2.90447  dfE: 0.134129  dW: 0.657601  dPhi(Nx/2)(Ny/2)(Nz/2): -0.0837911 Phi A: 0.052714 Phi B: 1.03078 Phi I: 5.82184e-52
Total charge: -6.5899e-20
etaHat: 124879
54  fE: -3.03545  dfE: 0.130982  dW: 0.390762  dPhi(Nx/2)(Ny/2)(Nz/2): -0.0946007 Phi A: 0.0527192 Phi B: 1.04127 Phi I: 5.82189e-52
Total charge: -6.55205e-20
etaHat: 124879
55  fE: -3.1549  dfE: 0.119451  dW: 0.278153  dPhi(Nx/2)(Ny/2)(Nz/2): -0.0991785 Phi A: 0.0524164 Phi B: 1.04585 Phi I: 5.82192e-52
Total charge: -6.48118e-20
etaHat: 124879
56  fE: -3.25585  dfE: 0.100953  dW: 0.249272  dPhi(Nx/2)(Ny/2)(Nz/2): -0.0979013 Phi A: 0.0518495 Phi B: 1.04487 Phi I: 5.82191e-52
Total charge: -6.38449e-20
etaHat: 124879
57  fE: -3.33347  dfE: 0.0776143  dW: 0.471853  dPhi(Nx/2)(Ny/2)(Nz/2): -0.0915124 Phi A: 0.051076 Phi B: 1.03902 Phi I: 5.82188e-52
Total charge: -6.26996e-20
etaHat: 124879
58  fE: -3.38534  dfE: 0.0518733  dW: 0.660091  dPhi(Nx/2)(Ny/2)(Nz/2): -0.0810096 Phi A: 0.0501597 Phi B: 1.02924 Phi I: 5.82183e-52
Total charge: -6.14554e-20
etaHat: 124879
59  fE: -3.41142  dfE: 0.0260806  dW: 0.796047  dPhi(Nx/2)(Ny/2)(Nz/2): -0.0675222 Phi A: 0.0491643 Phi B: 1.01658 Phi I: 5.82175e-52
Total charge: -6.0185e-20
etaHat: 124879
60  fE: -3.41361  dfE: 0.00219272  dW: 0.878759  dPhi(Nx/2)(Ny/2)(Nz/2): -0.0521992 Phi A: 0.048148 Phi B: 1.00216 Phi I: 5.82167e-52
Saving data . . .
Total charge: -5.89507e-20
etaHat: 124879
61  fE: -3.39522  dfE: 0.0183938  dW: 0.910288  dPhi(Nx/2)(Ny/2)(Nz/2): -0.0361202 Phi A: 0.0471606 Phi B: 0.986977 Phi I: 5.82158e-52
Total charge: -5.78023e-20
etaHat: 124879
62  fE: -3.36035  dfE: 0.0348723  dW: 0.89511  dPhi(Nx/2)(Ny/2)(Nz/2): -0.0202348 Phi A: 0.0462418 Phi B: 0.971954 Phi I: 5.82149e-52
Total charge: -5.67768e-20
etaHat: 124879
63  fE: -3.31339  dfE: 0.0469557  dW: 0.839482  dPhi(Nx/2)(Ny/2)(Nz/2): -0.00532823 Phi A: 0.0454214 Phi B: 0.957839 Phi I: 5.8214e-52
Total charge: -5.58993e-20
etaHat: 124879
64  fE: -3.25864  dfE: 0.0547544  dW: 0.750841  dPhi(Nx/2)(Ny/2)(Nz/2): 0.00798955 Phi A: 0.0447195 Phi B: 0.945217 Phi I: 5.82132e-52
Total charge: -5.51846e-20
etaHat: 124879
65  fE: -3.19999  dfE: 0.0586422  dW: 0.637256  dPhi(Nx/2)(Ny/2)(Nz/2): 0.0192807 Phi A: 0.0441476 Phi B: 0.934512 Phi I: 5.82125e-52
Total charge: -5.4638e-20
etaHat: 124879
66  fE: -3.14086  dfE: 0.0591369  dW: 0.506968  dPhi(Nx/2)(Ny/2)(Nz/2): 0.0282661 Phi A: 0.0437104 Phi B: 0.925996 Phi I: 5.8212e-52
Total charge: -5.42579e-20
etaHat: 124879
67  fE: -3.08405  dfE: 0.0568103  dW: 0.368  dPhi(Nx/2)(Ny/2)(Nz/2): 0.0348082 Phi A: 0.0434063 Phi B: 0.919804 Phi I: 5.82116e-52
Total charge: -5.4036e-20
etaHat: 124879
68  fE: -3.03182  dfE: 0.0522279  dW: 0.227848  dPhi(Nx/2)(Ny/2)(Nz/2): 0.0388915 Phi A: 0.0432288 Phi B: 0.915957 Phi I: 5.82113e-52
Total charge: -5.39594e-20
etaHat: 124879
69  fE: -2.9859  dfE: 0.0459169  dW: 0.0946142  dPhi(Nx/2)(Ny/2)(Nz/2): 0.0406056 Phi A: 0.0431675 Phi B: 0.914375 Phi I: 5.82112e-52
Total charge: -5.40108e-20
etaHat: 124879
70  fE: -2.94755  dfE: 0.0383546  dW: 0.0461726  dPhi(Nx/2)(Ny/2)(Nz/2): 0.0401274 Phi A: 0.0432086 Phi B: 0.914893 Phi I: 5.82112e-52
Saving data . . .
Total charge: -5.41698e-20
etaHat: 124879
71  fE: -2.91758  dfE: 0.0299698  dW: 0.137478  dPhi(Nx/2)(Ny/2)(Nz/2): 0.0377065 Phi A: 0.0433358 Phi B: 0.917277 Phi I: 5.82113e-52
Total charge: -5.44137e-20
etaHat: 124879
72  fE: -2.89643  dfE: 0.0211519  dW: 0.225367  dPhi(Nx/2)(Ny/2)(Nz/2): 0.0336499 Phi A: 0.043531 Phi B: 0.921238 Phi I: 5.82115e-52
Total charge: -5.47185e-20
etaHat: 124879
73  fE: -2.88416  dfE: 0.0122614  dW: 0.291618  dPhi(Nx/2)(Ny/2)(Nz/2): 0.0283076 Phi A: 0.0437748 Phi B: 0.926444 Phi I: 5.82118e-52
Total charge: -5.50593e-20
etaHat: 124879
74  fE: -2.88053  dfE: 0.0036372  dW: 0.335177  dPhi(Nx/2)(Ny/2)(Nz/2): 0.0220567 Phi A: 0.0440475 Phi B: 0.932537 Phi I: 5.82122e-52
Total charge: -5.54121e-20
etaHat: 124879
75  fE: -2.88493  dfE: 0.00440085  dW: 0.356203  dPhi(Nx/2)(Ny/2)(Nz/2): 0.0152854 Phi A: 0.0443297 Phi B: 0.939148 Phi I: 5.82126e-52
Total charge: -5.5754e-20
etaHat: 124879
76  fE: -2.89649  dfE: 0.0115568  dW: 0.355931  dPhi(Nx/2)(Ny/2)(Nz/2): 0.00837596 Phi A: 0.0446032 Phi B: 0.94591 Phi I: 5.8213e-52
Total charge: -5.60649e-20
etaHat: 124879
77  fE: -2.91405  dfE: 0.0175694  dW: 0.33653  dPhi(Nx/2)(Ny/2)(Nz/2): 0.00168742 Phi A: 0.0448519 Phi B: 0.952481 Phi I: 5.82134e-52
Total charge: -5.6328e-20
etaHat: 124879
78  fE: -2.93628  dfE: 0.0222275  dW: 0.300923  dPhi(Nx/2)(Ny/2)(Nz/2): -0.00446066 Phi A: 0.0450624 Phi B: 0.958552 Phi I: 5.82138e-52
Total charge: -5.65305e-20
etaHat: 124879
79  fE: -2.96167  dfE: 0.0253869  dW: 0.252576  dPhi(Nx/2)(Ny/2)(Nz/2): -0.00980247 Phi A: 0.0452244 Phi B: 0.963866 Phi I: 5.82141e-52
Total charge: -5.66641e-20
etaHat: 124879
80  fE: -2.98865  dfE: 0.0269845  dW: 0.195286  dPhi(Nx/2)(Ny/2)(Nz/2): -0.0141368 Phi A: 0.0453313 Phi B: 0.968227 Phi I: 5.82143e-52
Saving data . . .
Total charge: -5.67254e-20
etaHat: 124879
81  fE: -3.0157  dfE: 0.0270467  dW: 0.134869  dPhi(Nx/2)(Ny/2)(Nz/2): -0.017334 Phi A: 0.0453803 Phi B: 0.971506 Phi I: 5.82145e-52
Total charge: -5.67151e-20
etaHat: 124879
82  fE: -3.04139  dfE: 0.0256888  dW: 0.089462  dPhi(Nx/2)(Ny/2)(Nz/2): -0.0193373 Phi A: 0.0453721 Phi B: 0.973643 Phi I: 5.82146e-52
Total charge: -5.66381e-20
etaHat: 124879
83  fE: -3.06449  dfE: 0.0231058  dW: 0.0648897  dPhi(Nx/2)(Ny/2)(Nz/2): -0.0201602 Phi A: 0.0453105 Phi B: 0.974648 Phi I: 5.82147e-52
Total charge: -5.65027e-20
etaHat: 124879
84  fE: -3.08405  dfE: 0.0195547  dW: 0.063837  dPhi(Nx/2)(Ny/2)(Nz/2): -0.019879 Phi A: 0.0452021 Phi B: 0.974588 Phi I: 5.82147e-52
Total charge: -5.63192e-20
etaHat: 124879
85  fE: -3.09938  dfE: 0.015331  dW: 0.0988169  dPhi(Nx/2)(Ny/2)(Nz/2): -0.0186217 Phi A: 0.0450553 Phi B: 0.973582 Phi I: 5.82146e-52
Total charge: -5.60997e-20
etaHat: 124879
86  fE: -3.11012  dfE: 0.0107431  dW: 0.138033  dPhi(Nx/2)(Ny/2)(Nz/2): -0.016555 Phi A: 0.0448798 Phi B: 0.971785 Phi I: 5.82145e-52
Total charge: -5.5857e-20
etaHat: 124879
87  fE: -3.11621  dfE: 0.00608833  dW: 0.1677  dPhi(Nx/2)(Ny/2)(Nz/2): -0.0138702 Phi A: 0.0446856 Phi B: 0.96938 Phi I: 5.82144e-52
Total charge: -5.56036e-20
etaHat: 124879
88  fE: -3.11784  dfE: 0.00163243  dW: 0.186693  dPhi(Nx/2)(Ny/2)(Nz/2): -0.01077 Phi A: 0.0444829 Phi B: 0.966557 Phi I: 5.82142e-52
Total charge: -5.53511e-20
etaHat: 124879
89  fE: -3.11544  dfE: 0.00240461  dW: 0.195169  dPhi(Nx/2)(Ny/2)(Nz/2): -0.00745513 Phi A: 0.0442809 Phi B: 0.963508 Phi I: 5.8214e-52
Total charge: -5.51098e-20
etaHat: 124879
90  fE: -3.10958  dfE: 0.00585676  dW: 0.193806  dPhi(Nx/2)(Ny/2)(Nz/2): -0.00411448 Phi A: 0.0440879 Phi B: 0.960415 Phi I: 5.82138e-52
Saving data . . .
Total charge: -5.48885e-20
etaHat: 124879
91  fE: -3.10097  dfE: 0.00861404  dW: 0.183702  dPhi(Nx/2)(Ny/2)(Nz/2): -0.000916371 Phi A: 0.0439108 Phi B: 0.957438 Phi I: 5.82136e-52
Total charge: -5.46937e-20
etaHat: 124879
92  fE: -3.09035  dfE: 0.01062  dW: 0.166269  dPhi(Nx/2)(Ny/2)(Nz/2): 0.00199729 Phi A: 0.043755 Phi B: 0.954715 Phi I: 5.82134e-52
Total charge: -5.45302e-20
etaHat: 124879
93  fE: -3.07848  dfE: 0.0118659  dW: 0.143129  dPhi(Nx/2)(Ny/2)(Nz/2): 0.00451477 Phi A: 0.0436242 Phi B: 0.952354 Phi I: 5.82133e-52
Total charge: -5.44008e-20
etaHat: 124879
94  fE: -3.0661  dfE: 0.0123828  dW: 0.116009  dPhi(Nx/2)(Ny/2)(Nz/2): 0.00655619 Phi A: 0.0435206 Phi B: 0.950433 Phi I: 5.82132e-52
Total charge: -5.43063e-20
etaHat: 124879
95  fE: -3.05387  dfE: 0.0122332  dW: 0.08665  dPhi(Nx/2)(Ny/2)(Nz/2): 0.00807348 Phi A: 0.043445 Phi B: 0.949001 Phi I: 5.82131e-52
Total charge: -5.42459e-20
etaHat: 124879
96  fE: -3.04236  dfE: 0.0115031  dW: 0.056996  dPhi(Nx/2)(Ny/2)(Nz/2): 0.00904885 Phi A: 0.0433967 Phi B: 0.948076 Phi I: 5.8213e-52
Total charge: -5.42173e-20
etaHat: 124879
97  fE: -3.03207  dfE: 0.0102939  dW: 0.0318476  dPhi(Nx/2)(Ny/2)(Nz/2): 0.00949223 Phi A: 0.0433739 Phi B: 0.947651 Phi I: 5.8213e-52
Total charge: -5.42171e-20
etaHat: 124879
98  fE: -3.02335  dfE: 0.00871635  dW: 0.0213135  dPhi(Nx/2)(Ny/2)(Nz/2): 0.00943775 Phi A: 0.0433737 Phi B: 0.947695 Phi I: 5.8213e-52
Total charge: -5.42409e-20
etaHat: 124879
99  fE: -3.01647  dfE: 0.00688446  dW: 0.0281766  dPhi(Nx/2)(Ny/2)(Nz/2): 0.00893959 Phi A: 0.0433927 Phi B: 0.948159 Phi I: 5.8213e-52
Total charge: -5.42836e-20
etaHat: 124879
100  fE: -3.01156  dfE: 0.00491102  dW: 0.0429788  dPhi(Nx/2)(Ny/2)(Nz/2): 0.00806749 Phi A: 0.0434269 Phi B: 0.948976 Phi I: 5.8213e-52
Saving data . . .
Total charge: -5.43399e-20
etaHat: 124879
101  fE: -3.00865  dfE: 0.00290334  dW: 0.0568876  dPhi(Nx/2)(Ny/2)(Nz/2): 0.00690195 Phi A: 0.0434719 Phi B: 0.950071 Phi I: 5.82131e-52
Total charge: -5.44042e-20
etaHat: 124879
102  fE: -3.0077  dfE: 0.000959695  dW: 0.0666858  dPhi(Nx/2)(Ny/2)(Nz/2): 0.00552946 Phi A: 0.0435234 Phi B: 0.951363 Phi I: 5.82132e-52
Total charge: -5.44715e-20
etaHat: 124879
103  fE: -3.00853  dfE: 0.000833716  dW: 0.0717769  dPhi(Nx/2)(Ny/2)(Nz/2): 0.00403784 Phi A: 0.0435772 Phi B: 0.952769 Phi I: 5.82132e-52
Total charge: -5.45369e-20
etaHat: 124879
104  fE: -3.01093  dfE: 0.00240535  dW: 0.072345  dPhi(Nx/2)(Ny/2)(Nz/2): 0.00251191 Phi A: 0.0436295 Phi B: 0.954207 Phi I: 5.82133e-52
Total charge: -5.45962e-20
etaHat: 124879
105  fE: -3.01463  dfE: 0.00370033  dW: 0.068853  dPhi(Nx/2)(Ny/2)(Nz/2): 0.00102971 Phi A: 0.043677 Phi B: 0.955606 Phi I: 5.82134e-52
Total charge: -5.4646e-20
etaHat: 124879
106  fE: -3.01932  dfE: 0.00468174  dW: 0.0619896  dPhi(Nx/2)(Ny/2)(Nz/2): -0.000340744 Phi A: 0.0437168 Phi B: 0.956898 Phi I: 5.82135e-52
Total charge: -5.46838e-20
etaHat: 124879
107  fE: -3.02465  dfE: 0.00533118  dW: 0.0527212  dPhi(Nx/2)(Ny/2)(Nz/2): -0.00154384 Phi A: 0.0437471 Phi B: 0.958032 Phi I: 5.82135e-52
Total charge: -5.4708e-20
etaHat: 124879
108  fE: -3.0303  dfE: 0.00564833  dW: 0.0423581  dPhi(Nx/2)(Ny/2)(Nz/2): -0.002538 Phi A: 0.0437664 Phi B: 0.958968 Phi I: 5.82136e-52
Total charge: -5.47178e-20
etaHat: 124879
109  fE: -3.03595  dfE: 0.00564973  dW: 0.032632  dPhi(Nx/2)(Ny/2)(Nz/2): -0.00329637 Phi A: 0.0437742 Phi B: 0.959679 Phi I: 5.82136e-52
Total charge: -5.47134e-20
etaHat: 124879
110  fE: -3.04131  dfE: 0.00536655  dW: 0.0252749  dPhi(Nx/2)(Ny/2)(Nz/2): -0.00380677 Phi A: 0.0437707 Phi B: 0.960155 Phi I: 5.82137e-52
Saving data . . .
Total charge: -5.46956e-20
etaHat: 124879
111  fE: -3.04615  dfE: 0.00484178  dW: 0.0217595  dPhi(Nx/2)(Ny/2)(Nz/2): -0.00407081 Phi A: 0.0437564 Phi B: 0.960396 Phi I: 5.82137e-52
Total charge: -5.46659e-20
etaHat: 124879
112  fE: -3.05028  dfE: 0.00412685  dW: 0.022475  dPhi(Nx/2)(Ny/2)(Nz/2): -0.00410235 Phi A: 0.0437327 Phi B: 0.960415 Phi I: 5.82137e-52
Total charge: -5.46263e-20
etaHat: 124879
113  fE: -3.05356  dfE: 0.00327801  dW: 0.0264153  dPhi(Nx/2)(Ny/2)(Nz/2): -0.00392555 Phi A: 0.0437011 Phi B: 0.960236 Phi I: 5.82137e-52
Total charge: -5.45792e-20
etaHat: 124879
114  fE: -3.05591  dfE: 0.00235276  dW: 0.0317731  dPhi(Nx/2)(Ny/2)(Nz/2): -0.0035725 Phi A: 0.0436634 Phi B: 0.959889 Phi I: 5.82136e-52
Total charge: -5.45269e-20
etaHat: 124879
115  fE: -3.05732  dfE: 0.00140654  dW: 0.0368545  dPhi(Nx/2)(Ny/2)(Nz/2): -0.00308068 Phi A: 0.0436216 Phi B: 0.95941 Phi I: 5.82136e-52
Total charge: -5.44721e-20
etaHat: 124879
116  fE: -3.05781  dfE: 0.000489905  dW: 0.0405733  dPhi(Nx/2)(Ny/2)(Nz/2): -0.00249052 Phi A: 0.0435777 Phi B: 0.958837 Phi I: 5.82136e-52
Total charge: -5.4417e-20
etaHat: 124879
117  fE: -3.05745  dfE: 0.000353674  dW: 0.0424271  dPhi(Nx/2)(Ny/2)(Nz/2): -0.00184294 Phi A: 0.0435336 Phi B: 0.958209 Phi I: 5.82135e-52
Total charge: -5.43639e-20
etaHat: 124879
118  fE: -3.05636  dfE: 0.00108935  dW: 0.0423401  dPhi(Nx/2)(Ny/2)(Nz/2): -0.00117727 Phi A: 0.0434911 Phi B: 0.957564 Phi I: 5.82135e-52
Total charge: -5.43145e-20
etaHat: 124879
119  fE: -3.05467  dfE: 0.00169171  dW: 0.0404569  dPhi(Nx/2)(Ny/2)(Nz/2): -0.000529415 Phi A: 0.0434516 Phi B: 0.956937 Phi I: 5.82134e-52
Total charge: -5.42705e-20
etaHat: 124879
120  fE: -3.05253  dfE: 0.00214503  dW: 0.037071  dPhi(Nx/2)(Ny/2)(Nz/2): 6.95677e-05 Phi A: 0.0434164 Phi B: 0.956357 Phi I: 5.82134e-52
Saving data . . .
Total charge: -5.42329e-20
etaHat: 124879
121  fE: -3.05009  dfE: 0.00244285  dW: 0.0325931  dPhi(Nx/2)(Ny/2)(Nz/2): 0.000594484 Phi A: 0.0433863 Phi B: 0.955849 Phi I: 5.82134e-52
Total charge: -5.42024e-20
etaHat: 124879
122  fE: -3.0475  dfE: 0.00258724  dW: 0.0275691  dPhi(Nx/2)(Ny/2)(Nz/2): 0.00102661 Phi A: 0.0433619 Phi B: 0.95543 Phi I: 5.82133e-52
Total charge: -5.41792e-20
etaHat: 124879
123  fE: -3.04491  dfE: 0.00258764  dW: 0.0226556  dPhi(Nx/2)(Ny/2)(Nz/2): 0.0013539 Phi A: 0.0433434 Phi B: 0.955112 Phi I: 5.82133e-52
Total charge: -5.41633e-20
etaHat: 124879
124  fE: -3.04245  dfE: 0.00245956  dW: 0.0185419  dPhi(Nx/2)(Ny/2)(Nz/2): 0.0015709 Phi A: 0.0433307 Phi B: 0.954902 Phi I: 5.82133e-52
Total charge: -5.41543e-20
etaHat: 124879
125  fE: -3.04023  dfE: 0.00222309  dW: 0.0157471  dPhi(Nx/2)(Ny/2)(Nz/2): 0.00167824 Phi A: 0.0433235 Phi B: 0.954798 Phi I: 5.82133e-52
Total charge: -5.41515e-20
etaHat: 124879
126  fE: -3.03833  dfE: 0.00190143  dW: 0.0144171  dPhi(Nx/2)(Ny/2)(Nz/2): 0.001682 Phi A: 0.0433212 Phi B: 0.954794 Phi I: 5.82133e-52
Total charge: -5.4154e-20
etaHat: 124879
127  fE: -3.03681  dfE: 0.00151944  dW: 0.0143314  dPhi(Nx/2)(Ny/2)(Nz/2): 0.00159282 Phi A: 0.0433232 Phi B: 0.954881 Phi I: 5.82133e-52
Total charge: -5.41607e-20
etaHat: 124879
128  fE: -3.0357  dfE: 0.00110228  dW: 0.0150533  dPhi(Nx/2)(Ny/2)(Nz/2): 0.00142488 Phi A: 0.0433285 Phi B: 0.955045 Phi I: 5.82133e-52
Total charge: -5.41704e-20
etaHat: 124879
129  fE: -3.03503  dfE: 0.000674157  dW: 0.0161006  dPhi(Nx/2)(Ny/2)(Nz/2): 0.00119485 Phi A: 0.0433363 Phi B: 0.95527 Phi I: 5.82133e-52
Total charge: -5.41821e-20
etaHat: 124879
130  fE: -3.03477  dfE: 0.000257332  dW: 0.0170552  dPhi(Nx/2)(Ny/2)(Nz/2): 0.000920791 Phi A: 0.0433457 Phi B: 0.955539 Phi I: 5.82133e-52
Saving data . . .
Total charge: -5.41946e-20
etaHat: 124879
131  fE: -3.0349  dfE: 0.000128789  dW: 0.0176216  dPhi(Nx/2)(Ny/2)(Nz/2): 0.000621112 Phi A: 0.0433557 Phi B: 0.955834 Phi I: 5.82134e-52
Total charge: -5.42069e-20
etaHat: 124879
132  fE: -3.03537  dfE: 0.000468284  dW: 0.0176704  dPhi(Nx/2)(Ny/2)(Nz/2): 0.000313627 Phi A: 0.0433655 Phi B: 0.956138 Phi I: 5.82134e-52
Total charge: -5.4218e-20
etaHat: 124879
133  fE: -3.03612  dfE: 0.000749139  dW: 0.0172025  dPhi(Nx/2)(Ny/2)(Nz/2): 1.47208e-05 Phi A: 0.0433744 Phi B: 0.956435 Phi I: 5.82134e-52
Total charge: -5.42274e-20
etaHat: 124879
134  fE: -3.03708  dfE: 0.000963453  dW: 0.0163226  dPhi(Nx/2)(Ny/2)(Nz/2): -0.000261327 Phi A: 0.0433819 Phi B: 0.956711 Phi I: 5.82134e-52
Total charge: -5.42343e-20
etaHat: 124879
135  fE: -3.03819  dfE: 0.00110742  dW: 0.0152066  dPhi(Nx/2)(Ny/2)(Nz/2): -0.000502839 Phi A: 0.0433875 Phi B: 0.956955 Phi I: 5.82134e-52
Total charge: -5.42385e-20
etaHat: 124879
136  fE: -3.03937  dfE: 0.00118114  dW: 0.014053  dPhi(Nx/2)(Ny/2)(Nz/2): -0.000701062 Phi A: 0.0433908 Phi B: 0.957158 Phi I: 5.82134e-52
Total charge: -5.42398e-20
etaHat: 124879
137  fE: -3.04056  dfE: 0.00118818  dW: 0.0130376  dPhi(Nx/2)(Ny/2)(Nz/2): -0.000850309 Phi A: 0.0433919 Phi B: 0.957315 Phi I: 5.82134e-52
Total charge: -5.42382e-20
etaHat: 124879
138  fE: -3.04169  dfE: 0.00113511  dW: 0.0123162  dPhi(Nx/2)(Ny/2)(Nz/2): -0.00094793 Phi A: 0.0433905 Phi B: 0.957423 Phi I: 5.82134e-52
Total charge: -5.42338e-20
etaHat: 124879
139  fE: -3.04273  dfE: 0.00103085  dW: 0.0119318  dPhi(Nx/2)(Ny/2)(Nz/2): -0.000994131 Phi A: 0.043387 Phi B: 0.957481 Phi I: 5.82134e-52
Total charge: -5.42269e-20
etaHat: 124879
140  fE: -3.04361  dfE: 0.000885941  dW: 0.0118726  dPhi(Nx/2)(Ny/2)(Nz/2): -0.000991671 Phi A: 0.0433815 Phi B: 0.957492 Phi I: 5.82134e-52
Saving data . . .
Total charge: -5.4218e-20
etaHat: 124879
141  fE: -3.04432  dfE: 0.000711915  dW: 0.0120658  dPhi(Nx/2)(Ny/2)(Nz/2): -0.000945457 Phi A: 0.0433744 Phi B: 0.957461 Phi I: 5.82134e-52
Total charge: -5.42074e-20
etaHat: 124879
142  fE: -3.04484  dfE: 0.00052055  dW: 0.0123909  dPhi(Nx/2)(Ny/2)(Nz/2): -0.000862076 Phi A: 0.0433659 Phi B: 0.957394 Phi I: 5.82134e-52
Total charge: -5.41958e-20
etaHat: 124879
143  fE: -3.04517  dfE: 0.000323266  dW: 0.0127225  dPhi(Nx/2)(Ny/2)(Nz/2): -0.000749286 Phi A: 0.0433566 Phi B: 0.957298 Phi I: 5.82134e-52
Total charge: -5.41835e-20
etaHat: 124879
144  fE: -3.0453  dfE: 0.000130573  dW: 0.0129554  dPhi(Nx/2)(Ny/2)(Nz/2): -0.000615506 Phi A: 0.0433468 Phi B: 0.95718 Phi I: 5.82134e-52
Total charge: -5.41712e-20
etaHat: 124879
145  fE: -3.04525  dfE: 4.83614e-05  dW: 0.0130272  dPhi(Nx/2)(Ny/2)(Nz/2): -0.000469325 Phi A: 0.043337 Phi B: 0.957051 Phi I: 5.82134e-52
Total charge: -5.41592e-20
etaHat: 124879
146  fE: -3.04504  dfE: 0.000206036  dW: 0.0129065  dPhi(Nx/2)(Ny/2)(Nz/2): -0.000319054 Phi A: 0.0433274 Phi B: 0.956916 Phi I: 5.82134e-52
Total charge: -5.4148e-20
etaHat: 124879
147  fE: -3.04471  dfE: 0.000336815  dW: 0.0125994  dPhi(Nx/2)(Ny/2)(Nz/2): -0.00017234 Phi A: 0.0433184 Phi B: 0.956784 Phi I: 5.82134e-52
Total charge: -5.41379e-20
etaHat: 124879
148  fE: -3.04427  dfE: 0.000437012  dW: 0.0121449  dPhi(Nx/2)(Ny/2)(Nz/2): -3.58541e-05 Phi A: 0.0433103 Phi B: 0.956661 Phi I: 5.82134e-52
Total charge: -5.41292e-20
etaHat: 124879
149  fE: -3.04376  dfE: 0.000504863  dW: 0.0116002  dPhi(Nx/2)(Ny/2)(Nz/2): 8.49377e-05 Phi A: 0.0433033 Phi B: 0.956552 Phi I: 5.82134e-52
Total charge: -5.41219e-20
etaHat: 124879
150  fE: -3.04322  dfE: 0.000540405  dW: 0.0110296  dPhi(Nx/2)(Ny/2)(Nz/2): 0.000185921 Phi A: 0.0432975 Phi B: 0.956462 Phi I: 5.82134e-52
Saving data . . .
Total charge: -5.41162e-20
etaHat: 124879
151  fE: -3.04268  dfE: 0.000545283  dW: 0.010492  dPhi(Nx/2)(Ny/2)(Nz/2): 0.000264394 Phi A: 0.043293 Phi B: 0.956392 Phi I: 5.82134e-52
Total charge: -5.41121e-20
etaHat: 124879
152  fE: -3.04216  dfE: 0.00052249  dW: 0.0100388  dPhi(Nx/2)(Ny/2)(Nz/2): 0.000319058 Phi A: 0.0432897 Phi B: 0.956345 Phi I: 5.82134e-52
Total charge: -5.41094e-20
etaHat: 124879
153  fE: -3.04168  dfE: 0.000476079  dW: 0.00969008  dPhi(Nx/2)(Ny/2)(Nz/2): 0.000349931 Phi A: 0.0432875 Phi B: 0.95632 Phi I: 5.82134e-52
Total charge: -5.41081e-20
etaHat: 124879
154  fE: -3.04127  dfE: 0.000410846  dW: 0.00944537  dPhi(Nx/2)(Ny/2)(Nz/2): 0.00035821 Phi A: 0.0432865 Phi B: 0.956317 Phi I: 5.82134e-52
Total charge: -5.4108e-20
etaHat: 124879
155  fE: -3.04094  dfE: 0.000332015  dW: 0.00929071  dPhi(Nx/2)(Ny/2)(Nz/2): 0.000346093 Phi A: 0.0432864 Phi B: 0.956333 Phi I: 5.82134e-52
Total charge: -5.41088e-20
etaHat: 124879
156  fE: -3.04069  dfE: 0.000244933  dW: 0.00920106  dPhi(Nx/2)(Ny/2)(Nz/2): 0.000316559 Phi A: 0.043287 Phi B: 0.956366 Phi I: 5.82134e-52
Total charge: -5.41103e-20
etaHat: 124879
157  fE: -3.04054  dfE: 0.000154797  dW: 0.00914368  dPhi(Nx/2)(Ny/2)(Nz/2): 0.000273147 Phi A: 0.0432882 Phi B: 0.956412 Phi I: 5.82134e-52
Total charge: -5.41122e-20
etaHat: 124879
158  fE: -3.04047  dfE: 6.64107e-05  dW: 0.00909017  dPhi(Nx/2)(Ny/2)(Nz/2): 0.000219715 Phi A: 0.0432898 Phi B: 0.956467 Phi I: 5.82134e-52
Total charge: -5.41144e-20
etaHat: 124879
159  fE: -3.04049  dfE: 1.60118e-05  dW: 0.00901938  dPhi(Nx/2)(Ny/2)(Nz/2): 0.000160222 Phi A: 0.0432915 Phi B: 0.956529 Phi I: 5.82134e-52
Total charge: -5.41166e-20
etaHat: 124879
160  fE: -3.04058  dfE: 8.89925e-05  dW: 0.00891816  dPhi(Nx/2)(Ny/2)(Nz/2): 9.85159e-05 Phi A: 0.0432933 Phi B: 0.956593 Phi I: 5.82134e-52
Saving data . . .
Total charge: -5.41186e-20
etaHat: 124879
161  fE: -3.04073  dfE: 0.000149885  dW: 0.00878492  dPhi(Nx/2)(Ny/2)(Nz/2): 3.81571e-05 Phi A: 0.0432949 Phi B: 0.956656 Phi I: 5.82134e-52
Total charge: -5.41203e-20
etaHat: 124879
162  fE: -3.04092  dfE: 0.000196921  dW: 0.00862574  dPhi(Nx/2)(Ny/2)(Nz/2): -1.77299e-05 Phi A: 0.0432962 Phi B: 0.956715 Phi I: 5.82134e-52
Total charge: -5.41215e-20
etaHat: 124879
163  fE: -3.04115  dfE: 0.000229205  dW: 0.00845265  dPhi(Nx/2)(Ny/2)(Nz/2): -6.65663e-05 Phi A: 0.0432972 Phi B: 0.956768 Phi I: 5.82134e-52
Total charge: -5.41221e-20
etaHat: 124879
164  fE: -3.0414  dfE: 0.000246671  dW: 0.0082784  dPhi(Nx/2)(Ny/2)(Nz/2): -0.000106391 Phi A: 0.0432977 Phi B: 0.956812 Phi I: 5.82134e-52
Total charge: -5.41221e-20
etaHat: 124879
165  fE: -3.04165  dfE: 0.00025  dW: 0.00811595  dPhi(Nx/2)(Ny/2)(Nz/2): -0.000135894 Phi A: 0.0432977 Phi B: 0.956847 Phi I: 5.82134e-52
Total charge: -5.41216e-20
etaHat: 124879
166  fE: -3.04189  dfE: 0.000240504  dW: 0.00797441  dPhi(Nx/2)(Ny/2)(Nz/2): -0.000154414 Phi A: 0.0432972 Phi B: 0.956871 Phi I: 5.82134e-52
Total charge: -5.41204e-20
etaHat: 124879
167  fE: -3.04211  dfE: 0.000220003  dW: 0.00785525  dPhi(Nx/2)(Ny/2)(Nz/2): -0.000161905 Phi A: 0.0432963 Phi B: 0.956885 Phi I: 5.82134e-52
Total charge: -5.41188e-20
etaHat: 124879
168  fE: -3.0423  dfE: 0.000190673  dW: 0.00775828  dPhi(Nx/2)(Ny/2)(Nz/2): -0.000158874 Phi A: 0.043295 Phi B: 0.956889 Phi I: 5.82134e-52
Total charge: -5.41167e-20
etaHat: 124879
169  fE: -3.04246  dfE: 0.000154904  dW: 0.00767944  dPhi(Nx/2)(Ny/2)(Nz/2): -0.000146299 Phi A: 0.0432934 Phi B: 0.956884 Phi I: 5.82134e-52
Total charge: -5.41143e-20
etaHat: 124879
170  fE: -3.04257  dfE: 0.000115159  dW: 0.00761072  dPhi(Nx/2)(Ny/2)(Nz/2): -0.000125534 Phi A: 0.0432914 Phi B: 0.956871 Phi I: 5.82134e-52
Saving data . . .
Total charge: -5.41116e-20
etaHat: 124879
171  fE: -3.04264  dfE: 7.3838e-05  dW: 0.00754442  dPhi(Nx/2)(Ny/2)(Nz/2): -9.81984e-05 Phi A: 0.0432893 Phi B: 0.956852 Phi I: 5.82134e-52
Total charge: -5.41088e-20
etaHat: 124879
172  fE: -3.04268  dfE: 3.31704e-05  dW: 0.00747352  dPhi(Nx/2)(Ny/2)(Nz/2): -6.60749e-05 Phi A: 0.0432871 Phi B: 0.956828 Phi I: 5.82134e-52
Total charge: -5.4106e-20
etaHat: 124879
173  fE: -3.04267  dfE: 4.88269e-06  dW: 0.00739288  dPhi(Nx/2)(Ny/2)(Nz/2): -3.10016e-05 Phi A: 0.0432848 Phi B: 0.956801 Phi I: 5.82134e-52
Total charge: -5.41033e-20
etaHat: 124879
174  fE: -3.04263  dfE: 3.86972e-05  dW: 0.0073005  dPhi(Nx/2)(Ny/2)(Nz/2): 5.22299e-06 Phi A: 0.0432826 Phi B: 0.956773 Phi I: 5.82134e-52
Total charge: -5.41007e-20
etaHat: 124879
175  fE: -3.04257  dfE: 6.70315e-05  dW: 0.0071966  dPhi(Nx/2)(Ny/2)(Nz/2): 4.09243e-05 Phi A: 0.0432806 Phi B: 0.956745 Phi I: 5.82134e-52
Total charge: -5.40983e-20
etaHat: 124879
176  fE: -3.04248  dfE: 8.90484e-05  dW: 0.00708399  dPhi(Nx/2)(Ny/2)(Nz/2): 7.46206e-05 Phi A: 0.0432787 Phi B: 0.956719 Phi I: 5.82134e-52
Total charge: -5.40963e-20
etaHat: 124879
177  fE: -3.04237  dfE: 0.000104314  dW: 0.00696568  dPhi(Nx/2)(Ny/2)(Nz/2): 0.000105075 Phi A: 0.043277 Phi B: 0.956696 Phi I: 5.82134e-52
Total charge: -5.40945e-20
etaHat: 124879
178  fE: -3.04226  dfE: 0.000112777  dW: 0.00684542  dPhi(Nx/2)(Ny/2)(Nz/2): 0.000131331 Phi A: 0.0432756 Phi B: 0.956677 Phi I: 5.82134e-52
Total charge: -5.40931e-20
etaHat: 124879
179  fE: -3.04215  dfE: 0.000114731  dW: 0.00672683  dPhi(Nx/2)(Ny/2)(Nz/2): 0.000152728 Phi A: 0.0432745 Phi B: 0.956662 Phi I: 5.82134e-52
Total charge: -5.4092e-20
etaHat: 124879
180  fE: -3.04204  dfE: 0.000110761  dW: 0.00661379  dPhi(Nx/2)(Ny/2)(Nz/2): 0.000168903 Phi A: 0.0432736 Phi B: 0.956651 Phi I: 5.82134e-52
Saving data . . .
Total charge: -5.40913e-20
etaHat: 124879
181  fE: -3.04193  dfE: 0.000101689  dW: 0.00650932  dPhi(Nx/2)(Ny/2)(Nz/2): 0.000179777 Phi A: 0.043273 Phi B: 0.956645 Phi I: 5.82134e-52
Total charge: -5.40908e-20
etaHat: 124879
182  fE: -3.04184  dfE: 8.85026e-05  dW: 0.0064136  dPhi(Nx/2)(Ny/2)(Nz/2): 0.000185525 Phi A: 0.0432727 Phi B: 0.956644 Phi I: 5.82134e-52
Total charge: -5.40906e-20
etaHat: 124879
183  fE: -3.04177  dfE: 7.22907e-05  dW: 0.00632544  dPhi(Nx/2)(Ny/2)(Nz/2): 0.000186546 Phi A: 0.0432725 Phi B: 0.956647 Phi I: 5.82134e-52
Total charge: -5.40906e-20
etaHat: 124879
184  fE: -3.04172  dfE: 5.41789e-05  dW: 0.00624313  dPhi(Nx/2)(Ny/2)(Nz/2): 0.000183412 Phi A: 0.0432725 Phi B: 0.956653 Phi I: 5.82134e-52
Total charge: -5.40908e-20
etaHat: 124879
185  fE: -3.04168  dfE: 3.52691e-05  dW: 0.00616505  dPhi(Nx/2)(Ny/2)(Nz/2): 0.000176827 Phi A: 0.0432727 Phi B: 0.956663 Phi I: 5.82134e-52
Total charge: -5.40911e-20
etaHat: 124879
186  fE: -3.04167  dfE: 1.65874e-05  dW: 0.00608928  dPhi(Nx/2)(Ny/2)(Nz/2): 0.000167575 Phi A: 0.0432729 Phi B: 0.956674 Phi I: 5.82134e-52
Total charge: -5.40914e-20
etaHat: 124879
187  fE: -3.04167  dfE: 9.59035e-07  dW: 0.00601441  dPhi(Nx/2)(Ny/2)(Nz/2): 0.000156472 Phi A: 0.0432731 Phi B: 0.956687 Phi I: 5.82134e-52
Total charge: -5.40918e-20
etaHat: 124879
188  fE: -3.04168  dfE: 1.66149e-05  dW: 0.00593916  dPhi(Nx/2)(Ny/2)(Nz/2): 0.000144323 Phi A: 0.0432734 Phi B: 0.956701 Phi I: 5.82134e-52
Total charge: -5.40921e-20
etaHat: 124879
189  fE: -3.04171  dfE: 2.97983e-05  dW: 0.00586315  dPhi(Nx/2)(Ny/2)(Nz/2): 0.000131886 Phi A: 0.0432737 Phi B: 0.956714 Phi I: 5.82134e-52
Total charge: -5.40924e-20
etaHat: 124879
190  fE: -3.04175  dfE: 4.01112e-05  dW: 0.00578679  dPhi(Nx/2)(Ny/2)(Nz/2): 0.000119835 Phi A: 0.0432739 Phi B: 0.956727 Phi I: 5.82134e-52
Saving data . . .
Total charge: -5.40925e-20
etaHat: 124879
191  fE: -3.0418  dfE: 4.73408e-05  dW: 0.00571083  dPhi(Nx/2)(Ny/2)(Nz/2): 0.000108739 Phi A: 0.043274 Phi B: 0.956738 Phi I: 5.82134e-52
Total charge: -5.40926e-20
etaHat: 124879
192  fE: -3.04185  dfE: 5.14501e-05  dW: 0.005636  dPhi(Nx/2)(Ny/2)(Nz/2): 9.90449e-05 Phi A: 0.0432741 Phi B: 0.956748 Phi I: 5.82134e-52
Total charge: -5.40925e-20
etaHat: 124879
193  fE: -3.04191  dfE: 5.25616e-05  dW: 0.00556297  dPhi(Nx/2)(Ny/2)(Nz/2): 9.10675e-05 Phi A: 0.043274 Phi B: 0.956755 Phi I: 5.82134e-52
Total charge: -5.40923e-20
etaHat: 124879
194  fE: -3.04196  dfE: 5.09344e-05  dW: 0.00549238  dPhi(Nx/2)(Ny/2)(Nz/2): 8.4991e-05 Phi A: 0.0432739 Phi B: 0.956761 Phi I: 5.82134e-52
Total charge: -5.4092e-20
etaHat: 124879
195  fE: -3.042  dfE: 4.69372e-05  dW: 0.00542451  dPhi(Nx/2)(Ny/2)(Nz/2): 8.08733e-05 Phi A: 0.0432736 Phi B: 0.956764 Phi I: 5.82134e-52
Total charge: -5.40916e-20
etaHat: 124879
196  fE: -3.04204  dfE: 4.1018e-05  dW: 0.00535917  dPhi(Nx/2)(Ny/2)(Nz/2): 7.86577e-05 Phi A: 0.0432733 Phi B: 0.956765 Phi I: 5.82134e-52
Total charge: -5.40911e-20
etaHat: 124879
197  fE: -3.04208  dfE: 3.36738e-05  dW: 0.00529597  dPhi(Nx/2)(Ny/2)(Nz/2): 7.81891e-05 Phi A: 0.0432729 Phi B: 0.956765 Phi I: 5.82134e-52
Total charge: -5.40906e-20
etaHat: 124879
198  fE: -3.0421  dfE: 2.54207e-05  dW: 0.00523431  dPhi(Nx/2)(Ny/2)(Nz/2): 7.92336e-05 Phi A: 0.0432725 Phi B: 0.956762 Phi I: 5.82134e-52
Total charge: -5.409e-20
etaHat: 124879
199  fE: -3.04212  dfE: 1.67656e-05  dW: 0.00517373  dPhi(Nx/2)(Ny/2)(Nz/2): 8.14995e-05 Phi A: 0.043272 Phi B: 0.956758 Phi I: 5.82134e-52
Total charge: -5.40893e-20
etaHat: 124879
200  fE: -3.04213  dfE: 8.18241e-06  dW: 0.00511358  dPhi(Nx/2)(Ny/2)(Nz/2): 8.46591e-05 Phi A: 0.0432714 Phi B: 0.956754 Phi I: 5.82134e-52
Saving data . . .
Total charge: -5.40887e-20
etaHat: 124879
201  fE: -3.04213  dfE: 9.17874e-08  dW: 0.00505344  dPhi(Nx/2)(Ny/2)(Nz/2): 8.83708e-05 Phi A: 0.0432709 Phi B: 0.956748 Phi I: 5.82134e-52
Total charge: -5.4088e-20
etaHat: 124879
202  fE: -3.04212  dfE: 7.15451e-06  dW: 0.00499311  dPhi(Nx/2)(Ny/2)(Nz/2): 9.2298e-05 Phi A: 0.0432704 Phi B: 0.956742 Phi I: 5.82134e-52
Total charge: -5.40874e-20
etaHat: 124879
203  fE: -3.04211  dfE: 1.32838e-05  dW: 0.0049325  dPhi(Nx/2)(Ny/2)(Nz/2): 9.61274e-05 Phi A: 0.0432699 Phi B: 0.956736 Phi I: 5.82134e-52
Total charge: -5.40869e-20
etaHat: 124879
204  fE: -3.04209  dfE: 1.81076e-05  dW: 0.00487172  dPhi(Nx/2)(Ny/2)(Nz/2): 9.95828e-05 Phi A: 0.0432695 Phi B: 0.956731 Phi I: 5.82134e-52
Total charge: -5.40864e-20
etaHat: 124879
205  fE: -3.04207  dfE: 2.15225e-05  dW: 0.00481113  dPhi(Nx/2)(Ny/2)(Nz/2): 0.000102436 Phi A: 0.0432691 Phi B: 0.956726 Phi I: 5.82134e-52
Total charge: -5.40859e-20
etaHat: 124879
206  fE: -3.04204  dfE: 2.35062e-05  dW: 0.00475107  dPhi(Nx/2)(Ny/2)(Nz/2): 0.000104516 Phi A: 0.0432688 Phi B: 0.956722 Phi I: 5.82134e-52
Total charge: -5.40856e-20
etaHat: 124879
207  fE: -3.04202  dfE: 2.411e-05  dW: 0.00469181  dPhi(Nx/2)(Ny/2)(Nz/2): 0.000105709 Phi A: 0.0432685 Phi B: 0.956719 Phi I: 5.82134e-52
Total charge: -5.40853e-20
etaHat: 124879
208  fE: -3.042  dfE: 2.34486e-05  dW: 0.0046335  dPhi(Nx/2)(Ny/2)(Nz/2): 0.000105961 Phi A: 0.0432682 Phi B: 0.956716 Phi I: 5.82134e-52
Total charge: -5.40851e-20
etaHat: 124879
209  fE: -3.04198  dfE: 2.1688e-05  dW: 0.0045763  dPhi(Nx/2)(Ny/2)(Nz/2): 0.000105277 Phi A: 0.0432681 Phi B: 0.956715 Phi I: 5.82134e-52
Total charge: -5.4085e-20
etaHat: 124879
210  fE: -3.04196  dfE: 1.90311e-05  dW: 0.00452051  dPhi(Nx/2)(Ny/2)(Nz/2): 0.000103711 Phi A: 0.043268 Phi B: 0.956715 Phi I: 5.82134e-52
Saving data . . .
Total charge: -5.40849e-20
etaHat: 124879
211  fE: -3.04194  dfE: 1.57047e-05  dW: 0.00446608  dPhi(Nx/2)(Ny/2)(Nz/2): 0.000101361 Phi A: 0.0432679 Phi B: 0.956715 Phi I: 5.82134e-52
Total charge: -5.40848e-20
etaHat: 124879
212  fE: -3.04193  dfE: 1.19448e-05  dW: 0.00441295  dPhi(Nx/2)(Ny/2)(Nz/2): 9.83609e-05 Phi A: 0.0432679 Phi B: 0.956716 Phi I: 5.82134e-52
Total charge: -5.40848e-20
etaHat: 124879
213  fE: -3.04192  dfE: 7.98426e-06  dW: 0.00436115  dPhi(Nx/2)(Ny/2)(Nz/2): 9.48681e-05 Phi A: 0.0432679 Phi B: 0.956718 Phi I: 5.82134e-52
Total charge: -5.40848e-20
etaHat: 124879
214  fE: -3.04192  dfE: 4.04169e-06  dW: 0.00431042  dPhi(Nx/2)(Ny/2)(Nz/2): 9.10549e-05 Phi A: 0.0432679 Phi B: 0.956721 Phi I: 5.82134e-52
Total charge: -5.40849e-20
etaHat: 124879
215  fE: -3.04192  dfE: 3.11723e-07  dW: 0.00426054  dPhi(Nx/2)(Ny/2)(Nz/2): 8.7098e-05 Phi A: 0.0432679 Phi B: 0.956723 Phi I: 5.82134e-52
Total charge: -5.40849e-20
etaHat: 124879
216  fE: -3.04192  dfE: 3.04202e-06  dW: 0.00421144  dPhi(Nx/2)(Ny/2)(Nz/2): 8.31696e-05 Phi A: 0.0432679 Phi B: 0.956726 Phi I: 5.82134e-52
Total charge: -5.4085e-20
etaHat: 124879
217  fE: -3.04193  dfE: 5.89182e-06  dW: 0.00416307  dPhi(Nx/2)(Ny/2)(Nz/2): 7.94286e-05 Phi A: 0.043268 Phi B: 0.956729 Phi I: 5.82134e-52
Total charge: -5.4085e-20
etaHat: 124879
218  fE: -3.04193  dfE: 8.14851e-06  dW: 0.00411549  dPhi(Nx/2)(Ny/2)(Nz/2): 7.60146e-05 Phi A: 0.043268 Phi B: 0.956732 Phi I: 5.82134e-52
Total charge: -5.4085e-20
etaHat: 124879
219  fE: -3.04194  dfE: 9.76184e-06  dW: 0.00406868  dPhi(Nx/2)(Ny/2)(Nz/2): 7.30423e-05 Phi A: 0.043268 Phi B: 0.956734 Phi I: 5.82134e-52
Total charge: -5.4085e-20
etaHat: 124879
220  fE: -3.04195  dfE: 1.07189e-05  dW: 0.0040227  dPhi(Nx/2)(Ny/2)(Nz/2): 7.05983e-05 Phi A: 0.043268 Phi B: 0.956736 Phi I: 5.82134e-52
Saving data . . .
Total charge: -5.4085e-20
etaHat: 124879
221  fE: -3.04197  dfE: 1.10409e-05  dW: 0.00397758  dPhi(Nx/2)(Ny/2)(Nz/2): 6.87393e-05 Phi A: 0.043268 Phi B: 0.956738 Phi I: 5.82134e-52
Total charge: -5.40849e-20
etaHat: 124879
222  fE: -3.04198  dfE: 1.07784e-05  dW: 0.00393332  dPhi(Nx/2)(Ny/2)(Nz/2): 6.74919e-05 Phi A: 0.0432679 Phi B: 0.956739 Phi I: 5.82134e-52
Total charge: -5.40848e-20
etaHat: 124879
223  fE: -3.04199  dfE: 1.00059e-05  dW: 0.00388983  dPhi(Nx/2)(Ny/2)(Nz/2): 6.68543e-05 Phi A: 0.0432679 Phi B: 0.95674 Phi I: 5.82134e-52
Total charge: -5.40847e-20
etaHat: 124879
224  fE: -3.04199  dfE: 8.81549e-06  dW: 0.00384707  dPhi(Nx/2)(Ny/2)(Nz/2): 6.67987e-05 Phi A: 0.0432678 Phi B: 0.95674 Phi I: 5.82134e-52
Total charge: -5.40846e-20
etaHat: 124879
225  fE: -3.042  dfE: 7.31037e-06  dW: 0.00380503  dPhi(Nx/2)(Ny/2)(Nz/2): 6.72745e-05 Phi A: 0.0432677 Phi B: 0.95674 Phi I: 5.82134e-52
Total charge: -5.40845e-20
etaHat: 124879
226  fE: -3.04201  dfE: 5.59864e-06  dW: 0.00376361  dPhi(Nx/2)(Ny/2)(Nz/2): 6.82136e-05 Phi A: 0.0432676 Phi B: 0.95674 Phi I: 5.82134e-52
Total charge: -5.40843e-20
etaHat: 124879
227  fE: -3.04201  dfE: 3.78738e-06  dW: 0.00372271  dPhi(Nx/2)(Ny/2)(Nz/2): 6.95342e-05 Phi A: 0.0432675 Phi B: 0.956739 Phi I: 5.82134e-52
Total charge: -5.40842e-20
etaHat: 124879
228  fE: -3.04201  dfE: 1.97735e-06  dW: 0.00368233  dPhi(Nx/2)(Ny/2)(Nz/2): 7.11461e-05 Phi A: 0.0432673 Phi B: 0.956738 Phi I: 5.82134e-52
Total charge: -5.4084e-20
etaHat: 124879
229  fE: -3.04201  dfE: 2.58686e-07  dW: 0.00364248  dPhi(Nx/2)(Ny/2)(Nz/2): 7.29559e-05 Phi A: 0.0432672 Phi B: 0.956737 Phi I: 5.82134e-52
Total charge: -5.40839e-20
etaHat: 124879
230  fE: -3.04201  dfE: 1.29249e-06  dW: 0.00360309  dPhi(Nx/2)(Ny/2)(Nz/2): 7.48707e-05 Phi A: 0.0432671 Phi B: 0.956736 Phi I: 5.82134e-52
Saving data . . .
Total charge: -5.40837e-20
etaHat: 124879
231  fE: -3.04201  dfE: 2.61641e-06  dW: 0.00356413  dPhi(Nx/2)(Ny/2)(Nz/2): 7.68028e-05 Phi A: 0.043267 Phi B: 0.956735 Phi I: 5.82134e-52
Total charge: -5.40836e-20
etaHat: 124879
232  fE: -3.04201  dfE: 3.67091e-06  dW: 0.00352569  dPhi(Nx/2)(Ny/2)(Nz/2): 7.86729e-05 Phi A: 0.0432669 Phi B: 0.956733 Phi I: 5.82134e-52
Total charge: -5.40835e-20
etaHat: 124879
233  fE: -3.042  dfE: 4.4317e-06  dW: 0.00348777  dPhi(Nx/2)(Ny/2)(Nz/2): 8.04124e-05 Phi A: 0.0432668 Phi B: 0.956732 Phi I: 5.82134e-52
Total charge: -5.40834e-20
etaHat: 124879
234  fE: -3.042  dfE: 4.89165e-06  dW: 0.00345032  dPhi(Nx/2)(Ny/2)(Nz/2): 8.19658e-05 Phi A: 0.0432667 Phi B: 0.956731 Phi I: 5.82134e-52
Total charge: -5.40833e-20
etaHat: 124879
235  fE: -3.04199  dfE: 5.05943e-06  dW: 0.00341333  dPhi(Nx/2)(Ny/2)(Nz/2): 8.32911e-05 Phi A: 0.0432666 Phi B: 0.956731 Phi I: 5.82134e-52
Total charge: -5.40832e-20
etaHat: 124879
236  fE: -3.04199  dfE: 4.95733e-06  dW: 0.00337686  dPhi(Nx/2)(Ny/2)(Nz/2): 8.43607e-05 Phi A: 0.0432666 Phi B: 0.95673 Phi I: 5.82134e-52
Total charge: -5.40831e-20
etaHat: 124879
237  fE: -3.04198  dfE: 4.61877e-06  dW: 0.00334093  dPhi(Nx/2)(Ny/2)(Nz/2): 8.51603e-05 Phi A: 0.0432665 Phi B: 0.95673 Phi I: 5.82134e-52
Total charge: -5.40831e-20
etaHat: 124879
238  fE: -3.04198  dfE: 4.08545e-06  dW: 0.00330555  dPhi(Nx/2)(Ny/2)(Nz/2): 8.56887e-05 Phi A: 0.0432665 Phi B: 0.95673 Phi I: 5.82134e-52
Total charge: -5.40831e-20
etaHat: 124879
239  fE: -3.04197  dfE: 3.40441e-06  dW: 0.00327073  dPhi(Nx/2)(Ny/2)(Nz/2): 8.59555e-05 Phi A: 0.0432665 Phi B: 0.95673 Phi I: 5.82134e-52
Total charge: -5.40831e-20
etaHat: 124879
240  fE: -3.04197  dfE: 2.6251e-06  dW: 0.00323645  dPhi(Nx/2)(Ny/2)(Nz/2): 8.59799e-05 Phi A: 0.0432664 Phi B: 0.95673 Phi I: 5.82134e-52
Saving data . . .
Total charge: -5.4083e-20
etaHat: 124879
241  fE: -3.04197  dfE: 1.7967e-06  dW: 0.00320268  dPhi(Nx/2)(Ny/2)(Nz/2): 8.57883e-05 Phi A: 0.0432664 Phi B: 0.956731 Phi I: 5.82134e-52
Total charge: -5.4083e-20
etaHat: 124879
242  fE: -3.04197  dfE: 9.65652e-07  dW: 0.00316941  dPhi(Nx/2)(Ny/2)(Nz/2): 8.54119e-05 Phi A: 0.0432664 Phi B: 0.956731 Phi I: 5.82134e-52
Total charge: -5.4083e-20
etaHat: 124879
243  fE: -3.04197  dfE: 1.73677e-07  dW: 0.00313663  dPhi(Nx/2)(Ny/2)(Nz/2): 8.48852e-05 Phi A: 0.0432664 Phi B: 0.956732 Phi I: 5.82134e-52
Total charge: -5.4083e-20
etaHat: 124879
244  fE: -3.04197  dfE: 5.43845e-07  dW: 0.00310433  dPhi(Nx/2)(Ny/2)(Nz/2): 8.42431e-05 Phi A: 0.0432664 Phi B: 0.956732 Phi I: 5.82134e-52
Total charge: -5.4083e-20
etaHat: 124879
245  fE: -3.04197  dfE: 1.15896e-06  dW: 0.00307252  dPhi(Nx/2)(Ny/2)(Nz/2): 8.35199e-05 Phi A: 0.0432664 Phi B: 0.956733 Phi I: 5.82134e-52
Total charge: -5.4083e-20
etaHat: 124879
246  fE: -3.04197  dfE: 1.65174e-06  dW: 0.00304114  dPhi(Nx/2)(Ny/2)(Nz/2): 8.27471e-05 Phi A: 0.0432664 Phi B: 0.956733 Phi I: 5.82134e-52
Total charge: -5.4083e-20
etaHat: 124879
247  fE: -3.04197  dfE: 2.01047e-06  dW: 0.0030102  dPhi(Nx/2)(Ny/2)(Nz/2): 8.19524e-05 Phi A: 0.0432664 Phi B: 0.956734 Phi I: 5.82134e-52
Total charge: -5.4083e-20
etaHat: 124879
248  fE: -3.04198  dfE: 2.23133e-06  dW: 0.0029797  dPhi(Nx/2)(Ny/2)(Nz/2): 8.1159e-05 Phi A: 0.0432664 Phi B: 0.956734 Phi I: 5.82134e-52
Total charge: -5.4083e-20
etaHat: 124879
249  fE: -3.04198  dfE: 2.3178e-06  dW: 0.00294962  dPhi(Nx/2)(Ny/2)(Nz/2): 8.03846e-05 Phi A: 0.0432664 Phi B: 0.956735 Phi I: 5.82134e-52
Total charge: -5.4083e-20
etaHat: 124879
250  fE: -3.04198  dfE: 2.27965e-06  dW: 0.00291996  dPhi(Nx/2)(Ny/2)(Nz/2): 7.96417e-05 Phi A: 0.0432664 Phi B: 0.956735 Phi I: 5.82134e-52
Saving data . . .
Total charge: -5.4083e-20
etaHat: 124879
251  fE: -3.04198  dfE: 2.13189e-06  dW: 0.0028907  dPhi(Nx/2)(Ny/2)(Nz/2): 7.89372e-05 Phi A: 0.0432664 Phi B: 0.956735 Phi I: 5.82134e-52
Total charge: -5.40829e-20
etaHat: 124879
252  fE: -3.04199  dfE: 1.89339e-06  dW: 0.00286183  dPhi(Nx/2)(Ny/2)(Nz/2): 7.82734e-05 Phi A: 0.0432664 Phi B: 0.956735 Phi I: 5.82134e-52
Total charge: -5.40829e-20
etaHat: 124879
253  fE: -3.04199  dfE: 1.58557e-06  dW: 0.00283332  dPhi(Nx/2)(Ny/2)(Nz/2): 7.76478e-05 Phi A: 0.0432663 Phi B: 0.956735 Phi I: 5.82134e-52
Total charge: -5.40829e-20
etaHat: 124879
254  fE: -3.04199  dfE: 1.23106e-06  dW: 0.00280519  dPhi(Nx/2)(Ny/2)(Nz/2): 7.70548e-05 Phi A: 0.0432663 Phi B: 0.956735 Phi I: 5.82134e-52
Total charge: -5.40828e-20
etaHat: 124879
255  fE: -3.04199  dfE: 8.5243e-07  dW: 0.00277742  dPhi(Nx/2)(Ny/2)(Nz/2): 7.64856e-05 Phi A: 0.0432663 Phi B: 0.956735 Phi I: 5.82134e-52
Total charge: -5.40828e-20
etaHat: 124879
256  fE: -3.04199  dfE: 4.71102e-07  dW: 0.00275  dPhi(Nx/2)(Ny/2)(Nz/2): 7.59299e-05 Phi A: 0.0432662 Phi B: 0.956735 Phi I: 5.82134e-52
Total charge: -5.40828e-20
etaHat: 124879
257  fE: -3.04199  dfE: 1.06371e-07  dW: 0.00272291  dPhi(Nx/2)(Ny/2)(Nz/2): 7.53764e-05 Phi A: 0.0432662 Phi B: 0.956735 Phi I: 5.82134e-52
Total charge: -5.40827e-20
etaHat: 124879
258  fE: -3.04199  dfE: 2.25316e-07  dW: 0.00269616  dPhi(Nx/2)(Ny/2)(Nz/2): 7.48136e-05 Phi A: 0.0432662 Phi B: 0.956734 Phi I: 5.82134e-52
Total charge: -5.40827e-20
etaHat: 124879
259  fE: -3.04199  dfE: 5.1089e-07  dW: 0.00266972  dPhi(Nx/2)(Ny/2)(Nz/2): 7.42311e-05 Phi A: 0.0432662 Phi B: 0.956734 Phi I: 5.82134e-52
Total charge: -5.40827e-20
etaHat: 124879
260  fE: -3.04199  dfE: 7.40951e-07  dW: 0.00264361  dPhi(Nx/2)(Ny/2)(Nz/2): 7.36194e-05 Phi A: 0.0432661 Phi B: 0.956734 Phi I: 5.82134e-52
Saving data . . .
Total charge: -5.40826e-20
etaHat: 124879
261  fE: -3.04199  dfE: 9.09855e-07  dW: 0.00261782  dPhi(Nx/2)(Ny/2)(Nz/2): 7.29713e-05 Phi A: 0.0432661 Phi B: 0.956734 Phi I: 5.82134e-52
Total charge: -5.40826e-20
etaHat: 124879
262  fE: -3.04199  dfE: 1.0156e-06  dW: 0.00259234  dPhi(Nx/2)(Ny/2)(Nz/2): 7.22816e-05 Phi A: 0.0432661 Phi B: 0.956734 Phi I: 5.82134e-52
Total charge: -5.40826e-20
etaHat: 124879
263  fE: -3.04199  dfE: 1.05954e-06  dW: 0.0025672  dPhi(Nx/2)(Ny/2)(Nz/2): 7.15474e-05 Phi A: 0.0432661 Phi B: 0.956733 Phi I: 5.82134e-52
Total charge: -5.40826e-20
etaHat: 124879
264  fE: -3.04198  dfE: 1.04598e-06  dW: 0.00254239  dPhi(Nx/2)(Ny/2)(Nz/2): 7.07686e-05 Phi A: 0.0432661 Phi B: 0.956733 Phi I: 5.82134e-52
Total charge: -5.40826e-20
etaHat: 124879
265  fE: -3.04198  dfE: 9.81624e-07  dW: 0.00251789  dPhi(Nx/2)(Ny/2)(Nz/2): 6.99471e-05 Phi A: 0.043266 Phi B: 0.956733 Phi I: 5.82134e-52
Total charge: -5.40825e-20
etaHat: 124879
266  fE: -3.04198  dfE: 8.75017e-07  dW: 0.00249369  dPhi(Nx/2)(Ny/2)(Nz/2): 6.90873e-05 Phi A: 0.043266 Phi B: 0.956733 Phi I: 5.82134e-52
Total charge: -5.40825e-20
etaHat: 124879
267  fE: -3.04198  dfE: 7.35909e-07  dW: 0.00246981  dPhi(Nx/2)(Ny/2)(Nz/2): 6.8195e-05 Phi A: 0.043266 Phi B: 0.956733 Phi I: 5.82134e-52
Total charge: -5.40825e-20
etaHat: 124879
268  fE: -3.04198  dfE: 5.74648e-07  dW: 0.00244625  dPhi(Nx/2)(Ny/2)(Nz/2): 6.72779e-05 Phi A: 0.043266 Phi B: 0.956733 Phi I: 5.82134e-52
Total charge: -5.40825e-20
etaHat: 124879
269  fE: -3.04198  dfE: 4.016e-07  dW: 0.00242297  dPhi(Nx/2)(Ny/2)(Nz/2): 6.63445e-05 Phi A: 0.043266 Phi B: 0.956733 Phi I: 5.82134e-52
Total charge: -5.40825e-20
etaHat: 124879
270  fE: -3.04198  dfE: 2.26631e-07  dW: 0.00239997  dPhi(Nx/2)(Ny/2)(Nz/2): 6.54037e-05 Phi A: 0.043266 Phi B: 0.956733 Phi I: 5.82134e-52
Saving data . . .
Total charge: -5.40825e-20
etaHat: 124879
271  fE: -3.04198  dfE: 5.8667e-08  dW: 0.00237726  dPhi(Nx/2)(Ny/2)(Nz/2): 6.44649e-05 Phi A: 0.043266 Phi B: 0.956734 Phi I: 5.82134e-52
Total charge: -5.40825e-20
etaHat: 124879
272  fE: -3.04198  dfE: 9.46526e-08  dW: 0.00235484  dPhi(Nx/2)(Ny/2)(Nz/2): 6.3537e-05 Phi A: 0.043266 Phi B: 0.956734 Phi I: 5.82134e-52
Total charge: -5.40825e-20
etaHat: 124879
273  fE: -3.04198  dfE: 2.2722e-07  dW: 0.00233268  dPhi(Nx/2)(Ny/2)(Nz/2): 6.26283e-05 Phi A: 0.043266 Phi B: 0.956734 Phi I: 5.82134e-52
Total charge: -5.40825e-20
etaHat: 124879
274  fE: -3.04198  dfE: 3.34605e-07  dW: 0.0023108  dPhi(Nx/2)(Ny/2)(Nz/2): 6.17462e-05 Phi A: 0.043266 Phi B: 0.956734 Phi I: 5.82134e-52
Total charge: -5.40825e-20
etaHat: 124879
275  fE: -3.04198  dfE: 4.14095e-07  dW: 0.00228918  dPhi(Nx/2)(Ny/2)(Nz/2): 6.08968e-05 Phi A: 0.043266 Phi B: 0.956734 Phi I: 5.82134e-52
Total charge: -5.40825e-20
etaHat: 124879
276  fE: -3.04198  dfE: 4.64655e-07  dW: 0.00226783  dPhi(Nx/2)(Ny/2)(Nz/2): 6.00849e-05 Phi A: 0.043266 Phi B: 0.956734 Phi I: 5.82134e-52
Total charge: -5.40825e-20
etaHat: 124879
277  fE: -3.04198  dfE: 4.86802e-07  dW: 0.00224675  dPhi(Nx/2)(Ny/2)(Nz/2): 5.93141e-05 Phi A: 0.043266 Phi B: 0.956734 Phi I: 5.82134e-52
Total charge: -5.40825e-20
etaHat: 124879
278  fE: -3.04198  dfE: 4.82413e-07  dW: 0.00222592  dPhi(Nx/2)(Ny/2)(Nz/2): 5.85861e-05 Phi A: 0.043266 Phi B: 0.956734 Phi I: 5.82134e-52
Total charge: -5.40825e-20
etaHat: 124879
279  fE: -3.04198  dfE: 4.54493e-07  dW: 0.00220535  dPhi(Nx/2)(Ny/2)(Nz/2): 5.79016e-05 Phi A: 0.043266 Phi B: 0.956734 Phi I: 5.82134e-52
Total charge: -5.40825e-20
etaHat: 124879
280  fE: -3.04198  dfE: 4.06904e-07  dW: 0.00218502  dPhi(Nx/2)(Ny/2)(Nz/2): 5.72597e-05 Phi A: 0.043266 Phi B: 0.956734 Phi I: 5.82134e-52
Saving data . . .
Total charge: -5.40825e-20
etaHat: 124879
281  fE: -3.04198  dfE: 3.44083e-07  dW: 0.00216493  dPhi(Nx/2)(Ny/2)(Nz/2): 5.66588e-05 Phi A: 0.043266 Phi B: 0.956734 Phi I: 5.82134e-52
Total charge: -5.40825e-20
etaHat: 124879
282  fE: -3.04198  dfE: 2.70762e-07  dW: 0.00214509  dPhi(Nx/2)(Ny/2)(Nz/2): 5.60959e-05 Phi A: 0.043266 Phi B: 0.956734 Phi I: 5.82134e-52
Total charge: -5.40825e-20
etaHat: 124879
283  fE: -3.04198  dfE: 1.91699e-07  dW: 0.00212547  dPhi(Nx/2)(Ny/2)(Nz/2): 5.55675e-05 Phi A: 0.043266 Phi B: 0.956734 Phi I: 5.82134e-52
Total charge: -5.40824e-20
etaHat: 124879
284  fE: -3.04198  dfE: 1.11438e-07  dW: 0.00210607  dPhi(Nx/2)(Ny/2)(Nz/2): 5.50696e-05 Phi A: 0.043266 Phi B: 0.956734 Phi I: 5.82134e-52
Total charge: -5.40824e-20
etaHat: 124879
285  fE: -3.04198  dfE: 3.41056e-08  dW: 0.00208691  dPhi(Nx/2)(Ny/2)(Nz/2): 5.4598e-05 Phi A: 0.0432659 Phi B: 0.956734 Phi I: 5.82134e-52
Total charge: -5.40824e-20
etaHat: 124879
286  fE: -3.04198  dfE: 3.67488e-08  dW: 0.00206797  dPhi(Nx/2)(Ny/2)(Nz/2): 5.41483e-05 Phi A: 0.0432659 Phi B: 0.956734 Phi I: 5.82134e-52
Total charge: -5.40824e-20
etaHat: 124879
287  fE: -3.04198  dfE: 9.82731e-08  dW: 0.00204926  dPhi(Nx/2)(Ny/2)(Nz/2): 5.37162e-05 Phi A: 0.0432659 Phi B: 0.956734 Phi I: 5.82134e-52
Total charge: -5.40824e-20
etaHat: 124879
288  fE: -3.04198  dfE: 1.4838e-07  dW: 0.00203078  dPhi(Nx/2)(Ny/2)(Nz/2): 5.32978e-05 Phi A: 0.0432659 Phi B: 0.956734 Phi I: 5.82134e-52
Total charge: -5.40824e-20
etaHat: 124879
289  fE: -3.04198  dfE: 1.85769e-07  dW: 0.00201252  dPhi(Nx/2)(Ny/2)(Nz/2): 5.28896e-05 Phi A: 0.0432659 Phi B: 0.956734 Phi I: 5.82134e-52
Total charge: -5.40824e-20
etaHat: 124879
290  fE: -3.04198  dfE: 2.09913e-07  dW: 0.00199448  dPhi(Nx/2)(Ny/2)(Nz/2): 5.24886e-05 Phi A: 0.0432659 Phi B: 0.956734 Phi I: 5.82134e-52
Saving data . . .
Total charge: -5.40824e-20
etaHat: 124879
291  fE: -3.04198  dfE: 2.20998e-07  dW: 0.00197667  dPhi(Nx/2)(Ny/2)(Nz/2): 5.20925e-05 Phi A: 0.0432659 Phi B: 0.956734 Phi I: 5.82134e-52
Total charge: -5.40824e-20
etaHat: 124879
292  fE: -3.04198  dfE: 2.19843e-07  dW: 0.00195906  dPhi(Nx/2)(Ny/2)(Nz/2): 5.16993e-05 Phi A: 0.0432659 Phi B: 0.956734 Phi I: 5.82134e-52
Total charge: -5.40824e-20
etaHat: 124879
293  fE: -3.04198  dfE: 2.07791e-07  dW: 0.00194165  dPhi(Nx/2)(Ny/2)(Nz/2): 5.13078e-05 Phi A: 0.0432659 Phi B: 0.956734 Phi I: 5.82134e-52
Total charge: -5.40824e-20
etaHat: 124879
294  fE: -3.04198  dfE: 1.86587e-07  dW: 0.00192443  dPhi(Nx/2)(Ny/2)(Nz/2): 5.09175e-05 Phi A: 0.0432659 Phi B: 0.956734 Phi I: 5.82134e-52
Total charge: -5.40824e-20
etaHat: 124879
295  fE: -3.04198  dfE: 1.58251e-07  dW: 0.00190741  dPhi(Nx/2)(Ny/2)(Nz/2): 5.05281e-05 Phi A: 0.0432659 Phi B: 0.956734 Phi I: 5.82134e-52
Total charge: -5.40824e-20
etaHat: 124879
296  fE: -3.04198  dfE: 1.24944e-07  dW: 0.00189059  dPhi(Nx/2)(Ny/2)(Nz/2): 5.01398e-05 Phi A: 0.0432659 Phi B: 0.956734 Phi I: 5.82134e-52
Total charge: -5.40824e-20
etaHat: 124879
297  fE: -3.04198  dfE: 8.88487e-08  dW: 0.00187398  dPhi(Nx/2)(Ny/2)(Nz/2): 4.97535e-05 Phi A: 0.0432659 Phi B: 0.956734 Phi I: 5.82134e-52
Total charge: -5.40824e-20
etaHat: 124879
298  fE: -3.04198  dfE: 5.20593e-08  dW: 0.00185756  dPhi(Nx/2)(Ny/2)(Nz/2): 4.93697e-05 Phi A: 0.0432659 Phi B: 0.956734 Phi I: 5.82134e-52
Total charge: -5.40824e-20
etaHat: 124879
299  fE: -3.04198  dfE: 1.64831e-08  dW: 0.00184132  dPhi(Nx/2)(Ny/2)(Nz/2): 4.89897e-05 Phi A: 0.0432659 Phi B: 0.956734 Phi I: 5.82134e-52
Total charge: -5.40824e-20
etaHat: 124879
300  fE: -3.04198  dfE: 1.62329e-08  dW: 0.00182526  dPhi(Nx/2)(Ny/2)(Nz/2): 4.86144e-05 Phi A: 0.0432659 Phi B: 0.956734 Phi I: 5.82134e-52
Saving data . . .
Total charge: -5.40824e-20
etaHat: 124879
301  fE: -3.04198  dfE: 4.47569e-08  dW: 0.00180939  dPhi(Nx/2)(Ny/2)(Nz/2): 4.82449e-05 Phi A: 0.0432659 Phi B: 0.956734 Phi I: 5.82134e-52
Total charge: -5.40824e-20
etaHat: 124879
302  fE: -3.04198  dfE: 6.81063e-08  dW: 0.0017937  dPhi(Nx/2)(Ny/2)(Nz/2): 4.78822e-05 Phi A: 0.0432659 Phi B: 0.956734 Phi I: 5.82134e-52
Total charge: -5.40824e-20
etaHat: 124879
303  fE: -3.04198  dfE: 8.56596e-08  dW: 0.00177818  dPhi(Nx/2)(Ny/2)(Nz/2): 4.75269e-05 Phi A: 0.0432659 Phi B: 0.956734 Phi I: 5.82134e-52
Total charge: -5.40824e-20
etaHat: 124879
304  fE: -3.04198  dfE: 9.71493e-08  dW: 0.00176283  dPhi(Nx/2)(Ny/2)(Nz/2): 4.71798e-05 Phi A: 0.0432659 Phi B: 0.956734 Phi I: 5.82134e-52
Total charge: -5.40824e-20
etaHat: 124879
305  fE: -3.04198  dfE: 1.02639e-07  dW: 0.00174766  dPhi(Nx/2)(Ny/2)(Nz/2): 4.68412e-05 Phi A: 0.0432659 Phi B: 0.956734 Phi I: 5.82134e-52
Total charge: -5.40824e-20
etaHat: 124879
306  fE: -3.04198  dfE: 1.02483e-07  dW: 0.00173265  dPhi(Nx/2)(Ny/2)(Nz/2): 4.65113e-05 Phi A: 0.0432659 Phi B: 0.956734 Phi I: 5.82134e-52
Total charge: -5.40824e-20
etaHat: 124879
307  fE: -3.04198  dfE: 9.72825e-08  dW: 0.00171781  dPhi(Nx/2)(Ny/2)(Nz/2): 4.61899e-05 Phi A: 0.0432659 Phi B: 0.956734 Phi I: 5.82134e-52
Total charge: -5.40824e-20
etaHat: 124879
308  fE: -3.04198  dfE: 8.78254e-08  dW: 0.00170312  dPhi(Nx/2)(Ny/2)(Nz/2): 4.58767e-05 Phi A: 0.0432659 Phi B: 0.956734 Phi I: 5.82134e-52
Total charge: -5.40824e-20
etaHat: 124879
309  fE: -3.04198  dfE: 7.50294e-08  dW: 0.00168859  dPhi(Nx/2)(Ny/2)(Nz/2): 4.55712e-05 Phi A: 0.0432659 Phi B: 0.956734 Phi I: 5.82134e-52
Total charge: -5.40824e-20
etaHat: 124879
310  fE: -3.04198  dfE: 5.98827e-08  dW: 0.00167421  dPhi(Nx/2)(Ny/2)(Nz/2): 4.52727e-05 Phi A: 0.0432659 Phi B: 0.956734 Phi I: 5.82134e-52
Saving data . . .
Total charge: -5.40823e-20
etaHat: 124879
311  fE: -3.04198  dfE: 4.33866e-08  dW: 0.00165999  dPhi(Nx/2)(Ny/2)(Nz/2): 4.49805e-05 Phi A: 0.0432659 Phi B: 0.956734 Phi I: 5.82134e-52
Total charge: -5.40823e-20
etaHat: 124879
312  fE: -3.04198  dfE: 2.65048e-08  dW: 0.00164592  dPhi(Nx/2)(Ny/2)(Nz/2): 4.46937e-05 Phi A: 0.0432659 Phi B: 0.956734 Phi I: 5.82134e-52
Total charge: -5.40823e-20
etaHat: 124879
313  fE: -3.04198  dfE: 1.0119e-08  dW: 0.001632  dPhi(Nx/2)(Ny/2)(Nz/2): 4.44113e-05 Phi A: 0.0432659 Phi B: 0.956734 Phi I: 5.82134e-52
Total charge: -5.40823e-20
etaHat: 124879
314  fE: -3.04198  dfE: 5.00646e-09  dW: 0.00161824  dPhi(Nx/2)(Ny/2)(Nz/2): 4.41323e-05 Phi A: 0.0432659 Phi B: 0.956734 Phi I: 5.82134e-52
Total charge: -5.40823e-20
etaHat: 124879
315  fE: -3.04198  dfE: 1.82503e-08  dW: 0.00160463  dPhi(Nx/2)(Ny/2)(Nz/2): 4.3856e-05 Phi A: 0.0432659 Phi B: 0.956734 Phi I: 5.82134e-52
Total charge: -5.40823e-20
etaHat: 124879
316  fE: -3.04198  dfE: 2.91501e-08  dW: 0.00159117  dPhi(Nx/2)(Ny/2)(Nz/2): 4.35815e-05 Phi A: 0.0432659 Phi B: 0.956734 Phi I: 5.82134e-52
Total charge: -5.40823e-20
etaHat: 124879
317  fE: -3.04198  dfE: 3.7409e-08  dW: 0.00157786  dPhi(Nx/2)(Ny/2)(Nz/2): 4.3308e-05 Phi A: 0.0432659 Phi B: 0.956734 Phi I: 5.82134e-52
Total charge: -5.40823e-20
etaHat: 124879
318  fE: -3.04198  dfE: 4.28931e-08  dW: 0.00156469  dPhi(Nx/2)(Ny/2)(Nz/2): 4.3035e-05 Phi A: 0.0432659 Phi B: 0.956734 Phi I: 5.82134e-52
Total charge: -5.40823e-20
etaHat: 124879
319  fE: -3.04198  dfE: 4.56207e-08  dW: 0.00155166  dPhi(Nx/2)(Ny/2)(Nz/2): 4.27619e-05 Phi A: 0.0432659 Phi B: 0.956734 Phi I: 5.82134e-52
Total charge: -5.40823e-20
etaHat: 124879
320  fE: -3.04198  dfE: 4.57458e-08  dW: 0.00153876  dPhi(Nx/2)(Ny/2)(Nz/2): 4.24883e-05 Phi A: 0.0432659 Phi B: 0.956734 Phi I: 5.82134e-52
Saving data . . .
Total charge: -5.40823e-20
etaHat: 124879
321  fE: -3.04198  dfE: 4.35359e-08  dW: 0.00152599  dPhi(Nx/2)(Ny/2)(Nz/2): 4.22141e-05 Phi A: 0.0432659 Phi B: 0.956734 Phi I: 5.82134e-52
Total charge: -5.40823e-20
etaHat: 124879
322  fE: -3.04198  dfE: 3.93467e-08  dW: 0.00151336  dPhi(Nx/2)(Ny/2)(Nz/2): 4.1939e-05 Phi A: 0.0432659 Phi B: 0.956734 Phi I: 5.82134e-52
Total charge: -5.40823e-20
etaHat: 124879
323  fE: -3.04198  dfE: 3.35956e-08  dW: 0.00150086  dPhi(Nx/2)(Ny/2)(Nz/2): 4.16632e-05 Phi A: 0.0432659 Phi B: 0.956734 Phi I: 5.82134e-52
Total charge: -5.40823e-20
etaHat: 124879
324  fE: -3.04198  dfE: 2.67337e-08  dW: 0.00148849  dPhi(Nx/2)(Ny/2)(Nz/2): 4.13865e-05 Phi A: 0.0432659 Phi B: 0.956734 Phi I: 5.82134e-52
Total charge: -5.40823e-20
etaHat: 124879
325  fE: -3.04198  dfE: 1.92203e-08  dW: 0.00147625  dPhi(Nx/2)(Ny/2)(Nz/2): 4.11093e-05 Phi A: 0.0432659 Phi B: 0.956734 Phi I: 5.82134e-52
Total charge: -5.40823e-20
etaHat: 124879
326  fE: -3.04198  dfE: 1.14989e-08  dW: 0.00146414  dPhi(Nx/2)(Ny/2)(Nz/2): 4.08316e-05 Phi A: 0.0432659 Phi B: 0.956734 Phi I: 5.82134e-52
Total charge: -5.40823e-20
etaHat: 124879
327  fE: -3.04198  dfE: 3.97707e-09  dW: 0.00145215  dPhi(Nx/2)(Ny/2)(Nz/2): 4.05538e-05 Phi A: 0.0432659 Phi B: 0.956734 Phi I: 5.82134e-52
Total charge: -5.40823e-20
etaHat: 124879
328  fE: -3.04198  dfE: 2.99091e-09  dW: 0.00144028  dPhi(Nx/2)(Ny/2)(Nz/2): 4.0276e-05 Phi A: 0.0432659 Phi B: 0.956734 Phi I: 5.82134e-52
Total charge: -5.40823e-20
etaHat: 124879
329  fE: -3.04198  dfE: 9.11505e-09  dW: 0.00142853  dPhi(Nx/2)(Ny/2)(Nz/2): 3.99986e-05 Phi A: 0.0432659 Phi B: 0.956734 Phi I: 5.82134e-52
Total charge: -5.40823e-20
etaHat: 124879
330  fE: -3.04198  dfE: 1.4178e-08  dW: 0.0014169  dPhi(Nx/2)(Ny/2)(Nz/2): 3.97219e-05 Phi A: 0.0432659 Phi B: 0.956734 Phi I: 5.82134e-52
Saving data . . .
Total charge: -5.40823e-20
etaHat: 124879
331  fE: -3.04198  dfE: 1.80386e-08  dW: 0.00140539  dPhi(Nx/2)(Ny/2)(Nz/2): 3.94459e-05 Phi A: 0.0432659 Phi B: 0.956734 Phi I: 5.82134e-52
Total charge: -5.40823e-20
etaHat: 124879
332  fE: -3.04198  dfE: 2.06297e-08  dW: 0.00139399  dPhi(Nx/2)(Ny/2)(Nz/2): 3.91709e-05 Phi A: 0.0432659 Phi B: 0.956734 Phi I: 5.82134e-52
Total charge: -5.40823e-20
etaHat: 124879
333  fE: -3.04198  dfE: 2.19551e-08  dW: 0.0013827  dPhi(Nx/2)(Ny/2)(Nz/2): 3.88971e-05 Phi A: 0.0432659 Phi B: 0.956734 Phi I: 5.82134e-52
Total charge: -5.40823e-20
etaHat: 124879
334  fE: -3.04198  dfE: 2.20811e-08  dW: 0.00137153  dPhi(Nx/2)(Ny/2)(Nz/2): 3.86246e-05 Phi A: 0.0432659 Phi B: 0.956734 Phi I: 5.82134e-52
Total charge: -5.40823e-20
etaHat: 124879
335  fE: -3.04198  dfE: 2.11268e-08  dW: 0.00136046  dPhi(Nx/2)(Ny/2)(Nz/2): 3.83533e-05 Phi A: 0.0432659 Phi B: 0.956734 Phi I: 5.82134e-52
Total charge: -5.40823e-20
etaHat: 124879
336  fE: -3.04198  dfE: 1.92528e-08  dW: 0.00134951  dPhi(Nx/2)(Ny/2)(Nz/2): 3.80835e-05 Phi A: 0.0432659 Phi B: 0.956734 Phi I: 5.82134e-52
Total charge: -5.40823e-20
etaHat: 124879
337  fE: -3.04198  dfE: 1.66486e-08  dW: 0.00133867  dPhi(Nx/2)(Ny/2)(Nz/2): 3.7815e-05 Phi A: 0.0432659 Phi B: 0.956734 Phi I: 5.82134e-52
Total charge: -5.40823e-20
etaHat: 124879
338  fE: -3.04198  dfE: 1.35203e-08  dW: 0.00132794  dPhi(Nx/2)(Ny/2)(Nz/2): 3.75478e-05 Phi A: 0.0432659 Phi B: 0.956734 Phi I: 5.82134e-52
Total charge: -5.40823e-20
etaHat: 124879
339  fE: -3.04198  dfE: 1.00783e-08  dW: 0.00131732  dPhi(Nx/2)(Ny/2)(Nz/2): 3.7282e-05 Phi A: 0.0432659 Phi B: 0.956734 Phi I: 5.82134e-52
Total charge: -5.40823e-20
etaHat: 124879
340  fE: -3.04198  dfE: 6.52698e-09  dW: 0.0013068  dPhi(Nx/2)(Ny/2)(Nz/2): 3.70173e-05 Phi A: 0.0432659 Phi B: 0.956734 Phi I: 5.82134e-52
Saving data . . .
Total charge: -5.40823e-20
etaHat: 124879
341  fE: -3.04198  dfE: 3.05428e-09  dW: 0.00129638  dPhi(Nx/2)(Ny/2)(Nz/2): 3.67538e-05 Phi A: 0.0432659 Phi B: 0.956734 Phi I: 5.82134e-52
Total charge: -5.40823e-20
etaHat: 124879
342  fE: -3.04198  dfE: 1.75286e-10  dW: 0.00128606  dPhi(Nx/2)(Ny/2)(Nz/2): 3.64914e-05 Phi A: 0.0432659 Phi B: 0.956734 Phi I: 5.82134e-52
Total charge: -5.40823e-20
etaHat: 124879
343  fE: -3.04198  dfE: 3.02665e-09  dW: 0.00127585  dPhi(Nx/2)(Ny/2)(Nz/2): 3.62301e-05 Phi A: 0.0432659 Phi B: 0.956734 Phi I: 5.82134e-52
Total charge: -5.40823e-20
etaHat: 124879
344  fE: -3.04198  dfE: 5.39771e-09  dW: 0.00126574  dPhi(Nx/2)(Ny/2)(Nz/2): 3.59698e-05 Phi A: 0.0432659 Phi B: 0.956734 Phi I: 5.82134e-52
Total charge: -5.40823e-20
etaHat: 124879
345  fE: -3.04198  dfE: 7.22111e-09  dW: 0.00125573  dPhi(Nx/2)(Ny/2)(Nz/2): 3.57105e-05 Phi A: 0.0432659 Phi B: 0.956734 Phi I: 5.82134e-52
Total charge: -5.40823e-20
etaHat: 124879
346  fE: -3.04198  dfE: 8.46391e-09  dW: 0.0012458  dPhi(Nx/2)(Ny/2)(Nz/2): 3.54522e-05 Phi A: 0.0432659 Phi B: 0.956734 Phi I: 5.82134e-52
Total charge: -5.40823e-20
etaHat: 124879
347  fE: -3.04198  dfE: 9.12531e-09  dW: 0.00123597  dPhi(Nx/2)(Ny/2)(Nz/2): 3.51951e-05 Phi A: 0.0432659 Phi B: 0.956734 Phi I: 5.82134e-52
Total charge: -5.40823e-20
etaHat: 124879
348  fE: -3.04198  dfE: 9.23393e-09  dW: 0.00122624  dPhi(Nx/2)(Ny/2)(Nz/2): 3.4939e-05 Phi A: 0.0432659 Phi B: 0.956734 Phi I: 5.82134e-52
Total charge: -5.40823e-20
etaHat: 124879
349  fE: -3.04198  dfE: 8.84273e-09  dW: 0.0012166  dPhi(Nx/2)(Ny/2)(Nz/2): 3.46843e-05 Phi A: 0.0432659 Phi B: 0.956734 Phi I: 5.82134e-52
Total charge: -5.40823e-20
etaHat: 124879
350  fE: -3.04198  dfE: 8.02404e-09  dW: 0.00120707  dPhi(Nx/2)(Ny/2)(Nz/2): 3.44308e-05 Phi A: 0.0432659 Phi B: 0.956734 Phi I: 5.82134e-52
Saving data . . .
Total charge: -5.40823e-20
etaHat: 124879
351  fE: -3.04198  dfE: 6.864e-09  dW: 0.00119763  dPhi(Nx/2)(Ny/2)(Nz/2): 3.41789e-05 Phi A: 0.0432659 Phi B: 0.956734 Phi I: 5.82134e-52
Total charge: -5.40823e-20
etaHat: 124879
352  fE: -3.04198  dfE: 5.45661e-09  dW: 0.00118827  dPhi(Nx/2)(Ny/2)(Nz/2): 3.39285e-05 Phi A: 0.0432659 Phi B: 0.956734 Phi I: 5.82134e-52
Total charge: -5.40823e-20
etaHat: 124879
353  fE: -3.04198  dfE: 3.89839e-09  dW: 0.00117901  dPhi(Nx/2)(Ny/2)(Nz/2): 3.368e-05 Phi A: 0.0432659 Phi B: 0.956734 Phi I: 5.82134e-52
Total charge: -5.40823e-20
etaHat: 124879
354  fE: -3.04198  dfE: 2.28332e-09  dW: 0.00116984  dPhi(Nx/2)(Ny/2)(Nz/2): 3.34333e-05 Phi A: 0.0432659 Phi B: 0.956734 Phi I: 5.82134e-52
Total charge: -5.40823e-20
etaHat: 124879
355  fE: -3.04198  dfE: 6.98162e-10  dW: 0.00116075  dPhi(Nx/2)(Ny/2)(Nz/2): 3.31887e-05 Phi A: 0.0432659 Phi B: 0.956734 Phi I: 5.82134e-52
Total charge: -5.40823e-20
etaHat: 124879
356  fE: -3.04198  dfE: 7.80783e-10  dW: 0.00115175  dPhi(Nx/2)(Ny/2)(Nz/2): 3.29463e-05 Phi A: 0.0432659 Phi B: 0.956734 Phi I: 5.82134e-52
Total charge: -5.40823e-20
etaHat: 124879
357  fE: -3.04198  dfE: 2.09062e-09  dW: 0.00114284  dPhi(Nx/2)(Ny/2)(Nz/2): 3.27062e-05 Phi A: 0.0432659 Phi B: 0.956734 Phi I: 5.82134e-52
Total charge: -5.40823e-20
etaHat: 124879
358  fE: -3.04198  dfE: 3.1833e-09  dW: 0.00113402  dPhi(Nx/2)(Ny/2)(Nz/2): 3.24686e-05 Phi A: 0.0432659 Phi B: 0.956734 Phi I: 5.82134e-52
Total charge: -5.40823e-20
etaHat: 124879
359  fE: -3.04198  dfE: 4.02697e-09  dW: 0.00112527  dPhi(Nx/2)(Ny/2)(Nz/2): 3.22335e-05 Phi A: 0.0432659 Phi B: 0.956734 Phi I: 5.82134e-52
Total charge: -5.40823e-20
etaHat: 124879
360  fE: -3.04198  dfE: 4.60527e-09  dW: 0.00111661  dPhi(Nx/2)(Ny/2)(Nz/2): 3.20009e-05 Phi A: 0.0432659 Phi B: 0.956734 Phi I: 5.82134e-52
Saving data . . .
Total charge: -5.40823e-20
etaHat: 124879
361  fE: -3.04198  dfE: 4.91689e-09  dW: 0.00110803  dPhi(Nx/2)(Ny/2)(Nz/2): 3.1771e-05 Phi A: 0.0432659 Phi B: 0.956734 Phi I: 5.82134e-52
Total charge: -5.40823e-20
etaHat: 124879
362  fE: -3.04198  dfE: 4.97399e-09  dW: 0.00109953  dPhi(Nx/2)(Ny/2)(Nz/2): 3.15438e-05 Phi A: 0.0432659 Phi B: 0.956734 Phi I: 5.82134e-52
Total charge: -5.40823e-20
etaHat: 124879
363  fE: -3.04198  dfE: 4.80007e-09  dW: 0.00109111  dPhi(Nx/2)(Ny/2)(Nz/2): 3.13192e-05 Phi A: 0.0432659 Phi B: 0.956734 Phi I: 5.82134e-52
Total charge: -5.40823e-20
etaHat: 124879
364  fE: -3.04198  dfE: 4.42782e-09  dW: 0.00108278  dPhi(Nx/2)(Ny/2)(Nz/2): 3.10973e-05 Phi A: 0.0432659 Phi B: 0.956734 Phi I: 5.82134e-52
Total charge: -5.40823e-20
etaHat: 124879
365  fE: -3.04198  dfE: 3.89623e-09  dW: 0.00107453  dPhi(Nx/2)(Ny/2)(Nz/2): 3.0878e-05 Phi A: 0.0432659 Phi B: 0.956734 Phi I: 5.82134e-52
Total charge: -5.40823e-20
etaHat: 124879
366  fE: -3.04198  dfE: 3.2482e-09  dW: 0.00106636  dPhi(Nx/2)(Ny/2)(Nz/2): 3.06612e-05 Phi A: 0.0432659 Phi B: 0.956734 Phi I: 5.82134e-52
Total charge: -5.40823e-20
etaHat: 124879
367  fE: -3.04198  dfE: 2.52807e-09  dW: 0.00105826  dPhi(Nx/2)(Ny/2)(Nz/2): 3.04469e-05 Phi A: 0.0432659 Phi B: 0.956734 Phi I: 5.82134e-52
Total charge: -5.40823e-20
etaHat: 124879
368  fE: -3.04198  dfE: 1.77891e-09  dW: 0.00105025  dPhi(Nx/2)(Ny/2)(Nz/2): 3.0235e-05 Phi A: 0.0432659 Phi B: 0.956734 Phi I: 5.82134e-52
Total charge: -5.40823e-20
etaHat: 124879
369  fE: -3.04198  dfE: 1.04081e-09  dW: 0.0010423  dPhi(Nx/2)(Ny/2)(Nz/2): 3.00254e-05 Phi A: 0.0432659 Phi B: 0.956734 Phi I: 5.82134e-52
Total charge: -5.40823e-20
etaHat: 124879
370  fE: -3.04198  dfE: 3.49268e-10  dW: 0.00103443  dPhi(Nx/2)(Ny/2)(Nz/2): 2.98179e-05 Phi A: 0.0432658 Phi B: 0.956734 Phi I: 5.82134e-52
Saving data . . .
Total charge: -5.40823e-20
etaHat: 124879
371  fE: -3.04198  dfE: 2.66604e-10  dW: 0.00102663  dPhi(Nx/2)(Ny/2)(Nz/2): 2.96126e-05 Phi A: 0.0432658 Phi B: 0.956734 Phi I: 5.82134e-52
Total charge: -5.40823e-20
etaHat: 124879
372  fE: -3.04198  dfE: 7.84191e-10  dW: 0.0010189  dPhi(Nx/2)(Ny/2)(Nz/2): 2.94092e-05 Phi A: 0.0432658 Phi B: 0.956734 Phi I: 5.82134e-52
Total charge: -5.40823e-20
etaHat: 124879
373  fE: -3.04198  dfE: 1.18835e-09  dW: 0.00101124  dPhi(Nx/2)(Ny/2)(Nz/2): 2.92077e-05 Phi A: 0.0432658 Phi B: 0.956734 Phi I: 5.82134e-52
Total charge: -5.40823e-20
etaHat: 124879
374  fE: -3.04198  dfE: 1.4711e-09  dW: 0.00100365  dPhi(Nx/2)(Ny/2)(Nz/2): 2.9008e-05 Phi A: 0.0432658 Phi B: 0.956734 Phi I: 5.82134e-52
Total charge: -5.40823e-20
etaHat: 124879
375  fE: -3.04198  dfE: 1.63136e-09  dW: 0.000996137  dPhi(Nx/2)(Ny/2)(Nz/2): 2.88099e-05 Phi A: 0.0432658 Phi B: 0.956734 Phi I: 5.82134e-52
Saving data . . .
