Total charge: 124877
etaHat: 124877
0  fE: -9367.7  dfE: 9467.7  dW: 17.4001  dPhi(Nx/2)(Ny/2)(Nz/2): -4.11389 Phi A: 0.607494 Phi B: 4.48374 Phi I: 999.016
Saving data . . .
Total charge: 1.59566
etaHat: 124879
1  fE: -25220.6  dfE: 15852.9  dW: 20.2482  dPhi(Nx/2)(Ny/2)(Nz/2): -2.25812 Phi A: 0.309102 Phi B: 2.93519 Phi I: 0.0127653
Total charge: 1.57074e-18
etaHat: 124879
2  fE: -18.5675  dfE: 25202.1  dW: 20.8753  dPhi(Nx/2)(Ny/2)(Nz/2): -1.14674 Phi A: 0.176369 Phi B: 1.96169 Phi I: 1.43296e-20
Total charge: -1.37603e-19
etaHat: 124879
3  fE: -13.2081  dfE: 5.35943  dW: 20.1477  dPhi(Nx/2)(Ny/2)(Nz/2): -0.462903 Phi A: 0.110083 Phi B: 1.34721 Phi I: 5.82345e-52
Total charge: -9.25467e-20
etaHat: 124879
4  fE: -9.33713  dfE: 3.87095  dW: 18.6127  dPhi(Nx/2)(Ny/2)(Nz/2): -0.0352585 Phi A: 0.0740374 Phi B: 0.957466 Phi I: 5.82148e-52
Total charge: -6.64159e-20
etaHat: 124879
5  fE: -6.68532  dfE: 2.65181  dW: 16.6077  dPhi(Nx/2)(Ny/2)(Nz/2): 0.236626 Phi A: 0.0531327 Phi B: 0.707636 Phi I: 5.81972e-52
Total charge: -5.0526e-20
etaHat: 124879
6  fE: -4.89645  dfE: 1.78887  dW: 14.3433  dPhi(Nx/2)(Ny/2)(Nz/2): 0.412286 Phi A: 0.0404208 Phi B: 0.545416 Phi I: 5.81821e-52
Total charge: -4.05572e-20
etaHat: 124879
7  fE: -3.68651  dfE: 1.20994  dW: 11.9538  dPhi(Nx/2)(Ny/2)(Nz/2): 0.52716 Phi A: 0.0324457 Phi B: 0.438988 Phi I: 5.81694e-52
Total charge: -3.42263e-20
etaHat: 124879
8  fE: -2.85825  dfE: 0.828264  dW: 9.52716  dPhi(Nx/2)(Ny/2)(Nz/2): 0.602479 Phi A: 0.027381 Phi B: 0.369046 Phi I: 5.81592e-52
Total charge: -3.02725e-20
etaHat: 124879
9  fE: -2.28137  dfE: 0.576876  dW: 7.12272  dPhi(Nx/2)(Ny/2)(Nz/2): 0.651041 Phi A: 0.024218 Phi B: 0.323859 Phi I: 5.81515e-52
Total charge: -2.79823e-20
etaHat: 124879
10  fE: -1.87103  dfE: 0.410346  dW: 4.78231  dPhi(Nx/2)(Ny/2)(Nz/2): 0.680557 Phi A: 0.0223859 Phi B: 0.296322 Phi I: 5.81462e-52
Saving data . . .
Total charge: -2.69549e-20
etaHat: 124879
11  fE: -1.57159  dfE: 0.299435  dW: 2.53734  dPhi(Nx/2)(Ny/2)(Nz/2): 0.695585 Phi A: 0.0215639 Phi B: 0.282219 Phi I: 5.81432e-52
Total charge: -2.69802e-20
etaHat: 124879
12  fE: -1.34582  dfE: 0.225777  dW: 0.607563  dPhi(Nx/2)(Ny/2)(Nz/2): 0.698647 Phi A: 0.0215841 Phi B: 0.279212 Phi I: 5.81425e-52
Total charge: -2.79746e-20
etaHat: 124879
13  fE: -1.16782  dfE: 0.178  dW: 1.56626  dPhi(Nx/2)(Ny/2)(Nz/2): 0.69086 Phi A: 0.0223797 Phi B: 0.286262 Phi I: 5.81438e-52
Total charge: -2.99462e-20
etaHat: 124879
14  fE: -1.0187  dfE: 0.149118  dW: 3.37827  dPhi(Nx/2)(Ny/2)(Nz/2): 0.672293 Phi A: 0.0239569 Phi B: 0.303299 Phi I: 5.81471e-52
Total charge: -3.29733e-20
etaHat: 124879
15  fE: -0.883957  dfE: 0.134741  dW: 4.99697  dPhi(Nx/2)(Ny/2)(Nz/2): 0.642173 Phi A: 0.0263787 Phi B: 0.331042 Phi I: 5.81521e-52
Total charge: -3.71885e-20
etaHat: 124879
16  fE: -0.752298  dfE: 0.131659  dW: 6.3927  dPhi(Nx/2)(Ny/2)(Nz/2): 0.599021 Phi A: 0.0297508 Phi B: 0.370873 Phi I: 5.81586e-52
Total charge: -4.27557e-20
etaHat: 124879
17  fE: -0.615881  dfE: 0.136416  dW: 7.53068  dPhi(Nx/2)(Ny/2)(Nz/2): 0.540807 Phi A: 0.0342046 Phi B: 0.4247 Phi I: 5.81665e-52
Total charge: -4.98327e-20
etaHat: 124879
18  fE: -0.472284  dfE: 0.143597  dW: 8.37086  dPhi(Nx/2)(Ny/2)(Nz/2): 0.465227 Phi A: 0.0398662 Phi B: 0.494715 Phi I: 5.81753e-52
Total charge: -5.85054e-20
etaHat: 124879
19  fE: -0.328455  dfE: 0.143829  dW: 8.8696  dPhi(Nx/2)(Ny/2)(Nz/2): 0.370218 Phi A: 0.0468043 Phi B: 0.582931 Phi I: 5.81848e-52
Total charge: -6.86871e-20
etaHat: 124879
20  fE: -0.206294  dfE: 0.122161  dW: 8.98428  dPhi(Nx/2)(Ny/2)(Nz/2): 0.25483 Phi A: 0.0549497 Phi B: 0.690389 Phi I: 5.81947e-52
Saving data . . .
Total charge: -7.99938e-20
etaHat: 124879
21  fE: -0.147632  dfE: 0.0586622  dW: 8.68186  dPhi(Nx/2)(Ny/2)(Nz/2): 0.120495 Phi A: 0.0639951 Phi B: 0.815993 Phi I: 5.82045e-52
Total charge: -9.16356e-20
etaHat: 124879
22  fE: -0.213534  dfE: 0.0659016  dW: 7.95134  dPhi(Nx/2)(Ny/2)(Nz/2): -0.0275522 Phi A: 0.0733085 Phi B: 0.955159 Phi I: 5.82137e-52
Total charge: -1.02412e-19
etaHat: 124879
23  fE: -0.471179  dfE: 0.257646  dW: 6.81768  dPhi(Nx/2)(Ny/2)(Nz/2): -0.179307 Phi A: 0.0819295 Phi B: 1.09885 Phi I: 5.8222e-52
Total charge: -1.109e-19
etaHat: 124879
24  fE: -0.965747  dfE: 0.494567  dW: 5.35162  dPhi(Nx/2)(Ny/2)(Nz/2): -0.320484 Phi A: 0.0887201 Phi B: 1.23391 Phi I: 5.82288e-52
Total charge: -1.15847e-19
etaHat: 124879
25  fE: -1.68726  dfE: 0.721509  dW: 3.66838  dPhi(Nx/2)(Ny/2)(Nz/2): -0.43514 Phi A: 0.0926778 Phi B: 1.34534 Phi I: 5.8234e-52
Total charge: -1.16608e-19
etaHat: 124879
26  fE: -2.55487  dfE: 0.867614  dW: 2.04221  dPhi(Nx/2)(Ny/2)(Nz/2): -0.509975 Phi A: 0.0932865 Phi B: 1.42028 Phi I: 5.82373e-52
Total charge: -1.13376e-19
etaHat: 124879
27  fE: -3.43646  dfE: 0.881594  dW: 1.43552  dPhi(Nx/2)(Ny/2)(Nz/2): -0.53837 Phi A: 0.090701 Phi B: 1.45188 Phi I: 5.82388e-52
Total charge: -1.07059e-19
etaHat: 124879
28  fE: -4.19607  dfE: 0.759601  dW: 1.27848  dPhi(Nx/2)(Ny/2)(Nz/2): -0.522003 Phi A: 0.0856471 Phi B: 1.44102 Phi I: 5.82385e-52
Total charge: -9.88971e-20
etaHat: 124879
29  fE: -4.73984  dfE: 0.543776  dW: 2.47425  dPhi(Nx/2)(Ny/2)(Nz/2): -0.469354 Phi A: 0.0791177 Phi B: 1.39516 Phi I: 5.82367e-52
Total charge: -9.00742e-20
etaHat: 124879
30  fE: -5.03578  dfE: 0.295937  dW: 3.37135  dPhi(Nx/2)(Ny/2)(Nz/2): -0.392327 Phi A: 0.0720594 Phi B: 1.32527 Phi I: 5.82338e-52
Saving data . . .
Total charge: -8.14822e-20
etaHat: 124879
31  fE: -5.10487  dfE: 0.0690886  dW: 3.95028  dPhi(Nx/2)(Ny/2)(Nz/2): -0.302888 Phi A: 0.0651857 Phi B: 1.24264 Phi I: 5.82301e-52
Total charge: -7.36706e-20
etaHat: 124879
32  fE: -4.9981  dfE: 0.106767  dW: 4.23382  dPhi(Nx/2)(Ny/2)(Nz/2): -0.210916 Phi A: 0.0589365 Phi B: 1.15674 Phi I: 5.82259e-52
Total charge: -6.69048e-20
etaHat: 124879
33  fE: -4.77425  dfE: 0.223845  dW: 4.25957  dPhi(Nx/2)(Ny/2)(Nz/2): -0.123429 Phi A: 0.0535238 Phi B: 1.07442 Phi I: 5.82216e-52
Total charge: -6.12579e-20
etaHat: 124879
34  fE: -4.48568  dfE: 0.28857  dW: 4.07177  dPhi(Nx/2)(Ny/2)(Nz/2): -0.0447541 Phi A: 0.0490063 Phi B: 0.999993 Phi I: 5.82174e-52
Total charge: -5.66935e-20
etaHat: 124879
35  fE: -4.17237  dfE: 0.313316  dW: 3.71585  dPhi(Nx/2)(Ny/2)(Nz/2): 0.0228726 Phi A: 0.0453548 Phi B: 0.935743 Phi I: 5.82135e-52
Total charge: -5.31233e-20
etaHat: 124879
36  fE: -3.86148  dfE: 0.310887  dW: 3.23523  dPhi(Nx/2)(Ny/2)(Nz/2): 0.0786428 Phi A: 0.0424986 Phi B: 0.882564 Phi I: 5.82101e-52
Total charge: -5.04422e-20
etaHat: 124879
37  fE: -3.56959  dfE: 0.291892  dW: 2.66975  dPhi(Nx/2)(Ny/2)(Nz/2): 0.122617 Phi A: 0.0403537 Phi B: 0.840487 Phi I: 5.82072e-52
Total charge: -4.85471e-20
etaHat: 124879
38  fE: -3.30556  dfE: 0.264025  dW: 2.05503  dPhi(Nx/2)(Ny/2)(Nz/2): 0.155326 Phi A: 0.0388376 Phi B: 0.809067 Phi I: 5.82049e-52
Total charge: -4.73444e-20
etaHat: 124879
39  fE: -3.07324  dfE: 0.232323  dW: 1.42253  dPhi(Nx/2)(Ny/2)(Nz/2): 0.177512 Phi A: 0.0378755 Phi B: 0.787638 Phi I: 5.82033e-52
Total charge: -4.67519e-20
etaHat: 124879
40  fE: -2.8735  dfE: 0.199745  dW: 0.799663  dPhi(Nx/2)(Ny/2)(Nz/2): 0.189984 Phi A: 0.0374015 Phi B: 0.775449 Phi I: 5.82023e-52
Saving data . . .
Total charge: -4.66966e-20
etaHat: 124879
41  fE: -2.70572  dfE: 0.167775  dW: 0.234335  dPhi(Nx/2)(Ny/2)(Nz/2): 0.193559 Phi A: 0.0373573 Phi B: 0.77174 Phi I: 5.82019e-52
Total charge: -4.71118e-20
etaHat: 124879
42  fE: -2.56881  dfE: 0.13691  dW: 0.326928  dPhi(Nx/2)(Ny/2)(Nz/2): 0.189047 Phi A: 0.0376895 Phi B: 0.775749 Phi I: 5.82022e-52
Total charge: -4.7932e-20
etaHat: 124879
43  fE: -2.46177  dfE: 0.107044  dW: 0.791273  dPhi(Nx/2)(Ny/2)(Nz/2): 0.177274 Phi A: 0.0383456 Phi B: 0.786695 Phi I: 5.82029e-52
Total charge: -4.9089e-20
etaHat: 124879
44  fE: -2.38401  dfE: 0.0777568  dW: 1.17307  dPhi(Nx/2)(Ny/2)(Nz/2): 0.159125 Phi A: 0.0392712 Phi B: 0.80374 Phi I: 5.82041e-52
Total charge: -5.05084e-20
etaHat: 124879
45  fE: -2.33546  dfE: 0.0485556  dW: 1.46146  dPhi(Nx/2)(Ny/2)(Nz/2): 0.135593 Phi A: 0.0404067 Phi B: 0.825947 Phi I: 5.82057e-52
Total charge: -5.21065e-20
etaHat: 124879
46  fE: -2.31636  dfE: 0.0190927  dW: 1.65074  dPhi(Nx/2)(Ny/2)(Nz/2): 0.107818 Phi A: 0.0416852 Phi B: 0.852237 Phi I: 5.82074e-52
Total charge: -5.37906e-20
etaHat: 124879
47  fE: -2.327  dfE: 0.0106353  dW: 1.73947  dPhi(Nx/2)(Ny/2)(Nz/2): 0.0771107 Phi A: 0.0430325 Phi B: 0.881367 Phi I: 5.82094e-52
Total charge: -5.5461e-20
etaHat: 124879
48  fE: -2.36713  dfE: 0.0401267  dW: 1.73076  dPhi(Nx/2)(Ny/2)(Nz/2): 0.0449493 Phi A: 0.0443688 Phi B: 0.911937 Phi I: 5.82113e-52
Total charge: -5.70161e-20
etaHat: 124879
49  fE: -2.43542  dfE: 0.0682954  dW: 1.63226  dPhi(Nx/2)(Ny/2)(Nz/2): 0.0129287 Phi A: 0.0456129 Phi B: 0.942434 Phi I: 5.82132e-52
Total charge: -5.83602e-20
etaHat: 124879
50  fE: -2.52895  dfE: 0.0935253  dW: 1.45592  dPhi(Nx/2)(Ny/2)(Nz/2): -0.0173245 Phi A: 0.0466882 Phi B: 0.97131 Phi I: 5.8215e-52
Saving data . . .
Total charge: -5.9412e-20
etaHat: 124879
51  fE: -2.64283  dfE: 0.113888  dW: 1.21732  dPhi(Nx/2)(Ny/2)(Nz/2): -0.0442726 Phi A: 0.0475296 Phi B: 0.997099 Phi I: 5.82165e-52
Total charge: -6.01129e-20
etaHat: 124879
52  fE: -2.77034  dfE: 0.127504  dW: 0.934657  dPhi(Nx/2)(Ny/2)(Nz/2): -0.066602 Phi A: 0.0480903 Phi B: 1.01854 Phi I: 5.82177e-52
Total charge: -6.04334e-20
etaHat: 124879
53  fE: -2.90331  dfE: 0.132968  dW: 0.627482  dPhi(Nx/2)(Ny/2)(Nz/2): -0.0833478 Phi A: 0.0483467 Phi B: 1.0347 Phi I: 5.82186e-52
Total charge: -6.03746e-20
etaHat: 124879
54  fE: -3.03302  dfE: 0.12971  dW: 0.400406  dPhi(Nx/2)(Ny/2)(Nz/2): -0.0939807 Phi A: 0.0482997 Phi B: 1.04507 Phi I: 5.82192e-52
Total charge: -5.99665e-20
etaHat: 124879
55  fE: -3.1512  dfE: 0.11818  dW: 0.292943  dPhi(Nx/2)(Ny/2)(Nz/2): -0.0984397 Phi A: 0.0479732 Phi B: 1.04956 Phi I: 5.82194e-52
Total charge: -5.92619e-20
etaHat: 124879
56  fE: -3.25099  dfE: 0.0997912  dW: 0.268554  dPhi(Nx/2)(Ny/2)(Nz/2): -0.097104 Phi A: 0.0474095 Phi B: 1.04852 Phi I: 5.82194e-52
Total charge: -5.83284e-20
etaHat: 124879
57  fE: -3.32764  dfE: 0.0766478  dW: 0.488667  dPhi(Nx/2)(Ny/2)(Nz/2): -0.0907136 Phi A: 0.0466627 Phi B: 1.04264 Phi I: 5.8219e-52
Total charge: -5.724e-20
etaHat: 124879
58  fE: -3.37879  dfE: 0.0511568  dW: 0.672947  dPhi(Nx/2)(Ny/2)(Nz/2): -0.0802581 Phi A: 0.045792 Phi B: 1.03286 Phi I: 5.82185e-52
Total charge: -5.60697e-20
etaHat: 124879
59  fE: -3.40443  dfE: 0.0256344  dW: 0.80515  dPhi(Nx/2)(Ny/2)(Nz/2): -0.0668563 Phi A: 0.0448557 Phi B: 1.02024 Phi I: 5.82178e-52
Total charge: -5.48836e-20
etaHat: 124879
60  fE: -3.40643  dfE: 0.00200656  dW: 0.884477  dPhi(Nx/2)(Ny/2)(Nz/2): -0.0516455 Phi A: 0.0439068 Phi B: 1.00585 Phi I: 5.82169e-52
Saving data . . .
Total charge: -5.37377e-20
etaHat: 124879
61  fE: -3.38808  dfE: 0.0183523  dW: 0.913102  dPhi(Nx/2)(Ny/2)(Nz/2): -0.0356941 Phi A: 0.0429902 Phi B: 0.990731 Phi I: 5.8216e-52
Total charge: -5.26765e-20
etaHat: 124879
62  fE: -3.35343  dfE: 0.0346479  dW: 0.895572  dPhi(Nx/2)(Ny/2)(Nz/2): -0.0199414 Phi A: 0.0421412 Phi B: 0.975771 Phi I: 5.82151e-52
Total charge: -5.17327e-20
etaHat: 124879
63  fE: -3.30684  dfE: 0.0465974  dW: 0.838177  dPhi(Nx/2)(Ny/2)(Nz/2): -0.00516468 Phi A: 0.0413861 Phi B: 0.96172 Phi I: 5.82143e-52
Total charge: -5.09279e-20
etaHat: 124879
64  fE: -3.25253  dfE: 0.0543091  dW: 0.748346  dPhi(Nx/2)(Ny/2)(Nz/2): 0.00803241 Phi A: 0.0407423 Phi B: 0.94916 Phi I: 5.82135e-52
Total charge: -5.02745e-20
etaHat: 124879
65  fE: -3.19438  dfE: 0.0581508  dW: 0.63412  dPhi(Nx/2)(Ny/2)(Nz/2): 0.0192165 Phi A: 0.0402196 Phi B: 0.938513 Phi I: 5.82128e-52
Total charge: -4.97766e-20
etaHat: 124879
66  fE: -3.13574  dfE: 0.0586331  dW: 0.503687  dPhi(Nx/2)(Ny/2)(Nz/2): 0.0281115 Phi A: 0.0398213 Phi B: 0.930047 Phi I: 5.82122e-52
Total charge: -4.94316e-20
etaHat: 124879
67  fE: -3.07942  dfE: 0.0563201  dW: 0.365005  dPhi(Nx/2)(Ny/2)(Nz/2): 0.0345813 Phi A: 0.0395453 Phi B: 0.923899 Phi I: 5.82118e-52
Total charge: -4.92313e-20
etaHat: 124879
68  fE: -3.02765  dfE: 0.0517706  dW: 0.225493  dPhi(Nx/2)(Ny/2)(Nz/2): 0.0386114 Phi A: 0.0393851 Phi B: 0.920088 Phi I: 5.82116e-52
Total charge: -4.91633e-20
etaHat: 124879
69  fE: -2.98215  dfE: 0.0455066  dW: 0.093316  dPhi(Nx/2)(Ny/2)(Nz/2): 0.0402912 Phi A: 0.0393306 Phi B: 0.918532 Phi I: 5.82114e-52
Total charge: -4.92112e-20
etaHat: 124879
70  fE: -2.94414  dfE: 0.0380009  dW: 0.0465343  dPhi(Nx/2)(Ny/2)(Nz/2): 0.0397969 Phi A: 0.0393689 Phi B: 0.919069 Phi I: 5.82114e-52
Saving data . . .
Total charge: -4.93561e-20
etaHat: 124879
71  fE: -2.91447  dfE: 0.0296793  dW: 0.136597  dPhi(Nx/2)(Ny/2)(Nz/2): 0.0373768 Phi A: 0.0394849 Phi B: 0.921463 Phi I: 5.82116e-52
Total charge: -4.95769e-20
etaHat: 124879
72  fE: -2.89354  dfE: 0.0209287  dW: 0.22323  dPhi(Nx/2)(Ny/2)(Nz/2): 0.0333363 Phi A: 0.0396615 Phi B: 0.925425 Phi I: 5.82118e-52
Total charge: -4.98515e-20
etaHat: 124879
73  fE: -2.88143  dfE: 0.0121077  dW: 0.288267  dPhi(Nx/2)(Ny/2)(Nz/2): 0.0280232 Phi A: 0.0398812 Phi B: 0.930625 Phi I: 5.82121e-52
Total charge: -5.01571e-20
etaHat: 124879
74  fE: -2.87788  dfE: 0.00355312  dW: 0.330713  dPhi(Nx/2)(Ny/2)(Nz/2): 0.0218121 Phi A: 0.0401257 Phi B: 0.936706 Phi I: 5.82125e-52
Total charge: -5.04717e-20
etaHat: 124879
75  fE: -2.88229  dfE: 0.00441714  dW: 0.350777  dPhi(Nx/2)(Ny/2)(Nz/2): 0.0150884 Phi A: 0.0403774 Phi B: 0.943298 Phi I: 5.82129e-52
Total charge: -5.07747e-20
etaHat: 124879
76  fE: -2.8938  dfE: 0.0115094  dW: 0.349736  dPhi(Nx/2)(Ny/2)(Nz/2): 0.00823134 Phi A: 0.0406198 Phi B: 0.950039 Phi I: 5.82133e-52
Total charge: -5.1048e-20
etaHat: 124879
77  fE: -2.91127  dfE: 0.0174648  dW: 0.329785  dPhi(Nx/2)(Ny/2)(Nz/2): 0.00159696 Phi A: 0.0408384 Phi B: 0.956585 Phi I: 5.82136e-52
Total charge: -5.12763e-20
etaHat: 124879
78  fE: -2.93334  dfE: 0.0220747  dW: 0.29386  dPhi(Nx/2)(Ny/2)(Nz/2): -0.00449817 Phi A: 0.041021 Phi B: 0.96263 Phi I: 5.8214e-52
Total charge: -5.14485e-20
etaHat: 124879
79  fE: -2.95854  dfE: 0.0251971  dW: 0.245429  dPhi(Nx/2)(Ny/2)(Nz/2): -0.00979093 Phi A: 0.0411588 Phi B: 0.967918 Phi I: 5.82143e-52
Total charge: -5.15576e-20
etaHat: 124879
80  fE: -2.98531  dfE: 0.0267705  dW: 0.188323  dPhi(Nx/2)(Ny/2)(Nz/2): -0.0140825 Phi A: 0.041246 Phi B: 0.972255 Phi I: 5.82146e-52
Saving data . . .
Total charge: -5.16005e-20
etaHat: 124879
81  fE: -3.01213  dfE: 0.0268221  dW: 0.130226  dPhi(Nx/2)(Ny/2)(Nz/2): -0.0172447 Phi A: 0.0412804 Phi B: 0.975513 Phi I: 5.82147e-52
Total charge: -5.15786e-20
etaHat: 124879
82  fE: -3.0376  dfE: 0.025467  dW: 0.0908672  dPhi(Nx/2)(Ny/2)(Nz/2): -0.0192222 Phi A: 0.0412629 Phi B: 0.977634 Phi I: 5.82149e-52
Total charge: -5.14966e-20
etaHat: 124879
83  fE: -3.0605  dfE: 0.0228992  dW: 0.0684792  dPhi(Nx/2)(Ny/2)(Nz/2): -0.0200288 Phi A: 0.0411973 Phi B: 0.978625 Phi I: 5.82149e-52
Total charge: -5.13621e-20
etaHat: 124879
84  fE: -3.07987  dfE: 0.0193736  dW: 0.0681052  dPhi(Nx/2)(Ny/2)(Nz/2): -0.0197407 Phi A: 0.0410897 Phi B: 0.978557 Phi I: 5.82149e-52
Total charge: -5.11851e-20
etaHat: 124879
85  fE: -3.09505  dfE: 0.015183  dW: 0.10286  dPhi(Nx/2)(Ny/2)(Nz/2): -0.0184851 Phi A: 0.0409481 Phi B: 0.977547 Phi I: 5.82148e-52
Total charge: -5.09767e-20
etaHat: 124879
86  fE: -3.10569  dfE: 0.010633  dW: 0.141342  dPhi(Nx/2)(Ny/2)(Nz/2): -0.0164277 Phi A: 0.0407813 Phi B: 0.97575 Phi I: 5.82147e-52
Total charge: -5.07484e-20
etaHat: 124879
87  fE: -3.1117  dfE: 0.00601784  dW: 0.170269  dPhi(Nx/2)(Ny/2)(Nz/2): -0.0137584 Phi A: 0.0405987 Phi B: 0.973348 Phi I: 5.82146e-52
Total charge: -5.05116e-20
etaHat: 124879
88  fE: -3.11331  dfE: 0.00160067  dW: 0.188579  dPhi(Nx/2)(Ny/2)(Nz/2): -0.0106781 Phi A: 0.0404093 Phi B: 0.970532 Phi I: 5.82144e-52
Total charge: -5.0277e-20
etaHat: 124879
89  fE: -3.1109  dfE: 0.00240081  dW: 0.196453  dPhi(Nx/2)(Ny/2)(Nz/2): -0.00738609 Phi A: 0.0402216 Phi B: 0.967492 Phi I: 5.82142e-52
Total charge: -5.00537e-20
etaHat: 124879
90  fE: -3.10508  dfE: 0.00582221  dW: 0.194584  dPhi(Nx/2)(Ny/2)(Nz/2): -0.00406962 Phi A: 0.040043 Phi B: 0.964408 Phi I: 5.8214e-52
Saving data . . .
Total charge: -4.98496e-20
etaHat: 124879
91  fE: -3.09653  dfE: 0.00855464  dW: 0.184081  dPhi(Nx/2)(Ny/2)(Nz/2): -0.000895598 Phi A: 0.0398797 Phi B: 0.961441 Phi I: 5.82138e-52
Total charge: -4.96705e-20
etaHat: 124879
92  fE: -3.08599  dfE: 0.0105422  dW: 0.16636  dPhi(Nx/2)(Ny/2)(Nz/2): 0.0019953 Phi A: 0.0397364 Phi B: 0.958728 Phi I: 5.82137e-52
Total charge: -4.95206e-20
etaHat: 124879
93  fE: -3.07421  dfE: 0.0117761  dW: 0.143041  dPhi(Nx/2)(Ny/2)(Nz/2): 0.00449235 Phi A: 0.0396165 Phi B: 0.956377 Phi I: 5.82135e-52
Total charge: -4.94021e-20
etaHat: 124879
94  fE: -3.06192  dfE: 0.0122871  dW: 0.115842  dPhi(Nx/2)(Ny/2)(Nz/2): 0.00651642 Phi A: 0.0395217 Phi B: 0.954465 Phi I: 5.82134e-52
Total charge: -4.93157e-20
etaHat: 124879
95  fE: -3.04979  dfE: 0.0121373  dW: 0.0864939  dPhi(Nx/2)(Ny/2)(Nz/2): 0.00801993 Phi A: 0.0394526 Phi B: 0.95304 Phi I: 5.82133e-52
Total charge: -4.92605e-20
etaHat: 124879
96  fE: -3.03837  dfE: 0.0114117  dW: 0.0569305  dPhi(Nx/2)(Ny/2)(Nz/2): 0.00898538 Phi A: 0.0394084 Phi B: 0.952122 Phi I: 5.82132e-52
Total charge: -4.92343e-20
etaHat: 124879
97  fE: -3.02816  dfE: 0.010211  dW: 0.0319194  dPhi(Nx/2)(Ny/2)(Nz/2): 0.00942275 Phi A: 0.0393874 Phi B: 0.951701 Phi I: 5.82132e-52
Total charge: -4.92338e-20
etaHat: 124879
98  fE: -3.01952  dfE: 0.00864498  dW: 0.0213748  dPhi(Nx/2)(Ny/2)(Nz/2): 0.00936603 Phi A: 0.039387 Phi B: 0.951748 Phi I: 5.82132e-52
Total charge: -4.92548e-20
etaHat: 124879
99  fE: -3.01269  dfE: 0.00682676  dW: 0.0279352  dPhi(Nx/2)(Ny/2)(Nz/2): 0.0088691 Phi A: 0.0394038 Phi B: 0.952212 Phi I: 5.82132e-52
Total charge: -4.92928e-20
etaHat: 124879
100  fE: -3.00782  dfE: 0.00486826  dW: 0.0423683  dPhi(Nx/2)(Ny/2)(Nz/2): 0.00800127 Phi A: 0.0394342 Phi B: 0.953029 Phi I: 5.82132e-52
Saving data . . .
Total charge: -4.93428e-20
etaHat: 124879
101  fE: -3.00495  dfE: 0.00287595  dW: 0.0559835  dPhi(Nx/2)(Ny/2)(Nz/2): 0.00684252 Phi A: 0.0394742 Phi B: 0.954123 Phi I: 5.82133e-52
Total charge: -4.93999e-20
etaHat: 124879
102  fE: -3.004  dfE: 0.000947372  dW: 0.0655578  dPhi(Nx/2)(Ny/2)(Nz/2): 0.00547874 Phi A: 0.0395199 Phi B: 0.955412 Phi I: 5.82134e-52
Total charge: -4.94592e-20
etaHat: 124879
103  fE: -3.00483  dfE: 0.000831965  dW: 0.0704672  dPhi(Nx/2)(Ny/2)(Nz/2): 0.00399711 Phi A: 0.0395674 Phi B: 0.956814 Phi I: 5.82135e-52
Total charge: -4.95165e-20
etaHat: 124879
104  fE: -3.00722  dfE: 0.00239109  dW: 0.0708985  dPhi(Nx/2)(Ny/2)(Nz/2): 0.00248183 Phi A: 0.0396132 Phi B: 0.958249 Phi I: 5.82135e-52
Total charge: -4.9568e-20
etaHat: 124879
105  fE: -3.0109  dfE: 0.00367558  dW: 0.0673239  dPhi(Nx/2)(Ny/2)(Nz/2): 0.00101035 Phi A: 0.0396544 Phi B: 0.959643 Phi I: 5.82136e-52
Total charge: -4.96107e-20
etaHat: 124879
106  fE: -3.01555  dfE: 0.00464884  dW: 0.0604686  dPhi(Nx/2)(Ny/2)(Nz/2): -0.00034986 Phi A: 0.0396885 Phi B: 0.960932 Phi I: 5.82137e-52
Total charge: -4.96422e-20
etaHat: 124879
107  fE: -3.02084  dfE: 0.00529267  dW: 0.0513453  dPhi(Nx/2)(Ny/2)(Nz/2): -0.00154365 Phi A: 0.0397138 Phi B: 0.962062 Phi I: 5.82137e-52
Total charge: -4.96613e-20
etaHat: 124879
108  fE: -3.02645  dfE: 0.00560678  dW: 0.0413464  dPhi(Nx/2)(Ny/2)(Nz/2): -0.00252978 Phi A: 0.0397291 Phi B: 0.962993 Phi I: 5.82138e-52
Total charge: -4.96674e-20
etaHat: 124879
109  fE: -3.03205  dfE: 0.00560761  dW: 0.0321667  dPhi(Nx/2)(Ny/2)(Nz/2): -0.00328169 Phi A: 0.0397339 Phi B: 0.963702 Phi I: 5.82138e-52
Total charge: -4.96605e-20
etaHat: 124879
110  fE: -3.03738  dfE: 0.00532612  dW: 0.025404  dPhi(Nx/2)(Ny/2)(Nz/2): -0.00378732 Phi A: 0.0397284 Phi B: 0.964175 Phi I: 5.82139e-52
Saving data . . .
Total charge: -4.96416e-20
etaHat: 124879
111  fE: -3.04218  dfE: 0.00480498  dW: 0.0223754  dPhi(Nx/2)(Ny/2)(Nz/2): -0.00404833 Phi A: 0.0397133 Phi B: 0.964414 Phi I: 5.82139e-52
Total charge: -4.96121e-20
etaHat: 124879
112  fE: -3.04628  dfE: 0.0040952  dW: 0.0233496  dPhi(Nx/2)(Ny/2)(Nz/2): -0.00407853 Phi A: 0.0396897 Phi B: 0.964433 Phi I: 5.82139e-52
Total charge: -4.95738e-20
etaHat: 124879
113  fE: -3.04953  dfE: 0.00325261  dW: 0.027333  dPhi(Nx/2)(Ny/2)(Nz/2): -0.00390193 Phi A: 0.039659 Phi B: 0.964253 Phi I: 5.82139e-52
Total charge: -4.95289e-20
etaHat: 124879
114  fE: -3.05187  dfE: 0.00233422  dW: 0.0326095  dPhi(Nx/2)(Ny/2)(Nz/2): -0.00355041 Phi A: 0.0396231 Phi B: 0.963906 Phi I: 5.82138e-52
Total charge: -4.94795e-20
etaHat: 124879
115  fE: -3.05326  dfE: 0.00139506  dW: 0.0375628  dPhi(Nx/2)(Ny/2)(Nz/2): -0.00306123 Phi A: 0.0395836 Phi B: 0.963427 Phi I: 5.82138e-52
Total charge: -4.94281e-20
etaHat: 124879
116  fE: -3.05375  dfE: 0.000485256  dW: 0.0411458  dPhi(Nx/2)(Ny/2)(Nz/2): -0.00247452 Phi A: 0.0395425 Phi B: 0.962855 Phi I: 5.82138e-52
Total charge: -4.93767e-20
etaHat: 124879
117  fE: -3.0534  dfE: 0.000352046  dW: 0.0428734  dPhi(Nx/2)(Ny/2)(Nz/2): -0.00183093 Phi A: 0.0395014 Phi B: 0.962228 Phi I: 5.82137e-52
Total charge: -4.93274e-20
etaHat: 124879
118  fE: -3.05231  dfE: 0.00108227  dW: 0.0426773  dPhi(Nx/2)(Ny/2)(Nz/2): -0.00116949 Phi A: 0.0394619 Phi B: 0.961585 Phi I: 5.82137e-52
Total charge: -4.92817e-20
etaHat: 124879
119  fE: -3.05063  dfE: 0.0016802  dW: 0.0407054  dPhi(Nx/2)(Ny/2)(Nz/2): -0.000525871 Phi A: 0.0394253 Phi B: 0.960959 Phi I: 5.82136e-52
Total charge: -4.9241e-20
etaHat: 124879
120  fE: -3.0485  dfE: 0.0021302  dW: 0.0372513  dPhi(Nx/2)(Ny/2)(Nz/2): 6.91111e-05 Phi A: 0.0393928 Phi B: 0.96038 Phi I: 5.82136e-52
Saving data . . .
Total charge: -4.92063e-20
etaHat: 124879
121  fE: -3.04608  dfE: 0.00242587  dW: 0.0327257  dPhi(Nx/2)(Ny/2)(Nz/2): 0.000590442 Phi A: 0.039365 Phi B: 0.959873 Phi I: 5.82136e-52
Total charge: -4.91782e-20
etaHat: 124879
122  fE: -3.04351  dfE: 0.00256923  dW: 0.0276711  dPhi(Nx/2)(Ny/2)(Nz/2): 0.00101954 Phi A: 0.0393425 Phi B: 0.959456 Phi I: 5.82135e-52
Total charge: -4.91568e-20
etaHat: 124879
123  fE: -3.04094  dfE: 0.00256966  dW: 0.0227404  dPhi(Nx/2)(Ny/2)(Nz/2): 0.00134446 Phi A: 0.0393255 Phi B: 0.95914 Phi I: 5.82135e-52
Total charge: -4.91422e-20
etaHat: 124879
124  fE: -3.0385  dfE: 0.00244253  dW: 0.0186158  dPhi(Nx/2)(Ny/2)(Nz/2): 0.00155978 Phi A: 0.0393137 Phi B: 0.95893 Phi I: 5.82135e-52
Total charge: -4.91337e-20
etaHat: 124879
125  fE: -3.03629  dfE: 0.00220778  dW: 0.0158091  dPhi(Nx/2)(Ny/2)(Nz/2): 0.00166616 Phi A: 0.039307 Phi B: 0.958826 Phi I: 5.82135e-52
Total charge: -4.9131e-20
etaHat: 124879
126  fE: -3.0344  dfE: 0.00188842  dW: 0.014455  dPhi(Nx/2)(Ny/2)(Nz/2): 0.00166964 Phi A: 0.0393048 Phi B: 0.958823 Phi I: 5.82135e-52
Total charge: -4.91329e-20
etaHat: 124879
127  fE: -3.03289  dfE: 0.00150914  dW: 0.0143339  dPhi(Nx/2)(Ny/2)(Nz/2): 0.0015808 Phi A: 0.0393063 Phi B: 0.95891 Phi I: 5.82135e-52
Total charge: -4.91387e-20
etaHat: 124879
128  fE: -3.03179  dfE: 0.0010949  dW: 0.0150123  dPhi(Nx/2)(Ny/2)(Nz/2): 0.00141373 Phi A: 0.039311 Phi B: 0.959074 Phi I: 5.82135e-52
Total charge: -4.91472e-20
etaHat: 124879
129  fE: -3.03113  dfE: 0.000669756  dW: 0.0160147  dPhi(Nx/2)(Ny/2)(Nz/2): 0.001185 Phi A: 0.0393178 Phi B: 0.959298 Phi I: 5.82135e-52
Total charge: -4.91574e-20
etaHat: 124879
130  fE: -3.03087  dfE: 0.000255797  dW: 0.0169271  dPhi(Nx/2)(Ny/2)(Nz/2): 0.000912556 Phi A: 0.0393259 Phi B: 0.959567 Phi I: 5.82135e-52
Saving data . . .
Total charge: -4.91683e-20
etaHat: 124879
131  fE: -3.031  dfE: 0.000127702  dW: 0.0174633  dPhi(Nx/2)(Ny/2)(Nz/2): 0.000614684 Phi A: 0.0393346 Phi B: 0.959861 Phi I: 5.82135e-52
Total charge: -4.91789e-20
etaHat: 124879
132  fE: -3.03146  dfE: 0.000464922  dW: 0.017498  dPhi(Nx/2)(Ny/2)(Nz/2): 0.000309085 Phi A: 0.0393431 Phi B: 0.960165 Phi I: 5.82136e-52
Total charge: -4.91884e-20
etaHat: 124879
133  fE: -3.03221  dfE: 0.00074393  dW: 0.0170329  dPhi(Nx/2)(Ny/2)(Nz/2): 1.20358e-05 Phi A: 0.0393508 Phi B: 0.960461 Phi I: 5.82136e-52
Total charge: -4.91963e-20
etaHat: 124879
134  fE: -3.03316  dfE: 0.000956871  dW: 0.0161739  dPhi(Nx/2)(Ny/2)(Nz/2): -0.000262276 Phi A: 0.039357 Phi B: 0.960737 Phi I: 5.82136e-52
Total charge: -4.92019e-20
etaHat: 124879
135  fE: -3.03426  dfE: 0.00109996  dW: 0.015096  dPhi(Nx/2)(Ny/2)(Nz/2): -0.000502251 Phi A: 0.0393616 Phi B: 0.96098 Phi I: 5.82136e-52
Total charge: -4.92051e-20
etaHat: 124879
136  fE: -3.03544  dfE: 0.00117328  dW: 0.0139885  dPhi(Nx/2)(Ny/2)(Nz/2): -0.000699193 Phi A: 0.0393641 Phi B: 0.961183 Phi I: 5.82136e-52
Total charge: -4.92056e-20
etaHat: 124879
137  fE: -3.03662  dfE: 0.00118038  dW: 0.0130265  dPhi(Nx/2)(Ny/2)(Nz/2): -0.000847455 Phi A: 0.0393645 Phi B: 0.961339 Phi I: 5.82136e-52
Total charge: -4.92034e-20
etaHat: 124879
138  fE: -3.03774  dfE: 0.00112776  dW: 0.0123537  dPhi(Nx/2)(Ny/2)(Nz/2): -0.000944404 Phi A: 0.0393627 Phi B: 0.961446 Phi I: 5.82136e-52
Total charge: -4.91988e-20
etaHat: 124879
139  fE: -3.03877  dfE: 0.00102428  dW: 0.0120114  dPhi(Nx/2)(Ny/2)(Nz/2): -0.000990246 Phi A: 0.039359 Phi B: 0.961504 Phi I: 5.82136e-52
Total charge: -4.91919e-20
etaHat: 124879
140  fE: -3.03965  dfE: 0.000880407  dW: 0.0119817  dPhi(Nx/2)(Ny/2)(Nz/2): -0.000987725 Phi A: 0.0393536 Phi B: 0.961515 Phi I: 5.82136e-52
Saving data . . .
Total charge: -4.91833e-20
etaHat: 124879
141  fE: -3.04036  dfE: 0.000707585  dW: 0.0121928  dPhi(Nx/2)(Ny/2)(Nz/2): -0.000941718 Phi A: 0.0393466 Phi B: 0.961484 Phi I: 5.82136e-52
Total charge: -4.91731e-20
etaHat: 124879
142  fE: -3.04087  dfE: 0.000517511  dW: 0.0125236  dPhi(Nx/2)(Ny/2)(Nz/2): -0.00085877 Phi A: 0.0393385 Phi B: 0.961417 Phi I: 5.82136e-52
Total charge: -4.91621e-20
etaHat: 124879
143  fE: -3.0412  dfE: 0.000321526  dW: 0.0128483  dPhi(Nx/2)(Ny/2)(Nz/2): -0.000746593 Phi A: 0.0393297 Phi B: 0.961321 Phi I: 5.82136e-52
Total charge: -4.91506e-20
etaHat: 124879
144  fE: -3.04133  dfE: 0.000130072  dW: 0.0130691  dPhi(Nx/2)(Ny/2)(Nz/2): -0.000613552 Phi A: 0.0393204 Phi B: 0.961204 Phi I: 5.82136e-52
Total charge: -4.9139e-20
etaHat: 124879
145  fE: -3.04128  dfE: 4.77398e-05  dW: 0.0131258  dPhi(Nx/2)(Ny/2)(Nz/2): -0.000468185 Phi A: 0.0393112 Phi B: 0.961074 Phi I: 5.82136e-52
Total charge: -4.91278e-20
etaHat: 124879
146  fE: -3.04107  dfE: 0.000204455  dW: 0.012989  dPhi(Nx/2)(Ny/2)(Nz/2): -0.000318753 Phi A: 0.0393023 Phi B: 0.96094 Phi I: 5.82136e-52
Total charge: -4.91174e-20
etaHat: 124879
147  fE: -3.04074  dfE: 0.00033447  dW: 0.0126671  dPhi(Nx/2)(Ny/2)(Nz/2): -0.000172855 Phi A: 0.0392939 Phi B: 0.960808 Phi I: 5.82136e-52
Total charge: -4.9108e-20
etaHat: 124879
148  fE: -3.0403  dfE: 0.000434114  dW: 0.0122  dPhi(Nx/2)(Ny/2)(Nz/2): -3.71252e-05 Phi A: 0.0392864 Phi B: 0.960685 Phi I: 5.82136e-52
Total charge: -4.90999e-20
etaHat: 124879
149  fE: -3.0398  dfE: 0.000501627  dW: 0.011645  dPhi(Nx/2)(Ny/2)(Nz/2): 8.30044e-05 Phi A: 0.0392799 Phi B: 0.960577 Phi I: 5.82136e-52
Total charge: -4.90931e-20
etaHat: 124879
150  fE: -3.03927  dfE: 0.000537041  dW: 0.0110669  dPhi(Nx/2)(Ny/2)(Nz/2): 0.000183442 Phi A: 0.0392745 Phi B: 0.960486 Phi I: 5.82136e-52
Saving data . . .
Total charge: -4.90878e-20
etaHat: 124879
151  fE: -3.03872  dfE: 0.00054198  dW: 0.0105239  dPhi(Nx/2)(Ny/2)(Nz/2): 0.000261503 Phi A: 0.0392703 Phi B: 0.960417 Phi I: 5.82136e-52
Total charge: -4.9084e-20
etaHat: 124879
152  fE: -3.0382  dfE: 0.000519415  dW: 0.010066  dPhi(Nx/2)(Ny/2)(Nz/2): 0.000315893 Phi A: 0.0392672 Phi B: 0.96037 Phi I: 5.82136e-52
Total charge: -4.90815e-20
etaHat: 124879
153  fE: -3.03773  dfE: 0.000473367  dW: 0.00971341  dPhi(Nx/2)(Ny/2)(Nz/2): 0.000346629 Phi A: 0.0392652 Phi B: 0.960345 Phi I: 5.82136e-52
Total charge: -4.90802e-20
etaHat: 124879
154  fE: -3.03732  dfE: 0.000408597  dW: 0.00946487  dPhi(Nx/2)(Ny/2)(Nz/2): 0.000354901 Phi A: 0.0392642 Phi B: 0.960342 Phi I: 5.82136e-52
Total charge: -4.908e-20
etaHat: 124879
155  fE: -3.03699  dfE: 0.000330293  dW: 0.00930627  dPhi(Nx/2)(Ny/2)(Nz/2): 0.000342893 Phi A: 0.039264 Phi B: 0.960358 Phi I: 5.82136e-52
Total charge: -4.90806e-20
etaHat: 124879
156  fE: -3.03675  dfE: 0.000243769  dW: 0.00921246  dPhi(Nx/2)(Ny/2)(Nz/2): 0.000313566 Phi A: 0.0392645 Phi B: 0.96039 Phi I: 5.82136e-52
Total charge: -4.90819e-20
etaHat: 124879
157  fE: -3.03659  dfE: 0.000154188  dW: 0.00915135  dPhi(Nx/2)(Ny/2)(Nz/2): 0.000270437 Phi A: 0.0392655 Phi B: 0.960436 Phi I: 5.82136e-52
Total charge: -4.90835e-20
etaHat: 124879
158  fE: -3.03653  dfE: 6.6326e-05  dW: 0.00909459  dPhi(Nx/2)(Ny/2)(Nz/2): 0.000217344 Phi A: 0.0392668 Phi B: 0.960492 Phi I: 5.82136e-52
Total charge: -4.90854e-20
etaHat: 124879
159  fE: -3.03654  dfE: 1.56275e-05  dW: 0.00902135  dPhi(Nx/2)(Ny/2)(Nz/2): 0.000158221 Phi A: 0.0392683 Phi B: 0.960554 Phi I: 5.82136e-52
Total charge: -4.90873e-20
etaHat: 124879
160  fE: -3.03663  dfE: 8.82122e-05  dW: 0.00891911  dPhi(Nx/2)(Ny/2)(Nz/2): 9.68966e-05 Phi A: 0.0392698 Phi B: 0.960618 Phi I: 5.82136e-52
Saving data . . .
Total charge: -4.90889e-20
etaHat: 124879
161  fE: -3.03678  dfE: 0.000148794  dW: 0.00878621  dPhi(Nx/2)(Ny/2)(Nz/2): 3.69103e-05 Phi A: 0.0392711 Phi B: 0.960681 Phi I: 5.82136e-52
Total charge: -4.90903e-20
etaHat: 124879
162  fE: -3.03698  dfE: 0.000195612  dW: 0.0086289  dPhi(Nx/2)(Ny/2)(Nz/2): -1.86296e-05 Phi A: 0.0392722 Phi B: 0.96074 Phi I: 5.82136e-52
Total charge: -4.90912e-20
etaHat: 124879
163  fE: -3.0372  dfE: 0.00022777  dW: 0.00845863  dPhi(Nx/2)(Ny/2)(Nz/2): -6.71581e-05 Phi A: 0.0392729 Phi B: 0.960792 Phi I: 5.82136e-52
Total charge: -4.90916e-20
etaHat: 124879
164  fE: -3.03745  dfE: 0.0002452  dW: 0.00828797  dPhi(Nx/2)(Ny/2)(Nz/2): -0.000106724 Phi A: 0.0392733 Phi B: 0.960836 Phi I: 5.82136e-52
Total charge: -4.90915e-20
etaHat: 124879
165  fE: -3.0377  dfE: 0.000248573  dW: 0.00812947  dPhi(Nx/2)(Ny/2)(Nz/2): -0.000136022 Phi A: 0.0392732 Phi B: 0.960871 Phi I: 5.82136e-52
Total charge: -4.90908e-20
etaHat: 124879
166  fE: -3.03794  dfE: 0.000239192  dW: 0.0079908  dPhi(Nx/2)(Ny/2)(Nz/2): -0.000154396 Phi A: 0.0392726 Phi B: 0.960895 Phi I: 5.82136e-52
Total charge: -4.90896e-20
etaHat: 124879
167  fE: -3.03816  dfE: 0.000218859  dW: 0.00787448  dPhi(Nx/2)(Ny/2)(Nz/2): -0.000161797 Phi A: 0.0392717 Phi B: 0.960909 Phi I: 5.82136e-52
Total charge: -4.9088e-20
etaHat: 124879
168  fE: -3.03835  dfE: 0.000189739  dW: 0.00777992  dPhi(Nx/2)(Ny/2)(Nz/2): -0.000158729 Phi A: 0.0392704 Phi B: 0.960913 Phi I: 5.82136e-52
Total charge: -4.90859e-20
etaHat: 124879
169  fE: -3.0385  dfE: 0.000154204  dW: 0.00770225  dPhi(Nx/2)(Ny/2)(Nz/2): -0.000146165 Phi A: 0.0392687 Phi B: 0.960908 Phi I: 5.82136e-52
Total charge: -4.90836e-20
etaHat: 124879
170  fE: -3.03861  dfE: 0.000114702  dW: 0.0076341  dPhi(Nx/2)(Ny/2)(Nz/2): -0.00012545 Phi A: 0.0392669 Phi B: 0.960895 Phi I: 5.82136e-52
Saving data . . .
Total charge: -4.90811e-20
etaHat: 124879
171  fE: -3.03869  dfE: 7.36209e-05  dW: 0.00756754  dPhi(Nx/2)(Ny/2)(Nz/2): -9.81948e-05 Phi A: 0.0392648 Phi B: 0.960876 Phi I: 5.82136e-52
Total charge: -4.90784e-20
etaHat: 124879
172  fE: -3.03872  dfE: 3.31763e-05  dW: 0.00749563  dPhi(Nx/2)(Ny/2)(Nz/2): -6.61734e-05 Phi A: 0.0392627 Phi B: 0.960852 Phi I: 5.82136e-52
Total charge: -4.90758e-20
etaHat: 124879
173  fE: -3.03872  dfE: 4.68017e-06  dW: 0.00741368  dPhi(Nx/2)(Ny/2)(Nz/2): -3.12142e-05 Phi A: 0.0392606 Phi B: 0.960825 Phi I: 5.82136e-52
Total charge: -4.90732e-20
etaHat: 124879
174  fE: -3.03868  dfE: 3.83316e-05  dW: 0.00731986  dPhi(Nx/2)(Ny/2)(Nz/2): 4.8932e-06 Phi A: 0.0392586 Phi B: 0.960797 Phi I: 5.82136e-52
Total charge: -4.90708e-20
etaHat: 124879
175  fE: -3.03861  dfE: 6.65412e-05  dW: 0.00721459  dPhi(Nx/2)(Ny/2)(Nz/2): 4.0482e-05 Phi A: 0.0392566 Phi B: 0.960769 Phi I: 5.82136e-52
Total charge: -4.90686e-20
etaHat: 124879
176  fE: -3.03852  dfE: 8.84739e-05  dW: 0.00710063  dPhi(Nx/2)(Ny/2)(Nz/2): 7.40771e-05 Phi A: 0.0392549 Phi B: 0.960743 Phi I: 5.82136e-52
Total charge: -4.90667e-20
etaHat: 124879
177  fE: -3.03842  dfE: 0.000103696  dW: 0.00698124  dPhi(Nx/2)(Ny/2)(Nz/2): 0.000104447 Phi A: 0.0392533 Phi B: 0.96072 Phi I: 5.82136e-52
Total charge: -4.9065e-20
etaHat: 124879
178  fE: -3.03831  dfE: 0.000112153  dW: 0.00686011  dPhi(Nx/2)(Ny/2)(Nz/2): 0.000130639 Phi A: 0.039252 Phi B: 0.960701 Phi I: 5.82136e-52
Total charge: -4.90637e-20
etaHat: 124879
179  fE: -3.03819  dfE: 0.000114134  dW: 0.0067407  dPhi(Nx/2)(Ny/2)(Nz/2): 0.000151994 Phi A: 0.039251 Phi B: 0.960685 Phi I: 5.82136e-52
Total charge: -4.90627e-20
etaHat: 124879
180  fE: -3.03808  dfE: 0.000110221  dW: 0.00662699  dPhi(Nx/2)(Ny/2)(Nz/2): 0.000168151 Phi A: 0.0392502 Phi B: 0.960675 Phi I: 5.82136e-52
Saving data . . .
Total charge: -4.9062e-20
etaHat: 124879
181  fE: -3.03798  dfE: 0.000101228  dW: 0.00652182  dPhi(Nx/2)(Ny/2)(Nz/2): 0.000179029 Phi A: 0.0392496 Phi B: 0.960669 Phi I: 5.82136e-52
Total charge: -4.90615e-20
etaHat: 124879
182  fE: -3.03789  dfE: 8.81358e-05  dW: 0.00642549  dPhi(Nx/2)(Ny/2)(Nz/2): 0.000184802 Phi A: 0.0392492 Phi B: 0.960668 Phi I: 5.82136e-52
Total charge: -4.90613e-20
etaHat: 124879
183  fE: -3.03782  dfE: 7.2027e-05  dW: 0.00633681  dPhi(Nx/2)(Ny/2)(Nz/2): 0.000185865 Phi A: 0.0392491 Phi B: 0.960671 Phi I: 5.82136e-52
Total charge: -4.90613e-20
etaHat: 124879
184  fE: -3.03777  dfE: 5.40206e-05  dW: 0.00625403  dPhi(Nx/2)(Ny/2)(Nz/2): 0.000182789 Phi A: 0.039249 Phi B: 0.960677 Phi I: 5.82136e-52
Total charge: -4.90614e-20
etaHat: 124879
185  fE: -3.03773  dfE: 3.52129e-05  dW: 0.00617549  dPhi(Nx/2)(Ny/2)(Nz/2): 0.000176272 Phi A: 0.0392491 Phi B: 0.960687 Phi I: 5.82136e-52
Total charge: -4.90616e-20
etaHat: 124879
186  fE: -3.03772  dfE: 1.66247e-05  dW: 0.00609935  dPhi(Nx/2)(Ny/2)(Nz/2): 0.000167095 Phi A: 0.0392493 Phi B: 0.960698 Phi I: 5.82136e-52
Total charge: -4.90619e-20
etaHat: 124879
187  fE: -3.03772  dfE: 8.40862e-07  dW: 0.00602416  dPhi(Nx/2)(Ny/2)(Nz/2): 0.000156069 Phi A: 0.0392495 Phi B: 0.960711 Phi I: 5.82136e-52
Total charge: -4.90622e-20
etaHat: 124879
188  fE: -3.03773  dfE: 1.64312e-05  dW: 0.00594875  dPhi(Nx/2)(Ny/2)(Nz/2): 0.000143999 Phi A: 0.0392498 Phi B: 0.960725 Phi I: 5.82136e-52
Total charge: -4.90625e-20
etaHat: 124879
189  fE: -3.03776  dfE: 2.9566e-05  dW: 0.00587264  dPhi(Nx/2)(Ny/2)(Nz/2): 0.000131636 Phi A: 0.03925 Phi B: 0.960738 Phi I: 5.82136e-52
Total charge: -4.90627e-20
etaHat: 124879
190  fE: -3.0378  dfE: 3.98482e-05  dW: 0.00579634  dPhi(Nx/2)(Ny/2)(Nz/2): 0.000119653 Phi A: 0.0392501 Phi B: 0.960751 Phi I: 5.82136e-52
Saving data . . .
Total charge: -4.90628e-20
etaHat: 124879
191  fE: -3.03785  dfE: 4.70644e-05  dW: 0.00572045  dPhi(Nx/2)(Ny/2)(Nz/2): 0.000108616 Phi A: 0.0392502 Phi B: 0.960762 Phi I: 5.82136e-52
Total charge: -4.90628e-20
etaHat: 124879
192  fE: -3.0379  dfE: 5.11764e-05  dW: 0.00564578  dPhi(Nx/2)(Ny/2)(Nz/2): 9.89719e-05 Phi A: 0.0392502 Phi B: 0.960772 Phi I: 5.82136e-52
Total charge: -4.90627e-20
etaHat: 124879
193  fE: -3.03795  dfE: 5.23047e-05  dW: 0.00557293  dPhi(Nx/2)(Ny/2)(Nz/2): 9.10345e-05 Phi A: 0.0392501 Phi B: 0.960779 Phi I: 5.82136e-52
Total charge: -4.90625e-20
etaHat: 124879
194  fE: -3.038  dfE: 5.07059e-05  dW: 0.00550248  dPhi(Nx/2)(Ny/2)(Nz/2): 8.4988e-05 Phi A: 0.03925 Phi B: 0.960785 Phi I: 5.82136e-52
Total charge: -4.90622e-20
etaHat: 124879
195  fE: -3.03805  dfE: 4.6746e-05  dW: 0.00543472  dPhi(Nx/2)(Ny/2)(Nz/2): 8.08906e-05 Phi A: 0.0392497 Phi B: 0.960788 Phi I: 5.82136e-52
Total charge: -4.90618e-20
etaHat: 124879
196  fE: -3.03809  dfE: 4.08698e-05  dW: 0.00536942  dPhi(Nx/2)(Ny/2)(Nz/2): 7.86865e-05 Phi A: 0.0392494 Phi B: 0.960789 Phi I: 5.82136e-52
Total charge: -4.90613e-20
etaHat: 124879
197  fE: -3.03813  dfE: 3.35717e-05  dW: 0.0053062  dPhi(Nx/2)(Ny/2)(Nz/2): 7.82222e-05 Phi A: 0.039249 Phi B: 0.960788 Phi I: 5.82136e-52
Total charge: -4.90607e-20
etaHat: 124879
198  fE: -3.03815  dfE: 2.53646e-05  dW: 0.00524442  dPhi(Nx/2)(Ny/2)(Nz/2): 7.9265e-05 Phi A: 0.0392486 Phi B: 0.960786 Phi I: 5.82136e-52
Total charge: -4.90601e-20
etaHat: 124879
199  fE: -3.03817  dfE: 1.67531e-05  dW: 0.00518368  dPhi(Nx/2)(Ny/2)(Nz/2): 8.15249e-05 Phi A: 0.0392481 Phi B: 0.960782 Phi I: 5.82136e-52
Total charge: -4.90595e-20
etaHat: 124879
200  fE: -3.03818  dfE: 8.20929e-06  dW: 0.00512336  dPhi(Nx/2)(Ny/2)(Nz/2): 8.4676e-05 Phi A: 0.0392476 Phi B: 0.960777 Phi I: 5.82136e-52
Saving data . . .
Total charge: -4.90589e-20
etaHat: 124879
201  fE: -3.03818  dfE: 1.51948e-07  dW: 0.00506305  dPhi(Nx/2)(Ny/2)(Nz/2): 8.8378e-05 Phi A: 0.0392471 Phi B: 0.960772 Phi I: 5.82136e-52
Total charge: -4.90583e-20
etaHat: 124879
202  fE: -3.03817  dfE: 7.06817e-06  dW: 0.00500252  dPhi(Nx/2)(Ny/2)(Nz/2): 9.2296e-05 Phi A: 0.0392466 Phi B: 0.960766 Phi I: 5.82136e-52
Total charge: -4.90577e-20
etaHat: 124879
203  fE: -3.03816  dfE: 1.31789e-05  dW: 0.0049417  dPhi(Nx/2)(Ny/2)(Nz/2): 9.61176e-05 Phi A: 0.0392462 Phi B: 0.96076 Phi I: 5.82136e-52
Total charge: -4.90572e-20
etaHat: 124879
204  fE: -3.03814  dfE: 1.79921e-05  dW: 0.00488071  dPhi(Nx/2)(Ny/2)(Nz/2): 9.95677e-05 Phi A: 0.0392458 Phi B: 0.960755 Phi I: 5.82136e-52
Total charge: -4.90567e-20
etaHat: 124879
205  fE: -3.03812  dfE: 2.14038e-05  dW: 0.00481994  dPhi(Nx/2)(Ny/2)(Nz/2): 0.000102419 Phi A: 0.0392454 Phi B: 0.96075 Phi I: 5.82136e-52
Total charge: -4.90563e-20
etaHat: 124879
206  fE: -3.03809  dfE: 2.33911e-05  dW: 0.0047597  dPhi(Nx/2)(Ny/2)(Nz/2): 0.0001045 Phi A: 0.0392451 Phi B: 0.960746 Phi I: 5.82136e-52
Total charge: -4.9056e-20
etaHat: 124879
207  fE: -3.03807  dfE: 2.40043e-05  dW: 0.00470028  dPhi(Nx/2)(Ny/2)(Nz/2): 0.000105698 Phi A: 0.0392448 Phi B: 0.960742 Phi I: 5.82136e-52
Total charge: -4.90557e-20
etaHat: 124879
208  fE: -3.03805  dfE: 2.33571e-05  dW: 0.00464185  dPhi(Nx/2)(Ny/2)(Nz/2): 0.000105958 Phi A: 0.0392446 Phi B: 0.96074 Phi I: 5.82136e-52
Total charge: -4.90555e-20
etaHat: 124879
209  fE: -3.03802  dfE: 2.16139e-05  dW: 0.00458452  dPhi(Nx/2)(Ny/2)(Nz/2): 0.000105285 Phi A: 0.0392444 Phi B: 0.960739 Phi I: 5.82136e-52
Total charge: -4.90554e-20
etaHat: 124879
210  fE: -3.038  dfE: 1.89766e-05  dW: 0.00452856  dPhi(Nx/2)(Ny/2)(Nz/2): 0.000103733 Phi A: 0.0392443 Phi B: 0.960738 Phi I: 5.82136e-52
Saving data . . .
Total charge: -4.90553e-20
etaHat: 124879
211  fE: -3.03799  dfE: 1.56705e-05  dW: 0.00447398  dPhi(Nx/2)(Ny/2)(Nz/2): 0.000101399 Phi A: 0.0392443 Phi B: 0.960739 Phi I: 5.82136e-52
Total charge: -4.90553e-20
etaHat: 124879
212  fE: -3.03798  dfE: 1.19305e-05  dW: 0.00442073  dPhi(Nx/2)(Ny/2)(Nz/2): 9.84148e-05 Phi A: 0.0392442 Phi B: 0.96074 Phi I: 5.82136e-52
Total charge: -4.90553e-20
etaHat: 124879
213  fE: -3.03797  dfE: 7.98852e-06  dW: 0.00436881  dPhi(Nx/2)(Ny/2)(Nz/2): 9.49386e-05 Phi A: 0.0392442 Phi B: 0.960742 Phi I: 5.82136e-52
Total charge: -4.90553e-20
etaHat: 124879
214  fE: -3.03796  dfE: 4.06219e-06  dW: 0.00431794  dPhi(Nx/2)(Ny/2)(Nz/2): 9.11416e-05 Phi A: 0.0392442 Phi B: 0.960744 Phi I: 5.82136e-52
Total charge: -4.90553e-20
etaHat: 124879
215  fE: -3.03796  dfE: 3.4556e-07  dW: 0.00426796  dPhi(Nx/2)(Ny/2)(Nz/2): 8.71997e-05 Phi A: 0.0392442 Phi B: 0.960747 Phi I: 5.82136e-52
Total charge: -4.90553e-20
etaHat: 124879
216  fE: -3.03797  dfE: 2.99812e-06  dW: 0.00421876  dPhi(Nx/2)(Ny/2)(Nz/2): 8.32844e-05 Phi A: 0.0392443 Phi B: 0.96075 Phi I: 5.82136e-52
Total charge: -4.90554e-20
etaHat: 124879
217  fE: -3.03797  dfE: 5.84132e-06  dW: 0.00417031  dPhi(Nx/2)(Ny/2)(Nz/2): 7.95543e-05 Phi A: 0.0392443 Phi B: 0.960753 Phi I: 5.82136e-52
Total charge: -4.90554e-20
etaHat: 124879
218  fE: -3.03798  dfE: 8.09484e-06  dW: 0.00412268  dPhi(Nx/2)(Ny/2)(Nz/2): 7.61485e-05 Phi A: 0.0392443 Phi B: 0.960756 Phi I: 5.82136e-52
Total charge: -4.90554e-20
etaHat: 124879
219  fE: -3.03799  dfE: 9.70821e-06  dW: 0.00407582  dPhi(Nx/2)(Ny/2)(Nz/2): 7.31817e-05 Phi A: 0.0392443 Phi B: 0.960758 Phi I: 5.82136e-52
Total charge: -4.90554e-20
etaHat: 124879
220  fE: -3.038  dfE: 1.06682e-05  dW: 0.0040298  dPhi(Nx/2)(Ny/2)(Nz/2): 7.07403e-05 Phi A: 0.0392443 Phi B: 0.96076 Phi I: 5.82136e-52
Saving data . . .
Total charge: -4.90553e-20
etaHat: 124879
221  fE: -3.03801  dfE: 1.09954e-05  dW: 0.00398465  dPhi(Nx/2)(Ny/2)(Nz/2): 6.8881e-05 Phi A: 0.0392442 Phi B: 0.960762 Phi I: 5.82136e-52
Total charge: -4.90552e-20
etaHat: 124879
222  fE: -3.03802  dfE: 1.07401e-05  dW: 0.00394032  dPhi(Nx/2)(Ny/2)(Nz/2): 6.76308e-05 Phi A: 0.0392442 Phi B: 0.960763 Phi I: 5.82136e-52
Total charge: -4.90552e-20
etaHat: 124879
223  fE: -3.03803  dfE: 9.97596e-06  dW: 0.00389676  dPhi(Nx/2)(Ny/2)(Nz/2): 6.6988e-05 Phi A: 0.0392441 Phi B: 0.960764 Phi I: 5.82136e-52
Total charge: -4.90551e-20
etaHat: 124879
224  fE: -3.03804  dfE: 8.79455e-06  dW: 0.00385394  dPhi(Nx/2)(Ny/2)(Nz/2): 6.69251e-05 Phi A: 0.039244 Phi B: 0.960764 Phi I: 5.82136e-52
Total charge: -4.90549e-20
etaHat: 124879
225  fE: -3.03805  dfE: 7.29855e-06  dW: 0.00381185  dPhi(Nx/2)(Ny/2)(Nz/2): 6.73922e-05 Phi A: 0.039244 Phi B: 0.960764 Phi I: 5.82136e-52
Total charge: -4.90548e-20
etaHat: 124879
226  fE: -3.03806  dfE: 5.59555e-06  dW: 0.00377035  dPhi(Nx/2)(Ny/2)(Nz/2): 6.83212e-05 Phi A: 0.0392438 Phi B: 0.960764 Phi I: 5.82136e-52
Total charge: -4.90547e-20
etaHat: 124879
227  fE: -3.03806  dfE: 3.79217e-06  dW: 0.00372937  dPhi(Nx/2)(Ny/2)(Nz/2): 6.9631e-05 Phi A: 0.0392437 Phi B: 0.960763 Phi I: 5.82136e-52
Total charge: -4.90545e-20
etaHat: 124879
228  fE: -3.03806  dfE: 1.98887e-06  dW: 0.0036889  dPhi(Nx/2)(Ny/2)(Nz/2): 7.12319e-05 Phi A: 0.0392436 Phi B: 0.960762 Phi I: 5.82136e-52
Total charge: -4.90544e-20
etaHat: 124879
229  fE: -3.03806  dfE: 2.75543e-07  dW: 0.00364895  dPhi(Nx/2)(Ny/2)(Nz/2): 7.30305e-05 Phi A: 0.0392435 Phi B: 0.960761 Phi I: 5.82136e-52
Total charge: -4.90542e-20
etaHat: 124879
230  fE: -3.03806  dfE: 1.27183e-06  dW: 0.00360947  dPhi(Nx/2)(Ny/2)(Nz/2): 7.49346e-05 Phi A: 0.0392434 Phi B: 0.960759 Phi I: 5.82136e-52
Saving data . . .
Total charge: -4.90541e-20
etaHat: 124879
231  fE: -3.03806  dfE: 2.59352e-06  dW: 0.00357041  dPhi(Nx/2)(Ny/2)(Nz/2): 7.68567e-05 Phi A: 0.0392433 Phi B: 0.960758 Phi I: 5.82136e-52
Total charge: -4.9054e-20
etaHat: 124879
232  fE: -3.03805  dfE: 3.6473e-06  dW: 0.00353187  dPhi(Nx/2)(Ny/2)(Nz/2): 7.87176e-05 Phi A: 0.0392432 Phi B: 0.960757 Phi I: 5.82136e-52
Total charge: -4.90539e-20
etaHat: 124879
233  fE: -3.03805  dfE: 4.40874e-06  dW: 0.00349388  dPhi(Nx/2)(Ny/2)(Nz/2): 8.0449e-05 Phi A: 0.0392431 Phi B: 0.960756 Phi I: 5.82136e-52
Total charge: -4.90538e-20
etaHat: 124879
234  fE: -3.03804  dfE: 4.87056e-06  dW: 0.00345635  dPhi(Nx/2)(Ny/2)(Nz/2): 8.19953e-05 Phi A: 0.039243 Phi B: 0.960755 Phi I: 5.82136e-52
Total charge: -4.90537e-20
etaHat: 124879
235  fE: -3.03804  dfE: 5.04115e-06  dW: 0.00341929  dPhi(Nx/2)(Ny/2)(Nz/2): 8.33147e-05 Phi A: 0.0392429 Phi B: 0.960754 Phi I: 5.82136e-52
Total charge: -4.90536e-20
etaHat: 124879
236  fE: -3.03803  dfE: 4.94258e-06  dW: 0.00338276  dPhi(Nx/2)(Ny/2)(Nz/2): 8.43795e-05 Phi A: 0.0392429 Phi B: 0.960754 Phi I: 5.82136e-52
Total charge: -4.90536e-20
etaHat: 124879
237  fE: -3.03803  dfE: 4.60798e-06  dW: 0.00334676  dPhi(Nx/2)(Ny/2)(Nz/2): 8.51754e-05 Phi A: 0.0392428 Phi B: 0.960754 Phi I: 5.82136e-52
Total charge: -4.90535e-20
etaHat: 124879
238  fE: -3.03803  dfE: 4.07879e-06  dW: 0.00331133  dPhi(Nx/2)(Ny/2)(Nz/2): 8.5701e-05 Phi A: 0.0392428 Phi B: 0.960754 Phi I: 5.82136e-52
Total charge: -4.90535e-20
etaHat: 124879
239  fE: -3.03802  dfE: 3.4018e-06  dW: 0.00327644  dPhi(Nx/2)(Ny/2)(Nz/2): 8.5966e-05 Phi A: 0.0392428 Phi B: 0.960754 Phi I: 5.82136e-52
Total charge: -4.90535e-20
etaHat: 124879
240  fE: -3.03802  dfE: 2.62627e-06  dW: 0.0032421  dPhi(Nx/2)(Ny/2)(Nz/2): 8.59892e-05 Phi A: 0.0392428 Phi B: 0.960754 Phi I: 5.82136e-52
Saving data . . .
Total charge: -4.90534e-20
etaHat: 124879
241  fE: -3.03802  dfE: 1.80118e-06  dW: 0.00320827  dPhi(Nx/2)(Ny/2)(Nz/2): 8.5797e-05 Phi A: 0.0392428 Phi B: 0.960754 Phi I: 5.82136e-52
Total charge: -4.90534e-20
etaHat: 124879
242  fE: -3.03802  dfE: 9.72853e-07  dW: 0.00317493  dPhi(Nx/2)(Ny/2)(Nz/2): 8.54205e-05 Phi A: 0.0392428 Phi B: 0.960755 Phi I: 5.82136e-52
Total charge: -4.90534e-20
etaHat: 124879
243  fE: -3.03802  dfE: 1.82924e-07  dW: 0.00314209  dPhi(Nx/2)(Ny/2)(Nz/2): 8.4894e-05 Phi A: 0.0392428 Phi B: 0.960755 Phi I: 5.82136e-52
Total charge: -4.90534e-20
etaHat: 124879
244  fE: -3.03802  dfE: 5.33266e-07  dW: 0.00310973  dPhi(Nx/2)(Ny/2)(Nz/2): 8.42524e-05 Phi A: 0.0392427 Phi B: 0.960756 Phi I: 5.82136e-52
Total charge: -4.90534e-20
etaHat: 124879
245  fE: -3.03802  dfE: 1.14775e-06  dW: 0.00307785  dPhi(Nx/2)(Ny/2)(Nz/2): 8.35297e-05 Phi A: 0.0392427 Phi B: 0.960757 Phi I: 5.82136e-52
Total charge: -4.90534e-20
etaHat: 124879
246  fE: -3.03802  dfE: 1.64058e-06  dW: 0.00304642  dPhi(Nx/2)(Ny/2)(Nz/2): 8.27576e-05 Phi A: 0.0392427 Phi B: 0.960757 Phi I: 5.82136e-52
Total charge: -4.90534e-20
etaHat: 124879
247  fE: -3.03802  dfE: 1.99995e-06  dW: 0.00301541  dPhi(Nx/2)(Ny/2)(Nz/2): 8.19636e-05 Phi A: 0.0392427 Phi B: 0.960758 Phi I: 5.82136e-52
Total charge: -4.90534e-20
etaHat: 124879
248  fE: -3.03802  dfE: 2.22195e-06  dW: 0.00298486  dPhi(Nx/2)(Ny/2)(Nz/2): 8.11709e-05 Phi A: 0.0392427 Phi B: 0.960758 Phi I: 5.82136e-52
Total charge: -4.90534e-20
etaHat: 124879
249  fE: -3.03803  dfE: 2.30993e-06  dW: 0.00295473  dPhi(Nx/2)(Ny/2)(Nz/2): 8.03972e-05 Phi A: 0.0392427 Phi B: 0.960758 Phi I: 5.82136e-52
Total charge: -4.90534e-20
etaHat: 124879
250  fE: -3.03803  dfE: 2.27357e-06  dW: 0.00292501  dPhi(Nx/2)(Ny/2)(Nz/2): 7.9655e-05 Phi A: 0.0392427 Phi B: 0.960759 Phi I: 5.82136e-52
Saving data . . .
Total charge: -4.90534e-20
etaHat: 124879
251  fE: -3.03803  dfE: 2.12772e-06  dW: 0.00289569  dPhi(Nx/2)(Ny/2)(Nz/2): 7.89513e-05 Phi A: 0.0392427 Phi B: 0.960759 Phi I: 5.82136e-52
Total charge: -4.90533e-20
etaHat: 124879
252  fE: -3.03803  dfE: 1.89114e-06  dW: 0.00286676  dPhi(Nx/2)(Ny/2)(Nz/2): 7.82883e-05 Phi A: 0.0392427 Phi B: 0.960759 Phi I: 5.82136e-52
Total charge: -4.90533e-20
etaHat: 124879
253  fE: -3.03803  dfE: 1.58516e-06  dW: 0.0028382  dPhi(Nx/2)(Ny/2)(Nz/2): 7.76638e-05 Phi A: 0.0392426 Phi B: 0.960759 Phi I: 5.82136e-52
Total charge: -4.90533e-20
etaHat: 124879
254  fE: -3.03804  dfE: 1.2323e-06  dW: 0.00281001  dPhi(Nx/2)(Ny/2)(Nz/2): 7.70718e-05 Phi A: 0.0392426 Phi B: 0.960759 Phi I: 5.82136e-52
Total charge: -4.90532e-20
etaHat: 124879
255  fE: -3.03804  dfE: 8.55082e-07  dW: 0.00278218  dPhi(Nx/2)(Ny/2)(Nz/2): 7.65039e-05 Phi A: 0.0392426 Phi B: 0.960759 Phi I: 5.82136e-52
Total charge: -4.90532e-20
etaHat: 124879
256  fE: -3.03804  dfE: 4.7486e-07  dW: 0.0027547  dPhi(Nx/2)(Ny/2)(Nz/2): 7.59497e-05 Phi A: 0.0392426 Phi B: 0.960759 Phi I: 5.82136e-52
Total charge: -4.90532e-20
etaHat: 124879
257  fE: -3.03804  dfE: 1.10909e-07  dW: 0.00272757  dPhi(Nx/2)(Ny/2)(Nz/2): 7.53979e-05 Phi A: 0.0392425 Phi B: 0.960758 Phi I: 5.82136e-52
Total charge: -4.90531e-20
etaHat: 124879
258  fE: -3.03804  dfE: 2.20336e-07  dW: 0.00270076  dPhi(Nx/2)(Ny/2)(Nz/2): 7.48371e-05 Phi A: 0.0392425 Phi B: 0.960758 Phi I: 5.82136e-52
Total charge: -4.90531e-20
etaHat: 124879
259  fE: -3.03804  dfE: 5.05791e-07  dW: 0.00267428  dPhi(Nx/2)(Ny/2)(Nz/2): 7.42567e-05 Phi A: 0.0392425 Phi B: 0.960758 Phi I: 5.82136e-52
Total charge: -4.90531e-20
etaHat: 124879
260  fE: -3.03804  dfE: 7.3603e-07  dW: 0.00264812  dPhi(Nx/2)(Ny/2)(Nz/2): 7.36475e-05 Phi A: 0.0392425 Phi B: 0.960758 Phi I: 5.82136e-52
Saving data . . .
Total charge: -4.9053e-20
etaHat: 124879
261  fE: -3.03803  dfE: 9.05367e-07  dW: 0.00262227  dPhi(Nx/2)(Ny/2)(Nz/2): 7.30019e-05 Phi A: 0.0392424 Phi B: 0.960757 Phi I: 5.82136e-52
Total charge: -4.9053e-20
etaHat: 124879
262  fE: -3.03803  dfE: 1.01175e-06  dW: 0.00259675  dPhi(Nx/2)(Ny/2)(Nz/2): 7.23148e-05 Phi A: 0.0392424 Phi B: 0.960757 Phi I: 5.82136e-52
Total charge: -4.9053e-20
etaHat: 124879
263  fE: -3.03803  dfE: 1.05648e-06  dW: 0.00257156  dPhi(Nx/2)(Ny/2)(Nz/2): 7.15835e-05 Phi A: 0.0392424 Phi B: 0.960757 Phi I: 5.82136e-52
Total charge: -4.9053e-20
etaHat: 124879
264  fE: -3.03803  dfE: 1.04379e-06  dW: 0.0025467  dPhi(Nx/2)(Ny/2)(Nz/2): 7.08075e-05 Phi A: 0.0392424 Phi B: 0.960757 Phi I: 5.82136e-52
Total charge: -4.9053e-20
etaHat: 124879
265  fE: -3.03803  dfE: 9.80346e-07  dW: 0.00252215  dPhi(Nx/2)(Ny/2)(Nz/2): 6.99889e-05 Phi A: 0.0392424 Phi B: 0.960757 Phi I: 5.82136e-52
Total charge: -4.90529e-20
etaHat: 124879
266  fE: -3.03803  dfE: 8.74627e-07  dW: 0.0024979  dPhi(Nx/2)(Ny/2)(Nz/2): 6.91318e-05 Phi A: 0.0392424 Phi B: 0.960757 Phi I: 5.82136e-52
Total charge: -4.90529e-20
etaHat: 124879
267  fE: -3.03803  dfE: 7.36341e-07  dW: 0.00247397  dPhi(Nx/2)(Ny/2)(Nz/2): 6.82423e-05 Phi A: 0.0392423 Phi B: 0.960757 Phi I: 5.82136e-52
Total charge: -4.90529e-20
etaHat: 124879
268  fE: -3.03803  dfE: 5.75798e-07  dW: 0.00245036  dPhi(Nx/2)(Ny/2)(Nz/2): 6.73278e-05 Phi A: 0.0392423 Phi B: 0.960757 Phi I: 5.82136e-52
Total charge: -4.90529e-20
etaHat: 124879
269  fE: -3.03803  dfE: 4.03335e-07  dW: 0.00242704  dPhi(Nx/2)(Ny/2)(Nz/2): 6.63967e-05 Phi A: 0.0392423 Phi B: 0.960757 Phi I: 5.82136e-52
Total charge: -4.90529e-20
etaHat: 124879
270  fE: -3.03803  dfE: 2.28799e-07  dW: 0.00240401  dPhi(Nx/2)(Ny/2)(Nz/2): 6.54581e-05 Phi A: 0.0392423 Phi B: 0.960757 Phi I: 5.82136e-52
Saving data . . .
Total charge: -4.90529e-20
etaHat: 124879
271  fE: -3.03803  dfE: 6.11091e-08  dW: 0.00238126  dPhi(Nx/2)(Ny/2)(Nz/2): 6.45213e-05 Phi A: 0.0392423 Phi B: 0.960757 Phi I: 5.82136e-52
Total charge: -4.90529e-20
etaHat: 124879
272  fE: -3.03803  dfE: 9.20944e-08  dW: 0.00235879  dPhi(Nx/2)(Ny/2)(Nz/2): 6.35951e-05 Phi A: 0.0392423 Phi B: 0.960757 Phi I: 5.82136e-52
Total charge: -4.90529e-20
etaHat: 124879
273  fE: -3.03803  dfE: 2.24694e-07  dW: 0.0023366  dPhi(Nx/2)(Ny/2)(Nz/2): 6.26879e-05 Phi A: 0.0392423 Phi B: 0.960758 Phi I: 5.82136e-52
Total charge: -4.90529e-20
etaHat: 124879
274  fE: -3.03803  dfE: 3.32242e-07  dW: 0.00231467  dPhi(Nx/2)(Ny/2)(Nz/2): 6.18069e-05 Phi A: 0.0392423 Phi B: 0.960758 Phi I: 5.82136e-52
Total charge: -4.90529e-20
etaHat: 124879
275  fE: -3.03803  dfE: 4.12005e-07  dW: 0.00229302  dPhi(Nx/2)(Ny/2)(Nz/2): 6.09584e-05 Phi A: 0.0392423 Phi B: 0.960758 Phi I: 5.82136e-52
Total charge: -4.90529e-20
etaHat: 124879
276  fE: -3.03803  dfE: 4.62922e-07  dW: 0.00227164  dPhi(Nx/2)(Ny/2)(Nz/2): 6.01473e-05 Phi A: 0.0392423 Phi B: 0.960758 Phi I: 5.82136e-52
Total charge: -4.90529e-20
etaHat: 124879
277  fE: -3.03803  dfE: 4.85481e-07  dW: 0.00225053  dPhi(Nx/2)(Ny/2)(Nz/2): 5.93768e-05 Phi A: 0.0392423 Phi B: 0.960758 Phi I: 5.82136e-52
Total charge: -4.90529e-20
etaHat: 124879
278  fE: -3.03803  dfE: 4.81533e-07  dW: 0.00222967  dPhi(Nx/2)(Ny/2)(Nz/2): 5.86491e-05 Phi A: 0.0392423 Phi B: 0.960758 Phi I: 5.82136e-52
Total charge: -4.90529e-20
etaHat: 124879
279  fE: -3.03803  dfE: 4.54054e-07  dW: 0.00220906  dPhi(Nx/2)(Ny/2)(Nz/2): 5.79646e-05 Phi A: 0.0392423 Phi B: 0.960758 Phi I: 5.82136e-52
Total charge: -4.90529e-20
etaHat: 124879
280  fE: -3.03803  dfE: 4.06884e-07  dW: 0.0021887  dPhi(Nx/2)(Ny/2)(Nz/2): 5.73226e-05 Phi A: 0.0392423 Phi B: 0.960758 Phi I: 5.82136e-52
Saving data . . .
Total charge: -4.90529e-20
etaHat: 124879
281  fE: -3.03803  dfE: 3.4444e-07  dW: 0.00216858  dPhi(Nx/2)(Ny/2)(Nz/2): 5.67214e-05 Phi A: 0.0392423 Phi B: 0.960758 Phi I: 5.82136e-52
Total charge: -4.90529e-20
etaHat: 124879
282  fE: -3.03803  dfE: 2.71437e-07  dW: 0.0021487  dPhi(Nx/2)(Ny/2)(Nz/2): 5.61581e-05 Phi A: 0.0392423 Phi B: 0.960758 Phi I: 5.82136e-52
Total charge: -4.90529e-20
etaHat: 124879
283  fE: -3.03803  dfE: 1.92621e-07  dW: 0.00212904  dPhi(Nx/2)(Ny/2)(Nz/2): 5.56292e-05 Phi A: 0.0392423 Phi B: 0.960758 Phi I: 5.82136e-52
Total charge: -4.90528e-20
etaHat: 124879
284  fE: -3.03803  dfE: 1.12531e-07  dW: 0.00210962  dPhi(Nx/2)(Ny/2)(Nz/2): 5.51308e-05 Phi A: 0.0392423 Phi B: 0.960758 Phi I: 5.82136e-52
Total charge: -4.90528e-20
etaHat: 124879
285  fE: -3.03803  dfE: 3.52926e-08  dW: 0.00209042  dPhi(Nx/2)(Ny/2)(Nz/2): 5.46585e-05 Phi A: 0.0392423 Phi B: 0.960758 Phi I: 5.82136e-52
Total charge: -4.90528e-20
etaHat: 124879
286  fE: -3.03803  dfE: 3.5543e-08  dW: 0.00207146  dPhi(Nx/2)(Ny/2)(Nz/2): 5.4208e-05 Phi A: 0.0392423 Phi B: 0.960758 Phi I: 5.82136e-52
Total charge: -4.90528e-20
etaHat: 124879
287  fE: -3.03803  dfE: 9.7117e-08  dW: 0.00205272  dPhi(Nx/2)(Ny/2)(Nz/2): 5.37752e-05 Phi A: 0.0392423 Phi B: 0.960758 Phi I: 5.82136e-52
Total charge: -4.90528e-20
etaHat: 124879
288  fE: -3.03803  dfE: 1.47332e-07  dW: 0.00203421  dPhi(Nx/2)(Ny/2)(Nz/2): 5.33561e-05 Phi A: 0.0392423 Phi B: 0.960758 Phi I: 5.82136e-52
Total charge: -4.90528e-20
etaHat: 124879
289  fE: -3.03803  dfE: 1.84877e-07  dW: 0.00201592  dPhi(Nx/2)(Ny/2)(Nz/2): 5.29471e-05 Phi A: 0.0392422 Phi B: 0.960758 Phi I: 5.82136e-52
Total charge: -4.90528e-20
etaHat: 124879
290  fE: -3.03803  dfE: 2.0921e-07  dW: 0.00199786  dPhi(Nx/2)(Ny/2)(Nz/2): 5.25453e-05 Phi A: 0.0392422 Phi B: 0.960758 Phi I: 5.82136e-52
Saving data . . .
Total charge: -4.90528e-20
etaHat: 124879
291  fE: -3.03803  dfE: 2.20504e-07  dW: 0.00198001  dPhi(Nx/2)(Ny/2)(Nz/2): 5.21484e-05 Phi A: 0.0392422 Phi B: 0.960758 Phi I: 5.82136e-52
Total charge: -4.90528e-20
etaHat: 124879
292  fE: -3.03803  dfE: 2.19566e-07  dW: 0.00196237  dPhi(Nx/2)(Ny/2)(Nz/2): 5.17543e-05 Phi A: 0.0392422 Phi B: 0.960758 Phi I: 5.82136e-52
Total charge: -4.90528e-20
etaHat: 124879
293  fE: -3.03803  dfE: 2.07725e-07  dW: 0.00194493  dPhi(Nx/2)(Ny/2)(Nz/2): 5.1362e-05 Phi A: 0.0392422 Phi B: 0.960758 Phi I: 5.82136e-52
Total charge: -4.90528e-20
etaHat: 124879
294  fE: -3.03803  dfE: 1.86716e-07  dW: 0.00192768  dPhi(Nx/2)(Ny/2)(Nz/2): 5.09708e-05 Phi A: 0.0392422 Phi B: 0.960758 Phi I: 5.82136e-52
Total charge: -4.90528e-20
etaHat: 124879
295  fE: -3.03803  dfE: 1.58549e-07  dW: 0.00191063  dPhi(Nx/2)(Ny/2)(Nz/2): 5.05806e-05 Phi A: 0.0392422 Phi B: 0.960758 Phi I: 5.82136e-52
Total charge: -4.90528e-20
etaHat: 124879
296  fE: -3.03803  dfE: 1.2538e-07  dW: 0.00189378  dPhi(Nx/2)(Ny/2)(Nz/2): 5.01915e-05 Phi A: 0.0392422 Phi B: 0.960758 Phi I: 5.82136e-52
Total charge: -4.90528e-20
etaHat: 124879
297  fE: -3.03803  dfE: 8.93865e-08  dW: 0.00187714  dPhi(Nx/2)(Ny/2)(Nz/2): 4.98042e-05 Phi A: 0.0392422 Phi B: 0.960758 Phi I: 5.82136e-52
Total charge: -4.90528e-20
etaHat: 124879
298  fE: -3.03803  dfE: 5.26606e-08  dW: 0.00186068  dPhi(Nx/2)(Ny/2)(Nz/2): 4.94196e-05 Phi A: 0.0392422 Phi B: 0.960758 Phi I: 5.82136e-52
Total charge: -4.90528e-20
etaHat: 124879
299  fE: -3.03803  dfE: 1.71101e-08  dW: 0.00184441  dPhi(Nx/2)(Ny/2)(Nz/2): 4.90387e-05 Phi A: 0.0392422 Phi B: 0.960758 Phi I: 5.82136e-52
Total charge: -4.90528e-20
etaHat: 124879
300  fE: -3.03803  dfE: 1.56156e-08  dW: 0.00182833  dPhi(Nx/2)(Ny/2)(Nz/2): 4.86625e-05 Phi A: 0.0392422 Phi B: 0.960758 Phi I: 5.82136e-52
Saving data . . .
Total charge: -4.90528e-20
etaHat: 124879
301  fE: -3.03803  dfE: 4.41809e-08  dW: 0.00181243  dPhi(Nx/2)(Ny/2)(Nz/2): 4.8292e-05 Phi A: 0.0392422 Phi B: 0.960758 Phi I: 5.82136e-52
Total charge: -4.90528e-20
etaHat: 124879
302  fE: -3.03803  dfE: 6.75978e-08  dW: 0.00179671  dPhi(Nx/2)(Ny/2)(Nz/2): 4.79284e-05 Phi A: 0.0392422 Phi B: 0.960758 Phi I: 5.82136e-52
Total charge: -4.90528e-20
etaHat: 124879
303  fE: -3.03803  dfE: 8.52388e-08  dW: 0.00178117  dPhi(Nx/2)(Ny/2)(Nz/2): 4.75722e-05 Phi A: 0.0392422 Phi B: 0.960758 Phi I: 5.82136e-52
Total charge: -4.90528e-20
etaHat: 124879
304  fE: -3.03803  dfE: 9.68296e-08  dW: 0.00176579  dPhi(Nx/2)(Ny/2)(Nz/2): 4.72242e-05 Phi A: 0.0392422 Phi B: 0.960758 Phi I: 5.82136e-52
Total charge: -4.90528e-20
etaHat: 124879
305  fE: -3.03803  dfE: 1.02427e-07  dW: 0.00175059  dPhi(Nx/2)(Ny/2)(Nz/2): 4.68848e-05 Phi A: 0.0392422 Phi B: 0.960758 Phi I: 5.82136e-52
Total charge: -4.90528e-20
etaHat: 124879
306  fE: -3.03803  dfE: 1.0238e-07  dW: 0.00173556  dPhi(Nx/2)(Ny/2)(Nz/2): 4.6554e-05 Phi A: 0.0392422 Phi B: 0.960758 Phi I: 5.82136e-52
Total charge: -4.90528e-20
etaHat: 124879
307  fE: -3.03803  dfE: 9.72823e-08  dW: 0.00172069  dPhi(Nx/2)(Ny/2)(Nz/2): 4.62317e-05 Phi A: 0.0392422 Phi B: 0.960758 Phi I: 5.82136e-52
Total charge: -4.90528e-20
etaHat: 124879
308  fE: -3.03803  dfE: 8.79178e-08  dW: 0.00170598  dPhi(Nx/2)(Ny/2)(Nz/2): 4.59178e-05 Phi A: 0.0392422 Phi B: 0.960758 Phi I: 5.82136e-52
Total charge: -4.90528e-20
etaHat: 124879
309  fE: -3.03803  dfE: 7.52004e-08  dW: 0.00169143  dPhi(Nx/2)(Ny/2)(Nz/2): 4.56116e-05 Phi A: 0.0392422 Phi B: 0.960758 Phi I: 5.82136e-52
Total charge: -4.90528e-20
etaHat: 124879
310  fE: -3.03803  dfE: 6.01151e-08  dW: 0.00167703  dPhi(Nx/2)(Ny/2)(Nz/2): 4.53124e-05 Phi A: 0.0392422 Phi B: 0.960758 Phi I: 5.82136e-52
Saving data . . .
Total charge: -4.90528e-20
etaHat: 124879
311  fE: -3.03803  dfE: 4.36619e-08  dW: 0.00166278  dPhi(Nx/2)(Ny/2)(Nz/2): 4.50196e-05 Phi A: 0.0392422 Phi B: 0.960758 Phi I: 5.82136e-52
Total charge: -4.90528e-20
etaHat: 124879
312  fE: -3.03803  dfE: 2.6804e-08  dW: 0.00164868  dPhi(Nx/2)(Ny/2)(Nz/2): 4.47322e-05 Phi A: 0.0392422 Phi B: 0.960758 Phi I: 5.82136e-52
Total charge: -4.90527e-20
etaHat: 124879
313  fE: -3.03803  dfE: 1.04235e-08  dW: 0.00163474  dPhi(Nx/2)(Ny/2)(Nz/2): 4.44492e-05 Phi A: 0.0392422 Phi B: 0.960758 Phi I: 5.82136e-52
Total charge: -4.90527e-20
etaHat: 124879
314  fE: -3.03803  dfE: 4.71339e-09  dW: 0.00162096  dPhi(Nx/2)(Ny/2)(Nz/2): 4.41698e-05 Phi A: 0.0392422 Phi B: 0.960758 Phi I: 5.82136e-52
Total charge: -4.90527e-20
etaHat: 124879
315  fE: -3.03803  dfE: 1.79834e-08  dW: 0.00160733  dPhi(Nx/2)(Ny/2)(Nz/2): 4.3893e-05 Phi A: 0.0392422 Phi B: 0.960758 Phi I: 5.82136e-52
Total charge: -4.90527e-20
etaHat: 124879
316  fE: -3.03803  dfE: 2.89211e-08  dW: 0.00159385  dPhi(Nx/2)(Ny/2)(Nz/2): 4.36181e-05 Phi A: 0.0392422 Phi B: 0.960758 Phi I: 5.82136e-52
Total charge: -4.90527e-20
etaHat: 124879
317  fE: -3.03803  dfE: 3.72268e-08  dW: 0.00158052  dPhi(Nx/2)(Ny/2)(Nz/2): 4.33443e-05 Phi A: 0.0392422 Phi B: 0.960758 Phi I: 5.82136e-52
Total charge: -4.90527e-20
etaHat: 124879
318  fE: -3.03803  dfE: 4.2763e-08  dW: 0.00156732  dPhi(Nx/2)(Ny/2)(Nz/2): 4.3071e-05 Phi A: 0.0392422 Phi B: 0.960758 Phi I: 5.82136e-52
Total charge: -4.90527e-20
etaHat: 124879
319  fE: -3.03803  dfE: 4.55448e-08  dW: 0.00155426  dPhi(Nx/2)(Ny/2)(Nz/2): 4.27976e-05 Phi A: 0.0392422 Phi B: 0.960758 Phi I: 5.82136e-52
Total charge: -4.90527e-20
etaHat: 124879
320  fE: -3.03803  dfE: 4.5723e-08  dW: 0.00154134  dPhi(Nx/2)(Ny/2)(Nz/2): 4.25238e-05 Phi A: 0.0392422 Phi B: 0.960758 Phi I: 5.82136e-52
Saving data . . .
Total charge: -4.90527e-20
etaHat: 124879
321  fE: -3.03803  dfE: 4.35624e-08  dW: 0.00152856  dPhi(Nx/2)(Ny/2)(Nz/2): 4.22494e-05 Phi A: 0.0392422 Phi B: 0.960758 Phi I: 5.82136e-52
Total charge: -4.90527e-20
etaHat: 124879
322  fE: -3.03803  dfE: 3.94166e-08  dW: 0.0015159  dPhi(Nx/2)(Ny/2)(Nz/2): 4.19742e-05 Phi A: 0.0392422 Phi B: 0.960758 Phi I: 5.82136e-52
Total charge: -4.90527e-20
etaHat: 124879
323  fE: -3.03803  dfE: 3.37012e-08  dW: 0.00150338  dPhi(Nx/2)(Ny/2)(Nz/2): 4.16982e-05 Phi A: 0.0392422 Phi B: 0.960758 Phi I: 5.82136e-52
Total charge: -4.90527e-20
etaHat: 124879
324  fE: -3.03803  dfE: 2.68661e-08  dW: 0.00149098  dPhi(Nx/2)(Ny/2)(Nz/2): 4.14214e-05 Phi A: 0.0392422 Phi B: 0.960758 Phi I: 5.82136e-52
Total charge: -4.90527e-20
etaHat: 124879
325  fE: -3.03803  dfE: 1.937e-08  dW: 0.00147872  dPhi(Nx/2)(Ny/2)(Nz/2): 4.11441e-05 Phi A: 0.0392422 Phi B: 0.960758 Phi I: 5.82136e-52
Total charge: -4.90527e-20
etaHat: 124879
326  fE: -3.03803  dfE: 1.16567e-08  dW: 0.00146659  dPhi(Nx/2)(Ny/2)(Nz/2): 4.08663e-05 Phi A: 0.0392422 Phi B: 0.960758 Phi I: 5.82136e-52
Total charge: -4.90527e-20
etaHat: 124879
327  fE: -3.03803  dfE: 4.13366e-09  dW: 0.00145458  dPhi(Nx/2)(Ny/2)(Nz/2): 4.05884e-05 Phi A: 0.0392422 Phi B: 0.960758 Phi I: 5.82136e-52
Total charge: -4.90527e-20
etaHat: 124879
328  fE: -3.03803  dfE: 2.84336e-09  dW: 0.00144269  dPhi(Nx/2)(Ny/2)(Nz/2): 4.03107e-05 Phi A: 0.0392422 Phi B: 0.960758 Phi I: 5.82136e-52
Total charge: -4.90527e-20
etaHat: 124879
329  fE: -3.03803  dfE: 8.98347e-09  dW: 0.00143092  dPhi(Nx/2)(Ny/2)(Nz/2): 4.00332e-05 Phi A: 0.0392422 Phi B: 0.960758 Phi I: 5.82136e-52
Total charge: -4.90527e-20
etaHat: 124879
330  fE: -3.03803  dfE: 1.40678e-08  dW: 0.00141927  dPhi(Nx/2)(Ny/2)(Nz/2): 3.97564e-05 Phi A: 0.0392422 Phi B: 0.960758 Phi I: 5.82136e-52
Saving data . . .
Total charge: -4.90527e-20
etaHat: 124879
331  fE: -3.03803  dfE: 1.79533e-08  dW: 0.00140774  dPhi(Nx/2)(Ny/2)(Nz/2): 3.94804e-05 Phi A: 0.0392422 Phi B: 0.960758 Phi I: 5.82136e-52
Total charge: -4.90527e-20
etaHat: 124879
332  fE: -3.03803  dfE: 2.05715e-08  dW: 0.00139632  dPhi(Nx/2)(Ny/2)(Nz/2): 3.92054e-05 Phi A: 0.0392422 Phi B: 0.960758 Phi I: 5.82136e-52
Total charge: -4.90527e-20
etaHat: 124879
333  fE: -3.03803  dfE: 2.19244e-08  dW: 0.00138502  dPhi(Nx/2)(Ny/2)(Nz/2): 3.89316e-05 Phi A: 0.0392422 Phi B: 0.960758 Phi I: 5.82136e-52
Total charge: -4.90527e-20
etaHat: 124879
334  fE: -3.03803  dfE: 2.20768e-08  dW: 0.00137383  dPhi(Nx/2)(Ny/2)(Nz/2): 3.86591e-05 Phi A: 0.0392422 Phi B: 0.960758 Phi I: 5.82136e-52
Total charge: -4.90527e-20
etaHat: 124879
335  fE: -3.03803  dfE: 2.11467e-08  dW: 0.00136275  dPhi(Nx/2)(Ny/2)(Nz/2): 3.83879e-05 Phi A: 0.0392422 Phi B: 0.960758 Phi I: 5.82136e-52
Total charge: -4.90527e-20
etaHat: 124879
336  fE: -3.03803  dfE: 1.92935e-08  dW: 0.00135178  dPhi(Nx/2)(Ny/2)(Nz/2): 3.81181e-05 Phi A: 0.0392422 Phi B: 0.960758 Phi I: 5.82136e-52
Total charge: -4.90527e-20
etaHat: 124879
337  fE: -3.03803  dfE: 1.6706e-08  dW: 0.00134092  dPhi(Nx/2)(Ny/2)(Nz/2): 3.78496e-05 Phi A: 0.0392422 Phi B: 0.960758 Phi I: 5.82136e-52
Total charge: -4.90527e-20
etaHat: 124879
338  fE: -3.03803  dfE: 1.35897e-08  dW: 0.00133017  dPhi(Nx/2)(Ny/2)(Nz/2): 3.75825e-05 Phi A: 0.0392422 Phi B: 0.960758 Phi I: 5.82136e-52
Total charge: -4.90527e-20
etaHat: 124879
339  fE: -3.03803  dfE: 1.01552e-08  dW: 0.00131953  dPhi(Nx/2)(Ny/2)(Nz/2): 3.73167e-05 Phi A: 0.0392422 Phi B: 0.960758 Phi I: 5.82136e-52
Total charge: -4.90527e-20
etaHat: 124879
340  fE: -3.03803  dfE: 6.60639e-09  dW: 0.00130899  dPhi(Nx/2)(Ny/2)(Nz/2): 3.70521e-05 Phi A: 0.0392422 Phi B: 0.960758 Phi I: 5.82136e-52
Saving data . . .
Total charge: -4.90527e-20
etaHat: 124879
341  fE: -3.03803  dfE: 3.13192e-09  dW: 0.00129856  dPhi(Nx/2)(Ny/2)(Nz/2): 3.67886e-05 Phi A: 0.0392422 Phi B: 0.960758 Phi I: 5.82136e-52
Total charge: -4.90527e-20
etaHat: 124879
342  fE: -3.03803  dfE: 1.03287e-10  dW: 0.00128823  dPhi(Nx/2)(Ny/2)(Nz/2): 3.65263e-05 Phi A: 0.0392422 Phi B: 0.960758 Phi I: 5.82136e-52
Total charge: -4.90527e-20
etaHat: 124879
343  fE: -3.03803  dfE: 2.96347e-09  dW: 0.001278  dPhi(Nx/2)(Ny/2)(Nz/2): 3.6265e-05 Phi A: 0.0392422 Phi B: 0.960758 Phi I: 5.82136e-52
Total charge: -4.90527e-20
etaHat: 124879
344  fE: -3.03803  dfE: 5.3458e-09  dW: 0.00126787  dPhi(Nx/2)(Ny/2)(Nz/2): 3.60048e-05 Phi A: 0.0392422 Phi B: 0.960758 Phi I: 5.82136e-52
Total charge: -4.90527e-20
etaHat: 124879
345  fE: -3.03803  dfE: 7.1821e-09  dW: 0.00125784  dPhi(Nx/2)(Ny/2)(Nz/2): 3.57456e-05 Phi A: 0.0392422 Phi B: 0.960758 Phi I: 5.82136e-52
Total charge: -4.90527e-20
etaHat: 124879
346  fE: -3.03803  dfE: 8.43853e-09  dW: 0.00124789  dPhi(Nx/2)(Ny/2)(Nz/2): 3.54874e-05 Phi A: 0.0392422 Phi B: 0.960758 Phi I: 5.82136e-52
Total charge: -4.90527e-20
etaHat: 124879
347  fE: -3.03803  dfE: 9.11365e-09  dW: 0.00123805  dPhi(Nx/2)(Ny/2)(Nz/2): 3.52303e-05 Phi A: 0.0392422 Phi B: 0.960758 Phi I: 5.82136e-52
Total charge: -4.90527e-20
etaHat: 124879
348  fE: -3.03803  dfE: 9.23515e-09  dW: 0.0012283  dPhi(Nx/2)(Ny/2)(Nz/2): 3.49744e-05 Phi A: 0.0392422 Phi B: 0.960758 Phi I: 5.82136e-52
Total charge: -4.90527e-20
etaHat: 124879
349  fE: -3.03803  dfE: 8.85559e-09  dW: 0.00121865  dPhi(Nx/2)(Ny/2)(Nz/2): 3.47197e-05 Phi A: 0.0392422 Phi B: 0.960758 Phi I: 5.82136e-52
Total charge: -4.90527e-20
etaHat: 124879
350  fE: -3.03803  dfE: 8.04671e-09  dW: 0.0012091  dPhi(Nx/2)(Ny/2)(Nz/2): 3.44663e-05 Phi A: 0.0392422 Phi B: 0.960758 Phi I: 5.82136e-52
Saving data . . .
Total charge: -4.90527e-20
etaHat: 124879
351  fE: -3.03803  dfE: 6.89433e-09  dW: 0.00119964  dPhi(Nx/2)(Ny/2)(Nz/2): 3.42144e-05 Phi A: 0.0392422 Phi B: 0.960758 Phi I: 5.82136e-52
Total charge: -4.90527e-20
etaHat: 124879
352  fE: -3.03803  dfE: 5.49231e-09  dW: 0.00119028  dPhi(Nx/2)(Ny/2)(Nz/2): 3.39642e-05 Phi A: 0.0392422 Phi B: 0.960758 Phi I: 5.82136e-52
Total charge: -4.90527e-20
etaHat: 124879
353  fE: -3.03803  dfE: 3.93703e-09  dW: 0.001181  dPhi(Nx/2)(Ny/2)(Nz/2): 3.37156e-05 Phi A: 0.0392422 Phi B: 0.960758 Phi I: 5.82136e-52
Total charge: -4.90527e-20
etaHat: 124879
354  fE: -3.03803  dfE: 2.32252e-09  dW: 0.00117181  dPhi(Nx/2)(Ny/2)(Nz/2): 3.3469e-05 Phi A: 0.0392422 Phi B: 0.960758 Phi I: 5.82136e-52
Total charge: -4.90527e-20
etaHat: 124879
355  fE: -3.03803  dfE: 7.35841e-10  dW: 0.00116271  dPhi(Nx/2)(Ny/2)(Nz/2): 3.32245e-05 Phi A: 0.0392422 Phi B: 0.960758 Phi I: 5.82136e-52
Total charge: -4.90527e-20
etaHat: 124879
356  fE: -3.03803  dfE: 7.46409e-10  dW: 0.00115369  dPhi(Nx/2)(Ny/2)(Nz/2): 3.29821e-05 Phi A: 0.0392422 Phi B: 0.960758 Phi I: 5.82136e-52
Total charge: -4.90527e-20
etaHat: 124879
357  fE: -3.03803  dfE: 2.06113e-09  dW: 0.00114476  dPhi(Nx/2)(Ny/2)(Nz/2): 3.2742e-05 Phi A: 0.0392422 Phi B: 0.960758 Phi I: 5.82136e-52
Total charge: -4.90527e-20
etaHat: 124879
358  fE: -3.03803  dfE: 3.15983e-09  dW: 0.00113592  dPhi(Nx/2)(Ny/2)(Nz/2): 3.25044e-05 Phi A: 0.0392422 Phi B: 0.960758 Phi I: 5.82136e-52
Total charge: -4.90527e-20
etaHat: 124879
359  fE: -3.03803  dfE: 4.01014e-09  dW: 0.00112716  dPhi(Nx/2)(Ny/2)(Nz/2): 3.22693e-05 Phi A: 0.0392422 Phi B: 0.960758 Phi I: 5.82136e-52
Total charge: -4.90527e-20
etaHat: 124879
360  fE: -3.03803  dfE: 4.59538e-09  dW: 0.00111849  dPhi(Nx/2)(Ny/2)(Nz/2): 3.20367e-05 Phi A: 0.0392422 Phi B: 0.960758 Phi I: 5.82136e-52
Saving data . . .
Total charge: -4.90527e-20
etaHat: 124879
361  fE: -3.03803  dfE: 4.9139e-09  dW: 0.00110989  dPhi(Nx/2)(Ny/2)(Nz/2): 3.18068e-05 Phi A: 0.0392422 Phi B: 0.960758 Phi I: 5.82136e-52
Total charge: -4.90527e-20
etaHat: 124879
362  fE: -3.03803  dfE: 4.97734e-09  dW: 0.00110138  dPhi(Nx/2)(Ny/2)(Nz/2): 3.15796e-05 Phi A: 0.0392422 Phi B: 0.960758 Phi I: 5.82136e-52
Total charge: -4.90527e-20
etaHat: 124879
363  fE: -3.03803  dfE: 4.80915e-09  dW: 0.00109294  dPhi(Nx/2)(Ny/2)(Nz/2): 3.1355e-05 Phi A: 0.0392422 Phi B: 0.960758 Phi I: 5.82136e-52
Total charge: -4.90527e-20
etaHat: 124879
364  fE: -3.03803  dfE: 4.44157e-09  dW: 0.0010846  dPhi(Nx/2)(Ny/2)(Nz/2): 3.1133e-05 Phi A: 0.0392422 Phi B: 0.960758 Phi I: 5.82136e-52
Total charge: -4.90527e-20
etaHat: 124879
365  fE: -3.03803  dfE: 3.9136e-09  dW: 0.00107633  dPhi(Nx/2)(Ny/2)(Nz/2): 3.09136e-05 Phi A: 0.0392422 Phi B: 0.960758 Phi I: 5.82136e-52
Total charge: -4.90527e-20
etaHat: 124879
366  fE: -3.03803  dfE: 3.26802e-09  dW: 0.00106815  dPhi(Nx/2)(Ny/2)(Nz/2): 3.06968e-05 Phi A: 0.0392422 Phi B: 0.960758 Phi I: 5.82136e-52
Total charge: -4.90527e-20
etaHat: 124879
367  fE: -3.03803  dfE: 2.54907e-09  dW: 0.00106004  dPhi(Nx/2)(Ny/2)(Nz/2): 3.04825e-05 Phi A: 0.0392422 Phi B: 0.960758 Phi I: 5.82136e-52
Total charge: -4.90527e-20
etaHat: 124879
368  fE: -3.03803  dfE: 1.79999e-09  dW: 0.00105201  dPhi(Nx/2)(Ny/2)(Nz/2): 3.02705e-05 Phi A: 0.0392422 Phi B: 0.960758 Phi I: 5.82136e-52
Total charge: -4.90527e-20
etaHat: 124879
369  fE: -3.03803  dfE: 1.06097e-09  dW: 0.00104405  dPhi(Nx/2)(Ny/2)(Nz/2): 3.00608e-05 Phi A: 0.0392422 Phi B: 0.960758 Phi I: 5.82136e-52
Total charge: -4.90527e-20
etaHat: 124879
370  fE: -3.03803  dfE: 3.67529e-10  dW: 0.00103617  dPhi(Nx/2)(Ny/2)(Nz/2): 2.98533e-05 Phi A: 0.0392422 Phi B: 0.960758 Phi I: 5.82136e-52
Saving data . . .
Total charge: -4.90527e-20
etaHat: 124879
371  fE: -3.03803  dfE: 2.50869e-10  dW: 0.00102836  dPhi(Nx/2)(Ny/2)(Nz/2): 2.96479e-05 Phi A: 0.0392422 Phi B: 0.960758 Phi I: 5.82136e-52
Total charge: -4.90527e-20
etaHat: 124879
372  fE: -3.03803  dfE: 7.716e-10  dW: 0.00102061  dPhi(Nx/2)(Ny/2)(Nz/2): 2.94445e-05 Phi A: 0.0392422 Phi B: 0.960758 Phi I: 5.82136e-52
Total charge: -4.90527e-20
etaHat: 124879
373  fE: -3.03803  dfE: 1.17911e-09  dW: 0.00101294  dPhi(Nx/2)(Ny/2)(Nz/2): 2.92429e-05 Phi A: 0.0392422 Phi B: 0.960758 Phi I: 5.82136e-52
Total charge: -4.90527e-20
etaHat: 124879
374  fE: -3.03803  dfE: 1.46534e-09  dW: 0.00100535  dPhi(Nx/2)(Ny/2)(Nz/2): 2.90431e-05 Phi A: 0.0392422 Phi B: 0.960758 Phi I: 5.82136e-52
Total charge: -4.90527e-20
etaHat: 124879
375  fE: -3.03803  dfE: 1.62902e-09  dW: 0.00099782  dPhi(Nx/2)(Ny/2)(Nz/2): 2.88449e-05 Phi A: 0.0392422 Phi B: 0.960758 Phi I: 5.82136e-52
Saving data . . .
