Total charge: 124877
etaHat: 124877
0  fE: -9367.97  dfE: 9467.97  dW: 17.9092  dPhi(Nx/2)(Ny/2)(Nz/2): -4.11389 Phi A: 0.607494 Phi B: 4.48374 Phi I: 999.016
Saving data . . .
Total charge: 1.59566
etaHat: 124879
1  fE: -25220.5  dfE: 15852.5  dW: 20.4779  dPhi(Nx/2)(Ny/2)(Nz/2): -2.24229 Phi A: 0.302249 Phi B: 2.92629 Phi I: 0.0127653
Total charge: 1.57806e-18
etaHat: 124879
2  fE: -18.4399  dfE: 25202.1  dW: 20.961  dPhi(Nx/2)(Ny/2)(Nz/2): -1.13617 Phi A: 0.170512 Phi B: 1.95704 Phi I: 1.43296e-20
Total charge: -1.32244e-19
etaHat: 124879
3  fE: -13.1195  dfE: 5.3204  dW: 20.1532  dPhi(Nx/2)(Ny/2)(Nz/2): -0.457382 Phi A: 0.105795 Phi B: 1.34601 Phi I: 5.82346e-52
Total charge: -8.8693e-20
etaHat: 124879
4  fE: -9.28401  dfE: 3.83554  dW: 18.5735  dPhi(Nx/2)(Ny/2)(Nz/2): -0.0328904 Phi A: 0.0709544 Phi B: 0.9582 Phi I: 5.82151e-52
Total charge: -6.35937e-20
etaHat: 124879
5  fE: -6.65573  dfE: 2.62828  dW: 16.5445  dPhi(Nx/2)(Ny/2)(Nz/2): 0.237197 Phi A: 0.050875 Phi B: 0.709333 Phi I: 5.81976e-52
Total charge: -4.83923e-20
etaHat: 124879
6  fE: -4.88107  dfE: 1.77466  dW: 14.2686  dPhi(Nx/2)(Ny/2)(Nz/2): 0.41185 Phi A: 0.0387139 Phi B: 0.547564 Phi I: 5.81825e-52
Total charge: -3.88821e-20
etaHat: 124879
7  fE: -3.67939  dfE: 1.20168  dW: 11.8752  dPhi(Nx/2)(Ny/2)(Nz/2): 0.526152 Phi A: 0.0311057 Phi B: 0.441339 Phi I: 5.81699e-52
Total charge: -3.28574e-20
etaHat: 124879
8  fE: -2.85583  dfE: 0.823558  dW: 9.44939  dPhi(Nx/2)(Ny/2)(Nz/2): 0.601126 Phi A: 0.0262859 Phi B: 0.371495 Phi I: 5.81598e-52
Total charge: -2.91068e-20
etaHat: 124879
9  fE: -2.28159  dfE: 0.574244  dW: 7.04888  dPhi(Nx/2)(Ny/2)(Nz/2): 0.649454 Phi A: 0.0232854 Phi B: 0.326378 Phi I: 5.81521e-52
Total charge: -2.6948e-20
etaHat: 124879
10  fE: -1.87266  dfE: 0.408928  dW: 4.71457  dPhi(Nx/2)(Ny/2)(Nz/2): 0.678783 Phi A: 0.0215584 Phi B: 0.298923 Phi I: 5.81469e-52
Saving data . . .
Total charge: -2.59989e-20
etaHat: 124879
11  fE: -1.57392  dfE: 0.298741  dW: 2.47734  dPhi(Nx/2)(Ny/2)(Nz/2): 0.693631 Phi A: 0.0207991 Phi B: 0.284937 Phi I: 5.8144e-52
Total charge: -2.60606e-20
etaHat: 124879
12  fE: -1.34839  dfE: 0.22553  dW: 0.594198  dPhi(Nx/2)(Ny/2)(Nz/2): 0.696497 Phi A: 0.0208485 Phi B: 0.282098 Phi I: 5.81433e-52
Total charge: -2.70549e-20
etaHat: 124879
13  fE: -1.17035  dfE: 0.17804  dW: 1.60666  dPhi(Nx/2)(Ny/2)(Nz/2): 0.688481 Phi A: 0.021644 Phi B: 0.289377 Phi I: 5.81447e-52
Total charge: -2.89908e-20
etaHat: 124879
14  fE: -1.021  dfE: 0.149343  dW: 3.40681  dPhi(Nx/2)(Ny/2)(Nz/2): 0.669641 Phi A: 0.0231926 Phi B: 0.306716 Phi I: 5.81479e-52
Total charge: -3.19437e-20
etaHat: 124879
15  fE: -0.885944  dfE: 0.13506  dW: 5.01208  dPhi(Nx/2)(Ny/2)(Nz/2): 0.639198 Phi A: 0.025555 Phi B: 0.334841 Phi I: 5.8153e-52
Total charge: -3.60393e-20
etaHat: 124879
16  fE: -0.753994  dfE: 0.13195  dW: 6.39262  dPhi(Nx/2)(Ny/2)(Nz/2): 0.595676 Phi A: 0.0288315 Phi B: 0.375139 Phi I: 5.81595e-52
Total charge: -4.14304e-20
etaHat: 124879
17  fE: -0.61751  dfE: 0.136483  dW: 7.51346  dPhi(Nx/2)(Ny/2)(Nz/2): 0.537059 Phi A: 0.0331443 Phi B: 0.429512 Phi I: 5.81673e-52
Total charge: -4.82587e-20
etaHat: 124879
18  fE: -0.474382  dfE: 0.143129  dW: 8.33447  dPhi(Nx/2)(Ny/2)(Nz/2): 0.461078 Phi A: 0.038607 Phi B: 0.500128 Phi I: 5.81761e-52
Total charge: -5.65895e-20
etaHat: 124879
19  fE: -0.331993  dfE: 0.142388  dW: 8.8122  dPhi(Nx/2)(Ny/2)(Nz/2): 0.365737 Phi A: 0.0452716 Phi B: 0.588952 Phi I: 5.81856e-52
Total charge: -6.63141e-20
etaHat: 124879
20  fE: -0.212725  dfE: 0.119269  dW: 8.90468  dPhi(Nx/2)(Ny/2)(Nz/2): 0.250189 Phi A: 0.0530513 Phi B: 0.69694 Phi I: 5.81954e-52
Saving data . . .
Total charge: -7.70308e-20
etaHat: 124879
21  fE: -0.158682  dfE: 0.0540431  dW: 8.58014  dPhi(Nx/2)(Ny/2)(Nz/2): 0.115999 Phi A: 0.0616246 Phi B: 0.822873 Phi I: 5.82051e-52
Total charge: -8.79484e-20
etaHat: 124879
22  fE: -0.23058  dfE: 0.0718987  dW: 7.82958  dPhi(Nx/2)(Ny/2)(Nz/2): -0.0314601 Phi A: 0.0703587 Phi B: 0.962033 Phi I: 5.82143e-52
Total charge: -9.78964e-20
etaHat: 124879
23  fE: -0.494236  dfE: 0.263655  dW: 6.68047  dPhi(Nx/2)(Ny/2)(Nz/2): -0.182107 Phi A: 0.0783172 Phi B: 1.10528 Phi I: 5.82225e-52
Total charge: -1.05525e-19
etaHat: 124879
24  fE: -0.992539  dfE: 0.498304  dW: 5.20599  dPhi(Nx/2)(Ny/2)(Nz/2): -0.32171 Phi A: 0.0844196 Phi B: 1.23945 Phi I: 5.82293e-52
Total charge: -1.09686e-19
etaHat: 124879
25  fE: -1.71325  dfE: 0.720711  dW: 3.52295  dPhi(Nx/2)(Ny/2)(Nz/2): -0.43455 Phi A: 0.0877492 Phi B: 1.34969 Phi I: 5.82344e-52
Total charge: -1.09849e-19
etaHat: 124879
26  fE: -2.5747  dfE: 0.861447  dW: 2.07394  dPhi(Nx/2)(Ny/2)(Nz/2): -0.507665 Phi A: 0.0878792 Phi B: 1.42338 Phi I: 5.82376e-52
Total charge: -1.06283e-19
etaHat: 124879
27  fE: -3.44609  dfE: 0.871391  dW: 1.50224  dPhi(Nx/2)(Ny/2)(Nz/2): -0.534761 Phi A: 0.0850261 Phi B: 1.45394 Phi I: 5.8239e-52
Total charge: -9.99105e-20
etaHat: 124879
28  fE: -4.19427  dfE: 0.748183  dW: 1.37354  dPhi(Nx/2)(Ny/2)(Nz/2): -0.517698 Phi A: 0.0799284 Phi B: 1.44242 Phi I: 5.82387e-52
Total charge: -9.1933e-20
etaHat: 124879
29  fE: -4.72821  dfE: 0.533941  dW: 2.55052  dPhi(Nx/2)(Ny/2)(Nz/2): -0.464955 Phi A: 0.0735464 Phi B: 1.39632 Phi I: 5.82369e-52
Total charge: -8.34599e-20
etaHat: 124879
30  fE: -5.01753  dfE: 0.289313  dW: 3.42515  dPhi(Nx/2)(Ny/2)(Nz/2): -0.3883 Phi A: 0.0667679 Phi B: 1.32651 Phi I: 5.8234e-52
Saving data . . .
Total charge: -7.53058e-20
etaHat: 124879
31  fE: -5.08346  dfE: 0.0659371  dW: 3.98377  dPhi(Nx/2)(Ny/2)(Nz/2): -0.299514 Phi A: 0.0602447 Phi B: 1.24418 Phi I: 5.82303e-52
Total charge: -6.7957e-20
etaHat: 124879
32  fE: -4.97637  dfE: 0.107088  dW: 4.25012  dPhi(Nx/2)(Ny/2)(Nz/2): -0.20831 Phi A: 0.0543656 Phi B: 1.15868 Phi I: 5.82262e-52
Total charge: -6.1635e-20
etaHat: 124879
33  fE: -4.75408  dfE: 0.222296  dW: 4.26218  dPhi(Nx/2)(Ny/2)(Nz/2): -0.12159 Phi A: 0.049308 Phi B: 1.07678 Phi I: 5.82219e-52
Total charge: -5.63873e-20
etaHat: 124879
34  fE: -4.46804  dfE: 0.286037  dW: 4.06414  dPhi(Nx/2)(Ny/2)(Nz/2): -0.0436142 Phi A: 0.0451098 Phi B: 1.00273 Phi I: 5.82177e-52
Total charge: -5.21649e-20
etaHat: 124879
35  fE: -4.15759  dfE: 0.310446  dW: 3.70118  dPhi(Nx/2)(Ny/2)(Nz/2): 0.0234107 Phi A: 0.0417319 Phi B: 0.938813 Phi I: 5.82138e-52
Total charge: -4.88757e-20
etaHat: 124879
36  fE: -3.84951  dfE: 0.308082  dW: 3.21632  dPhi(Nx/2)(Ny/2)(Nz/2): 0.0786816 Phi A: 0.0391006 Phi B: 0.88591 Phi I: 5.82104e-52
Total charge: -4.64156e-20
etaHat: 124879
37  fE: -3.56016  dfE: 0.289356  dW: 2.64899  dPhi(Nx/2)(Ny/2)(Nz/2): 0.122253 Phi A: 0.0371325 Phi B: 0.844062 Phi I: 5.82075e-52
Total charge: -4.46849e-20
etaHat: 124879
38  fE: -3.29832  dfE: 0.261834  dW: 2.03444  dPhi(Nx/2)(Ny/2)(Nz/2): 0.154643 Phi A: 0.0357479 Phi B: 0.812832 Phi I: 5.82052e-52
Total charge: -4.35941e-20
etaHat: 124879
39  fE: -3.06784  dfE: 0.230479  dW: 1.40374  dPhi(Nx/2)(Ny/2)(Nz/2): 0.176581 Phi A: 0.0348753 Phi B: 0.79156 Phi I: 5.82036e-52
Total charge: -4.30654e-20
etaHat: 124879
40  fE: -2.86963  dfE: 0.198213  dW: 0.783991  dPhi(Nx/2)(Ny/2)(Nz/2): 0.188869 Phi A: 0.0344523 Phi B: 0.779506 Phi I: 5.82027e-52
Saving data . . .
Total charge: -4.30299e-20
etaHat: 124879
41  fE: -2.70313  dfE: 0.166503  dW: 0.228658  dPhi(Nx/2)(Ny/2)(Nz/2): 0.192315 Phi A: 0.0344239 Phi B: 0.77591 Phi I: 5.82023e-52
Total charge: -4.34248e-20
etaHat: 124879
42  fE: -2.56728  dfE: 0.135848  dW: 0.333526  dPhi(Nx/2)(Ny/2)(Nz/2): 0.187725 Phi A: 0.0347398 Phi B: 0.780014 Phi I: 5.82026e-52
Total charge: -4.41884e-20
etaHat: 124879
43  fE: -2.46113  dfE: 0.106149  dW: 0.792558  dPhi(Nx/2)(Ny/2)(Nz/2): 0.175922 Phi A: 0.0353507 Phi B: 0.791035 Phi I: 5.82033e-52
Total charge: -4.52566e-20
etaHat: 124879
44  fE: -2.38413  dfE: 0.0770001  dW: 1.16874  dPhi(Nx/2)(Ny/2)(Nz/2): 0.157792 Phi A: 0.0362053 Phi B: 0.808133 Phi I: 5.82045e-52
Total charge: -4.65595e-20
etaHat: 124879
45  fE: -2.33621  dfE: 0.0479244  dW: 1.45152  dPhi(Nx/2)(Ny/2)(Nz/2): 0.134326 Phi A: 0.0372476 Phi B: 0.830367 Phi I: 5.8206e-52
Total charge: -4.80189e-20
etaHat: 124879
46  fE: -2.31761  dfE: 0.0185922  dW: 1.63544  dPhi(Nx/2)(Ny/2)(Nz/2): 0.106664 Phi A: 0.0384151 Phi B: 0.856654 Phi I: 5.82078e-52
Total charge: -4.95482e-20
etaHat: 124879
47  fE: -2.3286  dfE: 0.0109833  dW: 1.71932  dPhi(Nx/2)(Ny/2)(Nz/2): 0.0761149 Phi A: 0.0396386 Phi B: 0.88575 Phi I: 5.82097e-52
Total charge: -5.10553e-20
etaHat: 124879
48  fE: -2.36889  dfE: 0.0402881  dW: 1.70647  dPhi(Nx/2)(Ny/2)(Nz/2): 0.0441506 Phi A: 0.0408442 Phi B: 0.916255 Phi I: 5.82116e-52
Total charge: -5.24468e-20
etaHat: 124879
49  fE: -2.43712  dfE: 0.0682326  dW: 1.60475  dPhi(Nx/2)(Ny/2)(Nz/2): 0.0123572 Phi A: 0.0419574 Phi B: 0.946656 Phi I: 5.82135e-52
Total charge: -5.36354e-20
etaHat: 124879
50  fE: -2.53033  dfE: 0.0932095  dW: 1.42625  dPhi(Nx/2)(Ny/2)(Nz/2): -0.0176513 Phi A: 0.0429083 Phi B: 0.975413 Phi I: 5.82152e-52
Saving data . . .
Total charge: -5.45482e-20
etaHat: 124879
51  fE: -2.64364  dfE: 0.113311  dW: 1.18662  dPhi(Nx/2)(Ny/2)(Nz/2): -0.0443529 Phi A: 0.0436385 Phi B: 1.00107 Phi I: 5.82167e-52
Total charge: -5.5134e-20
etaHat: 124879
52  fE: -2.77033  dfE: 0.126689  dW: 0.904084  dPhi(Nx/2)(Ny/2)(Nz/2): -0.0664504 Phi A: 0.0441072 Phi B: 1.02237 Phi I: 5.8218e-52
Total charge: -5.53684e-20
etaHat: 124879
53  fE: -2.9023  dfE: 0.131971  dW: 0.599031  dPhi(Nx/2)(Ny/2)(Nz/2): -0.0829944 Phi A: 0.0442947 Phi B: 1.0384 Phi I: 5.82189e-52
Total charge: -5.52557e-20
etaHat: 124879
54  fE: -3.03091  dfE: 0.128613  dW: 0.414204  dPhi(Nx/2)(Ny/2)(Nz/2): -0.0934679 Phi A: 0.0442046 Phi B: 1.04865 Phi I: 5.82194e-52
Total charge: -5.48262e-20
etaHat: 124879
55  fE: -3.14799  dfE: 0.117079  dW: 0.307814  dPhi(Nx/2)(Ny/2)(Nz/2): -0.0978176 Phi A: 0.043861 Phi B: 1.05305 Phi I: 5.82197e-52
Total charge: -5.41306e-20
etaHat: 124879
56  fE: -3.24677  dfE: 0.0987789  dW: 0.288119  dPhi(Nx/2)(Ny/2)(Nz/2): -0.0964246 Phi A: 0.0433045 Phi B: 1.05195 Phi I: 5.82196e-52
Total charge: -5.32323e-20
etaHat: 124879
57  fE: -3.32257  dfE: 0.0757993  dW: 0.505984  dPhi(Nx/2)(Ny/2)(Nz/2): -0.0900263 Phi A: 0.0425859 Phi B: 1.04604 Phi I: 5.82192e-52
Total charge: -5.22e-20
etaHat: 124879
58  fE: -3.37309  dfE: 0.0505199  dW: 0.686552  dPhi(Nx/2)(Ny/2)(Nz/2): -0.0796056 Phi A: 0.04176 Phi B: 1.03625 Phi I: 5.82187e-52
Total charge: -5.11005e-20
etaHat: 124879
59  fE: -3.39832  dfE: 0.0252272  dW: 0.815185  dPhi(Nx/2)(Ny/2)(Nz/2): -0.0662721 Phi A: 0.0408804 Phi B: 1.02364 Phi I: 5.8218e-52
Total charge: -4.9994e-20
etaHat: 124879
60  fE: -3.40014  dfE: 0.0018213  dW: 0.891243  dPhi(Nx/2)(Ny/2)(Nz/2): -0.0511533 Phi A: 0.0399952 Phi B: 1.00928 Phi I: 5.82171e-52
Saving data . . .
Total charge: -4.89308e-20
etaHat: 124879
61  fE: -3.3818  dfE: 0.0183424  dW: 0.917015  dPhi(Nx/2)(Ny/2)(Nz/2): -0.0353078 Phi A: 0.0391447 Phi B: 0.994199 Phi I: 5.82162e-52
Total charge: -4.79507e-20
etaHat: 124879
62  fE: -3.34731  dfE: 0.0344805  dW: 0.897124  dPhi(Nx/2)(Ny/2)(Nz/2): -0.0196665 Phi A: 0.0383605 Phi B: 0.979286 Phi I: 5.82153e-52
Total charge: -4.70823e-20
etaHat: 124879
63  fE: -3.301  dfE: 0.0463137  dW: 0.837894  dPhi(Nx/2)(Ny/2)(Nz/2): -0.0049995 Phi A: 0.0376658 Phi B: 0.965284 Phi I: 5.82145e-52
Total charge: -4.63444e-20
etaHat: 124879
64  fE: -3.24705  dfE: 0.0539487  dW: 0.746761  dPhi(Nx/2)(Ny/2)(Nz/2): 0.00809488 Phi A: 0.0370755 Phi B: 0.952773 Phi I: 5.82137e-52
Total charge: -4.57474e-20
etaHat: 124879
65  fE: -3.1893  dfE: 0.0577485  dW: 0.631745  dPhi(Nx/2)(Ny/2)(Nz/2): 0.0191872 Phi A: 0.0365979 Phi B: 0.942172 Phi I: 5.8213e-52
Total charge: -4.52939e-20
etaHat: 124879
66  fE: -3.13109  dfE: 0.0582174  dW: 0.500992  dPhi(Nx/2)(Ny/2)(Nz/2): 0.0280038 Phi A: 0.0362351 Phi B: 0.933748 Phi I: 5.82124e-52
Total charge: -4.4981e-20
etaHat: 124879
67  fE: -3.07517  dfE: 0.0559132  dW: 0.362405  dPhi(Nx/2)(Ny/2)(Nz/2): 0.0344103 Phi A: 0.0359848 Phi B: 0.927637 Phi I: 5.8212e-52
Total charge: -4.48004e-20
etaHat: 124879
68  fE: -3.02378  dfE: 0.0513892  dW: 0.223339  dPhi(Nx/2)(Ny/2)(Nz/2): 0.0383927 Phi A: 0.0358404 Phi B: 0.923857 Phi I: 5.82118e-52
Total charge: -4.47402e-20
etaHat: 124879
69  fE: -2.97862  dfE: 0.0451624  dW: 0.0920525  dPhi(Nx/2)(Ny/2)(Nz/2): 0.0400403 Phi A: 0.0357922 Phi B: 0.922327 Phi I: 5.82116e-52
Total charge: -4.47851e-20
etaHat: 124879
70  fE: -2.94092  dfE: 0.0377022  dW: 0.0470006  dPhi(Nx/2)(Ny/2)(Nz/2): 0.039529 Phi A: 0.0358281 Phi B: 0.922882 Phi I: 5.82117e-52
Saving data . . .
Total charge: -4.49174e-20
etaHat: 124879
71  fE: -2.91149  dfE: 0.0294317  dW: 0.136037  dPhi(Nx/2)(Ny/2)(Nz/2): 0.0371061 Phi A: 0.0359339 Phi B: 0.925288 Phi I: 5.82118e-52
Total charge: -4.51175e-20
etaHat: 124879
72  fE: -2.89075  dfE: 0.0207357  dW: 0.221544  dPhi(Nx/2)(Ny/2)(Nz/2): 0.0330755 Phi A: 0.036094 Phi B: 0.929256 Phi I: 5.8212e-52
Total charge: -4.53651e-20
etaHat: 124879
73  fE: -2.87878  dfE: 0.011971  dW: 0.285466  dPhi(Nx/2)(Ny/2)(Nz/2): 0.0277833 Phi A: 0.036292 Phi B: 0.934457 Phi I: 5.82123e-52
Total charge: -4.56393e-20
etaHat: 124879
74  fE: -2.87531  dfE: 0.00347303  dW: 0.326863  dPhi(Nx/2)(Ny/2)(Nz/2): 0.0216022 Phi A: 0.0365114 Phi B: 0.940532 Phi I: 5.82127e-52
Total charge: -4.59201e-20
etaHat: 124879
75  fE: -2.87975  dfE: 0.00444207  dW: 0.345998  dPhi(Nx/2)(Ny/2)(Nz/2): 0.0149153 Phi A: 0.0367361 Phi B: 0.947114 Phi I: 5.82131e-52
Total charge: -4.61887e-20
etaHat: 124879
76  fE: -2.89123  dfE: 0.0114824  dW: 0.344185  dPhi(Nx/2)(Ny/2)(Nz/2): 0.00809945 Phi A: 0.036951 Phi B: 0.95384 Phi I: 5.82135e-52
Total charge: -4.64288e-20
etaHat: 124879
77  fE: -2.90862  dfE: 0.017391  dW: 0.323651  dPhi(Nx/2)(Ny/2)(Nz/2): 0.00150818 Phi A: 0.037143 Phi B: 0.960369 Phi I: 5.82138e-52
Total charge: -4.66268e-20
etaHat: 124879
78  fE: -2.93058  dfE: 0.0219612  dW: 0.287349  dPhi(Nx/2)(Ny/2)(Nz/2): -0.00454433 Phi A: 0.0373015 Phi B: 0.966394 Phi I: 5.82142e-52
Total charge: -4.67729e-20
etaHat: 124879
79  fE: -2.95564  dfE: 0.0250527  dW: 0.238751  dPhi(Nx/2)(Ny/2)(Nz/2): -0.00979714 Phi A: 0.0374183 Phi B: 0.971663 Phi I: 5.82145e-52
Total charge: -4.68608e-20
etaHat: 124879
80  fE: -2.98224  dfE: 0.0266053  dW: 0.181844  dPhi(Nx/2)(Ny/2)(Nz/2): -0.0140533 Phi A: 0.0374887 Phi B: 0.975981 Phi I: 5.82147e-52
Saving data . . .
Total charge: -4.68885e-20
etaHat: 124879
81  fE: -3.00889  dfE: 0.0266468  dW: 0.127016  dPhi(Nx/2)(Ny/2)(Nz/2): -0.0171861 Phi A: 0.0375108 Phi B: 0.979221 Phi I: 5.82149e-52
Total charge: -4.68573e-20
etaHat: 124879
82  fE: -3.03418  dfE: 0.0252923  dW: 0.0932227  dPhi(Nx/2)(Ny/2)(Nz/2): -0.0191412 Phi A: 0.0374858 Phi B: 0.981326 Phi I: 5.8215e-52
Total charge: -4.67719e-20
etaHat: 124879
83  fE: -3.05692  dfE: 0.0227349  dW: 0.0721293  dPhi(Nx/2)(Ny/2)(Nz/2): -0.0199328 Phi A: 0.0374175 Phi B: 0.982305 Phi I: 5.82151e-52
Total charge: -4.66395e-20
etaHat: 124879
84  fE: -3.07614  dfE: 0.0192279  dW: 0.072414  dPhi(Nx/2)(Ny/2)(Nz/2): -0.019637 Phi A: 0.0373116 Phi B: 0.982227 Phi I: 5.82151e-52
Total charge: -4.64694e-20
etaHat: 124879
85  fE: -3.09121  dfE: 0.0150622  dW: 0.107038  dPhi(Nx/2)(Ny/2)(Nz/2): -0.0183807 Phi A: 0.0371755 Phi B: 0.98121 Phi I: 5.8215e-52
Total charge: -4.62718e-20
etaHat: 124879
86  fE: -3.10175  dfE: 0.0105409  dW: 0.144862  dPhi(Nx/2)(Ny/2)(Nz/2): -0.0163284 Phi A: 0.0370174 Phi B: 0.97941 Phi I: 5.82149e-52
Total charge: -4.60573e-20
etaHat: 124879
87  fE: -3.1077  dfE: 0.00595612  dW: 0.1731  dPhi(Nx/2)(Ny/2)(Nz/2): -0.0136694 Phi A: 0.0368458 Phi B: 0.977006 Phi I: 5.82147e-52
Total charge: -4.58363e-20
etaHat: 124879
88  fE: -3.10927  dfE: 0.0015688  dW: 0.190758  dPhi(Nx/2)(Ny/2)(Nz/2): -0.0106031 Phi A: 0.036669 Phi B: 0.974191 Phi I: 5.82146e-52
Total charge: -4.56184e-20
etaHat: 124879
89  fE: -3.10687  dfE: 0.00240506  dW: 0.198041  dPhi(Nx/2)(Ny/2)(Nz/2): -0.00732766 Phi A: 0.0364947 Phi B: 0.971154 Phi I: 5.82144e-52
Total charge: -4.54119e-20
etaHat: 124879
90  fE: -3.10107  dfE: 0.0058024  dW: 0.19566  dPhi(Nx/2)(Ny/2)(Nz/2): -0.00402906 Phi A: 0.0363295 Phi B: 0.968074 Phi I: 5.82142e-52
Saving data . . .
Total charge: -4.52238e-20
etaHat: 124879
91  fE: -3.09255  dfE: 0.00851517  dW: 0.184736  dPhi(Nx/2)(Ny/2)(Nz/2): -0.000873128 Phi A: 0.036179 Phi B: 0.965113 Phi I: 5.8214e-52
Total charge: -4.50592e-20
etaHat: 124879
92  fE: -3.08206  dfE: 0.0104879  dW: 0.166691  dPhi(Nx/2)(Ny/2)(Nz/2): 0.00200042 Phi A: 0.0360474 Phi B: 0.962406 Phi I: 5.82138e-52
Total charge: -4.49217e-20
etaHat: 124879
93  fE: -3.07035  dfE: 0.0117118  dW: 0.143145  dPhi(Nx/2)(Ny/2)(Nz/2): 0.00448164 Phi A: 0.0359374 Phi B: 0.96006 Phi I: 5.82137e-52
Total charge: -4.48134e-20
etaHat: 124879
94  fE: -3.05813  dfE: 0.0122176  dW: 0.115813  dPhi(Nx/2)(Ny/2)(Nz/2): 0.00649201 Phi A: 0.0358507 Phi B: 0.958154 Phi I: 5.82135e-52
Total charge: -4.47345e-20
etaHat: 124879
95  fE: -3.04607  dfE: 0.0120667  dW: 0.0864188  dPhi(Nx/2)(Ny/2)(Nz/2): 0.00798435 Phi A: 0.0357876 Phi B: 0.956735 Phi I: 5.82134e-52
Total charge: -4.46842e-20
etaHat: 124879
96  fE: -3.03472  dfE: 0.0113437  dW: 0.0568876  dPhi(Nx/2)(Ny/2)(Nz/2): 0.00894141 Phi A: 0.0357473 Phi B: 0.955821 Phi I: 5.82134e-52
Total charge: -4.46602e-20
etaHat: 124879
97  fE: -3.02457  dfE: 0.0101487  dW: 0.0319701  dPhi(Nx/2)(Ny/2)(Nz/2): 0.00937325 Phi A: 0.0357282 Phi B: 0.955404 Phi I: 5.82133e-52
Total charge: -4.46595e-20
etaHat: 124879
98  fE: -3.01598  dfE: 0.00859057  dW: 0.0214343  dPhi(Nx/2)(Ny/2)(Nz/2): 0.00931377 Phi A: 0.0357276 Phi B: 0.955454 Phi I: 5.82133e-52
Total charge: -4.46783e-20
etaHat: 124879
99  fE: -3.0092  dfE: 0.00678196  dW: 0.0277726  dPhi(Nx/2)(Ny/2)(Nz/2): 0.00881669 Phi A: 0.0357426 Phi B: 0.95592 Phi I: 5.82134e-52
Total charge: -4.47122e-20
etaHat: 124879
100  fE: -3.00437  dfE: 0.00483409  dW: 0.0419073  dPhi(Nx/2)(Ny/2)(Nz/2): 0.00795102 Phi A: 0.0357698 Phi B: 0.956738 Phi I: 5.82134e-52
Saving data . . .
Total charge: -4.47568e-20
etaHat: 124879
101  fE: -3.00151  dfE: 0.00285282  dW: 0.0552679  dPhi(Nx/2)(Ny/2)(Nz/2): 0.00679636 Phi A: 0.0358055 Phi B: 0.957833 Phi I: 5.82135e-52
Total charge: -4.48075e-20
etaHat: 124879
102  fE: -3.00058  dfE: 0.000935106  dW: 0.0646345  dPhi(Nx/2)(Ny/2)(Nz/2): 0.00543819 Phi A: 0.035846 Phi B: 0.959122 Phi I: 5.82135e-52
Total charge: -4.486e-20
etaHat: 124879
103  fE: -3.00141  dfE: 0.000834011  dW: 0.0693697  dPhi(Nx/2)(Ny/2)(Nz/2): 0.00396325 Phi A: 0.035888 Phi B: 0.960523 Phi I: 5.82136e-52
Total charge: -4.49103e-20
etaHat: 124879
104  fE: -3.0038  dfE: 0.00238398  dW: 0.0696608  dPhi(Nx/2)(Ny/2)(Nz/2): 0.0024553 Phi A: 0.0359282 Phi B: 0.961957 Phi I: 5.82137e-52
Total charge: -4.4955e-20
etaHat: 124879
105  fE: -3.00746  dfE: 0.00366072  dW: 0.066  dPhi(Nx/2)(Ny/2)(Nz/2): 0.000991339 Phi A: 0.035964 Phi B: 0.963349 Phi I: 5.82138e-52
Total charge: -4.49916e-20
etaHat: 124879
106  fE: -3.01209  dfE: 0.00462787  dW: 0.0591451  dPhi(Nx/2)(Ny/2)(Nz/2): -0.000361537 Phi A: 0.0359932 Phi B: 0.964635 Phi I: 5.82138e-52
Total charge: -4.50178e-20
etaHat: 124879
107  fE: -3.01735  dfE: 0.00526734  dW: 0.0501665  dPhi(Nx/2)(Ny/2)(Nz/2): -0.00154852 Phi A: 0.0360143 Phi B: 0.965763 Phi I: 5.82139e-52
Total charge: -4.50327e-20
etaHat: 124879
108  fE: -3.02293  dfE: 0.00557891  dW: 0.0405291  dPhi(Nx/2)(Ny/2)(Nz/2): -0.00252865 Phi A: 0.0360262 Phi B: 0.966692 Phi I: 5.8214e-52
Total charge: -4.50356e-20
etaHat: 124879
109  fE: -3.02851  dfE: 0.00557894  dW: 0.0318741  dPhi(Nx/2)(Ny/2)(Nz/2): -0.00327555 Phi A: 0.0360285 Phi B: 0.967398 Phi I: 5.8214e-52
Total charge: -4.50269e-20
etaHat: 124879
110  fE: -3.03381  dfE: 0.00529823  dW: 0.0256667  dPhi(Nx/2)(Ny/2)(Nz/2): -0.00377729 Phi A: 0.0360215 Phi B: 0.967869 Phi I: 5.8214e-52
Saving data . . .
Total charge: -4.50073e-20
etaHat: 124879
111  fE: -3.03859  dfE: 0.00477924  dW: 0.0230632  dPhi(Nx/2)(Ny/2)(Nz/2): -0.00403557 Phi A: 0.0360058 Phi B: 0.968107 Phi I: 5.8214e-52
Total charge: -4.49782e-20
etaHat: 124879
112  fE: -3.04266  dfE: 0.00407271  dW: 0.0242586  dPhi(Nx/2)(Ny/2)(Nz/2): -0.0040642 Phi A: 0.0359826 Phi B: 0.968123 Phi I: 5.8214e-52
Total charge: -4.49413e-20
etaHat: 124879
113  fE: -3.0459  dfE: 0.00323414  dW: 0.0282795  dPhi(Nx/2)(Ny/2)(Nz/2): -0.0038871 Phi A: 0.0359531 Phi B: 0.967942 Phi I: 5.8214e-52
Total charge: -4.48986e-20
etaHat: 124879
114  fE: -3.04822  dfE: 0.00232026  dW: 0.0334856  dPhi(Nx/2)(Ny/2)(Nz/2): -0.00353603 Phi A: 0.0359189 Phi B: 0.967594 Phi I: 5.8214e-52
Total charge: -4.48521e-20
etaHat: 124879
115  fE: -3.0496  dfE: 0.00138576  dW: 0.0383269  dPhi(Nx/2)(Ny/2)(Nz/2): -0.0030481 Phi A: 0.0358817 Phi B: 0.967115 Phi I: 5.8214e-52
Total charge: -4.4804e-20
etaHat: 124879
116  fE: -3.05008  dfE: 0.00048052  dW: 0.0417849  dPhi(Nx/2)(Ny/2)(Nz/2): -0.00246325 Phi A: 0.0358432 Phi B: 0.966542 Phi I: 5.82139e-52
Total charge: -4.47561e-20
etaHat: 124879
117  fE: -3.04973  dfE: 0.00035256  dW: 0.0433911  dPhi(Nx/2)(Ny/2)(Nz/2): -0.00182194 Phi A: 0.0358049 Phi B: 0.965915 Phi I: 5.82139e-52
Total charge: -4.47102e-20
etaHat: 124879
118  fE: -3.04865  dfE: 0.00107908  dW: 0.0430846  dPhi(Nx/2)(Ny/2)(Nz/2): -0.00116305 Phi A: 0.0357682 Phi B: 0.965271 Phi I: 5.82138e-52
Total charge: -4.4668e-20
etaHat: 124879
119  fE: -3.04698  dfE: 0.00167396  dW: 0.0410172  dPhi(Nx/2)(Ny/2)(Nz/2): -0.00052205 Phi A: 0.0357344 Phi B: 0.964645 Phi I: 5.82138e-52
Total charge: -4.46304e-20
etaHat: 124879
120  fE: -3.04485  dfE: 0.00212164  dW: 0.0374849  dPhi(Nx/2)(Ny/2)(Nz/2): 7.03858e-05 Phi A: 0.0357043 Phi B: 0.964067 Phi I: 5.82138e-52
Saving data . . .
Total charge: -4.45984e-20
etaHat: 124879
121  fE: -3.04244  dfE: 0.00241573  dW: 0.0328976  dPhi(Nx/2)(Ny/2)(Nz/2): 0.000589371 Phi A: 0.0356787 Phi B: 0.96356 Phi I: 5.82137e-52
Total charge: -4.45725e-20
etaHat: 124879
122  fE: -3.03988  dfE: 0.00255826  dW: 0.0277969  dPhi(Nx/2)(Ny/2)(Nz/2): 0.00101642 Phi A: 0.035658 Phi B: 0.963143 Phi I: 5.82137e-52
Total charge: -4.45529e-20
etaHat: 124879
123  fE: -3.03732  dfE: 0.00255853  dW: 0.0228341  dPhi(Nx/2)(Ny/2)(Nz/2): 0.00133967 Phi A: 0.0356423 Phi B: 0.962827 Phi I: 5.82137e-52
Total charge: -4.45394e-20
etaHat: 124879
124  fE: -3.03489  dfE: 0.00243185  dW: 0.0186878  dPhi(Nx/2)(Ny/2)(Nz/2): 0.00155372 Phi A: 0.0356315 Phi B: 0.962618 Phi I: 5.82137e-52
Total charge: -4.45316e-20
etaHat: 124879
125  fE: -3.03269  dfE: 0.00219803  dW: 0.015865  dPhi(Nx/2)(Ny/2)(Nz/2): 0.00165926 Phi A: 0.0356253 Phi B: 0.962514 Phi I: 5.82137e-52
Total charge: -4.45289e-20
etaHat: 124879
126  fE: -3.03081  dfE: 0.00188  dW: 0.0144897  dPhi(Nx/2)(Ny/2)(Nz/2): 0.00166232 Phi A: 0.0356231 Phi B: 0.962512 Phi I: 5.82137e-52
Total charge: -4.45305e-20
etaHat: 124879
127  fE: -3.02931  dfE: 0.00150231  dW: 0.0143416  dPhi(Nx/2)(Ny/2)(Nz/2): 0.00157343 Phi A: 0.0356244 Phi B: 0.962599 Phi I: 5.82137e-52
Total charge: -4.45355e-20
etaHat: 124879
128  fE: -3.02822  dfE: 0.00108981  dW: 0.014987  dPhi(Nx/2)(Ny/2)(Nz/2): 0.00140666 Phi A: 0.0356284 Phi B: 0.962763 Phi I: 5.82137e-52
Total charge: -4.4543e-20
etaHat: 124879
129  fE: -3.02755  dfE: 0.000666449  dW: 0.0159548  dPhi(Nx/2)(Ny/2)(Nz/2): 0.00117851 Phi A: 0.0356344 Phi B: 0.962988 Phi I: 5.82137e-52
Total charge: -4.45519e-20
etaHat: 124879
130  fE: -3.0273  dfE: 0.00025422  dW: 0.0168337  dPhi(Nx/2)(Ny/2)(Nz/2): 0.000906855 Phi A: 0.0356415 Phi B: 0.963257 Phi I: 5.82137e-52
Saving data . . .
Total charge: -4.45614e-20
etaHat: 124879
131  fE: -3.02743  dfE: 0.000127686  dW: 0.0173445  dPhi(Nx/2)(Ny/2)(Nz/2): 0.00060992 Phi A: 0.0356491 Phi B: 0.963552 Phi I: 5.82137e-52
Total charge: -4.45706e-20
etaHat: 124879
132  fE: -3.02789  dfE: 0.000463517  dW: 0.0173662  dPhi(Nx/2)(Ny/2)(Nz/2): 0.000305337 Phi A: 0.0356565 Phi B: 0.963855 Phi I: 5.82137e-52
Total charge: -4.45788e-20
etaHat: 124879
133  fE: -3.02863  dfE: 0.000741385  dW: 0.0169023  dPhi(Nx/2)(Ny/2)(Nz/2): 9.31899e-06 Phi A: 0.0356631 Phi B: 0.964151 Phi I: 5.82137e-52
Total charge: -4.45854e-20
etaHat: 124879
134  fE: -3.02959  dfE: 0.000953464  dW: 0.0160601  dPhi(Nx/2)(Ny/2)(Nz/2): -0.000264003 Phi A: 0.0356684 Phi B: 0.964427 Phi I: 5.82137e-52
Total charge: -4.459e-20
etaHat: 124879
135  fE: -3.03068  dfE: 0.00109598  dW: 0.0150137  dPhi(Nx/2)(Ny/2)(Nz/2): -0.000503075 Phi A: 0.035672 Phi B: 0.96467 Phi I: 5.82138e-52
Total charge: -4.45923e-20
etaHat: 124879
136  fE: -3.03185  dfE: 0.00116901  dW: 0.0139454  dPhi(Nx/2)(Ny/2)(Nz/2): -0.000699239 Phi A: 0.0356738 Phi B: 0.964873 Phi I: 5.82138e-52
Total charge: -4.45922e-20
etaHat: 124879
137  fE: -3.03303  dfE: 0.00117608  dW: 0.013031  dPhi(Nx/2)(Ny/2)(Nz/2): -0.00084687 Phi A: 0.0356737 Phi B: 0.965029 Phi I: 5.82138e-52
Total charge: -4.45896e-20
etaHat: 124879
138  fE: -3.03415  dfE: 0.00112366  dW: 0.0124022  dPhi(Nx/2)(Ny/2)(Nz/2): -0.000943351 Phi A: 0.0356717 Phi B: 0.965136 Phi I: 5.82138e-52
Total charge: -4.45848e-20
etaHat: 124879
139  fE: -3.03517  dfE: 0.00102057  dW: 0.0120989  dPhi(Nx/2)(Ny/2)(Nz/2): -0.000988893 Phi A: 0.0356679 Phi B: 0.965194 Phi I: 5.82138e-52
Total charge: -4.45781e-20
etaHat: 124879
140  fE: -3.03605  dfE: 0.000877231  dW: 0.0120973  dPhi(Nx/2)(Ny/2)(Nz/2): -0.000986231 Phi A: 0.0356625 Phi B: 0.965204 Phi I: 5.82138e-52
Saving data . . .
Total charge: -4.45697e-20
etaHat: 124879
141  fE: -3.03675  dfE: 0.000705041  dW: 0.0123266  dPhi(Nx/2)(Ny/2)(Nz/2): -0.000940231 Phi A: 0.0356557 Phi B: 0.965173 Phi I: 5.82138e-52
Total charge: -4.456e-20
etaHat: 124879
142  fE: -3.03727  dfE: 0.00051565  dW: 0.0126624  dPhi(Nx/2)(Ny/2)(Nz/2): -0.000857417 Phi A: 0.035648 Phi B: 0.965105 Phi I: 5.82138e-52
Total charge: -4.45496e-20
etaHat: 124879
143  fE: -3.03759  dfE: 0.000320355  dW: 0.0129814  dPhi(Nx/2)(Ny/2)(Nz/2): -0.000745478 Phi A: 0.0356397 Phi B: 0.965009 Phi I: 5.82138e-52
Total charge: -4.45387e-20
etaHat: 124879
144  fE: -3.03772  dfE: 0.000129561  dW: 0.0131913  dPhi(Nx/2)(Ny/2)(Nz/2): -0.000612754 Phi A: 0.035631 Phi B: 0.964892 Phi I: 5.82138e-52
Total charge: -4.45279e-20
etaHat: 124879
145  fE: -3.03767  dfE: 4.76546e-05  dW: 0.0132329  dPhi(Nx/2)(Ny/2)(Nz/2): -0.000467754 Phi A: 0.0356223 Phi B: 0.964762 Phi I: 5.82138e-52
Total charge: -4.45175e-20
etaHat: 124879
146  fE: -3.03747  dfE: 0.00020386  dW: 0.0130798  dPhi(Nx/2)(Ny/2)(Nz/2): -0.000318715 Phi A: 0.035614 Phi B: 0.964627 Phi I: 5.82137e-52
Total charge: -4.45078e-20
etaHat: 124879
147  fE: -3.03713  dfE: 0.000333467  dW: 0.0127418  dPhi(Nx/2)(Ny/2)(Nz/2): -0.000173212 Phi A: 0.0356063 Phi B: 0.964495 Phi I: 5.82137e-52
Total charge: -4.44991e-20
etaHat: 124879
148  fE: -3.0367  dfE: 0.000432814  dW: 0.0122602  dPhi(Nx/2)(Ny/2)(Nz/2): -3.78568e-05 Phi A: 0.0355993 Phi B: 0.964372 Phi I: 5.82137e-52
Total charge: -4.44916e-20
etaHat: 124879
149  fE: -3.0362  dfE: 0.000500142  dW: 0.0116929  dPhi(Nx/2)(Ny/2)(Nz/2): 8.19336e-05 Phi A: 0.0355933 Phi B: 0.964263 Phi I: 5.82137e-52
Total charge: -4.44853e-20
etaHat: 124879
150  fE: -3.03567  dfE: 0.000535476  dW: 0.0111054  dPhi(Nx/2)(Ny/2)(Nz/2): 0.000182081 Phi A: 0.0355883 Phi B: 0.964173 Phi I: 5.82137e-52
Saving data . . .
Total charge: -4.44804e-20
etaHat: 124879
151  fE: -3.03512  dfE: 0.000540434  dW: 0.0105554  dPhi(Nx/2)(Ny/2)(Nz/2): 0.000259909 Phi A: 0.0355843 Phi B: 0.964103 Phi I: 5.82137e-52
Total charge: -4.44768e-20
etaHat: 124879
152  fE: -3.03461  dfE: 0.000517969  dW: 0.0100918  dPhi(Nx/2)(Ny/2)(Nz/2): 0.000314128 Phi A: 0.0355815 Phi B: 0.964056 Phi I: 5.82137e-52
Total charge: -4.44745e-20
etaHat: 124879
153  fE: -3.03413  dfE: 0.000472086  dW: 0.00973516  dPhi(Nx/2)(Ny/2)(Nz/2): 0.000344756 Phi A: 0.0355796 Phi B: 0.964031 Phi I: 5.82137e-52
Total charge: -4.44733e-20
etaHat: 124879
154  fE: -3.03373  dfE: 0.000407529  dW: 0.00948307  dPhi(Nx/2)(Ny/2)(Nz/2): 0.00035298 Phi A: 0.0355786 Phi B: 0.964028 Phi I: 5.82137e-52
Total charge: -4.4473e-20
etaHat: 124879
155  fE: -3.0334  dfE: 0.000329467  dW: 0.00932131  dPhi(Nx/2)(Ny/2)(Nz/2): 0.000340977 Phi A: 0.0355784 Phi B: 0.964044 Phi I: 5.82137e-52
Total charge: -4.44735e-20
etaHat: 124879
156  fE: -3.03315  dfE: 0.000243198  dW: 0.00922437  dPhi(Nx/2)(Ny/2)(Nz/2): 0.000311704 Phi A: 0.0355788 Phi B: 0.964077 Phi I: 5.82137e-52
Total charge: -4.44746e-20
etaHat: 124879
157  fE: -3.033  dfE: 0.000153868  dW: 0.00916035  dPhi(Nx/2)(Ny/2)(Nz/2): 0.000268668 Phi A: 0.0355797 Phi B: 0.964123 Phi I: 5.82137e-52
Total charge: -4.4476e-20
etaHat: 124879
158  fE: -3.03293  dfE: 6.62392e-05  dW: 0.00910119  dPhi(Nx/2)(Ny/2)(Nz/2): 0.000215697 Phi A: 0.0355808 Phi B: 0.964179 Phi I: 5.82137e-52
Total charge: -4.44776e-20
etaHat: 124879
159  fE: -3.03295  dfE: 1.55082e-05  dW: 0.00902607  dPhi(Nx/2)(Ny/2)(Nz/2): 0.000156716 Phi A: 0.0355821 Phi B: 0.96424 Phi I: 5.82137e-52
Total charge: -4.44792e-20
etaHat: 124879
160  fE: -3.03304  dfE: 8.7922e-05  dW: 0.00892291  dPhi(Nx/2)(Ny/2)(Nz/2): 9.55441e-05 Phi A: 0.0355833 Phi B: 0.964305 Phi I: 5.82137e-52
Saving data . . .
Total charge: -4.44806e-20
etaHat: 124879
161  fE: -3.03319  dfE: 0.000148373  dW: 0.00879019  dPhi(Nx/2)(Ny/2)(Nz/2): 3.57127e-05 Phi A: 0.0355844 Phi B: 0.964368 Phi I: 5.82137e-52
Total charge: -4.44816e-20
etaHat: 124879
162  fE: -3.03338  dfE: 0.000195102  dW: 0.00863445  dPhi(Nx/2)(Ny/2)(Nz/2): -1.96771e-05 Phi A: 0.0355853 Phi B: 0.964427 Phi I: 5.82137e-52
Total charge: -4.44823e-20
etaHat: 124879
163  fE: -3.03361  dfE: 0.000227212  dW: 0.00846629  dPhi(Nx/2)(Ny/2)(Nz/2): -6.80658e-05 Phi A: 0.0355859 Phi B: 0.964479 Phi I: 5.82137e-52
Total charge: -4.44826e-20
etaHat: 124879
164  fE: -3.03385  dfE: 0.000244632  dW: 0.00829875  dPhi(Nx/2)(Ny/2)(Nz/2): -0.000107506 Phi A: 0.0355861 Phi B: 0.964523 Phi I: 5.82137e-52
Total charge: -4.44823e-20
etaHat: 124879
165  fE: -3.0341  dfE: 0.000248028  dW: 0.00814339  dPhi(Nx/2)(Ny/2)(Nz/2): -0.000136697 Phi A: 0.0355859 Phi B: 0.964558 Phi I: 5.82137e-52
Total charge: -4.44816e-20
etaHat: 124879
166  fE: -3.03434  dfE: 0.000238698  dW: 0.00800735  dPhi(Nx/2)(Ny/2)(Nz/2): -0.000154982 Phi A: 0.0355853 Phi B: 0.964582 Phi I: 5.82137e-52
Total charge: -4.44804e-20
etaHat: 124879
167  fE: -3.03456  dfE: 0.000218437  dW: 0.00789359  dPhi(Nx/2)(Ny/2)(Nz/2): -0.000162313 Phi A: 0.0355843 Phi B: 0.964596 Phi I: 5.82137e-52
Total charge: -4.44787e-20
etaHat: 124879
168  fE: -3.03475  dfE: 0.000189401  dW: 0.00780132  dPhi(Nx/2)(Ny/2)(Nz/2): -0.000159193 Phi A: 0.035583 Phi B: 0.9646 Phi I: 5.82137e-52
Total charge: -4.44768e-20
etaHat: 124879
169  fE: -3.0349  dfE: 0.000153958  dW: 0.0077249  dPhi(Nx/2)(Ny/2)(Nz/2): -0.000146594 Phi A: 0.0355814 Phi B: 0.964595 Phi I: 5.82137e-52
Total charge: -4.44745e-20
etaHat: 124879
170  fE: -3.03502  dfE: 0.000114549  dW: 0.00765732  dPhi(Nx/2)(Ny/2)(Nz/2): -0.000125856 Phi A: 0.0355796 Phi B: 0.964582 Phi I: 5.82137e-52
Saving data . . .
Total charge: -4.44721e-20
etaHat: 124879
171  fE: -3.03509  dfE: 7.35546e-05  dW: 0.00759044  dPhi(Nx/2)(Ny/2)(Nz/2): -9.85902e-05 Phi A: 0.0355777 Phi B: 0.964563 Phi I: 5.82137e-52
Total charge: -4.44696e-20
etaHat: 124879
172  fE: -3.03512  dfE: 3.31878e-05  dW: 0.00751768  dPhi(Nx/2)(Ny/2)(Nz/2): -6.65658e-05 Phi A: 0.0355757 Phi B: 0.964539 Phi I: 5.82137e-52
Total charge: -4.44672e-20
etaHat: 124879
173  fE: -3.03512  dfE: 4.60357e-06  dW: 0.00743449  dPhi(Nx/2)(Ny/2)(Nz/2): -3.16088e-05 Phi A: 0.0355737 Phi B: 0.964512 Phi I: 5.82137e-52
Total charge: -4.44648e-20
etaHat: 124879
174  fE: -3.03508  dfE: 3.82046e-05  dW: 0.00733922  dPhi(Nx/2)(Ny/2)(Nz/2): 4.49363e-06 Phi A: 0.0355718 Phi B: 0.964484 Phi I: 5.82137e-52
Total charge: -4.44625e-20
etaHat: 124879
175  fE: -3.03501  dfE: 6.63795e-05  dW: 0.00723245  dPhi(Nx/2)(Ny/2)(Nz/2): 4.00772e-05 Phi A: 0.03557 Phi B: 0.964456 Phi I: 5.82137e-52
Total charge: -4.44605e-20
etaHat: 124879
176  fE: -3.03493  dfE: 8.82929e-05  dW: 0.00711701  dPhi(Nx/2)(Ny/2)(Nz/2): 7.36685e-05 Phi A: 0.0355684 Phi B: 0.96443 Phi I: 5.82137e-52
Total charge: -4.44587e-20
etaHat: 124879
177  fE: -3.03482  dfE: 0.00010351  dW: 0.00699638  dPhi(Nx/2)(Ny/2)(Nz/2): 0.000104038 Phi A: 0.0355669 Phi B: 0.964406 Phi I: 5.82137e-52
Total charge: -4.44571e-20
etaHat: 124879
178  fE: -3.03471  dfE: 0.000111975  dW: 0.00687422  dPhi(Nx/2)(Ny/2)(Nz/2): 0.000130232 Phi A: 0.0355657 Phi B: 0.964387 Phi I: 5.82137e-52
Total charge: -4.44559e-20
etaHat: 124879
179  fE: -3.0346  dfE: 0.000113974  dW: 0.00675391  dPhi(Nx/2)(Ny/2)(Nz/2): 0.000151595 Phi A: 0.0355647 Phi B: 0.964372 Phi I: 5.82137e-52
Total charge: -4.4455e-20
etaHat: 124879
180  fE: -3.03449  dfE: 0.000110087  dW: 0.00663948  dPhi(Nx/2)(Ny/2)(Nz/2): 0.000167762 Phi A: 0.035564 Phi B: 0.964361 Phi I: 5.82137e-52
Saving data . . .
Total charge: -4.44543e-20
etaHat: 124879
181  fE: -3.03438  dfE: 0.000101124  dW: 0.00653358  dPhi(Nx/2)(Ny/2)(Nz/2): 0.000178655 Phi A: 0.0355634 Phi B: 0.964355 Phi I: 5.82137e-52
Total charge: -4.44539e-20
etaHat: 124879
182  fE: -3.0343  dfE: 8.80653e-05  dW: 0.00643669  dPhi(Nx/2)(Ny/2)(Nz/2): 0.000184447 Phi A: 0.0355631 Phi B: 0.964354 Phi I: 5.82137e-52
Total charge: -4.44536e-20
etaHat: 124879
183  fE: -3.03422  dfE: 7.19895e-05  dW: 0.00634753  dPhi(Nx/2)(Ny/2)(Nz/2): 0.000185531 Phi A: 0.0355629 Phi B: 0.964357 Phi I: 5.82137e-52
Total charge: -4.44536e-20
etaHat: 124879
184  fE: -3.03417  dfE: 5.40138e-05  dW: 0.00626436  dPhi(Nx/2)(Ny/2)(Nz/2): 0.000182477 Phi A: 0.0355629 Phi B: 0.964364 Phi I: 5.82137e-52
Total charge: -4.44537e-20
etaHat: 124879
185  fE: -3.03414  dfE: 3.52327e-05  dW: 0.00618545  dPhi(Nx/2)(Ny/2)(Nz/2): 0.000175984 Phi A: 0.0355629 Phi B: 0.964373 Phi I: 5.82137e-52
Total charge: -4.44539e-20
etaHat: 124879
186  fE: -3.03412  dfE: 1.66661e-05  dW: 0.00610903  dPhi(Nx/2)(Ny/2)(Nz/2): 0.000166831 Phi A: 0.0355631 Phi B: 0.964384 Phi I: 5.82137e-52
Total charge: -4.44541e-20
etaHat: 124879
187  fE: -3.03412  dfE: 7.83698e-07  dW: 0.00603357  dPhi(Nx/2)(Ny/2)(Nz/2): 0.00015583 Phi A: 0.0355633 Phi B: 0.964397 Phi I: 5.82137e-52
Total charge: -4.44543e-20
etaHat: 124879
188  fE: -3.03414  dfE: 1.63644e-05  dW: 0.00595799  dPhi(Nx/2)(Ny/2)(Nz/2): 0.000143781 Phi A: 0.0355635 Phi B: 0.964411 Phi I: 5.82137e-52
Total charge: -4.44545e-20
etaHat: 124879
189  fE: -3.03417  dfE: 2.94956e-05  dW: 0.00588183  dPhi(Nx/2)(Ny/2)(Nz/2): 0.000131439 Phi A: 0.0355636 Phi B: 0.964424 Phi I: 5.82137e-52
Total charge: -4.44547e-20
etaHat: 124879
190  fE: -3.03421  dfE: 3.97795e-05  dW: 0.00580553  dPhi(Nx/2)(Ny/2)(Nz/2): 0.000119476 Phi A: 0.0355637 Phi B: 0.964437 Phi I: 5.82137e-52
Saving data . . .
Total charge: -4.44547e-20
etaHat: 124879
191  fE: -3.03425  dfE: 4.7002e-05  dW: 0.00572969  dPhi(Nx/2)(Ny/2)(Nz/2): 0.000108457 Phi A: 0.0355638 Phi B: 0.964448 Phi I: 5.82137e-52
Total charge: -4.44547e-20
etaHat: 124879
192  fE: -3.0343  dfE: 5.11239e-05  dW: 0.00565513  dPhi(Nx/2)(Ny/2)(Nz/2): 9.88294e-05 Phi A: 0.0355638 Phi B: 0.964458 Phi I: 5.82137e-52
Total charge: -4.44546e-20
etaHat: 124879
193  fE: -3.03436  dfE: 5.22645e-05  dW: 0.00558244  dPhi(Nx/2)(Ny/2)(Nz/2): 9.09071e-05 Phi A: 0.0355637 Phi B: 0.964466 Phi I: 5.82137e-52
Total charge: -4.44544e-20
etaHat: 124879
194  fE: -3.03441  dfE: 5.06794e-05  dW: 0.00551209  dPhi(Nx/2)(Ny/2)(Nz/2): 8.48744e-05 Phi A: 0.0355635 Phi B: 0.964471 Phi I: 5.82137e-52
Total charge: -4.44541e-20
etaHat: 124879
195  fE: -3.03445  dfE: 4.67333e-05  dW: 0.00544445  dPhi(Nx/2)(Ny/2)(Nz/2): 8.07902e-05 Phi A: 0.0355632 Phi B: 0.964475 Phi I: 5.82137e-52
Total charge: -4.44537e-20
etaHat: 124879
196  fE: -3.03449  dfE: 4.08702e-05  dW: 0.00537916  dPhi(Nx/2)(Ny/2)(Nz/2): 7.85989e-05 Phi A: 0.0355629 Phi B: 0.964476 Phi I: 5.82137e-52
Total charge: -4.44532e-20
etaHat: 124879
197  fE: -3.03453  dfE: 3.35834e-05  dW: 0.00531592  dPhi(Nx/2)(Ny/2)(Nz/2): 7.81472e-05 Phi A: 0.0355625 Phi B: 0.964475 Phi I: 5.82137e-52
Total charge: -4.44527e-20
etaHat: 124879
198  fE: -3.03455  dfE: 2.53855e-05  dW: 0.00525405  dPhi(Nx/2)(Ny/2)(Nz/2): 7.92028e-05 Phi A: 0.0355621 Phi B: 0.964473 Phi I: 5.82137e-52
Total charge: -4.44521e-20
etaHat: 124879
199  fE: -3.03457  dfE: 1.67806e-05  dW: 0.00519318  dPhi(Nx/2)(Ny/2)(Nz/2): 8.14758e-05 Phi A: 0.0355617 Phi B: 0.964469 Phi I: 5.82137e-52
Total charge: -4.44515e-20
etaHat: 124879
200  fE: -3.03458  dfE: 8.24051e-06  dW: 0.00513271  dPhi(Nx/2)(Ny/2)(Nz/2): 8.46405e-05 Phi A: 0.0355612 Phi B: 0.964464 Phi I: 5.82137e-52
Saving data . . .
Total charge: -4.44509e-20
etaHat: 124879
201  fE: -3.03458  dfE: 1.84138e-07  dW: 0.00507223  dPhi(Nx/2)(Ny/2)(Nz/2): 8.83567e-05 Phi A: 0.0355607 Phi B: 0.964458 Phi I: 5.82137e-52
Total charge: -4.44504e-20
etaHat: 124879
202  fE: -3.03457  dfE: 7.03759e-06  dW: 0.00501149  dPhi(Nx/2)(Ny/2)(Nz/2): 9.22892e-05 Phi A: 0.0355603 Phi B: 0.964452 Phi I: 5.82137e-52
Total charge: -4.44498e-20
etaHat: 124879
203  fE: -3.03456  dfE: 1.31522e-05  dW: 0.00495045  dPhi(Nx/2)(Ny/2)(Nz/2): 9.61258e-05 Phi A: 0.0355599 Phi B: 0.964447 Phi I: 5.82137e-52
Total charge: -4.44493e-20
etaHat: 124879
204  fE: -3.03454  dfE: 1.79709e-05  dW: 0.00488926  dPhi(Nx/2)(Ny/2)(Nz/2): 9.95908e-05 Phi A: 0.0355595 Phi B: 0.964441 Phi I: 5.82137e-52
Total charge: -4.44489e-20
etaHat: 124879
205  fE: -3.03452  dfE: 2.13894e-05  dW: 0.0048283  dPhi(Nx/2)(Ny/2)(Nz/2): 0.000102457 Phi A: 0.0355591 Phi B: 0.964436 Phi I: 5.82137e-52
Total charge: -4.44485e-20
etaHat: 124879
206  fE: -3.0345  dfE: 2.3384e-05  dW: 0.00476788  dPhi(Nx/2)(Ny/2)(Nz/2): 0.000104552 Phi A: 0.0355588 Phi B: 0.964432 Phi I: 5.82137e-52
Total charge: -4.44482e-20
etaHat: 124879
207  fE: -3.03447  dfE: 2.40047e-05  dW: 0.0047083  dPhi(Nx/2)(Ny/2)(Nz/2): 0.000105763 Phi A: 0.0355586 Phi B: 0.964429 Phi I: 5.82137e-52
Total charge: -4.4448e-20
etaHat: 124879
208  fE: -3.03445  dfE: 2.33646e-05  dW: 0.00464972  dPhi(Nx/2)(Ny/2)(Nz/2): 0.000106036 Phi A: 0.0355584 Phi B: 0.964426 Phi I: 5.82137e-52
Total charge: -4.44478e-20
etaHat: 124879
209  fE: -3.03443  dfE: 2.16275e-05  dW: 0.00459226  dPhi(Nx/2)(Ny/2)(Nz/2): 0.000105374 Phi A: 0.0355582 Phi B: 0.964425 Phi I: 5.82137e-52
Total charge: -4.44476e-20
etaHat: 124879
210  fE: -3.03441  dfE: 1.89952e-05  dW: 0.00453614  dPhi(Nx/2)(Ny/2)(Nz/2): 0.000103831 Phi A: 0.0355581 Phi B: 0.964424 Phi I: 5.82137e-52
Saving data . . .
Total charge: -4.44476e-20
etaHat: 124879
211  fE: -3.03439  dfE: 1.56926e-05  dW: 0.00448142  dPhi(Nx/2)(Ny/2)(Nz/2): 0.000101505 Phi A: 0.035558 Phi B: 0.964425 Phi I: 5.82137e-52
Total charge: -4.44475e-20
etaHat: 124879
212  fE: -3.03438  dfE: 1.19545e-05  dW: 0.00442808  dPhi(Nx/2)(Ny/2)(Nz/2): 9.85271e-05 Phi A: 0.035558 Phi B: 0.964426 Phi I: 5.82137e-52
Total charge: -4.44475e-20
etaHat: 124879
213  fE: -3.03437  dfE: 8.01279e-06  dW: 0.00437604  dPhi(Nx/2)(Ny/2)(Nz/2): 9.50549e-05 Phi A: 0.035558 Phi B: 0.964428 Phi I: 5.82137e-52
Total charge: -4.44475e-20
etaHat: 124879
214  fE: -3.03437  dfE: 4.08524e-06  dW: 0.00432506  dPhi(Nx/2)(Ny/2)(Nz/2): 9.12599e-05 Phi A: 0.035558 Phi B: 0.964431 Phi I: 5.82137e-52
Total charge: -4.44475e-20
etaHat: 124879
215  fE: -3.03437  dfE: 3.66067e-07  dW: 0.00427498  dPhi(Nx/2)(Ny/2)(Nz/2): 8.73183e-05 Phi A: 0.035558 Phi B: 0.964433 Phi I: 5.82137e-52
Total charge: -4.44475e-20
etaHat: 124879
216  fE: -3.03437  dfE: 2.98125e-06  dW: 0.00422569  dPhi(Nx/2)(Ny/2)(Nz/2): 8.34018e-05 Phi A: 0.035558 Phi B: 0.964436 Phi I: 5.82137e-52
Total charge: -4.44476e-20
etaHat: 124879
217  fE: -3.03438  dfE: 5.82889e-06  dW: 0.00417718  dPhi(Nx/2)(Ny/2)(Nz/2): 7.96689e-05 Phi A: 0.035558 Phi B: 0.964439 Phi I: 5.82137e-52
Total charge: -4.44476e-20
etaHat: 124879
218  fE: -3.03438  dfE: 8.08731e-06  dW: 0.00412948  dPhi(Nx/2)(Ny/2)(Nz/2): 7.62593e-05 Phi A: 0.035558 Phi B: 0.964442 Phi I: 5.82137e-52
Total charge: -4.44476e-20
etaHat: 124879
219  fE: -3.03439  dfE: 9.70573e-06  dW: 0.00408258  dPhi(Nx/2)(Ny/2)(Nz/2): 7.32876e-05 Phi A: 0.035558 Phi B: 0.964444 Phi I: 5.82137e-52
Total charge: -4.44475e-20
etaHat: 124879
220  fE: -3.0344  dfE: 1.06706e-05  dW: 0.0040365  dPhi(Nx/2)(Ny/2)(Nz/2): 7.08407e-05 Phi A: 0.035558 Phi B: 0.964446 Phi I: 5.82137e-52
Saving data . . .
Total charge: -4.44475e-20
etaHat: 124879
221  fE: -3.03442  dfE: 1.10023e-05  dW: 0.00399132  dPhi(Nx/2)(Ny/2)(Nz/2): 6.89755e-05 Phi A: 0.035558 Phi B: 0.964448 Phi I: 5.82137e-52
Total charge: -4.44474e-20
etaHat: 124879
222  fE: -3.03443  dfE: 1.07507e-05  dW: 0.00394691  dPhi(Nx/2)(Ny/2)(Nz/2): 6.77192e-05 Phi A: 0.0355579 Phi B: 0.964449 Phi I: 5.82137e-52
Total charge: -4.44473e-20
etaHat: 124879
223  fE: -3.03444  dfE: 9.98946e-06  dW: 0.0039033  dPhi(Nx/2)(Ny/2)(Nz/2): 6.70704e-05 Phi A: 0.0355579 Phi B: 0.96445 Phi I: 5.82137e-52
Total charge: -4.44472e-20
etaHat: 124879
224  fE: -3.03444  dfE: 8.80999e-06  dW: 0.00386043  dPhi(Nx/2)(Ny/2)(Nz/2): 6.70017e-05 Phi A: 0.0355578 Phi B: 0.96445 Phi I: 5.82137e-52
Total charge: -4.44471e-20
etaHat: 124879
225  fE: -3.03445  dfE: 7.31491e-06  dW: 0.00381828  dPhi(Nx/2)(Ny/2)(Nz/2): 6.74633e-05 Phi A: 0.0355577 Phi B: 0.96445 Phi I: 5.82137e-52
Total charge: -4.4447e-20
etaHat: 124879
226  fE: -3.03446  dfE: 5.61182e-06  dW: 0.00377671  dPhi(Nx/2)(Ny/2)(Nz/2): 6.83874e-05 Phi A: 0.0355576 Phi B: 0.96445 Phi I: 5.82137e-52
Total charge: -4.44469e-20
etaHat: 124879
227  fE: -3.03446  dfE: 3.80743e-06  dW: 0.00373566  dPhi(Nx/2)(Ny/2)(Nz/2): 6.96927e-05 Phi A: 0.0355575 Phi B: 0.964449 Phi I: 5.82137e-52
Total charge: -4.44467e-20
etaHat: 124879
228  fE: -3.03446  dfE: 2.0023e-06  dW: 0.00369511  dPhi(Nx/2)(Ny/2)(Nz/2): 7.12897e-05 Phi A: 0.0355574 Phi B: 0.964448 Phi I: 5.82137e-52
Total charge: -4.44466e-20
etaHat: 124879
229  fE: -3.03446  dfE: 2.86495e-07  dW: 0.00365506  dPhi(Nx/2)(Ny/2)(Nz/2): 7.30849e-05 Phi A: 0.0355573 Phi B: 0.964447 Phi I: 5.82137e-52
Total charge: -4.44464e-20
etaHat: 124879
230  fE: -3.03446  dfE: 1.26383e-06  dW: 0.0036155  dPhi(Nx/2)(Ny/2)(Nz/2): 7.49861e-05 Phi A: 0.0355572 Phi B: 0.964446 Phi I: 5.82137e-52
Saving data . . .
Total charge: -4.44463e-20
etaHat: 124879
231  fE: -3.03446  dfE: 2.58874e-06  dW: 0.00357635  dPhi(Nx/2)(Ny/2)(Nz/2): 7.69057e-05 Phi A: 0.0355571 Phi B: 0.964445 Phi I: 5.82137e-52
Total charge: -4.44462e-20
etaHat: 124879
232  fE: -3.03446  dfE: 3.64582e-06  dW: 0.00353771  dPhi(Nx/2)(Ny/2)(Nz/2): 7.87644e-05 Phi A: 0.035557 Phi B: 0.964443 Phi I: 5.82137e-52
Total charge: -4.44461e-20
etaHat: 124879
233  fE: -3.03445  dfE: 4.41044e-06  dW: 0.00349964  dPhi(Nx/2)(Ny/2)(Nz/2): 8.04938e-05 Phi A: 0.0355569 Phi B: 0.964442 Phi I: 5.82137e-52
Total charge: -4.4446e-20
etaHat: 124879
234  fE: -3.03445  dfE: 4.87516e-06  dW: 0.00346203  dPhi(Nx/2)(Ny/2)(Nz/2): 8.20382e-05 Phi A: 0.0355568 Phi B: 0.964441 Phi I: 5.82137e-52
Total charge: -4.44459e-20
etaHat: 124879
235  fE: -3.03444  dfE: 5.04824e-06  dW: 0.00342491  dPhi(Nx/2)(Ny/2)(Nz/2): 8.33558e-05 Phi A: 0.0355567 Phi B: 0.964441 Phi I: 5.82137e-52
Total charge: -4.44459e-20
etaHat: 124879
236  fE: -3.03444  dfE: 4.95162e-06  dW: 0.00338832  dPhi(Nx/2)(Ny/2)(Nz/2): 8.44187e-05 Phi A: 0.0355567 Phi B: 0.96444 Phi I: 5.82137e-52
Total charge: -4.44458e-20
etaHat: 124879
237  fE: -3.03443  dfE: 4.61837e-06  dW: 0.00335226  dPhi(Nx/2)(Ny/2)(Nz/2): 8.52127e-05 Phi A: 0.0355566 Phi B: 0.96444 Phi I: 5.82137e-52
Total charge: -4.44458e-20
etaHat: 124879
238  fE: -3.03443  dfE: 4.0899e-06  dW: 0.00331677  dPhi(Nx/2)(Ny/2)(Nz/2): 8.57362e-05 Phi A: 0.0355566 Phi B: 0.96444 Phi I: 5.82137e-52
Total charge: -4.44457e-20
etaHat: 124879
239  fE: -3.03443  dfE: 3.413e-06  dW: 0.00328183  dPhi(Nx/2)(Ny/2)(Nz/2): 8.5999e-05 Phi A: 0.0355566 Phi B: 0.96444 Phi I: 5.82137e-52
Total charge: -4.44457e-20
etaHat: 124879
240  fE: -3.03442  dfE: 2.63697e-06  dW: 0.00324743  dPhi(Nx/2)(Ny/2)(Nz/2): 8.60199e-05 Phi A: 0.0355566 Phi B: 0.96444 Phi I: 5.82137e-52
Saving data . . .
Total charge: -4.44457e-20
etaHat: 124879
241  fE: -3.03442  dfE: 1.81086e-06  dW: 0.00321354  dPhi(Nx/2)(Ny/2)(Nz/2): 8.58252e-05 Phi A: 0.0355566 Phi B: 0.96444 Phi I: 5.82137e-52
Total charge: -4.44457e-20
etaHat: 124879
242  fE: -3.03442  dfE: 9.81092e-07  dW: 0.00318013  dPhi(Nx/2)(Ny/2)(Nz/2): 8.54462e-05 Phi A: 0.0355566 Phi B: 0.964441 Phi I: 5.82137e-52
Total charge: -4.44457e-20
etaHat: 124879
243  fE: -3.03442  dfE: 1.89392e-07  dW: 0.00314724  dPhi(Nx/2)(Ny/2)(Nz/2): 8.49172e-05 Phi A: 0.0355565 Phi B: 0.964442 Phi I: 5.82137e-52
Total charge: -4.44457e-20
etaHat: 124879
244  fE: -3.03442  dfE: 5.28773e-07  dW: 0.00311482  dPhi(Nx/2)(Ny/2)(Nz/2): 8.42731e-05 Phi A: 0.0355565 Phi B: 0.964442 Phi I: 5.82137e-52
Total charge: -4.44457e-20
etaHat: 124879
245  fE: -3.03442  dfE: 1.14532e-06  dW: 0.00308288  dPhi(Nx/2)(Ny/2)(Nz/2): 8.35482e-05 Phi A: 0.0355565 Phi B: 0.964443 Phi I: 5.82137e-52
Total charge: -4.44457e-20
etaHat: 124879
246  fE: -3.03442  dfE: 1.64019e-06  dW: 0.00305139  dPhi(Nx/2)(Ny/2)(Nz/2): 8.2774e-05 Phi A: 0.0355565 Phi B: 0.964443 Phi I: 5.82137e-52
Total charge: -4.44457e-20
etaHat: 124879
247  fE: -3.03442  dfE: 2.00146e-06  dW: 0.00302034  dPhi(Nx/2)(Ny/2)(Nz/2): 8.19784e-05 Phi A: 0.0355565 Phi B: 0.964444 Phi I: 5.82137e-52
Total charge: -4.44457e-20
etaHat: 124879
248  fE: -3.03443  dfE: 2.22513e-06  dW: 0.00298972  dPhi(Nx/2)(Ny/2)(Nz/2): 8.11843e-05 Phi A: 0.0355565 Phi B: 0.964444 Phi I: 5.82137e-52
Total charge: -4.44456e-20
etaHat: 124879
249  fE: -3.03443  dfE: 2.31449e-06  dW: 0.00295954  dPhi(Nx/2)(Ny/2)(Nz/2): 8.04098e-05 Phi A: 0.0355565 Phi B: 0.964445 Phi I: 5.82137e-52
Total charge: -4.44456e-20
etaHat: 124879
250  fE: -3.03443  dfE: 2.27917e-06  dW: 0.00292977  dPhi(Nx/2)(Ny/2)(Nz/2): 7.96672e-05 Phi A: 0.0355565 Phi B: 0.964445 Phi I: 5.82137e-52
Saving data . . .
Total charge: -4.44456e-20
etaHat: 124879
251  fE: -3.03443  dfE: 2.13398e-06  dW: 0.0029004  dPhi(Nx/2)(Ny/2)(Nz/2): 7.89636e-05 Phi A: 0.0355565 Phi B: 0.964445 Phi I: 5.82137e-52
Total charge: -4.44456e-20
etaHat: 124879
252  fE: -3.03444  dfE: 1.89769e-06  dW: 0.00287141  dPhi(Nx/2)(Ny/2)(Nz/2): 7.83012e-05 Phi A: 0.0355565 Phi B: 0.964445 Phi I: 5.82137e-52
Total charge: -4.44455e-20
etaHat: 124879
253  fE: -3.03444  dfE: 1.59163e-06  dW: 0.00284279  dPhi(Nx/2)(Ny/2)(Nz/2): 7.76778e-05 Phi A: 0.0355564 Phi B: 0.964445 Phi I: 5.82137e-52
Total charge: -4.44455e-20
etaHat: 124879
254  fE: -3.03444  dfE: 1.23836e-06  dW: 0.00281456  dPhi(Nx/2)(Ny/2)(Nz/2): 7.70874e-05 Phi A: 0.0355564 Phi B: 0.964445 Phi I: 5.82137e-52
Total charge: -4.44455e-20
etaHat: 124879
255  fE: -3.03444  dfE: 8.60446e-07  dW: 0.00278667  dPhi(Nx/2)(Ny/2)(Nz/2): 7.65216e-05 Phi A: 0.0355564 Phi B: 0.964445 Phi I: 5.82137e-52
Total charge: -4.44454e-20
etaHat: 124879
256  fE: -3.03444  dfE: 4.793e-07  dW: 0.00275914  dPhi(Nx/2)(Ny/2)(Nz/2): 7.59697e-05 Phi A: 0.0355564 Phi B: 0.964445 Phi I: 5.82137e-52
Total charge: -4.44454e-20
etaHat: 124879
257  fE: -3.03444  dfE: 1.14263e-07  dW: 0.00273197  dPhi(Nx/2)(Ny/2)(Nz/2): 7.54206e-05 Phi A: 0.0355563 Phi B: 0.964445 Phi I: 5.82137e-52
Total charge: -4.44454e-20
etaHat: 124879
258  fE: -3.03444  dfE: 2.18159e-07  dW: 0.0027051  dPhi(Nx/2)(Ny/2)(Nz/2): 7.48627e-05 Phi A: 0.0355563 Phi B: 0.964444 Phi I: 5.82137e-52
Total charge: -4.44453e-20
etaHat: 124879
259  fE: -3.03444  dfE: 5.04816e-07  dW: 0.00267858  dPhi(Nx/2)(Ny/2)(Nz/2): 7.42854e-05 Phi A: 0.0355563 Phi B: 0.964444 Phi I: 5.82137e-52
Total charge: -4.44453e-20
etaHat: 124879
260  fE: -3.03444  dfE: 7.36217e-07  dW: 0.00265238  dPhi(Nx/2)(Ny/2)(Nz/2): 7.36793e-05 Phi A: 0.0355563 Phi B: 0.964444 Phi I: 5.82137e-52
Saving data . . .
Total charge: -4.44453e-20
etaHat: 124879
261  fE: -3.03444  dfE: 9.0662e-07  dW: 0.00262648  dPhi(Nx/2)(Ny/2)(Nz/2): 7.30369e-05 Phi A: 0.0355562 Phi B: 0.964444 Phi I: 5.82137e-52
Total charge: -4.44453e-20
etaHat: 124879
262  fE: -3.03444  dfE: 1.01392e-06  dW: 0.00260091  dPhi(Nx/2)(Ny/2)(Nz/2): 7.23529e-05 Phi A: 0.0355562 Phi B: 0.964443 Phi I: 5.82137e-52
Total charge: -4.44453e-20
etaHat: 124879
263  fE: -3.03444  dfE: 1.05939e-06  dW: 0.00257568  dPhi(Nx/2)(Ny/2)(Nz/2): 7.16245e-05 Phi A: 0.0355562 Phi B: 0.964443 Phi I: 5.82137e-52
Total charge: -4.44452e-20
etaHat: 124879
264  fE: -3.03443  dfE: 1.04724e-06  dW: 0.00255077  dPhi(Nx/2)(Ny/2)(Nz/2): 7.08512e-05 Phi A: 0.0355562 Phi B: 0.964443 Phi I: 5.82137e-52
Total charge: -4.44452e-20
etaHat: 124879
265  fE: -3.03443  dfE: 9.84118e-07  dW: 0.00252617  dPhi(Nx/2)(Ny/2)(Nz/2): 7.00352e-05 Phi A: 0.0355562 Phi B: 0.964443 Phi I: 5.82137e-52
Total charge: -4.44452e-20
etaHat: 124879
266  fE: -3.03443  dfE: 8.78506e-07  dW: 0.00250188  dPhi(Nx/2)(Ny/2)(Nz/2): 6.91804e-05 Phi A: 0.0355562 Phi B: 0.964443 Phi I: 5.82137e-52
Total charge: -4.44452e-20
etaHat: 124879
267  fE: -3.03443  dfE: 7.40123e-07  dW: 0.00247789  dPhi(Nx/2)(Ny/2)(Nz/2): 6.82929e-05 Phi A: 0.0355562 Phi B: 0.964443 Phi I: 5.82137e-52
Total charge: -4.44452e-20
etaHat: 124879
268  fE: -3.03443  dfE: 5.79301e-07  dW: 0.00245424  dPhi(Nx/2)(Ny/2)(Nz/2): 6.73801e-05 Phi A: 0.0355562 Phi B: 0.964443 Phi I: 5.82137e-52
Total charge: -4.44452e-20
etaHat: 124879
269  fE: -3.03443  dfE: 4.06406e-07  dW: 0.00243089  dPhi(Nx/2)(Ny/2)(Nz/2): 6.64504e-05 Phi A: 0.0355561 Phi B: 0.964443 Phi I: 5.82137e-52
Total charge: -4.44452e-20
etaHat: 124879
270  fE: -3.03443  dfE: 2.31321e-07  dW: 0.00240782  dPhi(Nx/2)(Ny/2)(Nz/2): 6.5513e-05 Phi A: 0.0355561 Phi B: 0.964443 Phi I: 5.82137e-52
Saving data . . .
Total charge: -4.44452e-20
etaHat: 124879
271  fE: -3.03443  dfE: 6.29995e-08  dW: 0.00238503  dPhi(Nx/2)(Ny/2)(Nz/2): 6.45771e-05 Phi A: 0.0355561 Phi B: 0.964443 Phi I: 5.82137e-52
Total charge: -4.44452e-20
etaHat: 124879
272  fE: -3.03443  dfE: 9.08775e-08  dW: 0.00236253  dPhi(Nx/2)(Ny/2)(Nz/2): 6.36516e-05 Phi A: 0.0355561 Phi B: 0.964444 Phi I: 5.82137e-52
Total charge: -4.44452e-20
etaHat: 124879
273  fE: -3.03443  dfE: 2.24155e-07  dW: 0.0023403  dPhi(Nx/2)(Ny/2)(Nz/2): 6.27448e-05 Phi A: 0.0355561 Phi B: 0.964444 Phi I: 5.82137e-52
Total charge: -4.44452e-20
etaHat: 124879
274  fE: -3.03443  dfE: 3.32351e-07  dW: 0.00231834  dPhi(Nx/2)(Ny/2)(Nz/2): 6.18642e-05 Phi A: 0.0355561 Phi B: 0.964444 Phi I: 5.82137e-52
Total charge: -4.44452e-20
etaHat: 124879
275  fE: -3.03443  dfE: 4.12701e-07  dW: 0.00229666  dPhi(Nx/2)(Ny/2)(Nz/2): 6.10159e-05 Phi A: 0.0355561 Phi B: 0.964444 Phi I: 5.82137e-52
Total charge: -4.44452e-20
etaHat: 124879
276  fE: -3.03443  dfE: 4.6412e-07  dW: 0.00227525  dPhi(Nx/2)(Ny/2)(Nz/2): 6.02048e-05 Phi A: 0.0355561 Phi B: 0.964444 Phi I: 5.82137e-52
Total charge: -4.44452e-20
etaHat: 124879
277  fE: -3.03443  dfE: 4.87077e-07  dW: 0.00225411  dPhi(Nx/2)(Ny/2)(Nz/2): 5.94343e-05 Phi A: 0.0355561 Phi B: 0.964444 Phi I: 5.82137e-52
Total charge: -4.44452e-20
etaHat: 124879
278  fE: -3.03443  dfE: 4.83412e-07  dW: 0.00223322  dPhi(Nx/2)(Ny/2)(Nz/2): 5.87064e-05 Phi A: 0.0355561 Phi B: 0.964444 Phi I: 5.82137e-52
Total charge: -4.44451e-20
etaHat: 124879
279  fE: -3.03443  dfE: 4.56097e-07  dW: 0.00221258  dPhi(Nx/2)(Ny/2)(Nz/2): 5.80218e-05 Phi A: 0.0355561 Phi B: 0.964444 Phi I: 5.82137e-52
Total charge: -4.44451e-20
etaHat: 124879
280  fE: -3.03443  dfE: 4.08972e-07  dW: 0.00219219  dPhi(Nx/2)(Ny/2)(Nz/2): 5.73797e-05 Phi A: 0.0355561 Phi B: 0.964444 Phi I: 5.82137e-52
Saving data . . .
Total charge: -4.44451e-20
etaHat: 124879
281  fE: -3.03443  dfE: 3.46463e-07  dW: 0.00217203  dPhi(Nx/2)(Ny/2)(Nz/2): 5.67782e-05 Phi A: 0.0355561 Phi B: 0.964444 Phi I: 5.82137e-52
Total charge: -4.44451e-20
etaHat: 124879
282  fE: -3.03443  dfE: 2.73297e-07  dW: 0.00215211  dPhi(Nx/2)(Ny/2)(Nz/2): 5.62147e-05 Phi A: 0.0355561 Phi B: 0.964444 Phi I: 5.82137e-52
Total charge: -4.44451e-20
etaHat: 124879
283  fE: -3.03443  dfE: 1.94237e-07  dW: 0.00213243  dPhi(Nx/2)(Ny/2)(Nz/2): 5.56856e-05 Phi A: 0.0355561 Phi B: 0.964444 Phi I: 5.82137e-52
Total charge: -4.44451e-20
etaHat: 124879
284  fE: -3.03443  dfE: 1.13842e-07  dW: 0.00211298  dPhi(Nx/2)(Ny/2)(Nz/2): 5.51869e-05 Phi A: 0.0355561 Phi B: 0.964444 Phi I: 5.82137e-52
Total charge: -4.44451e-20
etaHat: 124879
285  fE: -3.03443  dfE: 3.62573e-08  dW: 0.00209375  dPhi(Nx/2)(Ny/2)(Nz/2): 5.47144e-05 Phi A: 0.0355561 Phi B: 0.964444 Phi I: 5.82137e-52
Total charge: -4.44451e-20
etaHat: 124879
286  fE: -3.03443  dfE: 3.49446e-08  dW: 0.00207477  dPhi(Nx/2)(Ny/2)(Nz/2): 5.42637e-05 Phi A: 0.0355561 Phi B: 0.964444 Phi I: 5.82137e-52
Total charge: -4.44451e-20
etaHat: 124879
287  fE: -3.03443  dfE: 9.68846e-08  dW: 0.00205601  dPhi(Nx/2)(Ny/2)(Nz/2): 5.38305e-05 Phi A: 0.0355561 Phi B: 0.964444 Phi I: 5.82137e-52
Total charge: -4.44451e-20
etaHat: 124879
288  fE: -3.03443  dfE: 1.47447e-07  dW: 0.00203747  dPhi(Nx/2)(Ny/2)(Nz/2): 5.3411e-05 Phi A: 0.0355561 Phi B: 0.964444 Phi I: 5.82137e-52
Total charge: -4.44451e-20
etaHat: 124879
289  fE: -3.03443  dfE: 1.85304e-07  dW: 0.00201915  dPhi(Nx/2)(Ny/2)(Nz/2): 5.30017e-05 Phi A: 0.0355561 Phi B: 0.964444 Phi I: 5.82137e-52
Total charge: -4.44451e-20
etaHat: 124879
290  fE: -3.03443  dfE: 2.09902e-07  dW: 0.00200105  dPhi(Nx/2)(Ny/2)(Nz/2): 5.25994e-05 Phi A: 0.0355561 Phi B: 0.964444 Phi I: 5.82137e-52
Saving data . . .
Total charge: -4.44451e-20
etaHat: 124879
291  fE: -3.03443  dfE: 2.21404e-07  dW: 0.00198317  dPhi(Nx/2)(Ny/2)(Nz/2): 5.22019e-05 Phi A: 0.035556 Phi B: 0.964444 Phi I: 5.82137e-52
Total charge: -4.44451e-20
etaHat: 124879
292  fE: -3.03443  dfE: 2.20611e-07  dW: 0.0019655  dPhi(Nx/2)(Ny/2)(Nz/2): 5.18072e-05 Phi A: 0.035556 Phi B: 0.964444 Phi I: 5.82137e-52
Total charge: -4.44451e-20
etaHat: 124879
293  fE: -3.03443  dfE: 2.08851e-07  dW: 0.00194802  dPhi(Nx/2)(Ny/2)(Nz/2): 5.14143e-05 Phi A: 0.035556 Phi B: 0.964444 Phi I: 5.82137e-52
Total charge: -4.4445e-20
etaHat: 124879
294  fE: -3.03443  dfE: 1.8786e-07  dW: 0.00193075  dPhi(Nx/2)(Ny/2)(Nz/2): 5.10223e-05 Phi A: 0.035556 Phi B: 0.964444 Phi I: 5.82137e-52
Total charge: -4.4445e-20
etaHat: 124879
295  fE: -3.03443  dfE: 1.59652e-07  dW: 0.00191367  dPhi(Nx/2)(Ny/2)(Nz/2): 5.06312e-05 Phi A: 0.035556 Phi B: 0.964444 Phi I: 5.82137e-52
Total charge: -4.4445e-20
etaHat: 124879
296  fE: -3.03443  dfE: 1.26391e-07  dW: 0.00189679  dPhi(Nx/2)(Ny/2)(Nz/2): 5.02412e-05 Phi A: 0.035556 Phi B: 0.964444 Phi I: 5.82137e-52
Total charge: -4.4445e-20
etaHat: 124879
297  fE: -3.03443  dfE: 9.02634e-08  dW: 0.00188011  dPhi(Nx/2)(Ny/2)(Nz/2): 4.9853e-05 Phi A: 0.035556 Phi B: 0.964444 Phi I: 5.82137e-52
Total charge: -4.4445e-20
etaHat: 124879
298  fE: -3.03443  dfE: 5.33713e-08  dW: 0.00186363  dPhi(Nx/2)(Ny/2)(Nz/2): 4.94674e-05 Phi A: 0.035556 Phi B: 0.964444 Phi I: 5.82137e-52
Total charge: -4.4445e-20
etaHat: 124879
299  fE: -3.03443  dfE: 1.7634e-08  dW: 0.00184733  dPhi(Nx/2)(Ny/2)(Nz/2): 4.90855e-05 Phi A: 0.035556 Phi B: 0.964444 Phi I: 5.82137e-52
Total charge: -4.4445e-20
etaHat: 124879
300  fE: -3.03443  dfE: 1.52881e-08  dW: 0.00183122  dPhi(Nx/2)(Ny/2)(Nz/2): 4.87083e-05 Phi A: 0.035556 Phi B: 0.964444 Phi I: 5.82137e-52
Saving data . . .
Total charge: -4.4445e-20
etaHat: 124879
301  fE: -3.03443  dfE: 4.40486e-08  dW: 0.0018153  dPhi(Nx/2)(Ny/2)(Nz/2): 4.83369e-05 Phi A: 0.035556 Phi B: 0.964444 Phi I: 5.82137e-52
Total charge: -4.4445e-20
etaHat: 124879
302  fE: -3.03443  dfE: 6.76499e-08  dW: 0.00179955  dPhi(Nx/2)(Ny/2)(Nz/2): 4.79722e-05 Phi A: 0.035556 Phi B: 0.964444 Phi I: 5.82137e-52
Total charge: -4.4445e-20
etaHat: 124879
303  fE: -3.03443  dfE: 8.5456e-08  dW: 0.00178398  dPhi(Nx/2)(Ny/2)(Nz/2): 4.76151e-05 Phi A: 0.035556 Phi B: 0.964444 Phi I: 5.82137e-52
Total charge: -4.4445e-20
etaHat: 124879
304  fE: -3.03443  dfE: 9.71864e-08  dW: 0.00176859  dPhi(Nx/2)(Ny/2)(Nz/2): 4.72661e-05 Phi A: 0.035556 Phi B: 0.964444 Phi I: 5.82137e-52
Total charge: -4.4445e-20
etaHat: 124879
305  fE: -3.03443  dfE: 1.02893e-07  dW: 0.00175336  dPhi(Nx/2)(Ny/2)(Nz/2): 4.69258e-05 Phi A: 0.035556 Phi B: 0.964444 Phi I: 5.82137e-52
Total charge: -4.4445e-20
etaHat: 124879
306  fE: -3.03443  dfE: 1.02921e-07  dW: 0.00173831  dPhi(Nx/2)(Ny/2)(Nz/2): 4.65941e-05 Phi A: 0.035556 Phi B: 0.964444 Phi I: 5.82137e-52
Total charge: -4.4445e-20
etaHat: 124879
307  fE: -3.03443  dfE: 9.78657e-08  dW: 0.00172342  dPhi(Nx/2)(Ny/2)(Nz/2): 4.62711e-05 Phi A: 0.035556 Phi B: 0.964444 Phi I: 5.82137e-52
Total charge: -4.4445e-20
etaHat: 124879
308  fE: -3.03443  dfE: 8.851e-08  dW: 0.00170869  dPhi(Nx/2)(Ny/2)(Nz/2): 4.59564e-05 Phi A: 0.035556 Phi B: 0.964444 Phi I: 5.82137e-52
Total charge: -4.4445e-20
etaHat: 124879
309  fE: -3.03443  dfE: 7.57706e-08  dW: 0.00169411  dPhi(Nx/2)(Ny/2)(Nz/2): 4.56495e-05 Phi A: 0.035556 Phi B: 0.964444 Phi I: 5.82137e-52
Total charge: -4.4445e-20
etaHat: 124879
310  fE: -3.03443  dfE: 6.06367e-08  dW: 0.00167969  dPhi(Nx/2)(Ny/2)(Nz/2): 4.53498e-05 Phi A: 0.035556 Phi B: 0.964444 Phi I: 5.82137e-52
Saving data . . .
Total charge: -4.4445e-20
etaHat: 124879
311  fE: -3.03443  dfE: 4.41129e-08  dW: 0.00166542  dPhi(Nx/2)(Ny/2)(Nz/2): 4.50564e-05 Phi A: 0.035556 Phi B: 0.964444 Phi I: 5.82137e-52
Total charge: -4.4445e-20
etaHat: 124879
312  fE: -3.03443  dfE: 2.7168e-08  dW: 0.0016513  dPhi(Nx/2)(Ny/2)(Nz/2): 4.47685e-05 Phi A: 0.035556 Phi B: 0.964444 Phi I: 5.82137e-52
Total charge: -4.4445e-20
etaHat: 124879
313  fE: -3.03443  dfE: 1.06901e-08  dW: 0.00163734  dPhi(Nx/2)(Ny/2)(Nz/2): 4.44851e-05 Phi A: 0.035556 Phi B: 0.964444 Phi I: 5.82137e-52
Total charge: -4.4445e-20
etaHat: 124879
314  fE: -3.03443  dfE: 4.54906e-09  dW: 0.00162354  dPhi(Nx/2)(Ny/2)(Nz/2): 4.42053e-05 Phi A: 0.035556 Phi B: 0.964444 Phi I: 5.82137e-52
Total charge: -4.4445e-20
etaHat: 124879
315  fE: -3.03443  dfE: 1.79204e-08  dW: 0.00160988  dPhi(Nx/2)(Ny/2)(Nz/2): 4.39282e-05 Phi A: 0.035556 Phi B: 0.964444 Phi I: 5.82137e-52
Total charge: -4.4445e-20
etaHat: 124879
316  fE: -3.03443  dfE: 2.89536e-08  dW: 0.00159638  dPhi(Nx/2)(Ny/2)(Nz/2): 4.3653e-05 Phi A: 0.035556 Phi B: 0.964444 Phi I: 5.82137e-52
Total charge: -4.4445e-20
etaHat: 124879
317  fE: -3.03443  dfE: 3.73447e-08  dW: 0.00158303  dPhi(Nx/2)(Ny/2)(Nz/2): 4.3379e-05 Phi A: 0.035556 Phi B: 0.964444 Phi I: 5.82137e-52
Total charge: -4.4445e-20
etaHat: 124879
318  fE: -3.03443  dfE: 4.29526e-08  dW: 0.00156981  dPhi(Nx/2)(Ny/2)(Nz/2): 4.31054e-05 Phi A: 0.035556 Phi B: 0.964444 Phi I: 5.82137e-52
Total charge: -4.4445e-20
etaHat: 124879
319  fE: -3.03443  dfE: 4.57903e-08  dW: 0.00155673  dPhi(Nx/2)(Ny/2)(Nz/2): 4.28318e-05 Phi A: 0.035556 Phi B: 0.964444 Phi I: 5.82137e-52
Total charge: -4.4445e-20
etaHat: 124879
320  fE: -3.03443  dfE: 4.60072e-08  dW: 0.00154379  dPhi(Nx/2)(Ny/2)(Nz/2): 4.25579e-05 Phi A: 0.035556 Phi B: 0.964444 Phi I: 5.82137e-52
Saving data . . .
Total charge: -4.4445e-20
etaHat: 124879
321  fE: -3.03443  dfE: 4.38675e-08  dW: 0.00153098  dPhi(Nx/2)(Ny/2)(Nz/2): 4.22833e-05 Phi A: 0.035556 Phi B: 0.964444 Phi I: 5.82137e-52
Total charge: -4.4445e-20
etaHat: 124879
322  fE: -3.03443  dfE: 3.97258e-08  dW: 0.00151831  dPhi(Nx/2)(Ny/2)(Nz/2): 4.2008e-05 Phi A: 0.035556 Phi B: 0.964444 Phi I: 5.82137e-52
Total charge: -4.4445e-20
etaHat: 124879
323  fE: -3.03443  dfE: 3.39984e-08  dW: 0.00150576  dPhi(Nx/2)(Ny/2)(Nz/2): 4.17318e-05 Phi A: 0.035556 Phi B: 0.964444 Phi I: 5.82137e-52
Total charge: -4.4445e-20
etaHat: 124879
324  fE: -3.03443  dfE: 2.71376e-08  dW: 0.00149335  dPhi(Nx/2)(Ny/2)(Nz/2): 4.14549e-05 Phi A: 0.035556 Phi B: 0.964444 Phi I: 5.82137e-52
Total charge: -4.4445e-20
etaHat: 124879
325  fE: -3.03443  dfE: 1.96048e-08  dW: 0.00148106  dPhi(Nx/2)(Ny/2)(Nz/2): 4.11775e-05 Phi A: 0.035556 Phi B: 0.964444 Phi I: 5.82137e-52
Total charge: -4.4445e-20
etaHat: 124879
326  fE: -3.03443  dfE: 1.18462e-08  dW: 0.0014689  dPhi(Nx/2)(Ny/2)(Nz/2): 4.08997e-05 Phi A: 0.035556 Phi B: 0.964444 Phi I: 5.82137e-52
Total charge: -4.4445e-20
etaHat: 124879
327  fE: -3.03443  dfE: 4.27264e-09  dW: 0.00145687  dPhi(Nx/2)(Ny/2)(Nz/2): 4.06217e-05 Phi A: 0.035556 Phi B: 0.964444 Phi I: 5.82137e-52
Total charge: -4.4445e-20
etaHat: 124879
328  fE: -3.03443  dfE: 2.7573e-09  dW: 0.00144496  dPhi(Nx/2)(Ny/2)(Nz/2): 4.03438e-05 Phi A: 0.035556 Phi B: 0.964444 Phi I: 5.82137e-52
Total charge: -4.4445e-20
etaHat: 124879
329  fE: -3.03443  dfE: 8.9497e-09  dW: 0.00143318  dPhi(Nx/2)(Ny/2)(Nz/2): 4.00663e-05 Phi A: 0.035556 Phi B: 0.964444 Phi I: 5.82137e-52
Total charge: -4.4445e-20
etaHat: 124879
330  fE: -3.03443  dfE: 1.40833e-08  dW: 0.00142151  dPhi(Nx/2)(Ny/2)(Nz/2): 3.97895e-05 Phi A: 0.035556 Phi B: 0.964444 Phi I: 5.82137e-52
Saving data . . .
Total charge: -4.4445e-20
etaHat: 124879
331  fE: -3.03443  dfE: 1.80128e-08  dW: 0.00140996  dPhi(Nx/2)(Ny/2)(Nz/2): 3.95134e-05 Phi A: 0.035556 Phi B: 0.964444 Phi I: 5.82137e-52
Total charge: -4.4445e-20
etaHat: 124879
332  fE: -3.03443  dfE: 2.0668e-08  dW: 0.00139853  dPhi(Nx/2)(Ny/2)(Nz/2): 3.92384e-05 Phi A: 0.035556 Phi B: 0.964444 Phi I: 5.82137e-52
Total charge: -4.4445e-20
etaHat: 124879
333  fE: -3.03443  dfE: 2.20497e-08  dW: 0.00138721  dPhi(Nx/2)(Ny/2)(Nz/2): 3.89646e-05 Phi A: 0.035556 Phi B: 0.964444 Phi I: 5.82137e-52
Total charge: -4.4445e-20
etaHat: 124879
334  fE: -3.03443  dfE: 2.22221e-08  dW: 0.001376  dPhi(Nx/2)(Ny/2)(Nz/2): 3.86921e-05 Phi A: 0.035556 Phi B: 0.964444 Phi I: 5.82137e-52
Total charge: -4.4445e-20
etaHat: 124879
335  fE: -3.03443  dfE: 2.13028e-08  dW: 0.00136491  dPhi(Nx/2)(Ny/2)(Nz/2): 3.84209e-05 Phi A: 0.035556 Phi B: 0.964444 Phi I: 5.82137e-52
Total charge: -4.4445e-20
etaHat: 124879
336  fE: -3.03443  dfE: 1.94517e-08  dW: 0.00135392  dPhi(Nx/2)(Ny/2)(Nz/2): 3.81511e-05 Phi A: 0.035556 Phi B: 0.964444 Phi I: 5.82137e-52
Total charge: -4.4445e-20
etaHat: 124879
337  fE: -3.03443  dfE: 1.68583e-08  dW: 0.00134305  dPhi(Nx/2)(Ny/2)(Nz/2): 3.78827e-05 Phi A: 0.035556 Phi B: 0.964444 Phi I: 5.82137e-52
Total charge: -4.4445e-20
etaHat: 124879
338  fE: -3.03443  dfE: 1.37291e-08  dW: 0.00133228  dPhi(Nx/2)(Ny/2)(Nz/2): 3.76156e-05 Phi A: 0.035556 Phi B: 0.964444 Phi I: 5.82137e-52
Total charge: -4.4445e-20
etaHat: 124879
339  fE: -3.03443  dfE: 1.02758e-08  dW: 0.00132162  dPhi(Nx/2)(Ny/2)(Nz/2): 3.73498e-05 Phi A: 0.035556 Phi B: 0.964444 Phi I: 5.82137e-52
Total charge: -4.4445e-20
etaHat: 124879
340  fE: -3.03443  dfE: 6.70413e-09  dW: 0.00131107  dPhi(Nx/2)(Ny/2)(Nz/2): 3.70853e-05 Phi A: 0.035556 Phi B: 0.964444 Phi I: 5.82137e-52
Saving data . . .
Total charge: -4.4445e-20
etaHat: 124879
341  fE: -3.03443  dfE: 3.20407e-09  dW: 0.00130062  dPhi(Nx/2)(Ny/2)(Nz/2): 3.68219e-05 Phi A: 0.035556 Phi B: 0.964444 Phi I: 5.82137e-52
Total charge: -4.4445e-20
etaHat: 124879
342  fE: -3.03443  dfE: 5.80327e-11  dW: 0.00129027  dPhi(Nx/2)(Ny/2)(Nz/2): 3.65597e-05 Phi A: 0.035556 Phi B: 0.964444 Phi I: 5.82137e-52
Total charge: -4.4445e-20
etaHat: 124879
343  fE: -3.03443  dfE: 2.94469e-09  dW: 0.00128003  dPhi(Nx/2)(Ny/2)(Nz/2): 3.62985e-05 Phi A: 0.035556 Phi B: 0.964444 Phi I: 5.82137e-52
Total charge: -4.4445e-20
etaHat: 124879
344  fE: -3.03443  dfE: 5.35212e-09  dW: 0.00126988  dPhi(Nx/2)(Ny/2)(Nz/2): 3.60383e-05 Phi A: 0.035556 Phi B: 0.964444 Phi I: 5.82137e-52
Total charge: -4.4445e-20
etaHat: 124879
345  fE: -3.03443  dfE: 7.21067e-09  dW: 0.00125983  dPhi(Nx/2)(Ny/2)(Nz/2): 3.57792e-05 Phi A: 0.035556 Phi B: 0.964444 Phi I: 5.82137e-52
Total charge: -4.4445e-20
etaHat: 124879
346  fE: -3.03443  dfE: 8.48583e-09  dW: 0.00124987  dPhi(Nx/2)(Ny/2)(Nz/2): 3.55211e-05 Phi A: 0.035556 Phi B: 0.964444 Phi I: 5.82137e-52
Total charge: -4.4445e-20
etaHat: 124879
347  fE: -3.03443  dfE: 9.17553e-09  dW: 0.00124001  dPhi(Nx/2)(Ny/2)(Nz/2): 3.52641e-05 Phi A: 0.035556 Phi B: 0.964444 Phi I: 5.82137e-52
Total charge: -4.4445e-20
etaHat: 124879
348  fE: -3.03443  dfE: 9.30723e-09  dW: 0.00123025  dPhi(Nx/2)(Ny/2)(Nz/2): 3.50082e-05 Phi A: 0.035556 Phi B: 0.964444 Phi I: 5.82137e-52
Total charge: -4.4445e-20
etaHat: 124879
349  fE: -3.03443  dfE: 8.93314e-09  dW: 0.00122059  dPhi(Nx/2)(Ny/2)(Nz/2): 3.47536e-05 Phi A: 0.035556 Phi B: 0.964444 Phi I: 5.82137e-52
Total charge: -4.4445e-20
etaHat: 124879
350  fE: -3.03443  dfE: 8.12535e-09  dW: 0.00121102  dPhi(Nx/2)(Ny/2)(Nz/2): 3.45003e-05 Phi A: 0.035556 Phi B: 0.964444 Phi I: 5.82137e-52
Saving data . . .
Total charge: -4.4445e-20
etaHat: 124879
351  fE: -3.03443  dfE: 6.96997e-09  dW: 0.00120155  dPhi(Nx/2)(Ny/2)(Nz/2): 3.42484e-05 Phi A: 0.035556 Phi B: 0.964444 Phi I: 5.82137e-52
Total charge: -4.4445e-20
etaHat: 124879
352  fE: -3.03443  dfE: 5.56137e-09  dW: 0.00119217  dPhi(Nx/2)(Ny/2)(Nz/2): 3.39982e-05 Phi A: 0.035556 Phi B: 0.964444 Phi I: 5.82137e-52
Total charge: -4.4445e-20
etaHat: 124879
353  fE: -3.03443  dfE: 3.99669e-09  dW: 0.00118288  dPhi(Nx/2)(Ny/2)(Nz/2): 3.37497e-05 Phi A: 0.035556 Phi B: 0.964444 Phi I: 5.82137e-52
Total charge: -4.4445e-20
etaHat: 124879
354  fE: -3.03443  dfE: 2.37061e-09  dW: 0.00117368  dPhi(Nx/2)(Ny/2)(Nz/2): 3.35031e-05 Phi A: 0.035556 Phi B: 0.964444 Phi I: 5.82137e-52
Total charge: -4.4445e-20
etaHat: 124879
355  fE: -3.03443  dfE: 7.71021e-10  dW: 0.00116456  dPhi(Nx/2)(Ny/2)(Nz/2): 3.32585e-05 Phi A: 0.035556 Phi B: 0.964444 Phi I: 5.82137e-52
Total charge: -4.4445e-20
etaHat: 124879
356  fE: -3.03443  dfE: 7.24875e-10  dW: 0.00115553  dPhi(Nx/2)(Ny/2)(Nz/2): 3.30162e-05 Phi A: 0.035556 Phi B: 0.964444 Phi I: 5.82137e-52
Total charge: -4.4445e-20
etaHat: 124879
357  fE: -3.03443  dfE: 2.05293e-09  dW: 0.00114658  dPhi(Nx/2)(Ny/2)(Nz/2): 3.27761e-05 Phi A: 0.035556 Phi B: 0.964444 Phi I: 5.82137e-52
Total charge: -4.4445e-20
etaHat: 124879
358  fE: -3.03443  dfE: 3.16427e-09  dW: 0.00113773  dPhi(Nx/2)(Ny/2)(Nz/2): 3.25385e-05 Phi A: 0.035556 Phi B: 0.964444 Phi I: 5.82137e-52
Total charge: -4.4445e-20
etaHat: 124879
359  fE: -3.03443  dfE: 4.02583e-09  dW: 0.00112895  dPhi(Nx/2)(Ny/2)(Nz/2): 3.23033e-05 Phi A: 0.035556 Phi B: 0.964444 Phi I: 5.82137e-52
Total charge: -4.4445e-20
etaHat: 124879
360  fE: -3.03443  dfE: 4.62063e-09  dW: 0.00112026  dPhi(Nx/2)(Ny/2)(Nz/2): 3.20708e-05 Phi A: 0.035556 Phi B: 0.964444 Phi I: 5.82137e-52
Saving data . . .
Total charge: -4.4445e-20
etaHat: 124879
361  fE: -3.03443  dfE: 4.94649e-09  dW: 0.00111166  dPhi(Nx/2)(Ny/2)(Nz/2): 3.18408e-05 Phi A: 0.035556 Phi B: 0.964444 Phi I: 5.82137e-52
Total charge: -4.4445e-20
etaHat: 124879
362  fE: -3.03443  dfE: 5.0151e-09  dW: 0.00110313  dPhi(Nx/2)(Ny/2)(Nz/2): 3.16135e-05 Phi A: 0.035556 Phi B: 0.964444 Phi I: 5.82137e-52
Total charge: -4.4445e-20
etaHat: 124879
363  fE: -3.03443  dfE: 4.84974e-09  dW: 0.00109468  dPhi(Nx/2)(Ny/2)(Nz/2): 3.13889e-05 Phi A: 0.035556 Phi B: 0.964444 Phi I: 5.82137e-52
Total charge: -4.4445e-20
etaHat: 124879
364  fE: -3.03443  dfE: 4.4828e-09  dW: 0.00108632  dPhi(Nx/2)(Ny/2)(Nz/2): 3.11669e-05 Phi A: 0.035556 Phi B: 0.964444 Phi I: 5.82137e-52
Total charge: -4.4445e-20
etaHat: 124879
365  fE: -3.03443  dfE: 3.95334e-09  dW: 0.00107804  dPhi(Nx/2)(Ny/2)(Nz/2): 3.09475e-05 Phi A: 0.035556 Phi B: 0.964444 Phi I: 5.82137e-52
Total charge: -4.4445e-20
etaHat: 124879
366  fE: -3.03443  dfE: 3.30452e-09  dW: 0.00106984  dPhi(Nx/2)(Ny/2)(Nz/2): 3.07307e-05 Phi A: 0.035556 Phi B: 0.964444 Phi I: 5.82137e-52
Total charge: -4.4445e-20
etaHat: 124879
367  fE: -3.03443  dfE: 2.58091e-09  dW: 0.00106172  dPhi(Nx/2)(Ny/2)(Nz/2): 3.05163e-05 Phi A: 0.035556 Phi B: 0.964444 Phi I: 5.82137e-52
Total charge: -4.4445e-20
etaHat: 124879
368  fE: -3.03443  dfE: 1.82607e-09  dW: 0.00105367  dPhi(Nx/2)(Ny/2)(Nz/2): 3.03042e-05 Phi A: 0.035556 Phi B: 0.964444 Phi I: 5.82137e-52
Total charge: -4.4445e-20
etaHat: 124879
369  fE: -3.03443  dfE: 1.08059e-09  dW: 0.0010457  dPhi(Nx/2)(Ny/2)(Nz/2): 3.00945e-05 Phi A: 0.035556 Phi B: 0.964444 Phi I: 5.82137e-52
Total charge: -4.4445e-20
etaHat: 124879
370  fE: -3.03443  dfE: 3.80318e-10  dW: 0.00103781  dPhi(Nx/2)(Ny/2)(Nz/2): 2.9887e-05 Phi A: 0.035556 Phi B: 0.964444 Phi I: 5.82137e-52
Saving data . . .
Total charge: -4.4445e-20
etaHat: 124879
371  fE: -3.03443  dfE: 2.44744e-10  dW: 0.00102999  dPhi(Nx/2)(Ny/2)(Nz/2): 2.96815e-05 Phi A: 0.035556 Phi B: 0.964444 Phi I: 5.82137e-52
Total charge: -4.4445e-20
etaHat: 124879
372  fE: -3.03443  dfE: 7.71794e-10  dW: 0.00102224  dPhi(Nx/2)(Ny/2)(Nz/2): 2.9478e-05 Phi A: 0.035556 Phi B: 0.964444 Phi I: 5.82137e-52
Total charge: -4.4445e-20
etaHat: 124879
373  fE: -3.03443  dfE: 1.18498e-09  dW: 0.00101456  dPhi(Nx/2)(Ny/2)(Nz/2): 2.92763e-05 Phi A: 0.035556 Phi B: 0.964444 Phi I: 5.82137e-52
Total charge: -4.4445e-20
etaHat: 124879
374  fE: -3.03443  dfE: 1.47601e-09  dW: 0.00100695  dPhi(Nx/2)(Ny/2)(Nz/2): 2.90765e-05 Phi A: 0.035556 Phi B: 0.964444 Phi I: 5.82137e-52
Total charge: -4.4445e-20
etaHat: 124879
375  fE: -3.03443  dfE: 1.64336e-09  dW: 0.000999412  dPhi(Nx/2)(Ny/2)(Nz/2): 2.88782e-05 Phi A: 0.035556 Phi B: 0.964444 Phi I: 5.82137e-52
Saving data . . .
