Total charge: 124877
etaHat: 124877
0  fE: -9368.25  dfE: 9468.25  dW: 18.4183  dPhi(Nx/2)(Ny/2)(Nz/2): -4.11389 Phi A: 0.607494 Phi B: 4.48374 Phi I: 999.016
Saving data . . .
Total charge: 1.59566
etaHat: 124879
1  fE: -25220.4  dfE: 15852.2  dW: 20.7052  dPhi(Nx/2)(Ny/2)(Nz/2): -2.22663 Phi A: 0.295549 Phi B: 2.91742 Phi I: 0.0127653
Total charge: 1.58513e-18
etaHat: 124879
2  fE: -18.3146  dfE: 25202.1  dW: 21.0465  dPhi(Nx/2)(Ny/2)(Nz/2): -1.12589 Phi A: 0.16486 Phi B: 1.95247 Phi I: 1.43297e-20
Total charge: -1.27101e-19
etaHat: 124879
3  fE: -13.0336  dfE: 5.28102  dW: 20.1601  dPhi(Nx/2)(Ny/2)(Nz/2): -0.452094 Phi A: 0.101681 Phi B: 1.34487 Phi I: 5.82348e-52
Total charge: -8.50019e-20
etaHat: 124879
4  fE: -9.23289  dfE: 3.80074  dW: 18.5366  dPhi(Nx/2)(Ny/2)(Nz/2): -0.030676 Phi A: 0.0680015 Phi B: 0.958956 Phi I: 5.82154e-52
Total charge: -6.08893e-20
etaHat: 124879
5  fE: -6.62749  dfE: 2.6054  dW: 16.4841  dPhi(Nx/2)(Ny/2)(Nz/2): 0.237673 Phi A: 0.0487114 Phi B: 0.71103 Phi I: 5.8198e-52
Total charge: -4.6344e-20
etaHat: 124879
6  fE: -4.86655  dfE: 1.76094  dW: 14.1968  dPhi(Nx/2)(Ny/2)(Nz/2): 0.411361 Phi A: 0.0370752 Phi B: 0.549696 Phi I: 5.8183e-52
Total charge: -3.72699e-20
etaHat: 124879
7  fE: -3.6728  dfE: 1.19375  dW: 11.7994  dPhi(Nx/2)(Ny/2)(Nz/2): 0.525117 Phi A: 0.0298159 Phi B: 0.443665 Phi I: 5.81704e-52
Total charge: -3.15358e-20
etaHat: 124879
8  fE: -2.85374  dfE: 0.819061  dW: 9.37438  dPhi(Nx/2)(Ny/2)(Nz/2): 0.599764 Phi A: 0.0252286 Phi B: 0.373915 Phi I: 5.81604e-52
Total charge: -2.79776e-20
etaHat: 124879
9  fE: -2.282  dfE: 0.571745  dW: 6.97768  dPhi(Nx/2)(Ny/2)(Nz/2): 0.647871 Phi A: 0.0223821 Phi B: 0.328864 Phi I: 5.81528e-52
Total charge: -2.59425e-20
etaHat: 124879
10  fE: -1.8744  dfE: 0.407594  dW: 4.64933  dPhi(Nx/2)(Ny/2)(Nz/2): 0.677022 Phi A: 0.020754 Phi B: 0.301488 Phi I: 5.81476e-52
Saving data . . .
Total charge: -2.50665e-20
etaHat: 124879
11  fE: -1.57631  dfE: 0.298099  dW: 2.41967  dPhi(Nx/2)(Ny/2)(Nz/2): 0.691699 Phi A: 0.0200532 Phi B: 0.287615 Phi I: 5.81447e-52
Total charge: -2.51607e-20
etaHat: 124879
12  fE: -1.35099  dfE: 0.225313  dW: 0.584791  dPhi(Nx/2)(Ny/2)(Nz/2): 0.694376 Phi A: 0.0201285 Phi B: 0.284938 Phi I: 5.81441e-52
Total charge: -2.6152e-20
etaHat: 124879
13  fE: -1.1729  dfE: 0.178096  dW: 1.64509  dPhi(Nx/2)(Ny/2)(Nz/2): 0.686138 Phi A: 0.0209216 Phi B: 0.292441 Phi I: 5.81455e-52
Total charge: -2.805e-20
etaHat: 124879
14  fE: -1.02332  dfE: 0.149572  dW: 3.43357  dPhi(Nx/2)(Ny/2)(Nz/2): 0.667035 Phi A: 0.02244 Phi B: 0.310074 Phi I: 5.81488e-52
Total charge: -3.09275e-20
etaHat: 124879
15  fE: -0.887952  dfE: 0.135372  dW: 5.02562  dPhi(Nx/2)(Ny/2)(Nz/2): 0.636282 Phi A: 0.024742 Phi B: 0.338572 Phi I: 5.81538e-52
Total charge: -3.49031e-20
etaHat: 124879
16  fE: -0.755726  dfE: 0.132226  dW: 6.39121  dPhi(Nx/2)(Ny/2)(Nz/2): 0.592403 Phi A: 0.0279225 Phi B: 0.379323 Phi I: 5.81603e-52
Total charge: -4.01187e-20
etaHat: 124879
17  fE: -0.619195  dfE: 0.136531  dW: 7.49517  dPhi(Nx/2)(Ny/2)(Nz/2): 0.5334 Phi A: 0.032095 Phi B: 0.434223 Phi I: 5.81681e-52
Total charge: -4.67007e-20
etaHat: 124879
18  fE: -0.47655  dfE: 0.142645  dW: 8.29732  dPhi(Nx/2)(Ny/2)(Nz/2): 0.457038 Phi A: 0.0373605 Phi B: 0.50542 Phi I: 5.81769e-52
Total charge: -5.46952e-20
etaHat: 124879
19  fE: -0.335595  dfE: 0.140955  dW: 8.75442  dPhi(Nx/2)(Ny/2)(Nz/2): 0.361385 Phi A: 0.0437561 Phi B: 0.594828 Phi I: 5.81863e-52
Total charge: -6.39732e-20
etaHat: 124879
20  fE: -0.219159  dfE: 0.116437  dW: 8.82512  dPhi(Nx/2)(Ny/2)(Nz/2): 0.245694 Phi A: 0.0511786 Phi B: 0.703318 Phi I: 5.81961e-52
Saving data . . .
Total charge: -7.41182e-20
etaHat: 124879
21  fE: -0.169587  dfE: 0.0495717  dW: 8.47895  dPhi(Nx/2)(Ny/2)(Nz/2): 0.111658 Phi A: 0.0592946 Phi B: 0.829557 Phi I: 5.82057e-52
Total charge: -8.43409e-20
etaHat: 124879
22  fE: -0.247227  dfE: 0.0776403  dW: 7.70885  dPhi(Nx/2)(Ny/2)(Nz/2): -0.0352213 Phi A: 0.0674727 Phi B: 0.968696 Phi I: 5.82148e-52
Total charge: -9.35038e-20
etaHat: 124879
23  fE: -0.516563  dfE: 0.269335  dW: 6.54471  dPhi(Nx/2)(Ny/2)(Nz/2): -0.184796 Phi A: 0.074803 Phi B: 1.1115 Phi I: 5.82229e-52
Total charge: -1.00328e-19
etaHat: 124879
24  fE: -1.01832  dfE: 0.501755  dW: 5.06206  dPhi(Nx/2)(Ny/2)(Nz/2): -0.322893 Phi A: 0.0802625 Phi B: 1.24481 Phi I: 5.82297e-52
Total charge: -1.0377e-19
etaHat: 124879
25  fE: -1.73816  dfE: 0.719844  dW: 3.37923  dPhi(Nx/2)(Ny/2)(Nz/2): -0.43401 Phi A: 0.0830161 Phi B: 1.35389 Phi I: 5.82347e-52
Total charge: -1.034e-19
etaHat: 124879
26  fE: -2.59372  dfE: 0.855559  dW: 2.13736  dPhi(Nx/2)(Ny/2)(Nz/2): -0.505505 Phi A: 0.0827199 Phi B: 1.42639 Phi I: 5.82379e-52
Total charge: -9.95548e-20
etaHat: 124879
27  fE: -3.45551  dfE: 0.86179  dW: 1.56931  dPhi(Nx/2)(Ny/2)(Nz/2): -0.531384 Phi A: 0.0796438 Phi B: 1.45594 Phi I: 5.82392e-52
Total charge: -9.31664e-20
etaHat: 124879
28  fE: -4.19303  dfE: 0.737518  dW: 1.46938  dPhi(Nx/2)(Ny/2)(Nz/2): -0.513673 Phi A: 0.0745331 Phi B: 1.44378 Phi I: 5.82389e-52
Total charge: -8.53913e-20
etaHat: 124879
29  fE: -4.71782  dfE: 0.524788  dW: 2.62762  dPhi(Nx/2)(Ny/2)(Nz/2): -0.460843 Phi A: 0.068313 Phi B: 1.39742 Phi I: 5.82371e-52
Total charge: -7.72679e-20
etaHat: 124879
30  fE: -5.00096  dfE: 0.283147  dW: 3.4805  dPhi(Nx/2)(Ny/2)(Nz/2): -0.384531 Phi A: 0.0618143 Phi B: 1.32768 Phi I: 5.82342e-52
Saving data . . .
Total charge: -6.95384e-20
etaHat: 124879
31  fE: -5.06394  dfE: 0.0629762  dW: 4.01937  dPhi(Nx/2)(Ny/2)(Nz/2): -0.296347 Phi A: 0.0556307 Phi B: 1.24561 Phi I: 5.82305e-52
Total charge: -6.26308e-20
etaHat: 124879
32  fE: -4.9565  dfE: 0.107444  dW: 4.26891  dPhi(Nx/2)(Ny/2)(Nz/2): -0.205852 Phi A: 0.0501046 Phi B: 1.16046 Phi I: 5.82264e-52
Total charge: -5.67274e-20
etaHat: 124879
33  fE: -4.73556  dfE: 0.220932  dW: 4.26745  dPhi(Nx/2)(Ny/2)(Nz/2): -0.119839 Phi A: 0.0453819 Phi B: 1.07893 Phi I: 5.82221e-52
Total charge: -5.18533e-20
etaHat: 124879
34  fE: -4.4518  dfE: 0.283764  dW: 4.05919  dPhi(Nx/2)(Ny/2)(Nz/2): -0.042507 Phi A: 0.0414827 Phi B: 1.00524 Phi I: 5.82179e-52
Total charge: -4.79493e-20
etaHat: 124879
35  fE: -4.14394  dfE: 0.307856  dW: 3.68905  dPhi(Nx/2)(Ny/2)(Nz/2): 0.0239628 Phi A: 0.0383595 Phi B: 0.941619 Phi I: 5.82141e-52
Total charge: -4.49205e-20
etaHat: 124879
36  fE: -3.8384  dfE: 0.305541  dW: 3.19971  dPhi(Nx/2)(Ny/2)(Nz/2): 0.0787726 Phi A: 0.0359364 Phi B: 0.888971 Phi I: 5.82107e-52
Total charge: -4.26643e-20
etaHat: 124879
37  fE: -3.55135  dfE: 0.287054  dW: 2.63023  dPhi(Nx/2)(Ny/2)(Nz/2): 0.12197 Phi A: 0.0341314 Phi B: 0.847335 Phi I: 5.82078e-52
Total charge: -4.10844e-20
etaHat: 124879
38  fE: -3.29151  dfE: 0.259843  dW: 2.01547  dPhi(Nx/2)(Ny/2)(Nz/2): 0.154064 Phi A: 0.0328675 Phi B: 0.816281 Phi I: 5.82056e-52
Total charge: -4.00956e-20
etaHat: 124879
39  fE: -3.0627  dfE: 0.228801  dW: 1.38616  dPhi(Nx/2)(Ny/2)(Nz/2): 0.175772 Phi A: 0.0320765 Phi B: 0.795159 Phi I: 5.82039e-52
Total charge: -3.96244e-20
etaHat: 124879
40  fE: -2.86589  dfE: 0.196816  dW: 0.769107  dPhi(Nx/2)(Ny/2)(Nz/2): 0.187888 Phi A: 0.0316995 Phi B: 0.783233 Phi I: 5.8203e-52
Saving data . . .
Total charge: -3.96058e-20
etaHat: 124879
41  fE: -2.70055  dfE: 0.165342  dW: 0.224008  dPhi(Nx/2)(Ny/2)(Nz/2): 0.191211 Phi A: 0.0316846 Phi B: 0.779747 Phi I: 5.82027e-52
Total charge: -3.99806e-20
etaHat: 124879
42  fE: -2.56567  dfE: 0.134877  dW: 0.340169  dPhi(Nx/2)(Ny/2)(Nz/2): 0.186544 Phi A: 0.0319845 Phi B: 0.783944 Phi I: 5.82029e-52
Total charge: -4.06909e-20
etaHat: 124879
43  fE: -2.46034  dfE: 0.10533  dW: 0.794263  dPhi(Nx/2)(Ny/2)(Nz/2): 0.174709 Phi A: 0.0325528 Phi B: 0.79504 Phi I: 5.82036e-52
Total charge: -4.16767e-20
etaHat: 124879
44  fE: -2.38403  dfE: 0.0763062  dW: 1.16517  dPhi(Nx/2)(Ny/2)(Nz/2): 0.156589 Phi A: 0.0333414 Phi B: 0.812194 Phi I: 5.82048e-52
Total charge: -4.28721e-20
etaHat: 124879
45  fE: -2.33669  dfE: 0.0473429  dW: 1.44263  dPhi(Nx/2)(Ny/2)(Nz/2): 0.133177 Phi A: 0.0342977 Phi B: 0.834461 Phi I: 5.82063e-52
Total charge: -4.42041e-20
etaHat: 124879
46  fE: -2.31856  dfE: 0.0181265  dW: 1.62142  dPhi(Nx/2)(Ny/2)(Nz/2): 0.10561 Phi A: 0.0353633 Phi B: 0.860754 Phi I: 5.82081e-52
Total charge: -4.55923e-20
etaHat: 124879
47  fE: -2.32988  dfE: 0.0113149  dW: 1.70059  dPhi(Nx/2)(Ny/2)(Nz/2): 0.0751971 Phi A: 0.0364738 Phi B: 0.889827 Phi I: 5.821e-52
Total charge: -4.69512e-20
etaHat: 124879
48  fE: -2.37034  dfE: 0.0404563  dW: 1.68367  dPhi(Nx/2)(Ny/2)(Nz/2): 0.0434041 Phi A: 0.037561 Phi B: 0.92028 Phi I: 5.82119e-52
Total charge: -4.81951e-20
etaHat: 124879
49  fE: -2.43854  dfE: 0.0682051  dW: 1.57872  dPhi(Nx/2)(Ny/2)(Nz/2): 0.0118093 Phi A: 0.0385561 Phi B: 0.950601 Phi I: 5.82138e-52
Total charge: -4.92447e-20
etaHat: 124879
50  fE: -2.5315  dfE: 0.0929606  dW: 1.39796  dPhi(Nx/2)(Ny/2)(Nz/2): -0.0179842 Phi A: 0.0393957 Phi B: 0.979256 Phi I: 5.82155e-52
Saving data . . .
Total charge: -5.00344e-20
etaHat: 124879
51  fE: -2.64433  dfE: 0.112834  dW: 1.15715  dPhi(Nx/2)(Ny/2)(Nz/2): -0.044468 Phi A: 0.0400275 Phi B: 1.00479 Phi I: 5.8217e-52
Total charge: -5.05196e-20
etaHat: 124879
52  fE: -2.77034  dfE: 0.126002  dW: 0.874507  dPhi(Nx/2)(Ny/2)(Nz/2): -0.0663594 Phi A: 0.0404157 Phi B: 1.02597 Phi I: 5.82182e-52
Total charge: -5.06806e-20
etaHat: 124879
53  fE: -2.90146  dfE: 0.13112  dW: 0.575776  dPhi(Nx/2)(Ny/2)(Nz/2): -0.0827225 Phi A: 0.0405445 Phi B: 1.04188 Phi I: 5.82191e-52
Total charge: -5.0524e-20
etaHat: 124879
54  fE: -3.02913  dfE: 0.12767  dW: 0.428953  dPhi(Nx/2)(Ny/2)(Nz/2): -0.0930512 Phi A: 0.0404192 Phi B: 1.05202 Phi I: 5.82196e-52
Total charge: -5.00802e-20
etaHat: 124879
55  fE: -3.14525  dfE: 0.116127  dW: 0.322739  dPhi(Nx/2)(Ny/2)(Nz/2): -0.0972988 Phi A: 0.0400641 Phi B: 1.05633 Phi I: 5.82198e-52
Total charge: -4.93976e-20
etaHat: 124879
56  fE: -3.24315  dfE: 0.0978966  dW: 0.307955  dPhi(Nx/2)(Ny/2)(Nz/2): -0.0958488 Phi A: 0.0395181 Phi B: 1.05517 Phi I: 5.82198e-52
Total charge: -4.85359e-20
etaHat: 124879
57  fE: -3.3182  dfE: 0.075052  dW: 0.523732  dPhi(Nx/2)(Ny/2)(Nz/2): -0.0894362 Phi A: 0.0388287 Phi B: 1.04921 Phi I: 5.82194e-52
Total charge: -4.75586e-20
etaHat: 124879
58  fE: -3.36815  dfE: 0.0499495  dW: 0.700795  dPhi(Nx/2)(Ny/2)(Nz/2): -0.0790385 Phi A: 0.0380469 Phi B: 1.0394 Phi I: 5.82189e-52
Total charge: -4.65269e-20
etaHat: 124879
59  fE: -3.393  dfE: 0.0248506  dW: 0.826012  dPhi(Nx/2)(Ny/2)(Nz/2): -0.0657577 Phi A: 0.0372215 Phi B: 1.02679 Phi I: 5.82181e-52
Total charge: -4.54955e-20
etaHat: 124879
60  fE: -3.39464  dfE: 0.00163312  dW: 0.898895  dPhi(Nx/2)(Ny/2)(Nz/2): -0.0507128 Phi A: 0.0363964 Phi B: 1.01245 Phi I: 5.82173e-52
Saving data . . .
Total charge: -4.45098e-20
etaHat: 124879
61  fE: -3.37627  dfE: 0.0183637  dW: 0.921851  dPhi(Nx/2)(Ny/2)(Nz/2): -0.0349541 Phi A: 0.0356078 Phi B: 0.997391 Phi I: 5.82164e-52
Total charge: -4.3605e-20
etaHat: 124879
62  fE: -3.34191  dfE: 0.0343659  dW: 0.899579  dPhi(Nx/2)(Ny/2)(Nz/2): -0.0194052 Phi A: 0.034884 Phi B: 0.982509 Phi I: 5.82155e-52
Total charge: -4.28063e-20
etaHat: 124879
63  fE: -3.29581  dfE: 0.0460976  dW: 0.838449  dPhi(Nx/2)(Ny/2)(Nz/2): -0.00483039 Phi A: 0.0342451 Phi B: 0.968543 Phi I: 5.82146e-52
Total charge: -4.21302e-20
etaHat: 124879
64  fE: -3.24214  dfE: 0.0536644  dW: 0.745909  dPhi(Nx/2)(Ny/2)(Nz/2): 0.00817689 Phi A: 0.0337041 Phi B: 0.95607 Phi I: 5.82138e-52
Total charge: -4.15849e-20
etaHat: 124879
65  fE: -3.18472  dfE: 0.0574253  dW: 0.629967  dPhi(Nx/2)(Ny/2)(Nz/2): 0.0191905 Phi A: 0.0332679 Phi B: 0.945506 Phi I: 5.82132e-52
Total charge: -4.11722e-20
etaHat: 124879
66  fE: -3.12684  dfE: 0.0578794  dW: 0.498739  dPhi(Nx/2)(Ny/2)(Nz/2): 0.0279391 Phi A: 0.0329378 Phi B: 0.937117 Phi I: 5.82126e-52
Total charge: -4.08886e-20
etaHat: 124879
67  fE: -3.07126  dfE: 0.0555793  dW: 0.360081  dPhi(Nx/2)(Ny/2)(Nz/2): 0.0342895 Phi A: 0.0327109 Phi B: 0.931038 Phi I: 5.82122e-52
Total charge: -4.07261e-20
etaHat: 124879
68  fE: -3.02019  dfE: 0.0510735  dW: 0.221293  dPhi(Nx/2)(Ny/2)(Nz/2): 0.0382285 Phi A: 0.0325808 Phi B: 0.927286 Phi I: 5.82119e-52
Total charge: -4.06731e-20
etaHat: 124879
69  fE: -2.97531  dfE: 0.0448751  dW: 0.0907682  dPhi(Nx/2)(Ny/2)(Nz/2): 0.0398455 Phi A: 0.0325385 Phi B: 0.92578 Phi I: 5.82118e-52
Total charge: -4.07153e-20
etaHat: 124879
70  fE: -2.93786  dfE: 0.0374504  dW: 0.0475969  dPhi(Nx/2)(Ny/2)(Nz/2): 0.0393161 Phi A: 0.0325723 Phi B: 0.926355 Phi I: 5.82118e-52
Saving data . . .
Total charge: -4.08363e-20
etaHat: 124879
71  fE: -2.90864  dfE: 0.02922  dW: 0.135813  dPhi(Nx/2)(Ny/2)(Nz/2): 0.0368866 Phi A: 0.032669 Phi B: 0.928776 Phi I: 5.8212e-52
Total charge: -4.10179e-20
etaHat: 124879
72  fE: -2.88807  dfE: 0.0205673  dW: 0.220301  dPhi(Nx/2)(Ny/2)(Nz/2): 0.0328602 Phi A: 0.0328143 Phi B: 0.932754 Phi I: 5.82122e-52
Total charge: -4.12414e-20
etaHat: 124879
73  fE: -2.87623  dfE: 0.0118474  dW: 0.283188  dPhi(Nx/2)(Ny/2)(Nz/2): 0.0275815 Phi A: 0.0329931 Phi B: 0.937959 Phi I: 5.82125e-52
Total charge: -4.14877e-20
etaHat: 124879
74  fE: -2.87283  dfE: 0.00339467  dW: 0.323587  dPhi(Nx/2)(Ny/2)(Nz/2): 0.0214216 Phi A: 0.0331901 Phi B: 0.944035 Phi I: 5.82128e-52
Total charge: -4.17384e-20
etaHat: 124879
75  fE: -2.87731  dfE: 0.00447623  dW: 0.341811  dPhi(Nx/2)(Ny/2)(Nz/2): 0.014762 Phi A: 0.0333908 Phi B: 0.950613 Phi I: 5.82132e-52
Total charge: -4.19767e-20
etaHat: 124879
76  fE: -2.88878  dfE: 0.0114747  dW: 0.339219  dPhi(Nx/2)(Ny/2)(Nz/2): 0.00797755 Phi A: 0.0335814 Phi B: 0.957332 Phi I: 5.82136e-52
Total charge: -4.21877e-20
etaHat: 124879
77  fE: -2.90613  dfE: 0.0173454  dW: 0.318067  dPhi(Nx/2)(Ny/2)(Nz/2): 0.00141979 Phi A: 0.0337501 Phi B: 0.963849 Phi I: 5.8214e-52
Total charge: -4.23592e-20
etaHat: 124879
78  fE: -2.92801  dfE: 0.0218829  dW: 0.281331  dPhi(Nx/2)(Ny/2)(Nz/2): -0.00459897 Phi A: 0.0338874 Phi B: 0.969862 Phi I: 5.82143e-52
Total charge: -4.24827e-20
etaHat: 124879
79  fE: -2.95296  dfE: 0.0249485  dW: 0.232492  dPhi(Nx/2)(Ny/2)(Nz/2): -0.00981958 Phi A: 0.0339861 Phi B: 0.975116 Phi I: 5.82146e-52
Total charge: -4.25527e-20
etaHat: 124879
80  fE: -2.97944  dfE: 0.0264829  dW: 0.175921  dPhi(Nx/2)(Ny/2)(Nz/2): -0.0140466 Phi A: 0.0340422 Phi B: 0.979418 Phi I: 5.82149e-52
Saving data . . .
Total charge: -4.25677e-20
etaHat: 124879
81  fE: -3.00596  dfE: 0.0265144  dW: 0.125379  dPhi(Nx/2)(Ny/2)(Nz/2): -0.0171546 Phi A: 0.0340542 Phi B: 0.982643 Phi I: 5.82151e-52
Total charge: -4.25292e-20
etaHat: 124879
82  fE: -3.03111  dfE: 0.0251582  dW: 0.0961959  dPhi(Nx/2)(Ny/2)(Nz/2): -0.0190899 Phi A: 0.0340234 Phi B: 0.984733 Phi I: 5.82152e-52
Total charge: -4.24418e-20
etaHat: 124879
83  fE: -3.05372  dfE: 0.0226067  dW: 0.0758051  dPhi(Nx/2)(Ny/2)(Nz/2): -0.0198674 Phi A: 0.0339535 Phi B: 0.985699 Phi I: 5.82152e-52
Total charge: -4.23124e-20
etaHat: 124879
84  fE: -3.07283  dfE: 0.0191122  dW: 0.0767567  dPhi(Nx/2)(Ny/2)(Nz/2): -0.019563 Phi A: 0.0338499 Phi B: 0.98561 Phi I: 5.82152e-52
Total charge: -4.21495e-20
etaHat: 124879
85  fE: -3.0878  dfE: 0.0149639  dW: 0.111327  dPhi(Nx/2)(Ny/2)(Nz/2): -0.0183034 Phi A: 0.0337196 Phi B: 0.984583 Phi I: 5.82151e-52
Total charge: -4.19626e-20
etaHat: 124879
86  fE: -3.09826  dfE: 0.0104634  dW: 0.148552  dPhi(Nx/2)(Ny/2)(Nz/2): -0.0162528 Phi A: 0.0335701 Phi B: 0.982776 Phi I: 5.8215e-52
Total charge: -4.17614e-20
etaHat: 124879
87  fE: -3.10416  dfE: 0.00590091  dW: 0.176143  dPhi(Nx/2)(Ny/2)(Nz/2): -0.0135994 Phi A: 0.0334091 Phi B: 0.980368 Phi I: 5.82149e-52
Total charge: -4.15553e-20
etaHat: 124879
88  fE: -3.1057  dfE: 0.00153583  dW: 0.193173  dPhi(Nx/2)(Ny/2)(Nz/2): -0.0105419 Phi A: 0.0332442 Phi B: 0.977549 Phi I: 5.82147e-52
Total charge: -4.13531e-20
etaHat: 124879
89  fE: -3.10328  dfE: 0.00241719  dW: 0.199872  dPhi(Nx/2)(Ny/2)(Nz/2): -0.0072775 Phi A: 0.0330825 Phi B: 0.97451 Phi I: 5.82145e-52
Total charge: -4.11622e-20
etaHat: 124879
90  fE: -3.09748  dfE: 0.00579609  dW: 0.196972  dPhi(Nx/2)(Ny/2)(Nz/2): -0.00399133 Phi A: 0.0329298 Phi B: 0.97143 Phi I: 5.82143e-52
Saving data . . .
Total charge: -4.09889e-20
etaHat: 124879
91  fE: -3.08899  dfE: 0.00849352  dW: 0.185605  dPhi(Nx/2)(Ny/2)(Nz/2): -0.000848359 Phi A: 0.0327911 Phi B: 0.96847 Phi I: 5.82141e-52
Total charge: -4.08377e-20
etaHat: 124879
92  fE: -3.07854  dfE: 0.0104543  dW: 0.167203  dPhi(Nx/2)(Ny/2)(Nz/2): 0.00201242 Phi A: 0.0326702 Phi B: 0.965765 Phi I: 5.8214e-52
Total charge: -4.07118e-20
etaHat: 124879
93  fE: -3.06687  dfE: 0.0116699  dW: 0.143388  dPhi(Nx/2)(Ny/2)(Nz/2): 0.00448168 Phi A: 0.0325695 Phi B: 0.963423 Phi I: 5.82138e-52
Total charge: -4.06128e-20
etaHat: 124879
94  fE: -3.0547  dfE: 0.0121706  dW: 0.115877  dPhi(Nx/2)(Ny/2)(Nz/2): 0.00648136 Phi A: 0.0324902 Phi B: 0.96152 Phi I: 5.82137e-52
Total charge: -4.05409e-20
etaHat: 124879
95  fE: -3.04268  dfE: 0.0120179  dW: 0.0863863  dPhi(Nx/2)(Ny/2)(Nz/2): 0.00796464 Phi A: 0.0324327 Phi B: 0.960104 Phi I: 5.82136e-52
Total charge: -4.04951e-20
etaHat: 124879
96  fE: -3.03138  dfE: 0.0112957  dW: 0.0568385  dPhi(Nx/2)(Ny/2)(Nz/2): 0.00891449 Phi A: 0.0323961 Phi B: 0.959193 Phi I: 5.82135e-52
Total charge: -4.04733e-20
etaHat: 124879
97  fE: -3.02128  dfE: 0.0101036  dW: 0.0319854  dPhi(Nx/2)(Ny/2)(Nz/2): 0.00934106 Phi A: 0.0323787 Phi B: 0.95878 Phi I: 5.82135e-52
Total charge: -4.04727e-20
etaHat: 124879
98  fE: -3.01273  dfE: 0.0085503  dW: 0.0214889  dPhi(Nx/2)(Ny/2)(Nz/2): 0.00927827 Phi A: 0.0323781 Phi B: 0.958834 Phi I: 5.82135e-52
Total charge: -4.04896e-20
etaHat: 124879
99  fE: -3.00598  dfE: 0.00674776  dW: 0.0276864  dPhi(Nx/2)(Ny/2)(Nz/2): 0.00877974 Phi A: 0.0323916 Phi B: 0.959303 Phi I: 5.82135e-52
Total charge: -4.052e-20
etaHat: 124879
100  fE: -3.00117  dfE: 0.00480677  dW: 0.0415881  dPhi(Nx/2)(Ny/2)(Nz/2): 0.0079143 Phi A: 0.032416 Phi B: 0.960124 Phi I: 5.82135e-52
Saving data . . .
Total charge: -4.05599e-20
etaHat: 124879
101  fE: -2.99834  dfE: 0.00283278  dW: 0.0547288  dPhi(Nx/2)(Ny/2)(Nz/2): 0.00676134 Phi A: 0.0324479 Phi B: 0.961221 Phi I: 5.82136e-52
Total charge: -4.06051e-20
etaHat: 124879
102  fE: -2.99742  dfE: 0.000922356  dW: 0.0639015  dPhi(Nx/2)(Ny/2)(Nz/2): 0.00540608 Phi A: 0.032484 Phi B: 0.962512 Phi I: 5.82137e-52
Total charge: -4.06515e-20
etaHat: 124879
103  fE: -2.99826  dfE: 0.000839807  dW: 0.0684656  dPhi(Nx/2)(Ny/2)(Nz/2): 0.00393497 Phi A: 0.0325212 Phi B: 0.963914 Phi I: 5.82137e-52
Total charge: -4.06958e-20
etaHat: 124879
104  fE: -3.00064  dfE: 0.00238344  dW: 0.0686126  dPhi(Nx/2)(Ny/2)(Nz/2): 0.00243148 Phi A: 0.0325566 Phi B: 0.965348 Phi I: 5.82138e-52
Total charge: -4.07347e-20
etaHat: 124879
105  fE: -3.0043  dfE: 0.00365469  dW: 0.064859  dPhi(Nx/2)(Ny/2)(Nz/2): 0.000972316 Phi A: 0.0325878 Phi B: 0.96674 Phi I: 5.82139e-52
Total charge: -4.0766e-20
etaHat: 124879
106  fE: -3.00891  dfE: 0.00461737  dW: 0.0580024  dPhi(Nx/2)(Ny/2)(Nz/2): -0.000375689 Phi A: 0.0326128 Phi B: 0.968026 Phi I: 5.8214e-52
Total charge: -4.07878e-20
etaHat: 124879
107  fE: -3.01417  dfE: 0.00525348  dW: 0.0491759  dPhi(Nx/2)(Ny/2)(Nz/2): -0.00155796 Phi A: 0.0326303 Phi B: 0.969153 Phi I: 5.8214e-52
Total charge: -4.07991e-20
etaHat: 124879
108  fE: -3.01973  dfE: 0.00556283  dW: 0.0399  dPhi(Nx/2)(Ny/2)(Nz/2): -0.00253375 Phi A: 0.0326393 Phi B: 0.970081 Phi I: 5.82141e-52
Total charge: -4.07996e-20
etaHat: 124879
109  fE: -3.02529  dfE: 0.00556175  dW: 0.031742  dPhi(Nx/2)(Ny/2)(Nz/2): -0.00327681 Phi A: 0.0326397 Phi B: 0.970786 Phi I: 5.82141e-52
Total charge: -4.07894e-20
etaHat: 124879
110  fE: -3.03057  dfE: 0.00528097  dW: 0.0260412  dPhi(Nx/2)(Ny/2)(Nz/2): -0.00377534 Phi A: 0.0326315 Phi B: 0.971255 Phi I: 5.82142e-52
Saving data . . .
Total charge: -4.07695e-20
etaHat: 124879
111  fE: -3.03534  dfE: 0.0047628  dW: 0.0238159  dPhi(Nx/2)(Ny/2)(Nz/2): -0.00403109 Phi A: 0.0326156 Phi B: 0.97149 Phi I: 5.82142e-52
Total charge: -4.0741e-20
etaHat: 124879
112  fE: -3.03939  dfE: 0.00405782  dW: 0.0251935  dPhi(Nx/2)(Ny/2)(Nz/2): -0.00405788 Phi A: 0.0325928 Phi B: 0.971505 Phi I: 5.82142e-52
Total charge: -4.07056e-20
etaHat: 124879
113  fE: -3.04262  dfE: 0.00322135  dW: 0.0292447  dPhi(Nx/2)(Ny/2)(Nz/2): -0.00387963 Phi A: 0.0325645 Phi B: 0.971322 Phi I: 5.82141e-52
Total charge: -4.06651e-20
etaHat: 124879
114  fE: -3.04493  dfE: 0.00230992  dW: 0.034392  dPhi(Nx/2)(Ny/2)(Nz/2): -0.00352803 Phi A: 0.0325321 Phi B: 0.970971 Phi I: 5.82141e-52
Total charge: -4.06214e-20
etaHat: 124879
115  fE: -3.0463  dfE: 0.00137804  dW: 0.0391333  dPhi(Nx/2)(Ny/2)(Nz/2): -0.00304012 Phi A: 0.0324971 Phi B: 0.97049 Phi I: 5.82141e-52
Total charge: -4.05764e-20
etaHat: 124879
116  fE: -3.04678  dfE: 0.000475432  dW: 0.0424747  dPhi(Nx/2)(Ny/2)(Nz/2): -0.00245575 Phi A: 0.0324611 Phi B: 0.969915 Phi I: 5.8214e-52
Total charge: -4.05318e-20
etaHat: 124879
117  fE: -3.04642  dfE: 0.000355155  dW: 0.0439627  dPhi(Nx/2)(Ny/2)(Nz/2): -0.00181529 Phi A: 0.0324254 Phi B: 0.969286 Phi I: 5.8214e-52
Total charge: -4.04893e-20
etaHat: 124879
118  fE: -3.04534  dfE: 0.00107943  dW: 0.0435439  dPhi(Nx/2)(Ny/2)(Nz/2): -0.0011575 Phi A: 0.0323914 Phi B: 0.968642 Phi I: 5.8214e-52
Total charge: -4.04502e-20
etaHat: 124879
119  fE: -3.04367  dfE: 0.0016724  dW: 0.0413749  dPhi(Nx/2)(Ny/2)(Nz/2): -0.000517753 Phi A: 0.0323601 Phi B: 0.968015 Phi I: 5.82139e-52
Total charge: -4.04155e-20
etaHat: 124879
120  fE: -3.04155  dfE: 0.00211855  dW: 0.0377551  dPhi(Nx/2)(Ny/2)(Nz/2): 7.33545e-05 Phi A: 0.0323324 Phi B: 0.967435 Phi I: 5.82139e-52
Saving data . . .
Total charge: -4.03861e-20
etaHat: 124879
121  fE: -3.03914  dfE: 0.00241151  dW: 0.0330946  dPhi(Nx/2)(Ny/2)(Nz/2): 0.00059102 Phi A: 0.0323089 Phi B: 0.966928 Phi I: 5.82139e-52
Total charge: -4.03623e-20
etaHat: 124879
122  fE: -3.03659  dfE: 0.0025533  dW: 0.027935  dPhi(Nx/2)(Ny/2)(Nz/2): 0.00101683 Phi A: 0.0322899 Phi B: 0.96651 Phi I: 5.82138e-52
Total charge: -4.03443e-20
etaHat: 124879
123  fE: -3.03404  dfE: 0.00255321  dW: 0.0229286  dPhi(Nx/2)(Ny/2)(Nz/2): 0.00133895 Phi A: 0.0322754 Phi B: 0.966194 Phi I: 5.82138e-52
Total charge: -4.03319e-20
etaHat: 124879
124  fE: -3.03161  dfE: 0.00242649  dW: 0.0187532  dPhi(Nx/2)(Ny/2)(Nz/2): 0.00155205 Phi A: 0.0322655 Phi B: 0.965985 Phi I: 5.82138e-52
Total charge: -4.03247e-20
etaHat: 124879
125  fE: -3.02942  dfE: 0.00219292  dW: 0.0159124  dPhi(Nx/2)(Ny/2)(Nz/2): 0.00165681 Phi A: 0.0322598 Phi B: 0.965882 Phi I: 5.82138e-52
Total charge: -4.03222e-20
etaHat: 124879
126  fE: -3.02754  dfE: 0.00187535  dW: 0.0145204  dPhi(Nx/2)(Ny/2)(Nz/2): 0.00165928 Phi A: 0.0322577 Phi B: 0.96588 Phi I: 5.82138e-52
Total charge: -4.03235e-20
etaHat: 124879
127  fE: -3.02604  dfE: 0.00149829  dW: 0.0143535  dPhi(Nx/2)(Ny/2)(Nz/2): 0.00157 Phi A: 0.0322588 Phi B: 0.965968 Phi I: 5.82138e-52
Total charge: -4.03279e-20
etaHat: 124879
128  fE: -3.02496  dfE: 0.00108651  dW: 0.0149758  dPhi(Nx/2)(Ny/2)(Nz/2): 0.00140301 Phi A: 0.0322623 Phi B: 0.966133 Phi I: 5.82138e-52
Total charge: -4.03345e-20
etaHat: 124879
129  fE: -3.02429  dfE: 0.000663922  dW: 0.015918  dPhi(Nx/2)(Ny/2)(Nz/2): 0.0011748 Phi A: 0.0322676 Phi B: 0.966359 Phi I: 5.82138e-52
Total charge: -4.03424e-20
etaHat: 124879
130  fE: -3.02404  dfE: 0.000252462  dW: 0.0167705  dPhi(Nx/2)(Ny/2)(Nz/2): 0.000903226 Phi A: 0.0322739 Phi B: 0.966628 Phi I: 5.82138e-52
Saving data . . .
Total charge: -4.03507e-20
etaHat: 124879
131  fE: -3.02417  dfE: 0.000128716  dW: 0.0172602  dPhi(Nx/2)(Ny/2)(Nz/2): 0.000606483 Phi A: 0.0322806 Phi B: 0.966923 Phi I: 5.82138e-52
Total charge: -4.03588e-20
etaHat: 124879
132  fE: -3.02463  dfE: 0.000463891  dW: 0.0172691  dPhi(Nx/2)(Ny/2)(Nz/2): 0.000302176 Phi A: 0.032287 Phi B: 0.967227 Phi I: 5.82138e-52
Total charge: -4.03658e-20
etaHat: 124879
133  fE: -3.02537  dfE: 0.000741197  dW: 0.0168047  dPhi(Nx/2)(Ny/2)(Nz/2): 6.49124e-06 Phi A: 0.0322927 Phi B: 0.967524 Phi I: 5.82139e-52
Total charge: -4.03714e-20
etaHat: 124879
134  fE: -3.02633  dfE: 0.000952823  dW: 0.0159762  dPhi(Nx/2)(Ny/2)(Nz/2): -0.000266464 Phi A: 0.0322971 Phi B: 0.9678 Phi I: 5.82139e-52
Total charge: -4.03751e-20
etaHat: 124879
135  fE: -3.02742  dfE: 0.001095  dW: 0.0149549  dPhi(Nx/2)(Ny/2)(Nz/2): -0.000505158 Phi A: 0.0323001 Phi B: 0.968044 Phi I: 5.82139e-52
Total charge: -4.03767e-20
etaHat: 124879
136  fE: -3.02859  dfE: 0.0011678  dW: 0.0139212  dPhi(Nx/2)(Ny/2)(Nz/2): -0.000700952 Phi A: 0.0323013 Phi B: 0.968247 Phi I: 5.82139e-52
Total charge: -4.0376e-20
etaHat: 124879
137  fE: -3.02976  dfE: 0.00117474  dW: 0.0130487  dPhi(Nx/2)(Ny/2)(Nz/2): -0.000848237 Phi A: 0.0323008 Phi B: 0.968403 Phi I: 5.82139e-52
Total charge: -4.03732e-20
etaHat: 124879
138  fE: -3.03089  dfE: 0.00112229  dW: 0.0124603  dPhi(Nx/2)(Ny/2)(Nz/2): -0.000944405 Phi A: 0.0322986 Phi B: 0.96851 Phi I: 5.82139e-52
Total charge: -4.03684e-20
etaHat: 124879
139  fE: -3.0319  dfE: 0.00101923  dW: 0.012193  dPhi(Nx/2)(Ny/2)(Nz/2): -0.000989675 Phi A: 0.0322947 Phi B: 0.968567 Phi I: 5.82139e-52
Total charge: -4.03618e-20
etaHat: 124879
140  fE: -3.03278  dfE: 0.000875996  dW: 0.0122184  dPhi(Nx/2)(Ny/2)(Nz/2): -0.000986788 Phi A: 0.0322894 Phi B: 0.968577 Phi I: 5.82139e-52
Saving data . . .
Total charge: -4.03537e-20
etaHat: 124879
141  fE: -3.03348  dfE: 0.000703944  dW: 0.0124662  dPhi(Nx/2)(Ny/2)(Nz/2): -0.00094061 Phi A: 0.0322829 Phi B: 0.968546 Phi I: 5.82139e-52
Total charge: -4.03445e-20
etaHat: 124879
142  fE: -3.034  dfE: 0.000514716  dW: 0.0128055  dPhi(Nx/2)(Ny/2)(Nz/2): -0.000857664 Phi A: 0.0322756 Phi B: 0.968477 Phi I: 5.82139e-52
Total charge: -4.03347e-20
etaHat: 124879
143  fE: -3.03432  dfE: 0.000319593  dW: 0.0131204  dPhi(Nx/2)(Ny/2)(Nz/2): -0.000745636 Phi A: 0.0322677 Phi B: 0.968381 Phi I: 5.82139e-52
Total charge: -4.03245e-20
etaHat: 124879
144  fE: -3.03445  dfE: 0.000128968  dW: 0.0133198  dPhi(Nx/2)(Ny/2)(Nz/2): -0.000612864 Phi A: 0.0322596 Phi B: 0.968263 Phi I: 5.82139e-52
Total charge: -4.03144e-20
etaHat: 124879
145  fE: -3.0344  dfE: 4.80904e-05  dW: 0.0133466  dPhi(Nx/2)(Ny/2)(Nz/2): -0.00046785 Phi A: 0.0322515 Phi B: 0.968132 Phi I: 5.82139e-52
Total charge: -4.03047e-20
etaHat: 124879
146  fE: -3.0342  dfE: 0.000204157  dW: 0.0131764  dPhi(Nx/2)(Ny/2)(Nz/2): -0.000318826 Phi A: 0.0322437 Phi B: 0.967997 Phi I: 5.82139e-52
Total charge: -4.02957e-20
etaHat: 124879
147  fE: -3.03386  dfE: 0.000333647  dW: 0.012821  dPhi(Nx/2)(Ny/2)(Nz/2): -0.000173363 Phi A: 0.0322365 Phi B: 0.967864 Phi I: 5.82139e-52
Total charge: -4.02876e-20
etaHat: 124879
148  fE: -3.03343  dfE: 0.000432901  dW: 0.0123234  dPhi(Nx/2)(Ny/2)(Nz/2): -3.80674e-05 Phi A: 0.0322301 Phi B: 0.967741 Phi I: 5.82138e-52
Total charge: -4.02806e-20
etaHat: 124879
149  fE: -3.03293  dfE: 0.000500159  dW: 0.011742  dPhi(Nx/2)(Ny/2)(Nz/2): 8.16492e-05 Phi A: 0.0322245 Phi B: 0.967631 Phi I: 5.82138e-52
Total charge: -4.02749e-20
etaHat: 124879
150  fE: -3.03239  dfE: 0.000535445  dW: 0.0111437  dPhi(Nx/2)(Ny/2)(Nz/2): 0.000181713 Phi A: 0.0322199 Phi B: 0.967541 Phi I: 5.82138e-52
Saving data . . .
Total charge: -4.02703e-20
etaHat: 124879
151  fE: -3.03185  dfE: 0.000540369  dW: 0.0105855  dPhi(Nx/2)(Ny/2)(Nz/2): 0.00025945 Phi A: 0.0322163 Phi B: 0.967471 Phi I: 5.82138e-52
Total charge: -4.0267e-20
etaHat: 124879
152  fE: -3.03134  dfE: 0.000517885  dW: 0.0101158  dPhi(Nx/2)(Ny/2)(Nz/2): 0.000313575 Phi A: 0.0322136 Phi B: 0.967424 Phi I: 5.82138e-52
Total charge: -4.02649e-20
etaHat: 124879
153  fE: -3.03086  dfE: 0.000471991  dW: 0.00975498  dPhi(Nx/2)(Ny/2)(Nz/2): 0.000344108 Phi A: 0.0322119 Phi B: 0.967399 Phi I: 5.82138e-52
Total charge: -4.02637e-20
etaHat: 124879
154  fE: -3.03046  dfE: 0.000407429  dW: 0.00949978  dPhi(Nx/2)(Ny/2)(Nz/2): 0.000352239 Phi A: 0.032211 Phi B: 0.967396 Phi I: 5.82138e-52
Total charge: -4.02634e-20
etaHat: 124879
155  fE: -3.03013  dfE: 0.000329363  dW: 0.00933567  dPhi(Nx/2)(Ny/2)(Nz/2): 0.000340148 Phi A: 0.0322107 Phi B: 0.967412 Phi I: 5.82138e-52
Total charge: -4.02638e-20
etaHat: 124879
156  fE: -3.02988  dfE: 0.000243089  dW: 0.00923652  dPhi(Nx/2)(Ny/2)(Nz/2): 0.000310793 Phi A: 0.0322111 Phi B: 0.967445 Phi I: 5.82138e-52
Total charge: -4.02647e-20
etaHat: 124879
157  fE: -3.02973  dfE: 0.000153752  dW: 0.00917036  dPhi(Nx/2)(Ny/2)(Nz/2): 0.000267682 Phi A: 0.0322118 Phi B: 0.967491 Phi I: 5.82138e-52
Total charge: -4.0266e-20
etaHat: 124879
158  fE: -3.02966  dfE: 6.6113e-05  dW: 0.00910945  dPhi(Nx/2)(Ny/2)(Nz/2): 0.000214646 Phi A: 0.0322128 Phi B: 0.967547 Phi I: 5.82138e-52
Total charge: -4.02673e-20
etaHat: 124879
159  fE: -3.02968  dfE: 1.56473e-05  dW: 0.00903295  dPhi(Nx/2)(Ny/2)(Nz/2): 0.000155611 Phi A: 0.0322139 Phi B: 0.967609 Phi I: 5.82138e-52
Total charge: -4.02687e-20
etaHat: 124879
160  fE: -3.02977  dfE: 8.8076e-05  dW: 0.00892902  dPhi(Nx/2)(Ny/2)(Nz/2): 9.43972e-05 Phi A: 0.032215 Phi B: 0.967673 Phi I: 5.82138e-52
Saving data . . .
Total charge: -4.02699e-20
etaHat: 124879
161  fE: -3.02992  dfE: 0.000148543  dW: 0.00879647  dPhi(Nx/2)(Ny/2)(Nz/2): 3.45376e-05 Phi A: 0.0322159 Phi B: 0.967736 Phi I: 5.82138e-52
Total charge: -4.02708e-20
etaHat: 124879
162  fE: -3.03011  dfE: 0.000195285  dW: 0.00864164  dPhi(Nx/2)(Ny/2)(Nz/2): -2.08661e-05 Phi A: 0.0322166 Phi B: 0.967796 Phi I: 5.82138e-52
Total charge: -4.02713e-20
etaHat: 124879
163  fE: -3.03034  dfE: 0.000227406  dW: 0.00847538  dPhi(Nx/2)(Ny/2)(Nz/2): -6.92538e-05 Phi A: 0.032217 Phi B: 0.967849 Phi I: 5.82138e-52
Total charge: -4.02714e-20
etaHat: 124879
164  fE: -3.03058  dfE: 0.000244832  dW: 0.00831029  dPhi(Nx/2)(Ny/2)(Nz/2): -0.000108678 Phi A: 0.0322171 Phi B: 0.967893 Phi I: 5.82138e-52
Total charge: -4.0271e-20
etaHat: 124879
165  fE: -3.03083  dfE: 0.000248228  dW: 0.00815742  dPhi(Nx/2)(Ny/2)(Nz/2): -0.000137839 Phi A: 0.0322168 Phi B: 0.967928 Phi I: 5.82138e-52
Total charge: -4.02702e-20
etaHat: 124879
166  fE: -3.03107  dfE: 0.00023889  dW: 0.00802395  dPhi(Nx/2)(Ny/2)(Nz/2): -0.000156079 Phi A: 0.0322162 Phi B: 0.967952 Phi I: 5.82138e-52
Total charge: -4.0269e-20
etaHat: 124879
167  fE: -3.03129  dfE: 0.000218613  dW: 0.00791258  dPhi(Nx/2)(Ny/2)(Nz/2): -0.000163352 Phi A: 0.0322152 Phi B: 0.967966 Phi I: 5.82138e-52
Total charge: -4.02674e-20
etaHat: 124879
168  fE: -3.03148  dfE: 0.000189553  dW: 0.0078223  dPhi(Nx/2)(Ny/2)(Nz/2): -0.000160163 Phi A: 0.0322139 Phi B: 0.96797 Phi I: 5.82138e-52
Total charge: -4.02655e-20
etaHat: 124879
169  fE: -3.03163  dfE: 0.00015408  dW: 0.00774725  dPhi(Nx/2)(Ny/2)(Nz/2): -0.000147485 Phi A: 0.0322124 Phi B: 0.967964 Phi I: 5.82138e-52
Total charge: -4.02634e-20
etaHat: 124879
170  fE: -3.03175  dfE: 0.000114633  dW: 0.0076802  dPhi(Nx/2)(Ny/2)(Nz/2): -0.000126661 Phi A: 0.0322107 Phi B: 0.967951 Phi I: 5.82138e-52
Saving data . . .
Total charge: -4.02611e-20
etaHat: 124879
171  fE: -3.03182  dfE: 7.35968e-05  dW: 0.00761314  dPhi(Nx/2)(Ny/2)(Nz/2): -9.93042e-05 Phi A: 0.0322089 Phi B: 0.967932 Phi I: 5.82138e-52
Total charge: -4.02588e-20
etaHat: 124879
172  fE: -3.03185  dfE: 3.31859e-05  dW: 0.00753948  dPhi(Nx/2)(Ny/2)(Nz/2): -6.71865e-05 Phi A: 0.032207 Phi B: 0.967908 Phi I: 5.82138e-52
Total charge: -4.02565e-20
etaHat: 124879
173  fE: -3.03185  dfE: 4.64998e-06  dW: 0.0074551  dPhi(Nx/2)(Ny/2)(Nz/2): -3.21367e-05 Phi A: 0.0322052 Phi B: 0.967881 Phi I: 5.82138e-52
Total charge: -4.02542e-20
etaHat: 124879
174  fE: -3.03181  dfE: 3.82936e-05  dW: 0.00735836  dPhi(Nx/2)(Ny/2)(Nz/2): 4.05567e-06 Phi A: 0.0322034 Phi B: 0.967852 Phi I: 5.82138e-52
Total charge: -4.02521e-20
etaHat: 124879
175  fE: -3.03174  dfE: 6.6507e-05  dW: 0.00724994  dPhi(Nx/2)(Ny/2)(Nz/2): 3.97237e-05 Phi A: 0.0322017 Phi B: 0.967824 Phi I: 5.82138e-52
Total charge: -4.02502e-20
etaHat: 124879
176  fE: -3.03166  dfE: 8.84529e-05  dW: 0.00713298  dPhi(Nx/2)(Ny/2)(Nz/2): 7.3392e-05 Phi A: 0.0322002 Phi B: 0.967798 Phi I: 5.82138e-52
Total charge: -4.02485e-20
etaHat: 124879
177  fE: -3.03155  dfE: 0.000103695  dW: 0.00701095  dPhi(Nx/2)(Ny/2)(Nz/2): 0.000103829 Phi A: 0.0321988 Phi B: 0.967774 Phi I: 5.82138e-52
Total charge: -4.02471e-20
etaHat: 124879
178  fE: -3.03144  dfE: 0.000112176  dW: 0.00688764  dPhi(Nx/2)(Ny/2)(Nz/2): 0.00013008 Phi A: 0.0321977 Phi B: 0.967755 Phi I: 5.82138e-52
Total charge: -4.0246e-20
etaHat: 124879
179  fE: -3.03133  dfE: 0.000114182  dW: 0.00676638  dPhi(Nx/2)(Ny/2)(Nz/2): 0.000151488 Phi A: 0.0321968 Phi B: 0.967739 Phi I: 5.82138e-52
Total charge: -4.02451e-20
etaHat: 124879
180  fE: -3.03122  dfE: 0.000110292  dW: 0.00665114  dPhi(Nx/2)(Ny/2)(Nz/2): 0.000167689 Phi A: 0.0321961 Phi B: 0.967729 Phi I: 5.82138e-52
Saving data . . .
Total charge: -4.02445e-20
etaHat: 124879
181  fE: -3.03111  dfE: 0.000101317  dW: 0.00654458  dPhi(Nx/2)(Ny/2)(Nz/2): 0.000178604 Phi A: 0.0321956 Phi B: 0.967723 Phi I: 5.82138e-52
Total charge: -4.02441e-20
etaHat: 124879
182  fE: -3.03103  dfE: 8.82377e-05  dW: 0.00644716  dPhi(Nx/2)(Ny/2)(Nz/2): 0.000184406 Phi A: 0.0321953 Phi B: 0.967722 Phi I: 5.82138e-52
Total charge: -4.02439e-20
etaHat: 124879
183  fE: -3.03095  dfE: 7.21342e-05  dW: 0.00635761  dPhi(Nx/2)(Ny/2)(Nz/2): 0.000185491 Phi A: 0.0321951 Phi B: 0.967725 Phi I: 5.82138e-52
Total charge: -4.02438e-20
etaHat: 124879
184  fE: -3.0309  dfE: 5.41253e-05  dW: 0.00627411  dPhi(Nx/2)(Ny/2)(Nz/2): 0.000182429 Phi A: 0.032195 Phi B: 0.967731 Phi I: 5.82138e-52
Total charge: -4.02439e-20
etaHat: 124879
185  fE: -3.03086  dfE: 3.53073e-05  dW: 0.00619492  dPhi(Nx/2)(Ny/2)(Nz/2): 0.000175921 Phi A: 0.0321951 Phi B: 0.967741 Phi I: 5.82138e-52
Total charge: -4.0244e-20
etaHat: 124879
186  fE: -3.03085  dfE: 1.67019e-05  dW: 0.00611827  dPhi(Nx/2)(Ny/2)(Nz/2): 0.000166747 Phi A: 0.0321952 Phi B: 0.967752 Phi I: 5.82138e-52
Total charge: -4.02442e-20
etaHat: 124879
187  fE: -3.03085  dfE: 7.86502e-07  dW: 0.00604261  dPhi(Nx/2)(Ny/2)(Nz/2): 0.000155722 Phi A: 0.0321954 Phi B: 0.967765 Phi I: 5.82138e-52
Total charge: -4.02444e-20
etaHat: 124879
188  fE: -3.03087  dfE: 1.64038e-05  dW: 0.00596687  dPhi(Nx/2)(Ny/2)(Nz/2): 0.00014365 Phi A: 0.0321955 Phi B: 0.967779 Phi I: 5.82138e-52
Total charge: -4.02446e-20
etaHat: 124879
189  fE: -3.03089  dfE: 2.95678e-05  dW: 0.00589066  dPhi(Nx/2)(Ny/2)(Nz/2): 0.000131285 Phi A: 0.0321956 Phi B: 0.967792 Phi I: 5.82138e-52
Total charge: -4.02447e-20
etaHat: 124879
190  fE: -3.03093  dfE: 3.98794e-05  dW: 0.00581432  dPhi(Nx/2)(Ny/2)(Nz/2): 0.0001193 Phi A: 0.0321957 Phi B: 0.967805 Phi I: 5.82138e-52
Saving data . . .
Total charge: -4.02447e-20
etaHat: 124879
191  fE: -3.03098  dfE: 4.71233e-05  dW: 0.00573851  dPhi(Nx/2)(Ny/2)(Nz/2): 0.000108265 Phi A: 0.0321958 Phi B: 0.967817 Phi I: 5.82138e-52
Total charge: -4.02447e-20
etaHat: 124879
192  fE: -3.03103  dfE: 5.12595e-05  dW: 0.00566403  dPhi(Nx/2)(Ny/2)(Nz/2): 9.8626e-05 Phi A: 0.0321957 Phi B: 0.967826 Phi I: 5.82138e-52
Total charge: -4.02445e-20
etaHat: 124879
193  fE: -3.03109  dfE: 5.24072e-05  dW: 0.00559147  dPhi(Nx/2)(Ny/2)(Nz/2): 9.06985e-05 Phi A: 0.0321956 Phi B: 0.967834 Phi I: 5.82138e-52
Total charge: -4.02443e-20
etaHat: 124879
194  fE: -3.03114  dfE: 5.08219e-05  dW: 0.0055212  dPhi(Nx/2)(Ny/2)(Nz/2): 8.46673e-05 Phi A: 0.0321954 Phi B: 0.967839 Phi I: 5.82138e-52
Total charge: -4.0244e-20
etaHat: 124879
195  fE: -3.03118  dfE: 4.68686e-05  dW: 0.00545366  dPhi(Nx/2)(Ny/2)(Nz/2): 8.05912e-05 Phi A: 0.0321952 Phi B: 0.967843 Phi I: 5.82138e-52
Total charge: -4.02436e-20
etaHat: 124879
196  fE: -3.03122  dfE: 4.09923e-05  dW: 0.00538841  dPhi(Nx/2)(Ny/2)(Nz/2): 7.84146e-05 Phi A: 0.0321949 Phi B: 0.967844 Phi I: 5.82138e-52
Total charge: -4.02431e-20
etaHat: 124879
197  fE: -3.03126  dfE: 3.36871e-05  dW: 0.00532512  dPhi(Nx/2)(Ny/2)(Nz/2): 7.79835e-05 Phi A: 0.0321945 Phi B: 0.967843 Phi I: 5.82138e-52
Total charge: -4.02426e-20
etaHat: 124879
198  fE: -3.03128  dfE: 2.54669e-05  dW: 0.00526319  dPhi(Nx/2)(Ny/2)(Nz/2): 7.90648e-05 Phi A: 0.0321941 Phi B: 0.967841 Phi I: 5.82138e-52
Total charge: -4.02421e-20
etaHat: 124879
199  fE: -3.0313  dfE: 1.68372e-05  dW: 0.00520222  dPhi(Nx/2)(Ny/2)(Nz/2): 8.13677e-05 Phi A: 0.0321937 Phi B: 0.967837 Phi I: 5.82138e-52
Total charge: -4.02415e-20
etaHat: 124879
200  fE: -3.03131  dfE: 8.271e-06  dW: 0.00514159  dPhi(Nx/2)(Ny/2)(Nz/2): 8.45651e-05 Phi A: 0.0321932 Phi B: 0.967832 Phi I: 5.82138e-52
Saving data . . .
Total charge: -4.0241e-20
etaHat: 124879
201  fE: -3.03131  dfE: 1.88683e-07  dW: 0.00508095  dPhi(Nx/2)(Ny/2)(Nz/2): 8.83156e-05 Phi A: 0.0321928 Phi B: 0.967826 Phi I: 5.82138e-52
Total charge: -4.02405e-20
etaHat: 124879
202  fE: -3.0313  dfE: 7.05757e-06  dW: 0.00502001  dPhi(Nx/2)(Ny/2)(Nz/2): 9.22828e-05 Phi A: 0.0321924 Phi B: 0.96782 Phi I: 5.82138e-52
Total charge: -4.024e-20
etaHat: 124879
203  fE: -3.03129  dfE: 1.31941e-05  dW: 0.00495874  dPhi(Nx/2)(Ny/2)(Nz/2): 9.6153e-05 Phi A: 0.032192 Phi B: 0.967814 Phi I: 5.82138e-52
Total charge: -4.02395e-20
etaHat: 124879
204  fE: -3.03127  dfE: 1.80314e-05  dW: 0.00489734  dPhi(Nx/2)(Ny/2)(Nz/2): 9.96497e-05 Phi A: 0.0321916 Phi B: 0.967809 Phi I: 5.82138e-52
Total charge: -4.02391e-20
etaHat: 124879
205  fE: -3.03125  dfE: 2.14643e-05  dW: 0.00483619  dPhi(Nx/2)(Ny/2)(Nz/2): 0.000102544 Phi A: 0.0321913 Phi B: 0.967804 Phi I: 5.82138e-52
Total charge: -4.02388e-20
etaHat: 124879
206  fE: -3.03123  dfE: 2.34688e-05  dW: 0.0047756  dPhi(Nx/2)(Ny/2)(Nz/2): 0.000104664 Phi A: 0.032191 Phi B: 0.9678 Phi I: 5.82138e-52
Total charge: -4.02385e-20
etaHat: 124879
207  fE: -3.0312  dfE: 2.40946e-05  dW: 0.00471585  dPhi(Nx/2)(Ny/2)(Nz/2): 0.000105895 Phi A: 0.0321908 Phi B: 0.967796 Phi I: 5.82138e-52
Total charge: -4.02382e-20
etaHat: 124879
208  fE: -3.03118  dfE: 2.34548e-05  dW: 0.00465711  dPhi(Nx/2)(Ny/2)(Nz/2): 0.000106184 Phi A: 0.0321906 Phi B: 0.967794 Phi I: 5.82138e-52
Total charge: -4.02381e-20
etaHat: 124879
209  fE: -3.03116  dfE: 2.17139e-05  dW: 0.00459953  dPhi(Nx/2)(Ny/2)(Nz/2): 0.000105532 Phi A: 0.0321905 Phi B: 0.967793 Phi I: 5.82138e-52
Total charge: -4.02379e-20
etaHat: 124879
210  fE: -3.03114  dfE: 1.90738e-05  dW: 0.00454326  dPhi(Nx/2)(Ny/2)(Nz/2): 0.000103995 Phi A: 0.0321904 Phi B: 0.967792 Phi I: 5.82138e-52
Saving data . . .
Total charge: -4.02379e-20
etaHat: 124879
211  fE: -3.03112  dfE: 1.57601e-05  dW: 0.00448842  dPhi(Nx/2)(Ny/2)(Nz/2): 0.000101669 Phi A: 0.0321903 Phi B: 0.967793 Phi I: 5.82138e-52
Total charge: -4.02378e-20
etaHat: 124879
212  fE: -3.03111  dfE: 1.20085e-05  dW: 0.00443499  dPhi(Nx/2)(Ny/2)(Nz/2): 9.86876e-05 Phi A: 0.0321902 Phi B: 0.967794 Phi I: 5.82138e-52
Total charge: -4.02378e-20
etaHat: 124879
213  fE: -3.0311  dfE: 8.05167e-06  dW: 0.00438284  dPhi(Nx/2)(Ny/2)(Nz/2): 9.52084e-05 Phi A: 0.0321902 Phi B: 0.967796 Phi I: 5.82138e-52
Total charge: -4.02378e-20
etaHat: 124879
214  fE: -3.0311  dfE: 4.10826e-06  dW: 0.00433176  dPhi(Nx/2)(Ny/2)(Nz/2): 9.14035e-05 Phi A: 0.0321902 Phi B: 0.967798 Phi I: 5.82138e-52
Total charge: -4.02378e-20
etaHat: 124879
215  fE: -3.0311  dfE: 3.73288e-07  dW: 0.00428159  dPhi(Nx/2)(Ny/2)(Nz/2): 8.74498e-05 Phi A: 0.0321902 Phi B: 0.967801 Phi I: 5.82138e-52
Total charge: -4.02378e-20
etaHat: 124879
216  fE: -3.0311  dfE: 2.98898e-06  dW: 0.00423222  dPhi(Nx/2)(Ny/2)(Nz/2): 8.35197e-05 Phi A: 0.0321902 Phi B: 0.967804 Phi I: 5.82138e-52
Total charge: -4.02378e-20
etaHat: 124879
217  fE: -3.03111  dfE: 5.85004e-06  dW: 0.00418365  dPhi(Nx/2)(Ny/2)(Nz/2): 7.97728e-05 Phi A: 0.0321903 Phi B: 0.967807 Phi I: 5.82138e-52
Total charge: -4.02378e-20
etaHat: 124879
218  fE: -3.03111  dfE: 8.11983e-06  dW: 0.0041359  dPhi(Nx/2)(Ny/2)(Nz/2): 7.63491e-05 Phi A: 0.0321903 Phi B: 0.96781 Phi I: 5.82138e-52
Total charge: -4.02378e-20
etaHat: 124879
219  fE: -3.03112  dfE: 9.74715e-06  dW: 0.00408894  dPhi(Nx/2)(Ny/2)(Nz/2): 7.33641e-05 Phi A: 0.0321902 Phi B: 0.967812 Phi I: 5.82138e-52
Total charge: -4.02378e-20
etaHat: 124879
220  fE: -3.03113  dfE: 1.07182e-05  dW: 0.00404283  dPhi(Nx/2)(Ny/2)(Nz/2): 7.0905e-05 Phi A: 0.0321902 Phi B: 0.967814 Phi I: 5.82138e-52
Saving data . . .
Total charge: -4.02377e-20
etaHat: 124879
221  fE: -3.03115  dfE: 1.10533e-05  dW: 0.00399759  dPhi(Nx/2)(Ny/2)(Nz/2): 6.90294e-05 Phi A: 0.0321902 Phi B: 0.967816 Phi I: 5.82138e-52
Total charge: -4.02377e-20
etaHat: 124879
222  fE: -3.03116  dfE: 1.08023e-05  dW: 0.00395313  dPhi(Nx/2)(Ny/2)(Nz/2): 6.77646e-05 Phi A: 0.0321901 Phi B: 0.967817 Phi I: 5.82138e-52
Total charge: -4.02376e-20
etaHat: 124879
223  fE: -3.03117  dfE: 1.00391e-05  dW: 0.00390946  dPhi(Nx/2)(Ny/2)(Nz/2): 6.71093e-05 Phi A: 0.0321901 Phi B: 0.967818 Phi I: 5.82138e-52
Total charge: -4.02375e-20
etaHat: 124879
224  fE: -3.03117  dfE: 8.85532e-06  dW: 0.00386655  dPhi(Nx/2)(Ny/2)(Nz/2): 6.70363e-05 Phi A: 0.03219 Phi B: 0.967818 Phi I: 5.82138e-52
Total charge: -4.02374e-20
etaHat: 124879
225  fE: -3.03118  dfE: 7.35408e-06  dW: 0.00382433  dPhi(Nx/2)(Ny/2)(Nz/2): 6.74955e-05 Phi A: 0.0321899 Phi B: 0.967818 Phi I: 5.82138e-52
Total charge: -4.02373e-20
etaHat: 124879
226  fE: -3.03119  dfE: 5.64339e-06  dW: 0.00378269  dPhi(Nx/2)(Ny/2)(Nz/2): 6.84191e-05 Phi A: 0.0321898 Phi B: 0.967818 Phi I: 5.82138e-52
Total charge: -4.02371e-20
etaHat: 124879
227  fE: -3.03119  dfE: 3.83045e-06  dW: 0.00374158  dPhi(Nx/2)(Ny/2)(Nz/2): 6.97255e-05 Phi A: 0.0321897 Phi B: 0.967817 Phi I: 5.82138e-52
Total charge: -4.0237e-20
etaHat: 124879
228  fE: -3.03119  dfE: 2.01631e-06  dW: 0.00370095  dPhi(Nx/2)(Ny/2)(Nz/2): 7.13247e-05 Phi A: 0.0321896 Phi B: 0.967816 Phi I: 5.82138e-52
Total charge: -4.02369e-20
etaHat: 124879
229  fE: -3.03119  dfE: 2.91504e-07  dW: 0.00366082  dPhi(Nx/2)(Ny/2)(Nz/2): 7.31231e-05 Phi A: 0.0321895 Phi B: 0.967815 Phi I: 5.82138e-52
Total charge: -4.02367e-20
etaHat: 124879
230  fE: -3.03119  dfE: 1.26735e-06  dW: 0.00362117  dPhi(Nx/2)(Ny/2)(Nz/2): 7.5028e-05 Phi A: 0.0321894 Phi B: 0.967814 Phi I: 5.82138e-52
Saving data . . .
Total charge: -4.02366e-20
etaHat: 124879
231  fE: -3.03119  dfE: 2.59994e-06  dW: 0.00358195  dPhi(Nx/2)(Ny/2)(Nz/2): 7.69514e-05 Phi A: 0.0321893 Phi B: 0.967812 Phi I: 5.82138e-52
Total charge: -4.02365e-20
etaHat: 124879
232  fE: -3.03119  dfE: 3.66354e-06  dW: 0.00354323  dPhi(Nx/2)(Ny/2)(Nz/2): 7.88137e-05 Phi A: 0.0321892 Phi B: 0.967811 Phi I: 5.82138e-52
Total charge: -4.02364e-20
etaHat: 124879
233  fE: -3.03118  dfE: 4.4333e-06  dW: 0.00350506  dPhi(Nx/2)(Ny/2)(Nz/2): 8.05462e-05 Phi A: 0.0321891 Phi B: 0.96781 Phi I: 5.82138e-52
Total charge: -4.02363e-20
etaHat: 124879
234  fE: -3.03118  dfE: 4.90163e-06  dW: 0.00346739  dPhi(Nx/2)(Ny/2)(Nz/2): 8.20931e-05 Phi A: 0.0321891 Phi B: 0.967809 Phi I: 5.82138e-52
Total charge: -4.02362e-20
etaHat: 124879
235  fE: -3.03117  dfE: 5.07673e-06  dW: 0.00343019  dPhi(Nx/2)(Ny/2)(Nz/2): 8.34121e-05 Phi A: 0.032189 Phi B: 0.967808 Phi I: 5.82138e-52
Total charge: -4.02362e-20
etaHat: 124879
236  fE: -3.03117  dfE: 4.98058e-06  dW: 0.00339354  dPhi(Nx/2)(Ny/2)(Nz/2): 8.44755e-05 Phi A: 0.0321889 Phi B: 0.967808 Phi I: 5.82138e-52
Total charge: -4.02361e-20
etaHat: 124879
237  fE: -3.03116  dfE: 4.64635e-06  dW: 0.00335743  dPhi(Nx/2)(Ny/2)(Nz/2): 8.52688e-05 Phi A: 0.0321889 Phi B: 0.967808 Phi I: 5.82138e-52
Total charge: -4.02361e-20
etaHat: 124879
238  fE: -3.03116  dfE: 4.11561e-06  dW: 0.00332188  dPhi(Nx/2)(Ny/2)(Nz/2): 8.57907e-05 Phi A: 0.0321889 Phi B: 0.967807 Phi I: 5.82138e-52
Total charge: -4.02361e-20
etaHat: 124879
239  fE: -3.03116  dfE: 3.43539e-06  dW: 0.00328689  dPhi(Nx/2)(Ny/2)(Nz/2): 8.60508e-05 Phi A: 0.0321889 Phi B: 0.967808 Phi I: 5.82138e-52
Total charge: -4.02361e-20
etaHat: 124879
240  fE: -3.03115  dfE: 2.65521e-06  dW: 0.00325244  dPhi(Nx/2)(Ny/2)(Nz/2): 8.60682e-05 Phi A: 0.0321888 Phi B: 0.967808 Phi I: 5.82138e-52
Saving data . . .
Total charge: -4.0236e-20
etaHat: 124879
241  fE: -3.03115  dfE: 1.82441e-06  dW: 0.00321849  dPhi(Nx/2)(Ny/2)(Nz/2): 8.58693e-05 Phi A: 0.0321888 Phi B: 0.967808 Phi I: 5.82138e-52
Total charge: -4.0236e-20
etaHat: 124879
242  fE: -3.03115  dfE: 9.89689e-07  dW: 0.00318504  dPhi(Nx/2)(Ny/2)(Nz/2): 8.54858e-05 Phi A: 0.0321888 Phi B: 0.967809 Phi I: 5.82138e-52
Total charge: -4.0236e-20
etaHat: 124879
243  fE: -3.03115  dfE: 1.93035e-07  dW: 0.00315209  dPhi(Nx/2)(Ny/2)(Nz/2): 8.49519e-05 Phi A: 0.0321888 Phi B: 0.967809 Phi I: 5.82138e-52
Total charge: -4.0236e-20
etaHat: 124879
244  fE: -3.03115  dfE: 5.29843e-07  dW: 0.00311961  dPhi(Nx/2)(Ny/2)(Nz/2): 8.4303e-05 Phi A: 0.0321888 Phi B: 0.96781 Phi I: 5.82138e-52
Total charge: -4.0236e-20
etaHat: 124879
245  fE: -3.03115  dfE: 1.15065e-06  dW: 0.00308761  dPhi(Nx/2)(Ny/2)(Nz/2): 8.35734e-05 Phi A: 0.0321888 Phi B: 0.96781 Phi I: 5.82138e-52
Total charge: -4.0236e-20
etaHat: 124879
246  fE: -3.03115  dfE: 1.64914e-06  dW: 0.00305607  dPhi(Nx/2)(Ny/2)(Nz/2): 8.2795e-05 Phi A: 0.0321888 Phi B: 0.967811 Phi I: 5.82138e-52
Total charge: -4.0236e-20
etaHat: 124879
247  fE: -3.03115  dfE: 2.01329e-06  dW: 0.00302497  dPhi(Nx/2)(Ny/2)(Nz/2): 8.19956e-05 Phi A: 0.0321888 Phi B: 0.967812 Phi I: 5.82138e-52
Total charge: -4.0236e-20
etaHat: 124879
248  fE: -3.03116  dfE: 2.23902e-06  dW: 0.0029943  dPhi(Nx/2)(Ny/2)(Nz/2): 8.11986e-05 Phi A: 0.0321888 Phi B: 0.967812 Phi I: 5.82138e-52
Total charge: -4.0236e-20
etaHat: 124879
249  fE: -3.03116  dfE: 2.32956e-06  dW: 0.00296407  dPhi(Nx/2)(Ny/2)(Nz/2): 8.04219e-05 Phi A: 0.0321888 Phi B: 0.967812 Phi I: 5.82138e-52
Total charge: -4.0236e-20
etaHat: 124879
250  fE: -3.03116  dfE: 2.29457e-06  dW: 0.00293425  dPhi(Nx/2)(Ny/2)(Nz/2): 7.9678e-05 Phi A: 0.0321888 Phi B: 0.967813 Phi I: 5.82138e-52
Saving data . . .
Total charge: -4.02359e-20
etaHat: 124879
251  fE: -3.03116  dfE: 2.14894e-06  dW: 0.00290482  dPhi(Nx/2)(Ny/2)(Nz/2): 7.8974e-05 Phi A: 0.0321887 Phi B: 0.967813 Phi I: 5.82138e-52
Total charge: -4.02359e-20
etaHat: 124879
252  fE: -3.03117  dfE: 1.9115e-06  dW: 0.00287578  dPhi(Nx/2)(Ny/2)(Nz/2): 7.83121e-05 Phi A: 0.0321887 Phi B: 0.967813 Phi I: 5.82138e-52
Total charge: -4.02359e-20
etaHat: 124879
253  fE: -3.03117  dfE: 1.60371e-06  dW: 0.00284712  dPhi(Nx/2)(Ny/2)(Nz/2): 7.76899e-05 Phi A: 0.0321887 Phi B: 0.967813 Phi I: 5.82138e-52
Total charge: -4.02359e-20
etaHat: 124879
254  fE: -3.03117  dfE: 1.24826e-06  dW: 0.00281884  dPhi(Nx/2)(Ny/2)(Nz/2): 7.71016e-05 Phi A: 0.0321887 Phi B: 0.967813 Phi I: 5.82138e-52
Total charge: -4.02358e-20
etaHat: 124879
255  fE: -3.03117  dfE: 8.67858e-07  dW: 0.0027909  dPhi(Nx/2)(Ny/2)(Nz/2): 7.65384e-05 Phi A: 0.0321887 Phi B: 0.967813 Phi I: 5.82138e-52
Total charge: -4.02358e-20
etaHat: 124879
256  fE: -3.03117  dfE: 4.84078e-07  dW: 0.00276333  dPhi(Nx/2)(Ny/2)(Nz/2): 7.59897e-05 Phi A: 0.0321886 Phi B: 0.967813 Phi I: 5.82138e-52
Total charge: -4.02358e-20
etaHat: 124879
257  fE: -3.03117  dfE: 1.16397e-07  dW: 0.00273611  dPhi(Nx/2)(Ny/2)(Nz/2): 7.54441e-05 Phi A: 0.0321886 Phi B: 0.967812 Phi I: 5.82138e-52
Total charge: -4.02357e-20
etaHat: 124879
258  fE: -3.03117  dfE: 2.18547e-07  dW: 0.00270921  dPhi(Nx/2)(Ny/2)(Nz/2): 7.489e-05 Phi A: 0.0321886 Phi B: 0.967812 Phi I: 5.82138e-52
Total charge: -4.02357e-20
etaHat: 124879
259  fE: -3.03117  dfE: 5.07489e-07  dW: 0.00268263  dPhi(Nx/2)(Ny/2)(Nz/2): 7.43165e-05 Phi A: 0.0321886 Phi B: 0.967812 Phi I: 5.82138e-52
Total charge: -4.02357e-20
etaHat: 124879
260  fE: -3.03117  dfE: 7.40846e-07  dW: 0.00265638  dPhi(Nx/2)(Ny/2)(Nz/2): 7.37142e-05 Phi A: 0.0321885 Phi B: 0.967812 Phi I: 5.82138e-52
Saving data . . .
Total charge: -4.02356e-20
etaHat: 124879
261  fE: -3.03117  dfE: 9.12807e-07  dW: 0.00263045  dPhi(Nx/2)(Ny/2)(Nz/2): 7.30754e-05 Phi A: 0.0321885 Phi B: 0.967811 Phi I: 5.82138e-52
Total charge: -4.02356e-20
etaHat: 124879
262  fE: -3.03117  dfE: 1.02123e-06  dW: 0.00260483  dPhi(Nx/2)(Ny/2)(Nz/2): 7.23948e-05 Phi A: 0.0321885 Phi B: 0.967811 Phi I: 5.82138e-52
Total charge: -4.02356e-20
etaHat: 124879
263  fE: -3.03117  dfE: 1.06736e-06  dW: 0.00257955  dPhi(Nx/2)(Ny/2)(Nz/2): 7.16694e-05 Phi A: 0.0321885 Phi B: 0.967811 Phi I: 5.82138e-52
Total charge: -4.02356e-20
etaHat: 124879
264  fE: -3.03116  dfE: 1.05543e-06  dW: 0.0025546  dPhi(Nx/2)(Ny/2)(Nz/2): 7.08989e-05 Phi A: 0.0321885 Phi B: 0.967811 Phi I: 5.82138e-52
Total charge: -4.02356e-20
etaHat: 124879
265  fE: -3.03116  dfE: 9.92097e-07  dW: 0.00252996  dPhi(Nx/2)(Ny/2)(Nz/2): 7.00851e-05 Phi A: 0.0321885 Phi B: 0.967811 Phi I: 5.82138e-52
Total charge: -4.02356e-20
etaHat: 124879
266  fE: -3.03116  dfE: 8.85906e-07  dW: 0.00250563  dPhi(Nx/2)(Ny/2)(Nz/2): 6.92321e-05 Phi A: 0.0321885 Phi B: 0.967811 Phi I: 5.82138e-52
Total charge: -4.02356e-20
etaHat: 124879
267  fE: -3.03116  dfE: 7.46632e-07  dW: 0.0024816  dPhi(Nx/2)(Ny/2)(Nz/2): 6.8346e-05 Phi A: 0.0321884 Phi B: 0.967811 Phi I: 5.82138e-52
Total charge: -4.02355e-20
etaHat: 124879
268  fE: -3.03116  dfE: 5.84678e-07  dW: 0.00245789  dPhi(Nx/2)(Ny/2)(Nz/2): 6.74341e-05 Phi A: 0.0321884 Phi B: 0.967811 Phi I: 5.82138e-52
Total charge: -4.02355e-20
etaHat: 124879
269  fE: -3.03116  dfE: 4.10488e-07  dW: 0.00243451  dPhi(Nx/2)(Ny/2)(Nz/2): 6.65051e-05 Phi A: 0.0321884 Phi B: 0.967811 Phi I: 5.82138e-52
Total charge: -4.02355e-20
etaHat: 124879
270  fE: -3.03116  dfE: 2.34023e-07  dW: 0.00241141  dPhi(Nx/2)(Ny/2)(Nz/2): 6.5568e-05 Phi A: 0.0321884 Phi B: 0.967811 Phi I: 5.82138e-52
Saving data . . .
Total charge: -4.02355e-20
etaHat: 124879
271  fE: -3.03116  dfE: 6.43129e-08  dW: 0.00238859  dPhi(Nx/2)(Ny/2)(Nz/2): 6.46321e-05 Phi A: 0.0321884 Phi B: 0.967811 Phi I: 5.82138e-52
Total charge: -4.02355e-20
etaHat: 124879
272  fE: -3.03116  dfE: 9.08929e-08  dW: 0.00236605  dPhi(Nx/2)(Ny/2)(Nz/2): 6.37063e-05 Phi A: 0.0321884 Phi B: 0.967811 Phi I: 5.82138e-52
Total charge: -4.02355e-20
etaHat: 124879
273  fE: -3.03116  dfE: 2.25379e-07  dW: 0.0023438  dPhi(Nx/2)(Ny/2)(Nz/2): 6.27992e-05 Phi A: 0.0321884 Phi B: 0.967811 Phi I: 5.82138e-52
Total charge: -4.02355e-20
etaHat: 124879
274  fE: -3.03116  dfE: 3.34614e-07  dW: 0.00232181  dPhi(Nx/2)(Ny/2)(Nz/2): 6.19181e-05 Phi A: 0.0321884 Phi B: 0.967812 Phi I: 5.82138e-52
Total charge: -4.02355e-20
etaHat: 124879
275  fE: -3.03116  dfE: 4.15798e-07  dW: 0.00230009  dPhi(Nx/2)(Ny/2)(Nz/2): 6.10694e-05 Phi A: 0.0321884 Phi B: 0.967812 Phi I: 5.82138e-52
Total charge: -4.02355e-20
etaHat: 124879
276  fE: -3.03116  dfE: 4.67821e-07  dW: 0.00227865  dPhi(Nx/2)(Ny/2)(Nz/2): 6.02578e-05 Phi A: 0.0321884 Phi B: 0.967812 Phi I: 5.82138e-52
Total charge: -4.02355e-20
etaHat: 124879
277  fE: -3.03116  dfE: 4.91146e-07  dW: 0.00225748  dPhi(Nx/2)(Ny/2)(Nz/2): 5.94869e-05 Phi A: 0.0321884 Phi B: 0.967812 Phi I: 5.82138e-52
Total charge: -4.02355e-20
etaHat: 124879
278  fE: -3.03116  dfE: 4.87614e-07  dW: 0.00223657  dPhi(Nx/2)(Ny/2)(Nz/2): 5.87587e-05 Phi A: 0.0321884 Phi B: 0.967812 Phi I: 5.82138e-52
Total charge: -4.02355e-20
etaHat: 124879
279  fE: -3.03116  dfE: 4.60212e-07  dW: 0.0022159  dPhi(Nx/2)(Ny/2)(Nz/2): 5.80738e-05 Phi A: 0.0321884 Phi B: 0.967812 Phi I: 5.82138e-52
Total charge: -4.02355e-20
etaHat: 124879
280  fE: -3.03116  dfE: 4.12804e-07  dW: 0.00219548  dPhi(Nx/2)(Ny/2)(Nz/2): 5.74315e-05 Phi A: 0.0321884 Phi B: 0.967812 Phi I: 5.82138e-52
Saving data . . .
Total charge: -4.02355e-20
etaHat: 124879
281  fE: -3.03116  dfE: 3.49848e-07  dW: 0.00217529  dPhi(Nx/2)(Ny/2)(Nz/2): 5.68299e-05 Phi A: 0.0321884 Phi B: 0.967812 Phi I: 5.82138e-52
Total charge: -4.02355e-20
etaHat: 124879
282  fE: -3.03116  dfE: 2.76108e-07  dW: 0.00215534  dPhi(Nx/2)(Ny/2)(Nz/2): 5.62664e-05 Phi A: 0.0321884 Phi B: 0.967812 Phi I: 5.82138e-52
Total charge: -4.02355e-20
etaHat: 124879
283  fE: -3.03116  dfE: 1.96387e-07  dW: 0.00213563  dPhi(Nx/2)(Ny/2)(Nz/2): 5.57373e-05 Phi A: 0.0321884 Phi B: 0.967812 Phi I: 5.82138e-52
Total charge: -4.02355e-20
etaHat: 124879
284  fE: -3.03116  dfE: 1.15284e-07  dW: 0.00211615  dPhi(Nx/2)(Ny/2)(Nz/2): 5.52387e-05 Phi A: 0.0321884 Phi B: 0.967812 Phi I: 5.82138e-52
Total charge: -4.02355e-20
etaHat: 124879
285  fE: -3.03116  dfE: 3.69836e-08  dW: 0.00209691  dPhi(Nx/2)(Ny/2)(Nz/2): 5.47663e-05 Phi A: 0.0321884 Phi B: 0.967812 Phi I: 5.82138e-52
Total charge: -4.02355e-20
etaHat: 124879
286  fE: -3.03116  dfE: 3.4905e-08  dW: 0.00207789  dPhi(Nx/2)(Ny/2)(Nz/2): 5.43156e-05 Phi A: 0.0321884 Phi B: 0.967812 Phi I: 5.82138e-52
Total charge: -4.02354e-20
etaHat: 124879
287  fE: -3.03116  dfE: 9.74717e-08  dW: 0.00205911  dPhi(Nx/2)(Ny/2)(Nz/2): 5.38825e-05 Phi A: 0.0321884 Phi B: 0.967812 Phi I: 5.82138e-52
Total charge: -4.02354e-20
etaHat: 124879
288  fE: -3.03116  dfE: 1.48575e-07  dW: 0.00204054  dPhi(Nx/2)(Ny/2)(Nz/2): 5.3463e-05 Phi A: 0.0321884 Phi B: 0.967812 Phi I: 5.82138e-52
Total charge: -4.02354e-20
etaHat: 124879
289  fE: -3.03116  dfE: 1.86868e-07  dW: 0.00202219  dPhi(Nx/2)(Ny/2)(Nz/2): 5.30535e-05 Phi A: 0.0321883 Phi B: 0.967812 Phi I: 5.82138e-52
Total charge: -4.02354e-20
etaHat: 124879
290  fE: -3.03116  dfE: 2.11786e-07  dW: 0.00200406  dPhi(Nx/2)(Ny/2)(Nz/2): 5.26511e-05 Phi A: 0.0321883 Phi B: 0.967812 Phi I: 5.82138e-52
Saving data . . .
Total charge: -4.02354e-20
etaHat: 124879
291  fE: -3.03116  dfE: 2.23485e-07  dW: 0.00198615  dPhi(Nx/2)(Ny/2)(Nz/2): 5.22532e-05 Phi A: 0.0321883 Phi B: 0.967812 Phi I: 5.82138e-52
Total charge: -4.02354e-20
etaHat: 124879
292  fE: -3.03116  dfE: 2.22769e-07  dW: 0.00196844  dPhi(Nx/2)(Ny/2)(Nz/2): 5.18581e-05 Phi A: 0.0321883 Phi B: 0.967812 Phi I: 5.82138e-52
Total charge: -4.02354e-20
etaHat: 124879
293  fE: -3.03116  dfE: 2.10973e-07  dW: 0.00195094  dPhi(Nx/2)(Ny/2)(Nz/2): 5.14645e-05 Phi A: 0.0321883 Phi B: 0.967812 Phi I: 5.82138e-52
Total charge: -4.02354e-20
etaHat: 124879
294  fE: -3.03116  dfE: 1.89844e-07  dW: 0.00193364  dPhi(Nx/2)(Ny/2)(Nz/2): 5.10719e-05 Phi A: 0.0321883 Phi B: 0.967812 Phi I: 5.82138e-52
Total charge: -4.02354e-20
etaHat: 124879
295  fE: -3.03116  dfE: 1.61414e-07  dW: 0.00191654  dPhi(Nx/2)(Ny/2)(Nz/2): 5.068e-05 Phi A: 0.0321883 Phi B: 0.967812 Phi I: 5.82138e-52
Total charge: -4.02354e-20
etaHat: 124879
296  fE: -3.03116  dfE: 1.27863e-07  dW: 0.00189963  dPhi(Nx/2)(Ny/2)(Nz/2): 5.02891e-05 Phi A: 0.0321883 Phi B: 0.967812 Phi I: 5.82138e-52
Total charge: -4.02354e-20
etaHat: 124879
297  fE: -3.03116  dfE: 9.14007e-08  dW: 0.00188293  dPhi(Nx/2)(Ny/2)(Nz/2): 4.98999e-05 Phi A: 0.0321883 Phi B: 0.967812 Phi I: 5.82138e-52
Total charge: -4.02354e-20
etaHat: 124879
298  fE: -3.03116  dfE: 5.41482e-08  dW: 0.00186642  dPhi(Nx/2)(Ny/2)(Nz/2): 4.95133e-05 Phi A: 0.0321883 Phi B: 0.967812 Phi I: 5.82138e-52
Total charge: -4.02354e-20
etaHat: 124879
299  fE: -3.03116  dfE: 1.80455e-08  dW: 0.00185009  dPhi(Nx/2)(Ny/2)(Nz/2): 4.91303e-05 Phi A: 0.0321883 Phi B: 0.967812 Phi I: 5.82138e-52
Total charge: -4.02354e-20
etaHat: 124879
300  fE: -3.03116  dfE: 1.52285e-08  dW: 0.00183395  dPhi(Nx/2)(Ny/2)(Nz/2): 4.8752e-05 Phi A: 0.0321883 Phi B: 0.967812 Phi I: 5.82138e-52
Saving data . . .
Total charge: -4.02354e-20
etaHat: 124879
301  fE: -3.03116  dfE: 4.43114e-08  dW: 0.001818  dPhi(Nx/2)(Ny/2)(Nz/2): 4.83794e-05 Phi A: 0.0321883 Phi B: 0.967812 Phi I: 5.82138e-52
Total charge: -4.02354e-20
etaHat: 124879
302  fE: -3.03116  dfE: 6.81922e-08  dW: 0.00180224  dPhi(Nx/2)(Ny/2)(Nz/2): 4.80137e-05 Phi A: 0.0321883 Phi B: 0.967812 Phi I: 5.82138e-52
Total charge: -4.02354e-20
etaHat: 124879
303  fE: -3.03116  dfE: 8.6225e-08  dW: 0.00178664  dPhi(Nx/2)(Ny/2)(Nz/2): 4.76555e-05 Phi A: 0.0321883 Phi B: 0.967812 Phi I: 5.82138e-52
Total charge: -4.02354e-20
etaHat: 124879
304  fE: -3.03116  dfE: 9.8123e-08  dW: 0.00177122  dPhi(Nx/2)(Ny/2)(Nz/2): 4.73056e-05 Phi A: 0.0321883 Phi B: 0.967812 Phi I: 5.82138e-52
Total charge: -4.02354e-20
etaHat: 124879
305  fE: -3.03116  dfE: 1.03935e-07  dW: 0.00175598  dPhi(Nx/2)(Ny/2)(Nz/2): 4.69643e-05 Phi A: 0.0321883 Phi B: 0.967812 Phi I: 5.82138e-52
Total charge: -4.02354e-20
etaHat: 124879
306  fE: -3.03116  dfE: 1.04008e-07  dW: 0.0017409  dPhi(Nx/2)(Ny/2)(Nz/2): 4.66318e-05 Phi A: 0.0321883 Phi B: 0.967812 Phi I: 5.82138e-52
Total charge: -4.02354e-20
etaHat: 124879
307  fE: -3.03116  dfE: 9.8939e-08  dW: 0.00172599  dPhi(Nx/2)(Ny/2)(Nz/2): 4.6308e-05 Phi A: 0.0321883 Phi B: 0.967812 Phi I: 5.82138e-52
Total charge: -4.02354e-20
etaHat: 124879
308  fE: -3.03116  dfE: 8.95179e-08  dW: 0.00171124  dPhi(Nx/2)(Ny/2)(Nz/2): 4.59926e-05 Phi A: 0.0321883 Phi B: 0.967812 Phi I: 5.82138e-52
Total charge: -4.02354e-20
etaHat: 124879
309  fE: -3.03116  dfE: 7.66694e-08  dW: 0.00169665  dPhi(Nx/2)(Ny/2)(Nz/2): 4.56851e-05 Phi A: 0.0321883 Phi B: 0.967812 Phi I: 5.82138e-52
Total charge: -4.02354e-20
etaHat: 124879
310  fE: -3.03116  dfE: 6.13922e-08  dW: 0.0016822  dPhi(Nx/2)(Ny/2)(Nz/2): 4.53848e-05 Phi A: 0.0321883 Phi B: 0.967812 Phi I: 5.82138e-52
Saving data . . .
Total charge: -4.02354e-20
etaHat: 124879
311  fE: -3.03116  dfE: 4.4701e-08  dW: 0.00166791  dPhi(Nx/2)(Ny/2)(Nz/2): 4.5091e-05 Phi A: 0.0321883 Phi B: 0.967812 Phi I: 5.82138e-52
Total charge: -4.02354e-20
etaHat: 124879
312  fE: -3.03116  dfE: 2.75752e-08  dW: 0.00165378  dPhi(Nx/2)(Ny/2)(Nz/2): 4.48027e-05 Phi A: 0.0321883 Phi B: 0.967812 Phi I: 5.82138e-52
Total charge: -4.02354e-20
etaHat: 124879
313  fE: -3.03116  dfE: 1.09131e-08  dW: 0.0016398  dPhi(Nx/2)(Ny/2)(Nz/2): 4.4519e-05 Phi A: 0.0321883 Phi B: 0.967812 Phi I: 5.82138e-52
Total charge: -4.02354e-20
etaHat: 124879
314  fE: -3.03116  dfE: 4.50408e-09  dW: 0.00162597  dPhi(Nx/2)(Ny/2)(Nz/2): 4.42389e-05 Phi A: 0.0321883 Phi B: 0.967812 Phi I: 5.82138e-52
Total charge: -4.02354e-20
etaHat: 124879
315  fE: -3.03116  dfE: 1.8039e-08  dW: 0.0016123  dPhi(Nx/2)(Ny/2)(Nz/2): 4.39616e-05 Phi A: 0.0321883 Phi B: 0.967812 Phi I: 5.82138e-52
Total charge: -4.02354e-20
etaHat: 124879
316  fE: -3.03116  dfE: 2.92146e-08  dW: 0.00159878  dPhi(Nx/2)(Ny/2)(Nz/2): 4.36862e-05 Phi A: 0.0321883 Phi B: 0.967812 Phi I: 5.82138e-52
Total charge: -4.02354e-20
etaHat: 124879
317  fE: -3.03116  dfE: 3.77218e-08  dW: 0.0015854  dPhi(Nx/2)(Ny/2)(Nz/2): 4.3412e-05 Phi A: 0.0321883 Phi B: 0.967812 Phi I: 5.82138e-52
Total charge: -4.02354e-20
etaHat: 124879
318  fE: -3.03116  dfE: 4.34164e-08  dW: 0.00157216  dPhi(Nx/2)(Ny/2)(Nz/2): 4.31383e-05 Phi A: 0.0321883 Phi B: 0.967812 Phi I: 5.82138e-52
Total charge: -4.02354e-20
etaHat: 124879
319  fE: -3.03116  dfE: 4.63096e-08  dW: 0.00155907  dPhi(Nx/2)(Ny/2)(Nz/2): 4.28646e-05 Phi A: 0.0321883 Phi B: 0.967812 Phi I: 5.82138e-52
Total charge: -4.02354e-20
etaHat: 124879
320  fE: -3.03116  dfE: 4.6551e-08  dW: 0.0015461  dPhi(Nx/2)(Ny/2)(Nz/2): 4.25905e-05 Phi A: 0.0321883 Phi B: 0.967812 Phi I: 5.82138e-52
Saving data . . .
Total charge: -4.02354e-20
etaHat: 124879
321  fE: -3.03116  dfE: 4.44067e-08  dW: 0.00153327  dPhi(Nx/2)(Ny/2)(Nz/2): 4.23158e-05 Phi A: 0.0321883 Phi B: 0.967812 Phi I: 5.82138e-52
Total charge: -4.02354e-20
etaHat: 124879
322  fE: -3.03116  dfE: 4.02339e-08  dW: 0.00152057  dPhi(Nx/2)(Ny/2)(Nz/2): 4.20403e-05 Phi A: 0.0321883 Phi B: 0.967812 Phi I: 5.82138e-52
Total charge: -4.02354e-20
etaHat: 124879
323  fE: -3.03116  dfE: 3.44533e-08  dW: 0.00150801  dPhi(Nx/2)(Ny/2)(Nz/2): 4.1764e-05 Phi A: 0.0321883 Phi B: 0.967812 Phi I: 5.82138e-52
Total charge: -4.02354e-20
etaHat: 124879
324  fE: -3.03116  dfE: 2.75218e-08  dW: 0.00149557  dPhi(Nx/2)(Ny/2)(Nz/2): 4.14871e-05 Phi A: 0.0321883 Phi B: 0.967812 Phi I: 5.82138e-52
Total charge: -4.02354e-20
etaHat: 124879
325  fE: -3.03116  dfE: 1.99058e-08  dW: 0.00148327  dPhi(Nx/2)(Ny/2)(Nz/2): 4.12095e-05 Phi A: 0.0321883 Phi B: 0.967812 Phi I: 5.82138e-52
Total charge: -4.02354e-20
etaHat: 124879
326  fE: -3.03116  dfE: 1.20568e-08  dW: 0.00147109  dPhi(Nx/2)(Ny/2)(Nz/2): 4.09316e-05 Phi A: 0.0321883 Phi B: 0.967812 Phi I: 5.82138e-52
Total charge: -4.02354e-20
etaHat: 124879
327  fE: -3.03116  dfE: 4.39104e-09  dW: 0.00145904  dPhi(Nx/2)(Ny/2)(Nz/2): 4.06535e-05 Phi A: 0.0321883 Phi B: 0.967812 Phi I: 5.82138e-52
Total charge: -4.02354e-20
etaHat: 124879
328  fE: -3.03116  dfE: 2.72838e-09  dW: 0.00144711  dPhi(Nx/2)(Ny/2)(Nz/2): 4.03755e-05 Phi A: 0.0321883 Phi B: 0.967812 Phi I: 5.82138e-52
Total charge: -4.02354e-20
etaHat: 124879
329  fE: -3.03116  dfE: 9.00342e-09  dW: 0.00143531  dPhi(Nx/2)(Ny/2)(Nz/2): 4.00979e-05 Phi A: 0.0321883 Phi B: 0.967812 Phi I: 5.82138e-52
Total charge: -4.02354e-20
etaHat: 124879
330  fE: -3.03116  dfE: 1.42091e-08  dW: 0.00142363  dPhi(Nx/2)(Ny/2)(Nz/2): 3.9821e-05 Phi A: 0.0321883 Phi B: 0.967812 Phi I: 5.82138e-52
Saving data . . .
Total charge: -4.02354e-20
etaHat: 124879
331  fE: -3.03116  dfE: 1.81978e-08  dW: 0.00141207  dPhi(Nx/2)(Ny/2)(Nz/2): 3.95449e-05 Phi A: 0.0321883 Phi B: 0.967812 Phi I: 5.82138e-52
Total charge: -4.02354e-20
etaHat: 124879
332  fE: -3.03116  dfE: 2.08975e-08  dW: 0.00140062  dPhi(Nx/2)(Ny/2)(Nz/2): 3.92699e-05 Phi A: 0.0321883 Phi B: 0.967812 Phi I: 5.82138e-52
Total charge: -4.02354e-20
etaHat: 124879
333  fE: -3.03116  dfE: 2.23083e-08  dW: 0.00138928  dPhi(Nx/2)(Ny/2)(Nz/2): 3.8996e-05 Phi A: 0.0321883 Phi B: 0.967812 Phi I: 5.82138e-52
Total charge: -4.02354e-20
etaHat: 124879
334  fE: -3.03116  dfE: 2.24941e-08  dW: 0.00137806  dPhi(Nx/2)(Ny/2)(Nz/2): 3.87235e-05 Phi A: 0.0321883 Phi B: 0.967812 Phi I: 5.82138e-52
Total charge: -4.02354e-20
etaHat: 124879
335  fE: -3.03116  dfE: 2.15738e-08  dW: 0.00136694  dPhi(Nx/2)(Ny/2)(Nz/2): 3.84523e-05 Phi A: 0.0321883 Phi B: 0.967812 Phi I: 5.82138e-52
Total charge: -4.02354e-20
etaHat: 124879
336  fE: -3.03116  dfE: 1.97083e-08  dW: 0.00135594  dPhi(Nx/2)(Ny/2)(Nz/2): 3.81825e-05 Phi A: 0.0321883 Phi B: 0.967812 Phi I: 5.82138e-52
Total charge: -4.02354e-20
etaHat: 124879
337  fE: -3.03116  dfE: 1.70892e-08  dW: 0.00134505  dPhi(Nx/2)(Ny/2)(Nz/2): 3.79142e-05 Phi A: 0.0321883 Phi B: 0.967812 Phi I: 5.82138e-52
Total charge: -4.02354e-20
etaHat: 124879
338  fE: -3.03116  dfE: 1.39254e-08  dW: 0.00133427  dPhi(Nx/2)(Ny/2)(Nz/2): 3.76471e-05 Phi A: 0.0321883 Phi B: 0.967812 Phi I: 5.82138e-52
Total charge: -4.02354e-20
etaHat: 124879
339  fE: -3.03116  dfE: 1.04312e-08  dW: 0.0013236  dPhi(Nx/2)(Ny/2)(Nz/2): 3.73814e-05 Phi A: 0.0321883 Phi B: 0.967812 Phi I: 5.82138e-52
Total charge: -4.02354e-20
etaHat: 124879
340  fE: -3.03116  dfE: 6.81489e-09  dW: 0.00131303  dPhi(Nx/2)(Ny/2)(Nz/2): 3.7117e-05 Phi A: 0.0321883 Phi B: 0.967812 Phi I: 5.82138e-52
Saving data . . .
Total charge: -4.02354e-20
etaHat: 124879
341  fE: -3.03116  dfE: 3.2689e-09  dW: 0.00130256  dPhi(Nx/2)(Ny/2)(Nz/2): 3.68537e-05 Phi A: 0.0321883 Phi B: 0.967812 Phi I: 5.82138e-52
Total charge: -4.02354e-20
etaHat: 124879
342  fE: -3.03116  dfE: 3.77312e-11  dW: 0.0012922  dPhi(Nx/2)(Ny/2)(Nz/2): 3.65915e-05 Phi A: 0.0321883 Phi B: 0.967812 Phi I: 5.82138e-52
Total charge: -4.02354e-20
etaHat: 124879
343  fE: -3.03116  dfE: 2.96573e-09  dW: 0.00128194  dPhi(Nx/2)(Ny/2)(Nz/2): 3.63304e-05 Phi A: 0.0321883 Phi B: 0.967812 Phi I: 5.82138e-52
Total charge: -4.02354e-20
etaHat: 124879
344  fE: -3.03116  dfE: 5.40937e-09  dW: 0.00127178  dPhi(Nx/2)(Ny/2)(Nz/2): 3.60704e-05 Phi A: 0.0321883 Phi B: 0.967812 Phi I: 5.82138e-52
Total charge: -4.02354e-20
etaHat: 124879
345  fE: -3.03116  dfE: 7.29782e-09  dW: 0.00126172  dPhi(Nx/2)(Ny/2)(Nz/2): 3.58113e-05 Phi A: 0.0321883 Phi B: 0.967812 Phi I: 5.82138e-52
Total charge: -4.02354e-20
etaHat: 124879
346  fE: -3.03116  dfE: 8.59563e-09  dW: 0.00125174  dPhi(Nx/2)(Ny/2)(Nz/2): 3.55533e-05 Phi A: 0.0321883 Phi B: 0.967812 Phi I: 5.82138e-52
Total charge: -4.02354e-20
etaHat: 124879
347  fE: -3.03116  dfE: 9.30036e-09  dW: 0.00124187  dPhi(Nx/2)(Ny/2)(Nz/2): 3.52964e-05 Phi A: 0.0321883 Phi B: 0.967812 Phi I: 5.82138e-52
Total charge: -4.02354e-20
etaHat: 124879
348  fE: -3.03116  dfE: 9.43931e-09  dW: 0.0012321  dPhi(Nx/2)(Ny/2)(Nz/2): 3.50405e-05 Phi A: 0.0321883 Phi B: 0.967812 Phi I: 5.82138e-52
Total charge: -4.02354e-20
etaHat: 124879
349  fE: -3.03116  dfE: 9.06519e-09  dW: 0.00122242  dPhi(Nx/2)(Ny/2)(Nz/2): 3.47859e-05 Phi A: 0.0321883 Phi B: 0.967812 Phi I: 5.82138e-52
Total charge: -4.02354e-20
etaHat: 124879
350  fE: -3.03116  dfE: 8.25082e-09  dW: 0.00121284  dPhi(Nx/2)(Ny/2)(Nz/2): 3.45327e-05 Phi A: 0.0321883 Phi B: 0.967812 Phi I: 5.82138e-52
Saving data . . .
Total charge: -4.02354e-20
etaHat: 124879
351  fE: -3.03116  dfE: 7.08315e-09  dW: 0.00120335  dPhi(Nx/2)(Ny/2)(Nz/2): 3.42809e-05 Phi A: 0.0321883 Phi B: 0.967812 Phi I: 5.82138e-52
Total charge: -4.02354e-20
etaHat: 124879
352  fE: -3.03116  dfE: 5.65777e-09  dW: 0.00119396  dPhi(Nx/2)(Ny/2)(Nz/2): 3.40306e-05 Phi A: 0.0321883 Phi B: 0.967812 Phi I: 5.82138e-52
Total charge: -4.02354e-20
etaHat: 124879
353  fE: -3.03116  dfE: 4.07301e-09  dW: 0.00118465  dPhi(Nx/2)(Ny/2)(Nz/2): 3.37822e-05 Phi A: 0.0321883 Phi B: 0.967812 Phi I: 5.82138e-52
Total charge: -4.02354e-20
etaHat: 124879
354  fE: -3.03116  dfE: 2.425e-09  dW: 0.00117544  dPhi(Nx/2)(Ny/2)(Nz/2): 3.35356e-05 Phi A: 0.0321883 Phi B: 0.967812 Phi I: 5.82138e-52
Total charge: -4.02354e-20
etaHat: 124879
355  fE: -3.03116  dfE: 8.02733e-10  dW: 0.00116631  dPhi(Nx/2)(Ny/2)(Nz/2): 3.3291e-05 Phi A: 0.0321883 Phi B: 0.967812 Phi I: 5.82138e-52
Total charge: -4.02354e-20
etaHat: 124879
356  fE: -3.03116  dfE: 7.15233e-10  dW: 0.00115726  dPhi(Nx/2)(Ny/2)(Nz/2): 3.30486e-05 Phi A: 0.0321883 Phi B: 0.967812 Phi I: 5.82138e-52
Total charge: -4.02354e-20
etaHat: 124879
357  fE: -3.03116  dfE: 2.06387e-09  dW: 0.0011483  dPhi(Nx/2)(Ny/2)(Nz/2): 3.28085e-05 Phi A: 0.0321883 Phi B: 0.967812 Phi I: 5.82138e-52
Total charge: -4.02354e-20
etaHat: 124879
358  fE: -3.03116  dfE: 3.1933e-09  dW: 0.00113943  dPhi(Nx/2)(Ny/2)(Nz/2): 3.25709e-05 Phi A: 0.0321883 Phi B: 0.967812 Phi I: 5.82138e-52
Total charge: -4.02354e-20
etaHat: 124879
359  fE: -3.03116  dfE: 4.06991e-09  dW: 0.00113065  dPhi(Nx/2)(Ny/2)(Nz/2): 3.23357e-05 Phi A: 0.0321883 Phi B: 0.967812 Phi I: 5.82138e-52
Total charge: -4.02354e-20
etaHat: 124879
360  fE: -3.03116  dfE: 4.67609e-09  dW: 0.00112194  dPhi(Nx/2)(Ny/2)(Nz/2): 3.21031e-05 Phi A: 0.0321883 Phi B: 0.967812 Phi I: 5.82138e-52
Saving data . . .
Total charge: -4.02354e-20
etaHat: 124879
361  fE: -3.03116  dfE: 5.00966e-09  dW: 0.00111332  dPhi(Nx/2)(Ny/2)(Nz/2): 3.18732e-05 Phi A: 0.0321883 Phi B: 0.967812 Phi I: 5.82138e-52
Total charge: -4.02354e-20
etaHat: 124879
362  fE: -3.03116  dfE: 5.08219e-09  dW: 0.00110478  dPhi(Nx/2)(Ny/2)(Nz/2): 3.16458e-05 Phi A: 0.0321883 Phi B: 0.967812 Phi I: 5.82138e-52
Total charge: -4.02354e-20
etaHat: 124879
363  fE: -3.03116  dfE: 4.91702e-09  dW: 0.00109632  dPhi(Nx/2)(Ny/2)(Nz/2): 3.14212e-05 Phi A: 0.0321883 Phi B: 0.967812 Phi I: 5.82138e-52
Total charge: -4.02354e-20
etaHat: 124879
364  fE: -3.03116  dfE: 4.54706e-09  dW: 0.00108795  dPhi(Nx/2)(Ny/2)(Nz/2): 3.11991e-05 Phi A: 0.0321883 Phi B: 0.967812 Phi I: 5.82138e-52
Total charge: -4.02354e-20
etaHat: 124879
365  fE: -3.03116  dfE: 4.01175e-09  dW: 0.00107965  dPhi(Nx/2)(Ny/2)(Nz/2): 3.09797e-05 Phi A: 0.0321883 Phi B: 0.967812 Phi I: 5.82138e-52
Total charge: -4.02354e-20
etaHat: 124879
366  fE: -3.03116  dfE: 3.35483e-09  dW: 0.00107144  dPhi(Nx/2)(Ny/2)(Nz/2): 3.07628e-05 Phi A: 0.0321883 Phi B: 0.967812 Phi I: 5.82138e-52
Total charge: -4.02354e-20
etaHat: 124879
367  fE: -3.03116  dfE: 2.62142e-09  dW: 0.0010633  dPhi(Nx/2)(Ny/2)(Nz/2): 3.05484e-05 Phi A: 0.0321883 Phi B: 0.967812 Phi I: 5.82138e-52
Total charge: -4.02354e-20
etaHat: 124879
368  fE: -3.03116  dfE: 1.85581e-09  dW: 0.00105525  dPhi(Nx/2)(Ny/2)(Nz/2): 3.03363e-05 Phi A: 0.0321883 Phi B: 0.967812 Phi I: 5.82138e-52
Total charge: -4.02354e-20
etaHat: 124879
369  fE: -3.03116  dfE: 1.09915e-09  dW: 0.00104727  dPhi(Nx/2)(Ny/2)(Nz/2): 3.01265e-05 Phi A: 0.0321883 Phi B: 0.967812 Phi I: 5.82138e-52
Total charge: -4.02354e-20
etaHat: 124879
370  fE: -3.03116  dfE: 3.88025e-10  dW: 0.00103936  dPhi(Nx/2)(Ny/2)(Nz/2): 2.99189e-05 Phi A: 0.0321883 Phi B: 0.967812 Phi I: 5.82138e-52
Saving data . . .
Total charge: -4.02354e-20
etaHat: 124879
371  fE: -3.03116  dfE: 2.47291e-10  dW: 0.00103153  dPhi(Nx/2)(Ny/2)(Nz/2): 2.97134e-05 Phi A: 0.0321883 Phi B: 0.967812 Phi I: 5.82138e-52
Total charge: -4.02354e-20
etaHat: 124879
372  fE: -3.03116  dfE: 7.83313e-10  dW: 0.00102377  dPhi(Nx/2)(Ny/2)(Nz/2): 2.95099e-05 Phi A: 0.0321883 Phi B: 0.967812 Phi I: 5.82138e-52
Total charge: -4.02354e-20
etaHat: 124879
373  fE: -3.03116  dfE: 1.20402e-09  dW: 0.00101608  dPhi(Nx/2)(Ny/2)(Nz/2): 2.93082e-05 Phi A: 0.0321883 Phi B: 0.967812 Phi I: 5.82138e-52
Total charge: -4.02354e-20
etaHat: 124879
374  fE: -3.03116  dfE: 1.5008e-09  dW: 0.00100846  dPhi(Nx/2)(Ny/2)(Nz/2): 2.91082e-05 Phi A: 0.0321883 Phi B: 0.967812 Phi I: 5.82138e-52
Total charge: -4.02354e-20
etaHat: 124879
375  fE: -3.03116  dfE: 1.67213e-09  dW: 0.00100091  dPhi(Nx/2)(Ny/2)(Nz/2): 2.89099e-05 Phi A: 0.0321883 Phi B: 0.967812 Phi I: 5.82138e-52
Total charge: -4.02354e-20
etaHat: 124879
376  fE: -3.03116  dfE: 1.72281e-09  dW: 0.000993434  dPhi(Nx/2)(Ny/2)(Nz/2): 2.87132e-05 Phi A: 0.0321883 Phi B: 0.967812 Phi I: 5.82138e-52
Saving data . . .
