Total charge: 124877
etaHat: 124877
0  fE: -9368.52  dfE: 9468.52  dW: 18.9274  dPhi(Nx/2)(Ny/2)(Nz/2): -4.11389 Phi A: 0.607494 Phi B: 4.48374 Phi I: 999.016
Saving data . . .
Total charge: 1.59566
etaHat: 124879
1  fE: -25220.3  dfE: 15851.8  dW: 20.9302  dPhi(Nx/2)(Ny/2)(Nz/2): -2.21115 Phi A: 0.288997 Phi B: 2.90857 Phi I: 0.0127653
Total charge: 1.59195e-18
etaHat: 124879
2  fE: -18.1916  dfE: 25202.1  dW: 21.132  dPhi(Nx/2)(Ny/2)(Nz/2): -1.1159 Phi A: 0.159407 Phi B: 1.94799 Phi I: 1.43297e-20
Total charge: -1.22167e-19
etaHat: 124879
3  fE: -12.9502  dfE: 5.24136  dW: 20.1684  dPhi(Nx/2)(Ny/2)(Nz/2): -0.447028 Phi A: 0.0977337 Phi B: 1.34378 Phi I: 5.8235e-52
Total charge: -8.14666e-20
etaHat: 124879
4  fE: -9.18367  dfE: 3.76654  dW: 18.5019  dPhi(Nx/2)(Ny/2)(Nz/2): -0.0286072 Phi A: 0.0651732 Phi B: 0.959733 Phi I: 5.82156e-52
Total charge: -5.82979e-20
etaHat: 124879
5  fE: -6.60053  dfE: 2.58315  dW: 16.4263  dPhi(Nx/2)(Ny/2)(Nz/2): 0.238061 Phi A: 0.0466384 Phi B: 0.712723 Phi I: 5.81984e-52
Total charge: -4.4378e-20
etaHat: 124879
6  fE: -4.85286  dfE: 1.74767  dW: 14.1277  dPhi(Nx/2)(Ny/2)(Nz/2): 0.410822 Phi A: 0.0355024 Phi B: 0.551811 Phi I: 5.81834e-52
Total charge: -3.57187e-20
etaHat: 124879
7  fE: -3.66674  dfE: 1.18612  dW: 11.7264  dPhi(Nx/2)(Ny/2)(Nz/2): 0.524057 Phi A: 0.028575 Phi B: 0.445967 Phi I: 5.8171e-52
Total charge: -3.02604e-20
etaHat: 124879
8  fE: -2.85197  dfE: 0.814761  dW: 9.30202  dPhi(Nx/2)(Ny/2)(Nz/2): 0.598394 Phi A: 0.0242083 Phi B: 0.376306 Phi I: 5.8161e-52
Total charge: -2.68844e-20
etaHat: 124879
9  fE: -2.2826  dfE: 0.569372  dW: 6.90902  dPhi(Nx/2)(Ny/2)(Nz/2): 0.646292 Phi A: 0.0215076 Phi B: 0.331318 Phi I: 5.81534e-52
Total charge: -2.4966e-20
etaHat: 124879
10  fE: -1.87626  dfE: 0.406339  dW: 4.58647  dPhi(Nx/2)(Ny/2)(Nz/2): 0.675273 Phi A: 0.0199728 Phi B: 0.304017 Phi I: 5.81483e-52
Saving data . . .
Total charge: -2.41578e-20
etaHat: 124879
11  fE: -1.57876  dfE: 0.297506  dW: 2.36424  dPhi(Nx/2)(Ny/2)(Nz/2): 0.689786 Phi A: 0.0193262 Phi B: 0.290254 Phi I: 5.81455e-52
Total charge: -2.42809e-20
etaHat: 124879
12  fE: -1.35363  dfE: 0.225126  dW: 0.578889  dPhi(Nx/2)(Ny/2)(Nz/2): 0.692282 Phi A: 0.0194247 Phi B: 0.287735 Phi I: 5.81448e-52
Total charge: -2.52666e-20
etaHat: 124879
13  fE: -1.17546  dfE: 0.178167  dW: 1.68162  dPhi(Nx/2)(Ny/2)(Nz/2): 0.683832 Phi A: 0.0202133 Phi B: 0.295455 Phi I: 5.81462e-52
Total charge: -2.71252e-20
etaHat: 124879
14  fE: -1.02566  dfE: 0.149804  dW: 3.45861  dPhi(Nx/2)(Ny/2)(Nz/2): 0.664475 Phi A: 0.0217001 Phi B: 0.313375 Phi I: 5.81495e-52
Total charge: -2.99262e-20
etaHat: 124879
15  fE: -0.889983  dfE: 0.135678  dW: 5.03766  dPhi(Nx/2)(Ny/2)(Nz/2): 0.633421 Phi A: 0.0239409 Phi B: 0.342234 Phi I: 5.81545e-52
Total charge: -3.37817e-20
etaHat: 124879
16  fE: -0.757495  dfE: 0.132488  dW: 6.38851  dPhi(Nx/2)(Ny/2)(Nz/2): 0.5892 Phi A: 0.0270253 Phi B: 0.383425 Phi I: 5.81611e-52
Total charge: -3.88229e-20
etaHat: 124879
17  fE: -0.620935  dfE: 0.13656  dW: 7.47585  dPhi(Nx/2)(Ny/2)(Nz/2): 0.529826 Phi A: 0.0310583 Phi B: 0.438837 Phi I: 5.81688e-52
Total charge: -4.51617e-20
etaHat: 124879
18  fE: -0.478787  dfE: 0.142148  dW: 8.25945  dPhi(Nx/2)(Ny/2)(Nz/2): 0.453101 Phi A: 0.0361293 Phi B: 0.510593 Phi I: 5.81776e-52
Total charge: -5.28261e-20
etaHat: 124879
19  fE: -0.339255  dfE: 0.139532  dW: 8.69627  dPhi(Nx/2)(Ny/2)(Nz/2): 0.357155 Phi A: 0.0422609 Phi B: 0.60056 Phi I: 5.8187e-52
Total charge: -6.16688e-20
etaHat: 124879
20  fE: -0.225591  dfE: 0.113664  dW: 8.74562  dPhi(Nx/2)(Ny/2)(Nz/2): 0.241338 Phi A: 0.0493351 Phi B: 0.709528 Phi I: 5.81967e-52
Saving data . . .
Total charge: -7.1261e-20
etaHat: 124879
21  fE: -0.180348  dfE: 0.0452429  dW: 8.37828  dPhi(Nx/2)(Ny/2)(Nz/2): 0.107465 Phi A: 0.0570088 Phi B: 0.83605 Phi I: 5.82063e-52
Total charge: -8.08184e-20
etaHat: 124879
22  fE: -0.263489  dfE: 0.0831411  dW: 7.5891  dPhi(Nx/2)(Ny/2)(Nz/2): -0.0388454 Phi A: 0.0646547 Phi B: 0.975154 Phi I: 5.82154e-52
Total charge: -8.92383e-20
etaHat: 124879
23  fE: -0.538202  dfE: 0.274713  dW: 6.41033  dPhi(Nx/2)(Ny/2)(Nz/2): -0.187383 Phi A: 0.0713906 Phi B: 1.11752 Phi I: 5.82234e-52
Total charge: -9.53133e-20
etaHat: 124879
24  fE: -1.04315  dfE: 0.504953  dW: 4.91974  dPhi(Nx/2)(Ny/2)(Nz/2): -0.324039 Phi A: 0.0762506 Phi B: 1.24998 Phi I: 5.82301e-52
Total charge: -9.80974e-20
etaHat: 124879
25  fE: -1.76209  dfE: 0.718935  dW: 3.23708  dPhi(Nx/2)(Ny/2)(Nz/2): -0.433519 Phi A: 0.0784779 Phi B: 1.35795 Phi I: 5.8235e-52
Total charge: -9.72557e-20
etaHat: 124879
26  fE: -2.61204  dfE: 0.849947  dW: 2.20291  dPhi(Nx/2)(Ny/2)(Nz/2): -0.503485 Phi A: 0.0778045 Phi B: 1.42929 Phi I: 5.82382e-52
Total charge: -9.31828e-20
etaHat: 124879
27  fE: -3.46479  dfE: 0.852756  dW: 1.63666  dPhi(Nx/2)(Ny/2)(Nz/2): -0.528222 Phi A: 0.0745463 Phi B: 1.45787 Phi I: 5.82395e-52
Total charge: -8.68124e-20
etaHat: 124879
28  fE: -4.19234  dfE: 0.727545  dW: 1.56589  dPhi(Nx/2)(Ny/2)(Nz/2): -0.509904 Phi A: 0.0694499 Phi B: 1.44508 Phi I: 5.82391e-52
Total charge: -7.92547e-20
etaHat: 124879
29  fE: -4.70859  dfE: 0.51625  dW: 2.70544  dPhi(Nx/2)(Ny/2)(Nz/2): -0.45699 Phi A: 0.0634038 Phi B: 1.39846 Phi I: 5.82372e-52
Total charge: -7.14795e-20
etaHat: 124879
30  fE: -4.98597  dfE: 0.277384  dW: 3.53722  dPhi(Nx/2)(Ny/2)(Nz/2): -0.380994 Phi A: 0.0571836 Phi B: 1.32875 Phi I: 5.82343e-52
Saving data . . .
Total charge: -6.41609e-20
etaHat: 124879
31  fE: -5.04615  dfE: 0.0601732  dW: 4.05684  dPhi(Nx/2)(Ny/2)(Nz/2): -0.293365 Phi A: 0.0513287 Phi B: 1.2469 Phi I: 5.82306e-52
Total charge: -5.76736e-20
etaHat: 124879
32  fE: -4.9383  dfE: 0.107846  dW: 4.28988  dPhi(Nx/2)(Ny/2)(Nz/2): -0.203522 Phi A: 0.0461389 Phi B: 1.16208 Phi I: 5.82265e-52
Total charge: -5.2165e-20
etaHat: 124879
33  fE: -4.71855  dfE: 0.219745  dW: 4.27506  dPhi(Nx/2)(Ny/2)(Nz/2): -0.11816 Phi A: 0.041732 Phi B: 1.08089 Phi I: 5.82223e-52
Total charge: -4.76407e-20
etaHat: 124879
34  fE: -4.43682  dfE: 0.281732  dW: 4.05657  dPhi(Nx/2)(Ny/2)(Nz/2): -0.0414233 Phi A: 0.0381126 Phi B: 1.00751 Phi I: 5.82181e-52
Total charge: -4.4033e-20
etaHat: 124879
35  fE: -4.1313  dfE: 0.305523  dW: 3.67912  dPhi(Nx/2)(Ny/2)(Nz/2): 0.0245333 Phi A: 0.0352264 Phi B: 0.944167 Phi I: 5.82143e-52
Total charge: -4.12453e-20
etaHat: 124879
36  fE: -3.82806  dfE: 0.303243  dW: 3.18508  dPhi(Nx/2)(Ny/2)(Nz/2): 0.0789159 Phi A: 0.0329962 Phi B: 0.891756 Phi I: 5.82109e-52
Total charge: -3.91771e-20
etaHat: 124879
37  fE: -3.54309  dfE: 0.284965  dW: 2.61314  dPhi(Nx/2)(Ny/2)(Nz/2): 0.121767 Phi A: 0.0313417 Phi B: 0.850317 Phi I: 5.82081e-52
Total charge: -3.77357e-20
etaHat: 124879
38  fE: -3.28506  dfE: 0.258031  dW: 1.99783  dPhi(Nx/2)(Ny/2)(Nz/2): 0.153584 Phi A: 0.0301886 Phi B: 0.819431 Phi I: 5.82058e-52
Total charge: -3.68401e-20
etaHat: 124879
39  fE: -3.05779  dfE: 0.227271  dW: 1.36955  dPhi(Nx/2)(Ny/2)(Nz/2): 0.175077 Phi A: 0.0294721 Phi B: 0.798451 Phi I: 5.82042e-52
Total charge: -3.64207e-20
etaHat: 124879
40  fE: -2.86225  dfE: 0.19554  dW: 0.754817  dPhi(Nx/2)(Ny/2)(Nz/2): 0.187029 Phi A: 0.0291365 Phi B: 0.786648 Phi I: 5.82033e-52
Saving data . . .
Total charge: -3.64164e-20
etaHat: 124879
41  fE: -2.69797  dfE: 0.16428  dW: 0.220308  dPhi(Nx/2)(Ny/2)(Nz/2): 0.190235 Phi A: 0.0291331 Phi B: 0.783269 Phi I: 5.82029e-52
Total charge: -3.67717e-20
etaHat: 124879
42  fE: -2.56398  dfE: 0.133988  dW: 0.346955  dPhi(Nx/2)(Ny/2)(Nz/2): 0.185492 Phi A: 0.0294174 Phi B: 0.787557 Phi I: 5.82032e-52
Total charge: -3.74322e-20
etaHat: 124879
43  fE: -2.4594  dfE: 0.104578  dW: 0.796443  dPhi(Nx/2)(Ny/2)(Nz/2): 0.17362 Phi A: 0.0299458 Phi B: 0.79873 Phi I: 5.82039e-52
Total charge: -3.83414e-20
etaHat: 124879
44  fE: -2.38374  dfE: 0.0756661  dW: 1.16237  dPhi(Nx/2)(Ny/2)(Nz/2): 0.155503 Phi A: 0.0306731 Phi B: 0.815943 Phi I: 5.82051e-52
Total charge: -3.94379e-20
etaHat: 124879
45  fE: -2.33693  dfE: 0.0468029  dW: 1.43476  dPhi(Nx/2)(Ny/2)(Nz/2): 0.132132 Phi A: 0.0315503 Phi B: 0.838248 Phi I: 5.82066e-52
Total charge: -4.06533e-20
etaHat: 124879
46  fE: -2.31925  dfE: 0.0176884  dW: 1.60861  dPhi(Nx/2)(Ny/2)(Nz/2): 0.104644 Phi A: 0.0325226 Phi B: 0.864555 Phi I: 5.82084e-52
Total charge: -4.19128e-20
etaHat: 124879
47  fE: -2.33088  dfE: 0.0116359  dW: 1.68319  dPhi(Nx/2)(Ny/2)(Nz/2): 0.074347 Phi A: 0.0335302 Phi B: 0.893616 Phi I: 5.82102e-52
Total charge: -4.31375e-20
etaHat: 124879
48  fE: -2.37152  dfE: 0.0406352  dW: 1.66226  dPhi(Nx/2)(Ny/2)(Nz/2): 0.0427016 Phi A: 0.03451 Phi B: 0.924029 Phi I: 5.82122e-52
Total charge: -4.42486e-20
etaHat: 124879
49  fE: -2.43973  dfE: 0.0682134  dW: 1.55405  dPhi(Nx/2)(Ny/2)(Nz/2): 0.0112799 Phi A: 0.0353989 Phi B: 0.954284 Phi I: 5.8214e-52
Total charge: -4.5174e-20
etaHat: 124879
50  fE: -2.53251  dfE: 0.0927757  dW: 1.37094  dPhi(Nx/2)(Ny/2)(Nz/2): -0.0183251 Phi A: 0.0361392 Phi B: 0.98285 Phi I: 5.82157e-52
Saving data . . .
Total charge: -4.58551e-20
etaHat: 124879
51  fE: -2.64495  dfE: 0.112448  dW: 1.12878  dPhi(Nx/2)(Ny/2)(Nz/2): -0.0446163 Phi A: 0.036684 Phi B: 1.00828 Phi I: 5.82172e-52
Total charge: -4.62527e-20
etaHat: 124879
52  fE: -2.77038  dfE: 0.12543  dW: 0.845821  dPhi(Nx/2)(Ny/2)(Nz/2): -0.066324 Phi A: 0.0370021 Phi B: 1.02935 Phi I: 5.82183e-52
Total charge: -4.63513e-20
etaHat: 124879
53  fE: -2.90079  dfE: 0.130402  dW: 0.563188  dPhi(Nx/2)(Ny/2)(Nz/2): -0.082524 Phi A: 0.037081 Phi B: 1.04515 Phi I: 5.82192e-52
Total charge: -4.61595e-20
etaHat: 124879
54  fE: -3.02765  dfE: 0.126865  dW: 0.44391  dPhi(Nx/2)(Ny/2)(Nz/2): -0.09272 Phi A: 0.0369276 Phi B: 1.05519 Phi I: 5.82198e-52
Total charge: -4.57074e-20
etaHat: 124879
55  fE: -3.14296  dfE: 0.115305  dW: 0.337699  dPhi(Nx/2)(Ny/2)(Nz/2): -0.0968713 Phi A: 0.0365659 Phi B: 1.05941 Phi I: 5.822e-52
Total charge: -4.50414e-20
etaHat: 124879
56  fE: -3.24008  dfE: 0.0971265  dW: 0.328049  dPhi(Nx/2)(Ny/2)(Nz/2): -0.0953637 Phi A: 0.0360331 Phi B: 1.05817 Phi I: 5.82199e-52
Total charge: -4.42172e-20
etaHat: 124879
57  fE: -3.31447  dfE: 0.0743904  dW: 0.541842  dPhi(Nx/2)(Ny/2)(Nz/2): -0.0889306 Phi A: 0.0353737 Phi B: 1.05217 Phi I: 5.82196e-52
Total charge: -4.32936e-20
etaHat: 124879
58  fE: -3.36391  dfE: 0.0494339  dW: 0.715576  dPhi(Nx/2)(Ny/2)(Nz/2): -0.0785449 Phi A: 0.0346349 Phi B: 1.04233 Phi I: 5.8219e-52
Total charge: -4.23268e-20
etaHat: 124879
59  fE: -3.3884  dfE: 0.024497  dW: 0.837502  dPhi(Nx/2)(Ny/2)(Nz/2): -0.0653026 Phi A: 0.0338614 Phi B: 1.0297 Phi I: 5.82183e-52
Total charge: -4.13663e-20
etaHat: 124879
60  fE: -3.38984  dfE: 0.00143891  dW: 0.907283  dPhi(Nx/2)(Ny/2)(Nz/2): -0.0503153 Phi A: 0.033093 Phi B: 1.01536 Phi I: 5.82174e-52
Saving data . . .
Total charge: -4.0453e-20
etaHat: 124879
61  fE: -3.37143  dfE: 0.0184154  dW: 0.927446  dPhi(Nx/2)(Ny/2)(Nz/2): -0.0346265 Phi A: 0.0323624 Phi B: 1.00032 Phi I: 5.82165e-52
Total charge: -3.96182e-20
etaHat: 124879
62  fE: -3.33713  dfE: 0.0343002  dW: 0.902771  dPhi(Nx/2)(Ny/2)(Nz/2): -0.0191535 Phi A: 0.0316946 Phi B: 0.985454 Phi I: 5.82156e-52
Total charge: -3.88842e-20
etaHat: 124879
63  fE: -3.29118  dfE: 0.0459427  dW: 0.839677  dPhi(Nx/2)(Ny/2)(Nz/2): -0.00465554 Phi A: 0.0311074 Phi B: 0.971513 Phi I: 5.82148e-52
Total charge: -3.82649e-20
etaHat: 124879
64  fE: -3.23774  dfE: 0.053448  dW: 0.745635  dPhi(Nx/2)(Ny/2)(Nz/2): 0.00827806 Phi A: 0.0306119 Phi B: 0.959068 Phi I: 5.8214e-52
Total charge: -3.77671e-20
etaHat: 124879
65  fE: -3.18056  dfE: 0.0571719  dW: 0.628646  dPhi(Nx/2)(Ny/2)(Nz/2): 0.0192241 Phi A: 0.0302137 Phi B: 0.948533 Phi I: 5.82133e-52
Total charge: -3.73918e-20
etaHat: 124879
66  fE: -3.12296  dfE: 0.0576096  dW: 0.496806  dPhi(Nx/2)(Ny/2)(Nz/2): 0.0279132 Phi A: 0.0299135 Phi B: 0.940173 Phi I: 5.82128e-52
Total charge: -3.71351e-20
etaHat: 124879
67  fE: -3.06765  dfE: 0.055309  dW: 0.357933  dPhi(Nx/2)(Ny/2)(Nz/2): 0.0342136 Phi A: 0.0297081 Phi B: 0.934122 Phi I: 5.82123e-52
Total charge: -3.69891e-20
etaHat: 124879
68  fE: -3.01683  dfE: 0.0508147  dW: 0.219276  dPhi(Nx/2)(Ny/2)(Nz/2): 0.0381127 Phi A: 0.0295913 Phi B: 0.930396 Phi I: 5.82121e-52
Total charge: -3.69428e-20
etaHat: 124879
69  fE: -2.9722  dfE: 0.0446365  dW: 0.089419  dPhi(Nx/2)(Ny/2)(Nz/2): 0.0397001 Phi A: 0.0295542 Phi B: 0.928914 Phi I: 5.8212e-52
Total charge: -3.69827e-20
etaHat: 124879
70  fE: -2.93496  dfE: 0.0372382  dW: 0.0483428  dPhi(Nx/2)(Ny/2)(Nz/2): 0.039151 Phi A: 0.0295862 Phi B: 0.92951 Phi I: 5.8212e-52
Saving data . . .
Total charge: -3.70936e-20
etaHat: 124879
71  fE: -2.90592  dfE: 0.0290384  dW: 0.135932  dPhi(Nx/2)(Ny/2)(Nz/2): 0.0367115 Phi A: 0.0296749 Phi B: 0.931948 Phi I: 5.82121e-52
Total charge: -3.72587e-20
etaHat: 124879
72  fE: -2.8855  dfE: 0.0204188  dW: 0.219489  dPhi(Nx/2)(Ny/2)(Nz/2): 0.032684 Phi A: 0.029807 Phi B: 0.93594 Phi I: 5.82123e-52
Total charge: -3.74607e-20
etaHat: 124879
73  fE: -2.87377  dfE: 0.0117337  dW: 0.281402  dPhi(Nx/2)(Ny/2)(Nz/2): 0.027412 Phi A: 0.0299686 Phi B: 0.941155 Phi I: 5.82126e-52
Total charge: -3.76821e-20
etaHat: 124879
74  fE: -2.87045  dfE: 0.00331616  dW: 0.32084  dPhi(Nx/2)(Ny/2)(Nz/2): 0.0212656 Phi A: 0.0301457 Phi B: 0.947237 Phi I: 5.8213e-52
Total charge: -3.79063e-20
etaHat: 124879
75  fE: -2.87497  dfE: 0.00451997  dW: 0.338166  dPhi(Nx/2)(Ny/2)(Nz/2): 0.0146249 Phi A: 0.030325 Phi B: 0.953817 Phi I: 5.82134e-52
Total charge: -3.81177e-20
etaHat: 124879
76  fE: -2.88646  dfE: 0.0114852  dW: 0.334781  dPhi(Nx/2)(Ny/2)(Nz/2): 0.00786326 Phi A: 0.0304942 Phi B: 0.960533 Phi I: 5.82137e-52
Total charge: -3.83031e-20
etaHat: 124879
77  fE: -2.90378  dfE: 0.0173253  dW: 0.312976  dPhi(Nx/2)(Ny/2)(Nz/2): 0.00133075 Phi A: 0.0306425 Phi B: 0.967045 Phi I: 5.82141e-52
Total charge: -3.84516e-20
etaHat: 124879
78  fE: -2.92562  dfE: 0.0218361  dW: 0.27575  dPhi(Nx/2)(Ny/2)(Nz/2): -0.00466184 Phi A: 0.0307613 Phi B: 0.97305 Phi I: 5.82145e-52
Total charge: -3.85556e-20
etaHat: 124879
79  fE: -2.9505  dfE: 0.0248796  dW: 0.226605  dPhi(Nx/2)(Ny/2)(Nz/2): -0.00985678 Phi A: 0.0308445 Phi B: 0.978293 Phi I: 5.82148e-52
Total charge: -3.86105e-20
etaHat: 124879
80  fE: -2.97689  dfE: 0.0263977  dW: 0.170683  dPhi(Nx/2)(Ny/2)(Nz/2): -0.0140599 Phi A: 0.0308884 Phi B: 0.982583 Phi I: 5.8215e-52
Saving data . . .
Total charge: -3.8615e-20
etaHat: 124879
81  fE: -3.00331  dfE: 0.026419  dW: 0.125231  dPhi(Nx/2)(Ny/2)(Nz/2): -0.0171467 Phi A: 0.030892 Phi B: 0.985794 Phi I: 5.82152e-52
Total charge: -3.8571e-20
etaHat: 124879
82  fE: -3.02837  dfE: 0.0250588  dW: 0.0995012  dPhi(Nx/2)(Ny/2)(Nz/2): -0.0190644 Phi A: 0.0308568 Phi B: 0.987871 Phi I: 5.82153e-52
Total charge: -3.84829e-20
etaHat: 124879
83  fE: -3.05088  dfE: 0.0225091  dW: 0.0794926  dPhi(Nx/2)(Ny/2)(Nz/2): -0.0198282 Phi A: 0.0307863 Phi B: 0.988823 Phi I: 5.82153e-52
Total charge: -3.83571e-20
etaHat: 124879
84  fE: -3.0699  dfE: 0.0190215  dW: 0.081124  dPhi(Nx/2)(Ny/2)(Nz/2): -0.0195143 Phi A: 0.0306856 Phi B: 0.988721 Phi I: 5.82153e-52
Total charge: -3.82015e-20
etaHat: 124879
85  fE: -3.08479  dfE: 0.0148842  dW: 0.115702  dPhi(Nx/2)(Ny/2)(Nz/2): -0.0182492 Phi A: 0.0305612 Phi B: 0.987683 Phi I: 5.82153e-52
Total charge: -3.80251e-20
etaHat: 124879
86  fE: -3.09518  dfE: 0.0103974  dW: 0.152378  dPhi(Nx/2)(Ny/2)(Nz/2): -0.0161969 Phi A: 0.0304201 Phi B: 0.985865 Phi I: 5.82151e-52
Total charge: -3.78366e-20
etaHat: 124879
87  fE: -3.10103  dfE: 0.00585028  dW: 0.179353  dPhi(Nx/2)(Ny/2)(Nz/2): -0.0135449 Phi A: 0.0302693 Phi B: 0.983448 Phi I: 5.8215e-52
Total charge: -3.76446e-20
etaHat: 124879
88  fE: -3.10254  dfE: 0.00150093  dW: 0.195774  dPhi(Nx/2)(Ny/2)(Nz/2): -0.0104917 Phi A: 0.0301157 Phi B: 0.980622 Phi I: 5.82148e-52
Total charge: -3.74572e-20
etaHat: 124879
89  fE: -3.1001  dfE: 0.00243696  dW: 0.201894  dPhi(Nx/2)(Ny/2)(Nz/2): -0.00723362 Phi A: 0.0299657 Phi B: 0.977578 Phi I: 5.82146e-52
Total charge: -3.72809e-20
etaHat: 124879
90  fE: -3.0943  dfE: 0.00580213  dW: 0.198464  dPhi(Nx/2)(Ny/2)(Nz/2): -0.00395521 Phi A: 0.0298247 Phi B: 0.974494 Phi I: 5.82144e-52
Saving data . . .
Total charge: -3.71213e-20
etaHat: 124879
91  fE: -3.08581  dfE: 0.00848775  dW: 0.186634  dPhi(Nx/2)(Ny/2)(Nz/2): -0.000820843 Phi A: 0.0296971 Phi B: 0.971531 Phi I: 5.82142e-52
Total charge: -3.69826e-20
etaHat: 124879
92  fE: -3.07537  dfE: 0.010439  dW: 0.167844  dPhi(Nx/2)(Ny/2)(Nz/2): 0.00203103 Phi A: 0.0295861 Phi B: 0.968825 Phi I: 5.82141e-52
Total charge: -3.68673e-20
etaHat: 124879
93  fE: -3.06372  dfE: 0.0116473  dW: 0.143726  dPhi(Nx/2)(Ny/2)(Nz/2): 0.00449152 Phi A: 0.0294939 Phi B: 0.966483 Phi I: 5.82139e-52
Total charge: -3.6777e-20
etaHat: 124879
94  fE: -3.05158  dfE: 0.0121431  dW: 0.115994  dPhi(Nx/2)(Ny/2)(Nz/2): 0.00648298 Phi A: 0.0294216 Phi B: 0.964581 Phi I: 5.82138e-52
Total charge: -3.67115e-20
etaHat: 124879
95  fE: -3.03959  dfE: 0.0119876  dW: 0.0863653  dPhi(Nx/2)(Ny/2)(Nz/2): 0.00795888 Phi A: 0.0293692 Phi B: 0.963168 Phi I: 5.82137e-52
Total charge: -3.667e-20
etaHat: 124879
96  fE: -3.02833  dfE: 0.0112644  dW: 0.0567605  dPhi(Nx/2)(Ny/2)(Nz/2): 0.00890239 Phi A: 0.029336 Phi B: 0.96226 Phi I: 5.82136e-52
Total charge: -3.66503e-20
etaHat: 124879
97  fE: -3.01825  dfE: 0.0100731  dW: 0.0319544  dPhi(Nx/2)(Ny/2)(Nz/2): 0.0093238 Phi A: 0.0293202 Phi B: 0.961851 Phi I: 5.82136e-52
Total charge: -3.66498e-20
etaHat: 124879
98  fE: -3.00973  dfE: 0.00852172  dW: 0.0215369  dPhi(Nx/2)(Ny/2)(Nz/2): 0.00925709 Phi A: 0.0293198 Phi B: 0.961908 Phi I: 5.82136e-52
Total charge: -3.66651e-20
etaHat: 124879
99  fE: -3.00301  dfE: 0.00672213  dW: 0.0276734  dPhi(Nx/2)(Ny/2)(Nz/2): 0.00875587 Phi A: 0.0293321 Phi B: 0.962382 Phi I: 5.82136e-52
Total charge: -3.66926e-20
etaHat: 124879
100  fE: -2.99823  dfE: 0.00478479  dW: 0.0414026  dPhi(Nx/2)(Ny/2)(Nz/2): 0.00788893 Phi A: 0.0293541 Phi B: 0.963207 Phi I: 5.82136e-52
Saving data . . .
Total charge: -3.67284e-20
etaHat: 124879
101  fE: -2.99541  dfE: 0.00281486  dW: 0.0543533  dPhi(Nx/2)(Ny/2)(Nz/2): 0.00673556 Phi A: 0.0293827 Phi B: 0.964307 Phi I: 5.82137e-52
Total charge: -3.67687e-20
etaHat: 124879
102  fE: -2.9945  dfE: 0.000908683  dW: 0.0633426  dPhi(Nx/2)(Ny/2)(Nz/2): 0.00538086 Phi A: 0.029415 Phi B: 0.965602 Phi I: 5.82138e-52
Total charge: -3.681e-20
etaHat: 124879
103  fE: -2.99535  dfE: 0.00084927  dW: 0.0677364  dPhi(Nx/2)(Ny/2)(Nz/2): 0.00391111 Phi A: 0.029448 Phi B: 0.967007 Phi I: 5.82138e-52
Total charge: -3.6849e-20
etaHat: 124879
104  fE: -2.99774  dfE: 0.00238891  dW: 0.0677372  dPhi(Nx/2)(Ny/2)(Nz/2): 0.00240964 Phi A: 0.0294792 Phi B: 0.968444 Phi I: 5.82139e-52
Total charge: -3.6883e-20
etaHat: 124879
105  fE: -3.0014  dfE: 0.00365653  dW: 0.0638846  dPhi(Nx/2)(Ny/2)(Nz/2): 0.000952974 Phi A: 0.0295064 Phi B: 0.969838 Phi I: 5.8214e-52
Total charge: -3.69098e-20
etaHat: 124879
106  fE: -3.00601  dfE: 0.00461604  dW: 0.0570224  dPhi(Nx/2)(Ny/2)(Nz/2): -0.000392218 Phi A: 0.0295278 Phi B: 0.971125 Phi I: 5.82141e-52
Total charge: -3.69278e-20
etaHat: 124879
107  fE: -3.01126  dfE: 0.00524953  dW: 0.048357  dPhi(Nx/2)(Ny/2)(Nz/2): -0.00157152 Phi A: 0.0295422 Phi B: 0.972252 Phi I: 5.82141e-52
Total charge: -3.69362e-20
etaHat: 124879
108  fE: -3.01682  dfE: 0.00555685  dW: 0.0394426  dPhi(Nx/2)(Ny/2)(Nz/2): -0.00254431 Phi A: 0.0295489 Phi B: 0.97318 Phi I: 5.82142e-52
Total charge: -3.69346e-20
etaHat: 124879
109  fE: -3.02237  dfE: 0.00555431  dW: 0.0317539  dPhi(Nx/2)(Ny/2)(Nz/2): -0.00328447 Phi A: 0.0295477 Phi B: 0.973883 Phi I: 5.82142e-52
Total charge: -3.69234e-20
etaHat: 124879
110  fE: -3.02765  dfE: 0.00527264  dW: 0.0265144  dPhi(Nx/2)(Ny/2)(Nz/2): -0.0037803 Phi A: 0.0295387 Phi B: 0.97435 Phi I: 5.82142e-52
Saving data . . .
Total charge: -3.69034e-20
etaHat: 124879
111  fE: -3.0324  dfE: 0.00475408  dW: 0.02462  dPhi(Nx/2)(Ny/2)(Nz/2): -0.00403362 Phi A: 0.0295227 Phi B: 0.974584 Phi I: 5.82143e-52
Total charge: -3.68757e-20
etaHat: 124879
112  fE: -3.03645  dfE: 0.00404916  dW: 0.0261462  dPhi(Nx/2)(Ny/2)(Nz/2): -0.00405829 Phi A: 0.0295006 Phi B: 0.974596 Phi I: 5.82143e-52
Total charge: -3.68419e-20
etaHat: 124879
113  fE: -3.03966  dfE: 0.0032131  dW: 0.0302221  dPhi(Nx/2)(Ny/2)(Nz/2): -0.00387827 Phi A: 0.0294735 Phi B: 0.97441 Phi I: 5.82142e-52
Total charge: -3.68036e-20
etaHat: 124879
114  fE: -3.04196  dfE: 0.00230237  dW: 0.0353198  dPhi(Nx/2)(Ny/2)(Nz/2): -0.00352527 Phi A: 0.0294429 Phi B: 0.974056 Phi I: 5.82142e-52
Total charge: -3.67626e-20
etaHat: 124879
115  fE: -3.04334  dfE: 0.00137138  dW: 0.0399709  dPhi(Nx/2)(Ny/2)(Nz/2): -0.00303631 Phi A: 0.02941 Phi B: 0.973572 Phi I: 5.82142e-52
Total charge: -3.67205e-20
etaHat: 124879
116  fE: -3.04381  dfE: 0.000469773  dW: 0.0432019  dPhi(Nx/2)(Ny/2)(Nz/2): -0.00245123 Phi A: 0.0293764 Phi B: 0.972994 Phi I: 5.82141e-52
Total charge: -3.66791e-20
etaHat: 124879
117  fE: -3.04345  dfE: 0.000359763  dW: 0.0445737  dPhi(Nx/2)(Ny/2)(Nz/2): -0.00181037 Phi A: 0.0293432 Phi B: 0.972363 Phi I: 5.82141e-52
Total charge: -3.66397e-20
etaHat: 124879
118  fE: -3.04236  dfE: 0.001083  dW: 0.0440402  dPhi(Nx/2)(Ny/2)(Nz/2): -0.00115245 Phi A: 0.0293117 Phi B: 0.971715 Phi I: 5.82141e-52
Total charge: -3.66036e-20
etaHat: 124879
119  fE: -3.04069  dfE: 0.00167498  dW: 0.0417642  dPhi(Nx/2)(Ny/2)(Nz/2): -0.000512825 Phi A: 0.0292828 Phi B: 0.971086 Phi I: 5.8214e-52
Total charge: -3.65716e-20
etaHat: 124879
120  fE: -3.03857  dfE: 0.00212022  dW: 0.0380487  dPhi(Nx/2)(Ny/2)(Nz/2): 7.79644e-05 Phi A: 0.0292573 Phi B: 0.970505 Phi I: 5.8214e-52
Saving data . . .
Total charge: -3.65446e-20
etaHat: 124879
121  fE: -3.03616  dfE: 0.00241237  dW: 0.0333051  dPhi(Nx/2)(Ny/2)(Nz/2): 0.000595152 Phi A: 0.0292357 Phi B: 0.969996 Phi I: 5.82139e-52
Total charge: -3.65228e-20
etaHat: 124879
122  fE: -3.0336  dfE: 0.00255347  dW: 0.0280761  dPhi(Nx/2)(Ny/2)(Nz/2): 0.00102036 Phi A: 0.0292182 Phi B: 0.969578 Phi I: 5.82139e-52
Total charge: -3.65063e-20
etaHat: 124879
123  fE: -3.03105  dfE: 0.0025528  dW: 0.0230174  dPhi(Nx/2)(Ny/2)(Nz/2): 0.0013418 Phi A: 0.029205 Phi B: 0.969261 Phi I: 5.82139e-52
Total charge: -3.64949e-20
etaHat: 124879
124  fE: -3.02862  dfE: 0.0024256  dW: 0.0188081  dPhi(Nx/2)(Ny/2)(Nz/2): 0.00155416 Phi A: 0.029196 Phi B: 0.969052 Phi I: 5.82139e-52
Total charge: -3.64884e-20
etaHat: 124879
125  fE: -3.02643  dfE: 0.00219165  dW: 0.0159494  dPhi(Nx/2)(Ny/2)(Nz/2): 0.00165816 Phi A: 0.0291907 Phi B: 0.96895 Phi I: 5.82139e-52
Total charge: -3.6486e-20
etaHat: 124879
126  fE: -3.02456  dfE: 0.00187379  dW: 0.014546  dPhi(Nx/2)(Ny/2)(Nz/2): 0.00165987 Phi A: 0.0291888 Phi B: 0.968948 Phi I: 5.82139e-52
Total charge: -3.64872e-20
etaHat: 124879
127  fE: -3.02306  dfE: 0.00149651  dW: 0.0143685  dPhi(Nx/2)(Ny/2)(Nz/2): 0.00156986 Phi A: 0.0291898 Phi B: 0.969037 Phi I: 5.82139e-52
Total charge: -3.64911e-20
etaHat: 124879
128  fE: -3.02198  dfE: 0.00108458  dW: 0.0149772  dPhi(Nx/2)(Ny/2)(Nz/2): 0.0014022 Phi A: 0.0291929 Phi B: 0.969203 Phi I: 5.82139e-52
Total charge: -3.6497e-20
etaHat: 124879
129  fE: -3.02131  dfE: 0.000661906  dW: 0.0159016  dPhi(Nx/2)(Ny/2)(Nz/2): 0.00117337 Phi A: 0.0291976 Phi B: 0.96943 Phi I: 5.82139e-52
Total charge: -3.6504e-20
etaHat: 124879
130  fE: -3.02106  dfE: 0.00025041  dW: 0.0167336  dPhi(Nx/2)(Ny/2)(Nz/2): 0.000901264 Phi A: 0.0292032 Phi B: 0.9697 Phi I: 5.82139e-52
Saving data . . .
Total charge: -3.65114e-20
etaHat: 124879
131  fE: -3.0212  dfE: 0.000130757  dW: 0.0172051  dPhi(Nx/2)(Ny/2)(Nz/2): 0.000604076 Phi A: 0.0292091 Phi B: 0.969997 Phi I: 5.82139e-52
Total charge: -3.65184e-20
etaHat: 124879
132  fE: -3.02166  dfE: 0.000465879  dW: 0.0172019  dPhi(Nx/2)(Ny/2)(Nz/2): 0.000299419 Phi A: 0.0292147 Phi B: 0.970302 Phi I: 5.82139e-52
Total charge: -3.65245e-20
etaHat: 124879
133  fE: -3.0224  dfE: 0.000743091  dW: 0.0167351  dPhi(Nx/2)(Ny/2)(Nz/2): 3.48487e-06 Phi A: 0.0292196 Phi B: 0.9706 Phi I: 5.82139e-52
Total charge: -3.65292e-20
etaHat: 124879
134  fE: -3.02336  dfE: 0.000954585  dW: 0.0159168  dPhi(Nx/2)(Ny/2)(Nz/2): -0.00026962 Phi A: 0.0292233 Phi B: 0.970877 Phi I: 5.8214e-52
Total charge: -3.65321e-20
etaHat: 124879
135  fE: -3.02446  dfE: 0.00109659  dW: 0.0149164  dPhi(Nx/2)(Ny/2)(Nz/2): -0.000508366 Phi A: 0.0292257 Phi B: 0.971121 Phi I: 5.8214e-52
Total charge: -3.65331e-20
etaHat: 124879
136  fE: -3.02562  dfE: 0.00116919  dW: 0.0139133  dPhi(Nx/2)(Ny/2)(Nz/2): -0.000704118 Phi A: 0.0292265 Phi B: 0.971324 Phi I: 5.8214e-52
Total charge: -3.65321e-20
etaHat: 124879
137  fE: -3.0268  dfE: 0.0011759  dW: 0.0130767  dPhi(Nx/2)(Ny/2)(Nz/2): -0.000851276 Phi A: 0.0292257 Phi B: 0.971481 Phi I: 5.8214e-52
Total charge: -3.65291e-20
etaHat: 124879
138  fE: -3.02792  dfE: 0.00112319  dW: 0.0125264  dPhi(Nx/2)(Ny/2)(Nz/2): -0.000947243 Phi A: 0.0292233 Phi B: 0.971587 Phi I: 5.8214e-52
Total charge: -3.65243e-20
etaHat: 124879
139  fE: -3.02894  dfE: 0.00101986  dW: 0.0122919  dPhi(Nx/2)(Ny/2)(Nz/2): -0.000992248 Phi A: 0.0292194 Phi B: 0.971644 Phi I: 5.8214e-52
Total charge: -3.65179e-20
etaHat: 124879
140  fE: -3.02982  dfE: 0.000876339  dW: 0.012345  dPhi(Nx/2)(Ny/2)(Nz/2): -0.000989047 Phi A: 0.0292143 Phi B: 0.971654 Phi I: 5.8214e-52
Saving data . . .
Total charge: -3.65101e-20
etaHat: 124879
141  fE: -3.03052  dfE: 0.000703998  dW: 0.0126098  dPhi(Nx/2)(Ny/2)(Nz/2): -0.00094252 Phi A: 0.0292081 Phi B: 0.971622 Phi I: 5.8214e-52
Total charge: -3.65015e-20
etaHat: 124879
142  fE: -3.03104  dfE: 0.000514488  dW: 0.0129525  dPhi(Nx/2)(Ny/2)(Nz/2): -0.000859206 Phi A: 0.0292012 Phi B: 0.971553 Phi I: 5.8214e-52
Total charge: -3.64922e-20
etaHat: 124879
143  fE: -3.03136  dfE: 0.000319099  dW: 0.013264  dPhi(Nx/2)(Ny/2)(Nz/2): -0.000746806 Phi A: 0.0291937 Phi B: 0.971455 Phi I: 5.8214e-52
Total charge: -3.64826e-20
etaHat: 124879
144  fE: -3.03149  dfE: 0.000128234  dW: 0.0134532  dPhi(Nx/2)(Ny/2)(Nz/2): -0.000613671 Phi A: 0.0291861 Phi B: 0.971336 Phi I: 5.8214e-52
Total charge: -3.64732e-20
etaHat: 124879
145  fE: -3.03144  dfE: 4.90306e-05  dW: 0.0134648  dPhi(Nx/2)(Ny/2)(Nz/2): -0.00046832 Phi A: 0.0291786 Phi B: 0.971205 Phi I: 5.8214e-52
Total charge: -3.64642e-20
etaHat: 124879
146  fE: -3.03123  dfE: 0.000205262  dW: 0.0132766  dPhi(Nx/2)(Ny/2)(Nz/2): -0.000318994 Phi A: 0.0291714 Phi B: 0.971069 Phi I: 5.8214e-52
Total charge: -3.64559e-20
etaHat: 124879
147  fE: -3.0309  dfE: 0.00033487  dW: 0.0129026  dPhi(Nx/2)(Ny/2)(Nz/2): -0.000173276 Phi A: 0.0291647 Phi B: 0.970935 Phi I: 5.82139e-52
Total charge: -3.64484e-20
etaHat: 124879
148  fE: -3.03046  dfE: 0.000434191  dW: 0.0123876  dPhi(Nx/2)(Ny/2)(Nz/2): -3.77784e-05 Phi A: 0.0291587 Phi B: 0.970811 Phi I: 5.82139e-52
Total charge: -3.6442e-20
etaHat: 124879
149  fE: -3.02996  dfE: 0.000501464  dW: 0.011791  dPhi(Nx/2)(Ny/2)(Nz/2): 8.20804e-05 Phi A: 0.0291536 Phi B: 0.970701 Phi I: 5.82139e-52
Total charge: -3.64367e-20
etaHat: 124879
150  fE: -3.02942  dfE: 0.000536711  dW: 0.0111806  dPhi(Nx/2)(Ny/2)(Nz/2): 0.000182224 Phi A: 0.0291493 Phi B: 0.97061 Phi I: 5.82139e-52
Saving data . . .
Total charge: -3.64325e-20
etaHat: 124879
151  fE: -3.02888  dfE: 0.000541549  dW: 0.0106134  dPhi(Nx/2)(Ny/2)(Nz/2): 0.000259981 Phi A: 0.029146 Phi B: 0.97054 Phi I: 5.82139e-52
Total charge: -3.64294e-20
etaHat: 124879
152  fE: -3.02836  dfE: 0.000518934  dW: 0.0101373  dPhi(Nx/2)(Ny/2)(Nz/2): 0.000314066 Phi A: 0.0291436 Phi B: 0.970492 Phi I: 5.82139e-52
Total charge: -3.64274e-20
etaHat: 124879
153  fE: -3.02789  dfE: 0.000472873  dW: 0.0097726  dPhi(Nx/2)(Ny/2)(Nz/2): 0.000344506 Phi A: 0.029142 Phi B: 0.970468 Phi I: 5.82139e-52
Total charge: -3.64264e-20
etaHat: 124879
154  fE: -3.02748  dfE: 0.000408113  dW: 0.00951485  dPhi(Nx/2)(Ny/2)(Nz/2): 0.000352498 Phi A: 0.0291411 Phi B: 0.970464 Phi I: 5.82139e-52
Total charge: -3.64261e-20
etaHat: 124879
155  fE: -3.02715  dfE: 0.000329831  dW: 0.00934916  dPhi(Nx/2)(Ny/2)(Nz/2): 0.00034023 Phi A: 0.0291409 Phi B: 0.970481 Phi I: 5.82139e-52
Total charge: -3.64264e-20
etaHat: 124879
156  fE: -3.02691  dfE: 0.000243331  dW: 0.00924868  dPhi(Nx/2)(Ny/2)(Nz/2): 0.00031067 Phi A: 0.0291411 Phi B: 0.970514 Phi I: 5.82139e-52
Total charge: -3.64272e-20
etaHat: 124879
157  fE: -3.02676  dfE: 0.000153769  dW: 0.0091812  dPhi(Nx/2)(Ny/2)(Nz/2): 0.000267339 Phi A: 0.0291418 Phi B: 0.97056 Phi I: 5.82139e-52
Total charge: -3.64283e-20
etaHat: 124879
158  fE: -3.02669  dfE: 6.59167e-05  dW: 0.00911911  dPhi(Nx/2)(Ny/2)(Nz/2): 0.000214077 Phi A: 0.0291426 Phi B: 0.970617 Phi I: 5.82139e-52
Total charge: -3.64295e-20
etaHat: 124879
159  fE: -3.02671  dfE: 1.60377e-05  dW: 0.00904157  dPhi(Nx/2)(Ny/2)(Nz/2): 0.000154821 Phi A: 0.0291436 Phi B: 0.970679 Phi I: 5.82139e-52
Total charge: -3.64307e-20
etaHat: 124879
160  fE: -3.02679  dfE: 8.8633e-05  dW: 0.00893693  dPhi(Nx/2)(Ny/2)(Nz/2): 9.34021e-05 Phi A: 0.0291445 Phi B: 0.970744 Phi I: 5.82139e-52
Saving data . . .
Total charge: -3.64317e-20
etaHat: 124879
161  fE: -3.02694  dfE: 0.000149232  dW: 0.00880449  dPhi(Nx/2)(Ny/2)(Nz/2): 3.33615e-05 Phi A: 0.0291453 Phi B: 0.970807 Phi I: 5.82139e-52
Total charge: -3.64324e-20
etaHat: 124879
162  fE: -3.02714  dfE: 0.000196069  dW: 0.00865022  dPhi(Nx/2)(Ny/2)(Nz/2): -2.21917e-05 Phi A: 0.0291459 Phi B: 0.970867 Phi I: 5.82139e-52
Total charge: -3.64328e-20
etaHat: 124879
163  fE: -3.02737  dfE: 0.000228245  dW: 0.0084855  dPhi(Nx/2)(Ny/2)(Nz/2): -7.06919e-05 Phi A: 0.0291462 Phi B: 0.97092 Phi I: 5.82139e-52
Total charge: -3.64328e-20
etaHat: 124879
164  fE: -3.02761  dfE: 0.000245683  dW: 0.0083224  dPhi(Nx/2)(Ny/2)(Nz/2): -0.000110188 Phi A: 0.0291462 Phi B: 0.970965 Phi I: 5.82139e-52
Total charge: -3.64324e-20
etaHat: 124879
165  fE: -3.02786  dfE: 0.000249053  dW: 0.00817148  dPhi(Nx/2)(Ny/2)(Nz/2): -0.000139378 Phi A: 0.0291459 Phi B: 0.970999 Phi I: 5.82139e-52
Total charge: -3.64315e-20
etaHat: 124879
166  fE: -3.0281  dfE: 0.000239651  dW: 0.00804042  dPhi(Nx/2)(Ny/2)(Nz/2): -0.000157605 Phi A: 0.0291452 Phi B: 0.971024 Phi I: 5.82139e-52
Total charge: -3.64303e-20
etaHat: 124879
167  fE: -3.02832  dfE: 0.000219281  dW: 0.00793137  dPhi(Nx/2)(Ny/2)(Nz/2): -0.000164827 Phi A: 0.0291443 Phi B: 0.971037 Phi I: 5.82139e-52
Total charge: -3.64288e-20
etaHat: 124879
168  fE: -3.02851  dfE: 0.000190102  dW: 0.00784293  dPhi(Nx/2)(Ny/2)(Nz/2): -0.00016155 Phi A: 0.029143 Phi B: 0.971041 Phi I: 5.82139e-52
Total charge: -3.6427e-20
etaHat: 124879
169  fE: -3.02867  dfE: 0.000154492  dW: 0.00776921  dPhi(Nx/2)(Ny/2)(Nz/2): -0.000148752 Phi A: 0.0291416 Phi B: 0.971036 Phi I: 5.82139e-52
Total charge: -3.6425e-20
etaHat: 124879
170  fE: -3.02878  dfE: 0.000114897  dW: 0.00770268  dPhi(Nx/2)(Ny/2)(Nz/2): -0.000127786 Phi A: 0.02914 Phi B: 0.971023 Phi I: 5.82139e-52
Saving data . . .
Total charge: -3.64228e-20
etaHat: 124879
171  fE: -3.02886  dfE: 7.37113e-05  dW: 0.00763554  dPhi(Nx/2)(Ny/2)(Nz/2): -0.000100268 Phi A: 0.0291383 Phi B: 0.971003 Phi I: 5.82139e-52
Total charge: -3.64206e-20
etaHat: 124879
172  fE: -3.02889  dfE: 3.31543e-05  dW: 0.00756106  dPhi(Nx/2)(Ny/2)(Nz/2): -6.79799e-05 Phi A: 0.0291365 Phi B: 0.970978 Phi I: 5.82139e-52
Total charge: -3.64184e-20
etaHat: 124879
173  fE: -3.02888  dfE: 4.81656e-06  dW: 0.00747538  dPhi(Nx/2)(Ny/2)(Nz/2): -3.27566e-05 Phi A: 0.0291347 Phi B: 0.970951 Phi I: 5.82139e-52
Total charge: -3.64163e-20
etaHat: 124879
174  fE: -3.02884  dfE: 3.85786e-05  dW: 0.00737709  dPhi(Nx/2)(Ny/2)(Nz/2): 3.60518e-06 Phi A: 0.0291331 Phi B: 0.970923 Phi I: 5.82139e-52
Total charge: -3.64144e-20
etaHat: 124879
175  fE: -3.02878  dfE: 6.68892e-05  dW: 0.00726698  dPhi(Nx/2)(Ny/2)(Nz/2): 3.94322e-05 Phi A: 0.0291315 Phi B: 0.970894 Phi I: 5.82139e-52
Total charge: -3.64126e-20
etaHat: 124879
176  fE: -3.02869  dfE: 8.8908e-05  dW: 0.00714838  dPhi(Nx/2)(Ny/2)(Nz/2): 7.32438e-05 Phi A: 0.0291301 Phi B: 0.970868 Phi I: 5.82139e-52
Total charge: -3.64111e-20
etaHat: 124879
177  fE: -3.02858  dfE: 0.000104196  dW: 0.00702486  dPhi(Nx/2)(Ny/2)(Nz/2): 0.000103804 Phi A: 0.0291289 Phi B: 0.970844 Phi I: 5.82139e-52
Total charge: -3.64098e-20
etaHat: 124879
178  fE: -3.02847  dfE: 0.000112697  dW: 0.00690028  dPhi(Nx/2)(Ny/2)(Nz/2): 0.000130155 Phi A: 0.0291278 Phi B: 0.970824 Phi I: 5.82139e-52
Total charge: -3.64087e-20
etaHat: 124879
179  fE: -3.02836  dfE: 0.000114698  dW: 0.00677802  dPhi(Nx/2)(Ny/2)(Nz/2): 0.000151638 Phi A: 0.029127 Phi B: 0.970809 Phi I: 5.82139e-52
Total charge: -3.64079e-20
etaHat: 124879
180  fE: -3.02825  dfE: 0.000110778  dW: 0.00666195  dPhi(Nx/2)(Ny/2)(Nz/2): 0.000167889 Phi A: 0.0291263 Phi B: 0.970798 Phi I: 5.82139e-52
Saving data . . .
Total charge: -3.64073e-20
etaHat: 124879
181  fE: -3.02814  dfE: 0.000101753  dW: 0.00655478  dPhi(Nx/2)(Ny/2)(Nz/2): 0.000178828 Phi A: 0.0291259 Phi B: 0.970792 Phi I: 5.82139e-52
Total charge: -3.64069e-20
etaHat: 124879
182  fE: -3.02806  dfE: 8.86065e-05  dW: 0.00645688  dPhi(Nx/2)(Ny/2)(Nz/2): 0.000184632 Phi A: 0.0291256 Phi B: 0.970791 Phi I: 5.82139e-52
Total charge: -3.64067e-20
etaHat: 124879
183  fE: -3.02798  dfE: 7.24232e-05  dW: 0.00636703  dPhi(Nx/2)(Ny/2)(Nz/2): 0.000185697 Phi A: 0.0291254 Phi B: 0.970794 Phi I: 5.82139e-52
Total charge: -3.64067e-20
etaHat: 124879
184  fE: -3.02793  dfE: 5.43268e-05  dW: 0.00628327  dPhi(Nx/2)(Ny/2)(Nz/2): 0.000182599 Phi A: 0.0291254 Phi B: 0.970801 Phi I: 5.82139e-52
Total charge: -3.64067e-20
etaHat: 124879
185  fE: -3.02789  dfE: 3.54181e-05  dW: 0.00620389  dPhi(Nx/2)(Ny/2)(Nz/2): 0.000176042 Phi A: 0.0291254 Phi B: 0.97081 Phi I: 5.82139e-52
Total charge: -3.64069e-20
etaHat: 124879
186  fE: -3.02788  dfE: 1.67236e-05  dW: 0.00612705  dPhi(Nx/2)(Ny/2)(Nz/2): 0.00016681 Phi A: 0.0291255 Phi B: 0.970822 Phi I: 5.82139e-52
Total charge: -3.6407e-20
etaHat: 124879
187  fE: -3.02788  dfE: 8.4825e-07  dW: 0.00605124  dPhi(Nx/2)(Ny/2)(Nz/2): 0.000155722 Phi A: 0.0291256 Phi B: 0.970835 Phi I: 5.82139e-52
Total charge: -3.64072e-20
etaHat: 124879
188  fE: -3.02789  dfE: 1.65397e-05  dW: 0.00597538  dPhi(Nx/2)(Ny/2)(Nz/2): 0.000143586 Phi A: 0.0291257 Phi B: 0.970849 Phi I: 5.82139e-52
Total charge: -3.64073e-20
etaHat: 124879
189  fE: -3.02792  dfE: 2.97658e-05  dW: 0.00589911  dPhi(Nx/2)(Ny/2)(Nz/2): 0.00013116 Phi A: 0.0291258 Phi B: 0.970862 Phi I: 5.82139e-52
Total charge: -3.64074e-20
etaHat: 124879
190  fE: -3.02796  dfE: 4.01253e-05  dW: 0.00582268  dPhi(Nx/2)(Ny/2)(Nz/2): 0.000119121 Phi A: 0.0291259 Phi B: 0.970875 Phi I: 5.82139e-52
Saving data . . .
Total charge: -3.64074e-20
etaHat: 124879
191  fE: -3.02801  dfE: 4.74017e-05  dW: 0.00574691  dPhi(Nx/2)(Ny/2)(Nz/2): 0.000108041 Phi A: 0.0291259 Phi B: 0.970887 Phi I: 5.82139e-52
Total charge: -3.64073e-20
etaHat: 124879
192  fE: -3.02806  dfE: 5.15545e-05  dW: 0.00567249  dPhi(Nx/2)(Ny/2)(Nz/2): 9.83684e-05 Phi A: 0.0291259 Phi B: 0.970896 Phi I: 5.82139e-52
Total charge: -3.64072e-20
etaHat: 124879
193  fE: -3.02812  dfE: 5.27033e-05  dW: 0.00560001  dPhi(Nx/2)(Ny/2)(Nz/2): 9.04197e-05 Phi A: 0.0291258 Phi B: 0.970904 Phi I: 5.82139e-52
Total charge: -3.6407e-20
etaHat: 124879
194  fE: -3.02817  dfE: 5.11047e-05  dW: 0.00552983  dPhi(Nx/2)(Ny/2)(Nz/2): 8.43806e-05 Phi A: 0.0291256 Phi B: 0.97091 Phi I: 5.82139e-52
Total charge: -3.64067e-20
etaHat: 124879
195  fE: -3.02821  dfE: 4.71256e-05  dW: 0.00546234  dPhi(Nx/2)(Ny/2)(Nz/2): 8.03096e-05 Phi A: 0.0291253 Phi B: 0.970913 Phi I: 5.82139e-52
Total charge: -3.64063e-20
etaHat: 124879
196  fE: -3.02826  dfE: 4.12131e-05  dW: 0.00539717  dPhi(Nx/2)(Ny/2)(Nz/2): 7.81503e-05 Phi A: 0.029125 Phi B: 0.970914 Phi I: 5.82139e-52
Total charge: -3.64058e-20
etaHat: 124879
197  fE: -3.02829  dfE: 3.3864e-05  dW: 0.00533382  dPhi(Nx/2)(Ny/2)(Nz/2): 7.77474e-05 Phi A: 0.0291247 Phi B: 0.970913 Phi I: 5.82139e-52
Total charge: -3.64054e-20
etaHat: 124879
198  fE: -3.02832  dfE: 2.55946e-05  dW: 0.00527184  dPhi(Nx/2)(Ny/2)(Nz/2): 7.88661e-05 Phi A: 0.0291243 Phi B: 0.970911 Phi I: 5.82139e-52
Total charge: -3.64049e-20
etaHat: 124879
199  fE: -3.02833  dfE: 1.69135e-05  dW: 0.00521079  dPhi(Nx/2)(Ny/2)(Nz/2): 8.12134e-05 Phi A: 0.0291239 Phi B: 0.970907 Phi I: 5.82139e-52
Total charge: -3.64043e-20
etaHat: 124879
200  fE: -3.02834  dfE: 8.29634e-06  dW: 0.00515003  dPhi(Nx/2)(Ny/2)(Nz/2): 8.44599e-05 Phi A: 0.0291235 Phi B: 0.970902 Phi I: 5.82139e-52
Saving data . . .
Total charge: -3.64038e-20
etaHat: 124879
201  fE: -3.02834  dfE: 1.6584e-07  dW: 0.00508919  dPhi(Nx/2)(Ny/2)(Nz/2): 8.82618e-05 Phi A: 0.0291231 Phi B: 0.970896 Phi I: 5.82139e-52
Total charge: -3.64033e-20
etaHat: 124879
202  fE: -3.02833  dfE: 7.12365e-06  dW: 0.00502806  dPhi(Nx/2)(Ny/2)(Nz/2): 9.22805e-05 Phi A: 0.0291227 Phi B: 0.97089 Phi I: 5.82139e-52
Total charge: -3.64029e-20
etaHat: 124879
203  fE: -3.02832  dfE: 1.32968e-05  dW: 0.00496657  dPhi(Nx/2)(Ny/2)(Nz/2): 9.62e-05 Phi A: 0.0291223 Phi B: 0.970884 Phi I: 5.82139e-52
Total charge: -3.64024e-20
etaHat: 124879
204  fE: -3.0283  dfE: 1.81628e-05  dW: 0.00490496  dPhi(Nx/2)(Ny/2)(Nz/2): 9.9742e-05 Phi A: 0.029122 Phi B: 0.970879 Phi I: 5.82139e-52
Total charge: -3.64021e-20
etaHat: 124879
205  fE: -3.02828  dfE: 2.16157e-05  dW: 0.00484362  dPhi(Nx/2)(Ny/2)(Nz/2): 0.000102676 Phi A: 0.0291217 Phi B: 0.970873 Phi I: 5.82139e-52
Total charge: -3.64018e-20
etaHat: 124879
206  fE: -3.02826  dfE: 2.36313e-05  dW: 0.00478284  dPhi(Nx/2)(Ny/2)(Nz/2): 0.000104829 Phi A: 0.0291214 Phi B: 0.970869 Phi I: 5.82139e-52
Total charge: -3.64015e-20
etaHat: 124879
207  fE: -3.02823  dfE: 2.42595e-05  dW: 0.00472293  dPhi(Nx/2)(Ny/2)(Nz/2): 0.000106085 Phi A: 0.0291212 Phi B: 0.970866 Phi I: 5.82139e-52
Total charge: -3.64013e-20
etaHat: 124879
208  fE: -3.02821  dfE: 2.3614e-05  dW: 0.00466405  dPhi(Nx/2)(Ny/2)(Nz/2): 0.000106391 Phi A: 0.029121 Phi B: 0.970863 Phi I: 5.82139e-52
Total charge: -3.64011e-20
etaHat: 124879
209  fE: -3.02819  dfE: 2.186e-05  dW: 0.00460633  dPhi(Nx/2)(Ny/2)(Nz/2): 0.000105748 Phi A: 0.0291209 Phi B: 0.970862 Phi I: 5.82139e-52
Total charge: -3.6401e-20
etaHat: 124879
210  fE: -3.02817  dfE: 1.92009e-05  dW: 0.00454993  dPhi(Nx/2)(Ny/2)(Nz/2): 0.000104212 Phi A: 0.0291208 Phi B: 0.970862 Phi I: 5.82139e-52
Saving data . . .
Total charge: -3.64009e-20
etaHat: 124879
211  fE: -3.02815  dfE: 1.58636e-05  dW: 0.00449497  dPhi(Nx/2)(Ny/2)(Nz/2): 0.000101881 Phi A: 0.0291207 Phi B: 0.970862 Phi I: 5.82139e-52
Total charge: -3.64009e-20
etaHat: 124879
212  fE: -3.02814  dfE: 1.20854e-05  dW: 0.00444147  dPhi(Nx/2)(Ny/2)(Nz/2): 9.88877e-05 Phi A: 0.0291207 Phi B: 0.970863 Phi I: 5.82139e-52
Total charge: -3.64008e-20
etaHat: 124879
213  fE: -3.02813  dfE: 8.10049e-06  dW: 0.00438923  dPhi(Nx/2)(Ny/2)(Nz/2): 9.53918e-05 Phi A: 0.0291207 Phi B: 0.970865 Phi I: 5.82139e-52
Total charge: -3.64008e-20
etaHat: 124879
214  fE: -3.02813  dfE: 4.12896e-06  dW: 0.00433806  dPhi(Nx/2)(Ny/2)(Nz/2): 9.15665e-05 Phi A: 0.0291207 Phi B: 0.970868 Phi I: 5.82139e-52
Total charge: -3.64008e-20
etaHat: 124879
215  fE: -3.02813  dfE: 3.67245e-07  dW: 0.00428781  dPhi(Nx/2)(Ny/2)(Nz/2): 8.75901e-05 Phi A: 0.0291207 Phi B: 0.970871 Phi I: 5.82139e-52
Total charge: -3.64009e-20
etaHat: 124879
216  fE: -3.02813  dfE: 3.01921e-06  dW: 0.00423838  dPhi(Nx/2)(Ny/2)(Nz/2): 8.36362e-05 Phi A: 0.0291207 Phi B: 0.970873 Phi I: 5.82139e-52
Total charge: -3.64009e-20
etaHat: 124879
217  fE: -3.02814  dfE: 5.90095e-06  dW: 0.00418975  dPhi(Nx/2)(Ny/2)(Nz/2): 7.98657e-05 Phi A: 0.0291207 Phi B: 0.970876 Phi I: 5.82139e-52
Total charge: -3.64009e-20
etaHat: 124879
218  fE: -3.02814  dfE: 8.18717e-06  dW: 0.00414193  dPhi(Nx/2)(Ny/2)(Nz/2): 7.64196e-05 Phi A: 0.0291207 Phi B: 0.970879 Phi I: 5.82139e-52
Total charge: -3.64008e-20
etaHat: 124879
219  fE: -3.02815  dfE: 9.82624e-06  dW: 0.00409493  dPhi(Nx/2)(Ny/2)(Nz/2): 7.34143e-05 Phi A: 0.0291207 Phi B: 0.970882 Phi I: 5.82139e-52
Total charge: -3.64008e-20
etaHat: 124879
220  fE: -3.02816  dfE: 1.08042e-05  dW: 0.00404877  dPhi(Nx/2)(Ny/2)(Nz/2): 7.09379e-05 Phi A: 0.0291206 Phi B: 0.970884 Phi I: 5.82139e-52
Saving data . . .
Total charge: -3.64008e-20
etaHat: 124879
221  fE: -3.02818  dfE: 1.11413e-05  dW: 0.00400348  dPhi(Nx/2)(Ny/2)(Nz/2): 6.90483e-05 Phi A: 0.0291206 Phi B: 0.970885 Phi I: 5.82139e-52
Total charge: -3.64007e-20
etaHat: 124879
222  fE: -3.02819  dfE: 1.0888e-05  dW: 0.00395897  dPhi(Nx/2)(Ny/2)(Nz/2): 6.77732e-05 Phi A: 0.0291206 Phi B: 0.970887 Phi I: 5.82139e-52
Total charge: -3.64006e-20
etaHat: 124879
223  fE: -3.0282  dfE: 1.01184e-05  dW: 0.00391526  dPhi(Nx/2)(Ny/2)(Nz/2): 6.71114e-05 Phi A: 0.0291205 Phi B: 0.970888 Phi I: 5.82139e-52
Total charge: -3.64005e-20
etaHat: 124879
224  fE: -3.02821  dfE: 8.92498e-06  dW: 0.0038723  dPhi(Nx/2)(Ny/2)(Nz/2): 6.70355e-05 Phi A: 0.0291204 Phi B: 0.970888 Phi I: 5.82139e-52
Total charge: -3.64004e-20
etaHat: 124879
225  fE: -3.02821  dfE: 7.41147e-06  dW: 0.00383001  dPhi(Nx/2)(Ny/2)(Nz/2): 6.74952e-05 Phi A: 0.0291203 Phi B: 0.970888 Phi I: 5.82139e-52
Total charge: -3.64003e-20
etaHat: 124879
226  fE: -3.02822  dfE: 5.68676e-06  dW: 0.00378831  dPhi(Nx/2)(Ny/2)(Nz/2): 6.84223e-05 Phi A: 0.0291202 Phi B: 0.970887 Phi I: 5.82139e-52
Total charge: -3.64002e-20
etaHat: 124879
227  fE: -3.02822  dfE: 3.85889e-06  dW: 0.00374714  dPhi(Nx/2)(Ny/2)(Nz/2): 6.97345e-05 Phi A: 0.0291201 Phi B: 0.970887 Phi I: 5.82139e-52
Total charge: -3.64001e-20
etaHat: 124879
228  fE: -3.02823  dfE: 2.02971e-06  dW: 0.00370645  dPhi(Nx/2)(Ny/2)(Nz/2): 7.13413e-05 Phi A: 0.02912 Phi B: 0.970885 Phi I: 5.82139e-52
Total charge: -3.63999e-20
etaHat: 124879
229  fE: -3.02823  dfE: 2.9051e-07  dW: 0.00366625  dPhi(Nx/2)(Ny/2)(Nz/2): 7.31484e-05 Phi A: 0.0291199 Phi B: 0.970884 Phi I: 5.82139e-52
Total charge: -3.63998e-20
etaHat: 124879
230  fE: -3.02822  dfE: 1.28144e-06  dW: 0.0036265  dPhi(Nx/2)(Ny/2)(Nz/2): 7.50625e-05 Phi A: 0.0291199 Phi B: 0.970883 Phi I: 5.82139e-52
Saving data . . .
Total charge: -3.63997e-20
etaHat: 124879
231  fE: -3.02822  dfE: 2.62531e-06  dW: 0.00358721  dPhi(Nx/2)(Ny/2)(Nz/2): 7.6995e-05 Phi A: 0.0291198 Phi B: 0.970882 Phi I: 5.82139e-52
Total charge: -3.63996e-20
etaHat: 124879
232  fE: -3.02822  dfE: 3.69797e-06  dW: 0.00354842  dPhi(Nx/2)(Ny/2)(Nz/2): 7.88657e-05 Phi A: 0.0291197 Phi B: 0.970881 Phi I: 5.82139e-52
Total charge: -3.63995e-20
etaHat: 124879
233  fE: -3.02821  dfE: 4.47433e-06  dW: 0.00351015  dPhi(Nx/2)(Ny/2)(Nz/2): 8.06056e-05 Phi A: 0.0291196 Phi B: 0.97088 Phi I: 5.82139e-52
Total charge: -3.63994e-20
etaHat: 124879
234  fE: -3.02821  dfE: 4.94666e-06  dW: 0.00347241  dPhi(Nx/2)(Ny/2)(Nz/2): 8.21583e-05 Phi A: 0.0291195 Phi B: 0.970879 Phi I: 5.82139e-52
Total charge: -3.63994e-20
etaHat: 124879
235  fE: -3.0282  dfE: 5.12323e-06  dW: 0.00343516  dPhi(Nx/2)(Ny/2)(Nz/2): 8.34814e-05 Phi A: 0.0291195 Phi B: 0.970878 Phi I: 5.82139e-52
Total charge: -3.63993e-20
etaHat: 124879
236  fE: -3.0282  dfE: 5.02614e-06  dW: 0.00339844  dPhi(Nx/2)(Ny/2)(Nz/2): 8.4547e-05 Phi A: 0.0291194 Phi B: 0.970877 Phi I: 5.82139e-52
Total charge: -3.63993e-20
etaHat: 124879
237  fE: -3.02819  dfE: 4.68883e-06  dW: 0.00336227  dPhi(Nx/2)(Ny/2)(Nz/2): 8.53406e-05 Phi A: 0.0291194 Phi B: 0.970877 Phi I: 5.82139e-52
Total charge: -3.63992e-20
etaHat: 124879
238  fE: -3.02819  dfE: 4.15321e-06  dW: 0.00332667  dPhi(Nx/2)(Ny/2)(Nz/2): 8.5861e-05 Phi A: 0.0291194 Phi B: 0.970877 Phi I: 5.82139e-52
Total charge: -3.63992e-20
etaHat: 124879
239  fE: -3.02819  dfE: 3.4667e-06  dW: 0.00329164  dPhi(Nx/2)(Ny/2)(Nz/2): 8.61179e-05 Phi A: 0.0291194 Phi B: 0.970877 Phi I: 5.82139e-52
Total charge: -3.63992e-20
etaHat: 124879
240  fE: -3.02818  dfE: 2.67926e-06  dW: 0.00325714  dPhi(Nx/2)(Ny/2)(Nz/2): 8.61308e-05 Phi A: 0.0291193 Phi B: 0.970877 Phi I: 5.82139e-52
Saving data . . .
Total charge: -3.63992e-20
etaHat: 124879
241  fE: -3.02818  dfE: 1.84067e-06  dW: 0.00322313  dPhi(Nx/2)(Ny/2)(Nz/2): 8.59263e-05 Phi A: 0.0291193 Phi B: 0.970878 Phi I: 5.82139e-52
Total charge: -3.63992e-20
etaHat: 124879
242  fE: -3.02818  dfE: 9.98051e-07  dW: 0.00318964  dPhi(Nx/2)(Ny/2)(Nz/2): 8.55363e-05 Phi A: 0.0291193 Phi B: 0.970878 Phi I: 5.82139e-52
Total charge: -3.63991e-20
etaHat: 124879
243  fE: -3.02818  dfE: 1.93796e-07  dW: 0.00315664  dPhi(Nx/2)(Ny/2)(Nz/2): 8.49956e-05 Phi A: 0.0291193 Phi B: 0.970879 Phi I: 5.82139e-52
Total charge: -3.63991e-20
etaHat: 124879
244  fE: -3.02818  dfE: 5.3604e-07  dW: 0.00312411  dPhi(Nx/2)(Ny/2)(Nz/2): 8.43397e-05 Phi A: 0.0291193 Phi B: 0.970879 Phi I: 5.82139e-52
Total charge: -3.63991e-20
etaHat: 124879
245  fE: -3.02818  dfE: 1.16288e-06  dW: 0.00309205  dPhi(Nx/2)(Ny/2)(Nz/2): 8.36035e-05 Phi A: 0.0291193 Phi B: 0.97088 Phi I: 5.82139e-52
Total charge: -3.63991e-20
etaHat: 124879
246  fE: -3.02818  dfE: 1.66626e-06  dW: 0.00306047  dPhi(Nx/2)(Ny/2)(Nz/2): 8.2819e-05 Phi A: 0.0291193 Phi B: 0.970881 Phi I: 5.82139e-52
Total charge: -3.63991e-20
etaHat: 124879
247  fE: -3.02819  dfE: 2.03402e-06  dW: 0.00302932  dPhi(Nx/2)(Ny/2)(Nz/2): 8.20143e-05 Phi A: 0.0291193 Phi B: 0.970881 Phi I: 5.82139e-52
Total charge: -3.63991e-20
etaHat: 124879
248  fE: -3.02819  dfE: 2.26202e-06  dW: 0.00299861  dPhi(Nx/2)(Ny/2)(Nz/2): 8.12129e-05 Phi A: 0.0291193 Phi B: 0.970882 Phi I: 5.82139e-52
Total charge: -3.63991e-20
etaHat: 124879
249  fE: -3.02819  dfE: 2.3535e-06  dW: 0.00296833  dPhi(Nx/2)(Ny/2)(Nz/2): 8.0433e-05 Phi A: 0.0291193 Phi B: 0.970882 Phi I: 5.82139e-52
Total charge: -3.63991e-20
etaHat: 124879
250  fE: -3.02819  dfE: 2.31819e-06  dW: 0.00293846  dPhi(Nx/2)(Ny/2)(Nz/2): 7.96871e-05 Phi A: 0.0291193 Phi B: 0.970882 Phi I: 5.82139e-52
Saving data . . .
Total charge: -3.63991e-20
etaHat: 124879
251  fE: -3.02819  dfE: 2.1711e-06  dW: 0.00290898  dPhi(Nx/2)(Ny/2)(Nz/2): 7.89823e-05 Phi A: 0.0291192 Phi B: 0.970882 Phi I: 5.82139e-52
Total charge: -3.6399e-20
etaHat: 124879
252  fE: -3.0282  dfE: 1.93124e-06  dW: 0.0028799  dPhi(Nx/2)(Ny/2)(Nz/2): 7.83208e-05 Phi A: 0.0291192 Phi B: 0.970883 Phi I: 5.82139e-52
Total charge: -3.6399e-20
etaHat: 124879
253  fE: -3.0282  dfE: 1.62028e-06  dW: 0.00285119  dPhi(Nx/2)(Ny/2)(Nz/2): 7.77002e-05 Phi A: 0.0291192 Phi B: 0.970883 Phi I: 5.82139e-52
Total charge: -3.6399e-20
etaHat: 124879
254  fE: -3.0282  dfE: 1.26113e-06  dW: 0.00282287  dPhi(Nx/2)(Ny/2)(Nz/2): 7.71143e-05 Phi A: 0.0291192 Phi B: 0.970882 Phi I: 5.82139e-52
Total charge: -3.63989e-20
etaHat: 124879
255  fE: -3.0282  dfE: 8.76738e-07  dW: 0.00279489  dPhi(Nx/2)(Ny/2)(Nz/2): 7.65543e-05 Phi A: 0.0291192 Phi B: 0.970882 Phi I: 5.82139e-52
Total charge: -3.63989e-20
etaHat: 124879
256  fE: -3.0282  dfE: 4.88885e-07  dW: 0.00276727  dPhi(Nx/2)(Ny/2)(Nz/2): 7.60094e-05 Phi A: 0.0291191 Phi B: 0.970882 Phi I: 5.82139e-52
Total charge: -3.63989e-20
etaHat: 124879
257  fE: -3.0282  dfE: 1.17263e-07  dW: 0.00274  dPhi(Nx/2)(Ny/2)(Nz/2): 7.54681e-05 Phi A: 0.0291191 Phi B: 0.970882 Phi I: 5.82139e-52
Total charge: -3.63989e-20
etaHat: 124879
258  fE: -3.0282  dfE: 2.21308e-07  dW: 0.00271306  dPhi(Nx/2)(Ny/2)(Nz/2): 7.49184e-05 Phi A: 0.0291191 Phi B: 0.970882 Phi I: 5.82139e-52
Total charge: -3.63988e-20
etaHat: 124879
259  fE: -3.0282  dfE: 5.13413e-07  dW: 0.00268644  dPhi(Nx/2)(Ny/2)(Nz/2): 7.43494e-05 Phi A: 0.0291191 Phi B: 0.970881 Phi I: 5.82139e-52
Total charge: -3.63988e-20
etaHat: 124879
260  fE: -3.0282  dfE: 7.49356e-07  dW: 0.00266014  dPhi(Nx/2)(Ny/2)(Nz/2): 7.37514e-05 Phi A: 0.029119 Phi B: 0.970881 Phi I: 5.82139e-52
Saving data . . .
Total charge: -3.63988e-20
etaHat: 124879
261  fE: -3.0282  dfE: 9.2325e-07  dW: 0.00263417  dPhi(Nx/2)(Ny/2)(Nz/2): 7.31167e-05 Phi A: 0.029119 Phi B: 0.970881 Phi I: 5.82139e-52
Total charge: -3.63988e-20
etaHat: 124879
262  fE: -3.0282  dfE: 1.03292e-06  dW: 0.00260852  dPhi(Nx/2)(Ny/2)(Nz/2): 7.24397e-05 Phi A: 0.029119 Phi B: 0.970881 Phi I: 5.82139e-52
Total charge: -3.63987e-20
etaHat: 124879
263  fE: -3.0282  dfE: 1.07961e-06  dW: 0.0025832  dPhi(Nx/2)(Ny/2)(Nz/2): 7.17175e-05 Phi A: 0.029119 Phi B: 0.97088 Phi I: 5.82139e-52
Total charge: -3.63987e-20
etaHat: 124879
264  fE: -3.0282  dfE: 1.06758e-06  dW: 0.0025582  dPhi(Nx/2)(Ny/2)(Nz/2): 7.09495e-05 Phi A: 0.029119 Phi B: 0.97088 Phi I: 5.82139e-52
Total charge: -3.63987e-20
etaHat: 124879
265  fE: -3.02819  dfE: 1.00356e-06  dW: 0.00253352  dPhi(Nx/2)(Ny/2)(Nz/2): 7.01377e-05 Phi A: 0.029119 Phi B: 0.97088 Phi I: 5.82139e-52
Total charge: -3.63987e-20
etaHat: 124879
266  fE: -3.02819  dfE: 8.96187e-07  dW: 0.00250915  dPhi(Nx/2)(Ny/2)(Nz/2): 6.92861e-05 Phi A: 0.029119 Phi B: 0.97088 Phi I: 5.82139e-52
Total charge: -3.63987e-20
etaHat: 124879
267  fE: -3.02819  dfE: 7.55332e-07  dW: 0.00248509  dPhi(Nx/2)(Ny/2)(Nz/2): 6.84008e-05 Phi A: 0.029119 Phi B: 0.97088 Phi I: 5.82139e-52
Total charge: -3.63987e-20
etaHat: 124879
268  fE: -3.02819  dfE: 5.91515e-07  dW: 0.00246134  dPhi(Nx/2)(Ny/2)(Nz/2): 6.74893e-05 Phi A: 0.029119 Phi B: 0.97088 Phi I: 5.82139e-52
Total charge: -3.63987e-20
etaHat: 124879
269  fE: -3.02819  dfE: 4.15296e-07  dW: 0.00243792  dPhi(Nx/2)(Ny/2)(Nz/2): 6.65601e-05 Phi A: 0.029119 Phi B: 0.97088 Phi I: 5.82139e-52
Total charge: -3.63987e-20
etaHat: 124879
270  fE: -3.02819  dfE: 2.36753e-07  dW: 0.00241479  dPhi(Nx/2)(Ny/2)(Nz/2): 6.56225e-05 Phi A: 0.029119 Phi B: 0.970881 Phi I: 5.82139e-52
Saving data . . .
Total charge: -3.63987e-20
etaHat: 124879
271  fE: -3.02819  dfE: 6.50214e-08  dW: 0.00239194  dPhi(Nx/2)(Ny/2)(Nz/2): 6.46858e-05 Phi A: 0.0291189 Phi B: 0.970881 Phi I: 5.82139e-52
Total charge: -3.63987e-20
etaHat: 124879
272  fE: -3.02819  dfE: 9.2054e-08  dW: 0.00236937  dPhi(Nx/2)(Ny/2)(Nz/2): 6.37592e-05 Phi A: 0.0291189 Phi B: 0.970881 Phi I: 5.82139e-52
Total charge: -3.63987e-20
etaHat: 124879
273  fE: -3.02819  dfE: 2.2818e-07  dW: 0.00234709  dPhi(Nx/2)(Ny/2)(Nz/2): 6.28511e-05 Phi A: 0.0291189 Phi B: 0.970881 Phi I: 5.82139e-52
Total charge: -3.63987e-20
etaHat: 124879
274  fE: -3.02819  dfE: 3.38765e-07  dW: 0.00232507  dPhi(Nx/2)(Ny/2)(Nz/2): 6.19689e-05 Phi A: 0.0291189 Phi B: 0.970881 Phi I: 5.82139e-52
Total charge: -3.63987e-20
etaHat: 124879
275  fE: -3.02819  dfE: 4.2097e-07  dW: 0.00230333  dPhi(Nx/2)(Ny/2)(Nz/2): 6.11191e-05 Phi A: 0.0291189 Phi B: 0.970881 Phi I: 5.82139e-52
Total charge: -3.63987e-20
etaHat: 124879
276  fE: -3.02819  dfE: 4.73666e-07  dW: 0.00228186  dPhi(Nx/2)(Ny/2)(Nz/2): 6.03067e-05 Phi A: 0.0291189 Phi B: 0.970881 Phi I: 5.82139e-52
Total charge: -3.63987e-20
etaHat: 124879
277  fE: -3.02819  dfE: 4.97312e-07  dW: 0.00226066  dPhi(Nx/2)(Ny/2)(Nz/2): 5.9535e-05 Phi A: 0.0291189 Phi B: 0.970881 Phi I: 5.82139e-52
Total charge: -3.63987e-20
etaHat: 124879
278  fE: -3.02819  dfE: 4.93768e-07  dW: 0.00223971  dPhi(Nx/2)(Ny/2)(Nz/2): 5.88063e-05 Phi A: 0.0291189 Phi B: 0.970881 Phi I: 5.82139e-52
Total charge: -3.63987e-20
etaHat: 124879
279  fE: -3.02819  dfE: 4.66052e-07  dW: 0.00221902  dPhi(Nx/2)(Ny/2)(Nz/2): 5.8121e-05 Phi A: 0.0291189 Phi B: 0.970881 Phi I: 5.82139e-52
Total charge: -3.63986e-20
etaHat: 124879
280  fE: -3.02819  dfE: 4.18071e-07  dW: 0.00219857  dPhi(Nx/2)(Ny/2)(Nz/2): 5.74785e-05 Phi A: 0.0291189 Phi B: 0.970881 Phi I: 5.82139e-52
Saving data . . .
Total charge: -3.63986e-20
etaHat: 124879
281  fE: -3.0282  dfE: 3.54336e-07  dW: 0.00217836  dPhi(Nx/2)(Ny/2)(Nz/2): 5.6877e-05 Phi A: 0.0291189 Phi B: 0.970881 Phi I: 5.82139e-52
Total charge: -3.63986e-20
etaHat: 124879
282  fE: -3.0282  dfE: 2.79667e-07  dW: 0.00215839  dPhi(Nx/2)(Ny/2)(Nz/2): 5.63136e-05 Phi A: 0.0291189 Phi B: 0.970881 Phi I: 5.82139e-52
Total charge: -3.63986e-20
etaHat: 124879
283  fE: -3.0282  dfE: 1.98929e-07  dW: 0.00213865  dPhi(Nx/2)(Ny/2)(Nz/2): 5.57848e-05 Phi A: 0.0291189 Phi B: 0.970881 Phi I: 5.82139e-52
Total charge: -3.63986e-20
etaHat: 124879
284  fE: -3.0282  dfE: 1.16777e-07  dW: 0.00211915  dPhi(Nx/2)(Ny/2)(Nz/2): 5.52866e-05 Phi A: 0.0291189 Phi B: 0.970881 Phi I: 5.82139e-52
Total charge: -3.63986e-20
etaHat: 124879
285  fE: -3.0282  dfE: 3.74529e-08  dW: 0.00209988  dPhi(Nx/2)(Ny/2)(Nz/2): 5.48145e-05 Phi A: 0.0291189 Phi B: 0.970881 Phi I: 5.82139e-52
Total charge: -3.63986e-20
etaHat: 124879
286  fE: -3.0282  dfE: 3.53878e-08  dW: 0.00208084  dPhi(Nx/2)(Ny/2)(Nz/2): 5.43643e-05 Phi A: 0.0291189 Phi B: 0.970881 Phi I: 5.82139e-52
Total charge: -3.63986e-20
etaHat: 124879
287  fE: -3.0282  dfE: 9.87939e-08  dW: 0.00206203  dPhi(Nx/2)(Ny/2)(Nz/2): 5.39315e-05 Phi A: 0.0291189 Phi B: 0.970881 Phi I: 5.82139e-52
Total charge: -3.63986e-20
etaHat: 124879
288  fE: -3.0282  dfE: 1.50593e-07  dW: 0.00204343  dPhi(Nx/2)(Ny/2)(Nz/2): 5.35122e-05 Phi A: 0.0291189 Phi B: 0.970881 Phi I: 5.82139e-52
Total charge: -3.63986e-20
etaHat: 124879
289  fE: -3.0282  dfE: 1.89418e-07  dW: 0.00202506  dPhi(Nx/2)(Ny/2)(Nz/2): 5.31029e-05 Phi A: 0.0291189 Phi B: 0.970881 Phi I: 5.82139e-52
Total charge: -3.63986e-20
etaHat: 124879
290  fE: -3.0282  dfE: 2.14691e-07  dW: 0.0020069  dPhi(Nx/2)(Ny/2)(Nz/2): 5.27004e-05 Phi A: 0.0291189 Phi B: 0.970881 Phi I: 5.82139e-52
Saving data . . .
Total charge: -3.63986e-20
etaHat: 124879
291  fE: -3.02819  dfE: 2.26571e-07  dW: 0.00198895  dPhi(Nx/2)(Ny/2)(Nz/2): 5.23024e-05 Phi A: 0.0291189 Phi B: 0.970881 Phi I: 5.82139e-52
Total charge: -3.63986e-20
etaHat: 124879
292  fE: -3.02819  dfE: 2.25865e-07  dW: 0.00197122  dPhi(Nx/2)(Ny/2)(Nz/2): 5.1907e-05 Phi A: 0.0291189 Phi B: 0.970881 Phi I: 5.82139e-52
Total charge: -3.63986e-20
etaHat: 124879
293  fE: -3.02819  dfE: 2.13925e-07  dW: 0.00195369  dPhi(Nx/2)(Ny/2)(Nz/2): 5.15129e-05 Phi A: 0.0291189 Phi B: 0.970881 Phi I: 5.82139e-52
Total charge: -3.63986e-20
etaHat: 124879
294  fE: -3.02819  dfE: 1.92521e-07  dW: 0.00193636  dPhi(Nx/2)(Ny/2)(Nz/2): 5.11196e-05 Phi A: 0.0291189 Phi B: 0.970881 Phi I: 5.82139e-52
Total charge: -3.63986e-20
etaHat: 124879
295  fE: -3.02819  dfE: 1.63709e-07  dW: 0.00191923  dPhi(Nx/2)(Ny/2)(Nz/2): 5.07269e-05 Phi A: 0.0291189 Phi B: 0.970881 Phi I: 5.82139e-52
Total charge: -3.63986e-20
etaHat: 124879
296  fE: -3.02819  dfE: 1.29699e-07  dW: 0.0019023  dPhi(Nx/2)(Ny/2)(Nz/2): 5.03352e-05 Phi A: 0.0291188 Phi B: 0.970881 Phi I: 5.82139e-52
Total charge: -3.63986e-20
etaHat: 124879
297  fE: -3.02819  dfE: 9.27298e-08  dW: 0.00188557  dPhi(Nx/2)(Ny/2)(Nz/2): 4.9945e-05 Phi A: 0.0291188 Phi B: 0.970881 Phi I: 5.82139e-52
Total charge: -3.63986e-20
etaHat: 124879
298  fE: -3.02819  dfE: 5.49526e-08  dW: 0.00186904  dPhi(Nx/2)(Ny/2)(Nz/2): 4.95572e-05 Phi A: 0.0291188 Phi B: 0.970881 Phi I: 5.82139e-52
Total charge: -3.63986e-20
etaHat: 124879
299  fE: -3.02819  dfE: 1.83346e-08  dW: 0.00185269  dPhi(Nx/2)(Ny/2)(Nz/2): 4.9173e-05 Phi A: 0.0291188 Phi B: 0.970881 Phi I: 5.82139e-52
Total charge: -3.63986e-20
etaHat: 124879
300  fE: -3.02819  dfE: 1.54206e-08  dW: 0.00183653  dPhi(Nx/2)(Ny/2)(Nz/2): 4.87936e-05 Phi A: 0.0291188 Phi B: 0.970881 Phi I: 5.82139e-52
Saving data . . .
Total charge: -3.63986e-20
etaHat: 124879
301  fE: -3.02819  dfE: 4.49298e-08  dW: 0.00182055  dPhi(Nx/2)(Ny/2)(Nz/2): 4.84198e-05 Phi A: 0.0291188 Phi B: 0.970881 Phi I: 5.82139e-52
Total charge: -3.63986e-20
etaHat: 124879
302  fE: -3.02819  dfE: 6.91664e-08  dW: 0.00180477  dPhi(Nx/2)(Ny/2)(Nz/2): 4.80529e-05 Phi A: 0.0291188 Phi B: 0.970881 Phi I: 5.82139e-52
Total charge: -3.63986e-20
etaHat: 124879
303  fE: -3.02819  dfE: 8.74735e-08  dW: 0.00178915  dPhi(Nx/2)(Ny/2)(Nz/2): 4.76937e-05 Phi A: 0.0291188 Phi B: 0.970881 Phi I: 5.82139e-52
Total charge: -3.63986e-20
etaHat: 124879
304  fE: -3.02819  dfE: 9.95584e-08  dW: 0.00177372  dPhi(Nx/2)(Ny/2)(Nz/2): 4.73427e-05 Phi A: 0.0291188 Phi B: 0.970881 Phi I: 5.82139e-52
Total charge: -3.63986e-20
etaHat: 124879
305  fE: -3.02819  dfE: 1.05469e-07  dW: 0.00175845  dPhi(Nx/2)(Ny/2)(Nz/2): 4.70005e-05 Phi A: 0.0291188 Phi B: 0.970881 Phi I: 5.82139e-52
Total charge: -3.63985e-20
etaHat: 124879
306  fE: -3.02819  dfE: 1.05556e-07  dW: 0.00174335  dPhi(Nx/2)(Ny/2)(Nz/2): 4.66671e-05 Phi A: 0.0291188 Phi B: 0.970881 Phi I: 5.82139e-52
Total charge: -3.63985e-20
etaHat: 124879
307  fE: -3.02819  dfE: 1.00422e-07  dW: 0.00172842  dPhi(Nx/2)(Ny/2)(Nz/2): 4.63426e-05 Phi A: 0.0291188 Phi B: 0.970881 Phi I: 5.82139e-52
Total charge: -3.63985e-20
etaHat: 124879
308  fE: -3.02819  dfE: 9.08701e-08  dW: 0.00171365  dPhi(Nx/2)(Ny/2)(Nz/2): 4.60265e-05 Phi A: 0.0291188 Phi B: 0.970881 Phi I: 5.82139e-52
Total charge: -3.63985e-20
etaHat: 124879
309  fE: -3.02819  dfE: 7.78362e-08  dW: 0.00169904  dPhi(Nx/2)(Ny/2)(Nz/2): 4.57185e-05 Phi A: 0.0291188 Phi B: 0.970881 Phi I: 5.82139e-52
Total charge: -3.63985e-20
etaHat: 124879
310  fE: -3.02819  dfE: 6.23336e-08  dW: 0.00168457  dPhi(Nx/2)(Ny/2)(Nz/2): 4.54177e-05 Phi A: 0.0291188 Phi B: 0.970881 Phi I: 5.82139e-52
Saving data . . .
Total charge: -3.63985e-20
etaHat: 124879
311  fE: -3.02819  dfE: 4.5392e-08  dW: 0.00167026  dPhi(Nx/2)(Ny/2)(Nz/2): 4.51235e-05 Phi A: 0.0291188 Phi B: 0.970881 Phi I: 5.82139e-52
Total charge: -3.63985e-20
etaHat: 124879
312  fE: -3.02819  dfE: 2.80056e-08  dW: 0.00165611  dPhi(Nx/2)(Ny/2)(Nz/2): 4.48349e-05 Phi A: 0.0291188 Phi B: 0.970881 Phi I: 5.82139e-52
Total charge: -3.63985e-20
etaHat: 124879
313  fE: -3.02819  dfE: 1.10864e-08  dW: 0.00164211  dPhi(Nx/2)(Ny/2)(Nz/2): 4.45509e-05 Phi A: 0.0291188 Phi B: 0.970881 Phi I: 5.82139e-52
Total charge: -3.63985e-20
etaHat: 124879
314  fE: -3.02819  dfE: 4.57194e-09  dW: 0.00162827  dPhi(Nx/2)(Ny/2)(Nz/2): 4.42707e-05 Phi A: 0.0291188 Phi B: 0.970881 Phi I: 5.82139e-52
Total charge: -3.63985e-20
etaHat: 124879
315  fE: -3.02819  dfE: 1.83216e-08  dW: 0.00161458  dPhi(Nx/2)(Ny/2)(Nz/2): 4.39932e-05 Phi A: 0.0291188 Phi B: 0.970881 Phi I: 5.82139e-52
Total charge: -3.63985e-20
etaHat: 124879
316  fE: -3.02819  dfE: 2.96775e-08  dW: 0.00160103  dPhi(Nx/2)(Ny/2)(Nz/2): 4.37177e-05 Phi A: 0.0291188 Phi B: 0.970881 Phi I: 5.82139e-52
Total charge: -3.63985e-20
etaHat: 124879
317  fE: -3.02819  dfE: 3.83249e-08  dW: 0.00158764  dPhi(Nx/2)(Ny/2)(Nz/2): 4.34434e-05 Phi A: 0.0291188 Phi B: 0.970881 Phi I: 5.82139e-52
Total charge: -3.63985e-20
etaHat: 124879
318  fE: -3.02819  dfE: 4.41164e-08  dW: 0.00157438  dPhi(Nx/2)(Ny/2)(Nz/2): 4.31696e-05 Phi A: 0.0291188 Phi B: 0.970881 Phi I: 5.82139e-52
Total charge: -3.63985e-20
etaHat: 124879
319  fE: -3.02819  dfE: 4.70626e-08  dW: 0.00156126  dPhi(Nx/2)(Ny/2)(Nz/2): 4.28958e-05 Phi A: 0.0291188 Phi B: 0.970881 Phi I: 5.82139e-52
Total charge: -3.63985e-20
etaHat: 124879
320  fE: -3.02819  dfE: 4.73146e-08  dW: 0.00154828  dPhi(Nx/2)(Ny/2)(Nz/2): 4.26216e-05 Phi A: 0.0291188 Phi B: 0.970881 Phi I: 5.82139e-52
Saving data . . .
Total charge: -3.63985e-20
etaHat: 124879
321  fE: -3.02819  dfE: 4.51421e-08  dW: 0.00153543  dPhi(Nx/2)(Ny/2)(Nz/2): 4.23468e-05 Phi A: 0.0291188 Phi B: 0.970881 Phi I: 5.82139e-52
Total charge: -3.63985e-20
etaHat: 124879
322  fE: -3.02819  dfE: 4.09073e-08  dW: 0.00152271  dPhi(Nx/2)(Ny/2)(Nz/2): 4.20712e-05 Phi A: 0.0291188 Phi B: 0.970881 Phi I: 5.82139e-52
Total charge: -3.63985e-20
etaHat: 124879
323  fE: -3.02819  dfE: 3.50372e-08  dW: 0.00151013  dPhi(Nx/2)(Ny/2)(Nz/2): 4.17949e-05 Phi A: 0.0291188 Phi B: 0.970881 Phi I: 5.82139e-52
Total charge: -3.63985e-20
etaHat: 124879
324  fE: -3.02819  dfE: 2.79957e-08  dW: 0.00149768  dPhi(Nx/2)(Ny/2)(Nz/2): 4.15178e-05 Phi A: 0.0291188 Phi B: 0.970881 Phi I: 5.82139e-52
Total charge: -3.63985e-20
etaHat: 124879
325  fE: -3.02819  dfE: 2.02567e-08  dW: 0.00148535  dPhi(Nx/2)(Ny/2)(Nz/2): 4.12401e-05 Phi A: 0.0291188 Phi B: 0.970881 Phi I: 5.82139e-52
Total charge: -3.63985e-20
etaHat: 124879
326  fE: -3.02819  dfE: 1.22791e-08  dW: 0.00147316  dPhi(Nx/2)(Ny/2)(Nz/2): 4.0962e-05 Phi A: 0.0291188 Phi B: 0.970881 Phi I: 5.82139e-52
Total charge: -3.63985e-20
etaHat: 124879
327  fE: -3.02819  dfE: 4.48573e-09  dW: 0.00146109  dPhi(Nx/2)(Ny/2)(Nz/2): 4.06838e-05 Phi A: 0.0291188 Phi B: 0.970881 Phi I: 5.82139e-52
Total charge: -3.63985e-20
etaHat: 124879
328  fE: -3.02819  dfE: 2.7538e-09  dW: 0.00144914  dPhi(Nx/2)(Ny/2)(Nz/2): 4.04057e-05 Phi A: 0.0291188 Phi B: 0.970881 Phi I: 5.82139e-52
Total charge: -3.63985e-20
etaHat: 124879
329  fE: -3.02819  dfE: 9.13627e-09  dW: 0.00143733  dPhi(Nx/2)(Ny/2)(Nz/2): 4.01281e-05 Phi A: 0.0291188 Phi B: 0.970881 Phi I: 5.82139e-52
Total charge: -3.63985e-20
etaHat: 124879
330  fE: -3.02819  dfE: 1.44328e-08  dW: 0.00142563  dPhi(Nx/2)(Ny/2)(Nz/2): 3.9851e-05 Phi A: 0.0291188 Phi B: 0.970881 Phi I: 5.82139e-52
Saving data . . .
Total charge: -3.63985e-20
etaHat: 124879
331  fE: -3.02819  dfE: 1.84926e-08  dW: 0.00141405  dPhi(Nx/2)(Ny/2)(Nz/2): 3.95749e-05 Phi A: 0.0291188 Phi B: 0.970881 Phi I: 5.82139e-52
Total charge: -3.63985e-20
etaHat: 124879
332  fE: -3.02819  dfE: 2.12421e-08  dW: 0.00140258  dPhi(Nx/2)(Ny/2)(Nz/2): 3.92998e-05 Phi A: 0.0291188 Phi B: 0.970881 Phi I: 5.82139e-52
Total charge: -3.63985e-20
etaHat: 124879
333  fE: -3.02819  dfE: 2.2681e-08  dW: 0.00139123  dPhi(Nx/2)(Ny/2)(Nz/2): 3.90259e-05 Phi A: 0.0291188 Phi B: 0.970881 Phi I: 5.82139e-52
Total charge: -3.63985e-20
etaHat: 124879
334  fE: -3.02819  dfE: 2.2874e-08  dW: 0.00137999  dPhi(Nx/2)(Ny/2)(Nz/2): 3.87533e-05 Phi A: 0.0291188 Phi B: 0.970881 Phi I: 5.82139e-52
Total charge: -3.63985e-20
etaHat: 124879
335  fE: -3.02819  dfE: 2.19414e-08  dW: 0.00136886  dPhi(Nx/2)(Ny/2)(Nz/2): 3.84822e-05 Phi A: 0.0291188 Phi B: 0.970881 Phi I: 5.82139e-52
Total charge: -3.63985e-20
etaHat: 124879
336  fE: -3.02819  dfE: 2.00468e-08  dW: 0.00135785  dPhi(Nx/2)(Ny/2)(Nz/2): 3.82124e-05 Phi A: 0.0291188 Phi B: 0.970881 Phi I: 5.82139e-52
Total charge: -3.63985e-20
etaHat: 124879
337  fE: -3.02819  dfE: 1.73847e-08  dW: 0.00134694  dPhi(Nx/2)(Ny/2)(Nz/2): 3.79441e-05 Phi A: 0.0291188 Phi B: 0.970881 Phi I: 5.82139e-52
Total charge: -3.63985e-20
etaHat: 124879
338  fE: -3.02819  dfE: 1.41676e-08  dW: 0.00133614  dPhi(Nx/2)(Ny/2)(Nz/2): 3.76772e-05 Phi A: 0.0291188 Phi B: 0.970881 Phi I: 5.82139e-52
Total charge: -3.63985e-20
etaHat: 124879
339  fE: -3.02819  dfE: 1.06133e-08  dW: 0.00132546  dPhi(Nx/2)(Ny/2)(Nz/2): 3.74115e-05 Phi A: 0.0291188 Phi B: 0.970881 Phi I: 5.82139e-52
Total charge: -3.63985e-20
etaHat: 124879
340  fE: -3.02819  dfE: 6.93372e-09  dW: 0.00131488  dPhi(Nx/2)(Ny/2)(Nz/2): 3.71472e-05 Phi A: 0.0291188 Phi B: 0.970881 Phi I: 5.82139e-52
Saving data . . .
Total charge: -3.63985e-20
etaHat: 124879
341  fE: -3.02819  dfE: 3.32483e-09  dW: 0.0013044  dPhi(Nx/2)(Ny/2)(Nz/2): 3.6884e-05 Phi A: 0.0291188 Phi B: 0.970881 Phi I: 5.82139e-52
Total charge: -3.63985e-20
etaHat: 124879
342  fE: -3.02819  dfE: 4.14135e-11  dW: 0.00129402  dPhi(Nx/2)(Ny/2)(Nz/2): 3.66219e-05 Phi A: 0.0291188 Phi B: 0.970881 Phi I: 5.82139e-52
Total charge: -3.63985e-20
etaHat: 124879
343  fE: -3.02819  dfE: 3.02292e-09  dW: 0.00128375  dPhi(Nx/2)(Ny/2)(Nz/2): 3.63609e-05 Phi A: 0.0291188 Phi B: 0.970881 Phi I: 5.82139e-52
Total charge: -3.63985e-20
etaHat: 124879
344  fE: -3.02819  dfE: 5.51201e-09  dW: 0.00127357  dPhi(Nx/2)(Ny/2)(Nz/2): 3.61009e-05 Phi A: 0.0291188 Phi B: 0.970881 Phi I: 5.82139e-52
Total charge: -3.63985e-20
etaHat: 124879
345  fE: -3.02819  dfE: 7.4364e-09  dW: 0.00126349  dPhi(Nx/2)(Ny/2)(Nz/2): 3.5842e-05 Phi A: 0.0291188 Phi B: 0.970881 Phi I: 5.82139e-52
Total charge: -3.63985e-20
etaHat: 124879
346  fE: -3.02819  dfE: 8.75967e-09  dW: 0.00125351  dPhi(Nx/2)(Ny/2)(Nz/2): 3.5584e-05 Phi A: 0.0291188 Phi B: 0.970881 Phi I: 5.82139e-52
Total charge: -3.63985e-20
etaHat: 124879
347  fE: -3.02819  dfE: 9.4792e-09  dW: 0.00124362  dPhi(Nx/2)(Ny/2)(Nz/2): 3.53272e-05 Phi A: 0.0291188 Phi B: 0.970881 Phi I: 5.82139e-52
Total charge: -3.63985e-20
etaHat: 124879
348  fE: -3.02819  dfE: 9.6226e-09  dW: 0.00123384  dPhi(Nx/2)(Ny/2)(Nz/2): 3.50714e-05 Phi A: 0.0291188 Phi B: 0.970881 Phi I: 5.82139e-52
Total charge: -3.63985e-20
etaHat: 124879
349  fE: -3.02819  dfE: 9.24336e-09  dW: 0.00122414  dPhi(Nx/2)(Ny/2)(Nz/2): 3.48168e-05 Phi A: 0.0291188 Phi B: 0.970881 Phi I: 5.82139e-52
Total charge: -3.63985e-20
etaHat: 124879
350  fE: -3.02819  dfE: 8.41539e-09  dW: 0.00121455  dPhi(Nx/2)(Ny/2)(Nz/2): 3.45636e-05 Phi A: 0.0291188 Phi B: 0.970881 Phi I: 5.82139e-52
Saving data . . .
Total charge: -3.63985e-20
etaHat: 124879
351  fE: -3.02819  dfE: 7.22723e-09  dW: 0.00120505  dPhi(Nx/2)(Ny/2)(Nz/2): 3.43118e-05 Phi A: 0.0291188 Phi B: 0.970881 Phi I: 5.82139e-52
Total charge: -3.63985e-20
etaHat: 124879
352  fE: -3.02819  dfE: 5.77612e-09  dW: 0.00119564  dPhi(Nx/2)(Ny/2)(Nz/2): 3.40616e-05 Phi A: 0.0291188 Phi B: 0.970881 Phi I: 5.82139e-52
Total charge: -3.63985e-20
etaHat: 124879
353  fE: -3.02819  dfE: 4.16222e-09  dW: 0.00118632  dPhi(Nx/2)(Ny/2)(Nz/2): 3.38131e-05 Phi A: 0.0291188 Phi B: 0.970881 Phi I: 5.82139e-52
Total charge: -3.63985e-20
etaHat: 124879
354  fE: -3.02819  dfE: 2.48331e-09  dW: 0.00117709  dPhi(Nx/2)(Ny/2)(Nz/2): 3.35665e-05 Phi A: 0.0291188 Phi B: 0.970881 Phi I: 5.82139e-52
Total charge: -3.63985e-20
etaHat: 124879
355  fE: -3.02819  dfE: 8.30175e-10  dW: 0.00116795  dPhi(Nx/2)(Ny/2)(Nz/2): 3.33219e-05 Phi A: 0.0291188 Phi B: 0.970881 Phi I: 5.82139e-52
Total charge: -3.63985e-20
etaHat: 124879
356  fE: -3.02819  dfE: 7.17105e-10  dW: 0.0011589  dPhi(Nx/2)(Ny/2)(Nz/2): 3.30795e-05 Phi A: 0.0291188 Phi B: 0.970881 Phi I: 5.82139e-52
Total charge: -3.63985e-20
etaHat: 124879
357  fE: -3.02819  dfE: 2.09221e-09  dW: 0.00114993  dPhi(Nx/2)(Ny/2)(Nz/2): 3.28394e-05 Phi A: 0.0291188 Phi B: 0.970881 Phi I: 5.82139e-52
Total charge: -3.63985e-20
etaHat: 124879
358  fE: -3.02819  dfE: 3.24427e-09  dW: 0.00114104  dPhi(Nx/2)(Ny/2)(Nz/2): 3.26017e-05 Phi A: 0.0291188 Phi B: 0.970881 Phi I: 5.82139e-52
Total charge: -3.63985e-20
etaHat: 124879
359  fE: -3.02819  dfE: 4.13884e-09  dW: 0.00113224  dPhi(Nx/2)(Ny/2)(Nz/2): 3.23665e-05 Phi A: 0.0291188 Phi B: 0.970881 Phi I: 5.82139e-52
Total charge: -3.63985e-20
etaHat: 124879
360  fE: -3.02819  dfE: 4.75793e-09  dW: 0.00112352  dPhi(Nx/2)(Ny/2)(Nz/2): 3.21339e-05 Phi A: 0.0291188 Phi B: 0.970881 Phi I: 5.82139e-52
Saving data . . .
Total charge: -3.63985e-20
etaHat: 124879
361  fE: -3.02819  dfE: 5.09914e-09  dW: 0.00111489  dPhi(Nx/2)(Ny/2)(Nz/2): 3.19039e-05 Phi A: 0.0291188 Phi B: 0.970881 Phi I: 5.82139e-52
Total charge: -3.63985e-20
etaHat: 124879
362  fE: -3.02819  dfE: 5.17426e-09  dW: 0.00110634  dPhi(Nx/2)(Ny/2)(Nz/2): 3.16765e-05 Phi A: 0.0291188 Phi B: 0.970881 Phi I: 5.82139e-52
Total charge: -3.63985e-20
etaHat: 124879
363  fE: -3.02819  dfE: 5.00697e-09  dW: 0.00109787  dPhi(Nx/2)(Ny/2)(Nz/2): 3.14518e-05 Phi A: 0.0291188 Phi B: 0.970881 Phi I: 5.82139e-52
Total charge: -3.63985e-20
etaHat: 124879
364  fE: -3.02819  dfE: 4.63067e-09  dW: 0.00108949  dPhi(Nx/2)(Ny/2)(Nz/2): 3.12297e-05 Phi A: 0.0291188 Phi B: 0.970881 Phi I: 5.82139e-52
Total charge: -3.63985e-20
etaHat: 124879
365  fE: -3.02819  dfE: 4.08559e-09  dW: 0.00108118  dPhi(Nx/2)(Ny/2)(Nz/2): 3.10103e-05 Phi A: 0.0291188 Phi B: 0.970881 Phi I: 5.82139e-52
Total charge: -3.63985e-20
etaHat: 124879
366  fE: -3.02819  dfE: 3.41625e-09  dW: 0.00107295  dPhi(Nx/2)(Ny/2)(Nz/2): 3.07933e-05 Phi A: 0.0291188 Phi B: 0.970881 Phi I: 5.82139e-52
Total charge: -3.63985e-20
etaHat: 124879
367  fE: -3.02819  dfE: 2.66871e-09  dW: 0.0010648  dPhi(Nx/2)(Ny/2)(Nz/2): 3.05789e-05 Phi A: 0.0291188 Phi B: 0.970881 Phi I: 5.82139e-52
Total charge: -3.63985e-20
etaHat: 124879
368  fE: -3.02819  dfE: 1.88804e-09  dW: 0.00105673  dPhi(Nx/2)(Ny/2)(Nz/2): 3.03668e-05 Phi A: 0.0291188 Phi B: 0.970881 Phi I: 5.82139e-52
Total charge: -3.63985e-20
etaHat: 124879
369  fE: -3.02819  dfE: 1.11628e-09  dW: 0.00104874  dPhi(Nx/2)(Ny/2)(Nz/2): 3.0157e-05 Phi A: 0.0291188 Phi B: 0.970881 Phi I: 5.82139e-52
Total charge: -3.63985e-20
etaHat: 124879
370  fE: -3.02819  dfE: 3.90656e-10  dW: 0.00104082  dPhi(Nx/2)(Ny/2)(Nz/2): 2.99493e-05 Phi A: 0.0291188 Phi B: 0.970881 Phi I: 5.82139e-52
Saving data . . .
Total charge: -3.63985e-20
etaHat: 124879
371  fE: -3.02819  dfE: 2.57697e-10  dW: 0.00103298  dPhi(Nx/2)(Ny/2)(Nz/2): 2.97438e-05 Phi A: 0.0291188 Phi B: 0.970881 Phi I: 5.82139e-52
Total charge: -3.63985e-20
etaHat: 124879
372  fE: -3.02819  dfE: 8.04925e-10  dW: 0.00102521  dPhi(Nx/2)(Ny/2)(Nz/2): 2.95402e-05 Phi A: 0.0291188 Phi B: 0.970881 Phi I: 5.82139e-52
Total charge: -3.63985e-20
etaHat: 124879
373  fE: -3.02819  dfE: 1.23467e-09  dW: 0.00101752  dPhi(Nx/2)(Ny/2)(Nz/2): 2.93384e-05 Phi A: 0.0291188 Phi B: 0.970881 Phi I: 5.82139e-52
Total charge: -3.63985e-20
etaHat: 124879
374  fE: -3.02819  dfE: 1.53799e-09  dW: 0.00100989  dPhi(Nx/2)(Ny/2)(Nz/2): 2.91384e-05 Phi A: 0.0291188 Phi B: 0.970881 Phi I: 5.82139e-52
Total charge: -3.63985e-20
etaHat: 124879
375  fE: -3.02819  dfE: 1.71329e-09  dW: 0.00100233  dPhi(Nx/2)(Ny/2)(Nz/2): 2.89401e-05 Phi A: 0.0291188 Phi B: 0.970881 Phi I: 5.82139e-52
Total charge: -3.63985e-20
etaHat: 124879
376  fE: -3.02819  dfE: 1.76552e-09  dW: 0.000994841  dPhi(Nx/2)(Ny/2)(Nz/2): 2.87433e-05 Phi A: 0.0291188 Phi B: 0.970881 Phi I: 5.82139e-52
Saving data . . .
