Total charge: 124877
etaHat: 124877
0  fE: -9368.79  dfE: 9468.79  dW: 19.4366  dPhi(Nx/2)(Ny/2)(Nz/2): -4.11389 Phi A: 0.607494 Phi B: 4.48374 Phi I: 999.016
Saving data . . .
Total charge: 1.59566
etaHat: 124879
1  fE: -25220.2  dfE: 15851.4  dW: 21.1529  dPhi(Nx/2)(Ny/2)(Nz/2): -2.19584 Phi A: 0.28259 Phi B: 2.89975 Phi I: 0.0127653
Total charge: 1.59853e-18
etaHat: 124879
2  fE: -18.0707  dfE: 25202.1  dW: 21.2173  dPhi(Nx/2)(Ny/2)(Nz/2): -1.10618 Phi A: 0.154145 Phi B: 1.94358 Phi I: 1.43297e-20
Total charge: -1.17432e-19
etaHat: 124879
3  fE: -12.8692  dfE: 5.20148  dW: 20.1781  dPhi(Nx/2)(Ny/2)(Nz/2): -0.442172 Phi A: 0.093946 Phi B: 1.34274 Phi I: 5.82352e-52
Total charge: -7.80804e-20
etaHat: 124879
4  fE: -9.13626  dfE: 3.73293  dW: 18.4693  dPhi(Nx/2)(Ny/2)(Nz/2): -0.0266762 Phi A: 0.0624643 Phi B: 0.960527 Phi I: 5.82159e-52
Total charge: -5.58153e-20
etaHat: 124879
5  fE: -6.57478  dfE: 2.56148  dW: 16.3709  dPhi(Nx/2)(Ny/2)(Nz/2): 0.238366 Phi A: 0.0446522 Phi B: 0.714413 Phi I: 5.81987e-52
Total charge: -4.24916e-20
etaHat: 124879
6  fE: -4.83994  dfE: 1.73484  dW: 14.0613  dPhi(Nx/2)(Ny/2)(Nz/2): 0.410237 Phi A: 0.0339933 Phi B: 0.55391 Phi I: 5.81839e-52
Total charge: -3.42268e-20
etaHat: 124879
7  fE: -3.66115  dfE: 1.17878  dW: 11.656  dPhi(Nx/2)(Ny/2)(Nz/2): 0.522975 Phi A: 0.0273814 Phi B: 0.448245 Phi I: 5.81715e-52
Total charge: -2.90304e-20
etaHat: 124879
8  fE: -2.85051  dfE: 0.810647  dW: 9.23221  dPhi(Nx/2)(Ny/2)(Nz/2): 0.597016 Phi A: 0.0232243 Phi B: 0.378668 Phi I: 5.81615e-52
Total charge: -2.58269e-20
etaHat: 124879
9  fE: -2.28339  dfE: 0.567116  dW: 6.84279  dPhi(Nx/2)(Ny/2)(Nz/2): 0.644716 Phi A: 0.0206615 Phi B: 0.333739 Phi I: 5.8154e-52
Total charge: -2.40182e-20
etaHat: 124879
10  fE: -1.87823  dfE: 0.405159  dW: 4.52591  dPhi(Nx/2)(Ny/2)(Nz/2): 0.673537 Phi A: 0.0192146 Phi B: 0.306511 Phi I: 5.81489e-52
Saving data . . .
Total charge: -2.32732e-20
etaHat: 124879
11  fE: -1.58127  dfE: 0.29696  dW: 2.31094  dPhi(Nx/2)(Ny/2)(Nz/2): 0.687894 Phi A: 0.0186186 Phi B: 0.292853 Phi I: 5.81461e-52
Total charge: -2.34218e-20
etaHat: 124879
12  fE: -1.3563  dfE: 0.224967  dW: 0.576368  dPhi(Nx/2)(Ny/2)(Nz/2): 0.690216 Phi A: 0.0187374 Phi B: 0.290488 Phi I: 5.81455e-52
Total charge: -2.43996e-20
etaHat: 124879
13  fE: -1.17805  dfE: 0.178251  dW: 1.71634  dPhi(Nx/2)(Ny/2)(Nz/2): 0.68156 Phi A: 0.0195197 Phi B: 0.29842 Phi I: 5.8147e-52
Total charge: -2.62172e-20
etaHat: 124879
14  fE: -1.02801  dfE: 0.150038  dW: 3.48203  dPhi(Nx/2)(Ny/2)(Nz/2): 0.661958 Phi A: 0.0209737 Phi B: 0.316618 Phi I: 5.81503e-52
Total charge: -2.8941e-20
etaHat: 124879
15  fE: -0.892038  dfE: 0.135977  dW: 5.04826  dPhi(Nx/2)(Ny/2)(Nz/2): 0.630615 Phi A: 0.0231528 Phi B: 0.34583 Phi I: 5.81553e-52
Total charge: -3.26767e-20
etaHat: 124879
16  fE: -0.759302  dfE: 0.132736  dW: 6.3846  dPhi(Nx/2)(Ny/2)(Nz/2): 0.586063 Phi A: 0.0261414 Phi B: 0.387447 Phi I: 5.81618e-52
Total charge: -3.75452e-20
etaHat: 124879
17  fE: -0.62273  dfE: 0.136572  dW: 7.45557  dPhi(Nx/2)(Ny/2)(Nz/2): 0.526334 Phi A: 0.0300362 Phi B: 0.443354 Phi I: 5.81696e-52
Total charge: -4.36443e-20
etaHat: 124879
18  fE: -0.481089  dfE: 0.14164  dW: 8.22091  dPhi(Nx/2)(Ny/2)(Nz/2): 0.449264 Phi A: 0.0349154 Phi B: 0.51565 Phi I: 5.81783e-52
Total charge: -5.09854e-20
etaHat: 124879
19  fE: -0.342969  dfE: 0.13812  dW: 8.63779  dPhi(Nx/2)(Ny/2)(Nz/2): 0.353043 Phi A: 0.0407883 Phi B: 0.606152 Phi I: 5.81877e-52
Total charge: -5.94047e-20
etaHat: 124879
20  fE: -0.232018  dfE: 0.110952  dW: 8.66618  dPhi(Nx/2)(Ny/2)(Nz/2): 0.237114 Phi A: 0.0475237 Phi B: 0.715574 Phi I: 5.81974e-52
Saving data . . .
Total charge: -6.84634e-20
etaHat: 124879
21  fE: -0.190967  dfE: 0.041051  dW: 8.2781  dPhi(Nx/2)(Ny/2)(Nz/2): 0.103409 Phi A: 0.0547707 Phi B: 0.842357 Phi I: 5.82069e-52
Total charge: -7.7385e-20
etaHat: 124879
22  fE: -0.279382  dfE: 0.0884155  dW: 7.47028  dPhi(Nx/2)(Ny/2)(Nz/2): -0.0423414 Phi A: 0.061908 Phi B: 0.981412 Phi I: 5.82159e-52
Total charge: -8.51033e-20
etaHat: 124879
23  fE: -0.559194  dfE: 0.279812  dW: 6.27724  dPhi(Nx/2)(Ny/2)(Nz/2): -0.189876 Phi A: 0.0680827 Phi B: 1.12334 Phi I: 5.82238e-52
Total charge: -9.04814e-20
etaHat: 124879
24  fE: -1.06712  dfE: 0.507929  dW: 4.77892  dPhi(Nx/2)(Ny/2)(Nz/2): -0.325151 Phi A: 0.0723851 Phi B: 1.25497 Phi I: 5.82304e-52
Total charge: -9.26663e-20
etaHat: 124879
25  fE: -1.78513  dfE: 0.718004  dW: 3.0977  dPhi(Nx/2)(Ny/2)(Nz/2): -0.433075 Phi A: 0.0741331 Phi B: 1.36186 Phi I: 5.82353e-52
Total charge: -9.14101e-20
etaHat: 124879
26  fE: -2.62973  dfE: 0.844609  dW: 2.26906  dPhi(Nx/2)(Ny/2)(Nz/2): -0.501596 Phi A: 0.073128 Phi B: 1.43208 Phi I: 5.82384e-52
Total charge: -8.7156e-20
etaHat: 124879
27  fE: -3.47399  dfE: 0.844254  dW: 1.70421  dPhi(Nx/2)(Ny/2)(Nz/2): -0.525258 Phi A: 0.0697248 Phi B: 1.45973 Phi I: 5.82396e-52
Total charge: -8.08336e-20
etaHat: 124879
28  fE: -4.19219  dfE: 0.718205  dW: 1.663  dPhi(Nx/2)(Ny/2)(Nz/2): -0.506369 Phi A: 0.0646669 Phi B: 1.44632 Phi I: 5.82392e-52
Total charge: -7.3506e-20
etaHat: 124879
29  fE: -4.70046  dfE: 0.508264  dW: 2.78391  dPhi(Nx/2)(Ny/2)(Nz/2): -0.453371 Phi A: 0.0588048 Phi B: 1.39942 Phi I: 5.82374e-52
Total charge: -6.60759e-20
etaHat: 124879
30  fE: -4.97243  dfE: 0.271974  dW: 3.59515  dPhi(Nx/2)(Ny/2)(Nz/2): -0.377663 Phi A: 0.0528607 Phi B: 1.32973 Phi I: 5.82345e-52
Saving data . . .
Total charge: -5.91542e-20
etaHat: 124879
31  fE: -5.02993  dfE: 0.0574994  dW: 4.09595  dPhi(Nx/2)(Ny/2)(Nz/2): -0.290544 Phi A: 0.0473234 Phi B: 1.24807 Phi I: 5.82308e-52
Total charge: -5.3067e-20
etaHat: 124879
32  fE: -4.92163  dfE: 0.108302  dW: 4.31277  dPhi(Nx/2)(Ny/2)(Nz/2): -0.201303 Phi A: 0.0424536 Phi B: 1.16352 Phi I: 5.82267e-52
Total charge: -4.79305e-20
etaHat: 124879
33  fE: -4.7029  dfE: 0.218729  dW: 4.2847  dPhi(Nx/2)(Ny/2)(Nz/2): -0.116543 Phi A: 0.0383444 Phi B: 1.08264 Phi I: 5.82224e-52
Total charge: -4.37335e-20
etaHat: 124879
34  fE: -4.42297  dfE: 0.279926  dW: 4.05596  dPhi(Nx/2)(Ny/2)(Nz/2): -0.0403555 Phi A: 0.0349868 Phi B: 1.00955 Phi I: 5.82183e-52
Total charge: -4.04015e-20
etaHat: 124879
35  fE: -4.11955  dfE: 0.303425  dW: 3.67107  dPhi(Nx/2)(Ny/2)(Nz/2): 0.0251256 Phi A: 0.0323212 Phi B: 0.946467 Phi I: 5.82145e-52
Total charge: -3.78372e-20
etaHat: 124879
36  fE: -3.81839  dfE: 0.301164  dW: 3.17212  dPhi(Nx/2)(Ny/2)(Nz/2): 0.0791112 Phi A: 0.0302697 Phi B: 0.894275 Phi I: 5.82111e-52
Total charge: -3.59424e-20
etaHat: 124879
37  fE: -3.53532  dfE: 0.283069  dW: 2.59746  dPhi(Nx/2)(Ny/2)(Nz/2): 0.121639 Phi A: 0.0287539 Phi B: 0.853023 Phi I: 5.82083e-52
Total charge: -3.46281e-20
etaHat: 124879
38  fE: -3.27894  dfE: 0.256381  dW: 1.98129  dPhi(Nx/2)(Ny/2)(Nz/2): 0.153197 Phi A: 0.0277025 Phi B: 0.822295 Phi I: 5.82061e-52
Total charge: -3.38175e-20
etaHat: 124879
39  fE: -3.05306  dfE: 0.225873  dW: 1.35371  dPhi(Nx/2)(Ny/2)(Nz/2): 0.174486 Phi A: 0.027054 Phi B: 0.801452 Phi I: 5.82045e-52
Total charge: -3.34449e-20
etaHat: 124879
40  fE: -2.85869  dfE: 0.194371  dW: 0.74095  dPhi(Nx/2)(Ny/2)(Nz/2): 0.186282 Phi A: 0.0267559 Phi B: 0.789768 Phi I: 5.82035e-52
Saving data . . .
Total charge: -3.34528e-20
etaHat: 124879
41  fE: -2.69539  dfE: 0.163304  dW: 0.217519  dPhi(Nx/2)(Ny/2)(Nz/2): 0.189374 Phi A: 0.0267623 Phi B: 0.786494 Phi I: 5.82032e-52
Total charge: -3.37892e-20
etaHat: 124879
42  fE: -2.56222  dfE: 0.133169  dW: 0.353967  dPhi(Nx/2)(Ny/2)(Nz/2): 0.184554 Phi A: 0.0270314 Phi B: 0.790874 Phi I: 5.82034e-52
Total charge: -3.44031e-20
etaHat: 124879
43  fE: -2.45834  dfE: 0.103883  dW: 0.799142  dPhi(Nx/2)(Ny/2)(Nz/2): 0.172642 Phi A: 0.0275225 Phi B: 0.802125 Phi I: 5.82042e-52
Total charge: -3.52416e-20
etaHat: 124879
44  fE: -2.38326  dfE: 0.0750717  dW: 1.16034  dPhi(Nx/2)(Ny/2)(Nz/2): 0.15452 Phi A: 0.0281933 Phi B: 0.8194 Phi I: 5.82054e-52
Total charge: -3.6247e-20
etaHat: 124879
45  fE: -2.33697  dfE: 0.0462971  dW: 1.42787  dPhi(Nx/2)(Ny/2)(Nz/2): 0.131178 Phi A: 0.0289976 Phi B: 0.841748 Phi I: 5.82069e-52
Total charge: -3.73557e-20
etaHat: 124879
46  fE: -2.31969  dfE: 0.0172717  dW: 1.59693  dPhi(Nx/2)(Ny/2)(Nz/2): 0.103755 Phi A: 0.0298846 Phi B: 0.868078 Phi I: 5.82086e-52
Total charge: -3.84982e-20
etaHat: 124879
47  fE: -2.33165  dfE: 0.0119511  dW: 1.66703  dPhi(Nx/2)(Ny/2)(Nz/2): 0.0735548 Phi A: 0.0307986 Phi B: 0.897135 Phi I: 5.82105e-52
Total charge: -3.96015e-20
etaHat: 124879
48  fE: -2.37247  dfE: 0.0408274  dW: 1.64211  dPhi(Nx/2)(Ny/2)(Nz/2): 0.042036 Phi A: 0.0316812 Phi B: 0.927519 Phi I: 5.82124e-52
Total charge: -4.05933e-20
etaHat: 124879
49  fE: -2.44073  dfE: 0.0682577  dW: 1.53061  dPhi(Nx/2)(Ny/2)(Nz/2): 0.0107643 Phi A: 0.0324746 Phi B: 0.95772 Phi I: 5.82142e-52
Total charge: -4.14081e-20
etaHat: 124879
50  fE: -2.53338  dfE: 0.0926513  dW: 1.34506  dPhi(Nx/2)(Ny/2)(Nz/2): -0.0186753 Phi A: 0.0331265 Phi B: 0.98621 Phi I: 5.82159e-52
Saving data . . .
Total charge: -4.19933e-20
etaHat: 124879
51  fE: -2.64553  dfE: 0.112147  dW: 1.1014  dPhi(Nx/2)(Ny/2)(Nz/2): -0.0447961 Phi A: 0.0335946 Phi B: 1.01155 Phi I: 5.82173e-52
Total charge: -4.23149e-20
etaHat: 124879
52  fE: -2.77049  dfE: 0.124963  dW: 0.817931  dPhi(Nx/2)(Ny/2)(Nz/2): -0.0663394 Phi A: 0.0338519 Phi B: 1.03251 Phi I: 5.82185e-52
Total charge: -4.2361e-20
etaHat: 124879
53  fE: -2.90029  dfE: 0.129801  dW: 0.563315  dPhi(Nx/2)(Ny/2)(Nz/2): -0.0823915 Phi A: 0.0338888 Phi B: 1.04821 Phi I: 5.82194e-52
Total charge: -4.21416e-20
etaHat: 124879
54  fE: -3.02647  dfE: 0.12618  dW: 0.458986  dPhi(Nx/2)(Ny/2)(Nz/2): -0.0924646 Phi A: 0.0337133 Phi B: 1.05815 Phi I: 5.82199e-52
Total charge: -4.16864e-20
etaHat: 124879
55  fE: -3.14107  dfE: 0.114596  dW: 0.352679  dPhi(Nx/2)(Ny/2)(Nz/2): -0.096524 Phi A: 0.0333492 Phi B: 1.06228 Phi I: 5.82201e-52
Total charge: -4.10397e-20
etaHat: 124879
56  fE: -3.23752  dfE: 0.0964526  dW: 0.348367  dPhi(Nx/2)(Ny/2)(Nz/2): -0.0949575 Phi A: 0.0328317 Phi B: 1.06097 Phi I: 5.822e-52
Total charge: -4.02535e-20
etaHat: 124879
57  fE: -3.31132  dfE: 0.0738012  dW: 0.56025  dPhi(Nx/2)(Ny/2)(Nz/2): -0.0884976 Phi A: 0.0322028 Phi B: 1.05491 Phi I: 5.82197e-52
Total charge: -3.93822e-20
etaHat: 124879
58  fE: -3.36029  dfE: 0.0489629  dW: 0.7308  dPhi(Nx/2)(Ny/2)(Nz/2): -0.078114 Phi A: 0.0315058 Phi B: 1.04503 Phi I: 5.82191e-52
Total charge: -3.84773e-20
etaHat: 124879
59  fE: -3.38445  dfE: 0.0241603  dW: 0.849537  dPhi(Nx/2)(Ny/2)(Nz/2): -0.0648972 Phi A: 0.0307818 Phi B: 1.03238 Phi I: 5.82184e-52
Total charge: -3.75837e-20
etaHat: 124879
60  fE: -3.38568  dfE: 0.0012362  dW: 0.916274  dPhi(Nx/2)(Ny/2)(Nz/2): -0.0499531 Phi A: 0.030067 Phi B: 1.01803 Phi I: 5.82175e-52
Saving data . . .
Total charge: -3.67381e-20
etaHat: 124879
61  fE: -3.36719  dfE: 0.0184964  dW: 0.933657  dPhi(Nx/2)(Ny/2)(Nz/2): -0.0343193 Phi A: 0.0293905 Phi B: 1.00299 Phi I: 5.82166e-52
Total charge: -3.59685e-20
etaHat: 124879
62  fE: -3.33291  dfE: 0.0342793  dW: 0.906552  dPhi(Nx/2)(Ny/2)(Nz/2): -0.018908 Phi A: 0.0287748 Phi B: 0.988136 Phi I: 5.82157e-52
Total charge: -3.52943e-20
etaHat: 124879
63  fE: -3.28706  dfE: 0.0458429  dW: 0.841434  dPhi(Nx/2)(Ny/2)(Nz/2): -0.00447361 Phi A: 0.0282354 Phi B: 0.97421 Phi I: 5.82149e-52
Total charge: -3.47274e-20
etaHat: 124879
64  fE: -3.23377  dfE: 0.0532919  dW: 0.745801  dPhi(Nx/2)(Ny/2)(Nz/2): 0.00839778 Phi A: 0.0277819 Phi B: 0.961785 Phi I: 5.82141e-52
Total charge: -3.42734e-20
etaHat: 124879
65  fE: -3.17679  dfE: 0.0569801  dW: 0.62766  dPhi(Nx/2)(Ny/2)(Nz/2): 0.0192856 Phi A: 0.0274187 Phi B: 0.951272 Phi I: 5.82134e-52
Total charge: -3.39323e-20
etaHat: 124879
66  fE: -3.11939  dfE: 0.0573991  dW: 0.495088  dPhi(Nx/2)(Ny/2)(Nz/2): 0.0279225 Phi A: 0.0271459 Phi B: 0.942937 Phi I: 5.82129e-52
Total charge: -3.37002e-20
etaHat: 124879
67  fE: -3.0643  dfE: 0.0550935  dW: 0.355873  dPhi(Nx/2)(Ny/2)(Nz/2): 0.0341778 Phi A: 0.0269602 Phi B: 0.936911 Phi I: 5.82125e-52
Total charge: -3.35693e-20
etaHat: 124879
68  fE: -3.01369  dfE: 0.0506045  dW: 0.217225  dPhi(Nx/2)(Ny/2)(Nz/2): 0.0380395 Phi A: 0.0268554 Phi B: 0.93321 Phi I: 5.82122e-52
Total charge: -3.35291e-20
etaHat: 124879
69  fE: -2.96926  dfE: 0.0444393  dW: 0.0879777  dPhi(Nx/2)(Ny/2)(Nz/2): 0.0395975 Phi A: 0.0268233 Phi B: 0.931751 Phi I: 5.82121e-52
Total charge: -3.35672e-20
etaHat: 124879
70  fE: -2.9322  dfE: 0.0370592  dW: 0.0492574  dPhi(Nx/2)(Ny/2)(Nz/2): 0.0390272 Phi A: 0.0268537 Phi B: 0.932369 Phi I: 5.82121e-52
Saving data . . .
Total charge: -3.36691e-20
etaHat: 124879
71  fE: -2.90332  dfE: 0.0288812  dW: 0.136393  dPhi(Nx/2)(Ny/2)(Nz/2): 0.0365744 Phi A: 0.0269352 Phi B: 0.934827 Phi I: 5.82122e-52
Total charge: -3.38194e-20
etaHat: 124879
72  fE: -2.88303  dfE: 0.0202861  dW: 0.219089  dPhi(Nx/2)(Ny/2)(Nz/2): 0.0325409 Phi A: 0.0270555 Phi B: 0.938837 Phi I: 5.82124e-52
Total charge: -3.40022e-20
etaHat: 124879
73  fE: -2.8714  dfE: 0.0116269  dW: 0.280078  dPhi(Nx/2)(Ny/2)(Nz/2): 0.0272697 Phi A: 0.0272017 Phi B: 0.944066 Phi I: 5.82127e-52
Total charge: -3.42015e-20
etaHat: 124879
74  fE: -2.86817  dfE: 0.003236  dW: 0.31858  dPhi(Nx/2)(Ny/2)(Nz/2): 0.0211299 Phi A: 0.0273612 Phi B: 0.950158 Phi I: 5.82131e-52
Total charge: -3.4402e-20
etaHat: 124879
75  fE: -2.87274  dfE: 0.00457345  dW: 0.335011  dPhi(Nx/2)(Ny/2)(Nz/2): 0.0145007 Phi A: 0.0275216 Phi B: 0.956744 Phi I: 5.82135e-52
Total charge: -3.45897e-20
etaHat: 124879
76  fE: -2.88425  dfE: 0.0115127  dW: 0.330815  dPhi(Nx/2)(Ny/2)(Nz/2): 0.00775452 Phi A: 0.0276718 Phi B: 0.963464 Phi I: 5.82138e-52
Total charge: -3.47527e-20
etaHat: 124879
77  fE: -2.90158  dfE: 0.0173284  dW: 0.308321  dPhi(Nx/2)(Ny/2)(Nz/2): 0.00124019 Phi A: 0.0278021 Phi B: 0.969975 Phi I: 5.82142e-52
Total charge: -3.48811e-20
etaHat: 124879
78  fE: -2.9234  dfE: 0.0218172  dW: 0.270556  dPhi(Nx/2)(Ny/2)(Nz/2): -0.00473265 Phi A: 0.0279049 Phi B: 0.975975 Phi I: 5.82146e-52
Total charge: -3.49683e-20
etaHat: 124879
79  fE: -2.94824  dfE: 0.0248418  dW: 0.221059  dPhi(Nx/2)(Ny/2)(Nz/2): -0.00990738 Phi A: 0.0279747 Phi B: 0.981211 Phi I: 5.82149e-52
Total charge: -3.50104e-20
etaHat: 124879
80  fE: -2.97458  dfE: 0.0263448  dW: 0.166331  dPhi(Nx/2)(Ny/2)(Nz/2): -0.0140908 Phi A: 0.0280083 Phi B: 0.985491 Phi I: 5.82151e-52
Saving data . . .
Total charge: -3.50064e-20
etaHat: 124879
81  fE: -3.00094  dfE: 0.0263554  dW: 0.126321  dPhi(Nx/2)(Ny/2)(Nz/2): -0.0171594 Phi A: 0.0280051 Phi B: 0.988691 Phi I: 5.82153e-52
Total charge: -3.49584e-20
etaHat: 124879
82  fE: -3.02593  dfE: 0.0249888  dW: 0.102975  dPhi(Nx/2)(Ny/2)(Nz/2): -0.019061 Phi A: 0.0279667 Phi B: 0.990754 Phi I: 5.82154e-52
Total charge: -3.48705e-20
etaHat: 124879
83  fE: -3.04837  dfE: 0.0224372  dW: 0.0831878  dPhi(Nx/2)(Ny/2)(Nz/2): -0.0198113 Phi A: 0.0278964 Phi B: 0.991693 Phi I: 5.82154e-52
Total charge: -3.47488e-20
etaHat: 124879
84  fE: -3.06732  dfE: 0.0189515  dW: 0.0855074  dPhi(Nx/2)(Ny/2)(Nz/2): -0.0194869 Phi A: 0.0277991 Phi B: 0.991576 Phi I: 5.82154e-52
Total charge: -3.46008e-20
etaHat: 124879
85  fE: -3.08214  dfE: 0.0148194  dW: 0.120144  dPhi(Nx/2)(Ny/2)(Nz/2): -0.0182142 Phi A: 0.0276807 Phi B: 0.990524 Phi I: 5.82153e-52
Total charge: -3.44346e-20
etaHat: 124879
86  fE: -3.09248  dfE: 0.0103404  dW: 0.156308  dPhi(Nx/2)(Ny/2)(Nz/2): -0.0161571 Phi A: 0.0275477 Phi B: 0.988693 Phi I: 5.82152e-52
Total charge: -3.42582e-20
etaHat: 124879
87  fE: -3.09828  dfE: 0.0058026  dW: 0.182695  dPhi(Nx/2)(Ny/2)(Nz/2): -0.0135031 Phi A: 0.0274066 Phi B: 0.986264 Phi I: 5.82151e-52
Total charge: -3.40797e-20
etaHat: 124879
88  fE: -3.09974  dfE: 0.00146347  dW: 0.198518  dPhi(Nx/2)(Ny/2)(Nz/2): -0.0104502 Phi A: 0.0272637 Phi B: 0.983427 Phi I: 5.82149e-52
Total charge: -3.3906e-20
etaHat: 124879
89  fE: -3.09728  dfE: 0.0024641  dW: 0.204059  dPhi(Nx/2)(Ny/2)(Nz/2): -0.00719431 Phi A: 0.0271248 Phi B: 0.980374 Phi I: 5.82147e-52
Total charge: -3.37433e-20
etaHat: 124879
90  fE: -3.09146  dfE: 0.00581941  dW: 0.20009  dPhi(Nx/2)(Ny/2)(Nz/2): -0.00391968 Phi A: 0.0269947 Phi B: 0.977283 Phi I: 5.82145e-52
Saving data . . .
Total charge: -3.35965e-20
etaHat: 124879
91  fE: -3.08296  dfE: 0.00849608  dW: 0.187777  dPhi(Nx/2)(Ny/2)(Nz/2): -0.000790262 Phi A: 0.0268772 Phi B: 0.974316 Phi I: 5.82143e-52
Total charge: -3.34693e-20
etaHat: 124879
92  fE: -3.07252  dfE: 0.0104395  dW: 0.168575  dPhi(Nx/2)(Ny/2)(Nz/2): 0.0020559 Phi A: 0.0267754 Phi B: 0.971606 Phi I: 5.82141e-52
Total charge: -3.33639e-20
etaHat: 124879
93  fE: -3.06088  dfE: 0.0116415  dW: 0.14412  dPhi(Nx/2)(Ny/2)(Nz/2): 0.00451027 Phi A: 0.0266912 Phi B: 0.969262 Phi I: 5.8214e-52
Total charge: -3.32816e-20
etaHat: 124879
94  fE: -3.04875  dfE: 0.0121322  dW: 0.116133  dPhi(Nx/2)(Ny/2)(Nz/2): 0.00649549 Phi A: 0.0266253 Phi B: 0.96736 Phi I: 5.82138e-52
Total charge: -3.32221e-20
etaHat: 124879
95  fE: -3.03678  dfE: 0.0119729  dW: 0.0863305  dPhi(Nx/2)(Ny/2)(Nz/2): 0.00796531 Phi A: 0.0265777 Phi B: 0.965948 Phi I: 5.82138e-52
Total charge: -3.31845e-20
etaHat: 124879
96  fE: -3.02553  dfE: 0.0112473  dW: 0.0566364  dPhi(Nx/2)(Ny/2)(Nz/2): 0.00890309 Phi A: 0.0265476 Phi B: 0.965043 Phi I: 5.82137e-52
Total charge: -3.31669e-20
etaHat: 124879
97  fE: -3.01548  dfE: 0.0100545  dW: 0.0318699  dPhi(Nx/2)(Ny/2)(Nz/2): 0.0093193 Phi A: 0.0265335 Phi B: 0.964638 Phi I: 5.82137e-52
Total charge: -3.31667e-20
etaHat: 124879
98  fE: -3.00697  dfE: 0.00850265  dW: 0.0215784  dPhi(Nx/2)(Ny/2)(Nz/2): 0.00924803 Phi A: 0.0265333 Phi B: 0.9647 Phi I: 5.82136e-52
Total charge: -3.31807e-20
etaHat: 124879
99  fE: -3.00027  dfE: 0.00670331  dW: 0.0277304  dPhi(Nx/2)(Ny/2)(Nz/2): 0.00874298 Phi A: 0.0265446 Phi B: 0.965178 Phi I: 5.82137e-52
Total charge: -3.32056e-20
etaHat: 124879
100  fE: -2.9955  dfE: 0.00476683  dW: 0.0413422  dPhi(Nx/2)(Ny/2)(Nz/2): 0.00787299 Phi A: 0.0265645 Phi B: 0.966009 Phi I: 5.82137e-52
Saving data . . .
Total charge: -3.32379e-20
etaHat: 124879
101  fE: -2.9927  dfE: 0.00279823  dW: 0.0541275  dPhi(Nx/2)(Ny/2)(Nz/2): 0.00671736 Phi A: 0.0265903 Phi B: 0.967114 Phi I: 5.82138e-52
Total charge: -3.3274e-20
etaHat: 124879
102  fE: -2.99181  dfE: 0.000893741  dW: 0.0629422  dPhi(Nx/2)(Ny/2)(Nz/2): 0.00536117 Phi A: 0.0266192 Phi B: 0.968414 Phi I: 5.82138e-52
Total charge: -3.33107e-20
etaHat: 124879
103  fE: -2.99267  dfE: 0.000862287  dW: 0.0671654  dPhi(Nx/2)(Ny/2)(Nz/2): 0.00389069 Phi A: 0.0266486 Phi B: 0.969824 Phi I: 5.82139e-52
Total charge: -3.33452e-20
etaHat: 124879
104  fE: -2.99507  dfE: 0.00239986  dW: 0.0670148  dPhi(Nx/2)(Ny/2)(Nz/2): 0.00238916 Phi A: 0.0266761 Phi B: 0.971264 Phi I: 5.8214e-52
Total charge: -3.33748e-20
etaHat: 124879
105  fE: -2.99874  dfE: 0.00366533  dW: 0.0630587  dPhi(Nx/2)(Ny/2)(Nz/2): 0.000933064 Phi A: 0.0266999 Phi B: 0.972661 Phi I: 5.82141e-52
Total charge: -3.33977e-20
etaHat: 124879
106  fE: -3.00336  dfE: 0.00462271  dW: 0.0561867  dPhi(Nx/2)(Ny/2)(Nz/2): -0.000411023 Phi A: 0.0267182 Phi B: 0.97395 Phi I: 5.82141e-52
Total charge: -3.34126e-20
etaHat: 124879
107  fE: -3.00862  dfE: 0.00525412  dW: 0.0476902  dPhi(Nx/2)(Ny/2)(Nz/2): -0.00158877 Phi A: 0.0267301 Phi B: 0.975078 Phi I: 5.82142e-52
Total charge: -3.34185e-20
etaHat: 124879
108  fE: -3.01417  dfE: 0.00555945  dW: 0.0391316  dPhi(Nx/2)(Ny/2)(Nz/2): -0.00255965 Phi A: 0.0267348 Phi B: 0.976006 Phi I: 5.82143e-52
Total charge: -3.34154e-20
etaHat: 124879
109  fE: -3.01973  dfE: 0.00555508  dW: 0.0318918  dPhi(Nx/2)(Ny/2)(Nz/2): -0.00329764 Phi A: 0.0267323 Phi B: 0.976709 Phi I: 5.82143e-52
Total charge: -3.34035e-20
etaHat: 124879
110  fE: -3.025  dfE: 0.00527174  dW: 0.0270732  dPhi(Nx/2)(Ny/2)(Nz/2): -0.00379113 Phi A: 0.0267228 Phi B: 0.977175 Phi I: 5.82143e-52
Saving data . . .
Total charge: -3.33837e-20
etaHat: 124879
111  fE: -3.02975  dfE: 0.00475172  dW: 0.025459  dPhi(Nx/2)(Ny/2)(Nz/2): -0.00404202 Phi A: 0.0267069 Phi B: 0.977406 Phi I: 5.82143e-52
Total charge: -3.33569e-20
etaHat: 124879
112  fE: -3.0338  dfE: 0.00404554  dW: 0.0271092  dPhi(Nx/2)(Ny/2)(Nz/2): -0.00406429 Phi A: 0.0266855 Phi B: 0.977415 Phi I: 5.82143e-52
Total charge: -3.33247e-20
etaHat: 124879
113  fE: -3.03701  dfE: 0.00320845  dW: 0.031206  dPhi(Nx/2)(Ny/2)(Nz/2): -0.00388193 Phi A: 0.0266598 Phi B: 0.977225 Phi I: 5.82143e-52
Total charge: -3.32886e-20
etaHat: 124879
114  fE: -3.0393  dfE: 0.0022969  dW: 0.0362625  dPhi(Nx/2)(Ny/2)(Nz/2): -0.00352674 Phi A: 0.0266308 Phi B: 0.976868 Phi I: 5.82143e-52
Total charge: -3.32501e-20
etaHat: 124879
115  fE: -3.04067  dfE: 0.00136533  dW: 0.0408306  dPhi(Nx/2)(Ny/2)(Nz/2): -0.0030358 Phi A: 0.0266001 Phi B: 0.97638 Phi I: 5.82142e-52
Total charge: -3.32109e-20
etaHat: 124879
116  fE: -3.04113  dfE: 0.000463374  dW: 0.0439555  dPhi(Nx/2)(Ny/2)(Nz/2): -0.00244898 Phi A: 0.0265687 Phi B: 0.975798 Phi I: 5.82142e-52
Total charge: -3.31724e-20
etaHat: 124879
117  fE: -3.04077  dfE: 0.000366303  dW: 0.045212  dPhi(Nx/2)(Ny/2)(Nz/2): -0.00180667 Phi A: 0.0265379 Phi B: 0.975163 Phi I: 5.82142e-52
Total charge: -3.31359e-20
etaHat: 124879
118  fE: -3.03968  dfE: 0.00108947  dW: 0.0445615  dPhi(Nx/2)(Ny/2)(Nz/2): -0.00114761 Phi A: 0.0265088 Phi B: 0.974512 Phi I: 5.82141e-52
Total charge: -3.31026e-20
etaHat: 124879
119  fE: -3.038  dfE: 0.00168119  dW: 0.0421734  dPhi(Nx/2)(Ny/2)(Nz/2): -0.000507151 Phi A: 0.0264821 Phi B: 0.97388 Phi I: 5.82141e-52
Total charge: -3.30733e-20
etaHat: 124879
120  fE: -3.03587  dfE: 0.00212601  dW: 0.0383549  dPhi(Nx/2)(Ny/2)(Nz/2): 8.4149e-05 Phi A: 0.0264586 Phi B: 0.973297 Phi I: 5.8214e-52
Saving data . . .
Total charge: -3.30485e-20
etaHat: 124879
121  fE: -3.03345  dfE: 0.00241758  dW: 0.0335197  dPhi(Nx/2)(Ny/2)(Nz/2): 0.000601536 Phi A: 0.0264388 Phi B: 0.972786 Phi I: 5.8214e-52
Total charge: -3.30285e-20
etaHat: 124879
122  fE: -3.03089  dfE: 0.00255797  dW: 0.028213  dPhi(Nx/2)(Ny/2)(Nz/2): 0.00102665 Phi A: 0.0264228 Phi B: 0.972367 Phi I: 5.8214e-52
Total charge: -3.30134e-20
etaHat: 124879
123  fE: -3.02834  dfE: 0.00255648  dW: 0.0230954  dPhi(Nx/2)(Ny/2)(Nz/2): 0.00134773 Phi A: 0.0264107 Phi B: 0.972049 Phi I: 5.8214e-52
Total charge: -3.30031e-20
etaHat: 124879
124  fE: -3.02591  dfE: 0.00242839  dW: 0.0188497  dPhi(Nx/2)(Ny/2)(Nz/2): 0.0015595 Phi A: 0.0264025 Phi B: 0.97184 Phi I: 5.82139e-52
Total charge: -3.29971e-20
etaHat: 124879
125  fE: -3.02372  dfE: 0.0021935  dW: 0.0159749  dPhi(Nx/2)(Ny/2)(Nz/2): 0.00166272 Phi A: 0.0263977 Phi B: 0.971738 Phi I: 5.82139e-52
Total charge: -3.2995e-20
etaHat: 124879
126  fE: -3.02184  dfE: 0.00187469  dW: 0.0145661  dPhi(Nx/2)(Ny/2)(Nz/2): 0.0016635 Phi A: 0.026396 Phi B: 0.971737 Phi I: 5.82139e-52
Total charge: -3.29961e-20
etaHat: 124879
127  fE: -3.02034  dfE: 0.00149647  dW: 0.0143862  dPhi(Nx/2)(Ny/2)(Nz/2): 0.00157246 Phi A: 0.0263968 Phi B: 0.971827 Phi I: 5.82139e-52
Total charge: -3.29996e-20
etaHat: 124879
128  fE: -3.01926  dfE: 0.00108366  dW: 0.0149893  dPhi(Nx/2)(Ny/2)(Nz/2): 0.00140371 Phi A: 0.0263997 Phi B: 0.971994 Phi I: 5.82139e-52
Total charge: -3.30049e-20
etaHat: 124879
129  fE: -3.0186  dfE: 0.000660176  dW: 0.0159027  dPhi(Nx/2)(Ny/2)(Nz/2): 0.00117379 Phi A: 0.0264039 Phi B: 0.972223 Phi I: 5.82139e-52
Total charge: -3.30111e-20
etaHat: 124879
130  fE: -3.01835  dfE: 0.000247972  dW: 0.0167194  dPhi(Nx/2)(Ny/2)(Nz/2): 0.000900615 Phi A: 0.0264089 Phi B: 0.972495 Phi I: 5.8214e-52
Saving data . . .
Total charge: -3.30176e-20
etaHat: 124879
131  fE: -3.01849  dfE: 0.000133774  dW: 0.0171752  dPhi(Nx/2)(Ny/2)(Nz/2): 0.000602441 Phi A: 0.0264141 Phi B: 0.972793 Phi I: 5.8214e-52
Total charge: -3.30238e-20
etaHat: 124879
132  fE: -3.01896  dfE: 0.00046933  dW: 0.0171601  dPhi(Nx/2)(Ny/2)(Nz/2): 0.000296911 Phi A: 0.026419 Phi B: 0.9731 Phi I: 5.8214e-52
Total charge: -3.30291e-20
etaHat: 124879
133  fE: -3.0197  dfE: 0.000746818  dW: 0.0166892  dPhi(Nx/2)(Ny/2)(Nz/2): 2.43295e-07 Phi A: 0.0264233 Phi B: 0.973399 Phi I: 5.8214e-52
Total charge: -3.3033e-20
etaHat: 124879
134  fE: -3.02066  dfE: 0.000958425  dW: 0.0158779  dPhi(Nx/2)(Ny/2)(Nz/2): -0.000273433 Phi A: 0.0264264 Phi B: 0.973677 Phi I: 5.8214e-52
Total charge: -3.30354e-20
etaHat: 124879
135  fE: -3.02176  dfE: 0.00110038  dW: 0.0148943  dPhi(Nx/2)(Ny/2)(Nz/2): -0.000512576 Phi A: 0.0264283 Phi B: 0.973923 Phi I: 5.8214e-52
Total charge: -3.30359e-20
etaHat: 124879
136  fE: -3.02293  dfE: 0.00117278  dW: 0.0139188  dPhi(Nx/2)(Ny/2)(Nz/2): -0.000708546 Phi A: 0.0264288 Phi B: 0.974126 Phi I: 5.8214e-52
Total charge: -3.30347e-20
etaHat: 124879
137  fE: -3.02411  dfE: 0.00117914  dW: 0.0131146  dPhi(Nx/2)(Ny/2)(Nz/2): -0.000855745 Phi A: 0.0264277 Phi B: 0.974283 Phi I: 5.82141e-52
Total charge: -3.30316e-20
etaHat: 124879
138  fE: -3.02524  dfE: 0.00112598  dW: 0.0125994  dPhi(Nx/2)(Ny/2)(Nz/2): -0.000951584 Phi A: 0.0264252 Phi B: 0.974389 Phi I: 5.82141e-52
Total charge: -3.30268e-20
etaHat: 124879
139  fE: -3.02626  dfE: 0.00102209  dW: 0.012396  dPhi(Nx/2)(Ny/2)(Nz/2): -0.000996313 Phi A: 0.0264214 Phi B: 0.974446 Phi I: 5.82141e-52
Total charge: -3.30206e-20
etaHat: 124879
140  fE: -3.02714  dfE: 0.000877943  dW: 0.0124767  dPhi(Nx/2)(Ny/2)(Nz/2): -0.000992706 Phi A: 0.0264165 Phi B: 0.974455 Phi I: 5.82141e-52
Saving data . . .
Total charge: -3.30132e-20
etaHat: 124879
141  fE: -3.02784  dfE: 0.000704948  dW: 0.0127563  dPhi(Nx/2)(Ny/2)(Nz/2): -0.000945673 Phi A: 0.0264106 Phi B: 0.974422 Phi I: 5.82141e-52
Total charge: -3.3005e-20
etaHat: 124879
142  fE: -3.02836  dfE: 0.000514778  dW: 0.0131032  dPhi(Nx/2)(Ny/2)(Nz/2): -0.000861781 Phi A: 0.026404 Phi B: 0.974352 Phi I: 5.8214e-52
Total charge: -3.29963e-20
etaHat: 124879
143  fE: -3.02868  dfE: 0.000318756  dW: 0.0134112  dPhi(Nx/2)(Ny/2)(Nz/2): -0.000748761 Phi A: 0.026397 Phi B: 0.974253 Phi I: 5.8214e-52
Total charge: -3.29874e-20
etaHat: 124879
144  fE: -3.02881  dfE: 0.000127311  dW: 0.0135899  dPhi(Nx/2)(Ny/2)(Nz/2): -0.000614996 Phi A: 0.0263899 Phi B: 0.974133 Phi I: 5.8214e-52
Total charge: -3.29786e-20
etaHat: 124879
145  fE: -3.02876  dfE: 5.04576e-05  dW: 0.0135859  dPhi(Nx/2)(Ny/2)(Nz/2): -0.000469034 Phi A: 0.0263829 Phi B: 0.974001 Phi I: 5.8214e-52
Total charge: -3.29703e-20
etaHat: 124879
146  fE: -3.02855  dfE: 0.000207099  dW: 0.0133789  dPhi(Nx/2)(Ny/2)(Nz/2): -0.000319141 Phi A: 0.0263762 Phi B: 0.973863 Phi I: 5.8214e-52
Total charge: -3.29625e-20
etaHat: 124879
147  fE: -3.02821  dfE: 0.00033701  dW: 0.0129853  dPhi(Nx/2)(Ny/2)(Nz/2): -0.000172924 Phi A: 0.02637 Phi B: 0.973729 Phi I: 5.8214e-52
Total charge: -3.29557e-20
etaHat: 124879
148  fE: -3.02777  dfE: 0.000436519  dW: 0.0124514  dPhi(Nx/2)(Ny/2)(Nz/2): -3.70135e-05 Phi A: 0.0263645 Phi B: 0.973604 Phi I: 5.8214e-52
Total charge: -3.29497e-20
etaHat: 124879
149  fE: -3.02727  dfE: 0.000503863  dW: 0.0118388  dPhi(Nx/2)(Ny/2)(Nz/2): 8.31604e-05 Phi A: 0.0263598 Phi B: 0.973493 Phi I: 5.8214e-52
Total charge: -3.29449e-20
etaHat: 124879
150  fE: -3.02673  dfE: 0.00053907  dW: 0.0112154  dPhi(Nx/2)(Ny/2)(Nz/2): 0.000183513 Phi A: 0.0263559 Phi B: 0.973401 Phi I: 5.8214e-52
Saving data . . .
Total charge: -3.2941e-20
etaHat: 124879
151  fE: -3.02619  dfE: 0.000543764  dW: 0.0106387  dPhi(Nx/2)(Ny/2)(Nz/2): 0.00026137 Phi A: 0.0263528 Phi B: 0.973331 Phi I: 5.8214e-52
Total charge: -3.29382e-20
etaHat: 124879
152  fE: -3.02567  dfE: 0.000520915  dW: 0.0101562  dPhi(Nx/2)(Ny/2)(Nz/2): 0.000315451 Phi A: 0.0263506 Phi B: 0.973283 Phi I: 5.8214e-52
Total charge: -3.29364e-20
etaHat: 124879
153  fE: -3.02519  dfE: 0.000474545  dW: 0.00978789  dPhi(Nx/2)(Ny/2)(Nz/2): 0.000345789 Phi A: 0.0263491 Phi B: 0.973258 Phi I: 5.8214e-52
Total charge: -3.29354e-20
etaHat: 124879
154  fE: -3.02478  dfE: 0.000409422  dW: 0.00952823  dPhi(Nx/2)(Ny/2)(Nz/2): 0.000353593 Phi A: 0.0263483 Phi B: 0.973255 Phi I: 5.8214e-52
Total charge: -3.29352e-20
etaHat: 124879
155  fE: -3.02445  dfE: 0.000330742  dW: 0.00936173  dPhi(Nx/2)(Ny/2)(Nz/2): 0.000341067 Phi A: 0.0263481 Phi B: 0.973272 Phi I: 5.8214e-52
Total charge: -3.29355e-20
etaHat: 124879
156  fE: -3.02421  dfE: 0.000243829  dW: 0.00926072  dPhi(Nx/2)(Ny/2)(Nz/2): 0.000311195 Phi A: 0.0263484 Phi B: 0.973305 Phi I: 5.8214e-52
Total charge: -3.29362e-20
etaHat: 124879
157  fE: -3.02405  dfE: 0.00015386  dW: 0.00919263  dPhi(Nx/2)(Ny/2)(Nz/2): 0.000267516 Phi A: 0.0263489 Phi B: 0.973352 Phi I: 5.8214e-52
Total charge: -3.29371e-20
etaHat: 124879
158  fE: -3.02399  dfE: 6.56251e-05  dW: 0.00912983  dPhi(Nx/2)(Ny/2)(Nz/2): 0.00021389 Phi A: 0.0263497 Phi B: 0.973409 Phi I: 5.8214e-52
Total charge: -3.29382e-20
etaHat: 124879
159  fE: -3.02401  dfE: 1.66718e-05  dW: 0.00905152  dPhi(Nx/2)(Ny/2)(Nz/2): 0.000154273 Phi A: 0.0263505 Phi B: 0.973472 Phi I: 5.8214e-52
Total charge: -3.29392e-20
etaHat: 124879
160  fE: -3.0241  dfE: 8.95557e-05  dW: 0.00894631  dPhi(Nx/2)(Ny/2)(Nz/2): 9.25117e-05 Phi A: 0.0263514 Phi B: 0.973537 Phi I: 5.8214e-52
Saving data . . .
Total charge: -3.294e-20
etaHat: 124879
161  fE: -3.02425  dfE: 0.00015038  dW: 0.00881371  dPhi(Nx/2)(Ny/2)(Nz/2): 3.21638e-05 Phi A: 0.026352 Phi B: 0.973601 Phi I: 5.8214e-52
Total charge: -3.29406e-20
etaHat: 124879
162  fE: -3.02444  dfE: 0.000197372  dW: 0.0086598  dPhi(Nx/2)(Ny/2)(Nz/2): -2.36496e-05 Phi A: 0.0263525 Phi B: 0.973661 Phi I: 5.8214e-52
Total charge: -3.29409e-20
etaHat: 124879
163  fE: -3.02467  dfE: 0.000229631  dW: 0.00849619  dPhi(Nx/2)(Ny/2)(Nz/2): -7.23533e-05 Phi A: 0.0263527 Phi B: 0.973714 Phi I: 5.8214e-52
Total charge: -3.29408e-20
etaHat: 124879
164  fE: -3.02492  dfE: 0.000247082  dW: 0.00833475  dPhi(Nx/2)(Ny/2)(Nz/2): -0.00011199 Phi A: 0.0263527 Phi B: 0.973759 Phi I: 5.8214e-52
Total charge: -3.29404e-20
etaHat: 124879
165  fE: -3.02517  dfE: 0.000250397  dW: 0.00818557  dPhi(Nx/2)(Ny/2)(Nz/2): -0.000141255 Phi A: 0.0263523 Phi B: 0.973794 Phi I: 5.8214e-52
Total charge: -3.29395e-20
etaHat: 124879
166  fE: -3.02541  dfE: 0.000240882  dW: 0.00805668  dPhi(Nx/2)(Ny/2)(Nz/2): -0.000159492 Phi A: 0.0263516 Phi B: 0.973819 Phi I: 5.8214e-52
Total charge: -3.29384e-20
etaHat: 124879
167  fE: -3.02563  dfE: 0.000220348  dW: 0.0079497  dPhi(Nx/2)(Ny/2)(Nz/2): -0.000166661 Phi A: 0.0263507 Phi B: 0.973832 Phi I: 5.8214e-52
Total charge: -3.29369e-20
etaHat: 124879
168  fE: -3.02582  dfE: 0.000190967  dW: 0.00786322  dPhi(Nx/2)(Ny/2)(Nz/2): -0.000163276 Phi A: 0.0263495 Phi B: 0.973836 Phi I: 5.8214e-52
Total charge: -3.29352e-20
etaHat: 124879
169  fE: -3.02598  dfE: 0.000155129  dW: 0.00779079  dPhi(Nx/2)(Ny/2)(Nz/2): -0.000150323 Phi A: 0.0263481 Phi B: 0.97383 Phi I: 5.8214e-52
Total charge: -3.29333e-20
etaHat: 124879
170  fE: -3.02609  dfE: 0.000115294  dW: 0.00772484  dPhi(Nx/2)(Ny/2)(Nz/2): -0.000129162 Phi A: 0.0263466 Phi B: 0.973817 Phi I: 5.8214e-52
Saving data . . .
Total charge: -3.29312e-20
etaHat: 124879
171  fE: -3.02617  dfE: 7.38668e-05  dW: 0.00765744  dPhi(Nx/2)(Ny/2)(Nz/2): -0.000101424 Phi A: 0.026345 Phi B: 0.973797 Phi I: 5.8214e-52
Total charge: -3.29292e-20
etaHat: 124879
172  fE: -3.0262  dfE: 3.30796e-05  dW: 0.00758221  dPhi(Nx/2)(Ny/2)(Nz/2): -6.88988e-05 Phi A: 0.0263433 Phi B: 0.973772 Phi I: 5.8214e-52
Total charge: -3.29271e-20
etaHat: 124879
173  fE: -3.02619  dfE: 5.10028e-06  dW: 0.00749522  dPhi(Nx/2)(Ny/2)(Nz/2): -3.3434e-05 Phi A: 0.0263417 Phi B: 0.973744 Phi I: 5.8214e-52
Total charge: -3.29252e-20
etaHat: 124879
174  fE: -3.02616  dfE: 3.90418e-05  dW: 0.00739531  dPhi(Nx/2)(Ny/2)(Nz/2): 3.16334e-06 Phi A: 0.0263402 Phi B: 0.973716 Phi I: 5.8214e-52
Total charge: -3.29234e-20
etaHat: 124879
175  fE: -3.02609  dfE: 6.74959e-05  dW: 0.00728343  dPhi(Nx/2)(Ny/2)(Nz/2): 3.92107e-05 Phi A: 0.0263387 Phi B: 0.973687 Phi I: 5.8214e-52
Total charge: -3.29217e-20
etaHat: 124879
176  fE: -3.026  dfE: 8.96182e-05  dW: 0.00716307  dPhi(Nx/2)(Ny/2)(Nz/2): 7.32194e-05 Phi A: 0.0263374 Phi B: 0.97366 Phi I: 5.8214e-52
Total charge: -3.29203e-20
etaHat: 124879
177  fE: -3.02589  dfE: 0.000104968  dW: 0.00703801  dPhi(Nx/2)(Ny/2)(Nz/2): 0.000103947 Phi A: 0.0263363 Phi B: 0.973636 Phi I: 5.8214e-52
Total charge: -3.29191e-20
etaHat: 124879
178  fE: -3.02578  dfE: 0.000113489  dW: 0.00691208  dPhi(Nx/2)(Ny/2)(Nz/2): 0.000130432 Phi A: 0.0263353 Phi B: 0.973616 Phi I: 5.8214e-52
Total charge: -3.29181e-20
etaHat: 124879
179  fE: -3.02566  dfE: 0.00011547  dW: 0.00678881  dPhi(Nx/2)(Ny/2)(Nz/2): 0.000152012 Phi A: 0.0263345 Phi B: 0.973601 Phi I: 5.8214e-52
Total charge: -3.29174e-20
etaHat: 124879
180  fE: -3.02555  dfE: 0.000111496  dW: 0.00667189  dPhi(Nx/2)(Ny/2)(Nz/2): 0.000168323 Phi A: 0.0263339 Phi B: 0.97359 Phi I: 5.8214e-52
Saving data . . .
Total charge: -3.29169e-20
etaHat: 124879
181  fE: -3.02545  dfE: 0.000102386  dW: 0.00656417  dPhi(Nx/2)(Ny/2)(Nz/2): 0.000179286 Phi A: 0.0263335 Phi B: 0.973584 Phi I: 5.8214e-52
Total charge: -3.29165e-20
etaHat: 124879
182  fE: -3.02536  dfE: 8.91315e-05  dW: 0.00646586  dPhi(Nx/2)(Ny/2)(Nz/2): 0.000185082 Phi A: 0.0263332 Phi B: 0.973583 Phi I: 5.8214e-52
Total charge: -3.29163e-20
etaHat: 124879
183  fE: -3.02529  dfE: 7.28238e-05  dW: 0.00637578  dPhi(Nx/2)(Ny/2)(Nz/2): 0.00018611 Phi A: 0.0263331 Phi B: 0.973586 Phi I: 5.8214e-52
Total charge: -3.29163e-20
etaHat: 124879
184  fE: -3.02523  dfE: 5.45938e-05  dW: 0.00629183  dPhi(Nx/2)(Ny/2)(Nz/2): 0.000182951 Phi A: 0.026333 Phi B: 0.973592 Phi I: 5.8214e-52
Total charge: -3.29163e-20
etaHat: 124879
185  fE: -3.0252  dfE: 3.55496e-05  dW: 0.00621235  dPhi(Nx/2)(Ny/2)(Nz/2): 0.000176314 Phi A: 0.0263331 Phi B: 0.973602 Phi I: 5.8214e-52
Total charge: -3.29164e-20
etaHat: 124879
186  fE: -3.02518  dfE: 1.67242e-05  dW: 0.00613539  dPhi(Nx/2)(Ny/2)(Nz/2): 0.00016699 Phi A: 0.0263331 Phi B: 0.973614 Phi I: 5.8214e-52
Total charge: -3.29166e-20
etaHat: 124879
187  fE: -3.02518  dfE: 9.67807e-07  dW: 0.00605945  dPhi(Nx/2)(Ny/2)(Nz/2): 0.000155805 Phi A: 0.0263333 Phi B: 0.973627 Phi I: 5.8214e-52
Total charge: -3.29167e-20
etaHat: 124879
188  fE: -3.0252  dfE: 1.67639e-05  dW: 0.00598347  dPhi(Nx/2)(Ny/2)(Nz/2): 0.000143572 Phi A: 0.0263334 Phi B: 0.973641 Phi I: 5.8214e-52
Total charge: -3.29168e-20
etaHat: 124879
189  fE: -3.02523  dfE: 3.00751e-05  dW: 0.00590712  dPhi(Nx/2)(Ny/2)(Nz/2): 0.000131055 Phi A: 0.0263334 Phi B: 0.973655 Phi I: 5.8214e-52
Total charge: -3.29169e-20
etaHat: 124879
190  fE: -3.02527  dfE: 4.04978e-05  dW: 0.00583062  dPhi(Nx/2)(Ny/2)(Nz/2): 0.000118934 Phi A: 0.0263335 Phi B: 0.973668 Phi I: 5.8214e-52
Saving data . . .
Total charge: -3.29169e-20
etaHat: 124879
191  fE: -3.02532  dfE: 4.78142e-05  dW: 0.00575487  dPhi(Nx/2)(Ny/2)(Nz/2): 0.000107787 Phi A: 0.0263335 Phi B: 0.973679 Phi I: 5.8214e-52
Total charge: -3.29168e-20
etaHat: 124879
192  fE: -3.02537  dfE: 5.19838e-05  dW: 0.00568049  dPhi(Nx/2)(Ny/2)(Nz/2): 9.80622e-05 Phi A: 0.0263334 Phi B: 0.973689 Phi I: 5.8214e-52
Total charge: -3.29166e-20
etaHat: 124879
193  fE: -3.02542  dfE: 5.31272e-05  dW: 0.00560806  dPhi(Nx/2)(Ny/2)(Nz/2): 9.00802e-05 Phi A: 0.0263333 Phi B: 0.973697 Phi I: 5.8214e-52
Total charge: -3.29164e-20
etaHat: 124879
194  fE: -3.02547  dfE: 5.15032e-05  dW: 0.00553796  dPhi(Nx/2)(Ny/2)(Nz/2): 8.40264e-05 Phi A: 0.0263331 Phi B: 0.973702 Phi I: 5.8214e-52
Total charge: -3.29161e-20
etaHat: 124879
195  fE: -3.02552  dfE: 4.74815e-05  dW: 0.00547053  dPhi(Nx/2)(Ny/2)(Nz/2): 7.9959e-05 Phi A: 0.0263329 Phi B: 0.973706 Phi I: 5.8214e-52
Total charge: -3.29157e-20
etaHat: 124879
196  fE: -3.02556  dfE: 4.15127e-05  dW: 0.00540542  dPhi(Nx/2)(Ny/2)(Nz/2): 7.78203e-05 Phi A: 0.0263326 Phi B: 0.973707 Phi I: 5.8214e-52
Total charge: -3.29153e-20
etaHat: 124879
197  fE: -3.0256  dfE: 3.40975e-05  dW: 0.00534206  dPhi(Nx/2)(Ny/2)(Nz/2): 7.74529e-05 Phi A: 0.0263323 Phi B: 0.973706 Phi I: 5.8214e-52
Total charge: -3.29149e-20
etaHat: 124879
198  fE: -3.02562  dfE: 2.57564e-05  dW: 0.00528  dPhi(Nx/2)(Ny/2)(Nz/2): 7.86194e-05 Phi A: 0.0263319 Phi B: 0.973703 Phi I: 5.8214e-52
Total charge: -3.29144e-20
etaHat: 124879
199  fE: -3.02564  dfE: 1.70016e-05  dW: 0.00521888  dPhi(Nx/2)(Ny/2)(Nz/2): 8.10237e-05 Phi A: 0.0263315 Phi B: 0.973699 Phi I: 5.8214e-52
Total charge: -3.29139e-20
etaHat: 124879
200  fE: -3.02565  dfE: 8.31278e-06  dW: 0.00515799  dPhi(Nx/2)(Ny/2)(Nz/2): 8.43334e-05 Phi A: 0.0263311 Phi B: 0.973694 Phi I: 5.8214e-52
Saving data . . .
Total charge: -3.29134e-20
etaHat: 124879
201  fE: -3.02565  dfE: 1.15884e-07  dW: 0.00509698  dPhi(Nx/2)(Ny/2)(Nz/2): 8.82012e-05 Phi A: 0.0263308 Phi B: 0.973689 Phi I: 5.8214e-52
Total charge: -3.2913e-20
etaHat: 124879
202  fE: -3.02564  dfE: 7.23194e-06  dW: 0.00503565  dPhi(Nx/2)(Ny/2)(Nz/2): 9.22854e-05 Phi A: 0.0263304 Phi B: 0.973682 Phi I: 5.8214e-52
Total charge: -3.29126e-20
etaHat: 124879
203  fE: -3.02563  dfE: 1.34532e-05  dW: 0.00497393  dPhi(Nx/2)(Ny/2)(Nz/2): 9.62671e-05 Phi A: 0.02633 Phi B: 0.973676 Phi I: 5.8214e-52
Total charge: -3.29122e-20
etaHat: 124879
204  fE: -3.02561  dfE: 1.83556e-05  dW: 0.00491212  dPhi(Nx/2)(Ny/2)(Nz/2): 9.98654e-05 Phi A: 0.0263297 Phi B: 0.973671 Phi I: 5.8214e-52
Total charge: -3.29118e-20
etaHat: 124879
205  fE: -3.02559  dfE: 2.18325e-05  dW: 0.00485058  dPhi(Nx/2)(Ny/2)(Nz/2): 0.000102848 Phi A: 0.0263295 Phi B: 0.973666 Phi I: 5.8214e-52
Total charge: -3.29115e-20
etaHat: 124879
206  fE: -3.02556  dfE: 2.38595e-05  dW: 0.00478962  dPhi(Nx/2)(Ny/2)(Nz/2): 0.00010504 Phi A: 0.0263292 Phi B: 0.973661 Phi I: 5.8214e-52
Total charge: -3.29113e-20
etaHat: 124879
207  fE: -3.02554  dfE: 2.4487e-05  dW: 0.00472955  dPhi(Nx/2)(Ny/2)(Nz/2): 0.000106325 Phi A: 0.026329 Phi B: 0.973658 Phi I: 5.8214e-52
Total charge: -3.29111e-20
etaHat: 124879
208  fE: -3.02552  dfE: 2.38297e-05  dW: 0.00467052  dPhi(Nx/2)(Ny/2)(Nz/2): 0.000106649 Phi A: 0.0263289 Phi B: 0.973655 Phi I: 5.8214e-52
Total charge: -3.29109e-20
etaHat: 124879
209  fE: -3.02549  dfE: 2.20546e-05  dW: 0.00461267  dPhi(Nx/2)(Ny/2)(Nz/2): 0.000106013 Phi A: 0.0263287 Phi B: 0.973654 Phi I: 5.8214e-52
Total charge: -3.29108e-20
etaHat: 124879
210  fE: -3.02547  dfE: 1.93667e-05  dW: 0.00455615  dPhi(Nx/2)(Ny/2)(Nz/2): 0.000104474 Phi A: 0.0263287 Phi B: 0.973654 Phi I: 5.8214e-52
Saving data . . .
Total charge: -3.29107e-20
etaHat: 124879
211  fE: -3.02546  dfE: 1.59952e-05  dW: 0.0045011  dPhi(Nx/2)(Ny/2)(Nz/2): 0.000102132 Phi A: 0.0263286 Phi B: 0.973654 Phi I: 5.8214e-52
Total charge: -3.29107e-20
etaHat: 124879
212  fE: -3.02545  dfE: 1.21792e-05  dW: 0.00444752  dPhi(Nx/2)(Ny/2)(Nz/2): 9.91194e-05 Phi A: 0.0263286 Phi B: 0.973655 Phi I: 5.8214e-52
Total charge: -3.29107e-20
etaHat: 124879
213  fE: -3.02544  dfE: 8.15524e-06  dW: 0.00439521  dPhi(Nx/2)(Ny/2)(Nz/2): 9.55985e-05 Phi A: 0.0263285 Phi B: 0.973657 Phi I: 5.8214e-52
Total charge: -3.29107e-20
etaHat: 124879
214  fE: -3.02543  dfE: 4.14542e-06  dW: 0.00434395  dPhi(Nx/2)(Ny/2)(Nz/2): 9.1744e-05 Phi A: 0.0263285 Phi B: 0.97366 Phi I: 5.8214e-52
Total charge: -3.29107e-20
etaHat: 124879
215  fE: -3.02543  dfE: 3.47975e-07  dW: 0.00429364  dPhi(Nx/2)(Ny/2)(Nz/2): 8.77359e-05 Phi A: 0.0263285 Phi B: 0.973663 Phi I: 5.8214e-52
Total charge: -3.29107e-20
etaHat: 124879
216  fE: -3.02544  dfE: 3.07014e-06  dW: 0.00424415  dPhi(Nx/2)(Ny/2)(Nz/2): 8.37496e-05 Phi A: 0.0263285 Phi B: 0.973666 Phi I: 5.8214e-52
Total charge: -3.29107e-20
etaHat: 124879
217  fE: -3.02544  dfE: 5.97826e-06  dW: 0.00419547  dPhi(Nx/2)(Ny/2)(Nz/2): 7.99475e-05 Phi A: 0.0263286 Phi B: 0.973669 Phi I: 5.8214e-52
Total charge: -3.29107e-20
etaHat: 124879
218  fE: -3.02545  dfE: 8.28478e-06  dW: 0.0041476  dPhi(Nx/2)(Ny/2)(Nz/2): 7.64722e-05 Phi A: 0.0263285 Phi B: 0.973671 Phi I: 5.8214e-52
Total charge: -3.29107e-20
etaHat: 124879
219  fE: -3.02546  dfE: 9.93759e-06  dW: 0.00410055  dPhi(Nx/2)(Ny/2)(Nz/2): 7.34411e-05 Phi A: 0.0263285 Phi B: 0.973674 Phi I: 5.8214e-52
Total charge: -3.29106e-20
etaHat: 124879
220  fE: -3.02547  dfE: 1.09226e-05  dW: 0.00405434  dPhi(Nx/2)(Ny/2)(Nz/2): 7.09431e-05 Phi A: 0.0263285 Phi B: 0.973676 Phi I: 5.8214e-52
Saving data . . .
Total charge: -3.29106e-20
etaHat: 124879
221  fE: -3.02548  dfE: 1.12605e-05  dW: 0.004009  dPhi(Nx/2)(Ny/2)(Nz/2): 6.90369e-05 Phi A: 0.0263285 Phi B: 0.973678 Phi I: 5.8214e-52
Total charge: -3.29105e-20
etaHat: 124879
222  fE: -3.02549  dfE: 1.10019e-05  dW: 0.00396445  dPhi(Nx/2)(Ny/2)(Nz/2): 6.77503e-05 Phi A: 0.0263284 Phi B: 0.973679 Phi I: 5.8214e-52
Total charge: -3.29104e-20
etaHat: 124879
223  fE: -3.0255  dfE: 1.0222e-05  dW: 0.00392069  dPhi(Nx/2)(Ny/2)(Nz/2): 6.70823e-05 Phi A: 0.0263284 Phi B: 0.97368 Phi I: 5.8214e-52
Total charge: -3.29104e-20
etaHat: 124879
224  fE: -3.02551  dfE: 9.01411e-06  dW: 0.00387768  dPhi(Nx/2)(Ny/2)(Nz/2): 6.7005e-05 Phi A: 0.0263283 Phi B: 0.97368 Phi I: 5.8214e-52
Total charge: -3.29103e-20
etaHat: 124879
225  fE: -3.02552  dfE: 7.48306e-06  dW: 0.00383534  dPhi(Nx/2)(Ny/2)(Nz/2): 6.7468e-05 Phi A: 0.0263282 Phi B: 0.97368 Phi I: 5.8214e-52
Total charge: -3.29101e-20
etaHat: 124879
226  fE: -3.02553  dfE: 5.73888e-06  dW: 0.00379357  dPhi(Nx/2)(Ny/2)(Nz/2): 6.84019e-05 Phi A: 0.0263281 Phi B: 0.973679 Phi I: 5.8214e-52
Total charge: -3.291e-20
etaHat: 124879
227  fE: -3.02553  dfE: 3.8907e-06  dW: 0.00375235  dPhi(Nx/2)(Ny/2)(Nz/2): 6.97241e-05 Phi A: 0.026328 Phi B: 0.973679 Phi I: 5.8214e-52
Total charge: -3.29099e-20
etaHat: 124879
228  fE: -3.02553  dfE: 2.04148e-06  dW: 0.0037116  dPhi(Nx/2)(Ny/2)(Nz/2): 7.13431e-05 Phi A: 0.0263279 Phi B: 0.973678 Phi I: 5.8214e-52
Total charge: -3.29098e-20
etaHat: 124879
229  fE: -3.02553  dfE: 2.83451e-07  dW: 0.00367133  dPhi(Nx/2)(Ny/2)(Nz/2): 7.31637e-05 Phi A: 0.0263278 Phi B: 0.973676 Phi I: 5.8214e-52
Total charge: -3.29097e-20
etaHat: 124879
230  fE: -3.02553  dfE: 1.30531e-06  dW: 0.0036315  dPhi(Nx/2)(Ny/2)(Nz/2): 7.50916e-05 Phi A: 0.0263278 Phi B: 0.973675 Phi I: 5.8214e-52
Saving data . . .
Total charge: -3.29096e-20
etaHat: 124879
231  fE: -3.02553  dfE: 2.6633e-06  dW: 0.00359215  dPhi(Nx/2)(Ny/2)(Nz/2): 7.70376e-05 Phi A: 0.0263277 Phi B: 0.973674 Phi I: 5.8214e-52
Total charge: -3.29095e-20
etaHat: 124879
232  fE: -3.02552  dfE: 3.74697e-06  dW: 0.00355329  dPhi(Nx/2)(Ny/2)(Nz/2): 7.89207e-05 Phi A: 0.0263276 Phi B: 0.973673 Phi I: 5.8214e-52
Total charge: -3.29094e-20
etaHat: 124879
233  fE: -3.02552  dfE: 4.53094e-06  dW: 0.00351494  dPhi(Nx/2)(Ny/2)(Nz/2): 8.06713e-05 Phi A: 0.0263275 Phi B: 0.973672 Phi I: 5.8214e-52
Total charge: -3.29093e-20
etaHat: 124879
234  fE: -3.02552  dfE: 5.00744e-06  dW: 0.00347712  dPhi(Nx/2)(Ny/2)(Nz/2): 8.22325e-05 Phi A: 0.0263275 Phi B: 0.973671 Phi I: 5.8214e-52
Total charge: -3.29093e-20
etaHat: 124879
235  fE: -3.02551  dfE: 5.18481e-06  dW: 0.00343981  dPhi(Nx/2)(Ny/2)(Nz/2): 8.35618e-05 Phi A: 0.0263274 Phi B: 0.97367 Phi I: 5.8214e-52
Total charge: -3.29092e-20
etaHat: 124879
236  fE: -3.0255  dfE: 5.08545e-06  dW: 0.00340303  dPhi(Nx/2)(Ny/2)(Nz/2): 8.46309e-05 Phi A: 0.0263274 Phi B: 0.973669 Phi I: 5.8214e-52
Total charge: -3.29092e-20
etaHat: 124879
237  fE: -3.0255  dfE: 4.74316e-06  dW: 0.00336681  dPhi(Nx/2)(Ny/2)(Nz/2): 8.54255e-05 Phi A: 0.0263273 Phi B: 0.973669 Phi I: 5.8214e-52
Total charge: -3.29091e-20
etaHat: 124879
238  fE: -3.0255  dfE: 4.20035e-06  dW: 0.00333116  dPhi(Nx/2)(Ny/2)(Nz/2): 8.59444e-05 Phi A: 0.0263273 Phi B: 0.973669 Phi I: 5.8214e-52
Total charge: -3.29091e-20
etaHat: 124879
239  fE: -3.02549  dfE: 3.50499e-06  dW: 0.00329609  dPhi(Nx/2)(Ny/2)(Nz/2): 8.61977e-05 Phi A: 0.0263273 Phi B: 0.973669 Phi I: 5.8214e-52
Total charge: -3.29091e-20
etaHat: 124879
240  fE: -3.02549  dfE: 2.70763e-06  dW: 0.00326154  dPhi(Nx/2)(Ny/2)(Nz/2): 8.6205e-05 Phi A: 0.0263273 Phi B: 0.973669 Phi I: 5.8214e-52
Saving data . . .
Total charge: -3.29091e-20
etaHat: 124879
241  fE: -3.02549  dfE: 1.85862e-06  dW: 0.00322749  dPhi(Nx/2)(Ny/2)(Nz/2): 8.59935e-05 Phi A: 0.0263273 Phi B: 0.97367 Phi I: 5.8214e-52
Total charge: -3.29091e-20
etaHat: 124879
242  fE: -3.02549  dfE: 1.00566e-06  dW: 0.00319394  dPhi(Nx/2)(Ny/2)(Nz/2): 8.55954e-05 Phi A: 0.0263273 Phi B: 0.97367 Phi I: 5.8214e-52
Total charge: -3.29091e-20
etaHat: 124879
243  fE: -3.02549  dfE: 1.91623e-07  dW: 0.00316089  dPhi(Nx/2)(Ny/2)(Nz/2): 8.50461e-05 Phi A: 0.0263273 Phi B: 0.973671 Phi I: 5.8214e-52
Total charge: -3.29091e-20
etaHat: 124879
244  fE: -3.02549  dfE: 5.46995e-07  dW: 0.00312832  dPhi(Nx/2)(Ny/2)(Nz/2): 8.43815e-05 Phi A: 0.0263273 Phi B: 0.973671 Phi I: 5.8214e-52
Total charge: -3.29091e-20
etaHat: 124879
245  fE: -3.02549  dfE: 1.18128e-06  dW: 0.00309622  dPhi(Nx/2)(Ny/2)(Nz/2): 8.3637e-05 Phi A: 0.0263273 Phi B: 0.973672 Phi I: 5.8214e-52
Total charge: -3.29091e-20
etaHat: 124879
246  fE: -3.02549  dfE: 1.69052e-06  dW: 0.00306458  dPhi(Nx/2)(Ny/2)(Nz/2): 8.28447e-05 Phi A: 0.0263272 Phi B: 0.973673 Phi I: 5.8214e-52
Total charge: -3.29091e-20
etaHat: 124879
247  fE: -3.02549  dfE: 2.06242e-06  dW: 0.00303339  dPhi(Nx/2)(Ny/2)(Nz/2): 8.20334e-05 Phi A: 0.0263272 Phi B: 0.973673 Phi I: 5.8214e-52
Total charge: -3.2909e-20
etaHat: 124879
248  fE: -3.02549  dfE: 2.29277e-06  dW: 0.00300264  dPhi(Nx/2)(Ny/2)(Nz/2): 8.12266e-05 Phi A: 0.0263272 Phi B: 0.973674 Phi I: 5.8214e-52
Total charge: -3.2909e-20
etaHat: 124879
249  fE: -3.0255  dfE: 2.38489e-06  dW: 0.00297232  dPhi(Nx/2)(Ny/2)(Nz/2): 8.04427e-05 Phi A: 0.0263272 Phi B: 0.973674 Phi I: 5.8214e-52
Total charge: -3.2909e-20
etaHat: 124879
250  fE: -3.0255  dfE: 2.34861e-06  dW: 0.00294241  dPhi(Nx/2)(Ny/2)(Nz/2): 7.96943e-05 Phi A: 0.0263272 Phi B: 0.973674 Phi I: 5.8214e-52
Saving data . . .
Total charge: -3.2909e-20
etaHat: 124879
251  fE: -3.0255  dfE: 2.19915e-06  dW: 0.00291289  dPhi(Nx/2)(Ny/2)(Nz/2): 7.89885e-05 Phi A: 0.0263272 Phi B: 0.973675 Phi I: 5.8214e-52
Total charge: -3.2909e-20
etaHat: 124879
252  fE: -3.0255  dfE: 1.95577e-06  dW: 0.00288377  dPhi(Nx/2)(Ny/2)(Nz/2): 7.83274e-05 Phi A: 0.0263272 Phi B: 0.973675 Phi I: 5.8214e-52
Total charge: -3.29089e-20
etaHat: 124879
253  fE: -3.02551  dfE: 1.64039e-06  dW: 0.00285502  dPhi(Nx/2)(Ny/2)(Nz/2): 7.77085e-05 Phi A: 0.0263272 Phi B: 0.973675 Phi I: 5.8214e-52
Total charge: -3.29089e-20
etaHat: 124879
254  fE: -3.02551  dfE: 1.27625e-06  dW: 0.00282665  dPhi(Nx/2)(Ny/2)(Nz/2): 7.71254e-05 Phi A: 0.0263271 Phi B: 0.973675 Phi I: 5.8214e-52
Total charge: -3.29089e-20
etaHat: 124879
255  fE: -3.02551  dfE: 8.86578e-07  dW: 0.00279863  dPhi(Nx/2)(Ny/2)(Nz/2): 7.65692e-05 Phi A: 0.0263271 Phi B: 0.973674 Phi I: 5.8214e-52
Total charge: -3.29089e-20
etaHat: 124879
256  fE: -3.02551  dfE: 4.9345e-07  dW: 0.00277097  dPhi(Nx/2)(Ny/2)(Nz/2): 7.60288e-05 Phi A: 0.0263271 Phi B: 0.973674 Phi I: 5.8214e-52
Total charge: -3.29088e-20
etaHat: 124879
257  fE: -3.02551  dfE: 1.16815e-07  dW: 0.00274365  dPhi(Nx/2)(Ny/2)(Nz/2): 7.54923e-05 Phi A: 0.0263271 Phi B: 0.973674 Phi I: 5.8214e-52
Total charge: -3.29088e-20
etaHat: 124879
258  fE: -3.02551  dfE: 2.26284e-07  dW: 0.00271668  dPhi(Nx/2)(Ny/2)(Nz/2): 7.49477e-05 Phi A: 0.026327 Phi B: 0.973674 Phi I: 5.8214e-52
Total charge: -3.29088e-20
etaHat: 124879
259  fE: -3.02551  dfE: 5.22255e-07  dW: 0.00269002  dPhi(Nx/2)(Ny/2)(Nz/2): 7.43837e-05 Phi A: 0.026327 Phi B: 0.973673 Phi I: 5.8214e-52
Total charge: -3.29088e-20
etaHat: 124879
260  fE: -3.02551  dfE: 7.6127e-07  dW: 0.00266368  dPhi(Nx/2)(Ny/2)(Nz/2): 7.37905e-05 Phi A: 0.026327 Phi B: 0.973673 Phi I: 5.8214e-52
Saving data . . .
Total charge: -3.29087e-20
etaHat: 124879
261  fE: -3.02551  dfE: 9.37367e-07  dW: 0.00263767  dPhi(Nx/2)(Ny/2)(Nz/2): 7.31602e-05 Phi A: 0.026327 Phi B: 0.973673 Phi I: 5.8214e-52
Total charge: -3.29087e-20
etaHat: 124879
262  fE: -3.0255  dfE: 1.04834e-06  dW: 0.00261198  dPhi(Nx/2)(Ny/2)(Nz/2): 7.2487e-05 Phi A: 0.026327 Phi B: 0.973673 Phi I: 5.8214e-52
Total charge: -3.29087e-20
etaHat: 124879
263  fE: -3.0255  dfE: 1.09545e-06  dW: 0.00258661  dPhi(Nx/2)(Ny/2)(Nz/2): 7.1768e-05 Phi A: 0.026327 Phi B: 0.973672 Phi I: 5.8214e-52
Total charge: -3.29087e-20
etaHat: 124879
264  fE: -3.0255  dfE: 1.08303e-06  dW: 0.00256157  dPhi(Nx/2)(Ny/2)(Nz/2): 7.10024e-05 Phi A: 0.0263269 Phi B: 0.973672 Phi I: 5.8214e-52
Total charge: -3.29087e-20
etaHat: 124879
265  fE: -3.0255  dfE: 1.01789e-06  dW: 0.00253686  dPhi(Nx/2)(Ny/2)(Nz/2): 7.01923e-05 Phi A: 0.0263269 Phi B: 0.973672 Phi I: 5.8214e-52
Total charge: -3.29087e-20
etaHat: 124879
266  fE: -3.0255  dfE: 9.08797e-07  dW: 0.00251246  dPhi(Nx/2)(Ny/2)(Nz/2): 6.93417e-05 Phi A: 0.0263269 Phi B: 0.973672 Phi I: 5.8214e-52
Total charge: -3.29087e-20
etaHat: 124879
267  fE: -3.0255  dfE: 7.6576e-07  dW: 0.00248836  dPhi(Nx/2)(Ny/2)(Nz/2): 6.84567e-05 Phi A: 0.0263269 Phi B: 0.973672 Phi I: 5.8214e-52
Total charge: -3.29087e-20
etaHat: 124879
268  fE: -3.0255  dfE: 5.99451e-07  dW: 0.00246459  dPhi(Nx/2)(Ny/2)(Nz/2): 6.7545e-05 Phi A: 0.0263269 Phi B: 0.973672 Phi I: 5.8214e-52
Total charge: -3.29086e-20
etaHat: 124879
269  fE: -3.0255  dfE: 4.20582e-07  dW: 0.00244113  dPhi(Nx/2)(Ny/2)(Nz/2): 6.66151e-05 Phi A: 0.0263269 Phi B: 0.973672 Phi I: 5.8214e-52
Total charge: -3.29086e-20
etaHat: 124879
270  fE: -3.0255  dfE: 2.39374e-07  dW: 0.00241796  dPhi(Nx/2)(Ny/2)(Nz/2): 6.56763e-05 Phi A: 0.0263269 Phi B: 0.973673 Phi I: 5.8214e-52
Saving data . . .
Total charge: -3.29086e-20
etaHat: 124879
271  fE: -3.0255  dfE: 6.50977e-08  dW: 0.00239509  dPhi(Nx/2)(Ny/2)(Nz/2): 6.47383e-05 Phi A: 0.0263269 Phi B: 0.973673 Phi I: 5.8214e-52
Total charge: -3.29086e-20
etaHat: 124879
272  fE: -3.0255  dfE: 9.42893e-08  dW: 0.00237249  dPhi(Nx/2)(Ny/2)(Nz/2): 6.38101e-05 Phi A: 0.0263269 Phi B: 0.973673 Phi I: 5.8214e-52
Total charge: -3.29086e-20
etaHat: 124879
273  fE: -3.0255  dfE: 2.32401e-07  dW: 0.00235018  dPhi(Nx/2)(Ny/2)(Nz/2): 6.29003e-05 Phi A: 0.0263269 Phi B: 0.973673 Phi I: 5.8214e-52
Total charge: -3.29086e-20
etaHat: 124879
274  fE: -3.0255  dfE: 3.44579e-07  dW: 0.00232815  dPhi(Nx/2)(Ny/2)(Nz/2): 6.20166e-05 Phi A: 0.0263269 Phi B: 0.973673 Phi I: 5.8214e-52
Total charge: -3.29086e-20
etaHat: 124879
275  fE: -3.0255  dfE: 4.27942e-07  dW: 0.00230637  dPhi(Nx/2)(Ny/2)(Nz/2): 6.11655e-05 Phi A: 0.0263269 Phi B: 0.973673 Phi I: 5.8214e-52
Total charge: -3.29086e-20
etaHat: 124879
276  fE: -3.0255  dfE: 4.81344e-07  dW: 0.00228487  dPhi(Nx/2)(Ny/2)(Nz/2): 6.03518e-05 Phi A: 0.0263269 Phi B: 0.973673 Phi I: 5.8214e-52
Total charge: -3.29086e-20
etaHat: 124879
277  fE: -3.0255  dfE: 5.05252e-07  dW: 0.00226364  dPhi(Nx/2)(Ny/2)(Nz/2): 5.95792e-05 Phi A: 0.0263269 Phi B: 0.973673 Phi I: 5.8214e-52
Total charge: -3.29086e-20
etaHat: 124879
278  fE: -3.0255  dfE: 5.01554e-07  dW: 0.00224267  dPhi(Nx/2)(Ny/2)(Nz/2): 5.88497e-05 Phi A: 0.0263269 Phi B: 0.973673 Phi I: 5.8214e-52
Total charge: -3.29086e-20
etaHat: 124879
279  fE: -3.0255  dfE: 4.73315e-07  dW: 0.00222195  dPhi(Nx/2)(Ny/2)(Nz/2): 5.8164e-05 Phi A: 0.0263269 Phi B: 0.973673 Phi I: 5.8214e-52
Total charge: -3.29086e-20
etaHat: 124879
280  fE: -3.0255  dfE: 4.24504e-07  dW: 0.00220148  dPhi(Nx/2)(Ny/2)(Nz/2): 5.75214e-05 Phi A: 0.0263269 Phi B: 0.973673 Phi I: 5.8214e-52
Saving data . . .
Total charge: -3.29086e-20
etaHat: 124879
281  fE: -3.0255  dfE: 3.59699e-07  dW: 0.00218124  dPhi(Nx/2)(Ny/2)(Nz/2): 5.692e-05 Phi A: 0.0263269 Phi B: 0.973673 Phi I: 5.8214e-52
Total charge: -3.29086e-20
etaHat: 124879
282  fE: -3.0255  dfE: 2.83797e-07  dW: 0.00216125  dPhi(Nx/2)(Ny/2)(Nz/2): 5.63569e-05 Phi A: 0.0263269 Phi B: 0.973673 Phi I: 5.8214e-52
Total charge: -3.29086e-20
etaHat: 124879
283  fE: -3.0255  dfE: 2.01738e-07  dW: 0.00214149  dPhi(Nx/2)(Ny/2)(Nz/2): 5.58286e-05 Phi A: 0.0263269 Phi B: 0.973673 Phi I: 5.8214e-52
Total charge: -3.29086e-20
etaHat: 124879
284  fE: -3.0255  dfE: 1.18252e-07  dW: 0.00212196  dPhi(Nx/2)(Ny/2)(Nz/2): 5.53309e-05 Phi A: 0.0263269 Phi B: 0.973673 Phi I: 5.8214e-52
Total charge: -3.29086e-20
etaHat: 124879
285  fE: -3.0255  dfE: 3.76464e-08  dW: 0.00210267  dPhi(Nx/2)(Ny/2)(Nz/2): 5.48595e-05 Phi A: 0.0263269 Phi B: 0.973673 Phi I: 5.8214e-52
Total charge: -3.29086e-20
etaHat: 124879
286  fE: -3.0255  dfE: 3.63641e-08  dW: 0.00208361  dPhi(Nx/2)(Ny/2)(Nz/2): 5.44099e-05 Phi A: 0.0263269 Phi B: 0.973673 Phi I: 5.8214e-52
Total charge: -3.29086e-20
etaHat: 124879
287  fE: -3.0255  dfE: 1.00781e-07  dW: 0.00206477  dPhi(Nx/2)(Ny/2)(Nz/2): 5.39777e-05 Phi A: 0.0263268 Phi B: 0.973673 Phi I: 5.8214e-52
Total charge: -3.29086e-20
etaHat: 124879
288  fE: -3.0255  dfE: 1.53398e-07  dW: 0.00204615  dPhi(Nx/2)(Ny/2)(Nz/2): 5.35589e-05 Phi A: 0.0263268 Phi B: 0.973673 Phi I: 5.8214e-52
Total charge: -3.29085e-20
etaHat: 124879
289  fE: -3.0255  dfE: 1.92824e-07  dW: 0.00202775  dPhi(Nx/2)(Ny/2)(Nz/2): 5.31499e-05 Phi A: 0.0263268 Phi B: 0.973673 Phi I: 5.8214e-52
Total charge: -3.29085e-20
etaHat: 124879
290  fE: -3.0255  dfE: 2.18474e-07  dW: 0.00200956  dPhi(Nx/2)(Ny/2)(Nz/2): 5.27476e-05 Phi A: 0.0263268 Phi B: 0.973673 Phi I: 5.8214e-52
Saving data . . .
Total charge: -3.29085e-20
etaHat: 124879
291  fE: -3.0255  dfE: 2.30507e-07  dW: 0.00199159  dPhi(Nx/2)(Ny/2)(Nz/2): 5.23496e-05 Phi A: 0.0263268 Phi B: 0.973673 Phi I: 5.8214e-52
Total charge: -3.29085e-20
etaHat: 124879
292  fE: -3.0255  dfE: 2.29747e-07  dW: 0.00197383  dPhi(Nx/2)(Ny/2)(Nz/2): 5.1954e-05 Phi A: 0.0263268 Phi B: 0.973673 Phi I: 5.8214e-52
Total charge: -3.29085e-20
etaHat: 124879
293  fE: -3.0255  dfE: 2.17565e-07  dW: 0.00195628  dPhi(Nx/2)(Ny/2)(Nz/2): 5.15595e-05 Phi A: 0.0263268 Phi B: 0.973673 Phi I: 5.8214e-52
Total charge: -3.29085e-20
etaHat: 124879
294  fE: -3.0255  dfE: 1.95763e-07  dW: 0.00193893  dPhi(Nx/2)(Ny/2)(Nz/2): 5.11656e-05 Phi A: 0.0263268 Phi B: 0.973673 Phi I: 5.8214e-52
Total charge: -3.29085e-20
etaHat: 124879
295  fE: -3.0255  dfE: 1.66429e-07  dW: 0.00192177  dPhi(Nx/2)(Ny/2)(Nz/2): 5.07721e-05 Phi A: 0.0263268 Phi B: 0.973673 Phi I: 5.8214e-52
Total charge: -3.29085e-20
etaHat: 124879
296  fE: -3.0255  dfE: 1.31813e-07  dW: 0.00190482  dPhi(Nx/2)(Ny/2)(Nz/2): 5.03794e-05 Phi A: 0.0263268 Phi B: 0.973673 Phi I: 5.8214e-52
Total charge: -3.29085e-20
etaHat: 124879
297  fE: -3.0255  dfE: 9.41906e-08  dW: 0.00188807  dPhi(Nx/2)(Ny/2)(Nz/2): 4.99881e-05 Phi A: 0.0263268 Phi B: 0.973673 Phi I: 5.8214e-52
Total charge: -3.29085e-20
etaHat: 124879
298  fE: -3.0255  dfE: 5.57497e-08  dW: 0.00187151  dPhi(Nx/2)(Ny/2)(Nz/2): 4.95992e-05 Phi A: 0.0263268 Phi B: 0.973673 Phi I: 5.8214e-52
Total charge: -3.29085e-20
etaHat: 124879
299  fE: -3.0255  dfE: 1.84914e-08  dW: 0.00185514  dPhi(Nx/2)(Ny/2)(Nz/2): 4.92139e-05 Phi A: 0.0263268 Phi B: 0.973673 Phi I: 5.8214e-52
Total charge: -3.29085e-20
etaHat: 124879
300  fE: -3.0255  dfE: 1.58512e-08  dW: 0.00183896  dPhi(Nx/2)(Ny/2)(Nz/2): 4.88331e-05 Phi A: 0.0263268 Phi B: 0.973673 Phi I: 5.8214e-52
Saving data . . .
Total charge: -3.29085e-20
etaHat: 124879
301  fE: -3.0255  dfE: 4.58711e-08  dW: 0.00182296  dPhi(Nx/2)(Ny/2)(Nz/2): 4.84582e-05 Phi A: 0.0263268 Phi B: 0.973673 Phi I: 5.8214e-52
Total charge: -3.29085e-20
etaHat: 124879
302  fE: -3.0255  dfE: 7.05236e-08  dW: 0.00180715  dPhi(Nx/2)(Ny/2)(Nz/2): 4.80901e-05 Phi A: 0.0263268 Phi B: 0.973673 Phi I: 5.8214e-52
Total charge: -3.29085e-20
etaHat: 124879
303  fE: -3.0255  dfE: 8.91402e-08  dW: 0.00179152  dPhi(Nx/2)(Ny/2)(Nz/2): 4.77297e-05 Phi A: 0.0263268 Phi B: 0.973673 Phi I: 5.8214e-52
Total charge: -3.29085e-20
etaHat: 124879
304  fE: -3.0255  dfE: 1.01423e-07  dW: 0.00177606  dPhi(Nx/2)(Ny/2)(Nz/2): 4.73777e-05 Phi A: 0.0263268 Phi B: 0.973673 Phi I: 5.8214e-52
Total charge: -3.29085e-20
etaHat: 124879
305  fE: -3.0255  dfE: 1.07421e-07  dW: 0.00176077  dPhi(Nx/2)(Ny/2)(Nz/2): 4.70345e-05 Phi A: 0.0263268 Phi B: 0.973673 Phi I: 5.8214e-52
Total charge: -3.29085e-20
etaHat: 124879
306  fE: -3.0255  dfE: 1.07491e-07  dW: 0.00174566  dPhi(Nx/2)(Ny/2)(Nz/2): 4.67003e-05 Phi A: 0.0263268 Phi B: 0.973673 Phi I: 5.8214e-52
Total charge: -3.29085e-20
etaHat: 124879
307  fE: -3.0255  dfE: 1.02247e-07  dW: 0.00173071  dPhi(Nx/2)(Ny/2)(Nz/2): 4.6375e-05 Phi A: 0.0263268 Phi B: 0.973673 Phi I: 5.8214e-52
Total charge: -3.29085e-20
etaHat: 124879
308  fE: -3.0255  dfE: 9.25042e-08  dW: 0.00171592  dPhi(Nx/2)(Ny/2)(Nz/2): 4.60583e-05 Phi A: 0.0263268 Phi B: 0.973673 Phi I: 5.8214e-52
Total charge: -3.29085e-20
etaHat: 124879
309  fE: -3.0255  dfE: 7.92179e-08  dW: 0.00170128  dPhi(Nx/2)(Ny/2)(Nz/2): 4.57498e-05 Phi A: 0.0263268 Phi B: 0.973673 Phi I: 5.8214e-52
Total charge: -3.29085e-20
etaHat: 124879
310  fE: -3.0255  dfE: 6.34189e-08  dW: 0.0016868  dPhi(Nx/2)(Ny/2)(Nz/2): 4.54486e-05 Phi A: 0.0263268 Phi B: 0.973673 Phi I: 5.8214e-52
Saving data . . .
Total charge: -3.29085e-20
etaHat: 124879
311  fE: -3.0255  dfE: 4.61559e-08  dW: 0.00167247  dPhi(Nx/2)(Ny/2)(Nz/2): 4.51541e-05 Phi A: 0.0263268 Phi B: 0.973673 Phi I: 5.8214e-52
Total charge: -3.29085e-20
etaHat: 124879
312  fE: -3.0255  dfE: 2.84412e-08  dW: 0.00165831  dPhi(Nx/2)(Ny/2)(Nz/2): 4.48652e-05 Phi A: 0.0263268 Phi B: 0.973673 Phi I: 5.8214e-52
Total charge: -3.29085e-20
etaHat: 124879
313  fE: -3.0255  dfE: 1.12038e-08  dW: 0.00164429  dPhi(Nx/2)(Ny/2)(Nz/2): 4.45811e-05 Phi A: 0.0263268 Phi B: 0.973673 Phi I: 5.8214e-52
Total charge: -3.29085e-20
etaHat: 124879
314  fE: -3.0255  dfE: 4.74789e-09  dW: 0.00163043  dPhi(Nx/2)(Ny/2)(Nz/2): 4.43007e-05 Phi A: 0.0263268 Phi B: 0.973673 Phi I: 5.8214e-52
Total charge: -3.29085e-20
etaHat: 124879
315  fE: -3.0255  dfE: 1.87539e-08  dW: 0.00161672  dPhi(Nx/2)(Ny/2)(Nz/2): 4.40232e-05 Phi A: 0.0263268 Phi B: 0.973673 Phi I: 5.8214e-52
Total charge: -3.29085e-20
etaHat: 124879
316  fE: -3.0255  dfE: 3.03202e-08  dW: 0.00160316  dPhi(Nx/2)(Ny/2)(Nz/2): 4.37476e-05 Phi A: 0.0263268 Phi B: 0.973673 Phi I: 5.8214e-52
Total charge: -3.29085e-20
etaHat: 124879
317  fE: -3.0255  dfE: 3.91258e-08  dW: 0.00158974  dPhi(Nx/2)(Ny/2)(Nz/2): 4.34732e-05 Phi A: 0.0263268 Phi B: 0.973673 Phi I: 5.8214e-52
Total charge: -3.29085e-20
etaHat: 124879
318  fE: -3.0255  dfE: 4.50206e-08  dW: 0.00157646  dPhi(Nx/2)(Ny/2)(Nz/2): 4.31994e-05 Phi A: 0.0263268 Phi B: 0.973673 Phi I: 5.8214e-52
Total charge: -3.29085e-20
etaHat: 124879
319  fE: -3.0255  dfE: 4.80153e-08  dW: 0.00156332  dPhi(Nx/2)(Ny/2)(Nz/2): 4.29256e-05 Phi A: 0.0263268 Phi B: 0.973673 Phi I: 5.8214e-52
Total charge: -3.29085e-20
etaHat: 124879
320  fE: -3.0255  dfE: 4.82639e-08  dW: 0.00155032  dPhi(Nx/2)(Ny/2)(Nz/2): 4.26513e-05 Phi A: 0.0263268 Phi B: 0.973673 Phi I: 5.8214e-52
Saving data . . .
Total charge: -3.29085e-20
etaHat: 124879
321  fE: -3.0255  dfE: 4.60413e-08  dW: 0.00153746  dPhi(Nx/2)(Ny/2)(Nz/2): 4.23764e-05 Phi A: 0.0263268 Phi B: 0.973673 Phi I: 5.8214e-52
Total charge: -3.29085e-20
etaHat: 124879
322  fE: -3.0255  dfE: 4.17165e-08  dW: 0.00152473  dPhi(Nx/2)(Ny/2)(Nz/2): 4.21008e-05 Phi A: 0.0263268 Phi B: 0.973673 Phi I: 5.8214e-52
Total charge: -3.29085e-20
etaHat: 124879
323  fE: -3.0255  dfE: 3.57249e-08  dW: 0.00151213  dPhi(Nx/2)(Ny/2)(Nz/2): 4.18243e-05 Phi A: 0.0263268 Phi B: 0.973673 Phi I: 5.8214e-52
Total charge: -3.29085e-20
etaHat: 124879
324  fE: -3.0255  dfE: 2.85394e-08  dW: 0.00149966  dPhi(Nx/2)(Ny/2)(Nz/2): 4.15471e-05 Phi A: 0.0263268 Phi B: 0.973673 Phi I: 5.8214e-52
Total charge: -3.29085e-20
etaHat: 124879
325  fE: -3.0255  dfE: 2.06432e-08  dW: 0.00148732  dPhi(Nx/2)(Ny/2)(Nz/2): 4.12693e-05 Phi A: 0.0263268 Phi B: 0.973673 Phi I: 5.8214e-52
Total charge: -3.29085e-20
etaHat: 124879
326  fE: -3.0255  dfE: 1.25042e-08  dW: 0.00147511  dPhi(Nx/2)(Ny/2)(Nz/2): 4.0991e-05 Phi A: 0.0263268 Phi B: 0.973673 Phi I: 5.8214e-52
Total charge: -3.29085e-20
etaHat: 124879
327  fE: -3.0255  dfE: 4.55368e-09  dW: 0.00146302  dPhi(Nx/2)(Ny/2)(Nz/2): 4.07127e-05 Phi A: 0.0263268 Phi B: 0.973673 Phi I: 5.8214e-52
Total charge: -3.29085e-20
etaHat: 124879
328  fE: -3.0255  dfE: 2.83139e-09  dW: 0.00145106  dPhi(Nx/2)(Ny/2)(Nz/2): 4.04345e-05 Phi A: 0.0263268 Phi B: 0.973673 Phi I: 5.8214e-52
Total charge: -3.29085e-20
etaHat: 124879
329  fE: -3.0255  dfE: 9.34175e-09  dW: 0.00143922  dPhi(Nx/2)(Ny/2)(Nz/2): 4.01567e-05 Phi A: 0.0263268 Phi B: 0.973673 Phi I: 5.8214e-52
Total charge: -3.29085e-20
etaHat: 124879
330  fE: -3.0255  dfE: 1.47438e-08  dW: 0.00142751  dPhi(Nx/2)(Ny/2)(Nz/2): 3.98796e-05 Phi A: 0.0263268 Phi B: 0.973673 Phi I: 5.8214e-52
Saving data . . .
Total charge: -3.29085e-20
etaHat: 124879
331  fE: -3.0255  dfE: 1.88838e-08  dW: 0.00141591  dPhi(Nx/2)(Ny/2)(Nz/2): 3.96033e-05 Phi A: 0.0263268 Phi B: 0.973673 Phi I: 5.8214e-52
Total charge: -3.29085e-20
etaHat: 124879
332  fE: -3.0255  dfE: 2.16866e-08  dW: 0.00140443  dPhi(Nx/2)(Ny/2)(Nz/2): 3.93282e-05 Phi A: 0.0263268 Phi B: 0.973673 Phi I: 5.8214e-52
Total charge: -3.29085e-20
etaHat: 124879
333  fE: -3.0255  dfE: 2.31517e-08  dW: 0.00139307  dPhi(Nx/2)(Ny/2)(Nz/2): 3.90543e-05 Phi A: 0.0263268 Phi B: 0.973673 Phi I: 5.8214e-52
Total charge: -3.29085e-20
etaHat: 124879
334  fE: -3.0255  dfE: 2.33453e-08  dW: 0.00138181  dPhi(Nx/2)(Ny/2)(Nz/2): 3.87817e-05 Phi A: 0.0263268 Phi B: 0.973673 Phi I: 5.8214e-52
Total charge: -3.29085e-20
etaHat: 124879
335  fE: -3.0255  dfE: 2.23901e-08  dW: 0.00137067  dPhi(Nx/2)(Ny/2)(Nz/2): 3.85106e-05 Phi A: 0.0263268 Phi B: 0.973673 Phi I: 5.8214e-52
Total charge: -3.29085e-20
etaHat: 124879
336  fE: -3.0255  dfE: 2.0453e-08  dW: 0.00135964  dPhi(Nx/2)(Ny/2)(Nz/2): 3.82409e-05 Phi A: 0.0263268 Phi B: 0.973673 Phi I: 5.8214e-52
Total charge: -3.29085e-20
etaHat: 124879
337  fE: -3.0255  dfE: 1.77326e-08  dW: 0.00134872  dPhi(Nx/2)(Ny/2)(Nz/2): 3.79726e-05 Phi A: 0.0263268 Phi B: 0.973673 Phi I: 5.8214e-52
Total charge: -3.29085e-20
etaHat: 124879
338  fE: -3.0255  dfE: 1.44457e-08  dW: 0.00133791  dPhi(Nx/2)(Ny/2)(Nz/2): 3.77057e-05 Phi A: 0.0263268 Phi B: 0.973673 Phi I: 5.8214e-52
Total charge: -3.29085e-20
etaHat: 124879
339  fE: -3.0255  dfE: 1.08148e-08  dW: 0.00132721  dPhi(Nx/2)(Ny/2)(Nz/2): 3.74402e-05 Phi A: 0.0263268 Phi B: 0.973673 Phi I: 5.8214e-52
Total charge: -3.29085e-20
etaHat: 124879
340  fE: -3.0255  dfE: 7.05609e-09  dW: 0.00131661  dPhi(Nx/2)(Ny/2)(Nz/2): 3.71759e-05 Phi A: 0.0263268 Phi B: 0.973673 Phi I: 5.8214e-52
Saving data . . .
Total charge: -3.29085e-20
etaHat: 124879
341  fE: -3.0255  dfE: 3.3698e-09  dW: 0.00130613  dPhi(Nx/2)(Ny/2)(Nz/2): 3.69128e-05 Phi A: 0.0263268 Phi B: 0.973673 Phi I: 5.8214e-52
Total charge: -3.29085e-20
etaHat: 124879
342  fE: -3.0255  dfE: 6.83822e-11  dW: 0.00129574  dPhi(Nx/2)(Ny/2)(Nz/2): 3.66509e-05 Phi A: 0.0263268 Phi B: 0.973673 Phi I: 5.8214e-52
Total charge: -3.29085e-20
etaHat: 124879
343  fE: -3.0255  dfE: 3.11347e-09  dW: 0.00128545  dPhi(Nx/2)(Ny/2)(Nz/2): 3.639e-05 Phi A: 0.0263268 Phi B: 0.973673 Phi I: 5.8214e-52
Total charge: -3.29085e-20
etaHat: 124879
344  fE: -3.0255  dfE: 5.65541e-09  dW: 0.00127526  dPhi(Nx/2)(Ny/2)(Nz/2): 3.61301e-05 Phi A: 0.0263268 Phi B: 0.973673 Phi I: 5.8214e-52
Total charge: -3.29085e-20
etaHat: 124879
345  fE: -3.0255  dfE: 7.62028e-09  dW: 0.00126516  dPhi(Nx/2)(Ny/2)(Nz/2): 3.58712e-05 Phi A: 0.0263268 Phi B: 0.973673 Phi I: 5.8214e-52
Total charge: -3.29085e-20
etaHat: 124879
346  fE: -3.0255  dfE: 8.97089e-09  dW: 0.00125517  dPhi(Nx/2)(Ny/2)(Nz/2): 3.56133e-05 Phi A: 0.0263268 Phi B: 0.973673 Phi I: 5.8214e-52
Total charge: -3.29085e-20
etaHat: 124879
347  fE: -3.0255  dfE: 9.70462e-09  dW: 0.00124527  dPhi(Nx/2)(Ny/2)(Nz/2): 3.53565e-05 Phi A: 0.0263268 Phi B: 0.973673 Phi I: 5.8214e-52
Total charge: -3.29085e-20
etaHat: 124879
348  fE: -3.0255  dfE: 9.84951e-09  dW: 0.00123547  dPhi(Nx/2)(Ny/2)(Nz/2): 3.51008e-05 Phi A: 0.0263268 Phi B: 0.973673 Phi I: 5.8214e-52
Total charge: -3.29085e-20
etaHat: 124879
349  fE: -3.0255  dfE: 9.46028e-09  dW: 0.00122577  dPhi(Nx/2)(Ny/2)(Nz/2): 3.48463e-05 Phi A: 0.0263268 Phi B: 0.973673 Phi I: 5.8214e-52
Total charge: -3.29085e-20
etaHat: 124879
350  fE: -3.0255  dfE: 8.6125e-09  dW: 0.00121616  dPhi(Nx/2)(Ny/2)(Nz/2): 3.45931e-05 Phi A: 0.0263268 Phi B: 0.973673 Phi I: 5.8214e-52
Saving data . . .
Total charge: -3.29085e-20
etaHat: 124879
351  fE: -3.0255  dfE: 7.39656e-09  dW: 0.00120665  dPhi(Nx/2)(Ny/2)(Nz/2): 3.43413e-05 Phi A: 0.0263268 Phi B: 0.973673 Phi I: 5.8214e-52
Total charge: -3.29085e-20
etaHat: 124879
352  fE: -3.0255  dfE: 5.91186e-09  dW: 0.00119722  dPhi(Nx/2)(Ny/2)(Nz/2): 3.40911e-05 Phi A: 0.0263268 Phi B: 0.973673 Phi I: 5.8214e-52
Total charge: -3.29085e-20
etaHat: 124879
353  fE: -3.0255  dfE: 4.26085e-09  dW: 0.0011879  dPhi(Nx/2)(Ny/2)(Nz/2): 3.38426e-05 Phi A: 0.0263268 Phi B: 0.973673 Phi I: 5.8214e-52
Total charge: -3.29085e-20
etaHat: 124879
354  fE: -3.0255  dfE: 2.54345e-09  dW: 0.00117866  dPhi(Nx/2)(Ny/2)(Nz/2): 3.35959e-05 Phi A: 0.0263268 Phi B: 0.973673 Phi I: 5.8214e-52
Total charge: -3.29085e-20
etaHat: 124879
355  fE: -3.0255  dfE: 8.52455e-10  dW: 0.0011695  dPhi(Nx/2)(Ny/2)(Nz/2): 3.33513e-05 Phi A: 0.0263268 Phi B: 0.973673 Phi I: 5.8214e-52
Total charge: -3.29085e-20
etaHat: 124879
356  fE: -3.0255  dfE: 7.30227e-10  dW: 0.00116043  dPhi(Nx/2)(Ny/2)(Nz/2): 3.31089e-05 Phi A: 0.0263268 Phi B: 0.973673 Phi I: 5.8214e-52
Total charge: -3.29085e-20
etaHat: 124879
357  fE: -3.0255  dfE: 2.13666e-09  dW: 0.00115145  dPhi(Nx/2)(Ny/2)(Nz/2): 3.28687e-05 Phi A: 0.0263268 Phi B: 0.973673 Phi I: 5.8214e-52
Total charge: -3.29085e-20
etaHat: 124879
358  fE: -3.0255  dfE: 3.31497e-09  dW: 0.00114256  dPhi(Nx/2)(Ny/2)(Nz/2): 3.2631e-05 Phi A: 0.0263268 Phi B: 0.973673 Phi I: 5.8214e-52
Total charge: -3.29085e-20
etaHat: 124879
359  fE: -3.0255  dfE: 4.22974e-09  dW: 0.00113374  dPhi(Nx/2)(Ny/2)(Nz/2): 3.23957e-05 Phi A: 0.0263268 Phi B: 0.973673 Phi I: 5.8214e-52
Total charge: -3.29085e-20
etaHat: 124879
360  fE: -3.0255  dfE: 4.8627e-09  dW: 0.00112502  dPhi(Nx/2)(Ny/2)(Nz/2): 3.21631e-05 Phi A: 0.0263268 Phi B: 0.973673 Phi I: 5.8214e-52
Saving data . . .
Total charge: -3.29085e-20
etaHat: 124879
361  fE: -3.0255  dfE: 5.21144e-09  dW: 0.00111637  dPhi(Nx/2)(Ny/2)(Nz/2): 3.1933e-05 Phi A: 0.0263268 Phi B: 0.973673 Phi I: 5.8214e-52
Total charge: -3.29085e-20
etaHat: 124879
362  fE: -3.0255  dfE: 5.28775e-09  dW: 0.00110781  dPhi(Nx/2)(Ny/2)(Nz/2): 3.17056e-05 Phi A: 0.0263268 Phi B: 0.973673 Phi I: 5.8214e-52
Total charge: -3.29085e-20
etaHat: 124879
363  fE: -3.0255  dfE: 5.11602e-09  dW: 0.00109933  dPhi(Nx/2)(Ny/2)(Nz/2): 3.14809e-05 Phi A: 0.0263268 Phi B: 0.973673 Phi I: 5.8214e-52
Total charge: -3.29085e-20
etaHat: 124879
364  fE: -3.0255  dfE: 4.73043e-09  dW: 0.00109094  dPhi(Nx/2)(Ny/2)(Nz/2): 3.12588e-05 Phi A: 0.0263268 Phi B: 0.973673 Phi I: 5.8214e-52
Total charge: -3.29085e-20
etaHat: 124879
365  fE: -3.0255  dfE: 4.17211e-09  dW: 0.00108262  dPhi(Nx/2)(Ny/2)(Nz/2): 3.10393e-05 Phi A: 0.0263268 Phi B: 0.973673 Phi I: 5.8214e-52
Total charge: -3.29085e-20
etaHat: 124879
366  fE: -3.0255  dfE: 3.4866e-09  dW: 0.00107438  dPhi(Nx/2)(Ny/2)(Nz/2): 3.08223e-05 Phi A: 0.0263268 Phi B: 0.973673 Phi I: 5.8214e-52
Total charge: -3.29085e-20
etaHat: 124879
367  fE: -3.0255  dfE: 2.72105e-09  dW: 0.00106622  dPhi(Nx/2)(Ny/2)(Nz/2): 3.06078e-05 Phi A: 0.0263268 Phi B: 0.973673 Phi I: 5.8214e-52
Total charge: -3.29085e-20
etaHat: 124879
368  fE: -3.0255  dfE: 1.92164e-09  dW: 0.00105814  dPhi(Nx/2)(Ny/2)(Nz/2): 3.03957e-05 Phi A: 0.0263268 Phi B: 0.973673 Phi I: 5.8214e-52
Total charge: -3.29085e-20
etaHat: 124879
369  fE: -3.0255  dfE: 1.13133e-09  dW: 0.00105014  dPhi(Nx/2)(Ny/2)(Nz/2): 3.01859e-05 Phi A: 0.0263268 Phi B: 0.973673 Phi I: 5.8214e-52
Total charge: -3.29085e-20
etaHat: 124879
370  fE: -3.0255  dfE: 3.88409e-10  dW: 0.00104221  dPhi(Nx/2)(Ny/2)(Nz/2): 2.99782e-05 Phi A: 0.0263268 Phi B: 0.973673 Phi I: 5.8214e-52
Saving data . . .
Total charge: -3.29085e-20
etaHat: 124879
371  fE: -3.0255  dfE: 2.75499e-10  dW: 0.00103436  dPhi(Nx/2)(Ny/2)(Nz/2): 2.97726e-05 Phi A: 0.0263268 Phi B: 0.973673 Phi I: 5.8214e-52
Total charge: -3.29085e-20
etaHat: 124879
372  fE: -3.0255  dfE: 8.35797e-10  dW: 0.00102658  dPhi(Nx/2)(Ny/2)(Nz/2): 2.9569e-05 Phi A: 0.0263268 Phi B: 0.973673 Phi I: 5.8214e-52
Total charge: -3.29085e-20
etaHat: 124879
373  fE: -3.0255  dfE: 1.27562e-09  dW: 0.00101887  dPhi(Nx/2)(Ny/2)(Nz/2): 2.93672e-05 Phi A: 0.0263268 Phi B: 0.973673 Phi I: 5.8214e-52
Total charge: -3.29085e-20
etaHat: 124879
374  fE: -3.0255  dfE: 1.58603e-09  dW: 0.00101124  dPhi(Nx/2)(Ny/2)(Nz/2): 2.91672e-05 Phi A: 0.0263268 Phi B: 0.973673 Phi I: 5.8214e-52
Total charge: -3.29085e-20
etaHat: 124879
375  fE: -3.0255  dfE: 1.76528e-09  dW: 0.00100367  dPhi(Nx/2)(Ny/2)(Nz/2): 2.89688e-05 Phi A: 0.0263268 Phi B: 0.973673 Phi I: 5.8214e-52
Total charge: -3.29085e-20
etaHat: 124879
376  fE: -3.0255  dfE: 1.81839e-09  dW: 0.000996166  dPhi(Nx/2)(Ny/2)(Nz/2): 2.87719e-05 Phi A: 0.0263268 Phi B: 0.973673 Phi I: 5.8214e-52
Saving data . . .
