Total charge: 124877
etaHat: 124877
0  fE: -9369.06  dfE: 9469.06  dW: 19.9457  dPhi(Nx/2)(Ny/2)(Nz/2): -4.11389 Phi A: 0.607494 Phi B: 4.48374 Phi I: 999.016
Saving data . . .
Total charge: 1.59566
etaHat: 124879
1  fE: -25220.1  dfE: 15851  dW: 21.3734  dPhi(Nx/2)(Ny/2)(Nz/2): -2.18071 Phi A: 0.276325 Phi B: 2.89095 Phi I: 0.0127653
Total charge: 1.60488e-18
etaHat: 124879
2  fE: -17.9519  dfE: 25202.1  dW: 21.3025  dPhi(Nx/2)(Ny/2)(Nz/2): -1.09672 Phi A: 0.149067 Phi B: 1.93926 Phi I: 1.43297e-20
Total charge: -1.12889e-19
etaHat: 124879
3  fE: -12.7905  dfE: 5.16141  dW: 20.1891  dPhi(Nx/2)(Ny/2)(Nz/2): -0.437518 Phi A: 0.0903112 Phi B: 1.34175 Phi I: 5.82354e-52
Total charge: -7.48372e-20
etaHat: 124879
4  fE: -9.09057  dfE: 3.6999  dW: 18.4389  dPhi(Nx/2)(Ny/2)(Nz/2): -0.0248757 Phi A: 0.0598698 Phi B: 0.961337 Phi I: 5.82162e-52
Total charge: -5.3437e-20
etaHat: 124879
5  fE: -6.55018  dfE: 2.54039  dW: 16.318  dPhi(Nx/2)(Ny/2)(Nz/2): 0.238593 Phi A: 0.0427496 Phi B: 0.716097 Phi I: 5.81991e-52
Total charge: -4.06818e-20
etaHat: 124879
6  fE: -4.82775  dfE: 1.72243  dW: 13.9974  dPhi(Nx/2)(Ny/2)(Nz/2): 0.409607 Phi A: 0.0325454 Phi B: 0.555991 Phi I: 5.81843e-52
Total charge: -3.27923e-20
etaHat: 124879
7  fE: -3.65603  dfE: 1.17172  dW: 11.5882  dPhi(Nx/2)(Ny/2)(Nz/2): 0.52187 Phi A: 0.0262338 Phi B: 0.450498 Phi I: 5.8172e-52
Total charge: -2.78445e-20
etaHat: 124879
8  fE: -2.84932  dfE: 0.806709  dW: 9.16485  dPhi(Nx/2)(Ny/2)(Nz/2): 0.595632 Phi A: 0.0222756 Phi B: 0.381001 Phi I: 5.81621e-52
Total charge: -2.48045e-20
etaHat: 124879
9  fE: -2.28435  dfE: 0.564972  dW: 6.77889  dPhi(Nx/2)(Ny/2)(Nz/2): 0.643144 Phi A: 0.0198436 Phi B: 0.336129 Phi I: 5.81546e-52
Total charge: -2.30992e-20
etaHat: 124879
10  fE: -1.8803  dfE: 0.404049  dW: 4.46755  dPhi(Nx/2)(Ny/2)(Nz/2): 0.671813 Phi A: 0.0184793 Phi B: 0.308969 Phi I: 5.81496e-52
Saving data . . .
Total charge: -2.24127e-20
etaHat: 124879
11  fE: -1.58384  dfE: 0.296457  dW: 2.2597  dPhi(Nx/2)(Ny/2)(Nz/2): 0.68602 Phi A: 0.0179302 Phi B: 0.295414 Phi I: 5.81468e-52
Total charge: -2.25837e-20
etaHat: 124879
12  fE: -1.35901  dfE: 0.224833  dW: 0.576826  dPhi(Nx/2)(Ny/2)(Nz/2): 0.688176 Phi A: 0.018067 Phi B: 0.293199 Phi I: 5.81462e-52
Total charge: -2.35515e-20
etaHat: 124879
13  fE: -1.18066  dfE: 0.178348  dW: 1.74933  dPhi(Nx/2)(Ny/2)(Nz/2): 0.679322 Phi A: 0.0188412 Phi B: 0.301336 Phi I: 5.81477e-52
Total charge: -2.53269e-20
etaHat: 124879
14  fE: -1.03039  dfE: 0.150276  dW: 3.50389  dPhi(Nx/2)(Ny/2)(Nz/2): 0.659483 Phi A: 0.0202615 Phi B: 0.319806 Phi I: 5.8151e-52
Total charge: -2.79733e-20
etaHat: 124879
15  fE: -0.894116  dfE: 0.13627  dW: 5.05749  dPhi(Nx/2)(Ny/2)(Nz/2): 0.627861 Phi A: 0.0223786 Phi B: 0.349359 Phi I: 5.8156e-52
Total charge: -3.15897e-20
etaHat: 124879
16  fE: -0.761146  dfE: 0.132971  dW: 6.37952  dPhi(Nx/2)(Ny/2)(Nz/2): 0.582991 Phi A: 0.0252718 Phi B: 0.391391 Phi I: 5.81626e-52
Total charge: -3.62875e-20
etaHat: 124879
17  fE: -0.624576  dfE: 0.136569  dW: 7.43436  dPhi(Nx/2)(Ny/2)(Nz/2): 0.522921 Phi A: 0.02903 Phi B: 0.447777 Phi I: 5.81703e-52
Total charge: -4.21509e-20
etaHat: 124879
18  fE: -0.483454  dfE: 0.141123  dW: 8.18172  dPhi(Nx/2)(Ny/2)(Nz/2): 0.445521 Phi A: 0.0337208 Phi B: 0.520592 Phi I: 5.8179e-52
Total charge: -4.91761e-20
etaHat: 124879
19  fE: -0.346734  dfE: 0.13672  dW: 8.57899  dPhi(Nx/2)(Ny/2)(Nz/2): 0.349042 Phi A: 0.0393409 Phi B: 0.611608 Phi I: 5.81884e-52
Total charge: -5.71842e-20
etaHat: 124879
20  fE: -0.238436  dfE: 0.108298  dW: 8.5868  dPhi(Nx/2)(Ny/2)(Nz/2): 0.233015 Phi A: 0.0457473 Phi B: 0.721459 Phi I: 5.8198e-52
Saving data . . .
Total charge: -6.57291e-20
etaHat: 124879
21  fE: -0.201446  dfE: 0.0369903  dW: 8.1784  dPhi(Nx/2)(Ny/2)(Nz/2): 0.0994841 Phi A: 0.0525833 Phi B: 0.848482 Phi I: 5.82075e-52
Total charge: -7.40443e-20
etaHat: 124879
22  fE: -0.294923  dfE: 0.0934773  dW: 7.35235  dPhi(Nx/2)(Ny/2)(Nz/2): -0.0457172 Phi A: 0.0592355 Phi B: 0.987475 Phi I: 5.82164e-52
Total charge: -8.11015e-20
etaHat: 124879
23  fE: -0.579578  dfE: 0.284655  dW: 6.14538  dPhi(Nx/2)(Ny/2)(Nz/2): -0.192283 Phi A: 0.0648812 Phi B: 1.12896 Phi I: 5.82243e-52
Total charge: -8.5833e-20
etaHat: 124879
24  fE: -1.09029  dfE: 0.510707  dW: 4.63952  dPhi(Nx/2)(Ny/2)(Nz/2): -0.326234 Phi A: 0.0686664 Phi B: 1.25979 Phi I: 5.82308e-52
Total charge: -8.74741e-20
etaHat: 124879
25  fE: -1.80735  dfE: 0.717067  dW: 2.98457  dPhi(Nx/2)(Ny/2)(Nz/2): -0.432677 Phi A: 0.0699793 Phi B: 1.36563 Phi I: 5.82356e-52
Total charge: -8.5856e-20
etaHat: 124879
26  fE: -2.64689  dfE: 0.839536  dW: 2.33573  dPhi(Nx/2)(Ny/2)(Nz/2): -0.49983 Phi A: 0.0686848 Phi B: 1.43476 Phi I: 5.82386e-52
Total charge: -8.14631e-20
etaHat: 124879
27  fE: -3.48314  dfE: 0.836248  dW: 1.7719  dPhi(Nx/2)(Ny/2)(Nz/2): -0.522477 Phi A: 0.0651705 Phi B: 1.4615 Phi I: 5.82398e-52
Total charge: -7.52152e-20
etaHat: 124879
28  fE: -4.19258  dfE: 0.709443  dW: 1.76062  dPhi(Nx/2)(Ny/2)(Nz/2): -0.503046 Phi A: 0.0601722 Phi B: 1.44748 Phi I: 5.82394e-52
Total charge: -6.81273e-20
etaHat: 124879
29  fE: -4.69335  dfE: 0.500773  dW: 2.8629  dPhi(Nx/2)(Ny/2)(Nz/2): -0.449964 Phi A: 0.0545018 Phi B: 1.4003 Phi I: 5.82375e-52
Total charge: -6.10382e-20
etaHat: 124879
30  fE: -4.96023  dfE: 0.266873  dW: 3.65412  dPhi(Nx/2)(Ny/2)(Nz/2): -0.374517 Phi A: 0.0488305 Phi B: 1.33059 Phi I: 5.82346e-52
Saving data . . .
Total charge: -5.44993e-20
etaHat: 124879
31  fE: -5.01516  dfE: 0.0549299  dW: 4.13648  dPhi(Nx/2)(Ny/2)(Nz/2): -0.287866 Phi A: 0.0435994 Phi B: 1.2491 Phi I: 5.82309e-52
Total charge: -4.87926e-20
etaHat: 124879
32  fE: -4.90634  dfE: 0.108817  dW: 4.33731  dPhi(Nx/2)(Ny/2)(Nz/2): -0.199179 Phi A: 0.0390341 Phi B: 1.1648 Phi I: 5.82268e-52
Total charge: -4.40065e-20
etaHat: 124879
33  fE: -4.68847  dfE: 0.217874  dW: 4.29608  dPhi(Nx/2)(Ny/2)(Nz/2): -0.114975 Phi A: 0.0352052 Phi B: 1.08419 Phi I: 5.82226e-52
Total charge: -4.01156e-20
etaHat: 124879
34  fE: -4.41014  dfE: 0.278327  dW: 4.05707  dPhi(Nx/2)(Ny/2)(Nz/2): -0.0392971 Phi A: 0.0320925 Phi B: 1.01137 Phi I: 5.82185e-52
Total charge: -3.704e-20
etaHat: 124879
35  fE: -4.1086  dfE: 0.301543  dW: 3.66462  dPhi(Nx/2)(Ny/2)(Nz/2): 0.0257419 Phi A: 0.029632 Phi B: 0.948526 Phi I: 5.82147e-52
Total charge: -3.46825e-20
etaHat: 124879
36  fE: -3.80931  dfE: 0.299285  dW: 3.16056  dPhi(Nx/2)(Ny/2)(Nz/2): 0.0793572 Phi A: 0.027746 Phi B: 0.896541 Phi I: 5.82113e-52
Total charge: -3.29476e-20
etaHat: 124879
37  fE: -3.52797  dfE: 0.281345  dW: 2.58293  dPhi(Nx/2)(Ny/2)(Nz/2): 0.121581 Phi A: 0.0263581 Phi B: 0.855466 Phi I: 5.82085e-52
Total charge: -3.17501e-20
etaHat: 124879
38  fE: -3.27309  dfE: 0.254876  dW: 1.96562  dPhi(Nx/2)(Ny/2)(Nz/2): 0.152895 Phi A: 0.0254 Phi B: 0.824891 Phi I: 5.82063e-52
Total charge: -3.1017e-20
etaHat: 124879
39  fE: -3.0485  dfE: 0.224594  dW: 1.33844  dPhi(Nx/2)(Ny/2)(Nz/2): 0.173991 Phi A: 0.0248136 Phi B: 0.80418 Phi I: 5.82047e-52
Total charge: -3.06866e-20
etaHat: 124879
40  fE: -2.8552  dfE: 0.193298  dW: 0.727356  dPhi(Nx/2)(Ny/2)(Nz/2): 0.185637 Phi A: 0.0245493 Phi B: 0.792612 Phi I: 5.82037e-52
Saving data . . .
Total charge: -3.0705e-20
etaHat: 124879
41  fE: -2.69279  dfE: 0.162405  dW: 0.215603  dPhi(Nx/2)(Ny/2)(Nz/2): 0.188617 Phi A: 0.024564 Phi B: 0.789443 Phi I: 5.82034e-52
Total charge: -3.10233e-20
etaHat: 124879
42  fE: -2.56038  dfE: 0.132411  dW: 0.361276  dPhi(Nx/2)(Ny/2)(Nz/2): 0.183721 Phi A: 0.0248186 Phi B: 0.793915 Phi I: 5.82037e-52
Total charge: -3.15937e-20
etaHat: 124879
43  fE: -2.45715  dfE: 0.103237  dW: 0.802386  dPhi(Nx/2)(Ny/2)(Nz/2): 0.171764 Phi A: 0.025275 Phi B: 0.805246 Phi I: 5.82044e-52
Total charge: -3.23668e-20
etaHat: 124879
44  fE: -2.38263  dfE: 0.0745157  dW: 1.15908  dPhi(Nx/2)(Ny/2)(Nz/2): 0.153628 Phi A: 0.0258934 Phi B: 0.822586 Phi I: 5.82056e-52
Total charge: -3.32886e-20
etaHat: 124879
45  fE: -2.33681  dfE: 0.0458191  dW: 1.42191  dPhi(Nx/2)(Ny/2)(Nz/2): 0.130305 Phi A: 0.0266309 Phi B: 0.844983 Phi I: 5.82071e-52
Total charge: -3.42999e-20
etaHat: 124879
46  fE: -2.31994  dfE: 0.016871  dW: 1.58632  dPhi(Nx/2)(Ny/2)(Nz/2): 0.102932 Phi A: 0.0274399 Phi B: 0.87134 Phi I: 5.82088e-52
Total charge: -3.5336e-20
etaHat: 124879
47  fE: -2.3322  dfE: 0.0122646  dW: 1.652  dPhi(Nx/2)(Ny/2)(Nz/2): 0.0728122 Phi A: 0.0282688 Phi B: 0.900403 Phi I: 5.82107e-52
Total charge: -3.63296e-20
etaHat: 124879
48  fE: -2.37324  dfE: 0.0410351  dW: 1.62312  dPhi(Nx/2)(Ny/2)(Nz/2): 0.0414007 Phi A: 0.0290637 Phi B: 0.930768 Phi I: 5.82126e-52
Total charge: -3.72143e-20
etaHat: 124879
49  fE: -2.44158  dfE: 0.0683374  dW: 1.50829  dPhi(Nx/2)(Ny/2)(Nz/2): 0.0102587 Phi A: 0.0297714 Phi B: 0.960926 Phi I: 5.82144e-52
Total charge: -3.79306e-20
etaHat: 124879
50  fE: -2.53416  dfE: 0.0925837  dW: 1.3202  dPhi(Nx/2)(Ny/2)(Nz/2): -0.019036 Phi A: 0.0303445 Phi B: 0.989351 Phi I: 5.8216e-52
Saving data . . .
Total charge: -3.84315e-20
etaHat: 124879
51  fE: -2.64608  dfE: 0.111923  dW: 1.0749  dPhi(Nx/2)(Ny/2)(Nz/2): -0.0450055 Phi A: 0.0307452 Phi B: 1.01461 Phi I: 5.82175e-52
Total charge: -3.86875e-20
etaHat: 124879
52  fE: -2.77067  dfE: 0.12459  dW: 0.79079  dPhi(Nx/2)(Ny/2)(Nz/2): -0.0664008 Phi A: 0.03095 Phi B: 1.03548 Phi I: 5.82186e-52
Total charge: -3.86896e-20
etaHat: 124879
53  fE: -2.89998  dfE: 0.129305  dW: 0.573276  dPhi(Nx/2)(Ny/2)(Nz/2): -0.0823177 Phi A: 0.0309516 Phi B: 1.05107 Phi I: 5.82195e-52
Total charge: -3.84491e-20
etaHat: 124879
54  fE: -3.02558  dfE: 0.125601  dW: 0.474156  dPhi(Nx/2)(Ny/2)(Nz/2): -0.0922761 Phi A: 0.0307593 Phi B: 1.06091 Phi I: 5.822e-52
Total charge: -3.79953e-20
etaHat: 124879
55  fE: -3.13956  dfE: 0.113985  dW: 0.367661  dPhi(Nx/2)(Ny/2)(Nz/2): -0.0962466 Phi A: 0.0303962 Phi B: 1.06496 Phi I: 5.82202e-52
Total charge: -3.73699e-20
etaHat: 124879
56  fE: -3.23542  dfE: 0.0958607  dW: 0.368887  dPhi(Nx/2)(Ny/2)(Nz/2): -0.0946194 Phi A: 0.0298959 Phi B: 1.06357 Phi I: 5.82201e-52
Total charge: -3.66219e-20
etaHat: 124879
57  fE: -3.3087  dfE: 0.0732722  dW: 0.578896  dPhi(Nx/2)(Ny/2)(Nz/2): -0.088127 Phi A: 0.0292975 Phi B: 1.05745 Phi I: 5.82197e-52
Total charge: -3.58013e-20
etaHat: 124879
58  fE: -3.35722  dfE: 0.0485277  dW: 0.746383  dPhi(Nx/2)(Ny/2)(Nz/2): -0.0777361 Phi A: 0.0286411 Phi B: 1.04752 Phi I: 5.82192e-52
Total charge: -3.49554e-20
etaHat: 124879
59  fE: -3.38106  dfE: 0.023835  dW: 0.862012  dPhi(Nx/2)(Ny/2)(Nz/2): -0.0645333 Phi A: 0.0279643 Phi B: 1.03484 Phi I: 5.82184e-52
Total charge: -3.41248e-20
etaHat: 124879
60  fE: -3.38208  dfE: 0.00102313  dW: 0.925747  dPhi(Nx/2)(Ny/2)(Nz/2): -0.0496196 Phi A: 0.0272999 Phi B: 1.02047 Phi I: 5.82176e-52
Saving data . . .
Total charge: -3.33426e-20
etaHat: 124879
61  fE: -3.36348  dfE: 0.0186055  dW: 0.940354  dPhi(Nx/2)(Ny/2)(Nz/2): -0.0340279 Phi A: 0.0266741 Phi B: 1.00542 Phi I: 5.82167e-52
Total charge: -3.26335e-20
etaHat: 124879
62  fE: -3.32918  dfE: 0.0342995  dW: 0.910791  dPhi(Nx/2)(Ny/2)(Nz/2): -0.0186656 Phi A: 0.0261068 Phi B: 0.990568 Phi I: 5.82158e-52
Total charge: -3.20146e-20
etaHat: 124879
63  fE: -3.28339  dfE: 0.0457923  dW: 0.843593  dPhi(Nx/2)(Ny/2)(Nz/2): -0.00428363 Phi A: 0.0256117 Phi B: 0.97665 Phi I: 5.82149e-52
Total charge: -3.14961e-20
etaHat: 124879
64  fE: -3.2302  dfE: 0.0531891  dW: 0.746291  dPhi(Nx/2)(Ny/2)(Nz/2): 0.00853526 Phi A: 0.0251968 Phi B: 0.964238 Phi I: 5.82142e-52
Total charge: -3.10822e-20
etaHat: 124879
65  fE: -3.17335  dfE: 0.056842  dW: 0.626902  dPhi(Nx/2)(Ny/2)(Nz/2): 0.0193728 Phi A: 0.0248658 Phi B: 0.953743 Phi I: 5.82135e-52
Total charge: -3.07726e-20
etaHat: 124879
66  fE: -3.11611  dfE: 0.0572401  dW: 0.493495  dPhi(Nx/2)(Ny/2)(Nz/2): 0.0279633 Phi A: 0.0246181 Phi B: 0.945429 Phi I: 5.82129e-52
Total charge: -3.0563e-20
etaHat: 124879
67  fE: -3.06119  dfE: 0.0549252  dW: 0.353833  dPhi(Nx/2)(Ny/2)(Nz/2): 0.0341772 Phi A: 0.0244504 Phi B: 0.939426 Phi I: 5.82125e-52
Total charge: -3.04459e-20
etaHat: 124879
68  fE: -3.01075  dfE: 0.0504358  dW: 0.215089  dPhi(Nx/2)(Ny/2)(Nz/2): 0.0380034 Phi A: 0.0243567 Phi B: 0.935749 Phi I: 5.82123e-52
Total charge: -3.04115e-20
etaHat: 124879
69  fE: -2.96648  dfE: 0.0442767  dW: 0.086438  dPhi(Nx/2)(Ny/2)(Nz/2): 0.0395321 Phi A: 0.0243292 Phi B: 0.934314 Phi I: 5.82121e-52
Total charge: -3.04478e-20
etaHat: 124879
70  fE: -2.92957  dfE: 0.0369075  dW: 0.0503548  dPhi(Nx/2)(Ny/2)(Nz/2): 0.038939 Phi A: 0.0243582 Phi B: 0.934956 Phi I: 5.82122e-52
Saving data . . .
Total charge: -3.05417e-20
etaHat: 124879
71  fE: -2.90082  dfE: 0.028744  dW: 0.137192  dPhi(Nx/2)(Ny/2)(Nz/2): 0.0364696 Phi A: 0.0244333 Phi B: 0.937437 Phi I: 5.82123e-52
Total charge: -3.06788e-20
etaHat: 124879
72  fE: -2.88066  dfE: 0.0201655  dW: 0.219082  dPhi(Nx/2)(Ny/2)(Nz/2): 0.0324256 Phi A: 0.024543 Phi B: 0.941466 Phi I: 5.82125e-52
Total charge: -3.08444e-20
etaHat: 124879
73  fE: -2.86913  dfE: 0.0115245  dW: 0.27918  dPhi(Nx/2)(Ny/2)(Nz/2): 0.0271498 Phi A: 0.0246755 Phi B: 0.946713 Phi I: 5.82128e-52
Total charge: -3.1024e-20
etaHat: 124879
74  fE: -2.86598  dfE: 0.00315297  dW: 0.316762  dPhi(Nx/2)(Ny/2)(Nz/2): 0.0210106 Phi A: 0.0248192 Phi B: 0.95282 Phi I: 5.82131e-52
Total charge: -3.12035e-20
etaHat: 124879
75  fE: -2.87062  dfE: 0.00463664  dW: 0.332295  dPhi(Nx/2)(Ny/2)(Nz/2): 0.0143867 Phi A: 0.0249628 Phi B: 0.959417 Phi I: 5.82135e-52
Total charge: -3.13704e-20
etaHat: 124879
76  fE: -2.88217  dfE: 0.0115561  dW: 0.327269  dPhi(Nx/2)(Ny/2)(Nz/2): 0.00764957 Phi A: 0.0250963 Phi B: 0.966144 Phi I: 5.82139e-52
Total charge: -3.15136e-20
etaHat: 124879
77  fE: -2.89953  dfE: 0.0173524  dW: 0.304052  dPhi(Nx/2)(Ny/2)(Nz/2): 0.00114742 Phi A: 0.0252109 Phi B: 0.972658 Phi I: 5.82143e-52
Total charge: -3.16246e-20
etaHat: 124879
78  fE: -2.92135  dfE: 0.0218229  dW: 0.2657  dPhi(Nx/2)(Ny/2)(Nz/2): -0.00481104 Phi A: 0.0252997 Phi B: 0.978657 Phi I: 5.82146e-52
Total charge: -3.16974e-20
etaHat: 124879
79  fE: -2.94618  dfE: 0.0248311  dW: 0.215844  dPhi(Nx/2)(Ny/2)(Nz/2): -0.00997007 Phi A: 0.0253579 Phi B: 0.983889 Phi I: 5.82149e-52
Total charge: -3.17287e-20
etaHat: 124879
80  fE: -2.9725  dfE: 0.0263198  dW: 0.163031  dPhi(Nx/2)(Ny/2)(Nz/2): -0.0141373 Phi A: 0.0253829 Phi B: 0.988161 Phi I: 5.82152e-52
Saving data . . .
Total charge: -3.17179e-20
etaHat: 124879
81  fE: -2.99882  dfE: 0.0263187  dW: 0.12839  dPhi(Nx/2)(Ny/2)(Nz/2): -0.01719 Phi A: 0.0253743 Phi B: 0.991349 Phi I: 5.82153e-52
Total charge: -3.1667e-20
etaHat: 124879
82  fE: -3.02376  dfE: 0.0249437  dW: 0.106524  dPhi(Nx/2)(Ny/2)(Nz/2): -0.0190766 Phi A: 0.0253336 Phi B: 0.9934 Phi I: 5.82154e-52
Total charge: -3.15801e-20
etaHat: 124879
83  fE: -3.04615  dfE: 0.0223866  dW: 0.086885  dPhi(Nx/2)(Ny/2)(Nz/2): -0.0198134 Phi A: 0.0252641 Phi B: 0.994323 Phi I: 5.82155e-52
Total charge: -3.14631e-20
etaHat: 124879
84  fE: -3.06505  dfE: 0.0188984  dW: 0.0899046  dPhi(Nx/2)(Ny/2)(Nz/2): -0.0194773 Phi A: 0.0251704 Phi B: 0.994191 Phi I: 5.82155e-52
Total charge: -3.13226e-20
etaHat: 124879
85  fE: -3.07981  dfE: 0.0147665  dW: 0.124636  dPhi(Nx/2)(Ny/2)(Nz/2): -0.018195 Phi A: 0.0250581 Phi B: 0.993123 Phi I: 5.82154e-52
Total charge: -3.11663e-20
etaHat: 124879
86  fE: -3.0901  dfE: 0.01029  dW: 0.160319  dPhi(Nx/2)(Ny/2)(Nz/2): -0.0161305 Phi A: 0.024933 Phi B: 0.991277 Phi I: 5.82153e-52
Total charge: -3.10015e-20
etaHat: 124879
87  fE: -3.09586  dfE: 0.00575649  dW: 0.186135  dPhi(Nx/2)(Ny/2)(Nz/2): -0.0134713 Phi A: 0.0248012 Phi B: 0.988833 Phi I: 5.82151e-52
Total charge: -3.08356e-20
etaHat: 124879
88  fE: -3.09728  dfE: 0.00142294  dW: 0.20137  dPhi(Nx/2)(Ny/2)(Nz/2): -0.0104152 Phi A: 0.0246685 Phi B: 0.985983 Phi I: 5.82149e-52
Total charge: -3.06749e-20
etaHat: 124879
89  fE: -3.09479  dfE: 0.00249827  dW: 0.20633  dPhi(Nx/2)(Ny/2)(Nz/2): -0.00715812 Phi A: 0.0245399 Phi B: 0.982918 Phi I: 5.82147e-52
Total charge: -3.05249e-20
etaHat: 124879
90  fE: -3.08894  dfE: 0.00584688  dW: 0.201811  dPhi(Nx/2)(Ny/2)(Nz/2): -0.00388395 Phi A: 0.0244199 Phi B: 0.979818 Phi I: 5.82145e-52
Saving data . . .
Total charge: -3.039e-20
etaHat: 124879
91  fE: -3.08042  dfE: 0.00851687  dW: 0.188997  dPhi(Nx/2)(Ny/2)(Nz/2): -0.000756415 Phi A: 0.024312 Phi B: 0.976842 Phi I: 5.82144e-52
Total charge: -3.02734e-20
etaHat: 124879
92  fE: -3.06997  dfE: 0.010454  dW: 0.169358  dPhi(Nx/2)(Ny/2)(Nz/2): 0.00208667 Phi A: 0.0242187 Phi B: 0.974127 Phi I: 5.82142e-52
Total charge: -3.01772e-20
etaHat: 124879
93  fE: -3.05832  dfE: 0.01165  dW: 0.14454  dPhi(Nx/2)(Ny/2)(Nz/2): 0.00453705 Phi A: 0.0241417 Phi B: 0.97178 Phi I: 5.8214e-52
Total charge: -3.01022e-20
etaHat: 124879
94  fE: -3.04618  dfE: 0.0121354  dW: 0.116269  dPhi(Nx/2)(Ny/2)(Nz/2): 0.0065176 Phi A: 0.0240818 Phi B: 0.969877 Phi I: 5.82139e-52
Total charge: -3.00483e-20
etaHat: 124879
95  fE: -3.03421  dfE: 0.0119715  dW: 0.0862627  dPhi(Nx/2)(Ny/2)(Nz/2): 0.0079823 Phi A: 0.0240386 Phi B: 0.968466 Phi I: 5.82138e-52
Total charge: -3.00144e-20
etaHat: 124879
96  fE: -3.02297  dfE: 0.0112419  dW: 0.0564535  dPhi(Nx/2)(Ny/2)(Nz/2): 0.00891475 Phi A: 0.0240115 Phi B: 0.967564 Phi I: 5.82137e-52
Total charge: -2.99987e-20
etaHat: 124879
97  fE: -3.01292  dfE: 0.0100457  dW: 0.0317284  dPhi(Nx/2)(Ny/2)(Nz/2): 0.0093256 Phi A: 0.023999 Phi B: 0.967162 Phi I: 5.82137e-52
Total charge: -2.99988e-20
etaHat: 124879
98  fE: -3.00443  dfE: 0.00849119  dW: 0.0216151  dPhi(Nx/2)(Ny/2)(Nz/2): 0.00924914 Phi A: 0.023999 Phi B: 0.967229 Phi I: 5.82137e-52
Total charge: -3.00117e-20
etaHat: 124879
99  fE: -2.99774  dfE: 0.00668976  dW: 0.0278547  dPhi(Nx/2)(Ny/2)(Nz/2): 0.0087392 Phi A: 0.0240094 Phi B: 0.967713 Phi I: 5.82137e-52
Total charge: -3.00344e-20
etaHat: 124879
100  fE: -2.99299  dfE: 0.00475177  dW: 0.0413978  dPhi(Nx/2)(Ny/2)(Nz/2): 0.00786477 Phi A: 0.0240275 Phi B: 0.96855 Phi I: 5.82138e-52
Saving data . . .
Total charge: -3.00636e-20
etaHat: 124879
101  fE: -2.99021  dfE: 0.00278221  dW: 0.0540384  dPhi(Nx/2)(Ny/2)(Nz/2): 0.00670527 Phi A: 0.0240509 Phi B: 0.969662 Phi I: 5.82138e-52
Total charge: -3.00961e-20
etaHat: 124879
102  fE: -2.98933  dfE: 0.000877263  dW: 0.062684  dPhi(Nx/2)(Ny/2)(Nz/2): 0.00534584 Phi A: 0.0240768 Phi B: 0.970968 Phi I: 5.82139e-52
Total charge: -3.01289e-20
etaHat: 124879
103  fE: -2.99021  dfE: 0.000878719  dW: 0.0667342  dPhi(Nx/2)(Ny/2)(Nz/2): 0.00387283 Phi A: 0.0241031 Phi B: 0.972384 Phi I: 5.8214e-52
Total charge: -3.01593e-20
etaHat: 124879
104  fE: -2.99263  dfE: 0.00241577  dW: 0.0664261  dPhi(Nx/2)(Ny/2)(Nz/2): 0.00236951 Phi A: 0.0241275 Phi B: 0.97383 Phi I: 5.8214e-52
Total charge: -3.01852e-20
etaHat: 124879
105  fE: -2.99631  dfE: 0.00368029  dW: 0.0623602  dPhi(Nx/2)(Ny/2)(Nz/2): 0.000912383 Phi A: 0.0241482 Phi B: 0.975231 Phi I: 5.82141e-52
Total charge: -3.02049e-20
etaHat: 124879
106  fE: -3.00094  dfE: 0.0046363  dW: 0.055479  dPhi(Nx/2)(Ny/2)(Nz/2): -0.000431994 Phi A: 0.0241639 Phi B: 0.976523 Phi I: 5.82142e-52
Total charge: -3.0217e-20
etaHat: 124879
107  fE: -3.00621  dfE: 0.00526599  dW: 0.0471583  dPhi(Nx/2)(Ny/2)(Nz/2): -0.00160932 Phi A: 0.0241736 Phi B: 0.977653 Phi I: 5.82142e-52
Total charge: -3.02209e-20
etaHat: 124879
108  fE: -3.01178  dfE: 0.00556931  dW: 0.0389514  dPhi(Nx/2)(Ny/2)(Nz/2): -0.00257914 Phi A: 0.0241768 Phi B: 0.978582 Phi I: 5.82143e-52
Total charge: -3.02166e-20
etaHat: 124879
109  fE: -3.01734  dfE: 0.0055627  dW: 0.0321438  dPhi(Nx/2)(Ny/2)(Nz/2): -0.00331551 Phi A: 0.0241733 Phi B: 0.979284 Phi I: 5.82143e-52
Total charge: -3.02043e-20
etaHat: 124879
110  fE: -3.02262  dfE: 0.00527697  dW: 0.0277015  dPhi(Nx/2)(Ny/2)(Nz/2): -0.00380689 Phi A: 0.0241634 Phi B: 0.979748 Phi I: 5.82144e-52
Saving data . . .
Total charge: -3.01848e-20
etaHat: 124879
111  fE: -3.02737  dfE: 0.00475451  dW: 0.0263252  dPhi(Nx/2)(Ny/2)(Nz/2): -0.00405532 Phi A: 0.0241478 Phi B: 0.979976 Phi I: 5.82144e-52
Total charge: -3.01591e-20
etaHat: 124879
112  fE: -3.03142  dfE: 0.00404592  dW: 0.0280764  dPhi(Nx/2)(Ny/2)(Nz/2): -0.00407486 Phi A: 0.0241272 Phi B: 0.979982 Phi I: 5.82144e-52
Total charge: -3.01285e-20
etaHat: 124879
113  fE: -3.03462  dfE: 0.00320654  dW: 0.0321938  dPhi(Nx/2)(Ny/2)(Nz/2): -0.00388965 Phi A: 0.0241028 Phi B: 0.979789 Phi I: 5.82143e-52
Total charge: -3.00944e-20
etaHat: 124879
114  fE: -3.03692  dfE: 0.00229292  dW: 0.0372144  dPhi(Nx/2)(Ny/2)(Nz/2): -0.00353158 Phi A: 0.0240755 Phi B: 0.979427 Phi I: 5.82143e-52
Total charge: -3.00584e-20
etaHat: 124879
115  fE: -3.03828  dfE: 0.00135954  dW: 0.0417049  dPhi(Nx/2)(Ny/2)(Nz/2): -0.00303784 Phi A: 0.0240468 Phi B: 0.978934 Phi I: 5.82143e-52
Total charge: -3.00219e-20
etaHat: 124879
116  fE: -3.03873  dfE: 0.000456099  dW: 0.0447267  dPhi(Nx/2)(Ny/2)(Nz/2): -0.00244842 Phi A: 0.0240175 Phi B: 0.978348 Phi I: 5.82142e-52
Total charge: -2.99862e-20
etaHat: 124879
117  fE: -3.03836  dfE: 0.000374687  dW: 0.0458678  dPhi(Nx/2)(Ny/2)(Nz/2): -0.00180377 Phi A: 0.023989 Phi B: 0.977708 Phi I: 5.82142e-52
Total charge: -2.99525e-20
etaHat: 124879
118  fE: -3.03726  dfE: 0.00109857  dW: 0.0450978  dPhi(Nx/2)(Ny/2)(Nz/2): -0.00114271 Phi A: 0.023962 Phi B: 0.977053 Phi I: 5.82142e-52
Total charge: -2.99218e-20
etaHat: 124879
119  fE: -3.03557  dfE: 0.00169061  dW: 0.0425928  dPhi(Nx/2)(Ny/2)(Nz/2): -0.000500648 Phi A: 0.0239375 Phi B: 0.976418 Phi I: 5.82141e-52
Total charge: -2.98949e-20
etaHat: 124879
120  fE: -3.03343  dfE: 0.00213534  dW: 0.0386651  dPhi(Nx/2)(Ny/2)(Nz/2): 9.18298e-05 Phi A: 0.0239159 Phi B: 0.975831 Phi I: 5.82141e-52
Saving data . . .
Total charge: -2.98721e-20
etaHat: 124879
121  fE: -3.03101  dfE: 0.00242648  dW: 0.0337309  dPhi(Nx/2)(Ny/2)(Nz/2): 0.000609954 Phi A: 0.0238977 Phi B: 0.975318 Phi I: 5.8214e-52
Total charge: -2.98539e-20
etaHat: 124879
122  fE: -3.02844  dfE: 0.00256609  dW: 0.0283401  dPhi(Nx/2)(Ny/2)(Nz/2): 0.00103536 Phi A: 0.0238831 Phi B: 0.974897 Phi I: 5.8214e-52
Total charge: -2.98402e-20
etaHat: 124879
123  fE: -3.02588  dfE: 0.00256356  dW: 0.0231592  dPhi(Nx/2)(Ny/2)(Nz/2): 0.00135633 Phi A: 0.0238721 Phi B: 0.974579 Phi I: 5.8214e-52
Total charge: -2.98308e-20
etaHat: 124879
124  fE: -3.02344  dfE: 0.00243419  dW: 0.0188763  dPhi(Nx/2)(Ny/2)(Nz/2): 0.0015676 Phi A: 0.0238646 Phi B: 0.974369 Phi I: 5.8214e-52
Total charge: -2.98254e-20
etaHat: 124879
125  fE: -3.02125  dfE: 0.00219787  dW: 0.0159885  dPhi(Nx/2)(Ny/2)(Nz/2): 0.00166998 Phi A: 0.0238603 Phi B: 0.974267 Phi I: 5.8214e-52
Total charge: -2.98235e-20
etaHat: 124879
126  fE: -3.01937  dfE: 0.00187754  dW: 0.0145806  dPhi(Nx/2)(Ny/2)(Nz/2): 0.00166965 Phi A: 0.0238588 Phi B: 0.974267 Phi I: 5.8214e-52
Total charge: -2.98245e-20
etaHat: 124879
127  fE: -3.01787  dfE: 0.00149777  dW: 0.0144062  dPhi(Nx/2)(Ny/2)(Nz/2): 0.00157729 Phi A: 0.0238596 Phi B: 0.974359 Phi I: 5.8214e-52
Total charge: -2.98278e-20
etaHat: 124879
128  fE: -3.01679  dfE: 0.00108344  dW: 0.0150111  dPhi(Nx/2)(Ny/2)(Nz/2): 0.00140709 Phi A: 0.0238622 Phi B: 0.974528 Phi I: 5.8214e-52
Total charge: -2.98325e-20
etaHat: 124879
129  fE: -3.01613  dfE: 0.00065854  dW: 0.0159195  dPhi(Nx/2)(Ny/2)(Nz/2): 0.00117565 Phi A: 0.023866 Phi B: 0.974758 Phi I: 5.8214e-52
Total charge: -2.98381e-20
etaHat: 124879
130  fE: -3.01588  dfE: 0.000245079  dW: 0.0167249  dPhi(Nx/2)(Ny/2)(Nz/2): 0.000900967 Phi A: 0.0238705 Phi B: 0.975033 Phi I: 5.8214e-52
Saving data . . .
Total charge: -2.98439e-20
etaHat: 124879
131  fE: -3.01602  dfE: 0.000137725  dW: 0.0171667  dPhi(Nx/2)(Ny/2)(Nz/2): 0.000601356 Phi A: 0.0238752 Phi B: 0.975333 Phi I: 5.8214e-52
Total charge: -2.98494e-20
etaHat: 124879
132  fE: -3.0165  dfE: 0.000474103  dW: 0.0171399  dPhi(Nx/2)(Ny/2)(Nz/2): 0.000294517 Phi A: 0.0238795 Phi B: 0.975642 Phi I: 5.8214e-52
Total charge: -2.9854e-20
etaHat: 124879
133  fE: -3.01725  dfE: 0.000752154  dW: 0.0166638  dPhi(Nx/2)(Ny/2)(Nz/2): -3.27937e-06 Phi A: 0.0238832 Phi B: 0.975943 Phi I: 5.8214e-52
Total charge: -2.98573e-20
etaHat: 124879
134  fE: -3.01821  dfE: 0.000964052  dW: 0.0158559  dPhi(Nx/2)(Ny/2)(Nz/2): -0.000277868 Phi A: 0.0238859 Phi B: 0.976222 Phi I: 5.82141e-52
Total charge: -2.98592e-20
etaHat: 124879
135  fE: -3.01932  dfE: 0.00110604  dW: 0.0148861  dPhi(Nx/2)(Ny/2)(Nz/2): -0.000517682 Phi A: 0.0238873 Phi B: 0.976468 Phi I: 5.82141e-52
Total charge: -2.98594e-20
etaHat: 124879
136  fE: -3.0205  dfE: 0.0011782  dW: 0.0139351  dPhi(Nx/2)(Ny/2)(Nz/2): -0.000714067 Phi A: 0.0238875 Phi B: 0.976673 Phi I: 5.82141e-52
Total charge: -2.98579e-20
etaHat: 124879
137  fE: -3.02168  dfE: 0.00118411  dW: 0.0131614  dPhi(Nx/2)(Ny/2)(Nz/2): -0.000861425 Phi A: 0.0238863 Phi B: 0.976829 Phi I: 5.82141e-52
Total charge: -2.98547e-20
etaHat: 124879
138  fE: -3.02281  dfE: 0.00113028  dW: 0.0126792  dPhi(Nx/2)(Ny/2)(Nz/2): -0.000957182 Phi A: 0.0238838 Phi B: 0.976936 Phi I: 5.82141e-52
Total charge: -2.98501e-20
etaHat: 124879
139  fE: -3.02384  dfE: 0.00102559  dW: 0.0125056  dPhi(Nx/2)(Ny/2)(Nz/2): -0.0010016 Phi A: 0.0238801 Phi B: 0.976992 Phi I: 5.82141e-52
Total charge: -2.98441e-20
etaHat: 124879
140  fE: -3.02472  dfE: 0.000880535  dW: 0.0126126  dPhi(Nx/2)(Ny/2)(Nz/2): -0.000997501 Phi A: 0.0238753 Phi B: 0.977001 Phi I: 5.82141e-52
Saving data . . .
Total charge: -2.98371e-20
etaHat: 124879
141  fE: -3.02542  dfE: 0.000706571  dW: 0.0129051  dPhi(Nx/2)(Ny/2)(Nz/2): -0.000949816 Phi A: 0.0238697 Phi B: 0.976967 Phi I: 5.82141e-52
Total charge: -2.98294e-20
etaHat: 124879
142  fE: -3.02594  dfE: 0.000515425  dW: 0.0132567  dPhi(Nx/2)(Ny/2)(Nz/2): -0.000865161 Phi A: 0.0238635 Phi B: 0.976895 Phi I: 5.82141e-52
Total charge: -2.98212e-20
etaHat: 124879
143  fE: -3.02626  dfE: 0.000318465  dW: 0.0135609  dPhi(Nx/2)(Ny/2)(Nz/2): -0.000751308 Phi A: 0.023857 Phi B: 0.976795 Phi I: 5.82141e-52
Total charge: -2.98129e-20
etaHat: 124879
144  fE: -3.02638  dfE: 0.000126162  dW: 0.0137287  dPhi(Nx/2)(Ny/2)(Nz/2): -0.000616686 Phi A: 0.0238503 Phi B: 0.976674 Phi I: 5.82141e-52
Total charge: -2.98047e-20
etaHat: 124879
145  fE: -3.02633  dfE: 5.23519e-05  dW: 0.0137086  dPhi(Nx/2)(Ny/2)(Nz/2): -0.000469884 Phi A: 0.0238438 Phi B: 0.97654 Phi I: 5.82141e-52
Total charge: -2.9797e-20
etaHat: 124879
146  fE: -3.02612  dfE: 0.000209597  dW: 0.013482  dPhi(Nx/2)(Ny/2)(Nz/2): -0.000319206 Phi A: 0.0238376 Phi B: 0.976401 Phi I: 5.82141e-52
Total charge: -2.97899e-20
etaHat: 124879
147  fE: -3.02578  dfE: 0.000339953  dW: 0.0130677  dPhi(Nx/2)(Ny/2)(Nz/2): -0.000172292 Phi A: 0.0238319 Phi B: 0.976266 Phi I: 5.8214e-52
Total charge: -2.97835e-20
etaHat: 124879
148  fE: -3.02534  dfE: 0.000439738  dW: 0.0125139  dPhi(Nx/2)(Ny/2)(Nz/2): -3.57983e-05 Phi A: 0.0238268 Phi B: 0.976139 Phi I: 5.8214e-52
Total charge: -2.97781e-20
etaHat: 124879
149  fE: -3.02483  dfE: 0.000507189  dW: 0.0118843  dPhi(Nx/2)(Ny/2)(Nz/2): 8.48259e-05 Phi A: 0.0238225 Phi B: 0.976028 Phi I: 5.8214e-52
Total charge: -2.97736e-20
etaHat: 124879
150  fE: -3.02429  dfE: 0.000542341  dW: 0.0112474  dPhi(Nx/2)(Ny/2)(Nz/2): 0.000185485 Phi A: 0.0238189 Phi B: 0.975936 Phi I: 5.8214e-52
Saving data . . .
Total charge: -2.97701e-20
etaHat: 124879
151  fE: -3.02374  dfE: 0.000546832  dW: 0.010661  dPhi(Nx/2)(Ny/2)(Nz/2): 0.000263501 Phi A: 0.0238161 Phi B: 0.975865 Phi I: 5.8214e-52
Total charge: -2.97676e-20
etaHat: 124879
152  fE: -3.02322  dfE: 0.000523652  dW: 0.0101723  dPhi(Nx/2)(Ny/2)(Nz/2): 0.000317597 Phi A: 0.0238141 Phi B: 0.975817 Phi I: 5.8214e-52
Total charge: -2.97659e-20
etaHat: 124879
153  fE: -3.02274  dfE: 0.000476849  dW: 0.00980082  dPhi(Nx/2)(Ny/2)(Nz/2): 0.000347816 Phi A: 0.0238127 Phi B: 0.975792 Phi I: 5.8214e-52
Total charge: -2.9765e-20
etaHat: 124879
154  fE: -3.02233  dfE: 0.000411217  dW: 0.00953991  dPhi(Nx/2)(Ny/2)(Nz/2): 0.000355384 Phi A: 0.023812 Phi B: 0.975789 Phi I: 5.8214e-52
Total charge: -2.97648e-20
etaHat: 124879
155  fE: -3.022  dfE: 0.000331983  dW: 0.00937335  dPhi(Nx/2)(Ny/2)(Nz/2): 0.000342523 Phi A: 0.0238118 Phi B: 0.975806 Phi I: 5.8214e-52
Total charge: -2.97651e-20
etaHat: 124879
156  fE: -3.02176  dfE: 0.000244501  dW: 0.00927257  dPhi(Nx/2)(Ny/2)(Nz/2): 0.000312242 Phi A: 0.0238121 Phi B: 0.97584 Phi I: 5.8214e-52
Total charge: -2.97657e-20
etaHat: 124879
157  fE: -3.0216  dfE: 0.000153974  dW: 0.00920447  dPhi(Nx/2)(Ny/2)(Nz/2): 0.000268105 Phi A: 0.0238126 Phi B: 0.975887 Phi I: 5.8214e-52
Total charge: -2.97666e-20
etaHat: 124879
158  fE: -3.02154  dfE: 6.52178e-05  dW: 0.00914137  dPhi(Nx/2)(Ny/2)(Nz/2): 0.000213998 Phi A: 0.0238133 Phi B: 0.975945 Phi I: 5.8214e-52
Total charge: -2.97675e-20
etaHat: 124879
159  fE: -3.02155  dfE: 1.75407e-05  dW: 0.00906247  dPhi(Nx/2)(Ny/2)(Nz/2): 0.000153902 Phi A: 0.023814 Phi B: 0.976008 Phi I: 5.8214e-52
Total charge: -2.97684e-20
etaHat: 124879
160  fE: -3.02165  dfE: 9.08098e-05  dW: 0.00895677  dPhi(Nx/2)(Ny/2)(Nz/2): 9.16852e-05 Phi A: 0.0238147 Phi B: 0.976074 Phi I: 5.8214e-52
Saving data . . .
Total charge: -2.97691e-20
etaHat: 124879
161  fE: -3.0218  dfE: 0.00015193  dW: 0.00882386  dPhi(Nx/2)(Ny/2)(Nz/2): 3.09269e-05 Phi A: 0.0238153 Phi B: 0.976138 Phi I: 5.8214e-52
Total charge: -2.97696e-20
etaHat: 124879
162  fE: -3.022  dfE: 0.000199122  dW: 0.00867007  dPhi(Nx/2)(Ny/2)(Nz/2): -2.52356e-05 Phi A: 0.0238157 Phi B: 0.976199 Phi I: 5.8214e-52
Total charge: -2.97698e-20
etaHat: 124879
163  fE: -3.02223  dfE: 0.000231482  dW: 0.00850726  dPhi(Nx/2)(Ny/2)(Nz/2): -7.42146e-05 Phi A: 0.0238159 Phi B: 0.976253 Phi I: 5.8214e-52
Total charge: -2.97697e-20
etaHat: 124879
164  fE: -3.02248  dfE: 0.000248938  dW: 0.00834714  dPhi(Nx/2)(Ny/2)(Nz/2): -0.000114045 Phi A: 0.0238157 Phi B: 0.976298 Phi I: 5.8214e-52
Total charge: -2.97692e-20
etaHat: 124879
165  fE: -3.02273  dfE: 0.000252169  dW: 0.00819952  dPhi(Nx/2)(Ny/2)(Nz/2): -0.000143418 Phi A: 0.0238154 Phi B: 0.976333 Phi I: 5.8214e-52
Total charge: -2.97684e-20
etaHat: 124879
166  fE: -3.02297  dfE: 0.000242492  dW: 0.00807274  dPhi(Nx/2)(Ny/2)(Nz/2): -0.000161678 Phi A: 0.0238147 Phi B: 0.976357 Phi I: 5.8214e-52
Total charge: -2.97672e-20
etaHat: 124879
167  fE: -3.02319  dfE: 0.000221733  dW: 0.0079677  dPhi(Nx/2)(Ny/2)(Nz/2): -0.00016879 Phi A: 0.0238138 Phi B: 0.976371 Phi I: 5.8214e-52
Total charge: -2.97658e-20
etaHat: 124879
168  fE: -3.02339  dfE: 0.000192079  dW: 0.00788314  dPhi(Nx/2)(Ny/2)(Nz/2): -0.000165276 Phi A: 0.0238126 Phi B: 0.976374 Phi I: 5.8214e-52
Total charge: -2.97642e-20
etaHat: 124879
169  fE: -3.02354  dfE: 0.000155935  dW: 0.00781194  dPhi(Nx/2)(Ny/2)(Nz/2): -0.000152132 Phi A: 0.0238113 Phi B: 0.976368 Phi I: 5.8214e-52
Total charge: -2.97624e-20
etaHat: 124879
170  fE: -3.02366  dfE: 0.000115781  dW: 0.00774656  dPhi(Nx/2)(Ny/2)(Nz/2): -0.000130733 Phi A: 0.0238099 Phi B: 0.976355 Phi I: 5.8214e-52
Saving data . . .
Total charge: -2.97605e-20
etaHat: 124879
171  fE: -3.02373  dfE: 7.40371e-05  dW: 0.00767893  dPhi(Nx/2)(Ny/2)(Nz/2): -0.000102721 Phi A: 0.0238084 Phi B: 0.976334 Phi I: 5.8214e-52
Total charge: -2.97585e-20
etaHat: 124879
172  fE: -3.02376  dfE: 3.29508e-05  dW: 0.00760286  dPhi(Nx/2)(Ny/2)(Nz/2): -6.99032e-05 Phi A: 0.0238068 Phi B: 0.976309 Phi I: 5.8214e-52
Total charge: -2.97567e-20
etaHat: 124879
173  fE: -3.02376  dfE: 5.49776e-06  dW: 0.00751455  dPhi(Nx/2)(Ny/2)(Nz/2): -3.41402e-05 Phi A: 0.0238053 Phi B: 0.976281 Phi I: 5.8214e-52
Total charge: -2.97548e-20
etaHat: 124879
174  fE: -3.02372  dfE: 3.96669e-05  dW: 0.00741293  dPhi(Nx/2)(Ny/2)(Nz/2): 2.74732e-06 Phi A: 0.0238039 Phi B: 0.976252 Phi I: 5.8214e-52
Total charge: -2.97532e-20
etaHat: 124879
175  fE: -3.02365  dfE: 6.83e-05  dW: 0.00729919  dPhi(Nx/2)(Ny/2)(Nz/2): 3.90648e-05 Phi A: 0.0238025 Phi B: 0.976223 Phi I: 5.8214e-52
Total charge: -2.97517e-20
etaHat: 124879
176  fE: -3.02356  dfE: 9.05479e-05  dW: 0.00717699  dPhi(Nx/2)(Ny/2)(Nz/2): 7.33135e-05 Phi A: 0.0238013 Phi B: 0.976196 Phi I: 5.8214e-52
Total charge: -2.97503e-20
etaHat: 124879
177  fE: -3.02345  dfE: 0.000105969  dW: 0.00705032  dPhi(Nx/2)(Ny/2)(Nz/2): 0.000104243 Phi A: 0.0238003 Phi B: 0.976172 Phi I: 5.8214e-52
Total charge: -2.97492e-20
etaHat: 124879
178  fE: -3.02334  dfE: 0.000114506  dW: 0.00692305  dPhi(Nx/2)(Ny/2)(Nz/2): 0.000130887 Phi A: 0.0237994 Phi B: 0.976151 Phi I: 5.8214e-52
Total charge: -2.97484e-20
etaHat: 124879
179  fE: -3.02322  dfE: 0.000116453  dW: 0.00679873  dPhi(Nx/2)(Ny/2)(Nz/2): 0.00015258 Phi A: 0.0237987 Phi B: 0.976136 Phi I: 5.8214e-52
Total charge: -2.97477e-20
etaHat: 124879
180  fE: -3.02311  dfE: 0.000112401  dW: 0.00668098  dPhi(Nx/2)(Ny/2)(Nz/2): 0.000168958 Phi A: 0.0237981 Phi B: 0.976125 Phi I: 5.8214e-52
Saving data . . .
Total charge: -2.97472e-20
etaHat: 124879
181  fE: -3.02301  dfE: 0.000103177  dW: 0.00657277  dPhi(Nx/2)(Ny/2)(Nz/2): 0.000179943 Phi A: 0.0237978 Phi B: 0.976119 Phi I: 5.8214e-52
Total charge: -2.97469e-20
etaHat: 124879
182  fE: -3.02292  dfE: 8.9778e-05  dW: 0.00647412  dPhi(Nx/2)(Ny/2)(Nz/2): 0.000185718 Phi A: 0.0237975 Phi B: 0.976118 Phi I: 5.8214e-52
Total charge: -2.97467e-20
etaHat: 124879
183  fE: -3.02284  dfE: 7.33076e-05  dW: 0.00638387  dPhi(Nx/2)(Ny/2)(Nz/2): 0.000186692 Phi A: 0.0237974 Phi B: 0.976121 Phi I: 5.8214e-52
Total charge: -2.97467e-20
etaHat: 124879
184  fE: -3.02279  dfE: 5.49052e-05  dW: 0.00629981  dPhi(Nx/2)(Ny/2)(Nz/2): 0.000183448 Phi A: 0.0237973 Phi B: 0.976127 Phi I: 5.8214e-52
Total charge: -2.97467e-20
etaHat: 124879
185  fE: -3.02275  dfE: 3.56882e-05  dW: 0.00622029  dPhi(Nx/2)(Ny/2)(Nz/2): 0.000176706 Phi A: 0.0237974 Phi B: 0.976137 Phi I: 5.8214e-52
Total charge: -2.97468e-20
etaHat: 124879
186  fE: -3.02274  dfE: 1.66979e-05  dW: 0.00614326  dPhi(Nx/2)(Ny/2)(Nz/2): 0.000167263 Phi A: 0.0237974 Phi B: 0.976149 Phi I: 5.8214e-52
Total charge: -2.97469e-20
etaHat: 124879
187  fE: -3.02274  dfE: 1.14383e-06  dW: 0.00606721  dPhi(Nx/2)(Ny/2)(Nz/2): 0.000155952 Phi A: 0.0237975 Phi B: 0.976163 Phi I: 5.8214e-52
Total charge: -2.9747e-20
etaHat: 124879
188  fE: -3.02276  dfE: 1.70684e-05  dW: 0.00599114  dPhi(Nx/2)(Ny/2)(Nz/2): 0.000143594 Phi A: 0.0237976 Phi B: 0.976177 Phi I: 5.8214e-52
Total charge: -2.97471e-20
etaHat: 124879
189  fE: -3.02279  dfE: 3.04824e-05  dW: 0.00591469  dPhi(Nx/2)(Ny/2)(Nz/2): 0.000130959 Phi A: 0.0237977 Phi B: 0.976191 Phi I: 5.8214e-52
Total charge: -2.97472e-20
etaHat: 124879
190  fE: -3.02283  dfE: 4.09795e-05  dW: 0.00583817  dPhi(Nx/2)(Ny/2)(Nz/2): 0.000118735 Phi A: 0.0237977 Phi B: 0.976204 Phi I: 5.8214e-52
Saving data . . .
Total charge: -2.97471e-20
etaHat: 124879
191  fE: -3.02288  dfE: 4.83404e-05  dW: 0.00576239  dPhi(Nx/2)(Ny/2)(Nz/2): 0.000107502 Phi A: 0.0237977 Phi B: 0.976215 Phi I: 5.8214e-52
Total charge: -2.97471e-20
etaHat: 124879
192  fE: -3.02293  dfE: 5.25253e-05  dW: 0.00568803  dPhi(Nx/2)(Ny/2)(Nz/2): 9.77122e-05 Phi A: 0.0237976 Phi B: 0.976225 Phi I: 5.8214e-52
Total charge: -2.97469e-20
etaHat: 124879
193  fE: -3.02298  dfE: 5.36565e-05  dW: 0.00561564  dPhi(Nx/2)(Ny/2)(Nz/2): 8.96879e-05 Phi A: 0.0237975 Phi B: 0.976233 Phi I: 5.8214e-52
Total charge: -2.97467e-20
etaHat: 124879
194  fE: -3.02303  dfE: 5.19956e-05  dW: 0.00554562  dPhi(Nx/2)(Ny/2)(Nz/2): 8.3615e-05 Phi A: 0.0237973 Phi B: 0.976239 Phi I: 5.8214e-52
Total charge: -2.97464e-20
etaHat: 124879
195  fE: -3.02308  dfE: 4.79162e-05  dW: 0.00547824  dPhi(Nx/2)(Ny/2)(Nz/2): 7.95511e-05 Phi A: 0.0237971 Phi B: 0.976242 Phi I: 5.8214e-52
Total charge: -2.97461e-20
etaHat: 124879
196  fE: -3.02312  dfE: 4.18737e-05  dW: 0.00541318  dPhi(Nx/2)(Ny/2)(Nz/2): 7.74366e-05 Phi A: 0.0237968 Phi B: 0.976243 Phi I: 5.8214e-52
Total charge: -2.97457e-20
etaHat: 124879
197  fE: -3.02316  dfE: 3.43735e-05  dW: 0.00534981  dPhi(Nx/2)(Ny/2)(Nz/2): 7.71116e-05 Phi A: 0.0237965 Phi B: 0.976242 Phi I: 5.8214e-52
Total charge: -2.97452e-20
etaHat: 124879
198  fE: -3.02318  dfE: 2.59414e-05  dW: 0.00528771  dPhi(Nx/2)(Ny/2)(Nz/2): 7.83353e-05 Phi A: 0.0237962 Phi B: 0.976239 Phi I: 5.8214e-52
Total charge: -2.97448e-20
etaHat: 124879
199  fE: -3.0232  dfE: 1.70946e-05  dW: 0.0052265  dPhi(Nx/2)(Ny/2)(Nz/2): 8.08078e-05 Phi A: 0.0237958 Phi B: 0.976235 Phi I: 5.8214e-52
Total charge: -2.97443e-20
etaHat: 124879
200  fE: -3.02321  dfE: 8.31715e-06  dW: 0.0051655  dPhi(Nx/2)(Ny/2)(Nz/2): 8.41927e-05 Phi A: 0.0237955 Phi B: 0.97623 Phi I: 5.8214e-52
Saving data . . .
Total charge: -2.97439e-20
etaHat: 124879
201  fE: -3.02321  dfE: 3.91771e-08  dW: 0.00510433  dPhi(Nx/2)(Ny/2)(Nz/2): 8.81386e-05 Phi A: 0.0237951 Phi B: 0.976224 Phi I: 5.8214e-52
Total charge: -2.97435e-20
etaHat: 124879
202  fE: -3.0232  dfE: 7.37891e-06  dW: 0.00504279  dPhi(Nx/2)(Ny/2)(Nz/2): 9.22998e-05 Phi A: 0.0237948 Phi B: 0.976218 Phi I: 5.8214e-52
Total charge: -2.97431e-20
etaHat: 124879
203  fE: -3.02319  dfE: 1.36572e-05  dW: 0.00498086  dPhi(Nx/2)(Ny/2)(Nz/2): 9.63541e-05 Phi A: 0.0237945 Phi B: 0.976212 Phi I: 5.8214e-52
Total charge: -2.97427e-20
etaHat: 124879
204  fE: -3.02317  dfE: 1.86016e-05  dW: 0.00491884  dPhi(Nx/2)(Ny/2)(Nz/2): 0.000100018 Phi A: 0.0237942 Phi B: 0.976206 Phi I: 5.8214e-52
Total charge: -2.97424e-20
etaHat: 124879
205  fE: -3.02315  dfE: 2.21048e-05  dW: 0.00485709  dPhi(Nx/2)(Ny/2)(Nz/2): 0.000103056 Phi A: 0.0237939 Phi B: 0.976201 Phi I: 5.8214e-52
Total charge: -2.97421e-20
etaHat: 124879
206  fE: -3.02312  dfE: 2.41426e-05  dW: 0.00479593  dPhi(Nx/2)(Ny/2)(Nz/2): 0.000105291 Phi A: 0.0237937 Phi B: 0.976197 Phi I: 5.8214e-52
Total charge: -2.97419e-20
etaHat: 124879
207  fE: -3.0231  dfE: 2.47661e-05  dW: 0.00473571  dPhi(Nx/2)(Ny/2)(Nz/2): 0.000106607 Phi A: 0.0237935 Phi B: 0.976193 Phi I: 5.8214e-52
Total charge: -2.97417e-20
etaHat: 124879
208  fE: -3.02307  dfE: 2.40916e-05  dW: 0.00467654  dPhi(Nx/2)(Ny/2)(Nz/2): 0.000106949 Phi A: 0.0237934 Phi B: 0.976191 Phi I: 5.8214e-52
Total charge: -2.97416e-20
etaHat: 124879
209  fE: -3.02305  dfE: 2.22881e-05  dW: 0.00461856  dPhi(Nx/2)(Ny/2)(Nz/2): 0.000106319 Phi A: 0.0237933 Phi B: 0.976189 Phi I: 5.8214e-52
Total charge: -2.97415e-20
etaHat: 124879
210  fE: -3.02303  dfE: 1.95628e-05  dW: 0.00456195  dPhi(Nx/2)(Ny/2)(Nz/2): 0.000104774 Phi A: 0.0237932 Phi B: 0.976189 Phi I: 5.8214e-52
Saving data . . .
Total charge: -2.97414e-20
etaHat: 124879
211  fE: -3.02302  dfE: 1.61477e-05  dW: 0.00450682  dPhi(Nx/2)(Ny/2)(Nz/2): 0.000102414 Phi A: 0.0237931 Phi B: 0.976189 Phi I: 5.8214e-52
Total charge: -2.97414e-20
etaHat: 124879
212  fE: -3.023  dfE: 1.22845e-05  dW: 0.00445317  dPhi(Nx/2)(Ny/2)(Nz/2): 9.9376e-05 Phi A: 0.0237931 Phi B: 0.976191 Phi I: 5.8214e-52
Total charge: -2.97413e-20
etaHat: 124879
213  fE: -3.023  dfE: 8.21245e-06  dW: 0.00440079  dPhi(Nx/2)(Ny/2)(Nz/2): 9.58228e-05 Phi A: 0.0237931 Phi B: 0.976193 Phi I: 5.8214e-52
Total charge: -2.97413e-20
etaHat: 124879
214  fE: -3.02299  dfE: 4.15601e-06  dW: 0.00434946  dPhi(Nx/2)(Ny/2)(Nz/2): 9.19315e-05 Phi A: 0.0237931 Phi B: 0.976195 Phi I: 5.8214e-52
Total charge: -2.97413e-20
etaHat: 124879
215  fE: -3.02299  dfE: 3.1557e-07  dW: 0.0042991  dPhi(Nx/2)(Ny/2)(Nz/2): 8.78842e-05 Phi A: 0.0237931 Phi B: 0.976198 Phi I: 5.8214e-52
Total charge: -2.97414e-20
etaHat: 124879
216  fE: -3.02299  dfE: 3.14011e-06  dW: 0.00424955  dPhi(Nx/2)(Ny/2)(Nz/2): 8.38583e-05 Phi A: 0.0237931 Phi B: 0.976201 Phi I: 5.8214e-52
Total charge: -2.97414e-20
etaHat: 124879
217  fE: -3.023  dfE: 6.07903e-06  dW: 0.00420083  dPhi(Nx/2)(Ny/2)(Nz/2): 8.00182e-05 Phi A: 0.0237931 Phi B: 0.976204 Phi I: 5.8214e-52
Total charge: -2.97413e-20
etaHat: 124879
218  fE: -3.02301  dfE: 8.40866e-06  dW: 0.00415291  dPhi(Nx/2)(Ny/2)(Nz/2): 7.65081e-05 Phi A: 0.0237931 Phi B: 0.976207 Phi I: 5.8214e-52
Total charge: -2.97413e-20
etaHat: 124879
219  fE: -3.02302  dfE: 1.00765e-05  dW: 0.0041058  dPhi(Nx/2)(Ny/2)(Nz/2): 7.34468e-05 Phi A: 0.0237931 Phi B: 0.976209 Phi I: 5.8214e-52
Total charge: -2.97413e-20
etaHat: 124879
220  fE: -3.02303  dfE: 1.10683e-05  dW: 0.00405955  dPhi(Nx/2)(Ny/2)(Nz/2): 7.09241e-05 Phi A: 0.023793 Phi B: 0.976212 Phi I: 5.8214e-52
Saving data . . .
Total charge: -2.97412e-20
etaHat: 124879
221  fE: -3.02304  dfE: 1.14053e-05  dW: 0.00401416  dPhi(Nx/2)(Ny/2)(Nz/2): 6.89994e-05 Phi A: 0.023793 Phi B: 0.976213 Phi I: 5.8214e-52
Total charge: -2.97412e-20
etaHat: 124879
222  fE: -3.02305  dfE: 1.11388e-05  dW: 0.00396958  dPhi(Nx/2)(Ny/2)(Nz/2): 6.77007e-05 Phi A: 0.0237929 Phi B: 0.976215 Phi I: 5.8214e-52
Total charge: -2.97411e-20
etaHat: 124879
223  fE: -3.02306  dfE: 1.0345e-05  dW: 0.00392577  dPhi(Nx/2)(Ny/2)(Nz/2): 6.7027e-05 Phi A: 0.0237929 Phi B: 0.976215 Phi I: 5.8214e-52
Total charge: -2.9741e-20
etaHat: 124879
224  fE: -3.02307  dfE: 9.1185e-06  dW: 0.00388271  dPhi(Nx/2)(Ny/2)(Nz/2): 6.69499e-05 Phi A: 0.0237928 Phi B: 0.976216 Phi I: 5.8214e-52
Total charge: -2.97409e-20
etaHat: 124879
225  fE: -3.02308  dfE: 7.56538e-06  dW: 0.00384033  dPhi(Nx/2)(Ny/2)(Nz/2): 6.74184e-05 Phi A: 0.0237927 Phi B: 0.976216 Phi I: 5.8214e-52
Total charge: -2.97408e-20
etaHat: 124879
226  fE: -3.02309  dfE: 5.79708e-06  dW: 0.00379851  dPhi(Nx/2)(Ny/2)(Nz/2): 6.83625e-05 Phi A: 0.0237927 Phi B: 0.976215 Phi I: 5.8214e-52
Total charge: -2.97407e-20
etaHat: 124879
227  fE: -3.02309  dfE: 3.92413e-06  dW: 0.00375723  dPhi(Nx/2)(Ny/2)(Nz/2): 6.96983e-05 Phi A: 0.0237926 Phi B: 0.976214 Phi I: 5.8214e-52
Total charge: -2.97406e-20
etaHat: 124879
228  fE: -3.02309  dfE: 2.05074e-06  dW: 0.00371643  dPhi(Nx/2)(Ny/2)(Nz/2): 7.13333e-05 Phi A: 0.0237925 Phi B: 0.976213 Phi I: 5.8214e-52
Total charge: -2.97405e-20
etaHat: 124879
229  fE: -3.02309  dfE: 2.70285e-07  dW: 0.00367609  dPhi(Nx/2)(Ny/2)(Nz/2): 7.31713e-05 Phi A: 0.0237924 Phi B: 0.976212 Phi I: 5.8214e-52
Total charge: -2.97404e-20
etaHat: 124879
230  fE: -3.02309  dfE: 1.33821e-06  dW: 0.00363618  dPhi(Nx/2)(Ny/2)(Nz/2): 7.5117e-05 Phi A: 0.0237923 Phi B: 0.976211 Phi I: 5.8214e-52
Saving data . . .
Total charge: -2.97403e-20
etaHat: 124879
231  fE: -3.02309  dfE: 2.71255e-06  dW: 0.00359677  dPhi(Nx/2)(Ny/2)(Nz/2): 7.708e-05 Phi A: 0.0237922 Phi B: 0.976209 Phi I: 5.8214e-52
Total charge: -2.97402e-20
etaHat: 124879
232  fE: -3.02308  dfE: 3.80864e-06  dW: 0.00355785  dPhi(Nx/2)(Ny/2)(Nz/2): 7.89787e-05 Phi A: 0.0237922 Phi B: 0.976208 Phi I: 5.8214e-52
Total charge: -2.97401e-20
etaHat: 124879
233  fE: -3.02308  dfE: 4.60089e-06  dW: 0.00351941  dPhi(Nx/2)(Ny/2)(Nz/2): 8.07427e-05 Phi A: 0.0237921 Phi B: 0.976207 Phi I: 5.8214e-52
Total charge: -2.97401e-20
etaHat: 124879
234  fE: -3.02307  dfE: 5.08147e-06  dW: 0.00348153  dPhi(Nx/2)(Ny/2)(Nz/2): 8.23146e-05 Phi A: 0.0237921 Phi B: 0.976206 Phi I: 5.8214e-52
Total charge: -2.974e-20
etaHat: 124879
235  fE: -3.02307  dfE: 5.25893e-06  dW: 0.00344417  dPhi(Nx/2)(Ny/2)(Nz/2): 8.36516e-05 Phi A: 0.023792 Phi B: 0.976205 Phi I: 5.8214e-52
Total charge: -2.974e-20
etaHat: 124879
236  fE: -3.02306  dfE: 5.15599e-06  dW: 0.00340733  dPhi(Nx/2)(Ny/2)(Nz/2): 8.47251e-05 Phi A: 0.023792 Phi B: 0.976205 Phi I: 5.8214e-52
Total charge: -2.97399e-20
etaHat: 124879
237  fE: -3.02306  dfE: 4.80701e-06  dW: 0.00337105  dPhi(Nx/2)(Ny/2)(Nz/2): 8.55211e-05 Phi A: 0.0237919 Phi B: 0.976204 Phi I: 5.8214e-52
Total charge: -2.97399e-20
etaHat: 124879
238  fE: -3.02305  dfE: 4.25498e-06  dW: 0.00333536  dPhi(Nx/2)(Ny/2)(Nz/2): 8.60383e-05 Phi A: 0.0237919 Phi B: 0.976204 Phi I: 5.8214e-52
Total charge: -2.97399e-20
etaHat: 124879
239  fE: -3.02305  dfE: 3.54856e-06  dW: 0.00330025  dPhi(Nx/2)(Ny/2)(Nz/2): 8.62873e-05 Phi A: 0.0237919 Phi B: 0.976204 Phi I: 5.8214e-52
Total charge: -2.97399e-20
etaHat: 124879
240  fE: -3.02305  dfE: 2.73901e-06  dW: 0.00326566  dPhi(Nx/2)(Ny/2)(Nz/2): 8.62881e-05 Phi A: 0.0237919 Phi B: 0.976205 Phi I: 5.8214e-52
Saving data . . .
Total charge: -2.97399e-20
etaHat: 124879
241  fE: -3.02305  dfE: 1.8774e-06  dW: 0.00323156  dPhi(Nx/2)(Ny/2)(Nz/2): 8.60683e-05 Phi A: 0.0237919 Phi B: 0.976205 Phi I: 5.8214e-52
Total charge: -2.97398e-20
etaHat: 124879
242  fE: -3.02305  dfE: 1.01206e-06  dW: 0.00319797  dPhi(Nx/2)(Ny/2)(Nz/2): 8.56608e-05 Phi A: 0.0237919 Phi B: 0.976206 Phi I: 5.8214e-52
Total charge: -2.97398e-20
etaHat: 124879
243  fE: -3.02305  dfE: 1.86476e-07  dW: 0.00316487  dPhi(Nx/2)(Ny/2)(Nz/2): 8.51014e-05 Phi A: 0.0237919 Phi B: 0.976206 Phi I: 5.8214e-52
Total charge: -2.97398e-20
etaHat: 124879
244  fE: -3.02305  dfE: 5.62376e-07  dW: 0.00313226  dPhi(Nx/2)(Ny/2)(Nz/2): 8.44267e-05 Phi A: 0.0237919 Phi B: 0.976207 Phi I: 5.8214e-52
Total charge: -2.97398e-20
etaHat: 124879
245  fE: -3.02305  dfE: 1.2052e-06  dW: 0.00310012  dPhi(Nx/2)(Ny/2)(Nz/2): 8.36723e-05 Phi A: 0.0237919 Phi B: 0.976207 Phi I: 5.8214e-52
Total charge: -2.97398e-20
etaHat: 124879
246  fE: -3.02305  dfE: 1.72102e-06  dW: 0.00306844  dPhi(Nx/2)(Ny/2)(Nz/2): 8.28712e-05 Phi A: 0.0237919 Phi B: 0.976208 Phi I: 5.8214e-52
Total charge: -2.97398e-20
etaHat: 124879
247  fE: -3.02305  dfE: 2.09739e-06  dW: 0.00303721  dPhi(Nx/2)(Ny/2)(Nz/2): 8.20521e-05 Phi A: 0.0237919 Phi B: 0.976209 Phi I: 5.8214e-52
Total charge: -2.97398e-20
etaHat: 124879
248  fE: -3.02305  dfE: 2.33008e-06  dW: 0.00300642  dPhi(Nx/2)(Ny/2)(Nz/2): 8.12391e-05 Phi A: 0.0237918 Phi B: 0.976209 Phi I: 5.8214e-52
Total charge: -2.97398e-20
etaHat: 124879
249  fE: -3.02306  dfE: 2.4225e-06  dW: 0.00297605  dPhi(Nx/2)(Ny/2)(Nz/2): 8.04506e-05 Phi A: 0.0237918 Phi B: 0.976209 Phi I: 5.8214e-52
Total charge: -2.97398e-20
etaHat: 124879
250  fE: -3.02306  dfE: 2.38464e-06  dW: 0.00294609  dPhi(Nx/2)(Ny/2)(Nz/2): 7.96993e-05 Phi A: 0.0237918 Phi B: 0.97621 Phi I: 5.8214e-52
Saving data . . .
Total charge: -2.97398e-20
etaHat: 124879
251  fE: -3.02306  dfE: 2.23197e-06  dW: 0.00291654  dPhi(Nx/2)(Ny/2)(Nz/2): 7.89924e-05 Phi A: 0.0237918 Phi B: 0.97621 Phi I: 5.8214e-52
Total charge: -2.97397e-20
etaHat: 124879
252  fE: -3.02306  dfE: 1.98407e-06  dW: 0.00288739  dPhi(Nx/2)(Ny/2)(Nz/2): 7.83318e-05 Phi A: 0.0237918 Phi B: 0.97621 Phi I: 5.8214e-52
Total charge: -2.97397e-20
etaHat: 124879
253  fE: -3.02306  dfE: 1.6632e-06  dW: 0.0028586  dPhi(Nx/2)(Ny/2)(Nz/2): 7.77148e-05 Phi A: 0.0237918 Phi B: 0.97621 Phi I: 5.8214e-52
Total charge: -2.97397e-20
etaHat: 124879
254  fE: -3.02307  dfE: 1.29296e-06  dW: 0.00283019  dPhi(Nx/2)(Ny/2)(Nz/2): 7.7135e-05 Phi A: 0.0237918 Phi B: 0.97621 Phi I: 5.8214e-52
Total charge: -2.97397e-20
etaHat: 124879
255  fE: -3.02307  dfE: 8.96932e-07  dW: 0.00280213  dPhi(Nx/2)(Ny/2)(Nz/2): 7.6583e-05 Phi A: 0.0237917 Phi B: 0.97621 Phi I: 5.8214e-52
Total charge: -2.97396e-20
etaHat: 124879
256  fE: -3.02307  dfE: 4.97533e-07  dW: 0.00277443  dPhi(Nx/2)(Ny/2)(Nz/2): 7.60476e-05 Phi A: 0.0237917 Phi B: 0.97621 Phi I: 5.8214e-52
Total charge: -2.97396e-20
etaHat: 124879
257  fE: -3.02307  dfE: 1.1501e-07  dW: 0.00274708  dPhi(Nx/2)(Ny/2)(Nz/2): 7.55165e-05 Phi A: 0.0237917 Phi B: 0.976209 Phi I: 5.8214e-52
Total charge: -2.97396e-20
etaHat: 124879
258  fE: -3.02307  dfE: 2.33339e-07  dW: 0.00272006  dPhi(Nx/2)(Ny/2)(Nz/2): 7.49775e-05 Phi A: 0.0237917 Phi B: 0.976209 Phi I: 5.8214e-52
Total charge: -2.97396e-20
etaHat: 124879
259  fE: -3.02307  dfE: 5.33722e-07  dW: 0.00269337  dPhi(Nx/2)(Ny/2)(Nz/2): 7.4419e-05 Phi A: 0.0237917 Phi B: 0.976209 Phi I: 5.8214e-52
Total charge: -2.97395e-20
etaHat: 124879
260  fE: -3.02307  dfE: 7.76172e-07  dW: 0.002667  dPhi(Nx/2)(Ny/2)(Nz/2): 7.3831e-05 Phi A: 0.0237916 Phi B: 0.976208 Phi I: 5.8214e-52
Saving data . . .
Total charge: -2.97395e-20
etaHat: 124879
261  fE: -3.02306  dfE: 9.54648e-07  dW: 0.00264095  dPhi(Nx/2)(Ny/2)(Nz/2): 7.32052e-05 Phi A: 0.0237916 Phi B: 0.976208 Phi I: 5.8214e-52
Total charge: -2.97395e-20
etaHat: 124879
262  fE: -3.02306  dfE: 1.06693e-06  dW: 0.00261522  dPhi(Nx/2)(Ny/2)(Nz/2): 7.2536e-05 Phi A: 0.0237916 Phi B: 0.976208 Phi I: 5.8214e-52
Total charge: -2.97395e-20
etaHat: 124879
263  fE: -3.02306  dfE: 1.11431e-06  dW: 0.00258981  dPhi(Nx/2)(Ny/2)(Nz/2): 7.18201e-05 Phi A: 0.0237916 Phi B: 0.976208 Phi I: 5.8214e-52
Total charge: -2.97395e-20
etaHat: 124879
264  fE: -3.02306  dfE: 1.1012e-06  dW: 0.00256474  dPhi(Nx/2)(Ny/2)(Nz/2): 7.10569e-05 Phi A: 0.0237916 Phi B: 0.976208 Phi I: 5.8214e-52
Total charge: -2.97395e-20
etaHat: 124879
265  fE: -3.02306  dfE: 1.03454e-06  dW: 0.00254  dPhi(Nx/2)(Ny/2)(Nz/2): 7.02482e-05 Phi A: 0.0237916 Phi B: 0.976208 Phi I: 5.8214e-52
Total charge: -2.97395e-20
etaHat: 124879
266  fE: -3.02306  dfE: 9.23251e-07  dW: 0.00251556  dPhi(Nx/2)(Ny/2)(Nz/2): 6.93983e-05 Phi A: 0.0237916 Phi B: 0.976208 Phi I: 5.8214e-52
Total charge: -2.97395e-20
etaHat: 124879
267  fE: -3.02306  dfE: 7.77512e-07  dW: 0.00249144  dPhi(Nx/2)(Ny/2)(Nz/2): 6.85132e-05 Phi A: 0.0237916 Phi B: 0.976208 Phi I: 5.8214e-52
Total charge: -2.97394e-20
etaHat: 124879
268  fE: -3.02306  dfE: 6.08173e-07  dW: 0.00246764  dPhi(Nx/2)(Ny/2)(Nz/2): 6.76007e-05 Phi A: 0.0237916 Phi B: 0.976208 Phi I: 5.8214e-52
Total charge: -2.97394e-20
etaHat: 124879
269  fE: -3.02306  dfE: 4.26128e-07  dW: 0.00244414  dPhi(Nx/2)(Ny/2)(Nz/2): 6.66696e-05 Phi A: 0.0237916 Phi B: 0.976208 Phi I: 5.8214e-52
Total charge: -2.97394e-20
etaHat: 124879
270  fE: -3.02306  dfE: 2.41768e-07  dW: 0.00242095  dPhi(Nx/2)(Ny/2)(Nz/2): 6.57292e-05 Phi A: 0.0237916 Phi B: 0.976208 Phi I: 5.8214e-52
Saving data . . .
Total charge: -2.97394e-20
etaHat: 124879
271  fE: -3.02306  dfE: 6.45173e-08  dW: 0.00239805  dPhi(Nx/2)(Ny/2)(Nz/2): 6.47892e-05 Phi A: 0.0237915 Phi B: 0.976208 Phi I: 5.8214e-52
Total charge: -2.97394e-20
etaHat: 124879
272  fE: -3.02306  dfE: 9.75368e-08  dW: 0.00237542  dPhi(Nx/2)(Ny/2)(Nz/2): 6.38589e-05 Phi A: 0.0237915 Phi B: 0.976208 Phi I: 5.8214e-52
Total charge: -2.97394e-20
etaHat: 124879
273  fE: -3.02306  dfE: 2.37906e-07  dW: 0.00235309  dPhi(Nx/2)(Ny/2)(Nz/2): 6.29471e-05 Phi A: 0.0237915 Phi B: 0.976208 Phi I: 5.8214e-52
Total charge: -2.97394e-20
etaHat: 124879
274  fE: -3.02306  dfE: 3.51858e-07  dW: 0.00233102  dPhi(Nx/2)(Ny/2)(Nz/2): 6.20614e-05 Phi A: 0.0237915 Phi B: 0.976208 Phi I: 5.8214e-52
Total charge: -2.97394e-20
etaHat: 124879
275  fE: -3.02306  dfE: 4.36469e-07  dW: 0.00230922  dPhi(Nx/2)(Ny/2)(Nz/2): 6.12085e-05 Phi A: 0.0237915 Phi B: 0.976209 Phi I: 5.8214e-52
Total charge: -2.97394e-20
etaHat: 124879
276  fE: -3.02306  dfE: 4.90583e-07  dW: 0.0022877  dPhi(Nx/2)(Ny/2)(Nz/2): 6.03933e-05 Phi A: 0.0237915 Phi B: 0.976209 Phi I: 5.8214e-52
Total charge: -2.97394e-20
etaHat: 124879
277  fE: -3.02306  dfE: 5.14681e-07  dW: 0.00226644  dPhi(Nx/2)(Ny/2)(Nz/2): 5.96196e-05 Phi A: 0.0237915 Phi B: 0.976209 Phi I: 5.8214e-52
Total charge: -2.97394e-20
etaHat: 124879
278  fE: -3.02306  dfE: 5.10691e-07  dW: 0.00224544  dPhi(Nx/2)(Ny/2)(Nz/2): 5.88893e-05 Phi A: 0.0237915 Phi B: 0.976209 Phi I: 5.8214e-52
Total charge: -2.97394e-20
etaHat: 124879
279  fE: -3.02306  dfE: 4.81738e-07  dW: 0.0022247  dPhi(Nx/2)(Ny/2)(Nz/2): 5.82032e-05 Phi A: 0.0237915 Phi B: 0.976209 Phi I: 5.8214e-52
Total charge: -2.97394e-20
etaHat: 124879
280  fE: -3.02306  dfE: 4.31866e-07  dW: 0.0022042  dPhi(Nx/2)(Ny/2)(Nz/2): 5.75604e-05 Phi A: 0.0237915 Phi B: 0.976209 Phi I: 5.8214e-52
Saving data . . .
Total charge: -2.97394e-20
etaHat: 124879
281  fE: -3.02306  dfE: 3.65737e-07  dW: 0.00218395  dPhi(Nx/2)(Ny/2)(Nz/2): 5.69592e-05 Phi A: 0.0237915 Phi B: 0.976209 Phi I: 5.8214e-52
Total charge: -2.97394e-20
etaHat: 124879
282  fE: -3.02306  dfE: 2.8834e-07  dW: 0.00216393  dPhi(Nx/2)(Ny/2)(Nz/2): 5.63966e-05 Phi A: 0.0237915 Phi B: 0.976209 Phi I: 5.8214e-52
Total charge: -2.97394e-20
etaHat: 124879
283  fE: -3.02306  dfE: 2.04704e-07  dW: 0.00214415  dPhi(Nx/2)(Ny/2)(Nz/2): 5.5869e-05 Phi A: 0.0237915 Phi B: 0.976209 Phi I: 5.8214e-52
Total charge: -2.97394e-20
etaHat: 124879
284  fE: -3.02306  dfE: 1.19644e-07  dW: 0.0021246  dPhi(Nx/2)(Ny/2)(Nz/2): 5.53721e-05 Phi A: 0.0237915 Phi B: 0.976209 Phi I: 5.8214e-52
Total charge: -2.97394e-20
etaHat: 124879
285  fE: -3.02306  dfE: 3.7546e-08  dW: 0.00210529  dPhi(Nx/2)(Ny/2)(Nz/2): 5.49016e-05 Phi A: 0.0237915 Phi B: 0.976209 Phi I: 5.8214e-52
Total charge: -2.97394e-20
etaHat: 124879
286  fE: -3.02306  dfE: 3.781e-08  dW: 0.00208621  dPhi(Nx/2)(Ny/2)(Nz/2): 5.44528e-05 Phi A: 0.0237915 Phi B: 0.976209 Phi I: 5.8214e-52
Total charge: -2.97394e-20
etaHat: 124879
287  fE: -3.02306  dfE: 1.03373e-07  dW: 0.00206735  dPhi(Nx/2)(Ny/2)(Nz/2): 5.40214e-05 Phi A: 0.0237915 Phi B: 0.976209 Phi I: 5.8214e-52
Total charge: -2.97394e-20
etaHat: 124879
288  fE: -3.02306  dfE: 1.56899e-07  dW: 0.0020487  dPhi(Nx/2)(Ny/2)(Nz/2): 5.36033e-05 Phi A: 0.0237915 Phi B: 0.976209 Phi I: 5.8214e-52
Total charge: -2.97394e-20
etaHat: 124879
289  fE: -3.02306  dfE: 1.96975e-07  dW: 0.00203027  dPhi(Nx/2)(Ny/2)(Nz/2): 5.31948e-05 Phi A: 0.0237915 Phi B: 0.976208 Phi I: 5.8214e-52
Total charge: -2.97393e-20
etaHat: 124879
290  fE: -3.02306  dfE: 2.23007e-07  dW: 0.00201206  dPhi(Nx/2)(Ny/2)(Nz/2): 5.27929e-05 Phi A: 0.0237915 Phi B: 0.976208 Phi I: 5.8214e-52
Saving data . . .
Total charge: -2.97393e-20
etaHat: 124879
291  fE: -3.02306  dfE: 2.35162e-07  dW: 0.00199406  dPhi(Nx/2)(Ny/2)(Nz/2): 5.23949e-05 Phi A: 0.0237915 Phi B: 0.976208 Phi I: 5.8214e-52
Total charge: -2.97393e-20
etaHat: 124879
292  fE: -3.02306  dfE: 2.34282e-07  dW: 0.00197628  dPhi(Nx/2)(Ny/2)(Nz/2): 5.19991e-05 Phi A: 0.0237915 Phi B: 0.976208 Phi I: 5.8214e-52
Total charge: -2.97393e-20
etaHat: 124879
293  fE: -3.02306  dfE: 2.21767e-07  dW: 0.0019587  dPhi(Nx/2)(Ny/2)(Nz/2): 5.16043e-05 Phi A: 0.0237915 Phi B: 0.976208 Phi I: 5.8214e-52
Total charge: -2.97393e-20
etaHat: 124879
294  fE: -3.02306  dfE: 1.99456e-07  dW: 0.00194133  dPhi(Nx/2)(Ny/2)(Nz/2): 5.12098e-05 Phi A: 0.0237915 Phi B: 0.976208 Phi I: 5.8214e-52
Total charge: -2.97393e-20
etaHat: 124879
295  fE: -3.02306  dfE: 1.69479e-07  dW: 0.00192416  dPhi(Nx/2)(Ny/2)(Nz/2): 5.08156e-05 Phi A: 0.0237915 Phi B: 0.976208 Phi I: 5.8214e-52
Total charge: -2.97393e-20
etaHat: 124879
296  fE: -3.02306  dfE: 1.3413e-07  dW: 0.00190718  dPhi(Nx/2)(Ny/2)(Nz/2): 5.04219e-05 Phi A: 0.0237915 Phi B: 0.976208 Phi I: 5.8214e-52
Total charge: -2.97393e-20
etaHat: 124879
297  fE: -3.02306  dfE: 9.57298e-08  dW: 0.00189041  dPhi(Nx/2)(Ny/2)(Nz/2): 5.00295e-05 Phi A: 0.0237915 Phi B: 0.976208 Phi I: 5.8214e-52
Total charge: -2.97393e-20
etaHat: 124879
298  fE: -3.02306  dfE: 5.65087e-08  dW: 0.00187383  dPhi(Nx/2)(Ny/2)(Nz/2): 4.96394e-05 Phi A: 0.0237915 Phi B: 0.976208 Phi I: 5.8214e-52
Total charge: -2.97393e-20
etaHat: 124879
299  fE: -3.02306  dfE: 1.85067e-08  dW: 0.00185745  dPhi(Nx/2)(Ny/2)(Nz/2): 4.92528e-05 Phi A: 0.0237915 Phi B: 0.976208 Phi I: 5.8214e-52
Total charge: -2.97393e-20
etaHat: 124879
300  fE: -3.02306  dfE: 1.65097e-08  dW: 0.00184125  dPhi(Nx/2)(Ny/2)(Nz/2): 4.88707e-05 Phi A: 0.0237915 Phi B: 0.976208 Phi I: 5.8214e-52
Saving data . . .
Total charge: -2.97393e-20
etaHat: 124879
301  fE: -3.02306  dfE: 4.7107e-08  dW: 0.00182523  dPhi(Nx/2)(Ny/2)(Nz/2): 4.84945e-05 Phi A: 0.0237915 Phi B: 0.976208 Phi I: 5.8214e-52
Total charge: -2.97393e-20
etaHat: 124879
302  fE: -3.02306  dfE: 7.22211e-08  dW: 0.0018094  dPhi(Nx/2)(Ny/2)(Nz/2): 4.81252e-05 Phi A: 0.0237915 Phi B: 0.976209 Phi I: 5.8214e-52
Total charge: -2.97393e-20
etaHat: 124879
303  fE: -3.02306  dfE: 9.11718e-08  dW: 0.00179374  dPhi(Nx/2)(Ny/2)(Nz/2): 4.77636e-05 Phi A: 0.0237915 Phi B: 0.976209 Phi I: 5.8214e-52
Total charge: -2.97393e-20
etaHat: 124879
304  fE: -3.02306  dfE: 1.03657e-07  dW: 0.00177826  dPhi(Nx/2)(Ny/2)(Nz/2): 4.74105e-05 Phi A: 0.0237915 Phi B: 0.976209 Phi I: 5.8214e-52
Total charge: -2.97393e-20
etaHat: 124879
305  fE: -3.02306  dfE: 1.09728e-07  dW: 0.00176296  dPhi(Nx/2)(Ny/2)(Nz/2): 4.70664e-05 Phi A: 0.0237915 Phi B: 0.976209 Phi I: 5.8214e-52
Total charge: -2.97393e-20
etaHat: 124879
306  fE: -3.02306  dfE: 1.09749e-07  dW: 0.00174782  dPhi(Nx/2)(Ny/2)(Nz/2): 4.67313e-05 Phi A: 0.0237915 Phi B: 0.976209 Phi I: 5.8214e-52
Total charge: -2.97393e-20
etaHat: 124879
307  fE: -3.02306  dfE: 1.04351e-07  dW: 0.00173285  dPhi(Nx/2)(Ny/2)(Nz/2): 4.64053e-05 Phi A: 0.0237915 Phi B: 0.976209 Phi I: 5.8214e-52
Total charge: -2.97393e-20
etaHat: 124879
308  fE: -3.02306  dfE: 9.43655e-08  dW: 0.00171804  dPhi(Nx/2)(Ny/2)(Nz/2): 4.60881e-05 Phi A: 0.0237915 Phi B: 0.976209 Phi I: 5.8214e-52
Total charge: -2.97393e-20
etaHat: 124879
309  fE: -3.02306  dfE: 8.07678e-08  dW: 0.00170339  dPhi(Nx/2)(Ny/2)(Nz/2): 4.57791e-05 Phi A: 0.0237915 Phi B: 0.976209 Phi I: 5.8214e-52
Total charge: -2.97393e-20
etaHat: 124879
310  fE: -3.02306  dfE: 6.46107e-08  dW: 0.00168889  dPhi(Nx/2)(Ny/2)(Nz/2): 4.54776e-05 Phi A: 0.0237915 Phi B: 0.976209 Phi I: 5.8214e-52
Saving data . . .
Total charge: -2.97393e-20
etaHat: 124879
311  fE: -3.02306  dfE: 4.69655e-08  dW: 0.00167455  dPhi(Nx/2)(Ny/2)(Nz/2): 4.51828e-05 Phi A: 0.0237915 Phi B: 0.976209 Phi I: 5.8214e-52
Total charge: -2.97393e-20
etaHat: 124879
312  fE: -3.02306  dfE: 2.88656e-08  dW: 0.00166037  dPhi(Nx/2)(Ny/2)(Nz/2): 4.48938e-05 Phi A: 0.0237914 Phi B: 0.976209 Phi I: 5.8214e-52
Total charge: -2.97393e-20
etaHat: 124879
313  fE: -3.02306  dfE: 1.12592e-08  dW: 0.00164634  dPhi(Nx/2)(Ny/2)(Nz/2): 4.46095e-05 Phi A: 0.0237914 Phi B: 0.976209 Phi I: 5.8214e-52
Total charge: -2.97393e-20
etaHat: 124879
314  fE: -3.02306  dfE: 5.02841e-09  dW: 0.00163246  dPhi(Nx/2)(Ny/2)(Nz/2): 4.43291e-05 Phi A: 0.0237914 Phi B: 0.976209 Phi I: 5.8214e-52
Total charge: -2.97393e-20
etaHat: 124879
315  fE: -3.02306  dfE: 1.93241e-08  dW: 0.00161874  dPhi(Nx/2)(Ny/2)(Nz/2): 4.40515e-05 Phi A: 0.0237914 Phi B: 0.976209 Phi I: 5.8214e-52
Total charge: -2.97393e-20
etaHat: 124879
316  fE: -3.02306  dfE: 3.11236e-08  dW: 0.00160515  dPhi(Nx/2)(Ny/2)(Nz/2): 4.3776e-05 Phi A: 0.0237914 Phi B: 0.976209 Phi I: 5.8214e-52
Total charge: -2.97393e-20
etaHat: 124879
317  fE: -3.02306  dfE: 4.01002e-08  dW: 0.00159172  dPhi(Nx/2)(Ny/2)(Nz/2): 4.35016e-05 Phi A: 0.0237914 Phi B: 0.976209 Phi I: 5.8214e-52
Total charge: -2.97393e-20
etaHat: 124879
318  fE: -3.02306  dfE: 4.61011e-08  dW: 0.00157842  dPhi(Nx/2)(Ny/2)(Nz/2): 4.32277e-05 Phi A: 0.0237914 Phi B: 0.976209 Phi I: 5.8214e-52
Total charge: -2.97393e-20
etaHat: 124879
319  fE: -3.02306  dfE: 4.9138e-08  dW: 0.00156526  dPhi(Nx/2)(Ny/2)(Nz/2): 4.29539e-05 Phi A: 0.0237914 Phi B: 0.976209 Phi I: 5.8214e-52
Total charge: -2.97393e-20
etaHat: 124879
320  fE: -3.02306  dfE: 4.93692e-08  dW: 0.00155225  dPhi(Nx/2)(Ny/2)(Nz/2): 4.26796e-05 Phi A: 0.0237914 Phi B: 0.976209 Phi I: 5.8214e-52
Saving data . . .
Total charge: -2.97393e-20
etaHat: 124879
321  fE: -3.02306  dfE: 4.70758e-08  dW: 0.00153937  dPhi(Nx/2)(Ny/2)(Nz/2): 4.24047e-05 Phi A: 0.0237914 Phi B: 0.976209 Phi I: 5.8214e-52
Total charge: -2.97393e-20
etaHat: 124879
322  fE: -3.02306  dfE: 4.26357e-08  dW: 0.00152662  dPhi(Nx/2)(Ny/2)(Nz/2): 4.21289e-05 Phi A: 0.0237914 Phi B: 0.976209 Phi I: 5.8214e-52
Total charge: -2.97393e-20
etaHat: 124879
323  fE: -3.02306  dfE: 3.64943e-08  dW: 0.00151401  dPhi(Nx/2)(Ny/2)(Nz/2): 4.18523e-05 Phi A: 0.0237914 Phi B: 0.976209 Phi I: 5.8214e-52
Total charge: -2.97393e-20
etaHat: 124879
324  fE: -3.02306  dfE: 2.91351e-08  dW: 0.00150152  dPhi(Nx/2)(Ny/2)(Nz/2): 4.1575e-05 Phi A: 0.0237914 Phi B: 0.976209 Phi I: 5.8214e-52
Total charge: -2.97393e-20
etaHat: 124879
325  fE: -3.02306  dfE: 2.10524e-08  dW: 0.00148916  dPhi(Nx/2)(Ny/2)(Nz/2): 4.1297e-05 Phi A: 0.0237914 Phi B: 0.976209 Phi I: 5.8214e-52
Total charge: -2.97393e-20
etaHat: 124879
326  fE: -3.02306  dfE: 1.27243e-08  dW: 0.00147694  dPhi(Nx/2)(Ny/2)(Nz/2): 4.10187e-05 Phi A: 0.0237914 Phi B: 0.976209 Phi I: 5.8214e-52
Total charge: -2.97393e-20
etaHat: 124879
327  fE: -3.02306  dfE: 4.59201e-09  dW: 0.00146483  dPhi(Nx/2)(Ny/2)(Nz/2): 4.07402e-05 Phi A: 0.0237914 Phi B: 0.976209 Phi I: 5.8214e-52
Total charge: -2.97393e-20
etaHat: 124879
328  fE: -3.02306  dfE: 2.95948e-09  dW: 0.00145286  dPhi(Nx/2)(Ny/2)(Nz/2): 4.04619e-05 Phi A: 0.0237914 Phi B: 0.976209 Phi I: 5.8214e-52
Total charge: -2.97393e-20
etaHat: 124879
329  fE: -3.02306  dfE: 9.61408e-09  dW: 0.00144101  dPhi(Nx/2)(Ny/2)(Nz/2): 4.01839e-05 Phi A: 0.0237914 Phi B: 0.976209 Phi I: 5.8214e-52
Total charge: -2.97393e-20
etaHat: 124879
330  fE: -3.02306  dfE: 1.51332e-08  dW: 0.00142928  dPhi(Nx/2)(Ny/2)(Nz/2): 3.99067e-05 Phi A: 0.0237914 Phi B: 0.976209 Phi I: 5.8214e-52
Saving data . . .
Total charge: -2.97393e-20
etaHat: 124879
331  fE: -3.02306  dfE: 1.93597e-08  dW: 0.00141767  dPhi(Nx/2)(Ny/2)(Nz/2): 3.96304e-05 Phi A: 0.0237914 Phi B: 0.976209 Phi I: 5.8214e-52
Total charge: -2.97393e-20
etaHat: 124879
332  fE: -3.02306  dfE: 2.22174e-08  dW: 0.00140617  dPhi(Nx/2)(Ny/2)(Nz/2): 3.93551e-05 Phi A: 0.0237914 Phi B: 0.976209 Phi I: 5.8214e-52
Total charge: -2.97393e-20
etaHat: 124879
333  fE: -3.02306  dfE: 2.37061e-08  dW: 0.00139479  dPhi(Nx/2)(Ny/2)(Nz/2): 3.90812e-05 Phi A: 0.0237914 Phi B: 0.976209 Phi I: 5.8214e-52
Total charge: -2.97393e-20
etaHat: 124879
334  fE: -3.02306  dfE: 2.38937e-08  dW: 0.00138352  dPhi(Nx/2)(Ny/2)(Nz/2): 3.88086e-05 Phi A: 0.0237914 Phi B: 0.976209 Phi I: 5.8214e-52
Total charge: -2.97393e-20
etaHat: 124879
335  fE: -3.02306  dfE: 2.29061e-08  dW: 0.00137236  dPhi(Nx/2)(Ny/2)(Nz/2): 3.85375e-05 Phi A: 0.0237914 Phi B: 0.976209 Phi I: 5.8214e-52
Total charge: -2.97393e-20
etaHat: 124879
336  fE: -3.02306  dfE: 2.09144e-08  dW: 0.00136132  dPhi(Nx/2)(Ny/2)(Nz/2): 3.82678e-05 Phi A: 0.0237914 Phi B: 0.976209 Phi I: 5.8214e-52
Total charge: -2.97393e-20
etaHat: 124879
337  fE: -3.02306  dfE: 1.8122e-08  dW: 0.00135039  dPhi(Nx/2)(Ny/2)(Nz/2): 3.79996e-05 Phi A: 0.0237914 Phi B: 0.976209 Phi I: 5.8214e-52
Total charge: -2.97393e-20
etaHat: 124879
338  fE: -3.02306  dfE: 1.4751e-08  dW: 0.00133957  dPhi(Nx/2)(Ny/2)(Nz/2): 3.77328e-05 Phi A: 0.0237914 Phi B: 0.976209 Phi I: 5.8214e-52
Total charge: -2.97393e-20
etaHat: 124879
339  fE: -3.02306  dfE: 1.10291e-08  dW: 0.00132885  dPhi(Nx/2)(Ny/2)(Nz/2): 3.74674e-05 Phi A: 0.0237914 Phi B: 0.976209 Phi I: 5.8214e-52
Total charge: -2.97393e-20
etaHat: 124879
340  fE: -3.02306  dfE: 7.17788e-09  dW: 0.00131825  dPhi(Nx/2)(Ny/2)(Nz/2): 3.72032e-05 Phi A: 0.0237914 Phi B: 0.976209 Phi I: 5.8214e-52
Saving data . . .
Total charge: -2.97393e-20
etaHat: 124879
341  fE: -3.02306  dfE: 3.40211e-09  dW: 0.00130775  dPhi(Nx/2)(Ny/2)(Nz/2): 3.69402e-05 Phi A: 0.0237914 Phi B: 0.976209 Phi I: 5.8214e-52
Total charge: -2.97393e-20
etaHat: 124879
342  fE: -3.02306  dfE: 1.18312e-10  dW: 0.00129734  dPhi(Nx/2)(Ny/2)(Nz/2): 3.66784e-05 Phi A: 0.0237914 Phi B: 0.976209 Phi I: 5.8214e-52
Total charge: -2.97393e-20
etaHat: 124879
343  fE: -3.02306  dfE: 3.23513e-09  dW: 0.00128704  dPhi(Nx/2)(Ny/2)(Nz/2): 3.64176e-05 Phi A: 0.0237914 Phi B: 0.976209 Phi I: 5.8214e-52
Total charge: -2.97393e-20
etaHat: 124879
344  fE: -3.02306  dfE: 5.83559e-09  dW: 0.00127684  dPhi(Nx/2)(Ny/2)(Nz/2): 3.61578e-05 Phi A: 0.0237914 Phi B: 0.976209 Phi I: 5.8214e-52
Total charge: -2.97393e-20
etaHat: 124879
345  fE: -3.02306  dfE: 7.84431e-09  dW: 0.00126674  dPhi(Nx/2)(Ny/2)(Nz/2): 3.5899e-05 Phi A: 0.0237914 Phi B: 0.976209 Phi I: 5.8214e-52
Total charge: -2.97393e-20
etaHat: 124879
346  fE: -3.02306  dfE: 9.22333e-09  dW: 0.00125673  dPhi(Nx/2)(Ny/2)(Nz/2): 3.56412e-05 Phi A: 0.0237914 Phi B: 0.976209 Phi I: 5.8214e-52
Total charge: -2.97393e-20
etaHat: 124879
347  fE: -3.02306  dfE: 9.97005e-09  dW: 0.00124682  dPhi(Nx/2)(Ny/2)(Nz/2): 3.53845e-05 Phi A: 0.0237914 Phi B: 0.976209 Phi I: 5.8214e-52
Total charge: -2.97393e-20
etaHat: 124879
348  fE: -3.02306  dfE: 1.01134e-08  dW: 0.00123701  dPhi(Nx/2)(Ny/2)(Nz/2): 3.51288e-05 Phi A: 0.0237914 Phi B: 0.976209 Phi I: 5.8214e-52
Total charge: -2.97393e-20
etaHat: 124879
349  fE: -3.02306  dfE: 9.70964e-09  dW: 0.00122729  dPhi(Nx/2)(Ny/2)(Nz/2): 3.48743e-05 Phi A: 0.0237914 Phi B: 0.976209 Phi I: 5.8214e-52
Total charge: -2.97393e-20
etaHat: 124879
350  fE: -3.02306  dfE: 8.83624e-09  dW: 0.00121767  dPhi(Nx/2)(Ny/2)(Nz/2): 3.46211e-05 Phi A: 0.0237914 Phi B: 0.976209 Phi I: 5.8214e-52
Saving data . . .
Total charge: -2.97393e-20
etaHat: 124879
351  fE: -3.02306  dfE: 7.58603e-09  dW: 0.00120815  dPhi(Nx/2)(Ny/2)(Nz/2): 3.43693e-05 Phi A: 0.0237914 Phi B: 0.976209 Phi I: 5.8214e-52
Total charge: -2.97393e-20
etaHat: 124879
352  fE: -3.02306  dfE: 6.06091e-09  dW: 0.00119871  dPhi(Nx/2)(Ny/2)(Nz/2): 3.41191e-05 Phi A: 0.0237914 Phi B: 0.976209 Phi I: 5.8214e-52
Total charge: -2.97393e-20
etaHat: 124879
353  fE: -3.02306  dfE: 4.36585e-09  dW: 0.00118937  dPhi(Nx/2)(Ny/2)(Nz/2): 3.38706e-05 Phi A: 0.0237914 Phi B: 0.976209 Phi I: 5.8214e-52
Total charge: -2.97393e-20
etaHat: 124879
354  fE: -3.02306  dfE: 2.6034e-09  dW: 0.00118012  dPhi(Nx/2)(Ny/2)(Nz/2): 3.36239e-05 Phi A: 0.0237914 Phi B: 0.976209 Phi I: 5.8214e-52
Total charge: -2.97393e-20
etaHat: 124879
355  fE: -3.02306  dfE: 8.68687e-10  dW: 0.00117096  dPhi(Nx/2)(Ny/2)(Nz/2): 3.33793e-05 Phi A: 0.0237914 Phi B: 0.976209 Phi I: 5.8214e-52
Total charge: -2.97393e-20
etaHat: 124879
356  fE: -3.02306  dfE: 7.54318e-10  dW: 0.00116188  dPhi(Nx/2)(Ny/2)(Nz/2): 3.31368e-05 Phi A: 0.0237914 Phi B: 0.976209 Phi I: 5.8214e-52
Total charge: -2.97393e-20
etaHat: 124879
357  fE: -3.02306  dfE: 2.19615e-09  dW: 0.00115289  dPhi(Nx/2)(Ny/2)(Nz/2): 3.28966e-05 Phi A: 0.0237914 Phi B: 0.976209 Phi I: 5.8214e-52
Total charge: -2.97393e-20
etaHat: 124879
358  fE: -3.02306  dfE: 3.40346e-09  dW: 0.00114398  dPhi(Nx/2)(Ny/2)(Nz/2): 3.26588e-05 Phi A: 0.0237914 Phi B: 0.976209 Phi I: 5.8214e-52
Total charge: -2.97393e-20
etaHat: 124879
359  fE: -3.02306  dfE: 4.34023e-09  dW: 0.00113516  dPhi(Nx/2)(Ny/2)(Nz/2): 3.24235e-05 Phi A: 0.0237914 Phi B: 0.976209 Phi I: 5.8214e-52
Total charge: -2.97393e-20
etaHat: 124879
360  fE: -3.02306  dfE: 4.98765e-09  dW: 0.00112642  dPhi(Nx/2)(Ny/2)(Nz/2): 3.21908e-05 Phi A: 0.0237914 Phi B: 0.976209 Phi I: 5.8214e-52
Saving data . . .
Total charge: -2.97393e-20
etaHat: 124879
361  fE: -3.02306  dfE: 5.34326e-09  dW: 0.00111776  dPhi(Nx/2)(Ny/2)(Nz/2): 3.19607e-05 Phi A: 0.0237914 Phi B: 0.976209 Phi I: 5.8214e-52
Total charge: -2.97393e-20
etaHat: 124879
362  fE: -3.02306  dfE: 5.41938e-09  dW: 0.00110919  dPhi(Nx/2)(Ny/2)(Nz/2): 3.17332e-05 Phi A: 0.0237914 Phi B: 0.976209 Phi I: 5.8214e-52
Total charge: -2.97393e-20
etaHat: 124879
363  fE: -3.02306  dfE: 5.24112e-09  dW: 0.00110071  dPhi(Nx/2)(Ny/2)(Nz/2): 3.15085e-05 Phi A: 0.0237914 Phi B: 0.976209 Phi I: 5.8214e-52
Total charge: -2.97393e-20
etaHat: 124879
364  fE: -3.02306  dfE: 4.8435e-09  dW: 0.0010923  dPhi(Nx/2)(Ny/2)(Nz/2): 3.12863e-05 Phi A: 0.0237914 Phi B: 0.976209 Phi I: 5.8214e-52
Total charge: -2.97393e-20
etaHat: 124879
365  fE: -3.02306  dfE: 4.26876e-09  dW: 0.00108397  dPhi(Nx/2)(Ny/2)(Nz/2): 3.10668e-05 Phi A: 0.0237914 Phi B: 0.976209 Phi I: 5.8214e-52
Total charge: -2.97393e-20
etaHat: 124879
366  fE: -3.02306  dfE: 3.56378e-09  dW: 0.00107572  dPhi(Nx/2)(Ny/2)(Nz/2): 3.08498e-05 Phi A: 0.0237914 Phi B: 0.976209 Phi I: 5.8214e-52
Total charge: -2.97393e-20
etaHat: 124879
367  fE: -3.02306  dfE: 2.77687e-09  dW: 0.00106755  dPhi(Nx/2)(Ny/2)(Nz/2): 3.06353e-05 Phi A: 0.0237914 Phi B: 0.976209 Phi I: 5.8214e-52
Total charge: -2.97393e-20
etaHat: 124879
368  fE: -3.02306  dfE: 1.95554e-09  dW: 0.00105946  dPhi(Nx/2)(Ny/2)(Nz/2): 3.04231e-05 Phi A: 0.0237914 Phi B: 0.976209 Phi I: 5.8214e-52
Total charge: -2.97393e-20
etaHat: 124879
369  fE: -3.02306  dfE: 1.14395e-09  dW: 0.00105145  dPhi(Nx/2)(Ny/2)(Nz/2): 3.02133e-05 Phi A: 0.0237914 Phi B: 0.976209 Phi I: 5.8214e-52
Total charge: -2.97393e-20
etaHat: 124879
370  fE: -3.02306  dfE: 3.81077e-10  dW: 0.00104352  dPhi(Nx/2)(Ny/2)(Nz/2): 3.00056e-05 Phi A: 0.0237914 Phi B: 0.976209 Phi I: 5.8214e-52
Saving data . . .
Total charge: -2.97393e-20
etaHat: 124879
371  fE: -3.02306  dfE: 3.00234e-10  dW: 0.00103566  dPhi(Nx/2)(Ny/2)(Nz/2): 2.98e-05 Phi A: 0.0237914 Phi B: 0.976209 Phi I: 5.8214e-52
Total charge: -2.97393e-20
etaHat: 124879
372  fE: -3.02306  dfE: 8.74985e-10  dW: 0.00102787  dPhi(Nx/2)(Ny/2)(Nz/2): 2.95963e-05 Phi A: 0.0237914 Phi B: 0.976209 Phi I: 5.8214e-52
Total charge: -2.97393e-20
etaHat: 124879
373  fE: -3.02306  dfE: 1.32588e-09  dW: 0.00102015  dPhi(Nx/2)(Ny/2)(Nz/2): 2.93945e-05 Phi A: 0.0237914 Phi B: 0.976209 Phi I: 5.8214e-52
Total charge: -2.97393e-20
etaHat: 124879
374  fE: -3.02306  dfE: 1.64364e-09  dW: 0.0010125  dPhi(Nx/2)(Ny/2)(Nz/2): 2.91944e-05 Phi A: 0.0237914 Phi B: 0.976209 Phi I: 5.8214e-52
Total charge: -2.97393e-20
etaHat: 124879
375  fE: -3.02306  dfE: 1.82662e-09  dW: 0.00100492  dPhi(Nx/2)(Ny/2)(Nz/2): 2.8996e-05 Phi A: 0.0237914 Phi B: 0.976209 Phi I: 5.8214e-52
Total charge: -2.97393e-20
etaHat: 124879
376  fE: -3.02306  dfE: 1.88e-09  dW: 0.000997413  dPhi(Nx/2)(Ny/2)(Nz/2): 2.87991e-05 Phi A: 0.0237914 Phi B: 0.976209 Phi I: 5.8214e-52
Saving data . . .
