Total charge: 124877
etaHat: 124877
0  fE: -9369.34  dfE: 9469.34  dW: 20.4548  dPhi(Nx/2)(Ny/2)(Nz/2): -4.11389 Phi A: 0.607494 Phi B: 4.48374 Phi I: 999.016
Saving data . . .
Total charge: 1.59566
etaHat: 124879
1  fE: -25220  dfE: 15850.6  dW: 21.5917  dPhi(Nx/2)(Ny/2)(Nz/2): -2.16574 Phi A: 0.270199 Phi B: 2.88218 Phi I: 0.0127653
Total charge: 1.61101e-18
etaHat: 124879
2  fE: -17.8352  dfE: 25202.1  dW: 21.3877  dPhi(Nx/2)(Ny/2)(Nz/2): -1.08752 Phi A: 0.144166 Phi B: 1.935 Phi I: 1.43297e-20
Total charge: -1.08529e-19
etaHat: 124879
3  fE: -12.7139  dfE: 5.12121  dW: 20.2014  dPhi(Nx/2)(Ny/2)(Nz/2): -0.433055 Phi A: 0.086823 Phi B: 1.34081 Phi I: 5.82356e-52
Total charge: -7.1731e-20
etaHat: 124879
4  fE: -9.04652  dfE: 3.66743  dW: 18.4104  dPhi(Nx/2)(Ny/2)(Nz/2): -0.0231987 Phi A: 0.0573848 Phi B: 0.96216 Phi I: 5.82165e-52
Total charge: -5.11588e-20
etaHat: 124879
5  fE: -6.52667  dfE: 2.51985  dW: 16.2675  dPhi(Nx/2)(Ny/2)(Nz/2): 0.238745 Phi A: 0.0409271 Phi B: 0.717774 Phi I: 5.81994e-52
Total charge: -3.89459e-20
etaHat: 124879
6  fE: -4.81626  dfE: 1.71041  dW: 13.9359  dPhi(Nx/2)(Ny/2)(Nz/2): 0.408935 Phi A: 0.0311567 Phi B: 0.558054 Phi I: 5.81847e-52
Total charge: -3.14135e-20
etaHat: 124879
7  fE: -3.65134  dfE: 1.16492  dW: 11.5227  dPhi(Nx/2)(Ny/2)(Nz/2): 0.520745 Phi A: 0.0251308 Phi B: 0.452727 Phi I: 5.81724e-52
Total charge: -2.67019e-20
etaHat: 124879
8  fE: -2.8484  dfE: 0.802937  dW: 9.09985  dPhi(Nx/2)(Ny/2)(Nz/2): 0.594241 Phi A: 0.0213615 Phi B: 0.383305 Phi I: 5.81626e-52
Total charge: -2.38165e-20
etaHat: 124879
9  fE: -2.28547  dfE: 0.562934  dW: 6.71723  dPhi(Nx/2)(Ny/2)(Nz/2): 0.641576 Phi A: 0.0190532 Phi B: 0.338486 Phi I: 5.81552e-52
Total charge: -2.22085e-20
etaHat: 124879
10  fE: -1.88247  dfE: 0.403005  dW: 4.4113  dPhi(Nx/2)(Ny/2)(Nz/2): 0.670101 Phi A: 0.0177668 Phi B: 0.311393 Phi I: 5.81502e-52
Saving data . . .
Total charge: -2.15765e-20
etaHat: 124879
11  fE: -1.58647  dfE: 0.295996  dW: 2.21043  dPhi(Nx/2)(Ny/2)(Nz/2): 0.684166 Phi A: 0.0172612 Phi B: 0.297937 Phi I: 5.81475e-52
Total charge: -2.1767e-20
etaHat: 124879
12  fE: -1.36175  dfE: 0.224723  dW: 0.579973  dPhi(Nx/2)(Ny/2)(Nz/2): 0.68616 Phi A: 0.0174136 Phi B: 0.295867 Phi I: 5.81469e-52
Total charge: -2.2723e-20
etaHat: 124879
13  fE: -1.18329  dfE: 0.178457  dW: 1.78066  dPhi(Nx/2)(Ny/2)(Nz/2): 0.677116 Phi A: 0.0181784 Phi B: 0.304205 Phi I: 5.81484e-52
Total charge: -2.44552e-20
etaHat: 124879
14  fE: -1.03278  dfE: 0.150515  dW: 3.52426  dPhi(Nx/2)(Ny/2)(Nz/2): 0.657048 Phi A: 0.0195641 Phi B: 0.322938 Phi I: 5.81517e-52
Total charge: -2.70239e-20
etaHat: 124879
15  fE: -0.89622  dfE: 0.136557  dW: 5.06541  dPhi(Nx/2)(Ny/2)(Nz/2): 0.625156 Phi A: 0.0216191 Phi B: 0.352823 Phi I: 5.81568e-52
Total charge: -3.05221e-20
etaHat: 124879
16  fE: -0.763026  dfE: 0.133194  dW: 6.37334  dPhi(Nx/2)(Ny/2)(Nz/2): 0.579981 Phi A: 0.0244177 Phi B: 0.395257 Phi I: 5.81633e-52
Total charge: -3.50513e-20
etaHat: 124879
17  fE: -0.626475  dfE: 0.136551  dW: 7.41228  dPhi(Nx/2)(Ny/2)(Nz/2): 0.519584 Phi A: 0.0280411 Phi B: 0.452106 Phi I: 5.8171e-52
Total charge: -4.06837e-20
etaHat: 124879
18  fE: -0.485879  dfE: 0.140596  dW: 8.14192  dPhi(Nx/2)(Ny/2)(Nz/2): 0.44187 Phi A: 0.0325469 Phi B: 0.525422 Phi I: 5.81797e-52
Total charge: -4.74005e-20
etaHat: 124879
19  fE: -0.350546  dfE: 0.135333  dW: 8.51989  dPhi(Nx/2)(Ny/2)(Nz/2): 0.345148 Phi A: 0.0379204 Phi B: 0.61693 Phi I: 5.8189e-52
Total charge: -5.50102e-20
etaHat: 124879
20  fE: -0.244845  dfE: 0.105701  dW: 8.50749  dPhi(Nx/2)(Ny/2)(Nz/2): 0.229036 Phi A: 0.0440081 Phi B: 0.727187 Phi I: 5.81986e-52
Saving data . . .
Total charge: -6.30612e-20
etaHat: 124879
21  fE: -0.21179  dfE: 0.0330547  dW: 8.07916  dPhi(Nx/2)(Ny/2)(Nz/2): 0.0956827 Phi A: 0.050449 Phi B: 0.854429 Phi I: 5.8208e-52
Total charge: -7.07991e-20
etaHat: 124879
22  fE: -0.31013  dfE: 0.0983399  dW: 7.23526  dPhi(Nx/2)(Ny/2)(Nz/2): -0.0489803 Phi A: 0.0566393 Phi B: 0.993348 Phi I: 5.82168e-52
Total charge: -7.72344e-20
etaHat: 124879
23  fE: -0.599394  dfE: 0.289263  dW: 6.0147  dPhi(Nx/2)(Ny/2)(Nz/2): -0.194608 Phi A: 0.0617876 Phi B: 1.13439 Phi I: 5.82246e-52
Total charge: -8.13676e-20
etaHat: 124879
24  fE: -1.11271  dfE: 0.513313  dW: 4.50147  dPhi(Nx/2)(Ny/2)(Nz/2): -0.32729 Phi A: 0.065094 Phi B: 1.26443 Phi I: 5.82311e-52
Total charge: -8.2517e-20
etaHat: 124879
25  fE: -1.82885  dfE: 0.716139  dW: 2.93903  dPhi(Nx/2)(Ny/2)(Nz/2): -0.432322 Phi A: 0.0660136 Phi B: 1.36925 Phi I: 5.82359e-52
Total charge: -8.05859e-20
etaHat: 124879
26  fE: -2.66357  dfE: 0.834722  dW: 2.40283  dPhi(Nx/2)(Ny/2)(Nz/2): -0.498176 Phi A: 0.0644687 Phi B: 1.43732 Phi I: 5.82388e-52
Total charge: -7.60921e-20
etaHat: 124879
27  fE: -3.49227  dfE: 0.828703  dW: 1.83968  dPhi(Nx/2)(Ny/2)(Nz/2): -0.519861 Phi A: 0.0608737 Phi B: 1.46317 Phi I: 5.824e-52
Total charge: -6.99418e-20
etaHat: 124879
28  fE: -4.19348  dfE: 0.701208  dW: 1.8586  dPhi(Nx/2)(Ny/2)(Nz/2): -0.499915 Phi A: 0.0559535 Phi B: 1.44856 Phi I: 5.82395e-52
Total charge: -6.31011e-20
etaHat: 124879
29  fE: -4.6872  dfE: 0.493725  dW: 2.94233  dPhi(Nx/2)(Ny/2)(Nz/2): -0.446745 Phi A: 0.0504809 Phi B: 1.40109 Phi I: 5.82376e-52
Total charge: -5.63474e-20
etaHat: 124879
30  fE: -4.94924  dfE: 0.262041  dW: 3.71396  dPhi(Nx/2)(Ny/2)(Nz/2): -0.371534 Phi A: 0.045078 Phi B: 1.33134 Phi I: 5.82347e-52
Saving data . . .
Total charge: -5.01771e-20
etaHat: 124879
31  fE: -5.00169  dfE: 0.0524434  dW: 4.17821  dPhi(Nx/2)(Ny/2)(Nz/2): -0.285313 Phi A: 0.0401417 Phi B: 1.24998 Phi I: 5.8231e-52
Total charge: -4.48318e-20
etaHat: 124879
32  fE: -4.89229  dfE: 0.109395  dW: 4.36325  dPhi(Nx/2)(Ny/2)(Nz/2): -0.197137 Phi A: 0.0358655 Phi B: 1.16591 Phi I: 5.82269e-52
Total charge: -4.03756e-20
etaHat: 124879
33  fE: -4.67512  dfE: 0.217173  dW: 4.30894  dPhi(Nx/2)(Ny/2)(Nz/2): -0.113447 Phi A: 0.0323005 Phi B: 1.08555 Phi I: 5.82227e-52
Total charge: -3.67708e-20
etaHat: 124879
34  fE: -4.3982  dfE: 0.276921  dW: 4.05961  dPhi(Nx/2)(Ny/2)(Nz/2): -0.0382428 Phi A: 0.0294167 Phi B: 1.01298 Phi I: 5.82186e-52
Total charge: -3.39337e-20
etaHat: 124879
35  fE: -4.09834  dfE: 0.299856  dW: 3.65949  dPhi(Nx/2)(Ny/2)(Nz/2): 0.026384 Phi A: 0.027147 Phi B: 0.950356 Phi I: 5.82148e-52
Total charge: -3.17675e-20
etaHat: 124879
36  fE: -3.80076  dfE: 0.297586  dW: 3.15014  dPhi(Nx/2)(Ny/2)(Nz/2): 0.0796523 Phi A: 0.025414 Phi B: 0.898567 Phi I: 5.82114e-52
Total charge: -3.01799e-20
etaHat: 124879
37  fE: -3.52098  dfE: 0.279777  dW: 2.56932  dPhi(Nx/2)(Ny/2)(Nz/2): 0.121591 Phi A: 0.0241439 Phi B: 0.857661 Phi I: 5.82086e-52
Total charge: -2.90895e-20
etaHat: 124879
38  fE: -3.26748  dfE: 0.253499  dW: 1.95062  dPhi(Nx/2)(Ny/2)(Nz/2): 0.152673 Phi A: 0.0232716 Phi B: 0.827232 Phi I: 5.82064e-52
Total charge: -2.84273e-20
etaHat: 124879
39  fE: -3.04406  dfE: 0.223418  dW: 1.32358  dPhi(Nx/2)(Ny/2)(Nz/2): 0.173584 Phi A: 0.0227418 Phi B: 0.806651 Phi I: 5.82049e-52
Total charge: -2.81349e-20
etaHat: 124879
40  fE: -2.85176  dfE: 0.192307  dW: 0.71391  dPhi(Nx/2)(Ny/2)(Nz/2): 0.185085 Phi A: 0.0225079 Phi B: 0.795199 Phi I: 5.82039e-52
Saving data . . .
Total charge: -2.81622e-20
etaHat: 124879
41  fE: -2.69018  dfE: 0.161573  dW: 0.214519  dPhi(Nx/2)(Ny/2)(Nz/2): 0.187955 Phi A: 0.0225297 Phi B: 0.792133 Phi I: 5.82036e-52
Total charge: -2.84631e-20
etaHat: 124879
42  fE: -2.55848  dfE: 0.131706  dW: 0.368926  dPhi(Nx/2)(Ny/2)(Nz/2): 0.182979 Phi A: 0.0227705 Phi B: 0.796699 Phi I: 5.82039e-52
Total charge: -2.89931e-20
etaHat: 124879
43  fE: -2.45585  dfE: 0.102633  dW: 0.80619  dPhi(Nx/2)(Ny/2)(Nz/2): 0.170973 Phi A: 0.0231945 Phi B: 0.808112 Phi I: 5.82046e-52
Total charge: -2.97059e-20
etaHat: 124879
44  fE: -2.38185  dfE: 0.0739913  dW: 1.15856  dPhi(Nx/2)(Ny/2)(Nz/2): 0.152817 Phi A: 0.0237647 Phi B: 0.825521 Phi I: 5.82058e-52
Total charge: -3.05511e-20
etaHat: 124879
45  fE: -2.33649  dfE: 0.0453631  dW: 1.41685  dPhi(Nx/2)(Ny/2)(Nz/2): 0.129503 Phi A: 0.0244409 Phi B: 0.847971 Phi I: 5.82073e-52
Total charge: -3.14734e-20
etaHat: 124879
46  fE: -2.32001  dfE: 0.0164814  dW: 1.5767  dPhi(Nx/2)(Ny/2)(Nz/2): 0.102167 Phi A: 0.0251787 Phi B: 0.874363 Phi I: 5.8209e-52
Total charge: -3.24129e-20
etaHat: 124879
47  fE: -2.33259  dfE: 0.0125797  dW: 1.63801  dPhi(Nx/2)(Ny/2)(Nz/2): 0.0721113 Phi A: 0.0259304 Phi B: 0.903439 Phi I: 5.82108e-52
Total charge: -3.33074e-20
etaHat: 124879
48  fE: -2.37385  dfE: 0.0412599  dW: 1.60517  dPhi(Nx/2)(Ny/2)(Nz/2): 0.0407902 Phi A: 0.0266459 Phi B: 0.933792 Phi I: 5.82127e-52
Total charge: -3.40961e-20
etaHat: 124879
49  fE: -2.4423  dfE: 0.0684517  dW: 1.48696  dPhi(Nx/2)(Ny/2)(Nz/2): 0.00975998 Phi A: 0.0272769 Phi B: 0.963916 Phi I: 5.82145e-52
Total charge: -3.47248e-20
etaHat: 124879
50  fE: -2.53487  dfE: 0.0925692  dW: 1.29625  dPhi(Nx/2)(Ny/2)(Nz/2): -0.0194076 Phi A: 0.0277799 Phi B: 0.992285 Phi I: 5.82162e-52
Saving data . . .
Total charge: -3.51517e-20
etaHat: 124879
51  fE: -2.64664  dfE: 0.111769  dW: 1.04919  dPhi(Nx/2)(Ny/2)(Nz/2): -0.0452424 Phi A: 0.0281214 Phi B: 1.01747 Phi I: 5.82176e-52
Total charge: -3.53512e-20
etaHat: 124879
52  fE: -2.77094  dfE: 0.124301  dW: 0.764855  dPhi(Nx/2)(Ny/2)(Nz/2): -0.0665038 Phi A: 0.0282809 Phi B: 1.03825 Phi I: 5.82187e-52
Total charge: -3.53168e-20
etaHat: 124879
53  fE: -2.89984  dfE: 0.1289  dW: 0.58738  dPhi(Nx/2)(Ny/2)(Nz/2): -0.082296 Phi A: 0.0282535 Phi B: 1.05375 Phi I: 5.82196e-52
Total charge: -3.5061e-20
etaHat: 124879
54  fE: -3.02495  dfE: 0.125114  dW: 0.489398  dPhi(Nx/2)(Ny/2)(Nz/2): -0.0921461 Phi A: 0.0280488 Phi B: 1.0635 Phi I: 5.82201e-52
Total charge: -3.46121e-20
etaHat: 124879
55  fE: -3.13841  dfE: 0.113457  dW: 0.382638  dPhi(Nx/2)(Ny/2)(Nz/2): -0.0960297 Phi A: 0.0276897 Phi B: 1.06745 Phi I: 5.82203e-52
Total charge: -3.40098e-20
etaHat: 124879
56  fE: -3.23375  dfE: 0.0953378  dW: 0.389572  dPhi(Nx/2)(Ny/2)(Nz/2): -0.0943399 Phi A: 0.0272078 Phi B: 1.06598 Phi I: 5.82202e-52
Total charge: -3.32997e-20
etaHat: 124879
57  fE: -3.30654  dfE: 0.0727927  dW: 0.597726  dPhi(Nx/2)(Ny/2)(Nz/2): -0.0878091 Phi A: 0.0266397 Phi B: 1.05979 Phi I: 5.82198e-52
Total charge: -3.25282e-20
etaHat: 124879
58  fE: -3.35466  dfE: 0.0481205  dW: 0.762246  dPhi(Nx/2)(Ny/2)(Nz/2): -0.0774025 Phi A: 0.0260225 Phi B: 1.04981 Phi I: 5.82192e-52
Total charge: -3.17383e-20
etaHat: 124879
59  fE: -3.37818  dfE: 0.0235166  dW: 0.874832  dPhi(Nx/2)(Ny/2)(Nz/2): -0.0642034 Phi A: 0.0253906 Phi B: 1.03709 Phi I: 5.82185e-52
Total charge: -3.0967e-20
etaHat: 124879
60  fE: -3.37898  dfE: 0.000798302  dW: 0.935595  dPhi(Nx/2)(Ny/2)(Nz/2): -0.0493091 Phi A: 0.0247736 Phi B: 1.02269 Phi I: 5.82176e-52
Saving data . . .
Total charge: -3.02439e-20
etaHat: 124879
61  fE: -3.36024  dfE: 0.0187413  dW: 0.947425  dPhi(Nx/2)(Ny/2)(Nz/2): -0.0337481 Phi A: 0.0241952 Phi B: 1.00762 Phi I: 5.82167e-52
Total charge: -2.95911e-20
etaHat: 124879
62  fE: -3.32588  dfE: 0.0343571  dW: 0.915374  dPhi(Nx/2)(Ny/2)(Nz/2): -0.0184242 Phi A: 0.0236729 Phi B: 0.992766 Phi I: 5.82158e-52
Total charge: -2.90234e-20
etaHat: 124879
63  fE: -3.28009  dfE: 0.0457857  dW: 0.846043  dPhi(Nx/2)(Ny/2)(Nz/2): -0.004085 Phi A: 0.0232187 Phi B: 0.97885 Phi I: 5.8215e-52
Total charge: -2.85494e-20
etaHat: 124879
64  fE: -3.22696  dfE: 0.0531331  dW: 0.747003  dPhi(Nx/2)(Ny/2)(Nz/2): 0.00868952 Phi A: 0.0228395 Phi B: 0.966447 Phi I: 5.82142e-52
Total charge: -2.81725e-20
etaHat: 124879
65  fE: -3.17021  dfE: 0.0567505  dW: 0.626284  dPhi(Nx/2)(Ny/2)(Nz/2): 0.0194832 Phi A: 0.022538 Phi B: 0.955966 Phi I: 5.82135e-52
Total charge: -2.78917e-20
etaHat: 124879
66  fE: -3.11308  dfE: 0.0571252  dW: 0.491954  dPhi(Nx/2)(Ny/2)(Nz/2): 0.028032 Phi A: 0.0223134 Phi B: 0.94767 Phi I: 5.8213e-52
Total charge: -2.77027e-20
etaHat: 124879
67  fE: -3.05829  dfE: 0.0547969  dW: 0.351755  dPhi(Nx/2)(Ny/2)(Nz/2): 0.0342076 Phi A: 0.0221621 Phi B: 0.941688 Phi I: 5.82126e-52
Total charge: -2.75982e-20
etaHat: 124879
68  fE: -3.00799  dfE: 0.0503019  dW: 0.212829  dPhi(Nx/2)(Ny/2)(Nz/2): 0.0379995 Phi A: 0.0220786 Phi B: 0.938034 Phi I: 5.82123e-52
Total charge: -2.7569e-20
etaHat: 124879
69  fE: -2.96384  dfE: 0.044143  dW: 0.0847938  dPhi(Nx/2)(Ny/2)(Nz/2): 0.0394986 Phi A: 0.0220552 Phi B: 0.936625 Phi I: 5.82122e-52
Total charge: -2.76038e-20
etaHat: 124879
70  fE: -2.92706  dfE: 0.0367783  dW: 0.051646  dPhi(Nx/2)(Ny/2)(Nz/2): 0.0388808 Phi A: 0.0220831 Phi B: 0.937292 Phi I: 5.82122e-52
Saving data . . .
Total charge: -2.76905e-20
etaHat: 124879
71  fE: -2.89844  dfE: 0.0286224  dW: 0.138317  dPhi(Nx/2)(Ny/2)(Nz/2): 0.0363919 Phi A: 0.0221524 Phi B: 0.939797 Phi I: 5.82123e-52
Total charge: -2.78157e-20
etaHat: 124879
72  fE: -2.87839  dfE: 0.0200538  dW: 0.219441  dPhi(Nx/2)(Ny/2)(Nz/2): 0.0323335 Phi A: 0.0222526 Phi B: 0.94385 Phi I: 5.82126e-52
Total charge: -2.7966e-20
etaHat: 124879
73  fE: -2.86696  dfE: 0.0114246  dW: 0.278673  dPhi(Nx/2)(Ny/2)(Nz/2): 0.0270482 Phi A: 0.0223728 Phi B: 0.949118 Phi I: 5.82129e-52
Total charge: -2.8128e-20
etaHat: 124879
74  fE: -2.8639  dfE: 0.00306614  dW: 0.315343  dPhi(Nx/2)(Ny/2)(Nz/2): 0.0209045 Phi A: 0.0225024 Phi B: 0.955243 Phi I: 5.82132e-52
Total charge: -2.8289e-20
etaHat: 124879
75  fE: -2.86861  dfE: 0.00470937  dW: 0.32997  dPhi(Nx/2)(Ny/2)(Nz/2): 0.0142803 Phi A: 0.0226312 Phi B: 0.961855 Phi I: 5.82136e-52
Total charge: -2.84373e-20
etaHat: 124879
76  fE: -2.88022  dfE: 0.011614  dW: 0.324093  dPhi(Nx/2)(Ny/2)(Nz/2): 0.00754693 Phi A: 0.0227498 Phi B: 0.968592 Phi I: 5.8214e-52
Total charge: -2.85632e-20
etaHat: 124879
77  fE: -2.89762  dfE: 0.0173951  dW: 0.300118  dPhi(Nx/2)(Ny/2)(Nz/2): 0.00105193 Phi A: 0.0228506 Phi B: 0.975113 Phi I: 5.82143e-52
Total charge: -2.86591e-20
etaHat: 124879
78  fE: -2.91947  dfE: 0.0218503  dW: 0.261135  dPhi(Nx/2)(Ny/2)(Nz/2): -0.00489661 Phi A: 0.0229273 Phi B: 0.981114 Phi I: 5.82147e-52
Total charge: -2.87195e-20
etaHat: 124879
79  fE: -2.94431  dfE: 0.0248437  dW: 0.210983  dPhi(Nx/2)(Ny/2)(Nz/2): -0.0100436 Phi A: 0.0229756 Phi B: 0.986343 Phi I: 5.8215e-52
Total charge: -2.87417e-20
etaHat: 124879
80  fE: -2.97063  dfE: 0.0263185  dW: 0.160952  dPhi(Nx/2)(Ny/2)(Nz/2): -0.0141974 Phi A: 0.0229934 Phi B: 0.990608 Phi I: 5.82152e-52
Saving data . . .
Total charge: -2.87255e-20
etaHat: 124879
81  fE: -2.99693  dfE: 0.0263049  dW: 0.131198  dPhi(Nx/2)(Ny/2)(Nz/2): -0.017236 Phi A: 0.0229804 Phi B: 0.993787 Phi I: 5.82154e-52
Total charge: -2.86728e-20
etaHat: 124879
82  fE: -3.02185  dfE: 0.0249191  dW: 0.110098  dPhi(Nx/2)(Ny/2)(Nz/2): -0.0191083 Phi A: 0.0229383 Phi B: 0.995824 Phi I: 5.82155e-52
Total charge: -2.85877e-20
etaHat: 124879
83  fE: -3.04421  dfE: 0.0223534  dW: 0.090582  dPhi(Nx/2)(Ny/2)(Nz/2): -0.0198314 Phi A: 0.0228701 Phi B: 0.996732 Phi I: 5.82155e-52
Total charge: -2.84754e-20
etaHat: 124879
84  fE: -3.06306  dfE: 0.0188588  dW: 0.094314  dPhi(Nx/2)(Ny/2)(Nz/2): -0.0194825 Phi A: 0.0227803 Phi B: 0.996583 Phi I: 5.82155e-52
Total charge: -2.83425e-20
etaHat: 124879
85  fE: -3.07779  dfE: 0.0147227  dW: 0.129165  dPhi(Nx/2)(Ny/2)(Nz/2): -0.0181888 Phi A: 0.022674 Phi B: 0.995497 Phi I: 5.82154e-52
Total charge: -2.81957e-20
etaHat: 124879
86  fE: -3.08803  dfE: 0.0102443  dW: 0.164387  dPhi(Nx/2)(Ny/2)(Nz/2): -0.0161145 Phi A: 0.0225566 Phi B: 0.993633 Phi I: 5.82153e-52
Total charge: -2.80421e-20
etaHat: 124879
87  fE: -3.09374  dfE: 0.00571082  dW: 0.189646  dPhi(Nx/2)(Ny/2)(Nz/2): -0.0134473 Phi A: 0.0224337 Phi B: 0.991172 Phi I: 5.82151e-52
Total charge: -2.7888e-20
etaHat: 124879
88  fE: -3.09512  dfE: 0.001379  dW: 0.204296  dPhi(Nx/2)(Ny/2)(Nz/2): -0.0103851 Phi A: 0.0223104 Phi B: 0.988307 Phi I: 5.8215e-52
Total charge: -2.77394e-20
etaHat: 124879
89  fE: -3.09258  dfE: 0.00253909  dW: 0.208672  dPhi(Nx/2)(Ny/2)(Nz/2): -0.00712386 Phi A: 0.0221915 Phi B: 0.985228 Phi I: 5.82148e-52
Total charge: -2.76012e-20
etaHat: 124879
90  fE: -3.0867  dfE: 0.00588354  dW: 0.203593  dPhi(Nx/2)(Ny/2)(Nz/2): -0.00384735 Phi A: 0.022081 Phi B: 0.982116 Phi I: 5.82146e-52
Saving data . . .
Total charge: -2.74774e-20
etaHat: 124879
91  fE: -3.07815  dfE: 0.00854861  dW: 0.190262  dPhi(Nx/2)(Ny/2)(Nz/2): -0.000719196 Phi A: 0.0219819 Phi B: 0.979131 Phi I: 5.82144e-52
Total charge: -2.73707e-20
etaHat: 124879
92  fE: -3.06767  dfE: 0.0104803  dW: 0.170165  dPhi(Nx/2)(Ny/2)(Nz/2): 0.00212295 Phi A: 0.0218965 Phi B: 0.976409 Phi I: 5.82142e-52
Total charge: -2.72829e-20
etaHat: 124879
93  fE: -3.056  dfE: 0.0116707  dW: 0.14496  dPhi(Nx/2)(Ny/2)(Nz/2): 0.00457101 Phi A: 0.0218263 Phi B: 0.974057 Phi I: 5.82141e-52
Total charge: -2.72147e-20
etaHat: 124879
94  fE: -3.04385  dfE: 0.0121504  dW: 0.11638  dPhi(Nx/2)(Ny/2)(Nz/2): 0.00654808 Phi A: 0.0217718 Phi B: 0.972153 Phi I: 5.82139e-52
Total charge: -2.71659e-20
etaHat: 124879
95  fE: -3.03187  dfE: 0.0119809  dW: 0.0861468  dPhi(Nx/2)(Ny/2)(Nz/2): 0.00800837 Phi A: 0.0217328 Phi B: 0.970742 Phi I: 5.82138e-52
Total charge: -2.71355e-20
etaHat: 124879
96  fE: -3.02062  dfE: 0.011246  dW: 0.056203  dPhi(Nx/2)(Ny/2)(Nz/2): 0.0089357 Phi A: 0.0217084 Phi B: 0.969842 Phi I: 5.82138e-52
Total charge: -2.71216e-20
etaHat: 124879
97  fE: -3.01058  dfE: 0.0100448  dW: 0.0315292  dPhi(Nx/2)(Ny/2)(Nz/2): 0.00934096 Phi A: 0.0216973 Phi B: 0.969444 Phi I: 5.82137e-52
Total charge: -2.71221e-20
etaHat: 124879
98  fE: -3.00209  dfE: 0.00848569  dW: 0.021649  dPhi(Nx/2)(Ny/2)(Nz/2): 0.00925866 Phi A: 0.0216976 Phi B: 0.969517 Phi I: 5.82137e-52
Total charge: -2.71341e-20
etaHat: 124879
99  fE: -2.99541  dfE: 0.00668018  dW: 0.0280439  dPhi(Nx/2)(Ny/2)(Nz/2): 0.00874287 Phi A: 0.0217073 Phi B: 0.970008 Phi I: 5.82137e-52
Total charge: -2.71548e-20
etaHat: 124879
100  fE: -2.99067  dfE: 0.00473866  dW: 0.0415604  dPhi(Nx/2)(Ny/2)(Nz/2): 0.00786277 Phi A: 0.0217239 Phi B: 0.970852 Phi I: 5.82138e-52
Saving data . . .
Total charge: -2.71813e-20
etaHat: 124879
101  fE: -2.98791  dfE: 0.00276621  dW: 0.0540723  dPhi(Nx/2)(Ny/2)(Nz/2): 0.00669798 Phi A: 0.021745 Phi B: 0.971972 Phi I: 5.82138e-52
Total charge: -2.72105e-20
etaHat: 124879
102  fE: -2.98705  dfE: 0.000859056  dW: 0.0625519  dPhi(Nx/2)(Ny/2)(Nz/2): 0.00533382 Phi A: 0.0217684 Phi B: 0.973285 Phi I: 5.82139e-52
Total charge: -2.72399e-20
etaHat: 124879
103  fE: -2.98795  dfE: 0.000898404  dW: 0.0664258  dPhi(Nx/2)(Ny/2)(Nz/2): 0.00385678 Phi A: 0.0217919 Phi B: 0.974708 Phi I: 5.8214e-52
Total charge: -2.72669e-20
etaHat: 124879
104  fE: -2.99038  dfE: 0.00243618  dW: 0.0659544  dPhi(Nx/2)(Ny/2)(Nz/2): 0.00235024 Phi A: 0.0218135 Phi B: 0.97616 Phi I: 5.82141e-52
Total charge: -2.72896e-20
etaHat: 124879
105  fE: -2.99408  dfE: 0.00370064  dW: 0.0617749  dPhi(Nx/2)(Ny/2)(Nz/2): 0.000890776 Phi A: 0.0218317 Phi B: 0.977566 Phi I: 5.82141e-52
Total charge: -2.73064e-20
etaHat: 124879
106  fE: -2.99874  dfE: 0.00465585  dW: 0.0548903  dPhi(Nx/2)(Ny/2)(Nz/2): -0.000455012 Phi A: 0.0218451 Phi B: 0.978862 Phi I: 5.82142e-52
Total charge: -2.73162e-20
etaHat: 124879
107  fE: -3.00402  dfE: 0.00528403  dW: 0.0467517  dPhi(Nx/2)(Ny/2)(Nz/2): -0.00163282 Phi A: 0.021853 Phi B: 0.979995 Phi I: 5.82143e-52
Total charge: -2.73185e-20
etaHat: 124879
108  fE: -3.00961  dfE: 0.00558521  dW: 0.0388932  dPhi(Nx/2)(Ny/2)(Nz/2): -0.00260223 Phi A: 0.0218548 Phi B: 0.980924 Phi I: 5.82143e-52
Total charge: -2.73133e-20
etaHat: 124879
109  fE: -3.01518  dfE: 0.00557594  dW: 0.032495  dPhi(Nx/2)(Ny/2)(Nz/2): -0.00333736 Phi A: 0.0218506 Phi B: 0.981626 Phi I: 5.82144e-52
Total charge: -2.73008e-20
etaHat: 124879
110  fE: -3.02047  dfE: 0.00528716  dW: 0.0283907  dPhi(Nx/2)(Ny/2)(Nz/2): -0.00382678 Phi A: 0.0218406 Phi B: 0.982089 Phi I: 5.82144e-52
Saving data . . .
Total charge: -2.72817e-20
etaHat: 124879
111  fE: -3.02523  dfE: 0.00476139  dW: 0.0272118  dPhi(Nx/2)(Ny/2)(Nz/2): -0.00407264 Phi A: 0.0218254 Phi B: 0.982314 Phi I: 5.82144e-52
Total charge: -2.72571e-20
etaHat: 124879
112  fE: -3.02928  dfE: 0.0040494  dW: 0.0290446  dPhi(Nx/2)(Ny/2)(Nz/2): -0.00408915 Phi A: 0.0218057 Phi B: 0.982316 Phi I: 5.82144e-52
Total charge: -2.72281e-20
etaHat: 124879
113  fE: -3.03249  dfE: 0.00320667  dW: 0.033183  dPhi(Nx/2)(Ny/2)(Nz/2): -0.0039006 Phi A: 0.0217825 Phi B: 0.982118 Phi I: 5.82144e-52
Total charge: -2.71962e-20
etaHat: 124879
114  fE: -3.03478  dfE: 0.00228989  dW: 0.0381711  dPhi(Nx/2)(Ny/2)(Nz/2): -0.00353904 Phi A: 0.0217569 Phi B: 0.981752 Phi I: 5.82143e-52
Total charge: -2.71625e-20
etaHat: 124879
115  fE: -3.03613  dfE: 0.00135369  dW: 0.0425883  dPhi(Nx/2)(Ny/2)(Nz/2): -0.0030418 Phi A: 0.02173 Phi B: 0.981253 Phi I: 5.82143e-52
Total charge: -2.71286e-20
etaHat: 124879
116  fE: -3.03658  dfE: 0.000447853  dW: 0.0455083  dPhi(Nx/2)(Ny/2)(Nz/2): -0.00244903 Phi A: 0.0217029 Phi B: 0.980662 Phi I: 5.82143e-52
Total charge: -2.70955e-20
etaHat: 124879
117  fE: -3.0362  dfE: 0.000384818  dW: 0.0465334  dPhi(Nx/2)(Ny/2)(Nz/2): -0.00180131 Phi A: 0.0216764 Phi B: 0.980017 Phi I: 5.82142e-52
Total charge: -2.70644e-20
etaHat: 124879
118  fE: -3.03508  dfE: 0.00111003  dW: 0.045641  dPhi(Nx/2)(Ny/2)(Nz/2): -0.00113756 Phi A: 0.0216515 Phi B: 0.979358 Phi I: 5.82142e-52
Total charge: -2.70362e-20
etaHat: 124879
119  fE: -3.03338  dfE: 0.00170281  dW: 0.0430148  dPhi(Nx/2)(Ny/2)(Nz/2): -0.000493265 Phi A: 0.0216289 Phi B: 0.978718 Phi I: 5.82141e-52
Total charge: -2.70114e-20
etaHat: 124879
120  fE: -3.03123  dfE: 0.00214772  dW: 0.0389721  dPhi(Nx/2)(Ny/2)(Nz/2): 0.000100919 Phi A: 0.0216091 Phi B: 0.978128 Phi I: 5.82141e-52
Saving data . . .
Total charge: -2.69906e-20
etaHat: 124879
121  fE: -3.0288  dfE: 0.00243848  dW: 0.0339333  dPhi(Nx/2)(Ny/2)(Nz/2): 0.000620194 Phi A: 0.0215925 Phi B: 0.977613 Phi I: 5.82141e-52
Total charge: -2.6974e-20
etaHat: 124879
122  fE: -3.02622  dfE: 0.00257723  dW: 0.0284532  dPhi(Nx/2)(Ny/2)(Nz/2): 0.00104619 Phi A: 0.0215792 Phi B: 0.977189 Phi I: 5.8214e-52
Total charge: -2.69615e-20
etaHat: 124879
123  fE: -3.02365  dfE: 0.0025734  dW: 0.0232061  dPhi(Nx/2)(Ny/2)(Nz/2): 0.0013672 Phi A: 0.0215692 Phi B: 0.97687 Phi I: 5.8214e-52
Total charge: -2.69531e-20
etaHat: 124879
124  fE: -3.0212  dfE: 0.00244241  dW: 0.0188869  dPhi(Nx/2)(Ny/2)(Nz/2): 0.001578 Phi A: 0.0215624 Phi B: 0.97666 Phi I: 5.8214e-52
Total charge: -2.69482e-20
etaHat: 124879
125  fE: -3.019  dfE: 0.00220422  dW: 0.0159901  dPhi(Nx/2)(Ny/2)(Nz/2): 0.00167947 Phi A: 0.0215586 Phi B: 0.976559 Phi I: 5.8214e-52
Total charge: -2.69466e-20
etaHat: 124879
126  fE: -3.01712  dfE: 0.00188186  dW: 0.0145901  dPhi(Nx/2)(Ny/2)(Nz/2): 0.00167785 Phi A: 0.0215573 Phi B: 0.97656 Phi I: 5.8214e-52
Total charge: -2.69476e-20
etaHat: 124879
127  fE: -3.01562  dfE: 0.00150001  dW: 0.0144284  dPhi(Nx/2)(Ny/2)(Nz/2): 0.00158392 Phi A: 0.0215581 Phi B: 0.976653 Phi I: 5.8214e-52
Total charge: -2.69505e-20
etaHat: 124879
128  fE: -3.01453  dfE: 0.00108365  dW: 0.0150416  dPhi(Nx/2)(Ny/2)(Nz/2): 0.00141194 Phi A: 0.0215604 Phi B: 0.976824 Phi I: 5.8214e-52
Total charge: -2.69549e-20
etaHat: 124879
129  fE: -3.01388  dfE: 0.000656844  dW: 0.01595  dPhi(Nx/2)(Ny/2)(Nz/2): 0.00117862 Phi A: 0.0215639 Phi B: 0.977057 Phi I: 5.8214e-52
Total charge: -2.69599e-20
etaHat: 124879
130  fE: -3.01363  dfE: 0.000241678  dW: 0.0167473  dPhi(Nx/2)(Ny/2)(Nz/2): 0.000902053 Phi A: 0.0215679 Phi B: 0.977334 Phi I: 5.8214e-52
Saving data . . .
Total charge: -2.69651e-20
etaHat: 124879
131  fE: -3.01378  dfE: 0.000142564  dW: 0.0171765  dPhi(Nx/2)(Ny/2)(Nz/2): 0.000600626 Phi A: 0.0215721 Phi B: 0.977637 Phi I: 5.8214e-52
Total charge: -2.69699e-20
etaHat: 124879
132  fE: -3.01426  dfE: 0.000480064  dW: 0.0171372  dPhi(Nx/2)(Ny/2)(Nz/2): 0.000292125 Phi A: 0.021576 Phi B: 0.977947 Phi I: 5.82141e-52
Total charge: -2.69739e-20
etaHat: 124879
133  fE: -3.01502  dfE: 0.000758892  dW: 0.0166543  dPhi(Nx/2)(Ny/2)(Nz/2): -7.11857e-06 Phi A: 0.0215792 Phi B: 0.97825 Phi I: 5.82141e-52
Total charge: -2.69768e-20
etaHat: 124879
134  fE: -3.01599  dfE: 0.000971207  dW: 0.0158481  dPhi(Nx/2)(Ny/2)(Nz/2): -0.000282888 Phi A: 0.0215814 Phi B: 0.978531 Phi I: 5.82141e-52
Total charge: -2.69782e-20
etaHat: 124879
135  fE: -3.0171  dfE: 0.00111325  dW: 0.0148897  dPhi(Nx/2)(Ny/2)(Nz/2): -0.000523581 Phi A: 0.0215826 Phi B: 0.978779 Phi I: 5.82141e-52
Total charge: -2.69781e-20
etaHat: 124879
136  fE: -3.01829  dfE: 0.00118514  dW: 0.0139609  dPhi(Nx/2)(Ny/2)(Nz/2): -0.000720527 Phi A: 0.0215825 Phi B: 0.978984 Phi I: 5.82141e-52
Total charge: -2.69765e-20
etaHat: 124879
137  fE: -3.01948  dfE: 0.00119047  dW: 0.0132157  dPhi(Nx/2)(Ny/2)(Nz/2): -0.000868127 Phi A: 0.0215812 Phi B: 0.979141 Phi I: 5.82141e-52
Total charge: -2.69733e-20
etaHat: 124879
138  fE: -3.02061  dfE: 0.00113582  dW: 0.0127643  dPhi(Nx/2)(Ny/2)(Nz/2): -0.000963817 Phi A: 0.0215787 Phi B: 0.979247 Phi I: 5.82141e-52
Total charge: -2.69688e-20
etaHat: 124879
139  fE: -3.02164  dfE: 0.0010301  dW: 0.0126202  dPhi(Nx/2)(Ny/2)(Nz/2): -0.00100789 Phi A: 0.0215751 Phi B: 0.979303 Phi I: 5.82141e-52
Total charge: -2.69631e-20
etaHat: 124879
140  fE: -3.02253  dfE: 0.000883876  dW: 0.0127515  dPhi(Nx/2)(Ny/2)(Nz/2): -0.0010032 Phi A: 0.0215705 Phi B: 0.979311 Phi I: 5.82141e-52
Saving data . . .
Total charge: -2.69565e-20
etaHat: 124879
141  fE: -3.02323  dfE: 0.000708678  dW: 0.0130563  dPhi(Nx/2)(Ny/2)(Nz/2): -0.000954733 Phi A: 0.0215652 Phi B: 0.979275 Phi I: 5.82141e-52
Total charge: -2.69492e-20
etaHat: 124879
142  fE: -3.02375  dfE: 0.000516292  dW: 0.0134129  dPhi(Nx/2)(Ny/2)(Nz/2): -0.00086915 Phi A: 0.0215594 Phi B: 0.979203 Phi I: 5.82141e-52
Total charge: -2.69416e-20
etaHat: 124879
143  fE: -3.02407  dfE: 0.000318144  dW: 0.0137123  dPhi(Nx/2)(Ny/2)(Nz/2): -0.000754282 Phi A: 0.0215533 Phi B: 0.979101 Phi I: 5.82141e-52
Total charge: -2.69339e-20
etaHat: 124879
144  fE: -3.02419  dfE: 0.000124756  dW: 0.0138686  dPhi(Nx/2)(Ny/2)(Nz/2): -0.000618611 Phi A: 0.0215471 Phi B: 0.978979 Phi I: 5.82141e-52
Total charge: -2.69263e-20
etaHat: 124879
145  fE: -3.02414  dfE: 5.46922e-05  dW: 0.0138319  dPhi(Nx/2)(Ny/2)(Nz/2): -0.000470779 Phi A: 0.021541 Phi B: 0.978843 Phi I: 5.82141e-52
Total charge: -2.69191e-20
etaHat: 124879
146  fE: -3.02393  dfE: 0.000212691  dW: 0.0135849  dPhi(Nx/2)(Ny/2)(Nz/2): -0.00031914 Phi A: 0.0215353 Phi B: 0.978703 Phi I: 5.82141e-52
Total charge: -2.69126e-20
etaHat: 124879
147  fE: -3.02358  dfE: 0.000343596  dW: 0.0131488  dPhi(Nx/2)(Ny/2)(Nz/2): -0.00017137 Phi A: 0.02153 Phi B: 0.978566 Phi I: 5.82141e-52
Total charge: -2.69067e-20
etaHat: 124879
148  fE: -3.02314  dfE: 0.000443717  dW: 0.0125744  dPhi(Nx/2)(Ny/2)(Nz/2): -3.41604e-05 Phi A: 0.0215254 Phi B: 0.978439 Phi I: 5.82141e-52
Total charge: -2.69017e-20
etaHat: 124879
149  fE: -3.02263  dfE: 0.000511291  dW: 0.0119271  dPhi(Nx/2)(Ny/2)(Nz/2): 8.70169e-05 Phi A: 0.0215214 Phi B: 0.978326 Phi I: 5.8214e-52
Total charge: -2.68977e-20
etaHat: 124879
150  fE: -3.02208  dfE: 0.000546363  dW: 0.0112763  dPhi(Nx/2)(Ny/2)(Nz/2): 0.000188053 Phi A: 0.0215181 Phi B: 0.978233 Phi I: 5.8214e-52
Saving data . . .
Total charge: -2.68945e-20
etaHat: 124879
151  fE: -3.02153  dfE: 0.000550591  dW: 0.0106801  dPhi(Nx/2)(Ny/2)(Nz/2): 0.000266265 Phi A: 0.0215156 Phi B: 0.978162 Phi I: 5.8214e-52
Total charge: -2.68922e-20
etaHat: 124879
152  fE: -3.021  dfE: 0.000526991  dW: 0.0101856  dPhi(Nx/2)(Ny/2)(Nz/2): 0.000320382 Phi A: 0.0215137 Phi B: 0.978114 Phi I: 5.8214e-52
Total charge: -2.68907e-20
etaHat: 124879
153  fE: -3.02052  dfE: 0.000479643  dW: 0.0098114  dPhi(Nx/2)(Ny/2)(Nz/2): 0.000350459 Phi A: 0.0215125 Phi B: 0.978089 Phi I: 5.8214e-52
Total charge: -2.68899e-20
etaHat: 124879
154  fE: -3.02011  dfE: 0.000413379  dW: 0.00954994  dPhi(Nx/2)(Ny/2)(Nz/2): 0.000357741 Phi A: 0.0215119 Phi B: 0.978086 Phi I: 5.8214e-52
Total charge: -2.68897e-20
etaHat: 124879
155  fE: -3.01978  dfE: 0.00033346  dW: 0.00938404  dPhi(Nx/2)(Ny/2)(Nz/2): 0.000344476 Phi A: 0.0215117 Phi B: 0.978103 Phi I: 5.8214e-52
Total charge: -2.68899e-20
etaHat: 124879
156  fE: -3.01953  dfE: 0.000245276  dW: 0.00928417  dPhi(Nx/2)(Ny/2)(Nz/2): 0.000313702 Phi A: 0.021512 Phi B: 0.978138 Phi I: 5.8214e-52
Total charge: -2.68905e-20
etaHat: 124879
157  fE: -3.01938  dfE: 0.000154068  dW: 0.0092166  dPhi(Nx/2)(Ny/2)(Nz/2): 0.000269013 Phi A: 0.0215124 Phi B: 0.978186 Phi I: 5.8214e-52
Total charge: -2.68913e-20
etaHat: 124879
158  fE: -3.01931  dfE: 6.46795e-05  dW: 0.00915353  dPhi(Nx/2)(Ny/2)(Nz/2): 0.000214326 Phi A: 0.021513 Phi B: 0.978244 Phi I: 5.8214e-52
Total charge: -2.68921e-20
etaHat: 124879
159  fE: -3.01933  dfE: 1.86349e-05  dW: 0.00907422  dPhi(Nx/2)(Ny/2)(Nz/2): 0.000153652 Phi A: 0.0215137 Phi B: 0.978308 Phi I: 5.8214e-52
Total charge: -2.68929e-20
etaHat: 124879
160  fE: -3.01942  dfE: 9.23632e-05  dW: 0.008968  dPhi(Nx/2)(Ny/2)(Nz/2): 9.08878e-05 Phi A: 0.0215143 Phi B: 0.978374 Phi I: 5.8214e-52
Saving data . . .
Total charge: -2.68936e-20
etaHat: 124879
161  fE: -3.01958  dfE: 0.000153832  dW: 0.00883459  dPhi(Nx/2)(Ny/2)(Nz/2): 2.96364e-05 Phi A: 0.0215148 Phi B: 0.97844 Phi I: 5.8214e-52
Total charge: -2.6894e-20
etaHat: 124879
162  fE: -3.01978  dfE: 0.000201253  dW: 0.00868085  dPhi(Nx/2)(Ny/2)(Nz/2): -2.69451e-05 Phi A: 0.0215152 Phi B: 0.9785 Phi I: 5.8214e-52
Total charge: -2.68941e-20
etaHat: 124879
163  fE: -3.02001  dfE: 0.000233722  dW: 0.00851856  dPhi(Nx/2)(Ny/2)(Nz/2): -7.62543e-05 Phi A: 0.0215153 Phi B: 0.978555 Phi I: 5.8214e-52
Total charge: -2.68939e-20
etaHat: 124879
164  fE: -3.02026  dfE: 0.000251171  dW: 0.00835944  dPhi(Nx/2)(Ny/2)(Nz/2): -0.000116317 Phi A: 0.0215151 Phi B: 0.9786 Phi I: 5.82141e-52
Total charge: -2.68934e-20
etaHat: 124879
165  fE: -3.02052  dfE: 0.000254288  dW: 0.00821336  dPhi(Nx/2)(Ny/2)(Nz/2): -0.00014582 Phi A: 0.0215147 Phi B: 0.978635 Phi I: 5.82141e-52
Total charge: -2.68926e-20
etaHat: 124879
166  fE: -3.02076  dfE: 0.000244406  dW: 0.0080885  dPhi(Nx/2)(Ny/2)(Nz/2): -0.000164109 Phi A: 0.0215141 Phi B: 0.97866 Phi I: 5.82141e-52
Total charge: -2.68915e-20
etaHat: 124879
167  fE: -3.02099  dfE: 0.000223365  dW: 0.00798539  dPhi(Nx/2)(Ny/2)(Nz/2): -0.000171155 Phi A: 0.0215132 Phi B: 0.978673 Phi I: 5.82141e-52
Total charge: -2.68901e-20
etaHat: 124879
168  fE: -3.02118  dfE: 0.000193375  dW: 0.0079027  dPhi(Nx/2)(Ny/2)(Nz/2): -0.000167491 Phi A: 0.0215121 Phi B: 0.978676 Phi I: 5.82141e-52
Total charge: -2.68886e-20
etaHat: 124879
169  fE: -3.02134  dfE: 0.000156861  dW: 0.00783267  dPhi(Nx/2)(Ny/2)(Nz/2): -0.000154125 Phi A: 0.0215109 Phi B: 0.97867 Phi I: 5.82141e-52
Total charge: -2.68869e-20
etaHat: 124879
170  fE: -3.02145  dfE: 0.000116322  dW: 0.00776773  dPhi(Nx/2)(Ny/2)(Nz/2): -0.000132447 Phi A: 0.0215095 Phi B: 0.978656 Phi I: 5.82141e-52
Saving data . . .
Total charge: -2.68851e-20
etaHat: 124879
171  fE: -3.02153  dfE: 7.42e-05  dW: 0.00769997  dPhi(Nx/2)(Ny/2)(Nz/2): -0.000104117 Phi A: 0.0215081 Phi B: 0.978635 Phi I: 5.8214e-52
Total charge: -2.68833e-20
etaHat: 124879
172  fE: -3.02156  dfE: 3.2759e-05  dW: 0.00762302  dPhi(Nx/2)(Ny/2)(Nz/2): -7.09591e-05 Phi A: 0.0215067 Phi B: 0.97861 Phi I: 5.8214e-52
Total charge: -2.68816e-20
etaHat: 124879
173  fE: -3.02155  dfE: 6.00512e-06  dW: 0.00753328  dPhi(Nx/2)(Ny/2)(Nz/2): -3.4851e-05 Phi A: 0.0215053 Phi B: 0.978582 Phi I: 5.8214e-52
Total charge: -2.68799e-20
etaHat: 124879
174  fE: -3.02151  dfE: 4.04388e-05  dW: 0.00742988  dPhi(Nx/2)(Ny/2)(Nz/2): 2.37086e-06 Phi A: 0.0215039 Phi B: 0.978552 Phi I: 5.8214e-52
Total charge: -2.68784e-20
etaHat: 124879
175  fE: -3.02144  dfE: 6.92769e-05  dW: 0.00731421  dPhi(Nx/2)(Ny/2)(Nz/2): 3.8998e-05 Phi A: 0.0215027 Phi B: 0.978523 Phi I: 5.8214e-52
Total charge: -2.6877e-20
etaHat: 124879
176  fE: -3.02135  dfE: 9.16653e-05  dW: 0.00719011  dPhi(Nx/2)(Ny/2)(Nz/2): 7.35201e-05 Phi A: 0.0215016 Phi B: 0.978495 Phi I: 5.8214e-52
Total charge: -2.68758e-20
etaHat: 124879
177  fE: -3.02125  dfE: 0.000107161  dW: 0.00706177  dPhi(Nx/2)(Ny/2)(Nz/2): 0.000104678 Phi A: 0.0215006 Phi B: 0.978471 Phi I: 5.8214e-52
Total charge: -2.68748e-20
etaHat: 124879
178  fE: -3.02113  dfE: 0.000115709  dW: 0.00693316  dPhi(Nx/2)(Ny/2)(Nz/2): 0.000131499 Phi A: 0.0214998 Phi B: 0.97845 Phi I: 5.8214e-52
Total charge: -2.68739e-20
etaHat: 124879
179  fE: -3.02101  dfE: 0.000117608  dW: 0.00680779  dPhi(Nx/2)(Ny/2)(Nz/2): 0.000153315 Phi A: 0.0214992 Phi B: 0.978434 Phi I: 5.8214e-52
Total charge: -2.68733e-20
etaHat: 124879
180  fE: -3.0209  dfE: 0.000113456  dW: 0.00668925  dPhi(Nx/2)(Ny/2)(Nz/2): 0.000169761 Phi A: 0.0214987 Phi B: 0.978423 Phi I: 5.8214e-52
Saving data . . .
Total charge: -2.68729e-20
etaHat: 124879
181  fE: -3.02079  dfE: 0.000104089  dW: 0.00658058  dPhi(Nx/2)(Ny/2)(Nz/2): 0.000180763 Phi A: 0.0214983 Phi B: 0.978417 Phi I: 5.8214e-52
Total charge: -2.68726e-20
etaHat: 124879
182  fE: -3.0207  dfE: 9.05157e-05  dW: 0.00648168  dPhi(Nx/2)(Ny/2)(Nz/2): 0.000186508 Phi A: 0.0214981 Phi B: 0.978416 Phi I: 5.8214e-52
Total charge: -2.68725e-20
etaHat: 124879
183  fE: -3.02063  dfE: 7.38501e-05  dW: 0.00639133  dPhi(Nx/2)(Ny/2)(Nz/2): 0.00018741 Phi A: 0.021498 Phi B: 0.978419 Phi I: 5.8214e-52
Total charge: -2.68724e-20
etaHat: 124879
184  fE: -3.02058  dfE: 5.52431e-05  dW: 0.00630723  dPhi(Nx/2)(Ny/2)(Nz/2): 0.000184062 Phi A: 0.0214979 Phi B: 0.978426 Phi I: 5.8214e-52
Total charge: -2.68725e-20
etaHat: 124879
185  fE: -3.02054  dfE: 3.58227e-05  dW: 0.00622772  dPhi(Nx/2)(Ny/2)(Nz/2): 0.000177191 Phi A: 0.021498 Phi B: 0.978436 Phi I: 5.8214e-52
Total charge: -2.68725e-20
etaHat: 124879
186  fE: -3.02052  dfE: 1.664e-05  dW: 0.00615067  dPhi(Nx/2)(Ny/2)(Nz/2): 0.000167604 Phi A: 0.021498 Phi B: 0.978448 Phi I: 5.8214e-52
Total charge: -2.68726e-20
etaHat: 124879
187  fE: -3.02052  dfE: 1.37471e-06  dW: 0.00607455  dPhi(Nx/2)(Ny/2)(Nz/2): 0.000156143 Phi A: 0.0214981 Phi B: 0.978462 Phi I: 5.8214e-52
Total charge: -2.68727e-20
etaHat: 124879
188  fE: -3.02054  dfE: 1.74461e-05  dW: 0.00599837  dPhi(Nx/2)(Ny/2)(Nz/2): 0.000143638 Phi A: 0.0214982 Phi B: 0.978476 Phi I: 5.8214e-52
Total charge: -2.68728e-20
etaHat: 124879
189  fE: -3.02057  dfE: 3.09759e-05  dW: 0.00592184  dPhi(Nx/2)(Ny/2)(Nz/2): 0.000130866 Phi A: 0.0214983 Phi B: 0.97849 Phi I: 5.8214e-52
Total charge: -2.68729e-20
etaHat: 124879
190  fE: -3.02061  dfE: 4.15547e-05  dW: 0.00584528  dPhi(Nx/2)(Ny/2)(Nz/2): 0.000118521 Phi A: 0.0214983 Phi B: 0.978503 Phi I: 5.8214e-52
Saving data . . .
Total charge: -2.68728e-20
etaHat: 124879
191  fE: -3.02066  dfE: 4.89624e-05  dW: 0.00576946  dPhi(Nx/2)(Ny/2)(Nz/2): 0.000107187 Phi A: 0.0214983 Phi B: 0.978515 Phi I: 5.8214e-52
Total charge: -2.68727e-20
etaHat: 124879
192  fE: -3.02072  dfE: 5.31598e-05  dW: 0.00569512  dPhi(Nx/2)(Ny/2)(Nz/2): 9.73227e-05 Phi A: 0.0214982 Phi B: 0.978525 Phi I: 5.8214e-52
Total charge: -2.68726e-20
etaHat: 124879
193  fE: -3.02077  dfE: 5.42714e-05  dW: 0.00562276  dPhi(Nx/2)(Ny/2)(Nz/2): 8.92498e-05 Phi A: 0.0214981 Phi B: 0.978533 Phi I: 5.8214e-52
Total charge: -2.68724e-20
etaHat: 124879
194  fE: -3.02082  dfE: 5.25628e-05  dW: 0.00555278  dPhi(Nx/2)(Ny/2)(Nz/2): 8.31554e-05 Phi A: 0.0214979 Phi B: 0.978539 Phi I: 5.8214e-52
Total charge: -2.68721e-20
etaHat: 124879
195  fE: -3.02087  dfE: 4.84124e-05  dW: 0.00548549  dPhi(Nx/2)(Ny/2)(Nz/2): 7.9096e-05 Phi A: 0.0214977 Phi B: 0.978542 Phi I: 5.8214e-52
Total charge: -2.68718e-20
etaHat: 124879
196  fE: -3.02091  dfE: 4.22809e-05  dW: 0.00542047  dPhi(Nx/2)(Ny/2)(Nz/2): 7.70099e-05 Phi A: 0.0214974 Phi B: 0.978543 Phi I: 5.8214e-52
Total charge: -2.68714e-20
etaHat: 124879
197  fE: -3.02095  dfE: 3.46797e-05  dW: 0.0053571  dPhi(Nx/2)(Ny/2)(Nz/2): 7.67339e-05 Phi A: 0.0214971 Phi B: 0.978542 Phi I: 5.8214e-52
Total charge: -2.6871e-20
etaHat: 124879
198  fE: -3.02097  dfE: 2.61406e-05  dW: 0.00529498  dPhi(Nx/2)(Ny/2)(Nz/2): 7.80233e-05 Phi A: 0.0214968 Phi B: 0.978539 Phi I: 5.8214e-52
Total charge: -2.68706e-20
etaHat: 124879
199  fE: -3.02099  dfE: 1.71865e-05  dW: 0.00523368  dPhi(Nx/2)(Ny/2)(Nz/2): 8.05736e-05 Phi A: 0.0214965 Phi B: 0.978535 Phi I: 5.8214e-52
Total charge: -2.68702e-20
etaHat: 124879
200  fE: -3.021  dfE: 8.30686e-06  dW: 0.00517256  dPhi(Nx/2)(Ny/2)(Nz/2): 8.40438e-05 Phi A: 0.0214961 Phi B: 0.97853 Phi I: 5.8214e-52
Saving data . . .
Total charge: -2.68698e-20
etaHat: 124879
201  fE: -3.021  dfE: 6.37885e-08  dW: 0.00511122  dPhi(Nx/2)(Ny/2)(Nz/2): 8.80778e-05 Phi A: 0.0214958 Phi B: 0.978524 Phi I: 5.8214e-52
Total charge: -2.68694e-20
etaHat: 124879
202  fE: -3.02099  dfE: 7.56131e-06  dW: 0.00504949  dPhi(Nx/2)(Ny/2)(Nz/2): 9.23256e-05 Phi A: 0.0214955 Phi B: 0.978517 Phi I: 5.8214e-52
Total charge: -2.6869e-20
etaHat: 124879
203  fE: -3.02098  dfE: 1.3903e-05  dW: 0.00498734  dPhi(Nx/2)(Ny/2)(Nz/2): 9.64608e-05 Phi A: 0.0214952 Phi B: 0.978511 Phi I: 5.8214e-52
Total charge: -2.68687e-20
etaHat: 124879
204  fE: -3.02096  dfE: 1.88932e-05  dW: 0.00492511  dPhi(Nx/2)(Ny/2)(Nz/2): 0.000100196 Phi A: 0.0214949 Phi B: 0.978505 Phi I: 5.8214e-52
Total charge: -2.68684e-20
etaHat: 124879
205  fE: -3.02094  dfE: 2.2424e-05  dW: 0.00486315  dPhi(Nx/2)(Ny/2)(Nz/2): 0.000103295 Phi A: 0.0214947 Phi B: 0.9785 Phi I: 5.8214e-52
Total charge: -2.68681e-20
etaHat: 124879
206  fE: -3.02091  dfE: 2.44712e-05  dW: 0.00480181  dPhi(Nx/2)(Ny/2)(Nz/2): 0.000105577 Phi A: 0.0214945 Phi B: 0.978496 Phi I: 5.8214e-52
Total charge: -2.68679e-20
etaHat: 124879
207  fE: -3.02089  dfE: 2.50873e-05  dW: 0.00474142  dPhi(Nx/2)(Ny/2)(Nz/2): 0.000106925 Phi A: 0.0214943 Phi B: 0.978492 Phi I: 5.8214e-52
Total charge: -2.68677e-20
etaHat: 124879
208  fE: -3.02086  dfE: 2.43904e-05  dW: 0.00468211  dPhi(Nx/2)(Ny/2)(Nz/2): 0.000107284 Phi A: 0.0214942 Phi B: 0.97849 Phi I: 5.8214e-52
Total charge: -2.68676e-20
etaHat: 124879
209  fE: -3.02084  dfE: 2.25517e-05  dW: 0.00462404  dPhi(Nx/2)(Ny/2)(Nz/2): 0.000106657 Phi A: 0.0214941 Phi B: 0.978488 Phi I: 5.8214e-52
Total charge: -2.68675e-20
etaHat: 124879
210  fE: -3.02082  dfE: 1.97817e-05  dW: 0.00456734  dPhi(Nx/2)(Ny/2)(Nz/2): 0.000105102 Phi A: 0.021494 Phi B: 0.978488 Phi I: 5.8214e-52
Saving data . . .
Total charge: -2.68675e-20
etaHat: 124879
211  fE: -3.0208  dfE: 1.6315e-05  dW: 0.00451213  dPhi(Nx/2)(Ny/2)(Nz/2): 0.00010272 Phi A: 0.021494 Phi B: 0.978488 Phi I: 5.8214e-52
Total charge: -2.68674e-20
etaHat: 124879
212  fE: -3.02079  dfE: 1.23968e-05  dW: 0.00445842  dPhi(Nx/2)(Ny/2)(Nz/2): 9.96513e-05 Phi A: 0.0214939 Phi B: 0.97849 Phi I: 5.8214e-52
Total charge: -2.68674e-20
etaHat: 124879
213  fE: -3.02078  dfE: 8.26918e-06  dW: 0.00440599  dPhi(Nx/2)(Ny/2)(Nz/2): 9.60596e-05 Phi A: 0.0214939 Phi B: 0.978492 Phi I: 5.8214e-52
Total charge: -2.68674e-20
etaHat: 124879
214  fE: -3.02078  dfE: 4.15936e-06  dW: 0.00435461  dPhi(Nx/2)(Ny/2)(Nz/2): 9.2125e-05 Phi A: 0.0214939 Phi B: 0.978494 Phi I: 5.8214e-52
Total charge: -2.68674e-20
etaHat: 124879
215  fE: -3.02078  dfE: 2.70193e-07  dW: 0.00430419  dPhi(Nx/2)(Ny/2)(Nz/2): 8.80322e-05 Phi A: 0.0214939 Phi B: 0.978497 Phi I: 5.8214e-52
Total charge: -2.68674e-20
etaHat: 124879
216  fE: -3.02078  dfE: 3.22761e-06  dW: 0.0042546  dPhi(Nx/2)(Ny/2)(Nz/2): 8.3961e-05 Phi A: 0.0214939 Phi B: 0.9785 Phi I: 5.8214e-52
Total charge: -2.68674e-20
etaHat: 124879
217  fE: -3.02079  dfE: 6.20057e-06  dW: 0.00420583  dPhi(Nx/2)(Ny/2)(Nz/2): 8.00777e-05 Phi A: 0.0214939 Phi B: 0.978503 Phi I: 5.8214e-52
Total charge: -2.68674e-20
etaHat: 124879
218  fE: -3.0208  dfE: 8.55522e-06  dW: 0.00415786  dPhi(Nx/2)(Ny/2)(Nz/2): 7.65284e-05 Phi A: 0.0214939 Phi B: 0.978506 Phi I: 5.8214e-52
Total charge: -2.68674e-20
etaHat: 124879
219  fE: -3.02081  dfE: 1.02386e-05  dW: 0.00411072  dPhi(Nx/2)(Ny/2)(Nz/2): 7.34335e-05 Phi A: 0.0214939 Phi B: 0.978509 Phi I: 5.8214e-52
Total charge: -2.68674e-20
etaHat: 124879
220  fE: -3.02082  dfE: 1.12367e-05  dW: 0.00406443  dPhi(Nx/2)(Ny/2)(Nz/2): 7.08839e-05 Phi A: 0.0214939 Phi B: 0.978511 Phi I: 5.8214e-52
Saving data . . .
Total charge: -2.68673e-20
etaHat: 124879
221  fE: -3.02083  dfE: 1.15711e-05  dW: 0.00401899  dPhi(Nx/2)(Ny/2)(Nz/2): 6.89394e-05 Phi A: 0.0214939 Phi B: 0.978513 Phi I: 5.8214e-52
Total charge: -2.68673e-20
etaHat: 124879
222  fE: -3.02084  dfE: 1.12942e-05  dW: 0.00397437  dPhi(Nx/2)(Ny/2)(Nz/2): 6.76284e-05 Phi A: 0.0214938 Phi B: 0.978514 Phi I: 5.8214e-52
Total charge: -2.68672e-20
etaHat: 124879
223  fE: -3.02085  dfE: 1.04833e-05  dW: 0.00393052  dPhi(Nx/2)(Ny/2)(Nz/2): 6.69497e-05 Phi A: 0.0214938 Phi B: 0.978515 Phi I: 5.8214e-52
Total charge: -2.68671e-20
etaHat: 124879
224  fE: -3.02086  dfE: 9.23446e-06  dW: 0.00388742  dPhi(Nx/2)(Ny/2)(Nz/2): 6.68745e-05 Phi A: 0.0214937 Phi B: 0.978515 Phi I: 5.8214e-52
Total charge: -2.6867e-20
etaHat: 124879
225  fE: -3.02087  dfE: 7.65538e-06  dW: 0.00384499  dPhi(Nx/2)(Ny/2)(Nz/2): 6.73508e-05 Phi A: 0.0214936 Phi B: 0.978515 Phi I: 5.8214e-52
Total charge: -2.68669e-20
etaHat: 124879
226  fE: -3.02087  dfE: 5.85908e-06  dW: 0.00380312  dPhi(Nx/2)(Ny/2)(Nz/2): 6.83077e-05 Phi A: 0.0214935 Phi B: 0.978514 Phi I: 5.8214e-52
Total charge: -2.68668e-20
etaHat: 124879
227  fE: -3.02088  dfE: 3.95765e-06  dW: 0.00376179  dPhi(Nx/2)(Ny/2)(Nz/2): 6.96603e-05 Phi A: 0.0214935 Phi B: 0.978513 Phi I: 5.8214e-52
Total charge: -2.68667e-20
etaHat: 124879
228  fE: -3.02088  dfE: 2.05675e-06  dW: 0.00372095  dPhi(Nx/2)(Ny/2)(Nz/2): 7.13146e-05 Phi A: 0.0214934 Phi B: 0.978512 Phi I: 5.8214e-52
Total charge: -2.68666e-20
etaHat: 124879
229  fE: -3.02088  dfE: 2.51007e-07  dW: 0.00368054  dPhi(Nx/2)(Ny/2)(Nz/2): 7.31734e-05 Phi A: 0.0214933 Phi B: 0.978511 Phi I: 5.8214e-52
Total charge: -2.68665e-20
etaHat: 124879
230  fE: -3.02088  dfE: 1.37951e-06  dW: 0.00364056  dPhi(Nx/2)(Ny/2)(Nz/2): 7.514e-05 Phi A: 0.0214932 Phi B: 0.97851 Phi I: 5.8214e-52
Saving data . . .
Total charge: -2.68664e-20
etaHat: 124879
231  fE: -3.02088  dfE: 2.77181e-06  dW: 0.00360109  dPhi(Nx/2)(Ny/2)(Nz/2): 7.7123e-05 Phi A: 0.0214932 Phi B: 0.978508 Phi I: 5.8214e-52
Total charge: -2.68664e-20
etaHat: 124879
232  fE: -3.02087  dfE: 3.88131e-06  dW: 0.0035621  dPhi(Nx/2)(Ny/2)(Nz/2): 7.90398e-05 Phi A: 0.0214931 Phi B: 0.978507 Phi I: 5.8214e-52
Total charge: -2.68663e-20
etaHat: 124879
233  fE: -3.02087  dfE: 4.68216e-06  dW: 0.0035236  dPhi(Nx/2)(Ny/2)(Nz/2): 8.08192e-05 Phi A: 0.021493 Phi B: 0.978506 Phi I: 5.8214e-52
Total charge: -2.68662e-20
etaHat: 124879
234  fE: -3.02086  dfE: 5.16657e-06  dW: 0.00348565  dPhi(Nx/2)(Ny/2)(Nz/2): 8.24035e-05 Phi A: 0.021493 Phi B: 0.978505 Phi I: 5.8214e-52
Total charge: -2.68662e-20
etaHat: 124879
235  fE: -3.02086  dfE: 5.34332e-06  dW: 0.00344823  dPhi(Nx/2)(Ny/2)(Nz/2): 8.37492e-05 Phi A: 0.0214929 Phi B: 0.978504 Phi I: 5.8214e-52
Total charge: -2.68661e-20
etaHat: 124879
236  fE: -3.02085  dfE: 5.23559e-06  dW: 0.00341133  dPhi(Nx/2)(Ny/2)(Nz/2): 8.48278e-05 Phi A: 0.0214929 Phi B: 0.978504 Phi I: 5.8214e-52
Total charge: -2.68661e-20
etaHat: 124879
237  fE: -3.02085  dfE: 4.87834e-06  dW: 0.003375  dPhi(Nx/2)(Ny/2)(Nz/2): 8.56252e-05 Phi A: 0.0214929 Phi B: 0.978503 Phi I: 5.8214e-52
Total charge: -2.68661e-20
etaHat: 124879
238  fE: -3.02084  dfE: 4.3153e-06  dW: 0.00333928  dPhi(Nx/2)(Ny/2)(Nz/2): 8.61405e-05 Phi A: 0.0214929 Phi B: 0.978503 Phi I: 5.8214e-52
Total charge: -2.68661e-20
etaHat: 124879
239  fE: -3.02084  dfE: 3.59592e-06  dW: 0.00330413  dPhi(Nx/2)(Ny/2)(Nz/2): 8.63846e-05 Phi A: 0.0214928 Phi B: 0.978503 Phi I: 5.8214e-52
Total charge: -2.6866e-20
etaHat: 124879
240  fE: -3.02084  dfE: 2.77228e-06  dW: 0.0032695  dPhi(Nx/2)(Ny/2)(Nz/2): 8.63779e-05 Phi A: 0.0214928 Phi B: 0.978504 Phi I: 5.8214e-52
Saving data . . .
Total charge: -2.6866e-20
etaHat: 124879
241  fE: -3.02084  dfE: 1.89624e-06  dW: 0.00323536  dPhi(Nx/2)(Ny/2)(Nz/2): 8.61488e-05 Phi A: 0.0214928 Phi B: 0.978504 Phi I: 5.8214e-52
Total charge: -2.6866e-20
etaHat: 124879
242  fE: -3.02083  dfE: 1.01688e-06  dW: 0.00320172  dPhi(Nx/2)(Ny/2)(Nz/2): 8.57306e-05 Phi A: 0.0214928 Phi B: 0.978505 Phi I: 5.8214e-52
Total charge: -2.6866e-20
etaHat: 124879
243  fE: -3.02083  dfE: 1.78336e-07  dW: 0.00316859  dPhi(Nx/2)(Ny/2)(Nz/2): 8.51598e-05 Phi A: 0.0214928 Phi B: 0.978505 Phi I: 5.8214e-52
Total charge: -2.6866e-20
etaHat: 124879
244  fE: -3.02083  dfE: 5.81881e-07  dW: 0.00313594  dPhi(Nx/2)(Ny/2)(Nz/2): 8.44737e-05 Phi A: 0.0214928 Phi B: 0.978506 Phi I: 5.8214e-52
Total charge: -2.6866e-20
etaHat: 124879
245  fE: -3.02084  dfE: 1.23406e-06  dW: 0.00310376  dPhi(Nx/2)(Ny/2)(Nz/2): 8.37085e-05 Phi A: 0.0214928 Phi B: 0.978506 Phi I: 5.8214e-52
Total charge: -2.6866e-20
etaHat: 124879
246  fE: -3.02084  dfE: 1.75695e-06  dW: 0.00307204  dPhi(Nx/2)(Ny/2)(Nz/2): 8.28974e-05 Phi A: 0.0214928 Phi B: 0.978507 Phi I: 5.8214e-52
Total charge: -2.6866e-20
etaHat: 124879
247  fE: -3.02084  dfE: 2.13797e-06  dW: 0.00304077  dPhi(Nx/2)(Ny/2)(Nz/2): 8.20698e-05 Phi A: 0.0214928 Phi B: 0.978508 Phi I: 5.8214e-52
Total charge: -2.6866e-20
etaHat: 124879
248  fE: -3.02084  dfE: 2.37289e-06  dW: 0.00300994  dPhi(Nx/2)(Ny/2)(Nz/2): 8.12499e-05 Phi A: 0.0214928 Phi B: 0.978508 Phi I: 5.8214e-52
Total charge: -2.6866e-20
etaHat: 124879
249  fE: -3.02084  dfE: 2.46522e-06  dW: 0.00297954  dPhi(Nx/2)(Ny/2)(Nz/2): 8.04564e-05 Phi A: 0.0214928 Phi B: 0.978509 Phi I: 5.8214e-52
Total charge: -2.6866e-20
etaHat: 124879
250  fE: -3.02085  dfE: 2.42519e-06  dW: 0.00294954  dPhi(Nx/2)(Ny/2)(Nz/2): 7.9702e-05 Phi A: 0.0214928 Phi B: 0.978509 Phi I: 5.8214e-52
Saving data . . .
Total charge: -2.68659e-20
etaHat: 124879
251  fE: -3.02085  dfE: 2.26856e-06  dW: 0.00291996  dPhi(Nx/2)(Ny/2)(Nz/2): 7.89939e-05 Phi A: 0.0214928 Phi B: 0.978509 Phi I: 5.8214e-52
Total charge: -2.68659e-20
etaHat: 124879
252  fE: -3.02085  dfE: 2.01526e-06  dW: 0.00289076  dPhi(Nx/2)(Ny/2)(Nz/2): 7.8334e-05 Phi A: 0.0214927 Phi B: 0.978509 Phi I: 5.8214e-52
Total charge: -2.68659e-20
etaHat: 124879
253  fE: -3.02085  dfE: 1.68797e-06  dW: 0.00286194  dPhi(Nx/2)(Ny/2)(Nz/2): 7.77192e-05 Phi A: 0.0214927 Phi B: 0.978509 Phi I: 5.8214e-52
Total charge: -2.68659e-20
etaHat: 124879
254  fE: -3.02085  dfE: 1.31069e-06  dW: 0.00283349  dPhi(Nx/2)(Ny/2)(Nz/2): 7.7143e-05 Phi A: 0.0214927 Phi B: 0.978509 Phi I: 5.8214e-52
Total charge: -2.68659e-20
etaHat: 124879
255  fE: -3.02086  dfE: 9.07414e-07  dW: 0.0028054  dPhi(Nx/2)(Ny/2)(Nz/2): 7.65958e-05 Phi A: 0.0214927 Phi B: 0.978509 Phi I: 5.8214e-52
Total charge: -2.68658e-20
etaHat: 124879
256  fE: -3.02086  dfE: 5.00927e-07  dW: 0.00277767  dPhi(Nx/2)(Ny/2)(Nz/2): 7.60658e-05 Phi A: 0.0214927 Phi B: 0.978509 Phi I: 5.8214e-52
Total charge: -2.68658e-20
etaHat: 124879
257  fE: -3.02086  dfE: 1.11815e-07  dW: 0.00275028  dPhi(Nx/2)(Ny/2)(Nz/2): 7.55406e-05 Phi A: 0.0214926 Phi B: 0.978508 Phi I: 5.8214e-52
Total charge: -2.68658e-20
etaHat: 124879
258  fE: -3.02086  dfE: 2.42347e-07  dW: 0.00272323  dPhi(Nx/2)(Ny/2)(Nz/2): 7.50076e-05 Phi A: 0.0214926 Phi B: 0.978508 Phi I: 5.8214e-52
Total charge: -2.68658e-20
etaHat: 124879
259  fE: -3.02086  dfE: 5.47553e-07  dW: 0.00269651  dPhi(Nx/2)(Ny/2)(Nz/2): 7.4455e-05 Phi A: 0.0214926 Phi B: 0.978508 Phi I: 5.8214e-52
Total charge: -2.68657e-20
etaHat: 124879
260  fE: -3.02085  dfE: 7.93691e-07  dW: 0.0026701  dPhi(Nx/2)(Ny/2)(Nz/2): 7.38723e-05 Phi A: 0.0214926 Phi B: 0.978508 Phi I: 5.8214e-52
Saving data . . .
Total charge: -2.68657e-20
etaHat: 124879
261  fE: -3.02085  dfE: 9.74646e-07  dW: 0.00264402  dPhi(Nx/2)(Ny/2)(Nz/2): 7.32514e-05 Phi A: 0.0214926 Phi B: 0.978507 Phi I: 5.8214e-52
Total charge: -2.68657e-20
etaHat: 124879
262  fE: -3.02085  dfE: 1.08818e-06  dW: 0.00261825  dPhi(Nx/2)(Ny/2)(Nz/2): 7.25862e-05 Phi A: 0.0214926 Phi B: 0.978507 Phi I: 5.8214e-52
Total charge: -2.68657e-20
etaHat: 124879
263  fE: -3.02085  dfE: 1.13566e-06  dW: 0.00259281  dPhi(Nx/2)(Ny/2)(Nz/2): 7.18734e-05 Phi A: 0.0214926 Phi B: 0.978507 Phi I: 5.8214e-52
Total charge: -2.68657e-20
etaHat: 124879
264  fE: -3.02085  dfE: 1.12157e-06  dW: 0.00256771  dPhi(Nx/2)(Ny/2)(Nz/2): 7.11124e-05 Phi A: 0.0214925 Phi B: 0.978507 Phi I: 5.8214e-52
Total charge: -2.68657e-20
etaHat: 124879
265  fE: -3.02085  dfE: 1.05304e-06  dW: 0.00254293  dPhi(Nx/2)(Ny/2)(Nz/2): 7.0305e-05 Phi A: 0.0214925 Phi B: 0.978507 Phi I: 5.8214e-52
Total charge: -2.68657e-20
etaHat: 124879
266  fE: -3.02085  dfE: 9.39126e-07  dW: 0.00251847  dPhi(Nx/2)(Ny/2)(Nz/2): 6.94554e-05 Phi A: 0.0214925 Phi B: 0.978507 Phi I: 5.8214e-52
Total charge: -2.68657e-20
etaHat: 124879
267  fE: -3.02085  dfE: 7.9023e-07  dW: 0.00249433  dPhi(Nx/2)(Ny/2)(Nz/2): 6.85698e-05 Phi A: 0.0214925 Phi B: 0.978507 Phi I: 5.8214e-52
Total charge: -2.68657e-20
etaHat: 124879
268  fE: -3.02085  dfE: 6.17404e-07  dW: 0.00247049  dPhi(Nx/2)(Ny/2)(Nz/2): 6.76562e-05 Phi A: 0.0214925 Phi B: 0.978507 Phi I: 5.8214e-52
Total charge: -2.68657e-20
etaHat: 124879
269  fE: -3.02085  dfE: 4.31744e-07  dW: 0.00244697  dPhi(Nx/2)(Ny/2)(Nz/2): 6.67233e-05 Phi A: 0.0214925 Phi B: 0.978507 Phi I: 5.8214e-52
Total charge: -2.68656e-20
etaHat: 124879
270  fE: -3.02085  dfE: 2.43832e-07  dW: 0.00242375  dPhi(Nx/2)(Ny/2)(Nz/2): 6.57807e-05 Phi A: 0.0214925 Phi B: 0.978507 Phi I: 5.8214e-52
Saving data . . .
Total charge: -2.68656e-20
etaHat: 124879
271  fE: -3.02085  dfE: 6.32609e-08  dW: 0.00240082  dPhi(Nx/2)(Ny/2)(Nz/2): 6.48383e-05 Phi A: 0.0214925 Phi B: 0.978507 Phi I: 5.8214e-52
Total charge: -2.68656e-20
etaHat: 124879
272  fE: -3.02085  dfE: 1.01739e-07  dW: 0.00237817  dPhi(Nx/2)(Ny/2)(Nz/2): 6.39056e-05 Phi A: 0.0214925 Phi B: 0.978507 Phi I: 5.8214e-52
Total charge: -2.68656e-20
etaHat: 124879
273  fE: -3.02085  dfE: 2.4457e-07  dW: 0.00235581  dPhi(Nx/2)(Ny/2)(Nz/2): 6.29913e-05 Phi A: 0.0214925 Phi B: 0.978507 Phi I: 5.8214e-52
Total charge: -2.68656e-20
etaHat: 124879
274  fE: -3.02085  dfE: 3.60424e-07  dW: 0.00233372  dPhi(Nx/2)(Ny/2)(Nz/2): 6.21034e-05 Phi A: 0.0214925 Phi B: 0.978507 Phi I: 5.8214e-52
Total charge: -2.68656e-20
etaHat: 124879
275  fE: -3.02085  dfE: 4.46337e-07  dW: 0.00231189  dPhi(Nx/2)(Ny/2)(Nz/2): 6.12484e-05 Phi A: 0.0214925 Phi B: 0.978508 Phi I: 5.8214e-52
Total charge: -2.68656e-20
etaHat: 124879
276  fE: -3.02085  dfE: 5.01143e-07  dW: 0.00229034  dPhi(Nx/2)(Ny/2)(Nz/2): 6.04316e-05 Phi A: 0.0214925 Phi B: 0.978508 Phi I: 5.8214e-52
Total charge: -2.68656e-20
etaHat: 124879
277  fE: -3.02085  dfE: 5.25349e-07  dW: 0.00226906  dPhi(Nx/2)(Ny/2)(Nz/2): 5.96565e-05 Phi A: 0.0214925 Phi B: 0.978508 Phi I: 5.8214e-52
Total charge: -2.68656e-20
etaHat: 124879
278  fE: -3.02085  dfE: 5.20931e-07  dW: 0.00224804  dPhi(Nx/2)(Ny/2)(Nz/2): 5.89254e-05 Phi A: 0.0214925 Phi B: 0.978508 Phi I: 5.8214e-52
Total charge: -2.68656e-20
etaHat: 124879
279  fE: -3.02085  dfE: 4.91087e-07  dW: 0.00222727  dPhi(Nx/2)(Ny/2)(Nz/2): 5.82388e-05 Phi A: 0.0214925 Phi B: 0.978508 Phi I: 5.8214e-52
Total charge: -2.68656e-20
etaHat: 124879
280  fE: -3.02085  dfE: 4.39948e-07  dW: 0.00220675  dPhi(Nx/2)(Ny/2)(Nz/2): 5.75961e-05 Phi A: 0.0214925 Phi B: 0.978508 Phi I: 5.8214e-52
Saving data . . .
Total charge: -2.68656e-20
etaHat: 124879
281  fE: -3.02085  dfE: 3.72275e-07  dW: 0.00218647  dPhi(Nx/2)(Ny/2)(Nz/2): 5.69952e-05 Phi A: 0.0214925 Phi B: 0.978508 Phi I: 5.8214e-52
Total charge: -2.68656e-20
etaHat: 124879
282  fE: -3.02085  dfE: 2.93158e-07  dW: 0.00216644  dPhi(Nx/2)(Ny/2)(Nz/2): 5.64332e-05 Phi A: 0.0214925 Phi B: 0.978508 Phi I: 5.8214e-52
Total charge: -2.68656e-20
etaHat: 124879
283  fE: -3.02085  dfE: 2.07729e-07  dW: 0.00214663  dPhi(Nx/2)(Ny/2)(Nz/2): 5.59063e-05 Phi A: 0.0214925 Phi B: 0.978508 Phi I: 5.8214e-52
Total charge: -2.68656e-20
etaHat: 124879
284  fE: -3.02085  dfE: 1.20899e-07  dW: 0.00212707  dPhi(Nx/2)(Ny/2)(Nz/2): 5.54105e-05 Phi A: 0.0214925 Phi B: 0.978508 Phi I: 5.8214e-52
Total charge: -2.68656e-20
etaHat: 124879
285  fE: -3.02085  dfE: 3.71366e-08  dW: 0.00210774  dPhi(Nx/2)(Ny/2)(Nz/2): 5.4941e-05 Phi A: 0.0214925 Phi B: 0.978508 Phi I: 5.8214e-52
Total charge: -2.68656e-20
etaHat: 124879
286  fE: -3.02085  dfE: 3.9704e-08  dW: 0.00208863  dPhi(Nx/2)(Ny/2)(Nz/2): 5.44933e-05 Phi A: 0.0214925 Phi B: 0.978508 Phi I: 5.8214e-52
Total charge: -2.68656e-20
etaHat: 124879
287  fE: -3.02085  dfE: 1.06516e-07  dW: 0.00206975  dPhi(Nx/2)(Ny/2)(Nz/2): 5.40628e-05 Phi A: 0.0214925 Phi B: 0.978508 Phi I: 5.8214e-52
Total charge: -2.68656e-20
etaHat: 124879
288  fE: -3.02085  dfE: 1.61016e-07  dW: 0.00205109  dPhi(Nx/2)(Ny/2)(Nz/2): 5.36456e-05 Phi A: 0.0214925 Phi B: 0.978508 Phi I: 5.8214e-52
Total charge: -2.68656e-20
etaHat: 124879
289  fE: -3.02085  dfE: 2.0177e-07  dW: 0.00203263  dPhi(Nx/2)(Ny/2)(Nz/2): 5.32377e-05 Phi A: 0.0214925 Phi B: 0.978508 Phi I: 5.8214e-52
Total charge: -2.68656e-20
etaHat: 124879
290  fE: -3.02085  dfE: 2.28178e-07  dW: 0.0020144  dPhi(Nx/2)(Ny/2)(Nz/2): 5.28362e-05 Phi A: 0.0214925 Phi B: 0.978507 Phi I: 5.8214e-52
Saving data . . .
Total charge: -2.68656e-20
etaHat: 124879
291  fE: -3.02085  dfE: 2.40418e-07  dW: 0.00199638  dPhi(Nx/2)(Ny/2)(Nz/2): 5.24384e-05 Phi A: 0.0214924 Phi B: 0.978507 Phi I: 5.8214e-52
Total charge: -2.68656e-20
etaHat: 124879
292  fE: -3.02085  dfE: 2.39353e-07  dW: 0.00197858  dPhi(Nx/2)(Ny/2)(Nz/2): 5.20426e-05 Phi A: 0.0214924 Phi B: 0.978507 Phi I: 5.8214e-52
Total charge: -2.68656e-20
etaHat: 124879
293  fE: -3.02085  dfE: 2.26421e-07  dW: 0.00196098  dPhi(Nx/2)(Ny/2)(Nz/2): 5.16474e-05 Phi A: 0.0214924 Phi B: 0.978507 Phi I: 5.8214e-52
Total charge: -2.68656e-20
etaHat: 124879
294  fE: -3.02085  dfE: 2.03502e-07  dW: 0.00194359  dPhi(Nx/2)(Ny/2)(Nz/2): 5.12524e-05 Phi A: 0.0214924 Phi B: 0.978507 Phi I: 5.8214e-52
Total charge: -2.68655e-20
etaHat: 124879
295  fE: -3.02085  dfE: 1.72775e-07  dW: 0.00192639  dPhi(Nx/2)(Ny/2)(Nz/2): 5.08573e-05 Phi A: 0.0214924 Phi B: 0.978507 Phi I: 5.8214e-52
Total charge: -2.68655e-20
etaHat: 124879
296  fE: -3.02085  dfE: 1.36584e-07  dW: 0.0019094  dPhi(Nx/2)(Ny/2)(Nz/2): 5.04626e-05 Phi A: 0.0214924 Phi B: 0.978507 Phi I: 5.8214e-52
Total charge: -2.68655e-20
etaHat: 124879
297  fE: -3.02085  dfE: 9.73005e-08  dW: 0.00189261  dPhi(Nx/2)(Ny/2)(Nz/2): 5.00691e-05 Phi A: 0.0214924 Phi B: 0.978507 Phi I: 5.8214e-52
Total charge: -2.68655e-20
etaHat: 124879
298  fE: -3.02085  dfE: 5.72024e-08  dW: 0.00187602  dPhi(Nx/2)(Ny/2)(Nz/2): 4.96778e-05 Phi A: 0.0214924 Phi B: 0.978507 Phi I: 5.8214e-52
Total charge: -2.68655e-20
etaHat: 124879
299  fE: -3.02085  dfE: 1.83726e-08  dW: 0.00185961  dPhi(Nx/2)(Ny/2)(Nz/2): 4.92898e-05 Phi A: 0.0214924 Phi B: 0.978507 Phi I: 5.8214e-52
Total charge: -2.68655e-20
etaHat: 124879
300  fE: -3.02085  dfE: 1.73863e-08  dW: 0.0018434  dPhi(Nx/2)(Ny/2)(Nz/2): 4.89064e-05 Phi A: 0.0214924 Phi B: 0.978507 Phi I: 5.8214e-52
Saving data . . .
Total charge: -2.68655e-20
etaHat: 124879
301  fE: -3.02085  dfE: 4.86124e-08  dW: 0.00182736  dPhi(Nx/2)(Ny/2)(Nz/2): 4.85289e-05 Phi A: 0.0214924 Phi B: 0.978508 Phi I: 5.8214e-52
Total charge: -2.68655e-20
etaHat: 124879
302  fE: -3.02085  dfE: 7.4221e-08  dW: 0.0018115  dPhi(Nx/2)(Ny/2)(Nz/2): 4.81583e-05 Phi A: 0.0214924 Phi B: 0.978508 Phi I: 5.8214e-52
Total charge: -2.68655e-20
etaHat: 124879
303  fE: -3.02085  dfE: 9.35207e-08  dW: 0.00179583  dPhi(Nx/2)(Ny/2)(Nz/2): 4.77955e-05 Phi A: 0.0214924 Phi B: 0.978508 Phi I: 5.8214e-52
Total charge: -2.68655e-20
etaHat: 124879
304  fE: -3.02085  dfE: 1.06206e-07  dW: 0.00178033  dPhi(Nx/2)(Ny/2)(Nz/2): 4.74414e-05 Phi A: 0.0214924 Phi B: 0.978508 Phi I: 5.8214e-52
Total charge: -2.68655e-20
etaHat: 124879
305  fE: -3.02085  dfE: 1.12332e-07  dW: 0.001765  dPhi(Nx/2)(Ny/2)(Nz/2): 4.70963e-05 Phi A: 0.0214924 Phi B: 0.978508 Phi I: 5.8214e-52
Total charge: -2.68655e-20
etaHat: 124879
306  fE: -3.02085  dfE: 1.12276e-07  dW: 0.00174985  dPhi(Nx/2)(Ny/2)(Nz/2): 4.67604e-05 Phi A: 0.0214924 Phi B: 0.978508 Phi I: 5.8214e-52
Total charge: -2.68655e-20
etaHat: 124879
307  fE: -3.02085  dfE: 1.06682e-07  dW: 0.00173486  dPhi(Nx/2)(Ny/2)(Nz/2): 4.64337e-05 Phi A: 0.0214924 Phi B: 0.978508 Phi I: 5.8214e-52
Total charge: -2.68655e-20
etaHat: 124879
308  fE: -3.02085  dfE: 9.64054e-08  dW: 0.00172003  dPhi(Nx/2)(Ny/2)(Nz/2): 4.61159e-05 Phi A: 0.0214924 Phi B: 0.978508 Phi I: 5.8214e-52
Total charge: -2.68655e-20
etaHat: 124879
309  fE: -3.02085  dfE: 8.24441e-08  dW: 0.00170537  dPhi(Nx/2)(Ny/2)(Nz/2): 4.58065e-05 Phi A: 0.0214924 Phi B: 0.978508 Phi I: 5.8214e-52
Total charge: -2.68655e-20
etaHat: 124879
310  fE: -3.02085  dfE: 6.5876e-08  dW: 0.00169086  dPhi(Nx/2)(Ny/2)(Nz/2): 4.55047e-05 Phi A: 0.0214924 Phi B: 0.978508 Phi I: 5.8214e-52
Saving data . . .
Total charge: -2.68655e-20
etaHat: 124879
311  fE: -3.02085  dfE: 4.77971e-08  dW: 0.0016765  dPhi(Nx/2)(Ny/2)(Nz/2): 4.52097e-05 Phi A: 0.0214924 Phi B: 0.978508 Phi I: 5.8214e-52
Total charge: -2.68655e-20
etaHat: 124879
312  fE: -3.02085  dfE: 2.92643e-08  dW: 0.00166231  dPhi(Nx/2)(Ny/2)(Nz/2): 4.49206e-05 Phi A: 0.0214924 Phi B: 0.978508 Phi I: 5.8214e-52
Total charge: -2.68655e-20
etaHat: 124879
313  fE: -3.02085  dfE: 1.12475e-08  dW: 0.00164826  dPhi(Nx/2)(Ny/2)(Nz/2): 4.46363e-05 Phi A: 0.0214924 Phi B: 0.978508 Phi I: 5.8214e-52
Total charge: -2.68655e-20
etaHat: 124879
314  fE: -3.02085  dfE: 5.41036e-09  dW: 0.00163436  dPhi(Nx/2)(Ny/2)(Nz/2): 4.43559e-05 Phi A: 0.0214924 Phi B: 0.978508 Phi I: 5.8214e-52
Total charge: -2.68655e-20
etaHat: 124879
315  fE: -3.02085  dfE: 2.00213e-08  dW: 0.00162062  dPhi(Nx/2)(Ny/2)(Nz/2): 4.40783e-05 Phi A: 0.0214924 Phi B: 0.978508 Phi I: 5.8214e-52
Total charge: -2.68655e-20
etaHat: 124879
316  fE: -3.02085  dfE: 3.20711e-08  dW: 0.00160702  dPhi(Nx/2)(Ny/2)(Nz/2): 4.38028e-05 Phi A: 0.0214924 Phi B: 0.978508 Phi I: 5.8214e-52
Total charge: -2.68655e-20
etaHat: 124879
317  fE: -3.02085  dfE: 4.12267e-08  dW: 0.00159356  dPhi(Nx/2)(Ny/2)(Nz/2): 4.35285e-05 Phi A: 0.0214924 Phi B: 0.978508 Phi I: 5.8214e-52
Total charge: -2.68655e-20
etaHat: 124879
318  fE: -3.02085  dfE: 4.73332e-08  dW: 0.00158025  dPhi(Nx/2)(Ny/2)(Nz/2): 4.32546e-05 Phi A: 0.0214924 Phi B: 0.978508 Phi I: 5.8214e-52
Total charge: -2.68655e-20
etaHat: 124879
319  fE: -3.02085  dfE: 5.04046e-08  dW: 0.00156708  dPhi(Nx/2)(Ny/2)(Nz/2): 4.29808e-05 Phi A: 0.0214924 Phi B: 0.978508 Phi I: 5.8214e-52
Total charge: -2.68655e-20
etaHat: 124879
320  fE: -3.02085  dfE: 5.06039e-08  dW: 0.00155405  dPhi(Nx/2)(Ny/2)(Nz/2): 4.27065e-05 Phi A: 0.0214924 Phi B: 0.978508 Phi I: 5.8214e-52
Saving data . . .
Total charge: -2.68655e-20
etaHat: 124879
321  fE: -3.02085  dfE: 4.82204e-08  dW: 0.00154116  dPhi(Nx/2)(Ny/2)(Nz/2): 4.24315e-05 Phi A: 0.0214924 Phi B: 0.978508 Phi I: 5.8214e-52
Total charge: -2.68655e-20
etaHat: 124879
322  fE: -3.02085  dfE: 4.36421e-08  dW: 0.0015284  dPhi(Nx/2)(Ny/2)(Nz/2): 4.21557e-05 Phi A: 0.0214924 Phi B: 0.978508 Phi I: 5.8214e-52
Total charge: -2.68655e-20
etaHat: 124879
323  fE: -3.02085  dfE: 3.73258e-08  dW: 0.00151577  dPhi(Nx/2)(Ny/2)(Nz/2): 4.1879e-05 Phi A: 0.0214924 Phi B: 0.978508 Phi I: 5.8214e-52
Total charge: -2.68655e-20
etaHat: 124879
324  fE: -3.02085  dfE: 2.97673e-08  dW: 0.00150326  dPhi(Nx/2)(Ny/2)(Nz/2): 4.16015e-05 Phi A: 0.0214924 Phi B: 0.978508 Phi I: 5.8214e-52
Total charge: -2.68655e-20
etaHat: 124879
325  fE: -3.02085  dfE: 2.14728e-08  dW: 0.00149089  dPhi(Nx/2)(Ny/2)(Nz/2): 4.13234e-05 Phi A: 0.0214924 Phi B: 0.978508 Phi I: 5.8214e-52
Total charge: -2.68655e-20
etaHat: 124879
326  fE: -3.02085  dfE: 1.29326e-08  dW: 0.00147865  dPhi(Nx/2)(Ny/2)(Nz/2): 4.10449e-05 Phi A: 0.0214924 Phi B: 0.978508 Phi I: 5.8214e-52
Total charge: -2.68655e-20
etaHat: 124879
327  fE: -3.02085  dfE: 4.59798e-09  dW: 0.00146654  dPhi(Nx/2)(Ny/2)(Nz/2): 4.07663e-05 Phi A: 0.0214924 Phi B: 0.978508 Phi I: 5.8214e-52
Total charge: -2.68655e-20
etaHat: 124879
328  fE: -3.02085  dfE: 3.13673e-09  dW: 0.00145454  dPhi(Nx/2)(Ny/2)(Nz/2): 4.04878e-05 Phi A: 0.0214924 Phi B: 0.978508 Phi I: 5.8214e-52
Total charge: -2.68655e-20
etaHat: 124879
329  fE: -3.02085  dfE: 9.94826e-09  dW: 0.00144268  dPhi(Nx/2)(Ny/2)(Nz/2): 4.02098e-05 Phi A: 0.0214924 Phi B: 0.978508 Phi I: 5.8214e-52
Total charge: -2.68655e-20
etaHat: 124879
330  fE: -3.02085  dfE: 1.55929e-08  dW: 0.00143094  dPhi(Nx/2)(Ny/2)(Nz/2): 3.99324e-05 Phi A: 0.0214924 Phi B: 0.978508 Phi I: 5.8214e-52
Saving data . . .
Total charge: -2.68655e-20
etaHat: 124879
331  fE: -3.02085  dfE: 1.99102e-08  dW: 0.00141931  dPhi(Nx/2)(Ny/2)(Nz/2): 3.9656e-05 Phi A: 0.0214924 Phi B: 0.978508 Phi I: 5.8214e-52
Total charge: -2.68655e-20
etaHat: 124879
332  fE: -3.02085  dfE: 2.28229e-08  dW: 0.0014078  dPhi(Nx/2)(Ny/2)(Nz/2): 3.93807e-05 Phi A: 0.0214924 Phi B: 0.978508 Phi I: 5.8214e-52
Total charge: -2.68655e-20
etaHat: 124879
333  fE: -3.02085  dfE: 2.43315e-08  dW: 0.0013964  dPhi(Nx/2)(Ny/2)(Nz/2): 3.91067e-05 Phi A: 0.0214924 Phi B: 0.978508 Phi I: 5.8214e-52
Total charge: -2.68655e-20
etaHat: 124879
334  fE: -3.02085  dfE: 2.45064e-08  dW: 0.00138512  dPhi(Nx/2)(Ny/2)(Nz/2): 3.88341e-05 Phi A: 0.0214924 Phi B: 0.978508 Phi I: 5.8214e-52
Total charge: -2.68655e-20
etaHat: 124879
335  fE: -3.02085  dfE: 2.34772e-08  dW: 0.00137395  dPhi(Nx/2)(Ny/2)(Nz/2): 3.8563e-05 Phi A: 0.0214924 Phi B: 0.978508 Phi I: 5.8214e-52
Total charge: -2.68655e-20
etaHat: 124879
336  fE: -3.02085  dfE: 2.14198e-08  dW: 0.0013629  dPhi(Nx/2)(Ny/2)(Nz/2): 3.82934e-05 Phi A: 0.0214924 Phi B: 0.978508 Phi I: 5.8214e-52
Total charge: -2.68655e-20
etaHat: 124879
337  fE: -3.02085  dfE: 1.85432e-08  dW: 0.00135195  dPhi(Nx/2)(Ny/2)(Nz/2): 3.80252e-05 Phi A: 0.0214924 Phi B: 0.978508 Phi I: 5.8214e-52
Total charge: -2.68655e-20
etaHat: 124879
338  fE: -3.02085  dfE: 1.50756e-08  dW: 0.00134112  dPhi(Nx/2)(Ny/2)(Nz/2): 3.77585e-05 Phi A: 0.0214924 Phi B: 0.978508 Phi I: 5.8214e-52
Total charge: -2.68655e-20
etaHat: 124879
339  fE: -3.02085  dfE: 1.12506e-08  dW: 0.00133039  dPhi(Nx/2)(Ny/2)(Nz/2): 3.74932e-05 Phi A: 0.0214924 Phi B: 0.978508 Phi I: 5.8214e-52
Total charge: -2.68655e-20
etaHat: 124879
340  fE: -3.02085  dfE: 7.29535e-09  dW: 0.00131977  dPhi(Nx/2)(Ny/2)(Nz/2): 3.72291e-05 Phi A: 0.0214924 Phi B: 0.978508 Phi I: 5.8214e-52
Saving data . . .
Total charge: -2.68655e-20
etaHat: 124879
341  fE: -3.02085  dfE: 3.42009e-09  dW: 0.00130926  dPhi(Nx/2)(Ny/2)(Nz/2): 3.69663e-05 Phi A: 0.0214924 Phi B: 0.978508 Phi I: 5.8214e-52
Total charge: -2.68655e-20
etaHat: 124879
342  fE: -3.02085  dfE: 1.90933e-10  dW: 0.00129885  dPhi(Nx/2)(Ny/2)(Nz/2): 3.67046e-05 Phi A: 0.0214924 Phi B: 0.978508 Phi I: 5.8214e-52
Total charge: -2.68655e-20
etaHat: 124879
343  fE: -3.02085  dfE: 3.38583e-09  dW: 0.00128854  dPhi(Nx/2)(Ny/2)(Nz/2): 3.64439e-05 Phi A: 0.0214924 Phi B: 0.978508 Phi I: 5.8214e-52
Total charge: -2.68655e-20
etaHat: 124879
344  fE: -3.02085  dfE: 6.04919e-09  dW: 0.00127833  dPhi(Nx/2)(Ny/2)(Nz/2): 3.61842e-05 Phi A: 0.0214924 Phi B: 0.978508 Phi I: 5.8214e-52
Total charge: -2.68655e-20
etaHat: 124879
345  fE: -3.02085  dfE: 8.10391e-09  dW: 0.00126821  dPhi(Nx/2)(Ny/2)(Nz/2): 3.59255e-05 Phi A: 0.0214924 Phi B: 0.978508 Phi I: 5.8214e-52
Total charge: -2.68655e-20
etaHat: 124879
346  fE: -3.02085  dfE: 9.51159e-09  dW: 0.00125819  dPhi(Nx/2)(Ny/2)(Nz/2): 3.56678e-05 Phi A: 0.0214924 Phi B: 0.978508 Phi I: 5.8214e-52
Total charge: -2.68655e-20
etaHat: 124879
347  fE: -3.02085  dfE: 1.02697e-08  dW: 0.00124827  dPhi(Nx/2)(Ny/2)(Nz/2): 3.54111e-05 Phi A: 0.0214924 Phi B: 0.978508 Phi I: 5.8214e-52
Total charge: -2.68655e-20
etaHat: 124879
348  fE: -3.02085  dfE: 1.04084e-08  dW: 0.00123845  dPhi(Nx/2)(Ny/2)(Nz/2): 3.51555e-05 Phi A: 0.0214924 Phi B: 0.978508 Phi I: 5.8214e-52
Total charge: -2.68655e-20
etaHat: 124879
349  fE: -3.02085  dfE: 9.98574e-09  dW: 0.00122872  dPhi(Nx/2)(Ny/2)(Nz/2): 3.4901e-05 Phi A: 0.0214924 Phi B: 0.978508 Phi I: 5.8214e-52
Total charge: -2.68655e-20
etaHat: 124879
350  fE: -3.02085  dfE: 9.08148e-09  dW: 0.00121909  dPhi(Nx/2)(Ny/2)(Nz/2): 3.46478e-05 Phi A: 0.0214924 Phi B: 0.978508 Phi I: 5.8214e-52
Saving data . . .
Total charge: -2.68655e-20
etaHat: 124879
351  fE: -3.02085  dfE: 7.79113e-09  dW: 0.00120955  dPhi(Nx/2)(Ny/2)(Nz/2): 3.4396e-05 Phi A: 0.0214924 Phi B: 0.978508 Phi I: 5.8214e-52
Total charge: -2.68655e-20
etaHat: 124879
352  fE: -3.02085  dfE: 6.21947e-09  dW: 0.00120011  dPhi(Nx/2)(Ny/2)(Nz/2): 3.41458e-05 Phi A: 0.0214924 Phi B: 0.978508 Phi I: 5.8214e-52
Total charge: -2.68655e-20
etaHat: 124879
353  fE: -3.02085  dfE: 4.47449e-09  dW: 0.00119076  dPhi(Nx/2)(Ny/2)(Nz/2): 3.38972e-05 Phi A: 0.0214924 Phi B: 0.978508 Phi I: 5.8214e-52
Total charge: -2.68655e-20
etaHat: 124879
354  fE: -3.02085  dfE: 2.66151e-09  dW: 0.0011815  dPhi(Nx/2)(Ny/2)(Nz/2): 3.36505e-05 Phi A: 0.0214924 Phi B: 0.978508 Phi I: 5.8214e-52
Total charge: -2.68655e-20
etaHat: 124879
355  fE: -3.02085  dfE: 8.78172e-10  dW: 0.00117232  dPhi(Nx/2)(Ny/2)(Nz/2): 3.34058e-05 Phi A: 0.0214924 Phi B: 0.978508 Phi I: 5.8214e-52
Total charge: -2.68655e-20
etaHat: 124879
356  fE: -3.02085  dfE: 7.89317e-10  dW: 0.00116324  dPhi(Nx/2)(Ny/2)(Nz/2): 3.31633e-05 Phi A: 0.0214924 Phi B: 0.978508 Phi I: 5.8214e-52
Total charge: -2.68655e-20
etaHat: 124879
357  fE: -3.02085  dfE: 2.26965e-09  dW: 0.00115423  dPhi(Nx/2)(Ny/2)(Nz/2): 3.2923e-05 Phi A: 0.0214924 Phi B: 0.978508 Phi I: 5.8214e-52
Total charge: -2.68655e-20
etaHat: 124879
358  fE: -3.02085  dfE: 3.50822e-09  dW: 0.00114532  dPhi(Nx/2)(Ny/2)(Nz/2): 3.26852e-05 Phi A: 0.0214924 Phi B: 0.978508 Phi I: 5.8214e-52
Total charge: -2.68655e-20
etaHat: 124879
359  fE: -3.02085  dfE: 4.46807e-09  dW: 0.00113648  dPhi(Nx/2)(Ny/2)(Nz/2): 3.24498e-05 Phi A: 0.0214924 Phi B: 0.978508 Phi I: 5.8214e-52
Total charge: -2.68655e-20
etaHat: 124879
360  fE: -3.02085  dfE: 5.13003e-09  dW: 0.00112774  dPhi(Nx/2)(Ny/2)(Nz/2): 3.2217e-05 Phi A: 0.0214924 Phi B: 0.978508 Phi I: 5.8214e-52
Saving data . . .
Total charge: -2.68655e-20
etaHat: 124879
361  fE: -3.02085  dfE: 5.49197e-09  dW: 0.00111907  dPhi(Nx/2)(Ny/2)(Nz/2): 3.19869e-05 Phi A: 0.0214924 Phi B: 0.978508 Phi I: 5.8214e-52
Total charge: -2.68655e-20
etaHat: 124879
362  fE: -3.02085  dfE: 5.56646e-09  dW: 0.00111049  dPhi(Nx/2)(Ny/2)(Nz/2): 3.17594e-05 Phi A: 0.0214924 Phi B: 0.978508 Phi I: 5.8214e-52
Total charge: -2.68655e-20
etaHat: 124879
363  fE: -3.02085  dfE: 5.37949e-09  dW: 0.00110199  dPhi(Nx/2)(Ny/2)(Nz/2): 3.15346e-05 Phi A: 0.0214924 Phi B: 0.978508 Phi I: 5.8214e-52
Total charge: -2.68655e-20
etaHat: 124879
364  fE: -3.02085  dfE: 4.96728e-09  dW: 0.00109358  dPhi(Nx/2)(Ny/2)(Nz/2): 3.13125e-05 Phi A: 0.0214924 Phi B: 0.978508 Phi I: 5.8214e-52
Total charge: -2.68655e-20
etaHat: 124879
365  fE: -3.02085  dfE: 4.3733e-09  dW: 0.00108524  dPhi(Nx/2)(Ny/2)(Nz/2): 3.10929e-05 Phi A: 0.0214924 Phi B: 0.978508 Phi I: 5.8214e-52
Total charge: -2.68655e-20
etaHat: 124879
366  fE: -3.02085  dfE: 3.64596e-09  dW: 0.00107698  dPhi(Nx/2)(Ny/2)(Nz/2): 3.08759e-05 Phi A: 0.0214924 Phi B: 0.978508 Phi I: 5.8214e-52
Total charge: -2.68655e-20
etaHat: 124879
367  fE: -3.02085  dfE: 2.83487e-09  dW: 0.00106881  dPhi(Nx/2)(Ny/2)(Nz/2): 3.06613e-05 Phi A: 0.0214924 Phi B: 0.978508 Phi I: 5.8214e-52
Total charge: -2.68655e-20
etaHat: 124879
368  fE: -3.02085  dfE: 1.98885e-09  dW: 0.00106071  dPhi(Nx/2)(Ny/2)(Nz/2): 3.04492e-05 Phi A: 0.0214924 Phi B: 0.978508 Phi I: 5.8214e-52
Total charge: -2.68655e-20
etaHat: 124879
369  fE: -3.02085  dfE: 1.15344e-09  dW: 0.00105269  dPhi(Nx/2)(Ny/2)(Nz/2): 3.02393e-05 Phi A: 0.0214924 Phi B: 0.978508 Phi I: 5.8214e-52
Total charge: -2.68655e-20
etaHat: 124879
370  fE: -3.02085  dfE: 3.68787e-10  dW: 0.00104474  dPhi(Nx/2)(Ny/2)(Nz/2): 3.00316e-05 Phi A: 0.0214924 Phi B: 0.978508 Phi I: 5.8214e-52
Saving data . . .
Total charge: -2.68655e-20
etaHat: 124879
371  fE: -3.02085  dfE: 3.31604e-10  dW: 0.00103687  dPhi(Nx/2)(Ny/2)(Nz/2): 2.9826e-05 Phi A: 0.0214924 Phi B: 0.978508 Phi I: 5.8214e-52
Total charge: -2.68655e-20
etaHat: 124879
372  fE: -3.02085  dfE: 9.21856e-10  dW: 0.00102908  dPhi(Nx/2)(Ny/2)(Nz/2): 2.96223e-05 Phi A: 0.0214924 Phi B: 0.978508 Phi I: 5.8214e-52
Total charge: -2.68655e-20
etaHat: 124879
373  fE: -3.02085  dfE: 1.38442e-09  dW: 0.00102135  dPhi(Nx/2)(Ny/2)(Nz/2): 2.94205e-05 Phi A: 0.0214924 Phi B: 0.978508 Phi I: 5.8214e-52
Total charge: -2.68655e-20
etaHat: 124879
374  fE: -3.02085  dfE: 1.70968e-09  dW: 0.00101369  dPhi(Nx/2)(Ny/2)(Nz/2): 2.92204e-05 Phi A: 0.0214924 Phi B: 0.978508 Phi I: 5.8214e-52
Total charge: -2.68655e-20
etaHat: 124879
375  fE: -3.02085  dfE: 1.89613e-09  dW: 0.0010061  dPhi(Nx/2)(Ny/2)(Nz/2): 2.90219e-05 Phi A: 0.0214924 Phi B: 0.978508 Phi I: 5.8214e-52
Total charge: -2.68655e-20
etaHat: 124879
376  fE: -3.02085  dfE: 1.94909e-09  dW: 0.000998584  dPhi(Nx/2)(Ny/2)(Nz/2): 2.8825e-05 Phi A: 0.0214924 Phi B: 0.978508 Phi I: 5.8214e-52
Saving data . . .
