Total charge: 124877
etaHat: 124877
0  fE: -9369.61  dfE: 9469.61  dW: 20.9639  dPhi(Nx/2)(Ny/2)(Nz/2): -4.11389 Phi A: 0.607494 Phi B: 4.48374 Phi I: 999.016
Saving data . . .
Total charge: 1.59566
etaHat: 124879
1  fE: -25219.8  dfE: 15850.2  dW: 21.8078  dPhi(Nx/2)(Ny/2)(Nz/2): -2.15093 Phi A: 0.264209 Phi B: 2.87344 Phi I: 0.0127653
Total charge: 1.61692e-18
etaHat: 124879
2  fE: -17.7204  dfE: 25202.1  dW: 21.4728  dPhi(Nx/2)(Ny/2)(Nz/2): -1.07856 Phi A: 0.139436 Phi B: 1.93082 Phi I: 1.43298e-20
Total charge: -1.04344e-19
etaHat: 124879
3  fE: -12.6395  dfE: 5.08091  dW: 20.215  dPhi(Nx/2)(Ny/2)(Nz/2): -0.428774 Phi A: 0.0834753 Phi B: 1.3399 Phi I: 5.82357e-52
Total charge: -6.87559e-20
etaHat: 124879
4  fE: -9.00401  dfE: 3.63551  dW: 18.3839  dPhi(Nx/2)(Ny/2)(Nz/2): -0.0216384 Phi A: 0.0550047 Phi B: 0.962993 Phi I: 5.82167e-52
Total charge: -4.89769e-20
etaHat: 124879
5  fE: -6.50419  dfE: 2.49982  dW: 16.2192  dPhi(Nx/2)(Ny/2)(Nz/2): 0.238827 Phi A: 0.0391815 Phi B: 0.719444 Phi I: 5.81998e-52
Total charge: -3.72812e-20
etaHat: 124879
6  fE: -4.80543  dfE: 1.69876  dW: 13.8768  dPhi(Nx/2)(Ny/2)(Nz/2): 0.408225 Phi A: 0.029825 Phi B: 0.560099 Phi I: 5.81851e-52
Total charge: -3.00887e-20
etaHat: 124879
7  fE: -3.64707  dfE: 1.15836  dW: 11.4596  dPhi(Nx/2)(Ny/2)(Nz/2): 0.519602 Phi A: 0.024071 Phi B: 0.454931 Phi I: 5.81729e-52
Total charge: -2.56013e-20
etaHat: 124879
8  fE: -2.84774  dfE: 0.799322  dW: 9.0371  dPhi(Nx/2)(Ny/2)(Nz/2): 0.592846 Phi A: 0.020481 Phi B: 0.385581 Phi I: 5.81631e-52
Total charge: -2.28623e-20
etaHat: 124879
9  fE: -2.28675  dfE: 0.560994  dW: 6.65772  dPhi(Nx/2)(Ny/2)(Nz/2): 0.640013 Phi A: 0.0182898 Phi B: 0.340812 Phi I: 5.81558e-52
Total charge: -2.1346e-20
etaHat: 124879
10  fE: -1.88473  dfE: 0.402024  dW: 4.35706  dPhi(Nx/2)(Ny/2)(Nz/2): 0.668401 Phi A: 0.0170768 Phi B: 0.313782 Phi I: 5.81508e-52
Saving data . . .
Total charge: -2.07645e-20
etaHat: 124879
11  fE: -1.58915  dfE: 0.295573  dW: 2.16304  dPhi(Nx/2)(Ny/2)(Nz/2): 0.682329 Phi A: 0.0166116 Phi B: 0.300423 Phi I: 5.81481e-52
Total charge: -2.09719e-20
etaHat: 124879
12  fE: -1.36452  dfE: 0.224635  dW: 0.585544  dPhi(Nx/2)(Ny/2)(Nz/2): 0.684169 Phi A: 0.0167775 Phi B: 0.298493 Phi I: 5.81476e-52
Total charge: -2.19143e-20
etaHat: 124879
13  fE: -1.18594  dfE: 0.178576  dW: 1.81041  dPhi(Nx/2)(Ny/2)(Nz/2): 0.674941 Phi A: 0.0175314 Phi B: 0.307026 Phi I: 5.81491e-52
Total charge: -2.36026e-20
etaHat: 124879
14  fE: -1.03519  dfE: 0.150755  dW: 3.5432  dPhi(Nx/2)(Ny/2)(Nz/2): 0.654652 Phi A: 0.018882 Phi B: 0.326016 Phi I: 5.81524e-52
Total charge: -2.60938e-20
etaHat: 124879
15  fE: -0.898348  dfE: 0.136838  dW: 5.07207  dPhi(Nx/2)(Ny/2)(Nz/2): 0.622501 Phi A: 0.020875 Phi B: 0.356224 Phi I: 5.81574e-52
Total charge: -2.94749e-20
etaHat: 124879
16  fE: -0.764944  dfE: 0.133404  dW: 6.3661  dPhi(Nx/2)(Ny/2)(Nz/2): 0.57703 Phi A: 0.0235799 Phi B: 0.399048 Phi I: 5.81639e-52
Total charge: -3.38383e-20
etaHat: 124879
17  fE: -0.628424  dfE: 0.13652  dW: 7.38937  dPhi(Nx/2)(Ny/2)(Nz/2): 0.516319 Phi A: 0.0270707 Phi B: 0.456344 Phi I: 5.81717e-52
Total charge: -3.92443e-20
etaHat: 124879
18  fE: -0.488361  dfE: 0.140063  dW: 8.10155  dPhi(Nx/2)(Ny/2)(Nz/2): 0.438305 Phi A: 0.0313955 Phi B: 0.530143 Phi I: 5.81803e-52
Total charge: -4.5661e-20
etaHat: 124879
19  fE: -0.354402  dfE: 0.133959  dW: 8.46053  dPhi(Nx/2)(Ny/2)(Nz/2): 0.341355 Phi A: 0.0365288 Phi B: 0.622121 Phi I: 5.81896e-52
Total charge: -5.28852e-20
etaHat: 124879
20  fE: -0.251242  dfE: 0.10316  dW: 8.42825  dPhi(Nx/2)(Ny/2)(Nz/2): 0.22517 Phi A: 0.0423082 Phi B: 0.732763 Phi I: 5.81991e-52
Saving data . . .
Total charge: -6.04622e-20
etaHat: 124879
21  fE: -0.222004  dfE: 0.0292383  dW: 7.98036  dPhi(Nx/2)(Ny/2)(Nz/2): 0.0919982 Phi A: 0.0483697 Phi B: 0.860205 Phi I: 5.82085e-52
Total charge: -6.76513e-20
etaHat: 124879
22  fE: -0.32502  dfE: 0.103016  dW: 7.11899  dPhi(Nx/2)(Ny/2)(Nz/2): -0.0521372 Phi A: 0.0541211 Phi B: 0.999036 Phi I: 5.82173e-52
Total charge: -7.35031e-20
etaHat: 124879
23  fE: -0.618677  dfE: 0.293657  dW: 5.88512  dPhi(Nx/2)(Ny/2)(Nz/2): -0.196857 Phi A: 0.0588025 Phi B: 1.13964 Phi I: 5.8225e-52
Total charge: -7.70838e-20
etaHat: 124879
24  fE: -1.13444  dfE: 0.515766  dW: 4.36468  dPhi(Nx/2)(Ny/2)(Nz/2): -0.328322 Phi A: 0.061667 Phi B: 1.2689 Phi I: 5.82314e-52
Total charge: -7.77904e-20
etaHat: 124879
25  fE: -1.84967  dfE: 0.71523  dW: 2.96221  dPhi(Nx/2)(Ny/2)(Nz/2): -0.432007 Phi A: 0.0622324 Phi B: 1.37272 Phi I: 5.82361e-52
Total charge: -7.55912e-20
etaHat: 124879
26  fE: -2.67983  dfE: 0.830155  dW: 2.47031  dPhi(Nx/2)(Ny/2)(Nz/2): -0.496626 Phi A: 0.060473 Phi B: 1.43977 Phi I: 5.8239e-52
Total charge: -7.10308e-20
etaHat: 124879
27  fE: -3.50141  dfE: 0.821586  dW: 1.90749  dPhi(Nx/2)(Ny/2)(Nz/2): -0.517397 Phi A: 0.0568247 Phi B: 1.46475 Phi I: 5.82401e-52
Total charge: -6.4998e-20
etaHat: 124879
28  fE: -4.19487  dfE: 0.693452  dW: 1.95678  dPhi(Nx/2)(Ny/2)(Nz/2): -0.496958 Phi A: 0.0519984 Phi B: 1.44955 Phi I: 5.82396e-52
Total charge: -5.84098e-20
etaHat: 124879
29  fE: -4.68194  dfE: 0.487071  dW: 3.02207  dPhi(Nx/2)(Ny/2)(Nz/2): -0.443696 Phi A: 0.0467278 Phi B: 1.40178 Phi I: 5.82377e-52
Total charge: -5.19851e-20
etaHat: 124879
30  fE: -4.93938  dfE: 0.257442  dW: 3.77452  dPhi(Nx/2)(Ny/2)(Nz/2): -0.368696 Phi A: 0.0415881 Phi B: 1.33198 Phi I: 5.82347e-52
Saving data . . .
Total charge: -4.61689e-20
etaHat: 124879
31  fE: -4.9894  dfE: 0.0500214  dW: 4.22094  dPhi(Nx/2)(Ny/2)(Nz/2): -0.282869 Phi A: 0.0369352 Phi B: 1.25073 Phi I: 5.82311e-52
Total charge: -4.11666e-20
etaHat: 124879
32  fE: -4.87936  dfE: 0.110039  dW: 4.39035  dPhi(Nx/2)(Ny/2)(Nz/2): -0.195164 Phi A: 0.0329333 Phi B: 1.16685 Phi I: 5.8227e-52
Total charge: -3.70206e-20
etaHat: 124879
33  fE: -4.66275  dfE: 0.216615  dW: 4.32301  dPhi(Nx/2)(Ny/2)(Nz/2): -0.111952 Phi A: 0.0296164 Phi B: 1.08673 Phi I: 5.82228e-52
Total charge: -3.36831e-20
etaHat: 124879
34  fE: -4.38706  dfE: 0.275691  dW: 4.06334  dPhi(Nx/2)(Ny/2)(Nz/2): -0.0371882 Phi A: 0.0269464 Phi B: 1.01438 Phi I: 5.82187e-52
Total charge: -3.10674e-20
etaHat: 124879
35  fE: -4.08871  dfE: 0.298348  dW: 3.65544  dPhi(Nx/2)(Ny/2)(Nz/2): 0.0270526 Phi A: 0.0248539 Phi B: 0.951968 Phi I: 5.82149e-52
Total charge: -2.90783e-20
etaHat: 124879
36  fE: -3.79266  dfE: 0.296048  dW: 3.14064  dPhi(Nx/2)(Ny/2)(Nz/2): 0.0799944 Phi A: 0.0232626 Phi B: 0.900365 Phi I: 5.82115e-52
Total charge: -2.76264e-20
etaHat: 124879
37  fE: -3.51431  dfE: 0.278347  dW: 2.55642  dPhi(Nx/2)(Ny/2)(Nz/2): 0.121662 Phi A: 0.0221011 Phi B: 0.859623 Phi I: 5.82088e-52
Total charge: -2.66342e-20
etaHat: 124879
38  fE: -3.26208  dfE: 0.252235  dW: 1.93612  dPhi(Nx/2)(Ny/2)(Nz/2): 0.152524 Phi A: 0.0213073 Phi B: 0.829337 Phi I: 5.82066e-52
Total charge: -2.60365e-20
etaHat: 124879
39  fE: -3.03974  dfE: 0.222334  dW: 1.30899  dPhi(Nx/2)(Ny/2)(Nz/2): 0.173257 Phi A: 0.0208292 Phi B: 0.808883 Phi I: 5.8205e-52
Total charge: -2.57785e-20
etaHat: 124879
40  fE: -2.84835  dfE: 0.19139  dW: 0.700505  dPhi(Nx/2)(Ny/2)(Nz/2): 0.184616 Phi A: 0.0206228 Phi B: 0.797546 Phi I: 5.82041e-52
Saving data . . .
Total charge: -2.58132e-20
etaHat: 124879
41  fE: -2.68756  dfE: 0.160797  dW: 0.214273  dPhi(Nx/2)(Ny/2)(Nz/2): 0.187376 Phi A: 0.0206506 Phi B: 0.794585 Phi I: 5.82038e-52
Total charge: -2.60976e-20
etaHat: 124879
42  fE: -2.55651  dfE: 0.131046  dW: 0.376955  dPhi(Nx/2)(Ny/2)(Nz/2): 0.182319 Phi A: 0.0208781 Phi B: 0.799246 Phi I: 5.8204e-52
Total charge: -2.65901e-20
etaHat: 124879
43  fE: -2.45445  dfE: 0.102063  dW: 0.810556  dPhi(Nx/2)(Ny/2)(Nz/2): 0.170259 Phi A: 0.0212721 Phi B: 0.810743 Phi I: 5.82048e-52
Total charge: -2.72472e-20
etaHat: 124879
44  fE: -2.38096  dfE: 0.0734929  dW: 1.15875  dPhi(Nx/2)(Ny/2)(Nz/2): 0.152076 Phi A: 0.0217978 Phi B: 0.828225 Phi I: 5.82059e-52
Total charge: -2.80222e-20
etaHat: 124879
45  fE: -2.33603  dfE: 0.0449241  dW: 1.41261  dPhi(Nx/2)(Ny/2)(Nz/2): 0.12876 Phi A: 0.0224177 Phi B: 0.850732 Phi I: 5.82074e-52
Total charge: -2.88633e-20
etaHat: 124879
46  fE: -2.31993  dfE: 0.0160989  dW: 1.56798  dPhi(Nx/2)(Ny/2)(Nz/2): 0.10145 Phi A: 0.0230907 Phi B: 0.877164 Phi I: 5.82091e-52
Total charge: -2.97152e-20
etaHat: 124879
47  fE: -2.33283  dfE: 0.0128993  dW: 1.62497  dPhi(Nx/2)(Ny/2)(Nz/2): 0.0714454 Phi A: 0.0237722 Phi B: 0.906259 Phi I: 5.8211e-52
Total charge: -3.05203e-20
etaHat: 124879
48  fE: -2.37433  dfE: 0.0415026  dW: 1.58816  dPhi(Nx/2)(Ny/2)(Nz/2): 0.0401996 Phi A: 0.0244163 Phi B: 0.936609 Phi I: 5.82128e-52
Total charge: -3.12229e-20
etaHat: 124879
49  fE: -2.44293  dfE: 0.0685991  dW: 1.46653  dPhi(Nx/2)(Ny/2)(Nz/2): 0.00926532 Phi A: 0.0249783 Phi B: 0.966707 Phi I: 5.82146e-52
Total charge: -3.1774e-20
etaHat: 124879
50  fE: -2.53554  dfE: 0.0926036  dW: 1.2731  dPhi(Nx/2)(Ny/2)(Nz/2): -0.0197907 Phi A: 0.0254192 Phi B: 0.995026 Phi I: 5.82163e-52
Saving data . . .
Total charge: -3.2136e-20
etaHat: 124879
51  fE: -2.64722  dfE: 0.111679  dW: 1.02416  dPhi(Nx/2)(Ny/2)(Nz/2): -0.0455048 Phi A: 0.0257088 Phi B: 1.02014 Phi I: 5.82177e-52
Total charge: -3.2287e-20
etaHat: 124879
52  fE: -2.7713  dfE: 0.124087  dW: 0.742597  dPhi(Nx/2)(Ny/2)(Nz/2): -0.0666441 Phi A: 0.0258296 Phi B: 1.04084 Phi I: 5.82188e-52
Total charge: -3.22228e-20
etaHat: 124879
53  fE: -2.89988  dfE: 0.128575  dW: 0.602449  dPhi(Nx/2)(Ny/2)(Nz/2): -0.0823202 Phi A: 0.0257782 Phi B: 1.05625 Phi I: 5.82197e-52
Total charge: -3.19564e-20
etaHat: 124879
54  fE: -3.02458  dfE: 0.124706  dW: 0.504692  dPhi(Nx/2)(Ny/2)(Nz/2): -0.092067 Phi A: 0.0255651 Phi B: 1.0659 Phi I: 5.82202e-52
Total charge: -3.15153e-20
etaHat: 124879
55  fE: -3.13759  dfE: 0.113001  dW: 0.397602  dPhi(Nx/2)(Ny/2)(Nz/2): -0.095865 Phi A: 0.0252123 Phi B: 1.06977 Phi I: 5.82203e-52
Total charge: -3.09372e-20
etaHat: 124879
56  fE: -3.23246  dfE: 0.0948726  dW: 0.410386  dPhi(Nx/2)(Ny/2)(Nz/2): -0.0941101 Phi A: 0.0247498 Phi B: 1.06822 Phi I: 5.82202e-52
Total charge: -3.02646e-20
etaHat: 124879
57  fE: -3.30481  dfE: 0.0723535  dW: 0.61669  dPhi(Nx/2)(Ny/2)(Nz/2): -0.0875356 Phi A: 0.0242117 Phi B: 1.06195 Phi I: 5.82199e-52
Total charge: -2.95403e-20
etaHat: 124879
58  fE: -3.35255  dfE: 0.0477347  dW: 0.778322  dPhi(Nx/2)(Ny/2)(Nz/2): -0.0771056 Phi A: 0.0236323 Phi B: 1.05191 Phi I: 5.82193e-52
Total charge: -2.88036e-20
etaHat: 124879
59  fE: -3.37575  dfE: 0.0232013  dW: 0.887912  dPhi(Nx/2)(Ny/2)(Nz/2): -0.0639012 Phi A: 0.0230429 Phi B: 1.03914 Phi I: 5.82185e-52
Total charge: -2.80881e-20
etaHat: 124879
60  fE: -3.37631  dfE: 0.000560806  dW: 0.945722  dPhi(Nx/2)(Ny/2)(Nz/2): -0.0490164 Phi A: 0.0224705 Phi B: 1.02471 Phi I: 5.82177e-52
Saving data . . .
Total charge: -2.74202e-20
etaHat: 124879
61  fE: -3.35741  dfE: 0.0189022  dW: 0.954768  dPhi(Nx/2)(Ny/2)(Nz/2): -0.0334764 Phi A: 0.0219362 Phi B: 1.00962 Phi I: 5.82168e-52
Total charge: -2.68196e-20
etaHat: 124879
62  fE: -3.32296  dfE: 0.0344484  dW: 0.920201  dPhi(Nx/2)(Ny/2)(Nz/2): -0.0181819 Phi A: 0.0214557 Phi B: 0.994747 Phi I: 5.82159e-52
Total charge: -2.62992e-20
etaHat: 124879
63  fE: -3.27714  dfE: 0.045818  dW: 0.84869  dPhi(Nx/2)(Ny/2)(Nz/2): -0.00387742 Phi A: 0.0210393 Phi B: 0.980828 Phi I: 5.8215e-52
Total charge: -2.58662e-20
etaHat: 124879
64  fE: -3.22402  dfE: 0.0531179  dW: 0.747849  dPhi(Nx/2)(Ny/2)(Nz/2): 0.00885946 Phi A: 0.020693 Phi B: 0.968429 Phi I: 5.82142e-52
Total charge: -2.55232e-20
etaHat: 124879
65  fE: -3.16732  dfE: 0.0566992  dW: 0.625732  dPhi(Nx/2)(Ny/2)(Nz/2): 0.0196146 Phi A: 0.0204185 Phi B: 0.957959 Phi I: 5.82136e-52
Total charge: -2.52688e-20
etaHat: 124879
66  fE: -3.11027  dfE: 0.0570481  dW: 0.490404  dPhi(Nx/2)(Ny/2)(Nz/2): 0.0281255 Phi A: 0.020215 Phi B: 0.949679 Phi I: 5.8213e-52
Total charge: -2.50986e-20
etaHat: 124879
67  fE: -3.05557  dfE: 0.0547024  dW: 0.349594  dPhi(Nx/2)(Ny/2)(Nz/2): 0.0342648 Phi A: 0.0200789 Phi B: 0.943718 Phi I: 5.82126e-52
Total charge: -2.50057e-20
etaHat: 124879
68  fE: -3.00538  dfE: 0.0501968  dW: 0.210415  dPhi(Nx/2)(Ny/2)(Nz/2): 0.0380232 Phi A: 0.0200045 Phi B: 0.940088 Phi I: 5.82124e-52
Total charge: -2.49812e-20
etaHat: 124879
69  fE: -2.96134  dfE: 0.0440328  dW: 0.0830566  dPhi(Nx/2)(Ny/2)(Nz/2): 0.0394922 Phi A: 0.0199849 Phi B: 0.938705 Phi I: 5.82122e-52
Total charge: -2.50147e-20
etaHat: 124879
70  fE: -2.92468  dfE: 0.0366669  dW: 0.0531373  dPhi(Nx/2)(Ny/2)(Nz/2): 0.0388479 Phi A: 0.0200118 Phi B: 0.939398 Phi I: 5.82122e-52
Saving data . . .
Total charge: -2.50949e-20
etaHat: 124879
71  fE: -2.89616  dfE: 0.0285128  dW: 0.139751  dPhi(Nx/2)(Ny/2)(Nz/2): 0.0363367 Phi A: 0.0200759 Phi B: 0.941931 Phi I: 5.82124e-52
Total charge: -2.52095e-20
etaHat: 124879
72  fE: -2.87621  dfE: 0.0199485  dW: 0.220139  dPhi(Nx/2)(Ny/2)(Nz/2): 0.0322603 Phi A: 0.0201676 Phi B: 0.94601 Phi I: 5.82126e-52
Total charge: -2.53461e-20
etaHat: 124879
73  fE: -2.86489  dfE: 0.0113255  dW: 0.27852  dPhi(Nx/2)(Ny/2)(Nz/2): 0.0269615 Phi A: 0.0202769 Phi B: 0.951302 Phi I: 5.82129e-52
Total charge: -2.54923e-20
etaHat: 124879
74  fE: -2.86191  dfE: 0.00297481  dW: 0.314279  dPhi(Nx/2)(Ny/2)(Nz/2): 0.0208085 Phi A: 0.0203939 Phi B: 0.957448 Phi I: 5.82132e-52
Total charge: -2.56367e-20
etaHat: 124879
75  fE: -2.86671  dfE: 0.00479136  dW: 0.327989  dPhi(Nx/2)(Ny/2)(Nz/2): 0.0141795 Phi A: 0.0205094 Phi B: 0.964078 Phi I: 5.82136e-52
Total charge: -2.57687e-20
etaHat: 124879
76  fE: -2.87839  dfE: 0.0116852  dW: 0.321237  dPhi(Nx/2)(Ny/2)(Nz/2): 0.00744535 Phi A: 0.020615 Phi B: 0.970828 Phi I: 5.8214e-52
Total charge: -2.58794e-20
etaHat: 124879
77  fE: -2.89584  dfE: 0.0174543  dW: 0.296472  dPhi(Nx/2)(Ny/2)(Nz/2): 0.000953323 Phi A: 0.0207035 Phi B: 0.977358 Phi I: 5.82144e-52
Total charge: -2.5962e-20
etaHat: 124879
78  fE: -2.91774  dfE: 0.0218966  dW: 0.256821  dPhi(Nx/2)(Ny/2)(Nz/2): -0.00498891 Phi A: 0.0207696 Phi B: 0.983362 Phi I: 5.82147e-52
Total charge: -2.60119e-20
etaHat: 124879
79  fE: -2.94262  dfE: 0.0248763  dW: 0.206505  dPhi(Nx/2)(Ny/2)(Nz/2): -0.0101268 Phi A: 0.0208095 Phi B: 0.98859 Phi I: 5.8215e-52
Total charge: -2.60266e-20
etaHat: 124879
80  fE: -2.96895  dfE: 0.0263373  dW: 0.160128  dPhi(Nx/2)(Ny/2)(Nz/2): -0.0142693 Phi A: 0.0208213 Phi B: 0.99285 Phi I: 5.82152e-52
Saving data . . .
Total charge: -2.60061e-20
etaHat: 124879
81  fE: -2.99527  dfE: 0.0263101  dW: 0.134426  dPhi(Nx/2)(Ny/2)(Nz/2): -0.0172949 Phi A: 0.0208049 Phi B: 0.996018 Phi I: 5.82154e-52
Total charge: -2.59525e-20
etaHat: 124879
82  fE: -3.02018  dfE: 0.0249115  dW: 0.113683  dPhi(Nx/2)(Ny/2)(Nz/2): -0.0191535 Phi A: 0.020762 Phi B: 0.998042 Phi I: 5.82155e-52
Total charge: -2.58696e-20
etaHat: 124879
83  fE: -3.04251  dfE: 0.0223342  dW: 0.0942776  dPhi(Nx/2)(Ny/2)(Nz/2): -0.0198624 Phi A: 0.0206957 Phi B: 0.998934 Phi I: 5.82155e-52
Total charge: -2.57624e-20
etaHat: 124879
84  fE: -3.06134  dfE: 0.0188297  dW: 0.0987326  dPhi(Nx/2)(Ny/2)(Nz/2): -0.0194996 Phi A: 0.0206099 Phi B: 0.998767 Phi I: 5.82155e-52
Total charge: -2.56368e-20
etaHat: 124879
85  fE: -3.07603  dfE: 0.0146858  dW: 0.133719  dPhi(Nx/2)(Ny/2)(Nz/2): -0.0181928 Phi A: 0.0205095 Phi B: 0.997662 Phi I: 5.82154e-52
Total charge: -2.54993e-20
etaHat: 124879
86  fE: -3.08623  dfE: 0.0102016  dW: 0.168493  dPhi(Nx/2)(Ny/2)(Nz/2): -0.0161067 Phi A: 0.0203994 Phi B: 0.995779 Phi I: 5.82153e-52
Total charge: -2.53561e-20
etaHat: 124879
87  fE: -3.09189  dfE: 0.00566466  dW: 0.193204  dPhi(Nx/2)(Ny/2)(Nz/2): -0.0134292 Phi A: 0.0202849 Phi B: 0.993299 Phi I: 5.82152e-52
Total charge: -2.52133e-20
etaHat: 124879
88  fE: -3.09322  dfE: 0.00133141  dW: 0.207272  dPhi(Nx/2)(Ny/2)(Nz/2): -0.0103584 Phi A: 0.0201706 Phi B: 0.990416 Phi I: 5.8215e-52
Total charge: -2.5076e-20
etaHat: 124879
89  fE: -3.09064  dfE: 0.00258618  dW: 0.211058  dPhi(Nx/2)(Ny/2)(Nz/2): -0.00709052 Phi A: 0.0200608 Phi B: 0.987322 Phi I: 5.82148e-52
Total charge: -2.49488e-20
etaHat: 124879
90  fE: -3.08471  dfE: 0.00592843  dW: 0.205408  dPhi(Nx/2)(Ny/2)(Nz/2): -0.00380938 Phi A: 0.019959 Phi B: 0.984196 Phi I: 5.82146e-52
Saving data . . .
Total charge: -2.48352e-20
etaHat: 124879
91  fE: -3.07612  dfE: 0.00858988  dW: 0.191545  dPhi(Nx/2)(Ny/2)(Nz/2): -0.000678584 Phi A: 0.0198681 Phi B: 0.9812 Phi I: 5.82144e-52
Total charge: -2.47376e-20
etaHat: 124879
92  fE: -3.0656  dfE: 0.0105168  dW: 0.170972  dPhi(Nx/2)(Ny/2)(Nz/2): 0.00216431 Phi A: 0.0197901 Phi B: 0.97847 Phi I: 5.82142e-52
Total charge: -2.46576e-20
etaHat: 124879
93  fE: -3.0539  dfE: 0.0117016  dW: 0.145361  dPhi(Nx/2)(Ny/2)(Nz/2): 0.00461135 Phi A: 0.0197261 Phi B: 0.976113 Phi I: 5.82141e-52
Total charge: -2.45957e-20
etaHat: 124879
94  fE: -3.04173  dfE: 0.0121753  dW: 0.116453  dPhi(Nx/2)(Ny/2)(Nz/2): 0.00658583 Phi A: 0.0196766 Phi B: 0.974206 Phi I: 5.82139e-52
Total charge: -2.45517e-20
etaHat: 124879
95  fE: -3.02973  dfE: 0.0119993  dW: 0.0859723  dPhi(Nx/2)(Ny/2)(Nz/2): 0.00804217 Phi A: 0.0196413 Phi B: 0.972796 Phi I: 5.82138e-52
Total charge: -2.45244e-20
etaHat: 124879
96  fE: -3.01847  dfE: 0.0112577  dW: 0.0558799  dPhi(Nx/2)(Ny/2)(Nz/2): 0.00896444 Phi A: 0.0196195 Phi B: 0.971898 Phi I: 5.82138e-52
Total charge: -2.45122e-20
etaHat: 124879
97  fE: -3.00842  dfE: 0.0100501  dW: 0.0312747  dPhi(Nx/2)(Ny/2)(Nz/2): 0.0093638 Phi A: 0.0196098 Phi B: 0.971505 Phi I: 5.82137e-52
Total charge: -2.4513e-20
etaHat: 124879
98  fE: -2.99993  dfE: 0.00848473  dW: 0.0216851  dPhi(Nx/2)(Ny/2)(Nz/2): 0.00927503 Phi A: 0.0196104 Phi B: 0.971584 Phi I: 5.82137e-52
Total charge: -2.45243e-20
etaHat: 124879
99  fE: -2.99326  dfE: 0.00667342  dW: 0.028296  dPhi(Nx/2)(Ny/2)(Nz/2): 0.0087525 Phi A: 0.0196194 Phi B: 0.972083 Phi I: 5.82138e-52
Total charge: -2.45433e-20
etaHat: 124879
100  fE: -2.98853  dfE: 0.0047267  dW: 0.0418208  dPhi(Nx/2)(Ny/2)(Nz/2): 0.00786566 Phi A: 0.0196347 Phi B: 0.972935 Phi I: 5.82138e-52
Saving data . . .
Total charge: -2.45674e-20
etaHat: 124879
101  fE: -2.98578  dfE: 0.00274977  dW: 0.0542159  dPhi(Nx/2)(Ny/2)(Nz/2): 0.00669438 Phi A: 0.0196539 Phi B: 0.974064 Phi I: 5.82139e-52
Total charge: -2.45938e-20
etaHat: 124879
102  fE: -2.98495  dfE: 0.000838985  dW: 0.0625301  dPhi(Nx/2)(Ny/2)(Nz/2): 0.00532424 Phi A: 0.0196751 Phi B: 0.975385 Phi I: 5.82139e-52
Total charge: -2.46201e-20
etaHat: 124879
103  fE: -2.98587  dfE: 0.000921161  dW: 0.0662236  dPhi(Nx/2)(Ny/2)(Nz/2): 0.00384192 Phi A: 0.0196961 Phi B: 0.976816 Phi I: 5.8214e-52
Total charge: -2.46441e-20
etaHat: 124879
104  fE: -2.98833  dfE: 0.0024606  dW: 0.0655836  dPhi(Nx/2)(Ny/2)(Nz/2): 0.00233098 Phi A: 0.0197153 Phi B: 0.978275 Phi I: 5.82141e-52
Total charge: -2.4664e-20
etaHat: 124879
105  fE: -2.99205  dfE: 0.00372569  dW: 0.0612872  dPhi(Nx/2)(Ny/2)(Nz/2): 0.00086813 Phi A: 0.0197312 Phi B: 0.979687 Phi I: 5.82142e-52
Total charge: -2.46784e-20
etaHat: 124879
106  fE: -2.99673  dfE: 0.00468047  dW: 0.0544049  dPhi(Nx/2)(Ny/2)(Nz/2): -0.00047995 Phi A: 0.0197427 Phi B: 0.980987 Phi I: 5.82142e-52
Total charge: -2.46863e-20
etaHat: 124879
107  fE: -3.00204  dfE: 0.00530724  dW: 0.0464595  dPhi(Nx/2)(Ny/2)(Nz/2): -0.00165893 Phi A: 0.019749 Phi B: 0.982122 Phi I: 5.82143e-52
Total charge: -2.46873e-20
etaHat: 124879
108  fE: -3.00765  dfE: 0.0056061  dW: 0.0389447  dPhi(Nx/2)(Ny/2)(Nz/2): -0.0026284 Phi A: 0.0197498 Phi B: 0.983054 Phi I: 5.82143e-52
Total charge: -2.46813e-20
etaHat: 124879
109  fE: -3.01324  dfE: 0.00559375  dW: 0.0329339  dPhi(Nx/2)(Ny/2)(Nz/2): -0.00336254 Phi A: 0.0197451 Phi B: 0.983755 Phi I: 5.82144e-52
Total charge: -2.46688e-20
etaHat: 124879
110  fE: -3.01854  dfE: 0.0053013  dW: 0.0291313  dPhi(Nx/2)(Ny/2)(Nz/2): -0.00385005 Phi A: 0.019735 Phi B: 0.984216 Phi I: 5.82144e-52
Saving data . . .
Total charge: -2.46503e-20
etaHat: 124879
111  fE: -3.02331  dfE: 0.00477145  dW: 0.0281109  dPhi(Nx/2)(Ny/2)(Nz/2): -0.00409319 Phi A: 0.0197202 Phi B: 0.984438 Phi I: 5.82144e-52
Total charge: -2.46268e-20
etaHat: 124879
112  fE: -3.02737  dfE: 0.00405519  dW: 0.0300106  dPhi(Nx/2)(Ny/2)(Nz/2): -0.00410637 Phi A: 0.0197015 Phi B: 0.984436 Phi I: 5.82144e-52
Total charge: -2.45995e-20
etaHat: 124879
113  fE: -3.03058  dfE: 0.00320821  dW: 0.0341705  dPhi(Nx/2)(Ny/2)(Nz/2): -0.00391404 Phi A: 0.0196796 Phi B: 0.984233 Phi I: 5.82144e-52
Total charge: -2.45695e-20
etaHat: 124879
114  fE: -3.03286  dfE: 0.00228739  dW: 0.0391293  dPhi(Nx/2)(Ny/2)(Nz/2): -0.00354845 Phi A: 0.0196556 Phi B: 0.983861 Phi I: 5.82144e-52
Total charge: -2.45381e-20
etaHat: 124879
115  fE: -3.03421  dfE: 0.00134753  dW: 0.043476  dPhi(Nx/2)(Ny/2)(Nz/2): -0.00304713 Phi A: 0.0196305 Phi B: 0.983357 Phi I: 5.82143e-52
Total charge: -2.45066e-20
etaHat: 124879
116  fE: -3.03465  dfE: 0.000438569  dW: 0.0462947  dPhi(Nx/2)(Ny/2)(Nz/2): -0.0024504 Phi A: 0.0196053 Phi B: 0.98276 Phi I: 5.82143e-52
Total charge: -2.4476e-20
etaHat: 124879
117  fE: -3.03425  dfE: 0.000396595  dW: 0.0472023  dPhi(Nx/2)(Ny/2)(Nz/2): -0.001799 Phi A: 0.0195808 Phi B: 0.982109 Phi I: 5.82142e-52
Total charge: -2.44474e-20
etaHat: 124879
118  fE: -3.03313  dfE: 0.00112359  dW: 0.0461846  dPhi(Nx/2)(Ny/2)(Nz/2): -0.00113199 Phi A: 0.0195579 Phi B: 0.981445 Phi I: 5.82142e-52
Total charge: -2.44214e-20
etaHat: 124879
119  fE: -3.03141  dfE: 0.00171743  dW: 0.0434331  dPhi(Nx/2)(Ny/2)(Nz/2): -0.000484975 Phi A: 0.0195371 Phi B: 0.980801 Phi I: 5.82142e-52
Total charge: -2.43987e-20
etaHat: 124879
120  fE: -3.02925  dfE: 0.00216266  dW: 0.0392707  dPhi(Nx/2)(Ny/2)(Nz/2): 0.000111323 Phi A: 0.019519 Phi B: 0.980207 Phi I: 5.82141e-52
Saving data . . .
Total charge: -2.43797e-20
etaHat: 124879
121  fE: -3.0268  dfE: 0.00245305  dW: 0.0341227  dPhi(Nx/2)(Ny/2)(Nz/2): 0.000632055 Phi A: 0.0195038 Phi B: 0.979689 Phi I: 5.82141e-52
Total charge: -2.43646e-20
etaHat: 124879
122  fE: -3.02421  dfE: 0.00259081  dW: 0.0285494  dPhi(Nx/2)(Ny/2)(Nz/2): 0.00105884 Phi A: 0.0194917 Phi B: 0.979264 Phi I: 5.8214e-52
Total charge: -2.43533e-20
etaHat: 124879
123  fE: -3.02162  dfE: 0.00258547  dW: 0.0232348  dPhi(Nx/2)(Ny/2)(Nz/2): 0.00137998 Phi A: 0.0194826 Phi B: 0.978944 Phi I: 5.8214e-52
Total charge: -2.43457e-20
etaHat: 124879
124  fE: -3.01917  dfE: 0.00245253  dW: 0.0188812  dPhi(Nx/2)(Ny/2)(Nz/2): 0.00159032 Phi A: 0.0194765 Phi B: 0.978734 Phi I: 5.8214e-52
Total charge: -2.43414e-20
etaHat: 124879
125  fE: -3.01696  dfE: 0.00221207  dW: 0.0159803  dPhi(Nx/2)(Ny/2)(Nz/2): 0.00169078 Phi A: 0.0194731 Phi B: 0.978633 Phi I: 5.8214e-52
Total charge: -2.434e-20
etaHat: 124879
126  fE: -3.01507  dfE: 0.00188726  dW: 0.0145948  dPhi(Nx/2)(Ny/2)(Nz/2): 0.0016877 Phi A: 0.019472 Phi B: 0.978635 Phi I: 5.8214e-52
Total charge: -2.43409e-20
etaHat: 124879
127  fE: -3.01357  dfE: 0.0015029  dW: 0.0144529  dPhi(Nx/2)(Ny/2)(Nz/2): 0.00159195 Phi A: 0.0194728 Phi B: 0.97873 Phi I: 5.8214e-52
Total charge: -2.43437e-20
etaHat: 124879
128  fE: -3.01248  dfE: 0.00108408  dW: 0.0150802  dPhi(Nx/2)(Ny/2)(Nz/2): 0.00141792 Phi A: 0.019475 Phi B: 0.978904 Phi I: 5.8214e-52
Total charge: -2.43477e-20
etaHat: 124879
129  fE: -3.01183  dfE: 0.000654958  dW: 0.0159925  dPhi(Nx/2)(Ny/2)(Nz/2): 0.00118242 Phi A: 0.0194781 Phi B: 0.979139 Phi I: 5.8214e-52
Total charge: -2.43522e-20
etaHat: 124879
130  fE: -3.01159  dfE: 0.000237732  dW: 0.0167843  dPhi(Nx/2)(Ny/2)(Nz/2): 0.000903639 Phi A: 0.0194818 Phi B: 0.979418 Phi I: 5.8214e-52
Saving data . . .
Total charge: -2.43569e-20
etaHat: 124879
131  fE: -3.01174  dfE: 0.000148242  dW: 0.0172015  dPhi(Nx/2)(Ny/2)(Nz/2): 0.00060009 Phi A: 0.0194855 Phi B: 0.979723 Phi I: 5.8214e-52
Total charge: -2.43612e-20
etaHat: 124879
132  fE: -3.01222  dfE: 0.00048709  dW: 0.0171492  dPhi(Nx/2)(Ny/2)(Nz/2): 0.00028964 Phi A: 0.019489 Phi B: 0.980037 Phi I: 5.82141e-52
Total charge: -2.43647e-20
etaHat: 124879
133  fE: -3.01299  dfE: 0.000766845  dW: 0.016658  dPhi(Nx/2)(Ny/2)(Nz/2): -1.12998e-05 Phi A: 0.0194918 Phi B: 0.980342 Phi I: 5.82141e-52
Total charge: -2.43671e-20
etaHat: 124879
134  fE: -3.01397  dfE: 0.000979654  dW: 0.0158523  dPhi(Nx/2)(Ny/2)(Nz/2): -0.000288455 Phi A: 0.0194937 Phi B: 0.980624 Phi I: 5.82141e-52
Total charge: -2.43682e-20
etaHat: 124879
135  fE: -3.01509  dfE: 0.00112176  dW: 0.0149035  dPhi(Nx/2)(Ny/2)(Nz/2): -0.000530182 Phi A: 0.0194946 Phi B: 0.980873 Phi I: 5.82141e-52
Total charge: -2.43679e-20
etaHat: 124879
136  fE: -3.01629  dfE: 0.00119331  dW: 0.0139943  dPhi(Nx/2)(Ny/2)(Nz/2): -0.00072779 Phi A: 0.0194943 Phi B: 0.981079 Phi I: 5.82141e-52
Total charge: -2.43662e-20
etaHat: 124879
137  fE: -3.01748  dfE: 0.00119795  dW: 0.0132766  dPhi(Nx/2)(Ny/2)(Nz/2): -0.000875677 Phi A: 0.0194929 Phi B: 0.981236 Phi I: 5.82141e-52
Total charge: -2.4363e-20
etaHat: 124879
138  fE: -3.01863  dfE: 0.0011423  dW: 0.0128537  dPhi(Nx/2)(Ny/2)(Nz/2): -0.000971297 Phi A: 0.0194904 Phi B: 0.981343 Phi I: 5.82141e-52
Total charge: -2.43587e-20
etaHat: 124879
139  fE: -3.01966  dfE: 0.00103536  dW: 0.0127402  dPhi(Nx/2)(Ny/2)(Nz/2): -0.00101498 Phi A: 0.0194869 Phi B: 0.981398 Phi I: 5.82141e-52
Total charge: -2.43533e-20
etaHat: 124879
140  fE: -3.02055  dfE: 0.00088776  dW: 0.0128933  dPhi(Nx/2)(Ny/2)(Nz/2): -0.00100961 Phi A: 0.0194826 Phi B: 0.981405 Phi I: 5.82141e-52
Saving data . . .
Total charge: -2.4347e-20
etaHat: 124879
141  fE: -3.02126  dfE: 0.000711106  dW: 0.0132101  dPhi(Nx/2)(Ny/2)(Nz/2): -0.000960232 Phi A: 0.0194776 Phi B: 0.981368 Phi I: 5.82141e-52
Total charge: -2.43402e-20
etaHat: 124879
142  fE: -3.02178  dfE: 0.000517261  dW: 0.0135707  dPhi(Nx/2)(Ny/2)(Nz/2): -0.000873579 Phi A: 0.0194722 Phi B: 0.981294 Phi I: 5.82141e-52
Total charge: -2.43331e-20
etaHat: 124879
143  fE: -3.02209  dfE: 0.000317723  dW: 0.0138649  dPhi(Nx/2)(Ny/2)(Nz/2): -0.000757541 Phi A: 0.0194664 Phi B: 0.981191 Phi I: 5.82141e-52
Total charge: -2.43259e-20
etaHat: 124879
144  fE: -3.02222  dfE: 0.000123075  dW: 0.0140088  dPhi(Nx/2)(Ny/2)(Nz/2): -0.000620662 Phi A: 0.0194607 Phi B: 0.981067 Phi I: 5.82141e-52
Total charge: -2.43189e-20
etaHat: 124879
145  fE: -3.02216  dfE: 5.74553e-05  dW: 0.0139548  dPhi(Nx/2)(Ny/2)(Nz/2): -0.000471647 Phi A: 0.0194551 Phi B: 0.980929 Phi I: 5.82141e-52
Total charge: -2.43122e-20
etaHat: 124879
146  fE: -3.02194  dfE: 0.000216318  dW: 0.0136867  dPhi(Nx/2)(Ny/2)(Nz/2): -0.000318903 Phi A: 0.0194498 Phi B: 0.980788 Phi I: 5.82141e-52
Total charge: -2.43062e-20
etaHat: 124879
147  fE: -3.0216  dfE: 0.000347846  dW: 0.013228  dPhi(Nx/2)(Ny/2)(Nz/2): -0.000170155 Phi A: 0.019445 Phi B: 0.980649 Phi I: 5.82141e-52
Total charge: -2.43008e-20
etaHat: 124879
148  fE: -3.02115  dfE: 0.000448339  dW: 0.0126323  dPhi(Nx/2)(Ny/2)(Nz/2): -3.21288e-05 Phi A: 0.0194407 Phi B: 0.980521 Phi I: 5.82141e-52
Total charge: -2.42963e-20
etaHat: 124879
149  fE: -3.02063  dfE: 0.000516035  dW: 0.0119667  dPhi(Nx/2)(Ny/2)(Nz/2): 8.96764e-05 Phi A: 0.019437 Phi B: 0.980407 Phi I: 5.82141e-52
Total charge: -2.42925e-20
etaHat: 124879
150  fE: -3.02008  dfE: 0.000550994  dW: 0.0113018  dPhi(Nx/2)(Ny/2)(Nz/2): 0.000191137 Phi A: 0.019434 Phi B: 0.980313 Phi I: 5.8214e-52
Saving data . . .
Total charge: -2.42897e-20
etaHat: 124879
151  fE: -3.01953  dfE: 0.000554898  dW: 0.0106959  dPhi(Nx/2)(Ny/2)(Nz/2): 0.000269566 Phi A: 0.0194317 Phi B: 0.980242 Phi I: 5.8214e-52
Total charge: -2.42876e-20
etaHat: 124879
152  fE: -3.019  dfE: 0.000530797  dW: 0.010196  dPhi(Nx/2)(Ny/2)(Nz/2): 0.000323698 Phi A: 0.0194301 Phi B: 0.980193 Phi I: 5.8214e-52
Total charge: -2.42862e-20
etaHat: 124879
153  fE: -3.01851  dfE: 0.000482807  dW: 0.00981979  dPhi(Nx/2)(Ny/2)(Nz/2): 0.000353604 Phi A: 0.019429 Phi B: 0.980168 Phi I: 5.8214e-52
Total charge: -2.42855e-20
etaHat: 124879
154  fE: -3.0181  dfE: 0.000415803  dW: 0.00955842  dPhi(Nx/2)(Ny/2)(Nz/2): 0.000360553 Phi A: 0.0194284 Phi B: 0.980166 Phi I: 5.8214e-52
Total charge: -2.42854e-20
etaHat: 124879
155  fE: -3.01776  dfE: 0.000335088  dW: 0.00939387  dPhi(Nx/2)(Ny/2)(Nz/2): 0.000346821 Phi A: 0.0194283 Phi B: 0.980184 Phi I: 5.8214e-52
Total charge: -2.42856e-20
etaHat: 124879
156  fE: -3.01752  dfE: 0.000246096  dW: 0.0092955  dPhi(Nx/2)(Ny/2)(Nz/2): 0.000315479 Phi A: 0.0194285 Phi B: 0.980219 Phi I: 5.8214e-52
Total charge: -2.42862e-20
etaHat: 124879
157  fE: -3.01736  dfE: 0.000154106  dW: 0.00922894  dPhi(Nx/2)(Ny/2)(Nz/2): 0.000270157 Phi A: 0.0194289 Phi B: 0.980267 Phi I: 5.8214e-52
Total charge: -2.42869e-20
etaHat: 124879
158  fE: -3.0173  dfE: 6.39988e-05  dW: 0.00916616  dPhi(Nx/2)(Ny/2)(Nz/2): 0.000214807 Phi A: 0.0194295 Phi B: 0.980326 Phi I: 5.8214e-52
Total charge: -2.42876e-20
etaHat: 124879
159  fE: -3.01732  dfE: 1.99436e-05  dW: 0.00908652  dPhi(Nx/2)(Ny/2)(Nz/2): 0.000153475 Phi A: 0.0194301 Phi B: 0.980391 Phi I: 5.8214e-52
Total charge: -2.42883e-20
etaHat: 124879
160  fE: -3.01741  dfE: 9.41858e-05  dW: 0.00897974  dPhi(Nx/2)(Ny/2)(Nz/2): 9.00899e-05 Phi A: 0.0194307 Phi B: 0.980458 Phi I: 5.8214e-52
Saving data . . .
Total charge: -2.42889e-20
etaHat: 124879
161  fE: -3.01757  dfE: 0.000156039  dW: 0.00884573  dPhi(Nx/2)(Ny/2)(Nz/2): 2.82807e-05 Phi A: 0.0194311 Phi B: 0.980524 Phi I: 5.82141e-52
Total charge: -2.42892e-20
etaHat: 124879
162  fE: -3.01777  dfE: 0.000203707  dW: 0.0086919  dPhi(Nx/2)(Ny/2)(Nz/2): -2.87729e-05 Phi A: 0.0194314 Phi B: 0.980585 Phi I: 5.82141e-52
Total charge: -2.42893e-20
etaHat: 124879
163  fE: -3.01801  dfE: 0.000236284  dW: 0.00852993  dPhi(Nx/2)(Ny/2)(Nz/2): -7.84525e-05 Phi A: 0.0194315 Phi B: 0.98064 Phi I: 5.82141e-52
Total charge: -2.42891e-20
etaHat: 124879
164  fE: -3.01826  dfE: 0.00025371  dW: 0.0083716  dPhi(Nx/2)(Ny/2)(Nz/2): -0.000118774 Phi A: 0.0194313 Phi B: 0.980686 Phi I: 5.82141e-52
Total charge: -2.42886e-20
etaHat: 124879
165  fE: -3.01852  dfE: 0.000256683  dW: 0.00822703  dPhi(Nx/2)(Ny/2)(Nz/2): -0.000148419 Phi A: 0.0194309 Phi B: 0.980721 Phi I: 5.82141e-52
Total charge: -2.42878e-20
etaHat: 124879
166  fE: -3.01876  dfE: 0.000246554  dW: 0.00810397  dPhi(Nx/2)(Ny/2)(Nz/2): -0.000166738 Phi A: 0.0194302 Phi B: 0.980745 Phi I: 5.82141e-52
Total charge: -2.42867e-20
etaHat: 124879
167  fE: -3.01899  dfE: 0.000225183  dW: 0.00800275  dPhi(Nx/2)(Ny/2)(Nz/2): -0.000173707 Phi A: 0.0194294 Phi B: 0.980759 Phi I: 5.82141e-52
Total charge: -2.42855e-20
etaHat: 124879
168  fE: -3.01918  dfE: 0.000194804  dW: 0.00792192  dPhi(Nx/2)(Ny/2)(Nz/2): -0.00016987 Phi A: 0.0194284 Phi B: 0.980762 Phi I: 5.82141e-52
Total charge: -2.4284e-20
etaHat: 124879
169  fE: -3.01934  dfE: 0.000157864  dW: 0.00785305  dPhi(Nx/2)(Ny/2)(Nz/2): -0.000156253 Phi A: 0.0194272 Phi B: 0.980756 Phi I: 5.82141e-52
Total charge: -2.42824e-20
etaHat: 124879
170  fE: -3.01946  dfE: 0.000116887  dW: 0.00778848  dPhi(Nx/2)(Ny/2)(Nz/2): -0.000134261 Phi A: 0.0194259 Phi B: 0.980741 Phi I: 5.82141e-52
Saving data . . .
Total charge: -2.42808e-20
etaHat: 124879
171  fE: -3.01953  dfE: 7.43368e-05  dW: 0.00772057  dPhi(Nx/2)(Ny/2)(Nz/2): -0.000105575 Phi A: 0.0194246 Phi B: 0.98072 Phi I: 5.82141e-52
Total charge: -2.42791e-20
etaHat: 124879
172  fE: -3.01957  dfE: 3.24977e-05  dW: 0.00764263  dPhi(Nx/2)(Ny/2)(Nz/2): -7.2038e-05 Phi A: 0.0194233 Phi B: 0.980694 Phi I: 5.82141e-52
Total charge: -2.42775e-20
etaHat: 124879
173  fE: -3.01956  dfE: 6.61794e-06  dW: 0.00755144  dPhi(Nx/2)(Ny/2)(Nz/2): -3.55467e-05 Phi A: 0.019422 Phi B: 0.980665 Phi I: 5.82141e-52
Total charge: -2.42759e-20
etaHat: 124879
174  fE: -3.01952  dfE: 4.13434e-05  dW: 0.00744615  dPhi(Nx/2)(Ny/2)(Nz/2): 2.04476e-06 Phi A: 0.0194207 Phi B: 0.980635 Phi I: 5.82141e-52
Total charge: -2.42745e-20
etaHat: 124879
175  fE: -3.01945  dfE: 7.04043e-05  dW: 0.00732846  dPhi(Nx/2)(Ny/2)(Nz/2): 3.90124e-05 Phi A: 0.0194196 Phi B: 0.980605 Phi I: 5.8214e-52
Total charge: -2.42732e-20
etaHat: 124879
176  fE: -3.01935  dfE: 9.29419e-05  dW: 0.00720243  dPhi(Nx/2)(Ny/2)(Nz/2): 7.3833e-05 Phi A: 0.0194186 Phi B: 0.980578 Phi I: 5.8214e-52
Total charge: -2.42721e-20
etaHat: 124879
177  fE: -3.01925  dfE: 0.000108512  dW: 0.00707237  dPhi(Nx/2)(Ny/2)(Nz/2): 0.000105238 Phi A: 0.0194177 Phi B: 0.980553 Phi I: 5.8214e-52
Total charge: -2.42712e-20
etaHat: 124879
178  fE: -3.01913  dfE: 0.000117062  dW: 0.00694239  dPhi(Nx/2)(Ny/2)(Nz/2): 0.000132249 Phi A: 0.0194169 Phi B: 0.980532 Phi I: 5.8214e-52
Total charge: -2.42704e-20
etaHat: 124879
179  fE: -3.01901  dfE: 0.000118898  dW: 0.00681597  dPhi(Nx/2)(Ny/2)(Nz/2): 0.000154193 Phi A: 0.0194164 Phi B: 0.980516 Phi I: 5.8214e-52
Total charge: -2.42699e-20
etaHat: 124879
180  fE: -3.0189  dfE: 0.000114626  dW: 0.00669673  dPhi(Nx/2)(Ny/2)(Nz/2): 0.000170707 Phi A: 0.0194159 Phi B: 0.980505 Phi I: 5.8214e-52
Saving data . . .
Total charge: -2.42695e-20
etaHat: 124879
181  fE: -3.01879  dfE: 0.000105092  dW: 0.00658764  dPhi(Nx/2)(Ny/2)(Nz/2): 0.000181718 Phi A: 0.0194156 Phi B: 0.980499 Phi I: 5.8214e-52
Total charge: -2.42692e-20
etaHat: 124879
182  fE: -3.0187  dfE: 9.13181e-05  dW: 0.00648857  dPhi(Nx/2)(Ny/2)(Nz/2): 0.000187421 Phi A: 0.0194154 Phi B: 0.980498 Phi I: 5.8214e-52
Total charge: -2.42691e-20
etaHat: 124879
183  fE: -3.01862  dfE: 7.44303e-05  dW: 0.00639819  dPhi(Nx/2)(Ny/2)(Nz/2): 0.000188236 Phi A: 0.0194153 Phi B: 0.980501 Phi I: 5.8214e-52
Total charge: -2.42691e-20
etaHat: 124879
184  fE: -3.01857  dfE: 5.55921e-05  dW: 0.00631413  dPhi(Nx/2)(Ny/2)(Nz/2): 0.000184766 Phi A: 0.0194153 Phi B: 0.980508 Phi I: 5.8214e-52
Total charge: -2.42691e-20
etaHat: 124879
185  fE: -3.01853  dfE: 3.59436e-05  dW: 0.00623467  dPhi(Nx/2)(Ny/2)(Nz/2): 0.000177746 Phi A: 0.0194153 Phi B: 0.980518 Phi I: 5.8214e-52
Total charge: -2.42692e-20
etaHat: 124879
186  fE: -3.01852  dfE: 1.6547e-05  dW: 0.00615764  dPhi(Nx/2)(Ny/2)(Nz/2): 0.000167995 Phi A: 0.0194154 Phi B: 0.98053 Phi I: 5.8214e-52
Total charge: -2.42693e-20
etaHat: 124879
187  fE: -3.01852  dfE: 1.65851e-06  dW: 0.00608145  dPhi(Nx/2)(Ny/2)(Nz/2): 0.000156365 Phi A: 0.0194154 Phi B: 0.980544 Phi I: 5.8214e-52
Total charge: -2.42694e-20
etaHat: 124879
188  fE: -3.01854  dfE: 1.78902e-05  dW: 0.00600519  dPhi(Nx/2)(Ny/2)(Nz/2): 0.000143694 Phi A: 0.0194155 Phi B: 0.980559 Phi I: 5.8214e-52
Total charge: -2.42695e-20
etaHat: 124879
189  fE: -3.01857  dfE: 3.15447e-05  dW: 0.00592857  dPhi(Nx/2)(Ny/2)(Nz/2): 0.000130768 Phi A: 0.0194156 Phi B: 0.980573 Phi I: 5.8214e-52
Total charge: -2.42695e-20
etaHat: 124879
190  fE: -3.01861  dfE: 4.22096e-05  dW: 0.00585194  dPhi(Nx/2)(Ny/2)(Nz/2): 0.000118288 Phi A: 0.0194156 Phi B: 0.980586 Phi I: 5.8214e-52
Saving data . . .
Total charge: -2.42695e-20
etaHat: 124879
191  fE: -3.01866  dfE: 4.9664e-05  dW: 0.0057761  dPhi(Nx/2)(Ny/2)(Nz/2): 0.000106844 Phi A: 0.0194156 Phi B: 0.980598 Phi I: 5.8214e-52
Total charge: -2.42694e-20
etaHat: 124879
192  fE: -3.01871  dfE: 5.38698e-05  dW: 0.00570176  dPhi(Nx/2)(Ny/2)(Nz/2): 9.68975e-05 Phi A: 0.0194155 Phi B: 0.980608 Phi I: 5.8214e-52
Total charge: -2.42692e-20
etaHat: 124879
193  fE: -3.01877  dfE: 5.49546e-05  dW: 0.00562942  dPhi(Nx/2)(Ny/2)(Nz/2): 8.87722e-05 Phi A: 0.0194154 Phi B: 0.980616 Phi I: 5.8214e-52
Total charge: -2.4269e-20
etaHat: 124879
194  fE: -3.01882  dfE: 5.31883e-05  dW: 0.00555951  dPhi(Nx/2)(Ny/2)(Nz/2): 8.26556e-05 Phi A: 0.0194152 Phi B: 0.980622 Phi I: 5.8214e-52
Total charge: -2.42687e-20
etaHat: 124879
195  fE: -3.01887  dfE: 4.89547e-05  dW: 0.00549227  dPhi(Nx/2)(Ny/2)(Nz/2): 7.86028e-05 Phi A: 0.019415 Phi B: 0.980625 Phi I: 5.8214e-52
Total charge: -2.42684e-20
etaHat: 124879
196  fE: -3.01891  dfE: 4.2721e-05  dW: 0.0054273  dPhi(Nx/2)(Ny/2)(Nz/2): 7.65495e-05 Phi A: 0.0194147 Phi B: 0.980626 Phi I: 5.8214e-52
Total charge: -2.42681e-20
etaHat: 124879
197  fE: -3.01895  dfE: 3.50054e-05  dW: 0.00536394  dPhi(Nx/2)(Ny/2)(Nz/2): 7.63287e-05 Phi A: 0.0194145 Phi B: 0.980625 Phi I: 5.8214e-52
Total charge: -2.42677e-20
etaHat: 124879
198  fE: -3.01897  dfE: 2.63461e-05  dW: 0.00530183  dPhi(Nx/2)(Ny/2)(Nz/2): 7.76913e-05 Phi A: 0.0194142 Phi B: 0.980622 Phi I: 5.8214e-52
Total charge: -2.42673e-20
etaHat: 124879
199  fE: -3.01899  dfE: 1.72725e-05  dW: 0.00524043  dPhi(Nx/2)(Ny/2)(Nz/2): 8.03279e-05 Phi A: 0.0194139 Phi B: 0.980618 Phi I: 5.8214e-52
Total charge: -2.42669e-20
etaHat: 124879
200  fE: -3.019  dfE: 8.27986e-06  dW: 0.00517919  dPhi(Nx/2)(Ny/2)(Nz/2): 8.38919e-05 Phi A: 0.0194135 Phi B: 0.980613 Phi I: 5.8214e-52
Saving data . . .
Total charge: -2.42666e-20
etaHat: 124879
201  fE: -3.019  dfE: 1.92353e-07  dW: 0.00511767  dPhi(Nx/2)(Ny/2)(Nz/2): 8.80223e-05 Phi A: 0.0194132 Phi B: 0.980606 Phi I: 5.8214e-52
Total charge: -2.42662e-20
etaHat: 124879
202  fE: -3.01899  dfE: 7.77605e-06  dW: 0.00505574  dPhi(Nx/2)(Ny/2)(Nz/2): 9.23641e-05 Phi A: 0.019413 Phi B: 0.9806 Phi I: 5.8214e-52
Total charge: -2.42658e-20
etaHat: 124879
203  fE: -3.01898  dfE: 1.41857e-05  dW: 0.00499339  dPhi(Nx/2)(Ny/2)(Nz/2): 9.65867e-05 Phi A: 0.0194127 Phi B: 0.980594 Phi I: 5.8214e-52
Total charge: -2.42655e-20
etaHat: 124879
204  fE: -3.01896  dfE: 1.9224e-05  dW: 0.00493096  dPhi(Nx/2)(Ny/2)(Nz/2): 0.000100399 Phi A: 0.0194124 Phi B: 0.980588 Phi I: 5.8214e-52
Total charge: -2.42653e-20
etaHat: 124879
205  fE: -3.01894  dfE: 2.27823e-05  dW: 0.00486878  dPhi(Nx/2)(Ny/2)(Nz/2): 0.000103561 Phi A: 0.0194122 Phi B: 0.980582 Phi I: 5.8214e-52
Total charge: -2.4265e-20
etaHat: 124879
206  fE: -3.01891  dfE: 2.4837e-05  dW: 0.00480726  dPhi(Nx/2)(Ny/2)(Nz/2): 0.000105892 Phi A: 0.019412 Phi B: 0.980578 Phi I: 5.8214e-52
Total charge: -2.42649e-20
etaHat: 124879
207  fE: -3.01889  dfE: 2.54421e-05  dW: 0.00474671  dPhi(Nx/2)(Ny/2)(Nz/2): 0.000107273 Phi A: 0.0194119 Phi B: 0.980574 Phi I: 5.8214e-52
Total charge: -2.42647e-20
etaHat: 124879
208  fE: -3.01886  dfE: 2.47177e-05  dW: 0.00468728  dPhi(Nx/2)(Ny/2)(Nz/2): 0.000107649 Phi A: 0.0194118 Phi B: 0.980572 Phi I: 5.8214e-52
Total charge: -2.42646e-20
etaHat: 124879
209  fE: -3.01884  dfE: 2.28382e-05  dW: 0.00462911  dPhi(Nx/2)(Ny/2)(Nz/2): 0.000107022 Phi A: 0.0194117 Phi B: 0.98057 Phi I: 5.8214e-52
Total charge: -2.42645e-20
etaHat: 124879
210  fE: -3.01882  dfE: 2.00168e-05  dW: 0.00457234  dPhi(Nx/2)(Ny/2)(Nz/2): 0.000105453 Phi A: 0.0194116 Phi B: 0.98057 Phi I: 5.8214e-52
Saving data . . .
Total charge: -2.42645e-20
etaHat: 124879
211  fE: -3.0188  dfE: 1.6492e-05  dW: 0.00451706  dPhi(Nx/2)(Ny/2)(Nz/2): 0.000103045 Phi A: 0.0194116 Phi B: 0.98057 Phi I: 5.8214e-52
Total charge: -2.42644e-20
etaHat: 124879
212  fE: -3.01879  dfE: 1.25123e-05  dW: 0.0044633  dPhi(Nx/2)(Ny/2)(Nz/2): 9.99399e-05 Phi A: 0.0194115 Phi B: 0.980572 Phi I: 5.8214e-52
Total charge: -2.42644e-20
etaHat: 124879
213  fE: -3.01878  dfE: 8.32295e-06  dW: 0.00441082  dPhi(Nx/2)(Ny/2)(Nz/2): 9.63044e-05 Phi A: 0.0194115 Phi B: 0.980574 Phi I: 5.8214e-52
Total charge: -2.42644e-20
etaHat: 124879
214  fE: -3.01878  dfE: 4.15442e-06  dW: 0.0043594  dPhi(Nx/2)(Ny/2)(Nz/2): 9.23212e-05 Phi A: 0.0194115 Phi B: 0.980576 Phi I: 5.8214e-52
Total charge: -2.42644e-20
etaHat: 124879
215  fE: -3.01878  dfE: 2.12099e-07  dW: 0.00430893  dPhi(Nx/2)(Ny/2)(Nz/2): 8.81777e-05 Phi A: 0.0194115 Phi B: 0.980579 Phi I: 5.8214e-52
Total charge: -2.42644e-20
etaHat: 124879
216  fE: -3.01878  dfE: 3.3312e-06  dW: 0.00425929  dPhi(Nx/2)(Ny/2)(Nz/2): 8.40563e-05 Phi A: 0.0194115 Phi B: 0.980582 Phi I: 5.8214e-52
Total charge: -2.42644e-20
etaHat: 124879
217  fE: -3.01879  dfE: 6.34045e-06  dW: 0.0042105  dPhi(Nx/2)(Ny/2)(Nz/2): 8.01258e-05 Phi A: 0.0194115 Phi B: 0.980586 Phi I: 5.8214e-52
Total charge: -2.42644e-20
etaHat: 124879
218  fE: -3.0188  dfE: 8.72125e-06  dW: 0.00416248  dPhi(Nx/2)(Ny/2)(Nz/2): 7.65341e-05 Phi A: 0.0194115 Phi B: 0.980588 Phi I: 5.8214e-52
Total charge: -2.42644e-20
etaHat: 124879
219  fE: -3.01881  dfE: 1.04203e-05  dW: 0.0041153  dPhi(Nx/2)(Ny/2)(Nz/2): 7.34032e-05 Phi A: 0.0194115 Phi B: 0.980591 Phi I: 5.8214e-52
Total charge: -2.42644e-20
etaHat: 124879
220  fE: -3.01882  dfE: 1.14237e-05  dW: 0.00406897  dPhi(Nx/2)(Ny/2)(Nz/2): 7.0825e-05 Phi A: 0.0194115 Phi B: 0.980593 Phi I: 5.8214e-52
Saving data . . .
Total charge: -2.42643e-20
etaHat: 124879
221  fE: -3.01883  dfE: 1.17538e-05  dW: 0.0040235  dPhi(Nx/2)(Ny/2)(Nz/2): 6.88601e-05 Phi A: 0.0194115 Phi B: 0.980595 Phi I: 5.8214e-52
Total charge: -2.42643e-20
etaHat: 124879
222  fE: -3.01884  dfE: 1.1464e-05  dW: 0.00397883  dPhi(Nx/2)(Ny/2)(Nz/2): 6.7537e-05 Phi A: 0.0194114 Phi B: 0.980596 Phi I: 5.8214e-52
Total charge: -2.42642e-20
etaHat: 124879
223  fE: -3.01885  dfE: 1.06331e-05  dW: 0.00393495  dPhi(Nx/2)(Ny/2)(Nz/2): 6.68542e-05 Phi A: 0.0194114 Phi B: 0.980597 Phi I: 5.8214e-52
Total charge: -2.42641e-20
etaHat: 124879
224  fE: -3.01886  dfE: 9.35875e-06  dW: 0.0038918  dPhi(Nx/2)(Ny/2)(Nz/2): 6.67824e-05 Phi A: 0.0194113 Phi B: 0.980597 Phi I: 5.8214e-52
Total charge: -2.4264e-20
etaHat: 124879
225  fE: -3.01887  dfE: 7.7504e-06  dW: 0.00384934  dPhi(Nx/2)(Ny/2)(Nz/2): 6.72687e-05 Phi A: 0.0194112 Phi B: 0.980597 Phi I: 5.8214e-52
Total charge: -2.4264e-20
etaHat: 124879
226  fE: -3.01887  dfE: 5.92288e-06  dW: 0.00380743  dPhi(Nx/2)(Ny/2)(Nz/2): 6.8241e-05 Phi A: 0.0194112 Phi B: 0.980597 Phi I: 5.8214e-52
Total charge: -2.42639e-20
etaHat: 124879
227  fE: -3.01888  dfE: 3.98996e-06  dW: 0.00376604  dPhi(Nx/2)(Ny/2)(Nz/2): 6.96129e-05 Phi A: 0.0194111 Phi B: 0.980596 Phi I: 5.8214e-52
Total charge: -2.42638e-20
etaHat: 124879
228  fE: -3.01888  dfE: 2.05889e-06  dW: 0.00372515  dPhi(Nx/2)(Ny/2)(Nz/2): 7.12895e-05 Phi A: 0.019411 Phi B: 0.980595 Phi I: 5.8214e-52
Total charge: -2.42637e-20
etaHat: 124879
229  fE: -3.01888  dfE: 2.2566e-07  dW: 0.00368468  dPhi(Nx/2)(Ny/2)(Nz/2): 7.31717e-05 Phi A: 0.0194109 Phi B: 0.980593 Phi I: 5.8214e-52
Total charge: -2.42636e-20
etaHat: 124879
230  fE: -3.01888  dfE: 1.42857e-06  dW: 0.00364465  dPhi(Nx/2)(Ny/2)(Nz/2): 7.51617e-05 Phi A: 0.0194109 Phi B: 0.980592 Phi I: 5.8214e-52
Saving data . . .
Total charge: -2.42635e-20
etaHat: 124879
231  fE: -3.01888  dfE: 2.83998e-06  dW: 0.00360511  dPhi(Nx/2)(Ny/2)(Nz/2): 7.7167e-05 Phi A: 0.0194108 Phi B: 0.980591 Phi I: 5.8214e-52
Total charge: -2.42634e-20
etaHat: 124879
232  fE: -3.01887  dfE: 3.96347e-06  dW: 0.00356607  dPhi(Nx/2)(Ny/2)(Nz/2): 7.91039e-05 Phi A: 0.0194108 Phi B: 0.980589 Phi I: 5.8214e-52
Total charge: -2.42634e-20
etaHat: 124879
233  fE: -3.01887  dfE: 4.77298e-06  dW: 0.0035275  dPhi(Nx/2)(Ny/2)(Nz/2): 8.09004e-05 Phi A: 0.0194107 Phi B: 0.980588 Phi I: 5.8214e-52
Total charge: -2.42633e-20
etaHat: 124879
234  fE: -3.01886  dfE: 5.26078e-06  dW: 0.00348948  dPhi(Nx/2)(Ny/2)(Nz/2): 8.24981e-05 Phi A: 0.0194107 Phi B: 0.980587 Phi I: 5.8214e-52
Total charge: -2.42633e-20
etaHat: 124879
235  fE: -3.01886  dfE: 5.43598e-06  dW: 0.00345201  dPhi(Nx/2)(Ny/2)(Nz/2): 8.38532e-05 Phi A: 0.0194106 Phi B: 0.980587 Phi I: 5.8214e-52
Total charge: -2.42632e-20
etaHat: 124879
236  fE: -3.01885  dfE: 5.32228e-06  dW: 0.00341506  dPhi(Nx/2)(Ny/2)(Nz/2): 8.49373e-05 Phi A: 0.0194106 Phi B: 0.980586 Phi I: 5.8214e-52
Total charge: -2.42632e-20
etaHat: 124879
237  fE: -3.01885  dfE: 4.95535e-06  dW: 0.00337869  dPhi(Nx/2)(Ny/2)(Nz/2): 8.57361e-05 Phi A: 0.0194106 Phi B: 0.980586 Phi I: 5.8214e-52
Total charge: -2.42632e-20
etaHat: 124879
238  fE: -3.01884  dfE: 4.37974e-06  dW: 0.00334293  dPhi(Nx/2)(Ny/2)(Nz/2): 8.62491e-05 Phi A: 0.0194105 Phi B: 0.980586 Phi I: 5.8214e-52
Total charge: -2.42632e-20
etaHat: 124879
239  fE: -3.01884  dfE: 3.64578e-06  dW: 0.00330774  dPhi(Nx/2)(Ny/2)(Nz/2): 8.64875e-05 Phi A: 0.0194105 Phi B: 0.980586 Phi I: 5.8214e-52
Total charge: -2.42631e-20
etaHat: 124879
240  fE: -3.01884  dfE: 2.80646e-06  dW: 0.00327307  dPhi(Nx/2)(Ny/2)(Nz/2): 8.64725e-05 Phi A: 0.0194105 Phi B: 0.980586 Phi I: 5.8214e-52
Saving data . . .
Total charge: -2.42631e-20
etaHat: 124879
241  fE: -3.01883  dfE: 1.91451e-06  dW: 0.0032389  dPhi(Nx/2)(Ny/2)(Nz/2): 8.6233e-05 Phi A: 0.0194105 Phi B: 0.980586 Phi I: 5.8214e-52
Total charge: -2.42631e-20
etaHat: 124879
242  fE: -3.01883  dfE: 1.01981e-06  dW: 0.00320522  dPhi(Nx/2)(Ny/2)(Nz/2): 8.58031e-05 Phi A: 0.0194105 Phi B: 0.980587 Phi I: 5.8214e-52
Total charge: -2.42631e-20
etaHat: 124879
243  fE: -3.01883  dfE: 1.67206e-07  dW: 0.00317205  dPhi(Nx/2)(Ny/2)(Nz/2): 8.522e-05 Phi A: 0.0194105 Phi B: 0.980587 Phi I: 5.8214e-52
Total charge: -2.42631e-20
etaHat: 124879
244  fE: -3.01883  dfE: 6.0522e-07  dW: 0.00313936  dPhi(Nx/2)(Ny/2)(Nz/2): 8.45214e-05 Phi A: 0.0194105 Phi B: 0.980588 Phi I: 5.8214e-52
Total charge: -2.42631e-20
etaHat: 124879
245  fE: -3.01883  dfE: 1.26732e-06  dW: 0.00310715  dPhi(Nx/2)(Ny/2)(Nz/2): 8.37443e-05 Phi A: 0.0194105 Phi B: 0.980589 Phi I: 5.8214e-52
Total charge: -2.42631e-20
etaHat: 124879
246  fE: -3.01884  dfE: 1.79759e-06  dW: 0.00307539  dPhi(Nx/2)(Ny/2)(Nz/2): 8.29226e-05 Phi A: 0.0194105 Phi B: 0.980589 Phi I: 5.8214e-52
Total charge: -2.42631e-20
etaHat: 124879
247  fE: -3.01884  dfE: 2.1833e-06  dW: 0.00304409  dPhi(Nx/2)(Ny/2)(Nz/2): 8.20858e-05 Phi A: 0.0194105 Phi B: 0.98059 Phi I: 5.8214e-52
Total charge: -2.42631e-20
etaHat: 124879
248  fE: -3.01884  dfE: 2.42025e-06  dW: 0.00301323  dPhi(Nx/2)(Ny/2)(Nz/2): 8.12586e-05 Phi A: 0.0194105 Phi B: 0.98059 Phi I: 5.8214e-52
Total charge: -2.42631e-20
etaHat: 124879
249  fE: -3.01884  dfE: 2.51208e-06  dW: 0.00298279  dPhi(Nx/2)(Ny/2)(Nz/2): 8.04598e-05 Phi A: 0.0194105 Phi B: 0.980591 Phi I: 5.8214e-52
Total charge: -2.42631e-20
etaHat: 124879
250  fE: -3.01885  dfE: 2.46931e-06  dW: 0.00295275  dPhi(Nx/2)(Ny/2)(Nz/2): 7.97022e-05 Phi A: 0.0194105 Phi B: 0.980591 Phi I: 5.8214e-52
Saving data . . .
Total charge: -2.42631e-20
etaHat: 124879
251  fE: -3.01885  dfE: 2.30802e-06  dW: 0.00292314  dPhi(Nx/2)(Ny/2)(Nz/2): 7.8993e-05 Phi A: 0.0194104 Phi B: 0.980591 Phi I: 5.8214e-52
Total charge: -2.4263e-20
etaHat: 124879
252  fE: -3.01885  dfE: 2.04857e-06  dW: 0.00289392  dPhi(Nx/2)(Ny/2)(Nz/2): 7.83339e-05 Phi A: 0.0194104 Phi B: 0.980591 Phi I: 5.8214e-52
Total charge: -2.4263e-20
etaHat: 124879
253  fE: -3.01885  dfE: 1.71406e-06  dW: 0.00286506  dPhi(Nx/2)(Ny/2)(Nz/2): 7.77217e-05 Phi A: 0.0194104 Phi B: 0.980591 Phi I: 5.8214e-52
Total charge: -2.4263e-20
etaHat: 124879
254  fE: -3.01885  dfE: 1.32895e-06  dW: 0.00283658  dPhi(Nx/2)(Ny/2)(Nz/2): 7.71495e-05 Phi A: 0.0194104 Phi B: 0.980591 Phi I: 5.8214e-52
Total charge: -2.4263e-20
etaHat: 124879
255  fE: -3.01885  dfE: 9.17687e-07  dW: 0.00280846  dPhi(Nx/2)(Ny/2)(Nz/2): 7.66073e-05 Phi A: 0.0194104 Phi B: 0.980591 Phi I: 5.8214e-52
Total charge: -2.42629e-20
etaHat: 124879
256  fE: -3.01885  dfE: 5.0346e-07  dW: 0.0027807  dPhi(Nx/2)(Ny/2)(Nz/2): 7.60832e-05 Phi A: 0.0194104 Phi B: 0.980591 Phi I: 5.8214e-52
Total charge: -2.42629e-20
etaHat: 124879
257  fE: -3.01885  dfE: 1.07211e-07  dW: 0.00275328  dPhi(Nx/2)(Ny/2)(Nz/2): 7.55644e-05 Phi A: 0.0194103 Phi B: 0.980591 Phi I: 5.8214e-52
Total charge: -2.42629e-20
etaHat: 124879
258  fE: -3.01885  dfE: 2.53188e-07  dW: 0.00272619  dPhi(Nx/2)(Ny/2)(Nz/2): 7.50377e-05 Phi A: 0.0194103 Phi B: 0.98059 Phi I: 5.8214e-52
Total charge: -2.42629e-20
etaHat: 124879
259  fE: -3.01885  dfE: 5.63509e-07  dW: 0.00269944  dPhi(Nx/2)(Ny/2)(Nz/2): 7.44912e-05 Phi A: 0.0194103 Phi B: 0.98059 Phi I: 5.8214e-52
Total charge: -2.42629e-20
etaHat: 124879
260  fE: -3.01885  dfE: 8.13493e-07  dW: 0.00267301  dPhi(Nx/2)(Ny/2)(Nz/2): 7.39143e-05 Phi A: 0.0194103 Phi B: 0.98059 Phi I: 5.8214e-52
Saving data . . .
Total charge: -2.42629e-20
etaHat: 124879
261  fE: -3.01885  dfE: 9.96953e-07  dW: 0.00264689  dPhi(Nx/2)(Ny/2)(Nz/2): 7.32982e-05 Phi A: 0.0194103 Phi B: 0.98059 Phi I: 5.8214e-52
Total charge: -2.42628e-20
etaHat: 124879
262  fE: -3.01885  dfE: 1.11166e-06  dW: 0.00262108  dPhi(Nx/2)(Ny/2)(Nz/2): 7.26371e-05 Phi A: 0.0194103 Phi B: 0.980589 Phi I: 5.8214e-52
Total charge: -2.42628e-20
etaHat: 124879
263  fE: -3.01885  dfE: 1.15903e-06  dW: 0.00259561  dPhi(Nx/2)(Ny/2)(Nz/2): 7.19274e-05 Phi A: 0.0194103 Phi B: 0.980589 Phi I: 5.8214e-52
Total charge: -2.42628e-20
etaHat: 124879
264  fE: -3.01885  dfE: 1.14371e-06  dW: 0.00257048  dPhi(Nx/2)(Ny/2)(Nz/2): 7.11684e-05 Phi A: 0.0194103 Phi B: 0.980589 Phi I: 5.8214e-52
Total charge: -2.42628e-20
etaHat: 124879
265  fE: -3.01885  dfE: 1.07295e-06  dW: 0.00254568  dPhi(Nx/2)(Ny/2)(Nz/2): 7.0362e-05 Phi A: 0.0194102 Phi B: 0.980589 Phi I: 5.8214e-52
Total charge: -2.42628e-20
etaHat: 124879
266  fE: -3.01885  dfE: 9.56046e-07  dW: 0.00252119  dPhi(Nx/2)(Ny/2)(Nz/2): 6.95125e-05 Phi A: 0.0194102 Phi B: 0.980589 Phi I: 5.8214e-52
Total charge: -2.42628e-20
etaHat: 124879
267  fE: -3.01885  dfE: 8.03602e-07  dW: 0.00249703  dPhi(Nx/2)(Ny/2)(Nz/2): 6.86261e-05 Phi A: 0.0194102 Phi B: 0.980589 Phi I: 5.8214e-52
Total charge: -2.42628e-20
etaHat: 124879
268  fE: -3.01884  dfE: 6.26903e-07  dW: 0.00247317  dPhi(Nx/2)(Ny/2)(Nz/2): 6.77109e-05 Phi A: 0.0194102 Phi B: 0.980589 Phi I: 5.8214e-52
Total charge: -2.42628e-20
etaHat: 124879
269  fE: -3.01884  dfE: 4.37266e-07  dW: 0.00244963  dPhi(Nx/2)(Ny/2)(Nz/2): 6.67759e-05 Phi A: 0.0194102 Phi B: 0.980589 Phi I: 5.8214e-52
Total charge: -2.42628e-20
etaHat: 124879
270  fE: -3.01884  dfE: 2.45479e-07  dW: 0.00242637  dPhi(Nx/2)(Ny/2)(Nz/2): 6.58308e-05 Phi A: 0.0194102 Phi B: 0.980589 Phi I: 5.8214e-52
Saving data . . .
Total charge: -2.42628e-20
etaHat: 124879
271  fE: -3.01884  dfE: 6.13156e-08  dW: 0.00240341  dPhi(Nx/2)(Ny/2)(Nz/2): 6.48857e-05 Phi A: 0.0194102 Phi B: 0.980589 Phi I: 5.8214e-52
Total charge: -2.42628e-20
etaHat: 124879
272  fE: -3.01884  dfE: 1.06842e-07  dW: 0.00238074  dPhi(Nx/2)(Ny/2)(Nz/2): 6.39501e-05 Phi A: 0.0194102 Phi B: 0.980589 Phi I: 5.8214e-52
Total charge: -2.42628e-20
etaHat: 124879
273  fE: -3.01884  dfE: 2.52282e-07  dW: 0.00235835  dPhi(Nx/2)(Ny/2)(Nz/2): 6.30331e-05 Phi A: 0.0194102 Phi B: 0.98059 Phi I: 5.8214e-52
Total charge: -2.42628e-20
etaHat: 124879
274  fE: -3.01884  dfE: 3.70119e-07  dW: 0.00233623  dPhi(Nx/2)(Ny/2)(Nz/2): 6.21426e-05 Phi A: 0.0194102 Phi B: 0.98059 Phi I: 5.8214e-52
Total charge: -2.42628e-20
etaHat: 124879
275  fE: -3.01885  dfE: 4.57351e-07  dW: 0.00231439  dPhi(Nx/2)(Ny/2)(Nz/2): 6.12854e-05 Phi A: 0.0194102 Phi B: 0.98059 Phi I: 5.8214e-52
Total charge: -2.42628e-20
etaHat: 124879
276  fE: -3.01885  dfE: 5.12809e-07  dW: 0.00229282  dPhi(Nx/2)(Ny/2)(Nz/2): 6.04668e-05 Phi A: 0.0194102 Phi B: 0.98059 Phi I: 5.8214e-52
Total charge: -2.42628e-20
etaHat: 124879
277  fE: -3.01885  dfE: 5.37031e-07  dW: 0.00227152  dPhi(Nx/2)(Ny/2)(Nz/2): 5.96904e-05 Phi A: 0.0194102 Phi B: 0.98059 Phi I: 5.8214e-52
Total charge: -2.42628e-20
etaHat: 124879
278  fE: -3.01885  dfE: 5.32053e-07  dW: 0.00225047  dPhi(Nx/2)(Ny/2)(Nz/2): 5.89583e-05 Phi A: 0.0194102 Phi B: 0.98059 Phi I: 5.8214e-52
Total charge: -2.42628e-20
etaHat: 124879
279  fE: -3.01885  dfE: 5.01154e-07  dW: 0.00222968  dPhi(Nx/2)(Ny/2)(Nz/2): 5.82713e-05 Phi A: 0.0194102 Phi B: 0.98059 Phi I: 5.8214e-52
Total charge: -2.42628e-20
etaHat: 124879
280  fE: -3.01885  dfE: 4.48565e-07  dW: 0.00220913  dPhi(Nx/2)(Ny/2)(Nz/2): 5.76286e-05 Phi A: 0.0194102 Phi B: 0.98059 Phi I: 5.8214e-52
Saving data . . .
Total charge: -2.42627e-20
etaHat: 124879
281  fE: -3.01885  dfE: 3.79156e-07  dW: 0.00218883  dPhi(Nx/2)(Ny/2)(Nz/2): 5.70281e-05 Phi A: 0.0194102 Phi B: 0.98059 Phi I: 5.8214e-52
Total charge: -2.42627e-20
etaHat: 124879
282  fE: -3.01885  dfE: 2.9813e-07  dW: 0.00216878  dPhi(Nx/2)(Ny/2)(Nz/2): 5.64668e-05 Phi A: 0.0194102 Phi B: 0.98059 Phi I: 5.8214e-52
Total charge: -2.42627e-20
etaHat: 124879
283  fE: -3.01885  dfE: 2.10729e-07  dW: 0.00214896  dPhi(Nx/2)(Ny/2)(Nz/2): 5.5941e-05 Phi A: 0.0194102 Phi B: 0.98059 Phi I: 5.8214e-52
Total charge: -2.42627e-20
etaHat: 124879
284  fE: -3.01885  dfE: 1.21967e-07  dW: 0.00212937  dPhi(Nx/2)(Ny/2)(Nz/2): 5.54463e-05 Phi A: 0.0194102 Phi B: 0.98059 Phi I: 5.8214e-52
Total charge: -2.42627e-20
etaHat: 124879
285  fE: -3.01885  dfE: 3.64062e-08  dW: 0.00211002  dPhi(Nx/2)(Ny/2)(Nz/2): 5.4978e-05 Phi A: 0.0194102 Phi B: 0.98059 Phi I: 5.8214e-52
Total charge: -2.42627e-20
etaHat: 124879
286  fE: -3.01885  dfE: 4.20253e-08  dW: 0.0020909  dPhi(Nx/2)(Ny/2)(Nz/2): 5.45315e-05 Phi A: 0.0194102 Phi B: 0.98059 Phi I: 5.8214e-52
Total charge: -2.42627e-20
etaHat: 124879
287  fE: -3.01885  dfE: 1.10162e-07  dW: 0.002072  dPhi(Nx/2)(Ny/2)(Nz/2): 5.41022e-05 Phi A: 0.0194102 Phi B: 0.98059 Phi I: 5.8214e-52
Total charge: -2.42627e-20
etaHat: 124879
288  fE: -3.01885  dfE: 1.65678e-07  dW: 0.00205331  dPhi(Nx/2)(Ny/2)(Nz/2): 5.36859e-05 Phi A: 0.0194102 Phi B: 0.98059 Phi I: 5.8214e-52
Total charge: -2.42627e-20
etaHat: 124879
289  fE: -3.01885  dfE: 2.07121e-07  dW: 0.00203484  dPhi(Nx/2)(Ny/2)(Nz/2): 5.32788e-05 Phi A: 0.0194102 Phi B: 0.98059 Phi I: 5.8214e-52
Total charge: -2.42627e-20
etaHat: 124879
290  fE: -3.01885  dfE: 2.33887e-07  dW: 0.00201659  dPhi(Nx/2)(Ny/2)(Nz/2): 5.28778e-05 Phi A: 0.0194102 Phi B: 0.98059 Phi I: 5.8214e-52
Saving data . . .
Total charge: -2.42627e-20
etaHat: 124879
291  fE: -3.01885  dfE: 2.46168e-07  dW: 0.00199855  dPhi(Nx/2)(Ny/2)(Nz/2): 5.24803e-05 Phi A: 0.0194102 Phi B: 0.98059 Phi I: 5.8214e-52
Total charge: -2.42627e-20
etaHat: 124879
292  fE: -3.01885  dfE: 2.44856e-07  dW: 0.00198073  dPhi(Nx/2)(Ny/2)(Nz/2): 5.20844e-05 Phi A: 0.0194102 Phi B: 0.98059 Phi I: 5.8214e-52
Total charge: -2.42627e-20
etaHat: 124879
293  fE: -3.01885  dfE: 2.31428e-07  dW: 0.00196312  dPhi(Nx/2)(Ny/2)(Nz/2): 5.16889e-05 Phi A: 0.0194102 Phi B: 0.98059 Phi I: 5.8214e-52
Total charge: -2.42627e-20
etaHat: 124879
294  fE: -3.01885  dfE: 2.07812e-07  dW: 0.00194571  dPhi(Nx/2)(Ny/2)(Nz/2): 5.12933e-05 Phi A: 0.0194102 Phi B: 0.98059 Phi I: 5.8214e-52
Total charge: -2.42627e-20
etaHat: 124879
295  fE: -3.01885  dfE: 1.76242e-07  dW: 0.00192849  dPhi(Nx/2)(Ny/2)(Nz/2): 5.08974e-05 Phi A: 0.0194102 Phi B: 0.98059 Phi I: 5.8214e-52
Total charge: -2.42627e-20
etaHat: 124879
296  fE: -3.01885  dfE: 1.39116e-07  dW: 0.00191148  dPhi(Nx/2)(Ny/2)(Nz/2): 5.05017e-05 Phi A: 0.0194102 Phi B: 0.98059 Phi I: 5.8214e-52
Total charge: -2.42627e-20
etaHat: 124879
297  fE: -3.01885  dfE: 9.88613e-08  dW: 0.00189467  dPhi(Nx/2)(Ny/2)(Nz/2): 5.0107e-05 Phi A: 0.0194102 Phi B: 0.98059 Phi I: 5.8214e-52
Total charge: -2.42627e-20
etaHat: 124879
298  fE: -3.01885  dfE: 5.78074e-08  dW: 0.00187806  dPhi(Nx/2)(Ny/2)(Nz/2): 4.97144e-05 Phi A: 0.0194102 Phi B: 0.98059 Phi I: 5.8214e-52
Total charge: -2.42627e-20
etaHat: 124879
299  fE: -3.01885  dfE: 1.80828e-08  dW: 0.00186164  dPhi(Nx/2)(Ny/2)(Nz/2): 4.93251e-05 Phi A: 0.0194102 Phi B: 0.98059 Phi I: 5.8214e-52
Total charge: -2.42627e-20
etaHat: 124879
300  fE: -3.01885  dfE: 1.84716e-08  dW: 0.0018454  dPhi(Nx/2)(Ny/2)(Nz/2): 4.89403e-05 Phi A: 0.0194102 Phi B: 0.98059 Phi I: 5.8214e-52
Saving data . . .
Total charge: -2.42627e-20
etaHat: 124879
301  fE: -3.01885  dfE: 5.03639e-08  dW: 0.00182935  dPhi(Nx/2)(Ny/2)(Nz/2): 4.85614e-05 Phi A: 0.0194101 Phi B: 0.98059 Phi I: 5.8214e-52
Total charge: -2.42627e-20
etaHat: 124879
302  fE: -3.01885  dfE: 7.6489e-08  dW: 0.00181347  dPhi(Nx/2)(Ny/2)(Nz/2): 4.81895e-05 Phi A: 0.0194101 Phi B: 0.98059 Phi I: 5.8214e-52
Total charge: -2.42627e-20
etaHat: 124879
303  fE: -3.01885  dfE: 9.61441e-08  dW: 0.00179778  dPhi(Nx/2)(Ny/2)(Nz/2): 4.78256e-05 Phi A: 0.0194101 Phi B: 0.98059 Phi I: 5.8214e-52
Total charge: -2.42627e-20
etaHat: 124879
304  fE: -3.01885  dfE: 1.09021e-07  dW: 0.00178226  dPhi(Nx/2)(Ny/2)(Nz/2): 4.74703e-05 Phi A: 0.0194101 Phi B: 0.98059 Phi I: 5.8214e-52
Total charge: -2.42627e-20
etaHat: 124879
305  fE: -3.01885  dfE: 1.15183e-07  dW: 0.00176692  dPhi(Nx/2)(Ny/2)(Nz/2): 4.71243e-05 Phi A: 0.0194101 Phi B: 0.98059 Phi I: 5.8214e-52
Total charge: -2.42627e-20
etaHat: 124879
306  fE: -3.01885  dfE: 1.15018e-07  dW: 0.00175175  dPhi(Nx/2)(Ny/2)(Nz/2): 4.67876e-05 Phi A: 0.0194101 Phi B: 0.98059 Phi I: 5.8214e-52
Total charge: -2.42627e-20
etaHat: 124879
307  fE: -3.01885  dfE: 1.09191e-07  dW: 0.00173674  dPhi(Nx/2)(Ny/2)(Nz/2): 4.64603e-05 Phi A: 0.0194101 Phi B: 0.98059 Phi I: 5.8214e-52
Total charge: -2.42627e-20
etaHat: 124879
308  fE: -3.01885  dfE: 9.85804e-08  dW: 0.00172191  dPhi(Nx/2)(Ny/2)(Nz/2): 4.6142e-05 Phi A: 0.0194101 Phi B: 0.98059 Phi I: 5.8214e-52
Total charge: -2.42627e-20
etaHat: 124879
309  fE: -3.01885  dfE: 8.42099e-08  dW: 0.00170723  dPhi(Nx/2)(Ny/2)(Nz/2): 4.58321e-05 Phi A: 0.0194101 Phi B: 0.98059 Phi I: 5.8214e-52
Total charge: -2.42627e-20
etaHat: 124879
310  fE: -3.01885  dfE: 6.71851e-08  dW: 0.0016927  dPhi(Nx/2)(Ny/2)(Nz/2): 4.55301e-05 Phi A: 0.0194101 Phi B: 0.98059 Phi I: 5.8214e-52
Saving data . . .
Total charge: -2.42627e-20
etaHat: 124879
311  fE: -3.01885  dfE: 4.86292e-08  dW: 0.00167833  dPhi(Nx/2)(Ny/2)(Nz/2): 4.5235e-05 Phi A: 0.0194101 Phi B: 0.98059 Phi I: 5.8214e-52
Total charge: -2.42627e-20
etaHat: 124879
312  fE: -3.01885  dfE: 2.96245e-08  dW: 0.00166412  dPhi(Nx/2)(Ny/2)(Nz/2): 4.49458e-05 Phi A: 0.0194101 Phi B: 0.98059 Phi I: 5.8214e-52
Total charge: -2.42627e-20
etaHat: 124879
313  fE: -3.01885  dfE: 1.11638e-08  dW: 0.00165005  dPhi(Nx/2)(Ny/2)(Nz/2): 4.46615e-05 Phi A: 0.0194101 Phi B: 0.98059 Phi I: 5.8214e-52
Total charge: -2.42627e-20
etaHat: 124879
314  fE: -3.01885  dfE: 5.89064e-09  dW: 0.00163614  dPhi(Nx/2)(Ny/2)(Nz/2): 4.43811e-05 Phi A: 0.0194101 Phi B: 0.98059 Phi I: 5.8214e-52
Total charge: -2.42627e-20
etaHat: 124879
315  fE: -3.01885  dfE: 2.0836e-08  dW: 0.00162238  dPhi(Nx/2)(Ny/2)(Nz/2): 4.41036e-05 Phi A: 0.0194101 Phi B: 0.98059 Phi I: 5.8214e-52
Total charge: -2.42627e-20
etaHat: 124879
316  fE: -3.01885  dfE: 3.31473e-08  dW: 0.00160876  dPhi(Nx/2)(Ny/2)(Nz/2): 4.38282e-05 Phi A: 0.0194101 Phi B: 0.98059 Phi I: 5.8214e-52
Total charge: -2.42627e-20
etaHat: 124879
317  fE: -3.01885  dfE: 4.24856e-08  dW: 0.00159529  dPhi(Nx/2)(Ny/2)(Nz/2): 4.35539e-05 Phi A: 0.0194101 Phi B: 0.98059 Phi I: 5.8214e-52
Total charge: -2.42627e-20
etaHat: 124879
318  fE: -3.01885  dfE: 4.86949e-08  dW: 0.00158197  dPhi(Nx/2)(Ny/2)(Nz/2): 4.32802e-05 Phi A: 0.0194101 Phi B: 0.98059 Phi I: 5.8214e-52
Total charge: -2.42627e-20
etaHat: 124879
319  fE: -3.01885  dfE: 5.17913e-08  dW: 0.00156878  dPhi(Nx/2)(Ny/2)(Nz/2): 4.30063e-05 Phi A: 0.0194101 Phi B: 0.98059 Phi I: 5.8214e-52
Total charge: -2.42627e-20
etaHat: 124879
320  fE: -3.01885  dfE: 5.19444e-08  dW: 0.00155574  dPhi(Nx/2)(Ny/2)(Nz/2): 4.27321e-05 Phi A: 0.0194101 Phi B: 0.98059 Phi I: 5.8214e-52
Saving data . . .
Total charge: -2.42627e-20
etaHat: 124879
321  fE: -3.01885  dfE: 4.94526e-08  dW: 0.00154283  dPhi(Nx/2)(Ny/2)(Nz/2): 4.2457e-05 Phi A: 0.0194101 Phi B: 0.98059 Phi I: 5.8214e-52
Total charge: -2.42627e-20
etaHat: 124879
322  fE: -3.01885  dfE: 4.47152e-08  dW: 0.00153006  dPhi(Nx/2)(Ny/2)(Nz/2): 4.21811e-05 Phi A: 0.0194101 Phi B: 0.98059 Phi I: 5.8214e-52
Total charge: -2.42627e-20
etaHat: 124879
323  fE: -3.01885  dfE: 3.82019e-08  dW: 0.00151741  dPhi(Nx/2)(Ny/2)(Nz/2): 4.19043e-05 Phi A: 0.0194101 Phi B: 0.98059 Phi I: 5.8214e-52
Total charge: -2.42627e-20
etaHat: 124879
324  fE: -3.01885  dfE: 3.04218e-08  dW: 0.0015049  dPhi(Nx/2)(Ny/2)(Nz/2): 4.16267e-05 Phi A: 0.0194101 Phi B: 0.98059 Phi I: 5.8214e-52
Total charge: -2.42627e-20
etaHat: 124879
325  fE: -3.01885  dfE: 2.18944e-08  dW: 0.00149252  dPhi(Nx/2)(Ny/2)(Nz/2): 4.13485e-05 Phi A: 0.0194101 Phi B: 0.98059 Phi I: 5.8214e-52
Total charge: -2.42627e-20
etaHat: 124879
326  fE: -3.01885  dfE: 1.31228e-08  dW: 0.00148026  dPhi(Nx/2)(Ny/2)(Nz/2): 4.10698e-05 Phi A: 0.0194101 Phi B: 0.98059 Phi I: 5.8214e-52
Total charge: -2.42627e-20
etaHat: 124879
327  fE: -3.01885  dfE: 4.56942e-09  dW: 0.00146813  dPhi(Nx/2)(Ny/2)(Nz/2): 4.07911e-05 Phi A: 0.0194101 Phi B: 0.98059 Phi I: 5.8214e-52
Total charge: -2.42627e-20
etaHat: 124879
328  fE: -3.01885  dfE: 3.36173e-09  dW: 0.00145612  dPhi(Nx/2)(Ny/2)(Nz/2): 4.05124e-05 Phi A: 0.0194101 Phi B: 0.98059 Phi I: 5.8214e-52
Total charge: -2.42627e-20
etaHat: 124879
329  fE: -3.01885  dfE: 1.03398e-08  dW: 0.00144424  dPhi(Nx/2)(Ny/2)(Nz/2): 4.02342e-05 Phi A: 0.0194101 Phi B: 0.98059 Phi I: 5.8214e-52
Total charge: -2.42627e-20
etaHat: 124879
330  fE: -3.01885  dfE: 1.61156e-08  dW: 0.00143249  dPhi(Nx/2)(Ny/2)(Nz/2): 3.99567e-05 Phi A: 0.0194101 Phi B: 0.98059 Phi I: 5.8214e-52
Saving data . . .
Total charge: -2.42627e-20
etaHat: 124879
331  fE: -3.01885  dfE: 2.0526e-08  dW: 0.00142085  dPhi(Nx/2)(Ny/2)(Nz/2): 3.96802e-05 Phi A: 0.0194101 Phi B: 0.98059 Phi I: 5.8214e-52
Total charge: -2.42627e-20
etaHat: 124879
332  fE: -3.01885  dfE: 2.34924e-08  dW: 0.00140933  dPhi(Nx/2)(Ny/2)(Nz/2): 3.94049e-05 Phi A: 0.0194101 Phi B: 0.98059 Phi I: 5.8214e-52
Total charge: -2.42627e-20
etaHat: 124879
333  fE: -3.01885  dfE: 2.50165e-08  dW: 0.00139792  dPhi(Nx/2)(Ny/2)(Nz/2): 3.91308e-05 Phi A: 0.0194101 Phi B: 0.98059 Phi I: 5.8214e-52
Total charge: -2.42627e-20
etaHat: 124879
334  fE: -3.01885  dfE: 2.51718e-08  dW: 0.00138662  dPhi(Nx/2)(Ny/2)(Nz/2): 3.88582e-05 Phi A: 0.0194101 Phi B: 0.98059 Phi I: 5.8214e-52
Total charge: -2.42627e-20
etaHat: 124879
335  fE: -3.01885  dfE: 2.40922e-08  dW: 0.00137544  dPhi(Nx/2)(Ny/2)(Nz/2): 3.85871e-05 Phi A: 0.0194101 Phi B: 0.98059 Phi I: 5.8214e-52
Total charge: -2.42627e-20
etaHat: 124879
336  fE: -3.01885  dfE: 2.1959e-08  dW: 0.00136437  dPhi(Nx/2)(Ny/2)(Nz/2): 3.83176e-05 Phi A: 0.0194101 Phi B: 0.98059 Phi I: 5.8214e-52
Total charge: -2.42627e-20
etaHat: 124879
337  fE: -3.01885  dfE: 1.89876e-08  dW: 0.00135342  dPhi(Nx/2)(Ny/2)(Nz/2): 3.80495e-05 Phi A: 0.0194101 Phi B: 0.98059 Phi I: 5.8214e-52
Total charge: -2.42627e-20
etaHat: 124879
338  fE: -3.01885  dfE: 1.54125e-08  dW: 0.00134257  dPhi(Nx/2)(Ny/2)(Nz/2): 3.77829e-05 Phi A: 0.0194101 Phi B: 0.98059 Phi I: 5.8214e-52
Total charge: -2.42627e-20
etaHat: 124879
339  fE: -3.01885  dfE: 1.14738e-08  dW: 0.00133183  dPhi(Nx/2)(Ny/2)(Nz/2): 3.75177e-05 Phi A: 0.0194101 Phi B: 0.98059 Phi I: 5.8214e-52
Total charge: -2.42627e-20
etaHat: 124879
340  fE: -3.01885  dfE: 7.40518e-09  dW: 0.0013212  dPhi(Nx/2)(Ny/2)(Nz/2): 3.72538e-05 Phi A: 0.0194101 Phi B: 0.98059 Phi I: 5.8214e-52
Saving data . . .
Total charge: -2.42627e-20
etaHat: 124879
341  fE: -3.01885  dfE: 3.42221e-09  dW: 0.00131068  dPhi(Nx/2)(Ny/2)(Nz/2): 3.6991e-05 Phi A: 0.0194101 Phi B: 0.98059 Phi I: 5.8214e-52
Total charge: -2.42627e-20
etaHat: 124879
342  fE: -3.01885  dfE: 2.85972e-10  dW: 0.00130026  dPhi(Nx/2)(Ny/2)(Nz/2): 3.67294e-05 Phi A: 0.0194101 Phi B: 0.98059 Phi I: 5.8214e-52
Total charge: -2.42627e-20
etaHat: 124879
343  fE: -3.01885  dfE: 3.56377e-09  dW: 0.00128994  dPhi(Nx/2)(Ny/2)(Nz/2): 3.64689e-05 Phi A: 0.0194101 Phi B: 0.98059 Phi I: 5.8214e-52
Total charge: -2.42627e-20
etaHat: 124879
344  fE: -3.01885  dfE: 6.293e-09  dW: 0.00127972  dPhi(Nx/2)(Ny/2)(Nz/2): 3.62093e-05 Phi A: 0.0194101 Phi B: 0.98059 Phi I: 5.8214e-52
Total charge: -2.42627e-20
etaHat: 124879
345  fE: -3.01885  dfE: 8.39501e-09  dW: 0.00126959  dPhi(Nx/2)(Ny/2)(Nz/2): 3.59507e-05 Phi A: 0.0194101 Phi B: 0.98059 Phi I: 5.8214e-52
Total charge: -2.42627e-20
etaHat: 124879
346  fE: -3.01885  dfE: 9.83077e-09  dW: 0.00125956  dPhi(Nx/2)(Ny/2)(Nz/2): 3.56931e-05 Phi A: 0.0194101 Phi B: 0.98059 Phi I: 5.8214e-52
Total charge: -2.42627e-20
etaHat: 124879
347  fE: -3.01885  dfE: 1.05983e-08  dW: 0.00124963  dPhi(Nx/2)(Ny/2)(Nz/2): 3.54365e-05 Phi A: 0.0194101 Phi B: 0.98059 Phi I: 5.8214e-52
Total charge: -2.42627e-20
etaHat: 124879
348  fE: -3.01885  dfE: 1.07292e-08  dW: 0.0012398  dPhi(Nx/2)(Ny/2)(Nz/2): 3.51809e-05 Phi A: 0.0194101 Phi B: 0.98059 Phi I: 5.8214e-52
Total charge: -2.42627e-20
etaHat: 124879
349  fE: -3.01885  dfE: 1.02834e-08  dW: 0.00123006  dPhi(Nx/2)(Ny/2)(Nz/2): 3.49264e-05 Phi A: 0.0194101 Phi B: 0.98059 Phi I: 5.8214e-52
Total charge: -2.42627e-20
etaHat: 124879
350  fE: -3.01885  dfE: 9.34343e-09  dW: 0.00122042  dPhi(Nx/2)(Ny/2)(Nz/2): 3.46732e-05 Phi A: 0.0194101 Phi B: 0.98059 Phi I: 5.8214e-52
Saving data . . .
Total charge: -2.42627e-20
etaHat: 124879
351  fE: -3.01885  dfE: 8.00772e-09  dW: 0.00121087  dPhi(Nx/2)(Ny/2)(Nz/2): 3.44214e-05 Phi A: 0.0194101 Phi B: 0.98059 Phi I: 5.8214e-52
Total charge: -2.42627e-20
etaHat: 124879
352  fE: -3.01885  dfE: 6.38429e-09  dW: 0.00120142  dPhi(Nx/2)(Ny/2)(Nz/2): 3.41712e-05 Phi A: 0.0194101 Phi B: 0.98059 Phi I: 5.8214e-52
Total charge: -2.42627e-20
etaHat: 124879
353  fE: -3.01885  dfE: 4.58438e-09  dW: 0.00119206  dPhi(Nx/2)(Ny/2)(Nz/2): 3.39226e-05 Phi A: 0.0194101 Phi B: 0.98059 Phi I: 5.8214e-52
Total charge: -2.42627e-20
etaHat: 124879
354  fE: -3.01885  dfE: 2.71612e-09  dW: 0.00118279  dPhi(Nx/2)(Ny/2)(Nz/2): 3.36758e-05 Phi A: 0.0194101 Phi B: 0.98059 Phi I: 5.8214e-52
Total charge: -2.42627e-20
etaHat: 124879
355  fE: -3.01885  dfE: 8.80144e-10  dW: 0.0011736  dPhi(Nx/2)(Ny/2)(Nz/2): 3.34311e-05 Phi A: 0.0194101 Phi B: 0.98059 Phi I: 5.8214e-52
Total charge: -2.42627e-20
etaHat: 124879
356  fE: -3.01885  dfE: 8.35052e-10  dW: 0.0011645  dPhi(Nx/2)(Ny/2)(Nz/2): 3.31884e-05 Phi A: 0.0194101 Phi B: 0.98059 Phi I: 5.8214e-52
Total charge: -2.42627e-20
etaHat: 124879
357  fE: -3.01885  dfE: 2.35637e-09  dW: 0.00115549  dPhi(Nx/2)(Ny/2)(Nz/2): 3.29481e-05 Phi A: 0.0194101 Phi B: 0.98059 Phi I: 5.8214e-52
Total charge: -2.42627e-20
etaHat: 124879
358  fE: -3.01885  dfE: 3.62764e-09  dW: 0.00114657  dPhi(Nx/2)(Ny/2)(Nz/2): 3.27102e-05 Phi A: 0.0194101 Phi B: 0.98059 Phi I: 5.8214e-52
Total charge: -2.42627e-20
etaHat: 124879
359  fE: -3.01885  dfE: 4.61121e-09  dW: 0.00113773  dPhi(Nx/2)(Ny/2)(Nz/2): 3.24748e-05 Phi A: 0.0194101 Phi B: 0.98059 Phi I: 5.8214e-52
Total charge: -2.42627e-20
etaHat: 124879
360  fE: -3.01885  dfE: 5.28771e-09  dW: 0.00112897  dPhi(Nx/2)(Ny/2)(Nz/2): 3.2242e-05 Phi A: 0.0194101 Phi B: 0.98059 Phi I: 5.8214e-52
Saving data . . .
Total charge: -2.42627e-20
etaHat: 124879
361  fE: -3.01885  dfE: 5.6549e-09  dW: 0.0011203  dPhi(Nx/2)(Ny/2)(Nz/2): 3.20118e-05 Phi A: 0.0194101 Phi B: 0.98059 Phi I: 5.8214e-52
Total charge: -2.42627e-20
etaHat: 124879
362  fE: -3.01885  dfE: 5.72625e-09  dW: 0.00111171  dPhi(Nx/2)(Ny/2)(Nz/2): 3.17843e-05 Phi A: 0.0194101 Phi B: 0.98059 Phi I: 5.8214e-52
Total charge: -2.42627e-20
etaHat: 124879
363  fE: -3.01885  dfE: 5.52863e-09  dW: 0.0011032  dPhi(Nx/2)(Ny/2)(Nz/2): 3.15594e-05 Phi A: 0.0194101 Phi B: 0.98059 Phi I: 5.8214e-52
Total charge: -2.42627e-20
etaHat: 124879
364  fE: -3.01885  dfE: 5.09946e-09  dW: 0.00109478  dPhi(Nx/2)(Ny/2)(Nz/2): 3.13372e-05 Phi A: 0.0194101 Phi B: 0.98059 Phi I: 5.8214e-52
Total charge: -2.42627e-20
etaHat: 124879
365  fE: -3.01885  dfE: 4.48382e-09  dW: 0.00108643  dPhi(Nx/2)(Ny/2)(Nz/2): 3.11176e-05 Phi A: 0.0194101 Phi B: 0.98059 Phi I: 5.8214e-52
Total charge: -2.42627e-20
etaHat: 124879
366  fE: -3.01885  dfE: 3.73143e-09  dW: 0.00107817  dPhi(Nx/2)(Ny/2)(Nz/2): 3.09006e-05 Phi A: 0.0194101 Phi B: 0.98059 Phi I: 5.8214e-52
Total charge: -2.42627e-20
etaHat: 124879
367  fE: -3.01885  dfE: 2.8937e-09  dW: 0.00106999  dPhi(Nx/2)(Ny/2)(Nz/2): 3.06861e-05 Phi A: 0.0194101 Phi B: 0.98059 Phi I: 5.8214e-52
Total charge: -2.42627e-20
etaHat: 124879
368  fE: -3.01885  dfE: 2.02074e-09  dW: 0.00106188  dPhi(Nx/2)(Ny/2)(Nz/2): 3.04739e-05 Phi A: 0.0194101 Phi B: 0.98059 Phi I: 5.8214e-52
Total charge: -2.42627e-20
etaHat: 124879
369  fE: -3.01885  dfE: 1.15954e-09  dW: 0.00105385  dPhi(Nx/2)(Ny/2)(Nz/2): 3.0264e-05 Phi A: 0.0194101 Phi B: 0.98059 Phi I: 5.8214e-52
Total charge: -2.42627e-20
etaHat: 124879
370  fE: -3.01885  dfE: 3.51397e-10  dW: 0.0010459  dPhi(Nx/2)(Ny/2)(Nz/2): 3.00563e-05 Phi A: 0.0194101 Phi B: 0.98059 Phi I: 5.8214e-52
Saving data . . .
Total charge: -2.42627e-20
etaHat: 124879
371  fE: -3.01885  dfE: 3.69229e-10  dW: 0.00103801  dPhi(Nx/2)(Ny/2)(Nz/2): 2.98506e-05 Phi A: 0.0194101 Phi B: 0.98059 Phi I: 5.8214e-52
Total charge: -2.42627e-20
etaHat: 124879
372  fE: -3.01885  dfE: 9.75852e-10  dW: 0.00103021  dPhi(Nx/2)(Ny/2)(Nz/2): 2.9647e-05 Phi A: 0.0194101 Phi B: 0.98059 Phi I: 5.8214e-52
Total charge: -2.42627e-20
etaHat: 124879
373  fE: -3.01885  dfE: 1.45038e-09  dW: 0.00102247  dPhi(Nx/2)(Ny/2)(Nz/2): 2.94451e-05 Phi A: 0.0194101 Phi B: 0.98059 Phi I: 5.8214e-52
Total charge: -2.42627e-20
etaHat: 124879
374  fE: -3.01885  dfE: 1.78316e-09  dW: 0.00101481  dPhi(Nx/2)(Ny/2)(Nz/2): 2.9245e-05 Phi A: 0.0194101 Phi B: 0.98059 Phi I: 5.8214e-52
Total charge: -2.42627e-20
etaHat: 124879
375  fE: -3.01885  dfE: 1.97254e-09  dW: 0.00100721  dPhi(Nx/2)(Ny/2)(Nz/2): 2.90465e-05 Phi A: 0.0194101 Phi B: 0.98059 Phi I: 5.8214e-52
Total charge: -2.42627e-20
etaHat: 124879
376  fE: -3.01885  dfE: 2.02446e-09  dW: 0.000999683  dPhi(Nx/2)(Ny/2)(Nz/2): 2.88496e-05 Phi A: 0.0194101 Phi B: 0.98059 Phi I: 5.8214e-52
Saving data . . .
