Total charge: 124877
etaHat: 124877
0  fE: -9370.97  dfE: 9470.97  dW: 23.5095  dPhi(Nx/2)(Ny/2)(Nz/2): -4.11389 Phi A: 0.607494 Phi B: 4.48374 Phi I: 999.016
Saving data . . .
Total charge: 1.59566
etaHat: 124879
1  fE: -25219.3  dfE: 15848.3  dW: 22.8571  dPhi(Nx/2)(Ny/2)(Nz/2): -2.07924 Phi A: 0.236193 Phi B: 2.83013 Phi I: 0.0127653
Total charge: 1.64356e-18
etaHat: 124879
2  fE: -17.1753  dfE: 25202.1  dW: 21.8979  dPhi(Nx/2)(Ny/2)(Nz/2): -1.03705 Phi A: 0.118135 Phi B: 1.91084 Phi I: 1.43299e-20
Total charge: -8.58096e-20
etaHat: 124879
3  fE: -12.296  dfE: 4.87929  dW: 20.3011  dPhi(Nx/2)(Ny/2)(Nz/2): -0.409803 Phi A: 0.0686477 Phi B: 1.33588 Phi I: 5.82366e-52
Total charge: -5.56621e-20
etaHat: 124879
4  fE: -8.81224  dfE: 3.48379  dW: 18.2789  dPhi(Nx/2)(Ny/2)(Nz/2): -0.0153744 Phi A: 0.0445296 Phi B: 0.967263 Phi I: 5.8218e-52
Total charge: -3.93791e-20
etaHat: 124879
5  fE: -6.40543  dfE: 2.40681  dW: 16.009  dPhi(Nx/2)(Ny/2)(Nz/2): 0.238334 Phi A: 0.0315032 Phi B: 0.727642 Phi I: 5.82014e-52
Total charge: -2.99372e-20
etaHat: 124879
6  fE: -4.75991  dfE: 1.64552  dW: 13.6137  dPhi(Nx/2)(Ny/2)(Nz/2): 0.40418 Phi A: 0.0239498 Phi B: 0.57003 Phi I: 5.8187e-52
Total charge: -2.42142e-20
etaHat: 124879
7  fE: -3.63108  dfE: 1.12883  dW: 11.1762  dPhi(Nx/2)(Ny/2)(Nz/2): 0.513655 Phi A: 0.0193714 Phi B: 0.465579 Phi I: 5.81751e-52
Total charge: -2.06899e-20
etaHat: 124879
8  fE: -2.84777  dfE: 0.783309  dW: 8.75425  dPhi(Nx/2)(Ny/2)(Nz/2): 0.585813 Phi A: 0.0165519 Phi B: 0.396539 Phi I: 5.81656e-52
Total charge: -1.85745e-20
etaHat: 124879
9  fE: -2.29517  dfE: 0.552597  dW: 6.38949  dPhi(Nx/2)(Ny/2)(Nz/2): 0.632266 Phi A: 0.0148596 Phi B: 0.351985 Phi I: 5.81584e-52
Total charge: -1.74417e-20
etaHat: 124879
10  fE: -1.89724  dfE: 0.397934  dW: 4.11341  dPhi(Nx/2)(Ny/2)(Nz/2): 0.660067 Phi A: 0.0139534 Phi B: 0.325234 Phi I: 5.81536e-52
Saving data . . .
Total charge: -1.7062e-20
etaHat: 124879
11  fE: -1.60328  dfE: 0.29396  dW: 1.95167  dPhi(Nx/2)(Ny/2)(Nz/2): 0.6734 Phi A: 0.0136496 Phi B: 0.312309 Phi I: 5.81511e-52
Total charge: -1.73211e-20
etaHat: 124879
12  fE: -1.37879  dfE: 0.224487  dW: 0.635823  dPhi(Nx/2)(Ny/2)(Nz/2): 0.674555 Phi A: 0.0138568 Phi B: 0.311025 Phi I: 5.81506e-52
Total charge: -1.8178e-20
etaHat: 124879
13  fE: -1.19948  dfE: 0.179308  dW: 1.93766  dPhi(Nx/2)(Ny/2)(Nz/2): 0.664499 Phi A: 0.0145424 Phi B: 0.320455 Phi I: 5.81522e-52
Total charge: -1.96416e-20
etaHat: 124879
14  fE: -1.04752  dfE: 0.15197  dW: 3.61867  dPhi(Nx/2)(Ny/2)(Nz/2): 0.643213 Phi A: 0.0157132 Phi B: 0.340624 Phi I: 5.81556e-52
Total charge: -2.17542e-20
etaHat: 124879
15  fE: -0.909362  dfE: 0.138153  dW: 5.08859  dPhi(Nx/2)(Ny/2)(Nz/2): 0.609887 Phi A: 0.0174034 Phi B: 0.372314 Phi I: 5.81606e-52
Total charge: -2.45754e-20
etaHat: 124879
16  fE: -0.775064  dfE: 0.134298  dW: 6.31575  dPhi(Nx/2)(Ny/2)(Nz/2): 0.563092 Phi A: 0.0196603 Phi B: 0.416914 Phi I: 5.8167e-52
Total charge: -2.81581e-20
etaHat: 124879
17  fE: -0.638878  dfE: 0.136185  dW: 7.26369  dPhi(Nx/2)(Ny/2)(Nz/2): 0.500987 Phi A: 0.0225265 Phi B: 0.476235 Phi I: 5.81747e-52
Total charge: -3.25136e-20
etaHat: 124879
18  fE: -0.501566  dfE: 0.137313  dW: 7.89214  dPhi(Nx/2)(Ny/2)(Nz/2): 0.421668 Phi A: 0.0260109 Phi B: 0.552187 Phi I: 5.81832e-52
Total charge: -3.7559e-20
etaHat: 124879
19  fE: -0.374266  dfE: 0.1273  dW: 8.16027  dPhi(Nx/2)(Ny/2)(Nz/2): 0.323767 Phi A: 0.0300472 Phi B: 0.646224 Phi I: 5.81923e-52
Total charge: -4.30552e-20
etaHat: 124879
20  fE: -0.283043  dfE: 0.0912231  dW: 8.03328  dPhi(Nx/2)(Ny/2)(Nz/2): 0.207358 Phi A: 0.0344441 Phi B: 0.758482 Phi I: 5.82016e-52
Saving data . . .
Total charge: -4.85556e-20
etaHat: 124879
21  fE: -0.271306  dfE: 0.0117375  dW: 7.49263  dPhi(Nx/2)(Ny/2)(Nz/2): 0.0751287 Phi A: 0.0388445 Phi B: 0.886653 Phi I: 5.82107e-52
Total charge: -5.341e-20
etaHat: 124879
22  fE: -0.395317  dfE: 0.124011  dW: 6.54874  dPhi(Nx/2)(Ny/2)(Nz/2): -0.0665239 Phi A: 0.042728 Phi B: 1.02488 Phi I: 5.82192e-52
Total charge: -5.68694e-20
etaHat: 124879
23  fE: -0.708308  dfE: 0.312992  dW: 5.25227  dPhi(Nx/2)(Ny/2)(Nz/2): -0.207114 Phi A: 0.0454956 Phi B: 1.16327 Phi I: 5.82266e-52
Total charge: -5.8299e-20
etaHat: 124879
24  fE: -1.23462  dfE: 0.526316  dW: 3.74946  dPhi(Nx/2)(Ny/2)(Nz/2): -0.333145 Phi A: 0.0466392 Phi B: 1.2888 Phi I: 5.82327e-52
Total charge: -5.74188e-20
etaHat: 124879
25  fE: -1.94581  dfE: 0.711189  dW: 3.28576  dPhi(Nx/2)(Ny/2)(Nz/2): -0.430899 Phi A: 0.0459351 Phi B: 1.38794 Phi I: 5.82371e-52
Total charge: -5.44298e-20
etaHat: 124879
26  fE: -2.7564  dfE: 0.810587  dW: 2.81103  dPhi(Nx/2)(Ny/2)(Nz/2): -0.490117 Phi A: 0.0435439 Phi B: 1.4502 Phi I: 5.82397e-52
Total charge: -4.99321e-20
etaHat: 124879
27  fE: -3.5477  dfE: 0.791303  dW: 2.24536  dPhi(Nx/2)(Ny/2)(Nz/2): -0.506871 Phi A: 0.0399457 Phi B: 1.47109 Phi I: 5.82406e-52
Total charge: -4.46879e-20
etaHat: 124879
28  fE: -4.20807  dfE: 0.66037  dW: 2.44599  dPhi(Nx/2)(Ny/2)(Nz/2): -0.484196 Phi A: 0.0357503 Phi B: 1.45299 Phi I: 5.82399e-52
Total charge: -3.93789e-20
etaHat: 124879
29  fE: -4.66639  dfE: 0.458321  dW: 3.42177  dPhi(Nx/2)(Ny/2)(Nz/2): -0.430388 Phi A: 0.0315031 Phi B: 1.40363 Phi I: 5.82379e-52
Total charge: -3.4473e-20
etaHat: 124879
30  fE: -4.90335  dfE: 0.236961  dW: 4.08264  dPhi(Nx/2)(Ny/2)(Nz/2): -0.356125 Phi A: 0.0275784 Phi B: 1.33334 Phi I: 5.82349e-52
Saving data . . .
Total charge: -3.02115e-20
etaHat: 124879
31  fE: -4.94179  dfE: 0.038431  dW: 4.44304  dPhi(Nx/2)(Ny/2)(Nz/2): -0.271825 Phi A: 0.0241692 Phi B: 1.25237 Phi I: 5.82312e-52
Total charge: -2.66659e-20
etaHat: 124879
32  fE: -4.82756  dfE: 0.114223  dW: 4.53612  dPhi(Nx/2)(Ny/2)(Nz/2): -0.186012 Phi A: 0.0213327 Phi B: 1.16922 Phi I: 5.82271e-52
Total charge: -2.38063e-20
etaHat: 124879
33  fE: -4.61193  dfE: 0.215636  dW: 4.40424  dPhi(Nx/2)(Ny/2)(Nz/2): -0.104752 Phi A: 0.0190451 Phi B: 1.09003 Phi I: 5.82229e-52
Total charge: -2.15572e-20
etaHat: 124879
34  fE: -4.34026  dfE: 0.271668  dW: 4.09241  dPhi(Nx/2)(Ny/2)(Nz/2): -0.0318262 Phi A: 0.0172458 Phi B: 1.01865 Phi I: 5.82189e-52
Total charge: -1.98304e-20
etaHat: 124879
35  fE: -4.04737  dfE: 0.292894  dW: 3.64437  dPhi(Nx/2)(Ny/2)(Nz/2): 0.0307776 Phi A: 0.0158643 Phi B: 0.957174 Phi I: 5.82151e-52
Total charge: -1.85427e-20
etaHat: 124879
36  fE: -3.75714  dfE: 0.290226  dW: 3.10055  dPhi(Nx/2)(Ny/2)(Nz/2): 0.0823076 Phi A: 0.0148341 Phi B: 0.906428 Phi I: 5.82118e-52
Total charge: -1.76222e-20
etaHat: 124879
37  fE: -3.48437  dfE: 0.272766  dW: 2.49725  dPhi(Nx/2)(Ny/2)(Nz/2): 0.122782 Phi A: 0.0140978 Phi B: 0.866461 Phi I: 5.82091e-52
Total charge: -1.70098e-20
etaHat: 124879
38  fE: -3.23718  dfE: 0.247189  dW: 1.86657  dPhi(Nx/2)(Ny/2)(Nz/2): 0.152644 Phi A: 0.0136079 Phi B: 0.836876 Phi I: 5.82069e-52
Total charge: -1.66577e-20
etaHat: 124879
39  fE: -3.01927  dfE: 0.217917  dW: 1.23658  dPhi(Nx/2)(Ny/2)(Nz/2): 0.172547 Phi A: 0.0133261 Phi B: 0.81706 Phi I: 5.82054e-52
Total charge: -1.65264e-20
etaHat: 124879
40  fE: -2.83169  dfE: 0.187581  dW: 0.631669  dPhi(Nx/2)(Ny/2)(Nz/2): 0.183222 Phi A: 0.0132211 Phi B: 0.80631 Phi I: 5.82045e-52
Saving data . . .
Total charge: -1.65825e-20
etaHat: 124879
41  fE: -2.67417  dfE: 0.157519  dW: 0.22475  dPhi(Nx/2)(Ny/2)(Nz/2): 0.185424 Phi A: 0.013266 Phi B: 0.803893 Phi I: 5.82042e-52
Total charge: -1.67959e-20
etaHat: 124879
42  fE: -2.54597  dfE: 0.128199  dW: 0.423156  dPhi(Nx/2)(Ny/2)(Nz/2): 0.179924 Phi A: 0.0134367 Phi B: 0.809056 Phi I: 5.82045e-52
Total charge: -1.71371e-20
etaHat: 124879
43  fE: -2.44642  dfE: 0.0995489  dW: 0.840214  dPhi(Nx/2)(Ny/2)(Nz/2): 0.167529 Phi A: 0.0137097 Phi B: 0.821012 Phi I: 5.82053e-52
Total charge: -1.75756e-20
etaHat: 124879
44  fE: -2.37519  dfE: 0.071228  dW: 1.16893  dPhi(Nx/2)(Ny/2)(Nz/2): 0.149116 Phi A: 0.0140605 Phi B: 0.8389 Phi I: 5.82064e-52
Total charge: -1.80783e-20
etaHat: 124879
45  fE: -2.33234  dfE: 0.042851  dW: 1.40166  dPhi(Nx/2)(Ny/2)(Nz/2): 0.125678 Phi A: 0.0144627 Phi B: 0.86175 Phi I: 5.82079e-52
Total charge: -1.86096e-20
etaHat: 124879
46  fE: -2.31815  dfE: 0.0141944  dW: 1.53522  dPhi(Nx/2)(Ny/2)(Nz/2): 0.0983555 Phi A: 0.0148877 Phi B: 0.888443 Phi I: 5.82096e-52
Total charge: -1.91315e-20
etaHat: 124879
47  fE: -2.33277  dfE: 0.0146205  dW: 1.57073  dPhi(Nx/2)(Ny/2)(Nz/2): 0.068451 Phi A: 0.0153052 Phi B: 0.917705 Phi I: 5.82114e-52
Total charge: -1.96057e-20
etaHat: 124879
48  fE: -2.37576  dfE: 0.0429887  dW: 1.51379  dPhi(Nx/2)(Ny/2)(Nz/2): 0.0374144 Phi A: 0.0156845 Phi B: 0.948113 Phi I: 5.82133e-52
Total charge: -1.99963e-20
etaHat: 124879
49  fE: -2.44553  dfE: 0.0697708  dW: 1.37434  dPhi(Nx/2)(Ny/2)(Nz/2): 0.00679068 Phi A: 0.015997 Phi B: 0.978152 Phi I: 5.8215e-52
Total charge: -2.02734e-20
etaHat: 124879
50  fE: -2.5389  dfE: 0.0933707  dW: 1.16628  dPhi(Nx/2)(Ny/2)(Nz/2): -0.0218688 Phi A: 0.0162187 Phi B: 1.0063 Phi I: 5.82166e-52
Saving data . . .
Total charge: -2.0416e-20
etaHat: 124879
51  fE: -2.65086  dfE: 0.111964  dW: 0.907496  dPhi(Nx/2)(Ny/2)(Nz/2): -0.0471228 Phi A: 0.0163328 Phi B: 1.03113 Phi I: 5.8218e-52
Total charge: -2.04147e-20
etaHat: 124879
52  fE: -2.77471  dfE: 0.123844  dW: 0.758913  dPhi(Nx/2)(Ny/2)(Nz/2): -0.067766 Phi A: 0.0163318 Phi B: 1.05146 Phi I: 5.82191e-52
Total charge: -2.02721e-20
etaHat: 124879
53  fE: -2.90252  dfE: 0.127813  dW: 0.679398  dPhi(Nx/2)(Ny/2)(Nz/2): -0.0829404 Phi A: 0.0162177 Phi B: 1.06644 Phi I: 5.82199e-52
Total charge: -2.00022e-20
etaHat: 124879
54  fE: -3.026  dfE: 0.123486  dW: 0.581437  dPhi(Nx/2)(Ny/2)(Nz/2): -0.0922088 Phi A: 0.0160018 Phi B: 1.07562 Phi I: 5.82203e-52
Total charge: -1.96275e-20
etaHat: 124879
55  fE: -3.13744  dfE: 0.111433  dW: 0.472107  dPhi(Nx/2)(Ny/2)(Nz/2): -0.0955767 Phi A: 0.015702 Phi B: 1.079 Phi I: 5.82205e-52
Total charge: -1.91758e-20
etaHat: 124879
56  fE: -3.23053  dfE: 0.0930945  dW: 0.515415  dPhi(Nx/2)(Ny/2)(Nz/2): -0.0934585 Phi A: 0.0153407 Phi B: 1.07699 Phi I: 5.82203e-52
Total charge: -1.86769e-20
etaHat: 124879
57  fE: -3.30104  dfE: 0.0705091  dW: 0.712111  dPhi(Nx/2)(Ny/2)(Nz/2): -0.0865982 Phi A: 0.0149415 Phi B: 1.07031 Phi I: 5.82199e-52
Total charge: -1.81591e-20
etaHat: 124879
58  fE: -3.34699  dfE: 0.0459535  dW: 0.85993  dPhi(Nx/2)(Ny/2)(Nz/2): -0.0759632 Phi A: 0.0145273 Phi B: 1.0599 Phi I: 5.82193e-52
Total charge: -1.76473e-20
etaHat: 124879
59  fE: -3.36858  dfE: 0.0215848  dW: 0.954876  dPhi(Nx/2)(Ny/2)(Nz/2): -0.0626319 Phi A: 0.0141178 Phi B: 1.04682 Phi I: 5.82185e-52
Total charge: -1.71618e-20
etaHat: 124879
60  fE: -3.36775  dfE: 0.000824031  dW: 0.997983  dPhi(Nx/2)(Ny/2)(Nz/2): -0.0476912 Phi A: 0.0137294 Phi B: 1.03215 Phi I: 5.82177e-52
Saving data . . .
Total charge: -1.67178e-20
etaHat: 124879
61  fE: -3.34773  dfE: 0.0200215  dW: 0.992927  dPhi(Nx/2)(Ny/2)(Nz/2): -0.0321569 Phi A: 0.0133742 Phi B: 1.01688 Phi I: 5.82167e-52
Total charge: -1.63259e-20
etaHat: 124879
62  fE: -3.31244  dfE: 0.0352959  dW: 0.945392  dPhi(Nx/2)(Ny/2)(Nz/2): -0.0169186 Phi A: 0.0130607 Phi B: 1.0019 Phi I: 5.82158e-52
Total charge: -1.59922e-20
etaHat: 124879
63  fE: -3.26603  dfE: 0.0464076  dW: 0.862445  dPhi(Nx/2)(Ny/2)(Nz/2): -0.00271017 Phi A: 0.0127938 Phi B: 0.987929 Phi I: 5.8215e-52
Total charge: -1.57196e-20
etaHat: 124879
64  fE: -3.21255  dfE: 0.0534758  dW: 0.751969  dPhi(Nx/2)(Ny/2)(Nz/2): 0.00990073 Phi A: 0.0125757 Phi B: 0.975526 Phi I: 5.82142e-52
Total charge: -1.55079e-20
etaHat: 124879
65  fE: -3.1557  dfE: 0.0568574  dW: 0.622167  dPhi(Nx/2)(Ny/2)(Nz/2): 0.0205089 Phi A: 0.0124064 Phi B: 0.965097 Phi I: 5.82135e-52
Total charge: -1.53548e-20
etaHat: 124879
66  fE: -3.09866  dfE: 0.0570393  dW: 0.481156  dPhi(Nx/2)(Ny/2)(Nz/2): 0.0288594 Phi A: 0.0122839 Phi B: 0.956894 Phi I: 5.8213e-52
Total charge: -1.52563e-20
etaHat: 124879
67  fE: -3.0441  dfE: 0.0545574  dW: 0.336628  dPhi(Nx/2)(Ny/2)(Nz/2): 0.0348316 Phi A: 0.012205 Phi B: 0.951041 Phi I: 5.82126e-52
Total charge: -1.52067e-20
etaHat: 124879
68  fE: -2.99416  dfE: 0.0499425  dW: 0.195597  dPhi(Nx/2)(Ny/2)(Nz/2): 0.0384218 Phi A: 0.0121653 Phi B: 0.947543 Phi I: 5.82123e-52
Total charge: -1.51997e-20
etaHat: 124879
69  fE: -2.95047  dfE: 0.0436917  dW: 0.0740864  dPhi(Nx/2)(Ny/2)(Nz/2): 0.039726 Phi A: 0.0121597 Phi B: 0.946308 Phi I: 5.82122e-52
Total charge: -1.52279e-20
etaHat: 124879
70  fE: -2.91421  dfE: 0.036258  dW: 0.0636295  dPhi(Nx/2)(Ny/2)(Nz/2): 0.0389249 Phi A: 0.0121823 Phi B: 0.94716 Phi I: 5.82122e-52
Saving data . . .
Total charge: -1.52834e-20
etaHat: 124879
71  fE: -2.88616  dfE: 0.028052  dW: 0.150823  dPhi(Nx/2)(Ny/2)(Nz/2): 0.0362684 Phi A: 0.0122268 Phi B: 0.949855 Phi I: 5.82124e-52
Total charge: -1.53583e-20
etaHat: 124879
72  fE: -2.86671  dfE: 0.0194496  dW: 0.227668  dPhi(Nx/2)(Ny/2)(Nz/2): 0.0320616 Phi A: 0.0122866 Phi B: 0.954094 Phi I: 5.82126e-52
Total charge: -1.54441e-20
etaHat: 124879
73  fE: -2.8559  dfE: 0.0108018  dW: 0.281784  dPhi(Nx/2)(Ny/2)(Nz/2): 0.0266501 Phi A: 0.0123553 Phi B: 0.959537 Phi I: 5.82129e-52
Total charge: -1.55331e-20
etaHat: 124879
74  fE: -2.85346  dfE: 0.00243965  dW: 0.312859  dPhi(Nx/2)(Ny/2)(Nz/2): 0.0204047 Phi A: 0.0124265 Phi B: 0.965819 Phi I: 5.82132e-52
Total charge: -1.56179e-20
etaHat: 124879
75  fE: -2.85879  dfE: 0.00532381  dW: 0.321741  dPhi(Nx/2)(Ny/2)(Nz/2): 0.0137053 Phi A: 0.0124943 Phi B: 0.972565 Phi I: 5.82136e-52
Total charge: -1.5692e-20
etaHat: 124879
76  fE: -2.87099  dfE: 0.0121998  dW: 0.310278  dPhi(Nx/2)(Ny/2)(Nz/2): 0.00692401 Phi A: 0.0125536 Phi B: 0.979407 Phi I: 5.8214e-52
Total charge: -1.57502e-20
etaHat: 124879
77  fE: -2.88892  dfE: 0.0179353  dW: 0.281159  dPhi(Nx/2)(Ny/2)(Nz/2): 0.000408502 Phi A: 0.0126001 Phi B: 0.986 Phi I: 5.82144e-52
Total charge: -1.57885e-20
etaHat: 124879
78  fE: -2.91125  dfE: 0.0223281  dW: 0.238017  dPhi(Nx/2)(Ny/2)(Nz/2): -0.00553404 Phi A: 0.0126308 Phi B: 0.992039 Phi I: 5.82147e-52
Total charge: -1.58045e-20
etaHat: 124879
79  fE: -2.9365  dfE: 0.0252436  dW: 0.193455  dPhi(Nx/2)(Ny/2)(Nz/2): -0.0106504 Phi A: 0.0126436 Phi B: 0.99727 Phi I: 5.8215e-52
Total charge: -1.57974e-20
etaHat: 124879
80  fE: -2.96312  dfE: 0.0266278  dW: 0.169968  dPhi(Nx/2)(Ny/2)(Nz/2): -0.0147519 Phi A: 0.0126379 Phi B: 1.00151 Phi I: 5.82152e-52
Saving data . . .
Total charge: -1.57679e-20
etaHat: 124879
81  fE: -2.98964  dfE: 0.0265147  dW: 0.152441  dPhi(Nx/2)(Ny/2)(Nz/2): -0.01772 Phi A: 0.0126143 Phi B: 1.00462 Phi I: 5.82154e-52
Total charge: -1.57177e-20
etaHat: 124879
82  fE: -3.01466  dfE: 0.0250251  dW: 0.131601  dPhi(Nx/2)(Ny/2)(Nz/2): -0.019508 Phi A: 0.0125742 Phi B: 1.00657 Phi I: 5.82155e-52
Total charge: -1.56499e-20
etaHat: 124879
83  fE: -3.03702  dfE: 0.0223566  dW: 0.112694  dPhi(Nx/2)(Ny/2)(Nz/2): -0.0201373 Phi A: 0.0125199 Phi B: 1.00737 Phi I: 5.82155e-52
Total charge: -1.55682e-20
etaHat: 124879
84  fE: -3.05579  dfE: 0.0187655  dW: 0.120891  dPhi(Nx/2)(Ny/2)(Nz/2): -0.0196902 Phi A: 0.0124545 Phi B: 1.0071 Phi I: 5.82155e-52
Total charge: -1.54765e-20
etaHat: 124879
85  fE: -3.07033  dfE: 0.0145436  dW: 0.156532  dPhi(Nx/2)(Ny/2)(Nz/2): -0.0182982 Phi A: 0.0123812 Phi B: 1.00588 Phi I: 5.82154e-52
Total charge: -1.53793e-20
etaHat: 124879
86  fE: -3.08032  dfE: 0.00999369  dW: 0.189124  dPhi(Nx/2)(Ny/2)(Nz/2): -0.0161297 Phi A: 0.0123034 Phi B: 1.00388 Phi I: 5.82152e-52
Total charge: -1.52805e-20
etaHat: 124879
87  fE: -3.08573  dfE: 0.00540556  dW: 0.211107  dPhi(Nx/2)(Ny/2)(Nz/2): -0.0133762 Phi A: 0.0122244 Phi B: 1.00129 Phi I: 5.82151e-52
Total charge: -1.51839e-20
etaHat: 124879
88  fE: -3.08676  dfE: 0.00103702  dW: 0.222213  dPhi(Nx/2)(Ny/2)(Nz/2): -0.0102383 Phi A: 0.0121471 Phi B: 0.998303 Phi I: 5.82149e-52
Total charge: -1.50928e-20
etaHat: 124879
89  fE: -3.08387  dfE: 0.00289981  dW: 0.222952  dPhi(Nx/2)(Ny/2)(Nz/2): -0.00691425 Phi A: 0.0120742 Phi B: 0.995115 Phi I: 5.82147e-52
Total charge: -1.50097e-20
etaHat: 124879
90  fE: -3.07762  dfE: 0.00624599  dW: 0.214303  dPhi(Nx/2)(Ny/2)(Nz/2): -0.0035894 Phi A: 0.0120078 Phi B: 0.99191 Phi I: 5.82145e-52
Saving data . . .
Total charge: -1.49368e-20
etaHat: 124879
91  fE: -3.06872  dfE: 0.0088975  dW: 0.19761  dPhi(Nx/2)(Ny/2)(Nz/2): -0.000428077 Phi A: 0.0119494 Phi B: 0.988852 Phi I: 5.82143e-52
Total charge: -1.48752e-20
etaHat: 124879
92  fE: -3.05792  dfE: 0.0108025  dW: 0.174476  dPhi(Nx/2)(Ny/2)(Nz/2): 0.002432 Phi A: 0.0119002 Phi B: 0.986076 Phi I: 5.82141e-52
Total charge: -1.48257e-20
etaHat: 124879
93  fE: -3.04596  dfE: 0.0119556  dW: 0.146648  dPhi(Nx/2)(Ny/2)(Nz/2): 0.00488329 Phi A: 0.0118605 Phi B: 0.983691 Phi I: 5.8214e-52
Total charge: -1.47883e-20
etaHat: 124879
94  fE: -3.03357  dfE: 0.01239  dW: 0.115921  dPhi(Nx/2)(Ny/2)(Nz/2): 0.00684994 Phi A: 0.0118306 Phi B: 0.981772 Phi I: 5.82138e-52
Total charge: -1.47625e-20
etaHat: 124879
95  fE: -3.0214  dfE: 0.0121694  dW: 0.0840537  dPhi(Nx/2)(Ny/2)(Nz/2): 0.00828762 Phi A: 0.01181 Phi B: 0.980366 Phi I: 5.82137e-52
Total charge: -1.47475e-20
etaHat: 124879
96  fE: -3.01002  dfE: 0.0113802  dW: 0.053182  dPhi(Nx/2)(Ny/2)(Nz/2): 0.00918201 Phi A: 0.011798 Phi B: 0.979487 Phi I: 5.82137e-52
Total charge: -1.4742e-20
etaHat: 124879
97  fE: -2.9999  dfE: 0.0101237  dW: 0.0293981  dPhi(Nx/2)(Ny/2)(Nz/2): 0.00954607 Phi A: 0.0117936 Phi B: 0.979125 Phi I: 5.82136e-52
Total charge: -1.47443e-20
etaHat: 124879
98  fE: -2.99139  dfE: 0.0085101  dW: 0.0220902  dPhi(Nx/2)(Ny/2)(Nz/2): 0.00941658 Phi A: 0.0117955 Phi B: 0.979244 Phi I: 5.82136e-52
Total charge: -1.47529e-20
etaHat: 124879
99  fE: -2.98474  dfE: 0.00665297  dW: 0.0304351  dPhi(Nx/2)(Ny/2)(Nz/2): 0.00884996 Phi A: 0.0118023 Phi B: 0.979789 Phi I: 5.82137e-52
Total charge: -1.47658e-20
etaHat: 124879
100  fE: -2.98007  dfE: 0.00466431  dW: 0.0442775  dPhi(Nx/2)(Ny/2)(Nz/2): 0.00791775 Phi A: 0.0118126 Phi B: 0.980692 Phi I: 5.82137e-52
Saving data . . .
Total charge: -1.47813e-20
etaHat: 124879
101  fE: -2.97742  dfE: 0.00265065  dW: 0.0561418  dPhi(Nx/2)(Ny/2)(Nz/2): 0.00670181 Phi A: 0.011825 Phi B: 0.981873 Phi I: 5.82138e-52
Total charge: -1.47976e-20
etaHat: 124879
102  fE: -2.97671  dfE: 0.000709495  dW: 0.0635784  dPhi(Nx/2)(Ny/2)(Nz/2): 0.00528959 Phi A: 0.0118381 Phi B: 0.983245 Phi I: 5.82138e-52
Total charge: -1.48132e-20
etaHat: 124879
103  fE: -2.97779  dfE: 0.00107376  dW: 0.0662831  dPhi(Nx/2)(Ny/2)(Nz/2): 0.00376942 Phi A: 0.0118505 Phi B: 0.984723 Phi I: 5.82139e-52
Total charge: -1.48267e-20
etaHat: 124879
104  fE: -2.98042  dfE: 0.00262845  dW: 0.0647219  dPhi(Nx/2)(Ny/2)(Nz/2): 0.00222625 Phi A: 0.0118613 Phi B: 0.986222 Phi I: 5.8214e-52
Total charge: -1.4837e-20
etaHat: 124879
105  fE: -2.98432  dfE: 0.00390062  dW: 0.0598316  dPhi(Nx/2)(Ny/2)(Nz/2): 0.000737811 Phi A: 0.0118696 Phi B: 0.987668 Phi I: 5.82141e-52
Total charge: -1.48435e-20
etaHat: 124879
106  fE: -2.98917  dfE: 0.00485437  dW: 0.0531207  dPhi(Nx/2)(Ny/2)(Nz/2): -0.00062849 Phi A: 0.0118748 Phi B: 0.988993 Phi I: 5.82141e-52
Total charge: -1.48455e-20
etaHat: 124879
107  fE: -2.99464  dfE: 0.00547243  dW: 0.0462993  dPhi(Nx/2)(Ny/2)(Nz/2): -0.001818 Phi A: 0.0118764 Phi B: 0.990145 Phi I: 5.82142e-52
Total charge: -1.4843e-20
etaHat: 124879
108  fE: -3.0004  dfE: 0.00575568  dW: 0.0405041  dPhi(Nx/2)(Ny/2)(Nz/2): -0.00279036 Phi A: 0.0118744 Phi B: 0.991082 Phi I: 5.82142e-52
Total charge: -1.48359e-20
etaHat: 124879
109  fE: -3.00612  dfE: 0.0057219  dW: 0.0360978  dPhi(Nx/2)(Ny/2)(Nz/2): -0.00352015 Phi A: 0.0118687 Phi B: 0.99178 Phi I: 5.82143e-52
Total charge: -1.48247e-20
etaHat: 124879
110  fE: -3.01152  dfE: 0.00540354  dW: 0.0332422  dPhi(Nx/2)(Ny/2)(Nz/2): -0.00399675 Phi A: 0.0118598 Phi B: 0.99223 Phi I: 5.82143e-52
Saving data . . .
Total charge: -1.48099e-20
etaHat: 124879
111  fE: -3.01637  dfE: 0.00484483  dW: 0.0326653  dPhi(Nx/2)(Ny/2)(Nz/2): -0.00422341 Phi A: 0.0118479 Phi B: 0.992433 Phi I: 5.82143e-52
Total charge: -1.47921e-20
etaHat: 124879
112  fE: -3.02047  dfE: 0.00409833  dW: 0.0348022  dPhi(Nx/2)(Ny/2)(Nz/2): -0.00421567 Phi A: 0.0118337 Phi B: 0.992406 Phi I: 5.82143e-52
Total charge: -1.47722e-20
etaHat: 124879
113  fE: -3.02369  dfE: 0.00322129  dW: 0.0390509  dPhi(Nx/2)(Ny/2)(Nz/2): -0.0039993 Phi A: 0.0118178 Phi B: 0.992173 Phi I: 5.82143e-52
Total charge: -1.4751e-20
etaHat: 124879
114  fE: -3.02596  dfE: 0.00227204  dW: 0.0438754  dPhi(Nx/2)(Ny/2)(Nz/2): -0.00360786 Phi A: 0.0118008 Phi B: 0.991769 Phi I: 5.82143e-52
Total charge: -1.47293e-20
etaHat: 124879
115  fE: -3.02727  dfE: 0.00130664  dW: 0.0478701  dPhi(Nx/2)(Ny/2)(Nz/2): -0.00308019 Phi A: 0.0117834 Phi B: 0.991231 Phi I: 5.82142e-52
Total charge: -1.47079e-20
etaHat: 124879
116  fE: -3.02764  dfE: 0.000376028  dW: 0.0501623  dPhi(Nx/2)(Ny/2)(Nz/2): -0.00245786 Phi A: 0.0117663 Phi B: 0.990601 Phi I: 5.82142e-52
Total charge: -1.46874e-20
etaHat: 124879
117  fE: -3.02717  dfE: 0.000476155  dW: 0.0504474  dPhi(Nx/2)(Ny/2)(Nz/2): -0.00178272 Phi A: 0.01175 Phi B: 0.989919 Phi I: 5.82141e-52
Total charge: -1.46686e-20
etaHat: 124879
118  fE: -3.02595  dfE: 0.00121511  dW: 0.04876  dPhi(Nx/2)(Ny/2)(Nz/2): -0.00109475 Phi A: 0.0117349 Phi B: 0.989226 Phi I: 5.82141e-52
Total charge: -1.46518e-20
etaHat: 124879
119  fE: -3.02414  dfE: 0.00181569  dW: 0.045336  dPhi(Nx/2)(Ny/2)(Nz/2): -0.000430294 Phi A: 0.0117215 Phi B: 0.988557 Phi I: 5.8214e-52
Total charge: -1.46374e-20
etaHat: 124879
120  fE: -3.02187  dfE: 0.00226256  dW: 0.0405268  dPhi(Nx/2)(Ny/2)(Nz/2): 0.000179425 Phi A: 0.0117099 Phi B: 0.987944 Phi I: 5.8214e-52
Saving data . . .
Total charge: -1.46256e-20
etaHat: 124879
121  fE: -3.01932  dfE: 0.00254985  dW: 0.0347924  dPhi(Nx/2)(Ny/2)(Nz/2): 0.000709272 Phi A: 0.0117005 Phi B: 0.987411 Phi I: 5.8214e-52
Total charge: -1.46164e-20
etaHat: 124879
122  fE: -3.01664  dfE: 0.00268029  dW: 0.0287317  dPhi(Nx/2)(Ny/2)(Nz/2): 0.0011408 Phi A: 0.0116931 Phi B: 0.986977 Phi I: 5.82139e-52
Total charge: -1.46097e-20
etaHat: 124879
123  fE: -3.01398  dfE: 0.00266408  dW: 0.0230948  dPhi(Nx/2)(Ny/2)(Nz/2): 0.00146245 Phi A: 0.0116878 Phi B: 0.986653 Phi I: 5.82139e-52
Total charge: -1.46054e-20
etaHat: 124879
124  fE: -3.01146  dfE: 0.00251753  dW: 0.0186313  dPhi(Nx/2)(Ny/2)(Nz/2): 0.00166939 Phi A: 0.0116843 Phi B: 0.986444 Phi I: 5.82139e-52
Total charge: -1.46032e-20
etaHat: 124879
125  fE: -3.0092  dfE: 0.00226156  dW: 0.0157992  dPhi(Nx/2)(Ny/2)(Nz/2): 0.00176301 Phi A: 0.0116826 Phi B: 0.986349 Phi I: 5.82139e-52
Total charge: -1.46029e-20
etaHat: 124879
126  fE: -3.00728  dfE: 0.00192017  dW: 0.0145799  dPhi(Nx/2)(Ny/2)(Nz/2): 0.00175026 Phi A: 0.0116823 Phi B: 0.98636 Phi I: 5.82139e-52
Total charge: -1.46039e-20
etaHat: 124879
127  fE: -3.00576  dfE: 0.00151901  dW: 0.0146193  dPhi(Nx/2)(Ny/2)(Nz/2): 0.00164267 Phi A: 0.0116831 Phi B: 0.986467 Phi I: 5.82139e-52
Total charge: -1.4606e-20
etaHat: 124879
128  fE: -3.00468  dfE: 0.00108394  dW: 0.0153765  dPhi(Nx/2)(Ny/2)(Nz/2): 0.00145536 Phi A: 0.0116848 Phi B: 0.986655 Phi I: 5.82139e-52
Total charge: -1.46086e-20
etaHat: 124879
129  fE: -3.00404  dfE: 0.000639851  dW: 0.016342  dPhi(Nx/2)(Ny/2)(Nz/2): 0.00120587 Phi A: 0.0116869 Phi B: 0.986905 Phi I: 5.82139e-52
Total charge: -1.46116e-20
etaHat: 124879
130  fE: -3.00383  dfE: 0.00020951  dW: 0.0171185  dPhi(Nx/2)(Ny/2)(Nz/2): 0.000913116 Phi A: 0.0116893 Phi B: 0.9872 Phi I: 5.82139e-52
Saving data . . .
Total charge: -1.46144e-20
etaHat: 124879
131  fE: -3.00401  dfE: 0.000187255  dW: 0.0174743  dPhi(Nx/2)(Ny/2)(Nz/2): 0.000596248 Phi A: 0.0116916 Phi B: 0.98752 Phi I: 5.82139e-52
Total charge: -1.46169e-20
etaHat: 124879
132  fE: -3.00455  dfE: 0.000534237  dW: 0.0173461  dPhi(Nx/2)(Ny/2)(Nz/2): 0.000273712 Phi A: 0.0116935 Phi B: 0.987847 Phi I: 5.8214e-52
Total charge: -1.46188e-20
etaHat: 124879
133  fE: -3.00537  dfE: 0.000819287  dW: 0.0167991  dPhi(Nx/2)(Ny/2)(Nz/2): -3.76101e-05 Phi A: 0.011695 Phi B: 0.988164 Phi I: 5.8214e-52
Total charge: -1.46198e-20
etaHat: 124879
134  fE: -3.0064  dfE: 0.00103451  dW: 0.0159774  dPhi(Nx/2)(Ny/2)(Nz/2): -0.000323091 Phi A: 0.0116958 Phi B: 0.988456 Phi I: 5.8214e-52
Total charge: -1.46199e-20
etaHat: 124879
135  fE: -3.00758  dfE: 0.00117626  dW: 0.0150689  dPhi(Nx/2)(Ny/2)(Nz/2): -0.000570861 Phi A: 0.0116959 Phi B: 0.988711 Phi I: 5.8214e-52
Total charge: -1.46191e-20
etaHat: 124879
136  fE: -3.00882  dfE: 0.00124489  dW: 0.0142502  dPhi(Nx/2)(Ny/2)(Nz/2): -0.000772129 Phi A: 0.0116953 Phi B: 0.988921 Phi I: 5.8214e-52
Total charge: -1.46173e-20
etaHat: 124879
137  fE: -3.01007  dfE: 0.0012444  dW: 0.0136591  dPhi(Nx/2)(Ny/2)(Nz/2): -0.000921313 Phi A: 0.0116939 Phi B: 0.98908 Phi I: 5.8214e-52
Total charge: -1.46147e-20
etaHat: 124879
138  fE: -3.01125  dfE: 0.00118182  dW: 0.0133823  dPhi(Nx/2)(Ny/2)(Nz/2): -0.001016 Phi A: 0.0116917 Phi B: 0.989185 Phi I: 5.8214e-52
Total charge: -1.46112e-20
etaHat: 124879
139  fE: -3.01232  dfE: 0.00106662  dW: 0.0134011  dPhi(Nx/2)(Ny/2)(Nz/2): -0.00105675 Phi A: 0.011689 Phi B: 0.989237 Phi I: 5.8214e-52
Total charge: -1.46072e-20
etaHat: 124879
140  fE: -3.01323  dfE: 0.000909935  dW: 0.0136475  dPhi(Nx/2)(Ny/2)(Nz/2): -0.00104677 Phi A: 0.0116857 Phi B: 0.989238 Phi I: 5.8214e-52
Saving data . . .
Total charge: -1.46026e-20
etaHat: 124879
141  fE: -3.01395  dfE: 0.000723877  dW: 0.0140141  dPhi(Nx/2)(Ny/2)(Nz/2): -0.000991449 Phi A: 0.0116821 Phi B: 0.989194 Phi I: 5.8214e-52
Total charge: -1.45978e-20
etaHat: 124879
142  fE: -3.01447  dfE: 0.00052079  dW: 0.0143779  dPhi(Nx/2)(Ny/2)(Nz/2): -0.000897924 Phi A: 0.0116783 Phi B: 0.989111 Phi I: 5.8214e-52
Total charge: -1.45929e-20
etaHat: 124879
143  fE: -3.01478  dfE: 0.000312605  dW: 0.0146327  dPhi(Nx/2)(Ny/2)(Nz/2): -0.000774496 Phi A: 0.0116743 Phi B: 0.988999 Phi I: 5.8214e-52
Total charge: -1.4588e-20
etaHat: 124879
144  fE: -3.01489  dfE: 0.000110274  dW: 0.0147012  dPhi(Nx/2)(Ny/2)(Nz/2): -0.000630112 Phi A: 0.0116704 Phi B: 0.988865 Phi I: 5.8214e-52
Total charge: -1.45833e-20
etaHat: 124879
145  fE: -3.01482  dfE: 7.66832e-05  dW: 0.014546  dPhi(Nx/2)(Ny/2)(Nz/2): -0.000473848 Phi A: 0.0116666 Phi B: 0.988718 Phi I: 5.8214e-52
Total charge: -1.45789e-20
etaHat: 124879
146  fE: -3.01458  dfE: 0.000240513  dW: 0.0141607  dPhi(Nx/2)(Ny/2)(Nz/2): -0.00031444 Phi A: 0.0116631 Phi B: 0.988568 Phi I: 5.8214e-52
Total charge: -1.4575e-20
etaHat: 124879
147  fE: -3.0142  dfE: 0.00037543  dW: 0.0135805  dPhi(Nx/2)(Ny/2)(Nz/2): -0.000159889 Phi A: 0.01166 Phi B: 0.988422 Phi I: 5.8214e-52
Total charge: -1.45716e-20
etaHat: 124879
148  fE: -3.01372  dfE: 0.000477704  dW: 0.0128704  dPhi(Nx/2)(Ny/2)(Nz/2): -1.71288e-05 Phi A: 0.0116572 Phi B: 0.988287 Phi I: 5.8214e-52
Total charge: -1.45687e-20
etaHat: 124879
149  fE: -3.01318  dfE: 0.000545624  dW: 0.0121104  dPhi(Nx/2)(Ny/2)(Nz/2): 0.0001082 Phi A: 0.011655 Phi B: 0.988169 Phi I: 5.82139e-52
Total charge: -1.45664e-20
etaHat: 124879
150  fE: -3.0126  dfE: 0.00057937  dW: 0.0113768  dPhi(Nx/2)(Ny/2)(Nz/2): 0.000211905 Phi A: 0.0116531 Phi B: 0.988071 Phi I: 5.82139e-52
Saving data . . .
Total charge: -1.45647e-20
etaHat: 124879
151  fE: -3.01202  dfE: 0.000580804  dW: 0.010728  dPhi(Nx/2)(Ny/2)(Nz/2): 0.000291295 Phi A: 0.0116518 Phi B: 0.987997 Phi I: 5.82139e-52
Total charge: -1.45635e-20
etaHat: 124879
152  fE: -3.01146  dfE: 0.0005532  dW: 0.0102108  dPhi(Nx/2)(Ny/2)(Nz/2): 0.000345165 Phi A: 0.0116508 Phi B: 0.987948 Phi I: 5.82139e-52
Total charge: -1.45628e-20
etaHat: 124879
153  fE: -3.01096  dfE: 0.00050093  dW: 0.00983401  dPhi(Nx/2)(Ny/2)(Nz/2): 0.000373699 Phi A: 0.0116502 Phi B: 0.987924 Phi I: 5.82139e-52
Total charge: -1.45625e-20
etaHat: 124879
154  fE: -3.01053  dfE: 0.000429138  dW: 0.00958289  dPhi(Nx/2)(Ny/2)(Nz/2): 0.000378322 Phi A: 0.01165 Phi B: 0.987924 Phi I: 5.82139e-52
Total charge: -1.45625e-20
etaHat: 124879
155  fE: -3.01019  dfE: 0.0003434  dW: 0.00943358  dPhi(Nx/2)(Ny/2)(Nz/2): 0.000361503 Phi A: 0.01165 Phi B: 0.987944 Phi I: 5.82139e-52
Total charge: -1.45628e-20
etaHat: 124879
156  fE: -3.00994  dfE: 0.000249411  dW: 0.00934929  dPhi(Nx/2)(Ny/2)(Nz/2): 0.000326523 Phi A: 0.0116502 Phi B: 0.987983 Phi I: 5.82139e-52
Total charge: -1.45632e-20
etaHat: 124879
157  fE: -3.00979  dfE: 0.000152687  dW: 0.00929169  dPhi(Nx/2)(Ny/2)(Nz/2): 0.000277233 Phi A: 0.0116506 Phi B: 0.988036 Phi I: 5.82139e-52
Total charge: -1.45637e-20
etaHat: 124879
158  fE: -3.00973  dfE: 5.83136e-05  dW: 0.00923235  dPhi(Nx/2)(Ny/2)(Nz/2): 0.000217804 Phi A: 0.011651 Phi B: 0.988099 Phi I: 5.82139e-52
Total charge: -1.45642e-20
etaHat: 124879
159  fE: -3.00976  dfE: 2.92602e-05  dW: 0.00915128  dPhi(Nx/2)(Ny/2)(Nz/2): 0.000152488 Phi A: 0.0116513 Phi B: 0.988168 Phi I: 5.82139e-52
Total charge: -1.45646e-20
etaHat: 124879
160  fE: -3.00987  dfE: 0.000106378  dW: 0.00904063  dPhi(Nx/2)(Ny/2)(Nz/2): 8.53978e-05 Phi A: 0.0116517 Phi B: 0.988239 Phi I: 5.82139e-52
Saving data . . .
Total charge: -1.45649e-20
etaHat: 124879
161  fE: -3.01004  dfE: 0.000170275  dW: 0.00890231  dPhi(Nx/2)(Ny/2)(Nz/2): 2.03194e-05 Phi A: 0.0116519 Phi B: 0.988308 Phi I: 5.82139e-52
Total charge: -1.4565e-20
etaHat: 124879
162  fE: -3.01026  dfE: 0.000219127  dW: 0.0087463  dPhi(Nx/2)(Ny/2)(Nz/2): -3.94457e-05 Phi A: 0.011652 Phi B: 0.988373 Phi I: 5.82139e-52
Total charge: -1.4565e-20
etaHat: 124879
163  fE: -3.01051  dfE: 0.000252044  dW: 0.00858464  dPhi(Nx/2)(Ny/2)(Nz/2): -9.11933e-05 Phi A: 0.011652 Phi B: 0.988429 Phi I: 5.82139e-52
Total charge: -1.45647e-20
etaHat: 124879
164  fE: -3.01078  dfE: 0.000269019  dW: 0.00842933  dPhi(Nx/2)(Ny/2)(Nz/2): -0.000132892 Phi A: 0.0116518 Phi B: 0.988476 Phi I: 5.8214e-52
Total charge: -1.45643e-20
etaHat: 124879
165  fE: -3.01105  dfE: 0.000270841  dW: 0.00829208  dPhi(Nx/2)(Ny/2)(Nz/2): -0.000163213 Phi A: 0.0116514 Phi B: 0.988513 Phi I: 5.8214e-52
Total charge: -1.45636e-20
etaHat: 124879
166  fE: -3.01131  dfE: 0.000258975  dW: 0.00817797  dPhi(Nx/2)(Ny/2)(Nz/2): -0.00018153 Phi A: 0.0116509 Phi B: 0.988537 Phi I: 5.8214e-52
Total charge: -1.45628e-20
etaHat: 124879
167  fE: -3.01154  dfE: 0.000235418  dW: 0.00808652  dPhi(Nx/2)(Ny/2)(Nz/2): -0.000187875 Phi A: 0.0116503 Phi B: 0.98855 Phi I: 5.8214e-52
Total charge: -1.45619e-20
etaHat: 124879
168  fE: -3.01174  dfE: 0.000202544  dW: 0.00801407  dPhi(Nx/2)(Ny/2)(Nz/2): -0.00018287 Phi A: 0.0116495 Phi B: 0.988552 Phi I: 5.8214e-52
Total charge: -1.45608e-20
etaHat: 124879
169  fE: -3.01191  dfE: 0.000162953  dW: 0.00795048  dPhi(Nx/2)(Ny/2)(Nz/2): -0.00016764 Phi A: 0.0116487 Phi B: 0.988544 Phi I: 5.8214e-52
Total charge: -1.45597e-20
etaHat: 124879
170  fE: -3.01203  dfE: 0.000119309  dW: 0.00788787  dPhi(Nx/2)(Ny/2)(Nz/2): -0.000143703 Phi A: 0.0116478 Phi B: 0.988527 Phi I: 5.8214e-52
Saving data . . .
Total charge: -1.45586e-20
etaHat: 124879
171  fE: -3.0121  dfE: 7.42067e-05  dW: 0.00781756  dPhi(Nx/2)(Ny/2)(Nz/2): -0.000112857 Phi A: 0.0116468 Phi B: 0.988503 Phi I: 5.82139e-52
Total charge: -1.45574e-20
etaHat: 124879
172  fE: -3.01213  dfE: 3.00456e-05  dW: 0.00773318  dPhi(Nx/2)(Ny/2)(Nz/2): -7.70626e-05 Phi A: 0.0116459 Phi B: 0.988475 Phi I: 5.82139e-52
Total charge: -1.45563e-20
etaHat: 124879
173  fE: -3.01212  dfE: 1.10691e-05  dW: 0.0076328  dPhi(Nx/2)(Ny/2)(Nz/2): -3.83295e-05 Phi A: 0.0116451 Phi B: 0.988443 Phi I: 5.82139e-52
Total charge: -1.45553e-20
etaHat: 124879
174  fE: -3.01207  dfE: 4.74016e-05  dW: 0.00751697  dPhi(Nx/2)(Ny/2)(Nz/2): 1.38674e-06 Phi A: 0.0116442 Phi B: 0.988411 Phi I: 5.82139e-52
Total charge: -1.45544e-20
etaHat: 124879
175  fE: -3.012  dfE: 7.76339e-05  dW: 0.00738815  dPhi(Nx/2)(Ny/2)(Nz/2): 4.02749e-05 Phi A: 0.0116435 Phi B: 0.988379 Phi I: 5.82139e-52
Total charge: -1.45536e-20
etaHat: 124879
176  fE: -3.01189  dfE: 0.000100888  dW: 0.00725181  dPhi(Nx/2)(Ny/2)(Nz/2): 7.67424e-05 Phi A: 0.0116429 Phi B: 0.988349 Phi I: 5.82139e-52
Total charge: -1.45529e-20
etaHat: 124879
177  fE: -3.01178  dfE: 0.000116725  dW: 0.00711301  dPhi(Nx/2)(Ny/2)(Nz/2): 0.00010947 Phi A: 0.0116423 Phi B: 0.988323 Phi I: 5.82139e-52
Total charge: -1.45523e-20
etaHat: 124879
178  fE: -3.01165  dfE: 0.00012512  dW: 0.00697641  dPhi(Nx/2)(Ny/2)(Nz/2): 0.000137449 Phi A: 0.0116418 Phi B: 0.988301 Phi I: 5.82139e-52
Total charge: -1.45519e-20
etaHat: 124879
179  fE: -3.01153  dfE: 0.000126421  dW: 0.00684515  dPhi(Nx/2)(Ny/2)(Nz/2): 0.000159996 Phi A: 0.0116415 Phi B: 0.988284 Phi I: 5.82139e-52
Total charge: -1.45515e-20
etaHat: 124879
180  fE: -3.0114  dfE: 0.000121295  dW: 0.00672337  dPhi(Nx/2)(Ny/2)(Nz/2): 0.000176756 Phi A: 0.0116412 Phi B: 0.988273 Phi I: 5.82139e-52
Saving data . . .
Total charge: -1.45513e-20
etaHat: 124879
181  fE: -3.01129  dfE: 0.000110659  dW: 0.00661328  dPhi(Nx/2)(Ny/2)(Nz/2): 0.000187681 Phi A: 0.0116411 Phi B: 0.988267 Phi I: 5.82139e-52
Total charge: -1.45512e-20
etaHat: 124879
182  fE: -3.0112  dfE: 9.56098e-05  dW: 0.00651436  dPhi(Nx/2)(Ny/2)(Nz/2): 0.000193003 Phi A: 0.011641 Phi B: 0.988266 Phi I: 5.82139e-52
Total charge: -1.45512e-20
etaHat: 124879
183  fE: -3.01112  dfE: 7.735e-05  dW: 0.00642469  dPhi(Nx/2)(Ny/2)(Nz/2): 0.000193191 Phi A: 0.0116409 Phi B: 0.98827 Phi I: 5.82139e-52
Total charge: -1.45512e-20
etaHat: 124879
184  fE: -3.01106  dfE: 5.71192e-05  dW: 0.0063417  dPhi(Nx/2)(Ny/2)(Nz/2): 0.000188904 Phi A: 0.0116409 Phi B: 0.988278 Phi I: 5.82139e-52
Total charge: -1.45512e-20
etaHat: 124879
185  fE: -3.01103  dfE: 3.61271e-05  dW: 0.00626293  dPhi(Nx/2)(Ny/2)(Nz/2): 0.000180939 Phi A: 0.011641 Phi B: 0.988289 Phi I: 5.82139e-52
Total charge: -1.45513e-20
etaHat: 124879
186  fE: -3.01101  dfE: 1.54969e-05  dW: 0.00618622  dPhi(Nx/2)(Ny/2)(Nz/2): 0.000170174 Phi A: 0.011641 Phi B: 0.988303 Phi I: 5.82139e-52
Total charge: -1.45514e-20
etaHat: 124879
187  fE: -3.01102  dfE: 3.78166e-06  dW: 0.00610994  dPhi(Nx/2)(Ny/2)(Nz/2): 0.000157519 Phi A: 0.0116411 Phi B: 0.988318 Phi I: 5.82139e-52
Total charge: -1.45514e-20
etaHat: 124879
188  fE: -3.01104  dfE: 2.08877e-05  dW: 0.00603329  dPhi(Nx/2)(Ny/2)(Nz/2): 0.000143866 Phi A: 0.0116411 Phi B: 0.988333 Phi I: 5.82139e-52
Total charge: -1.45515e-20
etaHat: 124879
189  fE: -3.01107  dfE: 3.51929e-05  dW: 0.00595624  dPhi(Nx/2)(Ny/2)(Nz/2): 0.000130049 Phi A: 0.0116412 Phi B: 0.988348 Phi I: 5.82139e-52
Total charge: -1.45515e-20
etaHat: 124879
190  fE: -3.01112  dfE: 4.62728e-05  dW: 0.00587926  dPhi(Nx/2)(Ny/2)(Nz/2): 0.000116805 Phi A: 0.0116412 Phi B: 0.988362 Phi I: 5.82139e-52
Saving data . . .
Total charge: -1.45514e-20
etaHat: 124879
191  fE: -3.01117  dfE: 5.39072e-05  dW: 0.00580324  dPhi(Nx/2)(Ny/2)(Nz/2): 0.000104751 Phi A: 0.0116411 Phi B: 0.988375 Phi I: 5.82139e-52
Total charge: -1.45514e-20
etaHat: 124879
192  fE: -3.01123  dfE: 5.80702e-05  dW: 0.00572884  dPhi(Nx/2)(Ny/2)(Nz/2): 9.4367e-05 Phi A: 0.0116411 Phi B: 0.988385 Phi I: 5.82139e-52
Total charge: -1.45512e-20
etaHat: 124879
193  fE: -3.01129  dfE: 5.89113e-05  dW: 0.00565672  dPhi(Nx/2)(Ny/2)(Nz/2): 8.59842e-05 Phi A: 0.011641 Phi B: 0.988394 Phi I: 5.82139e-52
Total charge: -1.45511e-20
etaHat: 124879
194  fE: -3.01135  dfE: 5.67302e-05  dW: 0.00558719  dPhi(Nx/2)(Ny/2)(Nz/2): 7.9787e-05 Phi A: 0.0116409 Phi B: 0.988399 Phi I: 5.82139e-52
Total charge: -1.45509e-20
etaHat: 124879
195  fE: -3.0114  dfE: 5.19465e-05  dW: 0.00552024  dPhi(Nx/2)(Ny/2)(Nz/2): 7.58196e-05 Phi A: 0.0116407 Phi B: 0.988403 Phi I: 5.82139e-52
Total charge: -1.45507e-20
etaHat: 124879
196  fE: -3.01144  dfE: 4.50661e-05  dW: 0.00545556  dPhi(Nx/2)(Ny/2)(Nz/2): 7.39992e-05 Phi A: 0.0116405 Phi B: 0.988403 Phi I: 5.82139e-52
Total charge: -1.45504e-20
etaHat: 124879
197  fE: -3.01148  dfE: 3.66478e-05  dW: 0.00539239  dPhi(Nx/2)(Ny/2)(Nz/2): 7.41349e-05 Phi A: 0.0116403 Phi B: 0.988402 Phi I: 5.82139e-52
Total charge: -1.45502e-20
etaHat: 124879
198  fE: -3.01151  dfE: 2.7269e-05  dW: 0.00533026  dPhi(Nx/2)(Ny/2)(Nz/2): 7.59489e-05 Phi A: 0.0116401 Phi B: 0.988398 Phi I: 5.82139e-52
Total charge: -1.45499e-20
etaHat: 124879
199  fE: -3.01152  dfE: 1.74961e-05  dW: 0.00526844  dPhi(Nx/2)(Ny/2)(Nz/2): 7.91016e-05 Phi A: 0.0116399 Phi B: 0.988394 Phi I: 5.82139e-52
Total charge: -1.45496e-20
etaHat: 124879
200  fE: -3.01153  dfE: 7.85648e-06  dW: 0.00520647  dPhi(Nx/2)(Ny/2)(Nz/2): 8.32154e-05 Phi A: 0.0116397 Phi B: 0.988387 Phi I: 5.82139e-52
Saving data . . .
Total charge: -1.45494e-20
etaHat: 124879
201  fE: -3.01153  dfE: 1.18322e-06  dW: 0.00514408  dPhi(Nx/2)(Ny/2)(Nz/2): 8.78992e-05 Phi A: 0.0116395 Phi B: 0.988381 Phi I: 5.82139e-52
Total charge: -1.45491e-20
etaHat: 124879
202  fE: -3.01152  dfE: 9.23437e-06  dW: 0.00508114  dPhi(Nx/2)(Ny/2)(Nz/2): 9.27705e-05 Phi A: 0.0116393 Phi B: 0.988374 Phi I: 5.82139e-52
Total charge: -1.45489e-20
etaHat: 124879
203  fE: -3.01151  dfE: 1.59976e-05  dW: 0.00501774  dPhi(Nx/2)(Ny/2)(Nz/2): 9.74747e-05 Phi A: 0.0116391 Phi B: 0.988367 Phi I: 5.82139e-52
Total charge: -1.45487e-20
etaHat: 124879
204  fE: -3.01148  dfE: 2.12685e-05  dW: 0.00495426  dPhi(Nx/2)(Ny/2)(Nz/2): 0.000101701 Phi A: 0.011639 Phi B: 0.98836 Phi I: 5.82139e-52
Total charge: -1.45485e-20
etaHat: 124879
205  fE: -3.01146  dfE: 2.49381e-05  dW: 0.00489109  dPhi(Nx/2)(Ny/2)(Nz/2): 0.000105195 Phi A: 0.0116388 Phi B: 0.988354 Phi I: 5.82139e-52
Total charge: -1.45484e-20
etaHat: 124879
206  fE: -3.01143  dfE: 2.69884e-05  dW: 0.00482872  dPhi(Nx/2)(Ny/2)(Nz/2): 0.000107767 Phi A: 0.0116387 Phi B: 0.98835 Phi I: 5.82139e-52
Total charge: -1.45483e-20
etaHat: 124879
207  fE: -3.01141  dfE: 2.7484e-05  dW: 0.0047675  dPhi(Nx/2)(Ny/2)(Nz/2): 0.000109294 Phi A: 0.0116386 Phi B: 0.988346 Phi I: 5.82139e-52
Total charge: -1.45482e-20
etaHat: 124879
208  fE: -3.01138  dfE: 2.656e-05  dW: 0.00470751  dPhi(Nx/2)(Ny/2)(Nz/2): 0.00010972 Phi A: 0.0116386 Phi B: 0.988343 Phi I: 5.82139e-52
Total charge: -1.45481e-20
etaHat: 124879
209  fE: -3.01135  dfE: 2.44086e-05  dW: 0.00464902  dPhi(Nx/2)(Ny/2)(Nz/2): 0.000109056 Phi A: 0.0116385 Phi B: 0.988342 Phi I: 5.82139e-52
Total charge: -1.45481e-20
etaHat: 124879
210  fE: -3.01133  dfE: 2.12633e-05  dW: 0.004592  dPhi(Nx/2)(Ny/2)(Nz/2): 0.00010737 Phi A: 0.0116385 Phi B: 0.988341 Phi I: 5.82139e-52
Saving data . . .
Total charge: -1.45481e-20
etaHat: 124879
211  fE: -3.01132  dfE: 1.73828e-05  dW: 0.00453659  dPhi(Nx/2)(Ny/2)(Nz/2): 0.000104778 Phi A: 0.0116385 Phi B: 0.988342 Phi I: 5.82139e-52
Total charge: -1.45481e-20
etaHat: 124879
212  fE: -3.0113  dfE: 1.30361e-05  dW: 0.00448271  dPhi(Nx/2)(Ny/2)(Nz/2): 0.000101436 Phi A: 0.0116385 Phi B: 0.988344 Phi I: 5.82139e-52
Total charge: -1.45481e-20
etaHat: 124879
213  fE: -3.01129  dfE: 8.48763e-06  dW: 0.00443009  dPhi(Nx/2)(Ny/2)(Nz/2): 9.75271e-05 Phi A: 0.0116385 Phi B: 0.988346 Phi I: 5.82139e-52
Total charge: -1.45481e-20
etaHat: 124879
214  fE: -3.01129  dfE: 3.98462e-06  dW: 0.00437851  dPhi(Nx/2)(Ny/2)(Nz/2): 9.32501e-05 Phi A: 0.0116385 Phi B: 0.988349 Phi I: 5.82139e-52
Total charge: -1.45481e-20
etaHat: 124879
215  fE: -3.01129  dfE: 2.5336e-07  dW: 0.00432792  dPhi(Nx/2)(Ny/2)(Nz/2): 8.88081e-05 Phi A: 0.0116385 Phi B: 0.988352 Phi I: 5.82139e-52
Total charge: -1.45481e-20
etaHat: 124879
216  fE: -3.01129  dfE: 4.04251e-06  dW: 0.00427816  dPhi(Nx/2)(Ny/2)(Nz/2): 8.43978e-05 Phi A: 0.0116385 Phi B: 0.988355 Phi I: 5.82139e-52
Total charge: -1.45481e-20
etaHat: 124879
217  fE: -3.0113  dfE: 7.2403e-06  dW: 0.00422918  dPhi(Nx/2)(Ny/2)(Nz/2): 8.0201e-05 Phi A: 0.0116385 Phi B: 0.988359 Phi I: 5.82139e-52
Total charge: -1.45481e-20
etaHat: 124879
218  fE: -3.01131  dfE: 9.7483e-06  dW: 0.004181  dPhi(Nx/2)(Ny/2)(Nz/2): 7.63761e-05 Phi A: 0.0116385 Phi B: 0.988362 Phi I: 5.82139e-52
Total charge: -1.45481e-20
etaHat: 124879
219  fE: -3.01132  dfE: 1.15126e-05  dW: 0.00413368  dPhi(Nx/2)(Ny/2)(Nz/2): 7.30529e-05 Phi A: 0.0116385 Phi B: 0.988365 Phi I: 5.82139e-52
Total charge: -1.4548e-20
etaHat: 124879
220  fE: -3.01134  dfE: 1.25218e-05  dW: 0.00408721  dPhi(Nx/2)(Ny/2)(Nz/2): 7.03287e-05 Phi A: 0.0116384 Phi B: 0.988367 Phi I: 5.82139e-52
Saving data . . .
Total charge: -1.4548e-20
etaHat: 124879
221  fE: -3.01135  dfE: 1.28033e-05  dW: 0.00404159  dPhi(Nx/2)(Ny/2)(Nz/2): 6.82666e-05 Phi A: 0.0116384 Phi B: 0.988369 Phi I: 5.82139e-52
Total charge: -1.4548e-20
etaHat: 124879
222  fE: -3.01136  dfE: 1.2418e-05  dW: 0.00399678  dPhi(Nx/2)(Ny/2)(Nz/2): 6.68951e-05 Phi A: 0.0116384 Phi B: 0.98837 Phi I: 5.82139e-52
Total charge: -1.45479e-20
etaHat: 124879
223  fE: -3.01137  dfE: 1.14537e-05  dW: 0.00395277  dPhi(Nx/2)(Ny/2)(Nz/2): 6.62102e-05 Phi A: 0.0116383 Phi B: 0.988371 Phi I: 5.82139e-52
Total charge: -1.45479e-20
etaHat: 124879
224  fE: -3.01138  dfE: 1.00179e-05  dW: 0.00390947  dPhi(Nx/2)(Ny/2)(Nz/2): 6.61782e-05 Phi A: 0.0116383 Phi B: 0.988371 Phi I: 5.82139e-52
Total charge: -1.45478e-20
etaHat: 124879
225  fE: -3.01139  dfE: 8.23085e-06  dW: 0.00386684  dPhi(Nx/2)(Ny/2)(Nz/2): 6.67402e-05 Phi A: 0.0116383 Phi B: 0.988371 Phi I: 5.82139e-52
Total charge: -1.45478e-20
etaHat: 124879
226  fE: -3.0114  dfE: 6.21757e-06  dW: 0.00382476  dPhi(Nx/2)(Ny/2)(Nz/2): 6.78166e-05 Phi A: 0.0116382 Phi B: 0.98837 Phi I: 5.82139e-52
Total charge: -1.45477e-20
etaHat: 124879
227  fE: -3.0114  dfE: 4.10166e-06  dW: 0.00378318  dPhi(Nx/2)(Ny/2)(Nz/2): 6.93135e-05 Phi A: 0.0116382 Phi B: 0.988369 Phi I: 5.82139e-52
Total charge: -1.45476e-20
etaHat: 124879
228  fE: -3.0114  dfE: 1.9991e-06  dW: 0.00374206  dPhi(Nx/2)(Ny/2)(Nz/2): 7.11274e-05 Phi A: 0.0116381 Phi B: 0.988368 Phi I: 5.82139e-52
Total charge: -1.45476e-20
etaHat: 124879
229  fE: -3.0114  dfE: 1.32524e-08  dW: 0.00370136  dPhi(Nx/2)(Ny/2)(Nz/2): 7.31515e-05 Phi A: 0.0116381 Phi B: 0.988367 Phi I: 5.82139e-52
Total charge: -1.45475e-20
etaHat: 124879
230  fE: -3.0114  dfE: 1.76896e-06  dW: 0.00366109  dPhi(Nx/2)(Ny/2)(Nz/2): 7.52803e-05 Phi A: 0.011638 Phi B: 0.988365 Phi I: 5.82139e-52
Saving data . . .
Total charge: -1.45475e-20
etaHat: 124879
231  fE: -3.0114  dfE: 3.27972e-06  dW: 0.00362128  dPhi(Nx/2)(Ny/2)(Nz/2): 7.74147e-05 Phi A: 0.011638 Phi B: 0.988364 Phi I: 5.82139e-52
Total charge: -1.45474e-20
etaHat: 124879
232  fE: -3.01139  dfE: 4.47169e-06  dW: 0.00358197  dPhi(Nx/2)(Ny/2)(Nz/2): 7.94655e-05 Phi A: 0.0116379 Phi B: 0.988362 Phi I: 5.82139e-52
Total charge: -1.45474e-20
etaHat: 124879
233  fE: -3.01139  dfE: 5.31829e-06  dW: 0.00354317  dPhi(Nx/2)(Ny/2)(Nz/2): 8.13565e-05 Phi A: 0.0116379 Phi B: 0.988361 Phi I: 5.82139e-52
Total charge: -1.45473e-20
etaHat: 124879
234  fE: -3.01138  dfE: 5.81289e-06  dW: 0.00350488  dPhi(Nx/2)(Ny/2)(Nz/2): 8.30264e-05 Phi A: 0.0116379 Phi B: 0.98836 Phi I: 5.82139e-52
Total charge: -1.45473e-20
etaHat: 124879
235  fE: -3.01138  dfE: 5.96706e-06  dW: 0.00346714  dPhi(Nx/2)(Ny/2)(Nz/2): 8.44299e-05 Phi A: 0.0116378 Phi B: 0.988359 Phi I: 5.82139e-52
Total charge: -1.45473e-20
etaHat: 124879
236  fE: -3.01137  dfE: 5.80814e-06  dW: 0.00342999  dPhi(Nx/2)(Ny/2)(Nz/2): 8.55382e-05 Phi A: 0.0116378 Phi B: 0.988358 Phi I: 5.82139e-52
Total charge: -1.45473e-20
etaHat: 124879
237  fE: -3.01137  dfE: 5.37627e-06  dW: 0.00339347  dPhi(Nx/2)(Ny/2)(Nz/2): 8.63383e-05 Phi A: 0.0116378 Phi B: 0.988358 Phi I: 5.82139e-52
Total charge: -1.45473e-20
etaHat: 124879
238  fE: -3.01136  dfE: 4.72102e-06  dW: 0.00335756  dPhi(Nx/2)(Ny/2)(Nz/2): 8.68316e-05 Phi A: 0.0116378 Phi B: 0.988358 Phi I: 5.82139e-52
Total charge: -1.45472e-20
etaHat: 124879
239  fE: -3.01136  dfE: 3.89802e-06  dW: 0.00332222  dPhi(Nx/2)(Ny/2)(Nz/2): 8.70323e-05 Phi A: 0.0116378 Phi B: 0.988358 Phi I: 5.82139e-52
Total charge: -1.45472e-20
etaHat: 124879
240  fE: -3.01135  dfE: 2.96551e-06  dW: 0.00328742  dPhi(Nx/2)(Ny/2)(Nz/2): 8.6965e-05 Phi A: 0.0116378 Phi B: 0.988358 Phi I: 5.82139e-52
Saving data . . .
Total charge: -1.45472e-20
etaHat: 124879
241  fE: -3.01135  dfE: 1.9812e-06  dW: 0.00325311  dPhi(Nx/2)(Ny/2)(Nz/2): 8.66626e-05 Phi A: 0.0116378 Phi B: 0.988359 Phi I: 5.82139e-52
Total charge: -1.45472e-20
etaHat: 124879
242  fE: -3.01135  dfE: 9.99445e-07  dW: 0.0032193  dPhi(Nx/2)(Ny/2)(Nz/2): 8.61632e-05 Phi A: 0.0116378 Phi B: 0.988359 Phi I: 5.82139e-52
Total charge: -1.45472e-20
etaHat: 124879
243  fE: -3.01135  dfE: 6.88752e-08  dW: 0.00318599  dPhi(Nx/2)(Ny/2)(Nz/2): 8.5508e-05 Phi A: 0.0116378 Phi B: 0.98836 Phi I: 5.82139e-52
Total charge: -1.45472e-20
etaHat: 124879
244  fE: -3.01135  dfE: 7.69427e-07  dW: 0.00315316  dPhi(Nx/2)(Ny/2)(Nz/2): 8.47387e-05 Phi A: 0.0116378 Phi B: 0.988361 Phi I: 5.82139e-52
Total charge: -1.45472e-20
etaHat: 124879
245  fE: -3.01135  dfE: 1.4832e-06  dW: 0.00312079  dPhi(Nx/2)(Ny/2)(Nz/2): 8.38954e-05 Phi A: 0.0116378 Phi B: 0.988362 Phi I: 5.82139e-52
Total charge: -1.45472e-20
etaHat: 124879
246  fE: -3.01135  dfE: 2.04971e-06  dW: 0.00308888  dPhi(Nx/2)(Ny/2)(Nz/2): 8.30147e-05 Phi A: 0.0116378 Phi B: 0.988362 Phi I: 5.82139e-52
Total charge: -1.45472e-20
etaHat: 124879
247  fE: -3.01136  dfE: 2.4559e-06  dW: 0.00305745  dPhi(Nx/2)(Ny/2)(Nz/2): 8.21286e-05 Phi A: 0.0116378 Phi B: 0.988363 Phi I: 5.82139e-52
Total charge: -1.45472e-20
etaHat: 124879
248  fE: -3.01136  dfE: 2.69802e-06  dW: 0.00302646  dPhi(Nx/2)(Ny/2)(Nz/2): 8.12632e-05 Phi A: 0.0116378 Phi B: 0.988363 Phi I: 5.82139e-52
Total charge: -1.45472e-20
etaHat: 124879
249  fE: -3.01136  dfE: 2.78089e-06  dW: 0.00299589  dPhi(Nx/2)(Ny/2)(Nz/2): 8.0438e-05 Phi A: 0.0116378 Phi B: 0.988364 Phi I: 5.82139e-52
Total charge: -1.45472e-20
etaHat: 124879
250  fE: -3.01137  dfE: 2.71679e-06  dW: 0.00296575  dPhi(Nx/2)(Ny/2)(Nz/2): 7.96663e-05 Phi A: 0.0116378 Phi B: 0.988364 Phi I: 5.82139e-52
Saving data . . .
Total charge: -1.45472e-20
etaHat: 124879
251  fE: -3.01137  dfE: 2.52401e-06  dW: 0.002936  dPhi(Nx/2)(Ny/2)(Nz/2): 7.89545e-05 Phi A: 0.0116378 Phi B: 0.988364 Phi I: 5.82139e-52
Total charge: -1.45472e-20
etaHat: 124879
252  fE: -3.01137  dfE: 2.22541e-06  dW: 0.00290665  dPhi(Nx/2)(Ny/2)(Nz/2): 7.83033e-05 Phi A: 0.0116377 Phi B: 0.988364 Phi I: 5.82139e-52
Total charge: -1.45472e-20
etaHat: 124879
253  fE: -3.01137  dfE: 1.84675e-06  dW: 0.00287768  dPhi(Nx/2)(Ny/2)(Nz/2): 7.77084e-05 Phi A: 0.0116377 Phi B: 0.988364 Phi I: 5.82139e-52
Total charge: -1.45471e-20
etaHat: 124879
254  fE: -3.01137  dfE: 1.41513e-06  dW: 0.00284907  dPhi(Nx/2)(Ny/2)(Nz/2): 7.7161e-05 Phi A: 0.0116377 Phi B: 0.988364 Phi I: 5.82139e-52
Total charge: -1.45471e-20
etaHat: 124879
255  fE: -3.01137  dfE: 9.57487e-07  dW: 0.00282083  dPhi(Nx/2)(Ny/2)(Nz/2): 7.66491e-05 Phi A: 0.0116377 Phi B: 0.988364 Phi I: 5.82139e-52
Total charge: -1.45471e-20
etaHat: 124879
256  fE: -3.01137  dfE: 4.99307e-07  dW: 0.00279293  dPhi(Nx/2)(Ny/2)(Nz/2): 7.61589e-05 Phi A: 0.0116377 Phi B: 0.988364 Phi I: 5.82139e-52
Total charge: -1.45471e-20
etaHat: 124879
257  fE: -3.01137  dfE: 6.34651e-08  dW: 0.00276538  dPhi(Nx/2)(Ny/2)(Nz/2): 7.56755e-05 Phi A: 0.0116377 Phi B: 0.988363 Phi I: 5.82139e-52
Total charge: -1.45471e-20
etaHat: 124879
258  fE: -3.01137  dfE: 3.30627e-07  dW: 0.00273818  dPhi(Nx/2)(Ny/2)(Nz/2): 7.5184e-05 Phi A: 0.0116377 Phi B: 0.988363 Phi I: 5.82139e-52
Total charge: -1.45471e-20
etaHat: 124879
259  fE: -3.01137  dfE: 6.67634e-07  dW: 0.00271129  dPhi(Nx/2)(Ny/2)(Nz/2): 7.46705e-05 Phi A: 0.0116377 Phi B: 0.988363 Phi I: 5.82139e-52
Total charge: -1.45471e-20
etaHat: 124879
260  fE: -3.01137  dfE: 9.36643e-07  dW: 0.00268472  dPhi(Nx/2)(Ny/2)(Nz/2): 7.41231e-05 Phi A: 0.0116377 Phi B: 0.988362 Phi I: 5.82139e-52
Saving data . . .
Total charge: -1.45471e-20
etaHat: 124879
261  fE: -3.01137  dfE: 1.13125e-06  dW: 0.00265848  dPhi(Nx/2)(Ny/2)(Nz/2): 7.35321e-05 Phi A: 0.0116376 Phi B: 0.988362 Phi I: 5.82139e-52
Total charge: -1.4547e-20
etaHat: 124879
262  fE: -3.01137  dfE: 1.24942e-06  dW: 0.00263257  dPhi(Nx/2)(Ny/2)(Nz/2): 7.28905e-05 Phi A: 0.0116376 Phi B: 0.988362 Phi I: 5.82139e-52
Total charge: -1.4547e-20
etaHat: 124879
263  fE: -3.01137  dfE: 1.29312e-06  dW: 0.00260698  dPhi(Nx/2)(Ny/2)(Nz/2): 7.21946e-05 Phi A: 0.0116376 Phi B: 0.988362 Phi I: 5.82139e-52
Total charge: -1.4547e-20
etaHat: 124879
264  fE: -3.01137  dfE: 1.26785e-06  dW: 0.00258173  dPhi(Nx/2)(Ny/2)(Nz/2): 7.14434e-05 Phi A: 0.0116376 Phi B: 0.988362 Phi I: 5.82139e-52
Total charge: -1.4547e-20
etaHat: 124879
265  fE: -3.01137  dfE: 1.18195e-06  dW: 0.00255682  dPhi(Nx/2)(Ny/2)(Nz/2): 7.0639e-05 Phi A: 0.0116376 Phi B: 0.988361 Phi I: 5.82139e-52
Total charge: -1.4547e-20
etaHat: 124879
266  fE: -3.01137  dfE: 1.04595e-06  dW: 0.00253225  dPhi(Nx/2)(Ny/2)(Nz/2): 6.97863e-05 Phi A: 0.0116376 Phi B: 0.988361 Phi I: 5.82139e-52
Total charge: -1.4547e-20
etaHat: 124879
267  fE: -3.01136  dfE: 8.71768e-07  dW: 0.00250798  dPhi(Nx/2)(Ny/2)(Nz/2): 6.88921e-05 Phi A: 0.0116376 Phi B: 0.988361 Phi I: 5.82139e-52
Total charge: -1.4547e-20
etaHat: 124879
268  fE: -3.01136  dfE: 6.72013e-07  dW: 0.00248403  dPhi(Nx/2)(Ny/2)(Nz/2): 6.79653e-05 Phi A: 0.0116376 Phi B: 0.988362 Phi I: 5.82139e-52
Total charge: -1.4547e-20
etaHat: 124879
269  fE: -3.01136  dfE: 4.59266e-07  dW: 0.00246037  dPhi(Nx/2)(Ny/2)(Nz/2): 6.70158e-05 Phi A: 0.0116376 Phi B: 0.988362 Phi I: 5.82139e-52
Total charge: -1.4547e-20
etaHat: 124879
270  fE: -3.01136  dfE: 2.45459e-07  dW: 0.00243701  dPhi(Nx/2)(Ny/2)(Nz/2): 6.60544e-05 Phi A: 0.0116376 Phi B: 0.988362 Phi I: 5.82139e-52
Saving data . . .
Total charge: -1.4547e-20
etaHat: 124879
271  fE: -3.01136  dfE: 4.13522e-08  dW: 0.00241394  dPhi(Nx/2)(Ny/2)(Nz/2): 6.50922e-05 Phi A: 0.0116376 Phi B: 0.988362 Phi I: 5.82139e-52
Total charge: -1.4547e-20
etaHat: 124879
272  fE: -3.01136  dfE: 1.43887e-07  dW: 0.00239117  dPhi(Nx/2)(Ny/2)(Nz/2): 6.41395e-05 Phi A: 0.0116376 Phi B: 0.988362 Phi I: 5.82139e-52
Total charge: -1.4547e-20
etaHat: 124879
273  fE: -3.01136  dfE: 3.02972e-07  dW: 0.00236868  dPhi(Nx/2)(Ny/2)(Nz/2): 6.32064e-05 Phi A: 0.0116376 Phi B: 0.988362 Phi I: 5.82139e-52
Total charge: -1.4547e-20
etaHat: 124879
274  fE: -3.01136  dfE: 4.30671e-07  dW: 0.00234647  dPhi(Nx/2)(Ny/2)(Nz/2): 6.23015e-05 Phi A: 0.0116376 Phi B: 0.988362 Phi I: 5.82139e-52
Total charge: -1.4547e-20
etaHat: 124879
275  fE: -3.01136  dfE: 5.2385e-07  dW: 0.00232454  dPhi(Nx/2)(Ny/2)(Nz/2): 6.1432e-05 Phi A: 0.0116376 Phi B: 0.988363 Phi I: 5.82139e-52
Total charge: -1.4547e-20
etaHat: 124879
276  fE: -3.01137  dfE: 5.81421e-07  dW: 0.00230287  dPhi(Nx/2)(Ny/2)(Nz/2): 6.06037e-05 Phi A: 0.0116376 Phi B: 0.988363 Phi I: 5.82139e-52
Total charge: -1.4547e-20
etaHat: 124879
277  fE: -3.01137  dfE: 6.04178e-07  dW: 0.00228147  dPhi(Nx/2)(Ny/2)(Nz/2): 5.98204e-05 Phi A: 0.0116376 Phi B: 0.988363 Phi I: 5.82139e-52
Total charge: -1.4547e-20
etaHat: 124879
278  fE: -3.01137  dfE: 5.9457e-07  dW: 0.00226032  dPhi(Nx/2)(Ny/2)(Nz/2): 5.90844e-05 Phi A: 0.0116376 Phi B: 0.988363 Phi I: 5.82139e-52
Total charge: -1.4547e-20
etaHat: 124879
279  fE: -3.01137  dfE: 5.56405e-07  dW: 0.00223942  dPhi(Nx/2)(Ny/2)(Nz/2): 5.83962e-05 Phi A: 0.0116376 Phi B: 0.988363 Phi I: 5.82139e-52
Total charge: -1.4547e-20
etaHat: 124879
280  fE: -3.01137  dfE: 4.94521e-07  dW: 0.00221878  dPhi(Nx/2)(Ny/2)(Nz/2): 5.77548e-05 Phi A: 0.0116376 Phi B: 0.988363 Phi I: 5.82139e-52
Saving data . . .
Total charge: -1.4547e-20
etaHat: 124879
281  fE: -3.01137  dfE: 4.14441e-07  dW: 0.00219839  dPhi(Nx/2)(Ny/2)(Nz/2): 5.71579e-05 Phi A: 0.0116376 Phi B: 0.988363 Phi I: 5.82139e-52
Total charge: -1.4547e-20
etaHat: 124879
282  fE: -3.01137  dfE: 3.22024e-07  dW: 0.00217826  dPhi(Nx/2)(Ny/2)(Nz/2): 5.66019e-05 Phi A: 0.0116376 Phi B: 0.988363 Phi I: 5.82139e-52
Total charge: -1.4547e-20
etaHat: 124879
283  fE: -3.01137  dfE: 2.23144e-07  dW: 0.00215835  dPhi(Nx/2)(Ny/2)(Nz/2): 5.60827e-05 Phi A: 0.0116376 Phi B: 0.988363 Phi I: 5.82139e-52
Total charge: -1.4547e-20
etaHat: 124879
284  fE: -3.01137  dfE: 1.23389e-07  dW: 0.00213869  dPhi(Nx/2)(Ny/2)(Nz/2): 5.55953e-05 Phi A: 0.0116376 Phi B: 0.988363 Phi I: 5.82139e-52
Total charge: -1.4547e-20
etaHat: 124879
285  fE: -3.01137  dfE: 2.78179e-08  dW: 0.00211927  dPhi(Nx/2)(Ny/2)(Nz/2): 5.51347e-05 Phi A: 0.0116376 Phi B: 0.988363 Phi I: 5.82139e-52
Total charge: -1.4547e-20
etaHat: 124879
286  fE: -3.01137  dfE: 5.924e-08  dW: 0.00210008  dPhi(Nx/2)(Ny/2)(Nz/2): 5.46957e-05 Phi A: 0.0116376 Phi B: 0.988363 Phi I: 5.82139e-52
Total charge: -1.4547e-20
etaHat: 124879
287  fE: -3.01137  dfE: 1.34325e-07  dW: 0.00208111  dPhi(Nx/2)(Ny/2)(Nz/2): 5.42733e-05 Phi A: 0.0116376 Phi B: 0.988363 Phi I: 5.82139e-52
Total charge: -1.4547e-20
etaHat: 124879
288  fE: -3.01137  dfE: 1.94929e-07  dW: 0.00206235  dPhi(Nx/2)(Ny/2)(Nz/2): 5.38629e-05 Phi A: 0.0116376 Phi B: 0.988362 Phi I: 5.82139e-52
Total charge: -1.4547e-20
etaHat: 124879
289  fE: -3.01137  dfE: 2.39525e-07  dW: 0.00204382  dPhi(Nx/2)(Ny/2)(Nz/2): 5.34604e-05 Phi A: 0.0116376 Phi B: 0.988362 Phi I: 5.82139e-52
Total charge: -1.4547e-20
etaHat: 124879
290  fE: -3.01137  dfE: 2.67539e-07  dW: 0.00202551  dPhi(Nx/2)(Ny/2)(Nz/2): 5.30625e-05 Phi A: 0.0116376 Phi B: 0.988362 Phi I: 5.82139e-52
Saving data . . .
Total charge: -1.4547e-20
etaHat: 124879
291  fE: -3.01137  dfE: 2.79281e-07  dW: 0.0020074  dPhi(Nx/2)(Ny/2)(Nz/2): 5.26665e-05 Phi A: 0.0116376 Phi B: 0.988362 Phi I: 5.82139e-52
Total charge: -1.4547e-20
etaHat: 124879
292  fE: -3.01137  dfE: 2.75843e-07  dW: 0.00198951  dPhi(Nx/2)(Ny/2)(Nz/2): 5.22706e-05 Phi A: 0.0116376 Phi B: 0.988362 Phi I: 5.82139e-52
Total charge: -1.4547e-20
etaHat: 124879
293  fE: -3.01137  dfE: 2.58957e-07  dW: 0.00197182  dPhi(Nx/2)(Ny/2)(Nz/2): 5.18735e-05 Phi A: 0.0116376 Phi B: 0.988362 Phi I: 5.82139e-52
Total charge: -1.4547e-20
etaHat: 124879
294  fE: -3.01137  dfE: 2.30849e-07  dW: 0.00195433  dPhi(Nx/2)(Ny/2)(Nz/2): 5.14747e-05 Phi A: 0.0116376 Phi B: 0.988362 Phi I: 5.82139e-52
Total charge: -1.4547e-20
etaHat: 124879
295  fE: -3.01137  dfE: 1.94074e-07  dW: 0.00193705  dPhi(Nx/2)(Ny/2)(Nz/2): 5.10744e-05 Phi A: 0.0116376 Phi B: 0.988362 Phi I: 5.82139e-52
Total charge: -1.4547e-20
etaHat: 124879
296  fE: -3.01137  dfE: 1.51357e-07  dW: 0.00191996  dPhi(Nx/2)(Ny/2)(Nz/2): 5.06732e-05 Phi A: 0.0116376 Phi B: 0.988362 Phi I: 5.82139e-52
Total charge: -1.4547e-20
etaHat: 124879
297  fE: -3.01137  dfE: 1.05436e-07  dW: 0.00190308  dPhi(Nx/2)(Ny/2)(Nz/2): 5.02723e-05 Phi A: 0.0116376 Phi B: 0.988362 Phi I: 5.82139e-52
Total charge: -1.4547e-20
etaHat: 124879
298  fE: -3.01137  dfE: 5.89305e-08  dW: 0.00188639  dPhi(Nx/2)(Ny/2)(Nz/2): 4.98728e-05 Phi A: 0.0116376 Phi B: 0.988362 Phi I: 5.82139e-52
Total charge: -1.4547e-20
etaHat: 124879
299  fE: -3.01137  dfE: 1.42166e-08  dW: 0.0018699  dPhi(Nx/2)(Ny/2)(Nz/2): 4.94763e-05 Phi A: 0.0116376 Phi B: 0.988362 Phi I: 5.82139e-52
Total charge: -1.4547e-20
etaHat: 124879
300  fE: -3.01137  dfE: 2.66619e-08  dW: 0.00185359  dPhi(Nx/2)(Ny/2)(Nz/2): 4.90845e-05 Phi A: 0.0116376 Phi B: 0.988362 Phi I: 5.82139e-52
Saving data . . .
Total charge: -1.4547e-20
etaHat: 124879
301  fE: -3.01137  dfE: 6.20627e-08  dW: 0.00183746  dPhi(Nx/2)(Ny/2)(Nz/2): 4.86986e-05 Phi A: 0.0116376 Phi B: 0.988362 Phi I: 5.82139e-52
Total charge: -1.4547e-20
etaHat: 124879
302  fE: -3.01137  dfE: 9.07857e-08  dW: 0.00182152  dPhi(Nx/2)(Ny/2)(Nz/2): 4.83202e-05 Phi A: 0.0116376 Phi B: 0.988362 Phi I: 5.82139e-52
Total charge: -1.4547e-20
etaHat: 124879
303  fE: -3.01137  dfE: 1.12086e-07  dW: 0.00180575  dPhi(Nx/2)(Ny/2)(Nz/2): 4.79503e-05 Phi A: 0.0116376 Phi B: 0.988362 Phi I: 5.82139e-52
Total charge: -1.4547e-20
etaHat: 124879
304  fE: -3.01137  dfE: 1.25667e-07  dW: 0.00179016  dPhi(Nx/2)(Ny/2)(Nz/2): 4.75898e-05 Phi A: 0.0116376 Phi B: 0.988362 Phi I: 5.82139e-52
Total charge: -1.4547e-20
etaHat: 124879
305  fE: -3.01137  dfE: 1.31644e-07  dW: 0.00177475  dPhi(Nx/2)(Ny/2)(Nz/2): 4.72392e-05 Phi A: 0.0116376 Phi B: 0.988363 Phi I: 5.82139e-52
Total charge: -1.4547e-20
etaHat: 124879
306  fE: -3.01137  dfE: 1.30503e-07  dW: 0.00175951  dPhi(Nx/2)(Ny/2)(Nz/2): 4.68989e-05 Phi A: 0.0116376 Phi B: 0.988363 Phi I: 5.82139e-52
Total charge: -1.4547e-20
etaHat: 124879
307  fE: -3.01137  dfE: 1.2303e-07  dW: 0.00174444  dPhi(Nx/2)(Ny/2)(Nz/2): 4.65687e-05 Phi A: 0.0116376 Phi B: 0.988363 Phi I: 5.82139e-52
Total charge: -1.4547e-20
etaHat: 124879
308  fE: -3.01137  dfE: 1.1025e-07  dW: 0.00172954  dPhi(Nx/2)(Ny/2)(Nz/2): 4.62483e-05 Phi A: 0.0116376 Phi B: 0.988363 Phi I: 5.82139e-52
Total charge: -1.4547e-20
etaHat: 124879
309  fE: -3.01137  dfE: 9.33448e-08  dW: 0.00171479  dPhi(Nx/2)(Ny/2)(Nz/2): 4.59372e-05 Phi A: 0.0116376 Phi B: 0.988363 Phi I: 5.82139e-52
Total charge: -1.4547e-20
etaHat: 124879
310  fE: -3.01137  dfE: 7.35794e-08  dW: 0.0017002  dPhi(Nx/2)(Ny/2)(Nz/2): 4.56345e-05 Phi A: 0.0116376 Phi B: 0.988363 Phi I: 5.82139e-52
Saving data . . .
Total charge: -1.4547e-20
etaHat: 124879
311  fE: -3.01137  dfE: 5.22324e-08  dW: 0.00168577  dPhi(Nx/2)(Ny/2)(Nz/2): 4.53392e-05 Phi A: 0.0116376 Phi B: 0.988363 Phi I: 5.82139e-52
Total charge: -1.4547e-20
etaHat: 124879
312  fE: -3.01137  dfE: 3.0529e-08  dW: 0.00167149  dPhi(Nx/2)(Ny/2)(Nz/2): 4.50502e-05 Phi A: 0.0116376 Phi B: 0.988363 Phi I: 5.82139e-52
Total charge: -1.4547e-20
etaHat: 124879
313  fE: -3.01137  dfE: 9.58634e-09  dW: 0.00165736  dPhi(Nx/2)(Ny/2)(Nz/2): 4.47665e-05 Phi A: 0.0116376 Phi B: 0.988362 Phi I: 5.82139e-52
Total charge: -1.4547e-20
etaHat: 124879
314  fE: -3.01137  dfE: 9.63125e-09  dW: 0.00164339  dPhi(Nx/2)(Ny/2)(Nz/2): 4.44869e-05 Phi A: 0.0116376 Phi B: 0.988362 Phi I: 5.82139e-52
Total charge: -1.4547e-20
etaHat: 124879
315  fE: -3.01137  dfE: 2.63448e-08  dW: 0.00162956  dPhi(Nx/2)(Ny/2)(Nz/2): 4.42102e-05 Phi A: 0.0116376 Phi B: 0.988362 Phi I: 5.82139e-52
Total charge: -1.4547e-20
etaHat: 124879
316  fE: -3.01137  dfE: 3.99799e-08  dW: 0.00161588  dPhi(Nx/2)(Ny/2)(Nz/2): 4.39355e-05 Phi A: 0.0116376 Phi B: 0.988362 Phi I: 5.82139e-52
Total charge: -1.45469e-20
etaHat: 124879
317  fE: -3.01137  dfE: 5.0175e-08  dW: 0.00160235  dPhi(Nx/2)(Ny/2)(Nz/2): 4.36619e-05 Phi A: 0.0116376 Phi B: 0.988362 Phi I: 5.82139e-52
Total charge: -1.45469e-20
etaHat: 124879
318  fE: -3.01137  dfE: 5.67766e-08  dW: 0.00158896  dPhi(Nx/2)(Ny/2)(Nz/2): 4.33887e-05 Phi A: 0.0116376 Phi B: 0.988362 Phi I: 5.82139e-52
Total charge: -1.45469e-20
etaHat: 124879
319  fE: -3.01137  dfE: 5.98262e-08  dW: 0.00157572  dPhi(Nx/2)(Ny/2)(Nz/2): 4.31152e-05 Phi A: 0.0116376 Phi B: 0.988362 Phi I: 5.82139e-52
Total charge: -1.45469e-20
etaHat: 124879
320  fE: -3.01137  dfE: 5.95381e-08  dW: 0.00156262  dPhi(Nx/2)(Ny/2)(Nz/2): 4.2841e-05 Phi A: 0.0116376 Phi B: 0.988362 Phi I: 5.82139e-52
Saving data . . .
Total charge: -1.45469e-20
etaHat: 124879
321  fE: -3.01137  dfE: 5.62705e-08  dW: 0.00154965  dPhi(Nx/2)(Ny/2)(Nz/2): 4.25658e-05 Phi A: 0.0116376 Phi B: 0.988362 Phi I: 5.82139e-52
Total charge: -1.45469e-20
etaHat: 124879
322  fE: -3.01137  dfE: 5.04934e-08  dW: 0.00153683  dPhi(Nx/2)(Ny/2)(Nz/2): 4.22896e-05 Phi A: 0.0116376 Phi B: 0.988362 Phi I: 5.82139e-52
Total charge: -1.45469e-20
etaHat: 124879
323  fE: -3.01137  dfE: 4.27533e-08  dW: 0.00152413  dPhi(Nx/2)(Ny/2)(Nz/2): 4.20123e-05 Phi A: 0.0116376 Phi B: 0.988362 Phi I: 5.82139e-52
Total charge: -1.45469e-20
etaHat: 124879
324  fE: -3.01137  dfE: 3.36383e-08  dW: 0.00151156  dPhi(Nx/2)(Ny/2)(Nz/2): 4.1734e-05 Phi A: 0.0116376 Phi B: 0.988362 Phi I: 5.82139e-52
Total charge: -1.45469e-20
etaHat: 124879
325  fE: -3.01137  dfE: 2.37443e-08  dW: 0.00149913  dPhi(Nx/2)(Ny/2)(Nz/2): 4.1455e-05 Phi A: 0.0116376 Phi B: 0.988362 Phi I: 5.82139e-52
Total charge: -1.45469e-20
etaHat: 124879
326  fE: -3.01137  dfE: 1.36449e-08  dW: 0.00148682  dPhi(Nx/2)(Ny/2)(Nz/2): 4.11755e-05 Phi A: 0.0116376 Phi B: 0.988362 Phi I: 5.82139e-52
Total charge: -1.45469e-20
etaHat: 124879
327  fE: -3.01137  dfE: 3.86496e-09  dW: 0.00147463  dPhi(Nx/2)(Ny/2)(Nz/2): 4.08958e-05 Phi A: 0.0116376 Phi B: 0.988362 Phi I: 5.82139e-52
Total charge: -1.45469e-20
etaHat: 124879
328  fE: -3.01137  dfE: 5.14087e-09  dW: 0.00146257  dPhi(Nx/2)(Ny/2)(Nz/2): 4.06164e-05 Phi A: 0.0116376 Phi B: 0.988362 Phi I: 5.82139e-52
Total charge: -1.45469e-20
etaHat: 124879
329  fE: -3.01137  dfE: 1.3003e-08  dW: 0.00145063  dPhi(Nx/2)(Ny/2)(Nz/2): 4.03374e-05 Phi A: 0.0116376 Phi B: 0.988362 Phi I: 5.82139e-52
Total charge: -1.45469e-20
etaHat: 124879
330  fE: -3.01137  dfE: 1.94471e-08  dW: 0.00143881  dPhi(Nx/2)(Ny/2)(Nz/2): 4.00594e-05 Phi A: 0.0116376 Phi B: 0.988362 Phi I: 5.82139e-52
Saving data . . .
Total charge: -1.45469e-20
etaHat: 124879
331  fE: -3.01137  dfE: 2.42974e-08  dW: 0.00142712  dPhi(Nx/2)(Ny/2)(Nz/2): 3.97824e-05 Phi A: 0.0116376 Phi B: 0.988362 Phi I: 5.82139e-52
Total charge: -1.45469e-20
etaHat: 124879
332  fE: -3.01137  dfE: 2.74758e-08  dW: 0.00141555  dPhi(Nx/2)(Ny/2)(Nz/2): 3.95067e-05 Phi A: 0.0116376 Phi B: 0.988362 Phi I: 5.82139e-52
Total charge: -1.45469e-20
etaHat: 124879
333  fE: -3.01137  dfE: 2.89955e-08  dW: 0.00140409  dPhi(Nx/2)(Ny/2)(Nz/2): 3.92326e-05 Phi A: 0.0116376 Phi B: 0.988362 Phi I: 5.82139e-52
Total charge: -1.45469e-20
etaHat: 124879
334  fE: -3.01137  dfE: 2.8951e-08  dW: 0.00139275  dPhi(Nx/2)(Ny/2)(Nz/2): 3.896e-05 Phi A: 0.0116376 Phi B: 0.988362 Phi I: 5.82139e-52
Total charge: -1.45469e-20
etaHat: 124879
335  fE: -3.01137  dfE: 2.75048e-08  dW: 0.00138152  dPhi(Nx/2)(Ny/2)(Nz/2): 3.86892e-05 Phi A: 0.0116376 Phi B: 0.988362 Phi I: 5.82139e-52
Total charge: -1.45469e-20
etaHat: 124879
336  fE: -3.01137  dfE: 2.48728e-08  dW: 0.0013704  dPhi(Nx/2)(Ny/2)(Nz/2): 3.842e-05 Phi A: 0.0116376 Phi B: 0.988362 Phi I: 5.82139e-52
Total charge: -1.45469e-20
etaHat: 124879
337  fE: -3.01137  dfE: 2.13076e-08  dW: 0.00135939  dPhi(Nx/2)(Ny/2)(Nz/2): 3.81524e-05 Phi A: 0.0116376 Phi B: 0.988362 Phi I: 5.82139e-52
Total charge: -1.45469e-20
etaHat: 124879
338  fE: -3.01137  dfE: 1.70821e-08  dW: 0.0013485  dPhi(Nx/2)(Ny/2)(Nz/2): 3.78864e-05 Phi A: 0.0116376 Phi B: 0.988362 Phi I: 5.82139e-52
Total charge: -1.45469e-20
etaHat: 124879
339  fE: -3.01137  dfE: 1.24745e-08  dW: 0.00133772  dPhi(Nx/2)(Ny/2)(Nz/2): 3.76219e-05 Phi A: 0.0116376 Phi B: 0.988362 Phi I: 5.82139e-52
Total charge: -1.45469e-20
etaHat: 124879
340  fE: -3.01137  dfE: 7.75298e-09  dW: 0.00132704  dPhi(Nx/2)(Ny/2)(Nz/2): 3.73587e-05 Phi A: 0.0116376 Phi B: 0.988362 Phi I: 5.82139e-52
Saving data . . .
Total charge: -1.45469e-20
etaHat: 124879
341  fE: -3.01137  dfE: 3.164e-09  dW: 0.00131647  dPhi(Nx/2)(Ny/2)(Nz/2): 3.70967e-05 Phi A: 0.0116376 Phi B: 0.988362 Phi I: 5.82139e-52
Total charge: -1.45469e-20
etaHat: 124879
342  fE: -3.01137  dfE: 1.07799e-09  dW: 0.00130601  dPhi(Nx/2)(Ny/2)(Nz/2): 3.68358e-05 Phi A: 0.0116376 Phi B: 0.988362 Phi I: 5.82139e-52
Total charge: -1.45469e-20
etaHat: 124879
343  fE: -3.01137  dfE: 4.79781e-09  dW: 0.00129565  dPhi(Nx/2)(Ny/2)(Nz/2): 3.65759e-05 Phi A: 0.0116376 Phi B: 0.988362 Phi I: 5.82139e-52
Total charge: -1.45469e-20
etaHat: 124879
344  fE: -3.01137  dfE: 7.86441e-09  dW: 0.00128538  dPhi(Nx/2)(Ny/2)(Nz/2): 3.6317e-05 Phi A: 0.0116376 Phi B: 0.988362 Phi I: 5.82139e-52
Total charge: -1.45469e-20
etaHat: 124879
345  fE: -3.01137  dfE: 1.01926e-08  dW: 0.00127522  dPhi(Nx/2)(Ny/2)(Nz/2): 3.60589e-05 Phi A: 0.0116376 Phi B: 0.988362 Phi I: 5.82139e-52
Total charge: -1.45469e-20
etaHat: 124879
346  fE: -3.01137  dfE: 1.17429e-08  dW: 0.00126515  dPhi(Nx/2)(Ny/2)(Nz/2): 3.58017e-05 Phi A: 0.0116376 Phi B: 0.988362 Phi I: 5.82139e-52
Total charge: -1.45469e-20
etaHat: 124879
347  fE: -3.01137  dfE: 1.25186e-08  dW: 0.00125519  dPhi(Nx/2)(Ny/2)(Nz/2): 3.55453e-05 Phi A: 0.0116376 Phi B: 0.988362 Phi I: 5.82139e-52
Total charge: -1.45469e-20
etaHat: 124879
348  fE: -3.01137  dfE: 1.25611e-08  dW: 0.00124532  dPhi(Nx/2)(Ny/2)(Nz/2): 3.529e-05 Phi A: 0.0116376 Phi B: 0.988362 Phi I: 5.82139e-52
Total charge: -1.45469e-20
etaHat: 124879
349  fE: -3.01137  dfE: 1.19442e-08  dW: 0.00123554  dPhi(Nx/2)(Ny/2)(Nz/2): 3.50356e-05 Phi A: 0.0116376 Phi B: 0.988362 Phi I: 5.82139e-52
Total charge: -1.45469e-20
etaHat: 124879
350  fE: -3.01137  dfE: 1.07668e-08  dW: 0.00122587  dPhi(Nx/2)(Ny/2)(Nz/2): 3.47824e-05 Phi A: 0.0116376 Phi B: 0.988362 Phi I: 5.82139e-52
Saving data . . .
Total charge: -1.45469e-20
etaHat: 124879
351  fE: -3.01137  dfE: 9.14575e-09  dW: 0.00121628  dPhi(Nx/2)(Ny/2)(Nz/2): 3.45305e-05 Phi A: 0.0116376 Phi B: 0.988362 Phi I: 5.82139e-52
Total charge: -1.45469e-20
etaHat: 124879
352  fE: -3.01137  dfE: 7.20774e-09  dW: 0.00120679  dPhi(Nx/2)(Ny/2)(Nz/2): 3.42801e-05 Phi A: 0.0116376 Phi B: 0.988362 Phi I: 5.82139e-52
Total charge: -1.45469e-20
etaHat: 124879
353  fE: -3.01137  dfE: 5.08236e-09  dW: 0.00119738  dPhi(Nx/2)(Ny/2)(Nz/2): 3.40312e-05 Phi A: 0.0116376 Phi B: 0.988362 Phi I: 5.82139e-52
Total charge: -1.45469e-20
etaHat: 124879
354  fE: -3.01137  dfE: 2.89511e-09  dW: 0.00118807  dPhi(Nx/2)(Ny/2)(Nz/2): 3.37842e-05 Phi A: 0.0116376 Phi B: 0.988362 Phi I: 5.82139e-52
Total charge: -1.45469e-20
etaHat: 124879
355  fE: -3.01137  dfE: 7.61734e-10  dW: 0.00117885  dPhi(Nx/2)(Ny/2)(Nz/2): 3.35391e-05 Phi A: 0.0116376 Phi B: 0.988362 Phi I: 5.82139e-52
Total charge: -1.45469e-20
etaHat: 124879
356  fE: -3.01137  dfE: 1.21669e-09  dW: 0.00116971  dPhi(Nx/2)(Ny/2)(Nz/2): 3.32962e-05 Phi A: 0.0116376 Phi B: 0.988362 Phi I: 5.82139e-52
Total charge: -1.45469e-20
etaHat: 124879
357  fE: -3.01137  dfE: 2.9572e-09  dW: 0.00116067  dPhi(Nx/2)(Ny/2)(Nz/2): 3.30555e-05 Phi A: 0.0116376 Phi B: 0.988362 Phi I: 5.82139e-52
Total charge: -1.45469e-20
etaHat: 124879
358  fE: -3.01137  dfE: 4.39716e-09  dW: 0.00115171  dPhi(Nx/2)(Ny/2)(Nz/2): 3.28173e-05 Phi A: 0.0116376 Phi B: 0.988362 Phi I: 5.82139e-52
Total charge: -1.45469e-20
etaHat: 124879
359  fE: -3.01137  dfE: 5.49543e-09  dW: 0.00114283  dPhi(Nx/2)(Ny/2)(Nz/2): 3.25815e-05 Phi A: 0.0116376 Phi B: 0.988362 Phi I: 5.82139e-52
Total charge: -1.45469e-20
etaHat: 124879
360  fE: -3.01137  dfE: 6.23212e-09  dW: 0.00113404  dPhi(Nx/2)(Ny/2)(Nz/2): 3.23485e-05 Phi A: 0.0116376 Phi B: 0.988362 Phi I: 5.82139e-52
Saving data . . .
Total charge: -1.45469e-20
etaHat: 124879
361  fE: -3.01137  dfE: 6.60737e-09  dW: 0.00112533  dPhi(Nx/2)(Ny/2)(Nz/2): 3.2118e-05 Phi A: 0.0116376 Phi B: 0.988362 Phi I: 5.82139e-52
Total charge: -1.45469e-20
etaHat: 124879
362  fE: -3.01137  dfE: 6.63935e-09  dW: 0.00111671  dPhi(Nx/2)(Ny/2)(Nz/2): 3.18903e-05 Phi A: 0.0116376 Phi B: 0.988362 Phi I: 5.82139e-52
Total charge: -1.45469e-20
etaHat: 124879
363  fE: -3.01137  dfE: 6.36128e-09  dW: 0.00110817  dPhi(Nx/2)(Ny/2)(Nz/2): 3.16653e-05 Phi A: 0.0116376 Phi B: 0.988362 Phi I: 5.82139e-52
Total charge: -1.45469e-20
etaHat: 124879
364  fE: -3.01137  dfE: 5.81885e-09  dW: 0.0010997  dPhi(Nx/2)(Ny/2)(Nz/2): 3.1443e-05 Phi A: 0.0116376 Phi B: 0.988362 Phi I: 5.82139e-52
Total charge: -1.45469e-20
etaHat: 124879
365  fE: -3.01137  dfE: 5.0657e-09  dW: 0.00109133  dPhi(Nx/2)(Ny/2)(Nz/2): 3.12234e-05 Phi A: 0.0116376 Phi B: 0.988362 Phi I: 5.82139e-52
Total charge: -1.45469e-20
etaHat: 124879
366  fE: -3.01137  dfE: 4.1608e-09  dW: 0.00108303  dPhi(Nx/2)(Ny/2)(Nz/2): 3.10063e-05 Phi A: 0.0116376 Phi B: 0.988362 Phi I: 5.82139e-52
Total charge: -1.45469e-20
etaHat: 124879
367  fE: -3.01137  dfE: 3.16449e-09  dW: 0.00107482  dPhi(Nx/2)(Ny/2)(Nz/2): 3.07917e-05 Phi A: 0.0116376 Phi B: 0.988362 Phi I: 5.82139e-52
Total charge: -1.45469e-20
etaHat: 124879
368  fE: -3.01137  dfE: 2.13553e-09  dW: 0.00106668  dPhi(Nx/2)(Ny/2)(Nz/2): 3.05795e-05 Phi A: 0.0116376 Phi B: 0.988362 Phi I: 5.82139e-52
Total charge: -1.45469e-20
etaHat: 124879
369  fE: -3.01137  dfE: 1.12806e-09  dW: 0.00105862  dPhi(Nx/2)(Ny/2)(Nz/2): 3.03697e-05 Phi A: 0.0116376 Phi B: 0.988362 Phi I: 5.82139e-52
Total charge: -1.45469e-20
etaHat: 124879
370  fE: -3.01137  dfE: 1.89941e-10  dW: 0.00105063  dPhi(Nx/2)(Ny/2)(Nz/2): 3.0162e-05 Phi A: 0.0116376 Phi B: 0.988362 Phi I: 5.82139e-52
Saving data . . .
Total charge: -1.45469e-20
etaHat: 124879
371  fE: -3.01137  dfE: 6.39696e-10  dW: 0.00104271  dPhi(Nx/2)(Ny/2)(Nz/2): 2.99563e-05 Phi A: 0.0116376 Phi B: 0.988362 Phi I: 5.82139e-52
Total charge: -1.45469e-20
etaHat: 124879
372  fE: -3.01137  dfE: 1.33088e-09  dW: 0.00103487  dPhi(Nx/2)(Ny/2)(Nz/2): 2.97526e-05 Phi A: 0.0116376 Phi B: 0.988362 Phi I: 5.82139e-52
Total charge: -1.45469e-20
etaHat: 124879
373  fE: -3.01137  dfE: 1.86385e-09  dW: 0.00102709  dPhi(Nx/2)(Ny/2)(Nz/2): 2.95507e-05 Phi A: 0.0116376 Phi B: 0.988362 Phi I: 5.82139e-52
Total charge: -1.45469e-20
etaHat: 124879
374  fE: -3.01137  dfE: 2.22851e-09  dW: 0.00101939  dPhi(Nx/2)(Ny/2)(Nz/2): 2.93505e-05 Phi A: 0.0116376 Phi B: 0.988362 Phi I: 5.82139e-52
Total charge: -1.45469e-20
etaHat: 124879
375  fE: -3.01137  dfE: 2.42438e-09  dW: 0.00101176  dPhi(Nx/2)(Ny/2)(Nz/2): 2.9152e-05 Phi A: 0.0116376 Phi B: 0.988362 Phi I: 5.82139e-52
Total charge: -1.45469e-20
etaHat: 124879
376  fE: -3.01137  dfE: 2.45934e-09  dW: 0.0010042  dPhi(Nx/2)(Ny/2)(Nz/2): 2.89549e-05 Phi A: 0.0116376 Phi B: 0.988362 Phi I: 5.82139e-52
Total charge: -1.45469e-20
etaHat: 124879
377  fE: -3.01137  dfE: 2.34846e-09  dW: 0.000996704  dPhi(Nx/2)(Ny/2)(Nz/2): 2.87592e-05 Phi A: 0.0116376 Phi B: 0.988362 Phi I: 5.82139e-52
Saving data . . .
