Total charge: 124877
etaHat: 124877
0  fE: -9372.33  dfE: 9472.33  dW: 26.0552  dPhi(Nx/2)(Ny/2)(Nz/2): -4.11389 Phi A: 0.607494 Phi B: 4.48374 Phi I: 999.016
Saving data . . .
Total charge: 1.59566
etaHat: 124879
1  fE: -25218.7  dfE: 15846.3  dW: 23.8568  dPhi(Nx/2)(Ny/2)(Nz/2): -2.0112 Phi A: 0.211148 Phi B: 2.78748 Phi I: 0.0127653
Total charge: 1.66592e-18
etaHat: 124879
2  fE: -16.6735  dfE: 25202  dW: 22.323  dPhi(Nx/2)(Ny/2)(Nz/2): -1.00034 Phi A: 0.10026 Phi B: 1.8922 Phi I: 1.433e-20
Total charge: -7.06918e-20
etaHat: 124879
3  fE: -11.9934  dfE: 4.68005  dW: 20.4148  dPhi(Nx/2)(Ny/2)(Nz/2): -0.394208 Phi A: 0.0565535 Phi B: 1.33247 Phi I: 5.82374e-52
Total charge: -4.51082e-20
etaHat: 124879
4  fE: -8.6493  dfE: 3.34411  dW: 18.2145  dPhi(Nx/2)(Ny/2)(Nz/2): -0.0111876 Phi A: 0.0360866 Phi B: 0.971564 Phi I: 5.82191e-52
Total charge: -3.1661e-20
etaHat: 124879
5  fE: -6.32531  dfE: 2.32398  dW: 15.8448  dPhi(Nx/2)(Ny/2)(Nz/2): 0.236648 Phi A: 0.0253288 Phi B: 0.735519 Phi I: 5.82028e-52
Total charge: -2.4011e-20
etaHat: 124879
6  fE: -4.72607  dfE: 1.59924  dW: 13.3978  dPhi(Nx/2)(Ny/2)(Nz/2): 0.399504 Phi A: 0.0192088 Phi B: 0.57945 Phi I: 5.81888e-52
Total charge: -1.94405e-20
etaHat: 124879
7  fE: -3.62233  dfE: 1.10375  dW: 10.9391  dPhi(Nx/2)(Ny/2)(Nz/2): 0.507437 Phi A: 0.0155524 Phi B: 0.475613 Phi I: 5.81771e-52
Total charge: -1.66623e-20
etaHat: 124879
8  fE: -2.85224  dfE: 0.770087  dW: 8.51592  dPhi(Nx/2)(Ny/2)(Nz/2): 0.578748 Phi A: 0.0133299 Phi B: 0.406821 Phi I: 5.81677e-52
Total charge: -1.50221e-20
etaHat: 124879
9  fE: -2.3063  dfE: 0.545941  dW: 6.16334  dPhi(Nx/2)(Ny/2)(Nz/2): 0.624656 Phi A: 0.0120176 Phi B: 0.362431 Phi I: 5.81608e-52
Total charge: -1.41723e-20
etaHat: 124879
10  fE: -1.91137  dfE: 0.394925  dW: 3.90912  dPhi(Nx/2)(Ny/2)(Nz/2): 0.652004 Phi A: 0.0113379 Phi B: 0.335906 Phi I: 5.81561e-52
Saving data . . .
Total charge: -1.39287e-20
etaHat: 124879
11  fE: -1.61837  dfE: 0.293005  dW: 1.77838  dPhi(Nx/2)(Ny/2)(Nz/2): 0.664861 Phi A: 0.011143 Phi B: 0.32335 Phi I: 5.81537e-52
Total charge: -1.42005e-20
etaHat: 124879
12  fE: -1.39366  dfE: 0.224708  dW: 0.696728  dPhi(Nx/2)(Ny/2)(Nz/2): 0.665448 Phi A: 0.0113604 Phi B: 0.322623 Phi I: 5.81533e-52
Total charge: -1.49554e-20
etaHat: 124879
13  fE: -1.21346  dfE: 0.180197  dW: 2.03446  dPhi(Nx/2)(Ny/2)(Nz/2): 0.654697 Phi A: 0.0119643 Phi B: 0.332834 Phi I: 5.81549e-52
Total charge: -1.61992e-20
etaHat: 124879
14  fE: -1.06029  dfE: 0.153176  dW: 3.66693  dPhi(Nx/2)(Ny/2)(Nz/2): 0.632564 Phi A: 0.0129594 Phi B: 0.354027 Phi I: 5.81583e-52
Total charge: -1.79613e-20
etaHat: 124879
15  fE: -0.920962  dfE: 0.139325  dW: 5.08141  dPhi(Nx/2)(Ny/2)(Nz/2): 0.598243 Phi A: 0.0143691 Phi B: 0.386995 Phi I: 5.81633e-52
Total charge: -2.0279e-20
etaHat: 124879
16  fE: -0.786006  dfE: 0.134956  dW: 6.24562  dPhi(Nx/2)(Ny/2)(Nz/2): 0.550338 Phi A: 0.0162232 Phi B: 0.433113 Phi I: 5.81697e-52
Total charge: -2.31755e-20
etaHat: 124879
17  fE: -0.650402  dfE: 0.135604  dW: 7.12268  dPhi(Nx/2)(Ny/2)(Nz/2): 0.487084 Phi A: 0.0185404 Phi B: 0.494137 Phi I: 5.81772e-52
Total charge: -2.66283e-20
etaHat: 124879
18  fE: -0.515934  dfE: 0.134468  dW: 7.67252  dPhi(Nx/2)(Ny/2)(Nz/2): 0.406727 Phi A: 0.0213026 Phi B: 0.571857 Phi I: 5.81856e-52
Total charge: -3.05257e-20
etaHat: 124879
19  fE: -0.394972  dfE: 0.120963  dW: 7.85573  dPhi(Nx/2)(Ny/2)(Nz/2): 0.30813 Phi A: 0.0244205 Phi B: 0.667516 Phi I: 5.81946e-52
Total charge: -3.46205e-20
etaHat: 124879
20  fE: -0.314596  dfE: 0.0803755  dW: 7.64071  dPhi(Nx/2)(Ny/2)(Nz/2): 0.191683 Phi A: 0.0276964 Phi B: 0.780942 Phi I: 5.82036e-52
Saving data . . .
Total charge: -3.85034e-20
etaHat: 124879
21  fE: -0.318225  dfE: 0.00362863  dW: 7.01441  dPhi(Nx/2)(Ny/2)(Nz/2): 0.0604276 Phi A: 0.0308027 Phi B: 0.909443 Phi I: 5.82125e-52
Total charge: -4.16317e-20
etaHat: 124879
22  fE: -0.460148  dfE: 0.141924  dW: 5.99487  dPhi(Nx/2)(Ny/2)(Nz/2): -0.0789659 Phi A: 0.0333054 Phi B: 1.04679 Phi I: 5.82207e-52
Total charge: -4.3444e-20
etaHat: 124879
23  fE: -0.789253  dfE: 0.329104  dW: 4.64143  dPhi(Nx/2)(Ny/2)(Nz/2): -0.21597 Phi A: 0.0347552 Phi B: 1.18291 Phi I: 5.82279e-52
Total charge: -4.3544e-20
etaHat: 124879
24  fE: -1.32425  dfE: 0.534994  dW: 3.94475  dPhi(Nx/2)(Ny/2)(Nz/2): -0.337408 Phi A: 0.0348352 Phi B: 1.30491 Phi I: 5.82336e-52
Total charge: -4.18698e-20
etaHat: 124879
25  fE: -2.03234  dfE: 0.708096  dW: 3.61974  dPhi(Nx/2)(Ny/2)(Nz/2): -0.430221 Phi A: 0.0334958 Phi B: 1.39973 Phi I: 5.82377e-52
Total charge: -3.87357e-20
etaHat: 124879
26  fE: -2.82754  dfE: 0.795195  dW: 3.15293  dPhi(Nx/2)(Ny/2)(Nz/2): -0.484948 Phi A: 0.0309885 Phi B: 1.45759 Phi I: 5.82401e-52
Total charge: -3.47081e-20
etaHat: 124879
27  fE: -3.59485  dfE: 0.767315  dW: 2.57827  dPhi(Nx/2)(Ny/2)(Nz/2): -0.498305 Phi A: 0.0277665 Phi B: 1.47468 Phi I: 5.82408e-52
Total charge: -3.03955e-20
etaHat: 124879
28  fE: -4.22857  dfE: 0.633715  dW: 2.92346  dPhi(Nx/2)(Ny/2)(Nz/2): -0.47362 Phi A: 0.0243164 Phi B: 1.45381 Phi I: 5.824e-52
Total charge: -2.6277e-20
etaHat: 124879
29  fE: -4.66296  dfE: 0.434396  dW: 3.81413  dPhi(Nx/2)(Ny/2)(Nz/2): -0.419126 Phi A: 0.0210216 Phi B: 1.4028 Phi I: 5.82378e-52
Total charge: -2.26362e-20
etaHat: 124879
30  fE: -4.8819  dfE: 0.218933  dW: 4.38806  dPhi(Nx/2)(Ny/2)(Nz/2): -0.345213 Phi A: 0.018109 Phi B: 1.33184 Phi I: 5.82347e-52
Saving data . . .
Total charge: -1.95838e-20
etaHat: 124879
31  fE: -4.90898  dfE: 0.0270875  dW: 4.66584  dPhi(Nx/2)(Ny/2)(Nz/2): -0.261937 Phi A: 0.0156671 Phi B: 1.25092 Phi I: 5.8231e-52
Total charge: -1.71171e-20
etaHat: 124879
32  fE: -4.78928  dfE: 0.119706  dW: 4.68467  dPhi(Nx/2)(Ny/2)(Nz/2): -0.1775 Phi A: 0.0136937 Phi B: 1.16828 Phi I: 5.82269e-52
Total charge: -1.51759e-20
etaHat: 124879
33  fE: -4.57251  dfE: 0.21677  dW: 4.48914  dPhi(Nx/2)(Ny/2)(Nz/2): -0.0977339 Phi A: 0.0121407 Phi B: 1.08985 Phi I: 5.82227e-52
Total charge: -1.36812e-20
etaHat: 124879
34  fE: -4.30251  dfE: 0.269996  dW: 4.12509  dPhi(Nx/2)(Ny/2)(Nz/2): -0.026269 Phi A: 0.010945 Phi B: 1.01933 Phi I: 5.82187e-52
Total charge: -1.25557e-20
etaHat: 124879
35  fE: -4.01284  dfE: 0.289671  dW: 3.63612  dPhi(Nx/2)(Ny/2)(Nz/2): 0.0349853 Phi A: 0.0100445 Phi B: 0.958732 Phi I: 5.8215e-52
Total charge: -1.17322e-20
etaHat: 124879
36  fE: -3.72651  dfE: 0.286337  dW: 3.06194  dPhi(Nx/2)(Ny/2)(Nz/2): 0.0853099 Phi A: 0.00938577 Phi B: 0.908826 Phi I: 5.82117e-52
Total charge: -1.11563e-20
etaHat: 124879
37  fE: -3.45774  dfE: 0.268766  dW: 2.43789  dPhi(Nx/2)(Ny/2)(Nz/2): 0.124727 Phi A: 0.00892501 Phi B: 0.869645 Phi I: 5.8209e-52
Total charge: -1.07845e-20
etaHat: 124879
38  fE: -3.21435  dfE: 0.243385  dW: 1.79501  dPhi(Nx/2)(Ny/2)(Nz/2): 0.153672 Phi A: 0.00862761 Phi B: 0.840791 Phi I: 5.82069e-52
Total charge: -1.05828e-20
etaHat: 124879
39  fE: -2.99991  dfE: 0.214447  dW: 1.16032  dPhi(Nx/2)(Ny/2)(Nz/2): 0.17278 Phi A: 0.00846624 Phi B: 0.821654 Phi I: 5.82055e-52
Total charge: -1.05236e-20
etaHat: 124879
40  fE: -2.81543  dfE: 0.184476  dW: 0.559163  dPhi(Nx/2)(Ny/2)(Nz/2): 0.182769 Phi A: 0.0084189 Phi B: 0.811537 Phi I: 5.82046e-52
Saving data . . .
Total charge: -1.05838e-20
etaHat: 124879
41  fE: -2.66068  dfE: 0.154751  dW: 0.246865  dPhi(Nx/2)(Ny/2)(Nz/2): 0.18438 Phi A: 0.00846704 Phi B: 0.809711 Phi I: 5.82044e-52
Total charge: -1.07424e-20
etaHat: 124879
42  fE: -2.53497  dfE: 0.125706  dW: 0.478087  dPhi(Nx/2)(Ny/2)(Nz/2): 0.178375 Phi A: 0.00859389 Phi B: 0.815425 Phi I: 5.82047e-52
Total charge: -1.09789e-20
etaHat: 124879
43  fE: -2.43772  dfE: 0.0972587  dW: 0.879651  dPhi(Nx/2)(Ny/2)(Nz/2): 0.165559 Phi A: 0.00878309 Phi B: 0.827889 Phi I: 5.82054e-52
Total charge: -1.1272e-20
etaHat: 124879
44  fE: -2.36864  dfE: 0.0690714  dW: 1.18968  dPhi(Nx/2)(Ny/2)(Nz/2): 0.146808 Phi A: 0.00901762 Phi B: 0.846233 Phi I: 5.82066e-52
Total charge: -1.1599e-20
etaHat: 124879
45  fE: -2.32787  dfE: 0.0407736  dW: 1.40172  dPhi(Nx/2)(Ny/2)(Nz/2): 0.123122 Phi A: 0.00927917 Phi B: 0.869474 Phi I: 5.82081e-52
Total charge: -1.1935e-20
etaHat: 124879
46  fE: -2.3157  dfE: 0.0121674  dW: 1.51354  dPhi(Nx/2)(Ny/2)(Nz/2): 0.0956454 Phi A: 0.00954803 Phi B: 0.896479 Phi I: 5.82098e-52
Total charge: -1.22546e-20
etaHat: 124879
47  fE: -2.3323  dfE: 0.016592  dW: 1.52729  dPhi(Nx/2)(Ny/2)(Nz/2): 0.065689 Phi A: 0.00980365 Phi B: 0.925956 Phi I: 5.82116e-52
Total charge: -1.25322e-20
etaHat: 124879
48  fE: -2.37716  dfE: 0.0448616  dW: 1.4496  dPhi(Nx/2)(Ny/2)(Nz/2): 0.0347071 Phi A: 0.0100258 Phi B: 0.956469 Phi I: 5.82134e-52
Total charge: -1.27451e-20
etaHat: 124879
49  fE: -2.44862  dfE: 0.0714658  dW: 1.29146  dPhi(Nx/2)(Ny/2)(Nz/2): 0.00424503 Phi A: 0.0101961 Phi B: 0.986491 Phi I: 5.82152e-52
Total charge: -1.28751e-20
etaHat: 124879
50  fE: -2.54341  dfE: 0.0947831  dW: 1.06769  dPhi(Nx/2)(Ny/2)(Nz/2): -0.0241518 Phi A: 0.0103001 Phi B: 1.01449 Phi I: 5.82167e-52
Saving data . . .
Total charge: -1.29113e-20
etaHat: 124879
51  fE: -2.65639  dfE: 0.112982  dW: 0.887306  dPhi(Nx/2)(Ny/2)(Nz/2): -0.0490557 Phi A: 0.010329 Phi B: 1.03906 Phi I: 5.82181e-52
Total charge: -1.28504e-20
etaHat: 124879
52  fE: -2.78076  dfE: 0.124375  dW: 0.835069  dPhi(Nx/2)(Ny/2)(Nz/2): -0.0692816 Phi A: 0.0102803 Phi B: 1.05903 Phi I: 5.82191e-52
Total charge: -1.26978e-20
etaHat: 124879
53  fE: -2.90856  dfE: 0.1278  dW: 0.757017  dPhi(Nx/2)(Ny/2)(Nz/2): -0.0839973 Phi A: 0.0101583 Phi B: 1.07356 Phi I: 5.82198e-52
Total charge: -1.24659e-20
etaHat: 124879
54  fE: -3.03149  dfE: 0.122929  dW: 0.657747  dPhi(Nx/2)(Ny/2)(Nz/2): -0.0927942 Phi A: 0.00997276 Phi B: 1.08224 Phi I: 5.82203e-52
Total charge: -1.21722e-20
etaHat: 124879
55  fE: -3.14188  dfE: 0.110388  dW: 0.546329  dPhi(Nx/2)(Ny/2)(Nz/2): -0.0957053 Phi A: 0.00973774 Phi B: 1.08511 Phi I: 5.82204e-52
Total charge: -1.18366e-20
etaHat: 124879
56  fE: -3.23354  dfE: 0.0916625  dW: 0.619703  dPhi(Nx/2)(Ny/2)(Nz/2): -0.0931692 Phi A: 0.00946925 Phi B: 1.08259 Phi I: 5.82202e-52
Total charge: -1.14793e-20
etaHat: 124879
57  fE: -3.30237  dfE: 0.0688228  dW: 0.805813  dPhi(Nx/2)(Ny/2)(Nz/2): -0.0859483 Phi A: 0.00918344 Phi B: 1.07543 Phi I: 5.82197e-52
Total charge: -1.11189e-20
etaHat: 124879
58  fE: -3.34652  dfE: 0.0441527  dW: 0.939992  dPhi(Nx/2)(Ny/2)(Nz/2): -0.0750222 Phi A: 0.00889512 Phi B: 1.06461 Phi I: 5.82191e-52
Total charge: -1.07709e-20
etaHat: 124879
59  fE: -3.36632  dfE: 0.0197985  dW: 1.02027  dPhi(Nx/2)(Ny/2)(Nz/2): -0.0614745 Phi A: 0.0086167 Phi B: 1.05118 Phi I: 5.82183e-52
Total charge: -1.04473e-20
etaHat: 124879
60  fE: -3.36383  dfE: 0.00249093  dW: 1.04849  dPhi(Nx/2)(Ny/2)(Nz/2): -0.0463922 Phi A: 0.00835783 Phi B: 1.03624 Phi I: 5.82174e-52
Saving data . . .
Total charge: -1.01567e-20
etaHat: 124879
61  fE: -3.34233  dfE: 0.0214944  dW: 1.02903  dPhi(Nx/2)(Ny/2)(Nz/2): -0.0307866 Phi A: 0.00812538 Phi B: 1.02078 Phi I: 5.82165e-52
Total charge: -9.90459e-21
etaHat: 124879
62  fE: -3.3058  dfE: 0.0365306  dW: 0.96814  dPhi(Nx/2)(Ny/2)(Nz/2): -0.0155402 Phi A: 0.00792368 Phi B: 1.00568 Phi I: 5.82156e-52
Total charge: -9.69362e-21
etaHat: 124879
63  fE: -3.25842  dfE: 0.0473856  dW: 0.873337  dPhi(Nx/2)(Ny/2)(Nz/2): -0.00137795 Phi A: 0.0077549 Phi B: 0.991655 Phi I: 5.82147e-52
Total charge: -9.5244e-21
etaHat: 124879
64  fE: -3.20422  dfE: 0.0541987  dW: 0.752805  dPhi(Nx/2)(Ny/2)(Nz/2): 0.0111417 Phi A: 0.00761952 Phi B: 0.97926 Phi I: 5.8214e-52
Total charge: -9.39586e-21
etaHat: 124879
65  fE: -3.14688  dfE: 0.0573398  dW: 0.614931  dPhi(Nx/2)(Ny/2)(Nz/2): 0.0216227 Phi A: 0.00751669 Phi B: 0.968889 Phi I: 5.82133e-52
Total charge: -9.30562e-21
etaHat: 124879
66  fE: -3.08957  dfE: 0.0573034  dW: 0.467908  dPhi(Nx/2)(Ny/2)(Nz/2): 0.029819 Phi A: 0.0074445 Phi B: 0.960789 Phi I: 5.82128e-52
Total charge: -9.25037e-21
etaHat: 124879
67  fE: -3.03495  dfE: 0.0546281  dW: 0.319413  dPhi(Nx/2)(Ny/2)(Nz/2): 0.035618 Phi A: 0.00740029 Phi B: 0.955072 Phi I: 5.82124e-52
Total charge: -9.22602e-21
etaHat: 124879
68  fE: -2.9851  dfE: 0.049845  dW: 0.176519  dPhi(Nx/2)(Ny/2)(Nz/2): 0.0390232 Phi A: 0.00738081 Phi B: 0.951737 Phi I: 5.82121e-52
Total charge: -9.22794e-21
etaHat: 124879
69  fE: -2.94165  dfE: 0.0434496  dW: 0.0689443  dPhi(Nx/2)(Ny/2)(Nz/2): 0.0401379 Phi A: 0.00738235 Phi B: 0.950682 Phi I: 5.8212e-52
Total charge: -9.25108e-21
etaHat: 124879
70  fE: -2.90576  dfE: 0.0358929  dW: 0.0784103  dPhi(Nx/2)(Ny/2)(Nz/2): 0.0391486 Phi A: 0.00740087 Phi B: 0.951725 Phi I: 5.8212e-52
Saving data . . .
Total charge: -9.29015e-21
etaHat: 124879
71  fE: -2.87817  dfE: 0.0275839  dW: 0.166142  dPhi(Nx/2)(Ny/2)(Nz/2): 0.0363114 Phi A: 0.00743212 Phi B: 0.954612 Phi I: 5.82122e-52
Total charge: -9.33973e-21
etaHat: 124879
72  fE: -2.85928  dfE: 0.0188978  dW: 0.239202  dPhi(Nx/2)(Ny/2)(Nz/2): 0.0319368 Phi A: 0.00747178 Phi B: 0.959037 Phi I: 5.82124e-52
Total charge: -9.39447e-21
etaHat: 124879
73  fE: -2.84909  dfE: 0.0101856  dW: 0.288732  dPhi(Nx/2)(Ny/2)(Nz/2): 0.0263753 Phi A: 0.00751557 Phi B: 0.964653 Phi I: 5.82127e-52
Total charge: -9.44928e-21
etaHat: 124879
74  fE: -2.84731  dfE: 0.0017798  dW: 0.31474  dPhi(Nx/2)(Ny/2)(Nz/2): 0.020002 Phi A: 0.00755942 Phi B: 0.971088 Phi I: 5.82131e-52
Total charge: -9.49954e-21
etaHat: 124879
75  fE: -2.85332  dfE: 0.006005  dW: 0.318373  dPhi(Nx/2)(Ny/2)(Nz/2): 0.0132006 Phi A: 0.00759963 Phi B: 0.977962 Phi I: 5.82135e-52
Total charge: -9.54129e-21
etaHat: 124879
76  fE: -2.86619  dfE: 0.0128782  dW: 0.301765  dPhi(Nx/2)(Ny/2)(Nz/2): 0.00634577 Phi A: 0.00763303 Phi B: 0.984902 Phi I: 5.82139e-52
Total charge: -9.57139e-21
etaHat: 124879
77  fE: -2.88478  dfE: 0.0185855  dW: 0.267907  dPhi(Nx/2)(Ny/2)(Nz/2): -0.000213359 Phi A: 0.00765711 Phi B: 0.99156 Phi I: 5.82142e-52
Total charge: -9.58766e-21
etaHat: 124879
78  fE: -2.9077  dfE: 0.0229246  dW: 0.224919  dPhi(Nx/2)(Ny/2)(Nz/2): -0.00616939 Phi A: 0.00767013 Phi B: 0.997628 Phi I: 5.82146e-52
Total charge: -9.58894e-21
etaHat: 124879
79  fE: -2.93347  dfE: 0.0257624  dW: 0.200462  dPhi(Nx/2)(Ny/2)(Nz/2): -0.0112703 Phi A: 0.00767116 Phi B: 1.00285 Phi I: 5.82148e-52
Total charge: -9.57511e-21
etaHat: 124879
80  fE: -2.96051  dfE: 0.0270483  dW: 0.187904  dPhi(Nx/2)(Ny/2)(Nz/2): -0.0153298 Phi A: 0.00766008 Phi B: 1.00705 Phi I: 5.82151e-52
Saving data . . .
Total charge: -9.54693e-21
etaHat: 124879
81  fE: -2.98734  dfE: 0.0268215  dW: 0.170722  dPhi(Nx/2)(Ny/2)(Nz/2): -0.0182332 Phi A: 0.00763755 Phi B: 1.0101 Phi I: 5.82152e-52
Total charge: -9.50602e-21
etaHat: 124879
82  fE: -3.01255  dfE: 0.0252092  dW: 0.149341  dPhi(Nx/2)(Ny/2)(Nz/2): -0.0199383 Phi A: 0.00760481 Phi B: 1.01196 Phi I: 5.82153e-52
Total charge: -9.45455e-21
etaHat: 124879
83  fE: -3.03496  dfE: 0.0224162  dW: 0.131063  dPhi(Nx/2)(Ny/2)(Nz/2): -0.0204719 Phi A: 0.00756364 Phi B: 1.01265 Phi I: 5.82153e-52
Total charge: -9.39514e-21
etaHat: 124879
84  fE: -3.05367  dfE: 0.0187058  dW: 0.143031  dPhi(Nx/2)(Ny/2)(Nz/2): -0.0199216 Phi A: 0.00751611 Phi B: 1.01226 Phi I: 5.82153e-52
Total charge: -9.33057e-21
etaHat: 124879
85  fE: -3.06804  dfE: 0.0143765  dW: 0.178853  dPhi(Nx/2)(Ny/2)(Nz/2): -0.0184245 Phi A: 0.00746446 Phi B: 1.01091 Phi I: 5.82152e-52
Total charge: -9.26365e-21
etaHat: 124879
86  fE: -3.07778  dfE: 0.00973597  dW: 0.209098  dPhi(Nx/2)(Ny/2)(Nz/2): -0.0161541 Phi A: 0.00741092 Phi B: 1.00879 Phi I: 5.8215e-52
Total charge: -9.197e-21
etaHat: 124879
87  fE: -3.08286  dfE: 0.00507771  dW: 0.228215  dPhi(Nx/2)(Ny/2)(Nz/2): -0.0133062 Phi A: 0.0073576 Phi B: 1.00607 Phi I: 5.82149e-52
Total charge: -9.13297e-21
etaHat: 124879
88  fE: -3.08352  dfE: 0.000661301  dW: 0.2362  dPhi(Nx/2)(Ny/2)(Nz/2): -0.0100854 Phi A: 0.00730637 Phi B: 1.00298 Phi I: 5.82147e-52
Total charge: -9.07353e-21
etaHat: 124879
89  fE: -3.08022  dfE: 0.00330097  dW: 0.233723  dPhi(Nx/2)(Ny/2)(Nz/2): -0.00669246 Phi A: 0.00725882 Phi B: 0.999696 Phi I: 5.82145e-52
Total charge: -9.02023e-21
etaHat: 124879
90  fE: -3.07357  dfE: 0.00665133  dW: 0.221914  dPhi(Nx/2)(Ny/2)(Nz/2): -0.00331459 Phi A: 0.00721618 Phi B: 0.996415 Phi I: 5.82143e-52
Saving data . . .
Total charge: -8.97416e-21
etaHat: 124879
91  fE: -3.06428  dfE: 0.00928799  dW: 0.202247  dPhi(Nx/2)(Ny/2)(Nz/2): -0.000117079 Phi A: 0.00717933 Phi B: 0.993298 Phi I: 5.82141e-52
Total charge: -8.93598e-21
etaHat: 124879
92  fE: -3.05312  dfE: 0.011162  dW: 0.176431  dPhi(Nx/2)(Ny/2)(Nz/2): 0.00276227 Phi A: 0.00714879 Phi B: 0.990485 Phi I: 5.82139e-52
Total charge: -8.90594e-21
etaHat: 124879
93  fE: -3.04085  dfE: 0.0122712  dW: 0.146299  dPhi(Nx/2)(Ny/2)(Nz/2): 0.00521655 Phi A: 0.00712475 Phi B: 0.988081 Phi I: 5.82137e-52
Total charge: -8.8839e-21
etaHat: 124879
94  fE: -3.02819  dfE: 0.0126521  dW: 0.113705  dPhi(Nx/2)(Ny/2)(Nz/2): 0.00717118 Phi A: 0.00710712 Phi B: 0.986163 Phi I: 5.82136e-52
Total charge: -8.86941e-21
etaHat: 124879
95  fE: -3.01582  dfE: 0.0123718  dW: 0.0804467  dPhi(Nx/2)(Ny/2)(Nz/2): 0.0085836 Phi A: 0.00709553 Phi B: 0.984773 Phi I: 5.82135e-52
Total charge: -8.86174e-21
etaHat: 124879
96  fE: -3.0043  dfE: 0.0115196  dW: 0.0491043  dPhi(Nx/2)(Ny/2)(Nz/2): 0.00944167 Phi A: 0.00708939 Phi B: 0.983925 Phi I: 5.82135e-52
Total charge: -8.85994e-21
etaHat: 124879
97  fE: -2.9941  dfE: 0.0101995  dW: 0.0273057  dPhi(Nx/2)(Ny/2)(Nz/2): 0.00976078 Phi A: 0.00708795 Phi B: 0.983605 Phi I: 5.82134e-52
Total charge: -8.86292e-21
etaHat: 124879
98  fE: -2.98558  dfE: 0.00852447  dW: 0.0233385  dPhi(Nx/2)(Ny/2)(Nz/2): 0.00958031 Phi A: 0.00709033 Phi B: 0.983774 Phi I: 5.82134e-52
Total charge: -8.8695e-21
etaHat: 124879
99  fE: -2.97897  dfE: 0.00661003  dW: 0.033787  dPhi(Nx/2)(Ny/2)(Nz/2): 0.00895935 Phi A: 0.0070956 Phi B: 0.984376 Phi I: 5.82134e-52
Total charge: -8.87847e-21
etaHat: 124879
100  fE: -2.9744  dfE: 0.00457017  dW: 0.0479038  dPhi(Nx/2)(Ny/2)(Nz/2): 0.00797205 Phi A: 0.00710277 Phi B: 0.985338 Phi I: 5.82135e-52
Saving data . . .
Total charge: -8.88864e-21
etaHat: 124879
101  fE: -2.97188  dfE: 0.00251302  dW: 0.0591025  dPhi(Nx/2)(Ny/2)(Nz/2): 0.00670275 Phi A: 0.00711092 Phi B: 0.986576 Phi I: 5.82136e-52
Total charge: -8.89892e-21
etaHat: 124879
102  fE: -2.97135  dfE: 0.000537336  dW: 0.0655017  dPhi(Nx/2)(Ny/2)(Nz/2): 0.00524112 Phi A: 0.00711914 Phi B: 0.988003 Phi I: 5.82136e-52
Total charge: -8.90833e-21
etaHat: 124879
103  fE: -2.97262  dfE: 0.00127059  dW: 0.067079  dPhi(Nx/2)(Ny/2)(Nz/2): 0.00367741 Phi A: 0.00712666 Phi B: 0.98953 Phi I: 5.82137e-52
Total charge: -8.91604e-21
etaHat: 124879
104  fE: -2.97546  dfE: 0.00283959  dW: 0.0645401  dPhi(Nx/2)(Ny/2)(Nz/2): 0.00209811 Phi A: 0.00713283 Phi B: 0.991071 Phi I: 5.82138e-52
Total charge: -8.92141e-21
etaHat: 124879
105  fE: -2.97957  dfE: 0.00411565  dW: 0.0592305  dPhi(Nx/2)(Ny/2)(Nz/2): 0.000582072 Phi A: 0.00713713 Phi B: 0.992548 Phi I: 5.82139e-52
Total charge: -8.92403e-21
etaHat: 124879
106  fE: -2.98464  dfE: 0.00506329  dW: 0.0531128  dPhi(Nx/2)(Ny/2)(Nz/2): -0.000802677 Phi A: 0.00713922 Phi B: 0.993895 Phi I: 5.82139e-52
Total charge: -8.92364e-21
etaHat: 124879
107  fE: -2.9903  dfE: 0.00566606  dW: 0.047764  dPhi(Nx/2)(Ny/2)(Nz/2): -0.00200131 Phi A: 0.00713891 Phi B: 0.995058 Phi I: 5.8214e-52
Total charge: -8.92022e-21
etaHat: 124879
108  fE: -2.99623  dfE: 0.00592611  dW: 0.0436036  dPhi(Nx/2)(Ny/2)(Nz/2): -0.00297372 Phi A: 0.00713618 Phi B: 0.995996 Phi I: 5.82141e-52
Total charge: -8.91391e-21
etaHat: 124879
109  fE: -3.00209  dfE: 0.00586281  dW: 0.0401405  dPhi(Nx/2)(Ny/2)(Nz/2): -0.0036952 Phi A: 0.00713113 Phi B: 0.996686 Phi I: 5.82141e-52
Total charge: -8.90499e-21
etaHat: 124879
110  fE: -3.0076  dfE: 0.00551046  dW: 0.0375961  dPhi(Nx/2)(Ny/2)(Nz/2): -0.00415615 Phi A: 0.00712399 Phi B: 0.997118 Phi I: 5.82141e-52
Saving data . . .
Total charge: -8.89387e-21
etaHat: 124879
111  fE: -3.01252  dfE: 0.00491525  dW: 0.0372058  dPhi(Nx/2)(Ny/2)(Nz/2): -0.00436114 Phi A: 0.00711509 Phi B: 0.997297 Phi I: 5.82141e-52
Total charge: -8.88104e-21
etaHat: 124879
112  fE: -3.01665  dfE: 0.00413173  dW: 0.0395083  dPhi(Nx/2)(Ny/2)(Nz/2): -0.0043272 Phi A: 0.00710483 Phi B: 0.99724 Phi I: 5.82141e-52
Total charge: -8.86706e-21
etaHat: 124879
113  fE: -3.01987  dfE: 0.00321903  dW: 0.0438058  dPhi(Nx/2)(Ny/2)(Nz/2): -0.00408167 Phi A: 0.00709364 Phi B: 0.996974 Phi I: 5.82141e-52
Total charge: -8.85246e-21
etaHat: 124879
114  fE: -3.0221  dfE: 0.00223712  dW: 0.0484454  dPhi(Nx/2)(Ny/2)(Nz/2): -0.00365976 Phi A: 0.00708197 Phi B: 0.996535 Phi I: 5.82141e-52
Total charge: -8.83781e-21
etaHat: 124879
115  fE: -3.02335  dfE: 0.00124342  dW: 0.052021  dPhi(Nx/2)(Ny/2)(Nz/2): -0.00310183 Phi A: 0.00707025 Phi B: 0.995961 Phi I: 5.8214e-52
Total charge: -8.82359e-21
etaHat: 124879
116  fE: -3.02364  dfE: 0.000289921  dW: 0.0537205  dPhi(Nx/2)(Ny/2)(Nz/2): -0.00245083 Phi A: 0.00705887 Phi B: 0.995296 Phi I: 5.8214e-52
Total charge: -8.81023e-21
etaHat: 124879
117  fE: -3.02306  dfE: 0.00057911  dW: 0.0533173  dPhi(Nx/2)(Ny/2)(Nz/2): -0.00174982 Phi A: 0.00704819 Phi B: 0.994584 Phi I: 5.82139e-52
Total charge: -8.79811e-21
etaHat: 124879
118  fE: -3.02173  dfE: 0.00132858  dW: 0.0509049  dPhi(Nx/2)(Ny/2)(Nz/2): -0.00103977 Phi A: 0.00703849 Phi B: 0.993864 Phi I: 5.82139e-52
Total charge: -8.78748e-21
etaHat: 124879
119  fE: -3.0198  dfE: 0.00193341  dW: 0.0467638  dPhi(Nx/2)(Ny/2)(Nz/2): -0.0003577 Phi A: 0.00702999 Phi B: 0.993173 Phi I: 5.82138e-52
Total charge: -8.77853e-21
etaHat: 124879
120  fE: -3.01742  dfE: 0.00237862  dW: 0.0412787  dPhi(Nx/2)(Ny/2)(Nz/2): 0.000264718 Phi A: 0.00702282 Phi B: 0.992543 Phi I: 5.82138e-52
Saving data . . .
Total charge: -8.77132e-21
etaHat: 124879
121  fE: -3.01476  dfE: 0.00265893  dW: 0.0349481  dPhi(Nx/2)(Ny/2)(Nz/2): 0.000802181 Phi A: 0.00701706 Phi B: 0.991999 Phi I: 5.82138e-52
Total charge: -8.76587e-21
etaHat: 124879
122  fE: -3.01198  dfE: 0.00277788  dW: 0.0284306  dPhi(Nx/2)(Ny/2)(Nz/2): 0.00123632 Phi A: 0.0070127 Phi B: 0.99156 Phi I: 5.82137e-52
Total charge: -8.7621e-21
etaHat: 124879
123  fE: -3.00924  dfE: 0.00274661  dW: 0.02256  dPhi(Nx/2)(Ny/2)(Nz/2): 0.0015559 Phi A: 0.00700968 Phi B: 0.991236 Phi I: 5.82137e-52
Total charge: -8.75985e-21
etaHat: 124879
124  fE: -3.00665  dfE: 0.00258242  dW: 0.0181301  dPhi(Nx/2)(Ny/2)(Nz/2): 0.00175655 Phi A: 0.00700788 Phi B: 0.991032 Phi I: 5.82137e-52
Total charge: -8.75893e-21
etaHat: 124879
125  fE: -3.00435  dfE: 0.00230726  dW: 0.0155194  dPhi(Nx/2)(Ny/2)(Nz/2): 0.00184034 Phi A: 0.00700714 Phi B: 0.990945 Phi I: 5.82137e-52
Total charge: -8.7591e-21
etaHat: 124879
126  fE: -3.0024  dfE: 0.00194617  dW: 0.014589  dPhi(Nx/2)(Ny/2)(Nz/2): 0.00181497 Phi A: 0.00700728 Phi B: 0.990969 Phi I: 5.82137e-52
Total charge: -8.76011e-21
etaHat: 124879
127  fE: -3.00087  dfE: 0.00152571  dW: 0.0148785  dPhi(Nx/2)(Ny/2)(Nz/2): 0.0016928 Phi A: 0.00700809 Phi B: 0.991091 Phi I: 5.82137e-52
Total charge: -8.76169e-21
etaHat: 124879
128  fE: -2.9998  dfE: 0.00107263  dW: 0.0158008  dPhi(Nx/2)(Ny/2)(Nz/2): 0.00148978 Phi A: 0.00700935 Phi B: 0.991295 Phi I: 5.82137e-52
Total charge: -8.76357e-21
etaHat: 124879
129  fE: -2.99919  dfE: 0.000612524  dW: 0.0168236  dPhi(Nx/2)(Ny/2)(Nz/2): 0.00122431 Phi A: 0.00701086 Phi B: 0.991562 Phi I: 5.82137e-52
Total charge: -8.76552e-21
etaHat: 124879
130  fE: -2.99902  dfE: 0.000168749  dW: 0.0175663  dPhi(Nx/2)(Ny/2)(Nz/2): 0.000916062 Phi A: 0.00701242 Phi B: 0.991873 Phi I: 5.82137e-52
Saving data . . .
Total charge: -8.76731e-21
etaHat: 124879
131  fE: -2.99926  dfE: 0.000238443  dW: 0.0178385  dPhi(Nx/2)(Ny/2)(Nz/2): 0.000584891 Phi A: 0.00701385 Phi B: 0.992209 Phi I: 5.82137e-52
Total charge: -8.76877e-21
etaHat: 124879
132  fE: -2.99985  dfE: 0.000592597  dW: 0.0176179  dPhi(Nx/2)(Ny/2)(Nz/2): 0.000249817 Phi A: 0.00701502 Phi B: 0.992549 Phi I: 5.82138e-52
Total charge: -8.76975e-21
etaHat: 124879
133  fE: -3.00073  dfE: 0.000881479  dW: 0.01701  dPhi(Nx/2)(Ny/2)(Nz/2): -7.18322e-05 Phi A: 0.0070158 Phi B: 0.992877 Phi I: 5.82138e-52
Total charge: -8.77015e-21
etaHat: 124879
134  fE: -3.00183  dfE: 0.00109728  dW: 0.016181  dPhi(Nx/2)(Ny/2)(Nz/2): -0.000365122 Phi A: 0.00701612 Phi B: 0.993177 Phi I: 5.82138e-52
Total charge: -8.76991e-21
etaHat: 124879
135  fE: -3.00307  dfE: 0.00123657  dW: 0.0153269  dPhi(Nx/2)(Ny/2)(Nz/2): -0.000618024 Phi A: 0.00701593 Phi B: 0.993438 Phi I: 5.82138e-52
Total charge: -8.76904e-21
etaHat: 124879
136  fE: -3.00437  dfE: 0.00130007  dW: 0.0146161  dPhi(Nx/2)(Ny/2)(Nz/2): -0.000821728 Phi A: 0.00701523 Phi B: 0.993651 Phi I: 5.82138e-52
Total charge: -8.76754e-21
etaHat: 124879
137  fE: -3.00566  dfE: 0.00129224  dW: 0.0141691  dPhi(Nx/2)(Ny/2)(Nz/2): -0.000970767 Phi A: 0.00701403 Phi B: 0.993809 Phi I: 5.82138e-52
Total charge: -8.76548e-21
etaHat: 124879
138  fE: -3.00688  dfE: 0.00122064  dW: 0.0140324  dPhi(Nx/2)(Ny/2)(Nz/2): -0.00106296 Phi A: 0.00701238 Phi B: 0.993911 Phi I: 5.82138e-52
Total charge: -8.76294e-21
etaHat: 124879
139  fE: -3.00797  dfE: 0.00109532  dW: 0.0141621  dPhi(Nx/2)(Ny/2)(Nz/2): -0.00109918 Phi A: 0.00701035 Phi B: 0.993957 Phi I: 5.82138e-52
Total charge: -8.76002e-21
etaHat: 124879
140  fE: -3.0089  dfE: 0.000927985  dW: 0.0144779  dPhi(Nx/2)(Ny/2)(Nz/2): -0.00108303 Phi A: 0.00700802 Phi B: 0.993951 Phi I: 5.82138e-52
Saving data . . .
Total charge: -8.75684e-21
etaHat: 124879
141  fE: -3.00963  dfE: 0.000731317  dW: 0.0148625  dPhi(Nx/2)(Ny/2)(Nz/2): -0.00102036 Phi A: 0.00700547 Phi B: 0.993898 Phi I: 5.82138e-52
Total charge: -8.75352e-21
etaHat: 124879
142  fE: -3.01015  dfE: 0.000518169  dW: 0.0151979  dPhi(Nx/2)(Ny/2)(Nz/2): -0.000918741 Phi A: 0.00700282 Phi B: 0.993807 Phi I: 5.82138e-52
Total charge: -8.75018e-21
etaHat: 124879
143  fE: -3.01045  dfE: 0.000300913  dW: 0.015385  dPhi(Nx/2)(Ny/2)(Nz/2): -0.000786946 Phi A: 0.00700014 Phi B: 0.993684 Phi I: 5.82138e-52
Total charge: -8.74692e-21
etaHat: 124879
144  fE: -3.01054  dfE: 9.0858e-05  dW: 0.0153544  dPhi(Nx/2)(Ny/2)(Nz/2): -0.000634349 Phi A: 0.00699753 Phi B: 0.993541 Phi I: 5.82138e-52
Total charge: -8.74384e-21
etaHat: 124879
145  fE: -3.01044  dfE: 0.000102219  dW: 0.0150749  dPhi(Nx/2)(Ny/2)(Nz/2): -0.000470412 Phi A: 0.00699507 Phi B: 0.993385 Phi I: 5.82138e-52
Total charge: -8.74102e-21
etaHat: 124879
146  fE: -3.01017  dfE: 0.000270406  dW: 0.0145549  dPhi(Nx/2)(Ny/2)(Nz/2): -0.000304201 Phi A: 0.00699282 Phi B: 0.993227 Phi I: 5.82138e-52
Total charge: -8.73853e-21
etaHat: 124879
147  fE: -3.00976  dfE: 0.000407863  dW: 0.0138429  dPhi(Nx/2)(Ny/2)(Nz/2): -0.000143971 Phi A: 0.00699082 Phi B: 0.993074 Phi I: 5.82138e-52
Total charge: -8.7364e-21
etaHat: 124879
148  fE: -3.00925  dfE: 0.000510894  dW: 0.0130156  dPhi(Nx/2)(Ny/2)(Nz/2): 3.16146e-06 Phi A: 0.00698912 Phi B: 0.992933 Phi I: 5.82138e-52
Total charge: -8.73465e-21
etaHat: 124879
149  fE: -3.00867  dfE: 0.000577907  dW: 0.012166  dPhi(Nx/2)(Ny/2)(Nz/2): 0.000131456 Phi A: 0.00698772 Phi B: 0.992811 Phi I: 5.82137e-52
Total charge: -8.7333e-21
etaHat: 124879
150  fE: -3.00807  dfE: 0.000609272  dW: 0.0113749  dPhi(Nx/2)(Ny/2)(Nz/2): 0.000236694 Phi A: 0.00698664 Phi B: 0.992711 Phi I: 5.82137e-52
Saving data . . .
Total charge: -8.73233e-21
etaHat: 124879
151  fE: -3.00746  dfE: 0.000607094  dW: 0.0106993  dPhi(Nx/2)(Ny/2)(Nz/2): 0.000316231 Phi A: 0.00698586 Phi B: 0.992636 Phi I: 5.82137e-52
Total charge: -8.73169e-21
etaHat: 124879
152  fE: -3.00688  dfE: 0.000574927  dW: 0.0101816  dPhi(Nx/2)(Ny/2)(Nz/2): 0.00036897 Phi A: 0.00698535 Phi B: 0.992588 Phi I: 5.82137e-52
Total charge: -8.73136e-21
etaHat: 124879
153  fE: -3.00637  dfE: 0.000517446  dW: 0.00981996  dPhi(Nx/2)(Ny/2)(Nz/2): 0.000395258 Phi A: 0.00698509 Phi B: 0.992566 Phi I: 5.82137e-52
Total charge: -8.73128e-21
etaHat: 124879
154  fE: -3.00593  dfE: 0.0004401  dW: 0.00959193  dPhi(Nx/2)(Ny/2)(Nz/2): 0.000396722 Phi A: 0.00698503 Phi B: 0.992568 Phi I: 5.82137e-52
Total charge: -8.7314e-21
etaHat: 124879
155  fE: -3.00558  dfE: 0.000348763  dW: 0.00946684  dPhi(Nx/2)(Ny/2)(Nz/2): 0.000376058 Phi A: 0.00698512 Phi B: 0.992592 Phi I: 5.82137e-52
Total charge: -8.73165e-21
etaHat: 124879
156  fE: -3.00533  dfE: 0.000249401  dW: 0.00940049  dPhi(Nx/2)(Ny/2)(Nz/2): 0.00033679 Phi A: 0.00698532 Phi B: 0.992635 Phi I: 5.82137e-52
Total charge: -8.73198e-21
etaHat: 124879
157  fE: -3.00518  dfE: 0.00014777  dW: 0.00935318  dPhi(Nx/2)(Ny/2)(Nz/2): 0.000283013 Phi A: 0.00698559 Phi B: 0.992692 Phi I: 5.82137e-52
Total charge: -8.73234e-21
etaHat: 124879
158  fE: -3.00513  dfE: 4.91505e-05  dW: 0.00929633  dPhi(Nx/2)(Ny/2)(Nz/2): 0.00021913 Phi A: 0.00698587 Phi B: 0.99276 Phi I: 5.82137e-52
Total charge: -8.73267e-21
etaHat: 124879
159  fE: -3.00517  dfE: 4.18602e-05  dW: 0.009212  dPhi(Nx/2)(Ny/2)(Nz/2): 0.000149605 Phi A: 0.00698614 Phi B: 0.992833 Phi I: 5.82137e-52
Total charge: -8.73293e-21
etaHat: 124879
160  fE: -3.00529  dfE: 0.00012151  dW: 0.0090954  dPhi(Nx/2)(Ny/2)(Nz/2): 7.87319e-05 Phi A: 0.00698635 Phi B: 0.992908 Phi I: 5.82137e-52
Saving data . . .
Total charge: -8.7331e-21
etaHat: 124879
161  fE: -3.00548  dfE: 0.000186989  dW: 0.00895204  dPhi(Nx/2)(Ny/2)(Nz/2): 1.04432e-05 Phi A: 0.00698648 Phi B: 0.992981 Phi I: 5.82137e-52
Total charge: -8.73314e-21
etaHat: 124879
162  fE: -3.00572  dfE: 0.000236479  dW: 0.00879336  dPhi(Nx/2)(Ny/2)(Nz/2): -5.18532e-05 Phi A: 0.00698651 Phi B: 0.993048 Phi I: 5.82137e-52
Total charge: -8.73305e-21
etaHat: 124879
163  fE: -3.00599  dfE: 0.00026914  dW: 0.00863253  dPhi(Nx/2)(Ny/2)(Nz/2): -0.000105388 Phi A: 0.00698644 Phi B: 0.993107 Phi I: 5.82137e-52
Total charge: -8.73282e-21
etaHat: 124879
164  fE: -3.00627  dfE: 0.000285055  dW: 0.00848251  dPhi(Nx/2)(Ny/2)(Nz/2): -0.000148107 Phi A: 0.00698626 Phi B: 0.993155 Phi I: 5.82138e-52
Total charge: -8.73246e-21
etaHat: 124879
165  fE: -3.00656  dfE: 0.000285135  dW: 0.00835397  dPhi(Nx/2)(Ny/2)(Nz/2): -0.000178697 Phi A: 0.00698597 Phi B: 0.993191 Phi I: 5.82138e-52
Total charge: -8.73197e-21
etaHat: 124879
166  fE: -3.00683  dfE: 0.000270987  dW: 0.00825039  dPhi(Nx/2)(Ny/2)(Nz/2): -0.000196581 Phi A: 0.00698558 Phi B: 0.993215 Phi I: 5.82138e-52
Total charge: -8.73138e-21
etaHat: 124879
167  fE: -3.00707  dfE: 0.000244767  dW: 0.00816949  dPhi(Nx/2)(Ny/2)(Nz/2): -0.000201869 Phi A: 0.00698511 Phi B: 0.993227 Phi I: 5.82138e-52
Total charge: -8.73071e-21
etaHat: 124879
168  fE: -3.00728  dfE: 0.000209013  dW: 0.00810473  dPhi(Nx/2)(Ny/2)(Nz/2): -0.000195288 Phi A: 0.00698457 Phi B: 0.993227 Phi I: 5.82138e-52
Total charge: -8.72998e-21
etaHat: 124879
169  fE: -3.00745  dfE: 0.000166482  dW: 0.00804495  dPhi(Nx/2)(Ny/2)(Nz/2): -0.000178079 Phi A: 0.00698398 Phi B: 0.993217 Phi I: 5.82138e-52
Total charge: -8.72921e-21
etaHat: 124879
170  fE: -3.00757  dfE: 0.000119989  dW: 0.00798135  dPhi(Nx/2)(Ny/2)(Nz/2): -0.000151889 Phi A: 0.00698337 Phi B: 0.993198 Phi I: 5.82137e-52
Saving data . . .
Total charge: -8.72844e-21
etaHat: 124879
171  fE: -3.00764  dfE: 7.22575e-05  dW: 0.00790509  dPhi(Nx/2)(Ny/2)(Nz/2): -0.000118645 Phi A: 0.00698275 Phi B: 0.993172 Phi I: 5.82137e-52
Total charge: -8.72768e-21
etaHat: 124879
172  fE: -3.00767  dfE: 2.57965e-05  dW: 0.00781151  dPhi(Nx/2)(Ny/2)(Nz/2): -8.04308e-05 Phi A: 0.00698215 Phi B: 0.993141 Phi I: 5.82137e-52
Total charge: -8.72696e-21
etaHat: 124879
173  fE: -3.00765  dfE: 1.72062e-05  dW: 0.00769923  dPhi(Nx/2)(Ny/2)(Nz/2): -3.93716e-05 Phi A: 0.00698157 Phi B: 0.993107 Phi I: 5.82137e-52
Total charge: -8.7263e-21
etaHat: 124879
174  fE: -3.00759  dfE: 5.49595e-05  dW: 0.00757052  dPhi(Nx/2)(Ny/2)(Nz/2): 2.47733e-06 Phi A: 0.00698104 Phi B: 0.993072 Phi I: 5.82137e-52
Total charge: -8.72572e-21
etaHat: 124879
175  fE: -3.00751  dfE: 8.61176e-05  dW: 0.00742982  dPhi(Nx/2)(Ny/2)(Nz/2): 4.32233e-05 Phi A: 0.00698057 Phi B: 0.993038 Phi I: 5.82137e-52
Total charge: -8.72521e-21
etaHat: 124879
176  fE: -3.0074  dfE: 0.000109802  dW: 0.00728283  dPhi(Nx/2)(Ny/2)(Nz/2): 8.12128e-05 Phi A: 0.00698017 Phi B: 0.993007 Phi I: 5.82137e-52
Total charge: -8.72478e-21
etaHat: 124879
177  fE: -3.00727  dfE: 0.000125596  dW: 0.0071358  dPhi(Nx/2)(Ny/2)(Nz/2): 0.000115087 Phi A: 0.00697983 Phi B: 0.992979 Phi I: 5.82137e-52
Total charge: -8.72445e-21
etaHat: 124879
178  fE: -3.00714  dfE: 0.00013352  dW: 0.00699344  dPhi(Nx/2)(Ny/2)(Nz/2): 0.00014382 Phi A: 0.00697956 Phi B: 0.992957 Phi I: 5.82137e-52
Total charge: -8.7242e-21
etaHat: 124879
179  fE: -3.007  dfE: 0.000133984  dW: 0.00685878  dPhi(Nx/2)(Ny/2)(Nz/2): 0.000166731 Phi A: 0.00697936 Phi B: 0.992939 Phi I: 5.82137e-52
Total charge: -8.72403e-21
etaHat: 124879
180  fE: -3.00688  dfE: 0.000127727  dW: 0.00673618  dPhi(Nx/2)(Ny/2)(Nz/2): 0.000183486 Phi A: 0.00697922 Phi B: 0.992928 Phi I: 5.82137e-52
Saving data . . .
Total charge: -8.72392e-21
etaHat: 124879
181  fE: -3.00676  dfE: 0.000115747  dW: 0.00662671  dPhi(Nx/2)(Ny/2)(Nz/2): 0.000194075 Phi A: 0.00697914 Phi B: 0.992922 Phi I: 5.82137e-52
Total charge: -8.72388e-21
etaHat: 124879
182  fE: -3.00666  dfE: 9.92265e-05  dW: 0.00652933  dPhi(Nx/2)(Ny/2)(Nz/2): 0.000198778 Phi A: 0.0069791 Phi B: 0.992922 Phi I: 5.82137e-52
Total charge: -8.72388e-21
etaHat: 124879
183  fE: -3.00658  dfE: 7.9451e-05  dW: 0.0064414  dPhi(Nx/2)(Ny/2)(Nz/2): 0.000198125 Phi A: 0.0069791 Phi B: 0.992927 Phi I: 5.82137e-52
Total charge: -8.72391e-21
etaHat: 124879
184  fE: -3.00652  dfE: 5.77377e-05  dW: 0.00636003  dPhi(Nx/2)(Ny/2)(Nz/2): 0.000192838 Phi A: 0.00697913 Phi B: 0.992936 Phi I: 5.82137e-52
Total charge: -8.72396e-21
etaHat: 124879
185  fE: -3.00649  dfE: 3.53656e-05  dW: 0.0062823  dPhi(Nx/2)(Ny/2)(Nz/2): 0.000183778 Phi A: 0.00697917 Phi B: 0.992948 Phi I: 5.82137e-52
Total charge: -8.72402e-21
etaHat: 124879
186  fE: -3.00648  dfE: 1.35161e-05  dW: 0.006206  dPhi(Nx/2)(Ny/2)(Nz/2): 0.000171891 Phi A: 0.00697922 Phi B: 0.992963 Phi I: 5.82137e-52
Total charge: -8.72408e-21
etaHat: 124879
187  fE: -3.00648  dfE: 6.77609e-06  dW: 0.00612961  dPhi(Nx/2)(Ny/2)(Nz/2): 0.000158143 Phi A: 0.00697926 Phi B: 0.992979 Phi I: 5.82137e-52
Total charge: -8.72412e-21
etaHat: 124879
188  fE: -3.00651  dfE: 2.4659e-05  dW: 0.00605256  dPhi(Nx/2)(Ny/2)(Nz/2): 0.000143482 Phi A: 0.00697929 Phi B: 0.992995 Phi I: 5.82137e-52
Total charge: -8.72414e-21
etaHat: 124879
189  fE: -3.00655  dfE: 3.94877e-05  dW: 0.00597504  dPhi(Nx/2)(Ny/2)(Nz/2): 0.000128781 Phi A: 0.00697931 Phi B: 0.993012 Phi I: 5.82137e-52
Total charge: -8.72414e-21
etaHat: 124879
190  fE: -3.0066  dfE: 5.08347e-05  dW: 0.0058978  dPhi(Nx/2)(Ny/2)(Nz/2): 0.000114814 Phi A: 0.00697931 Phi B: 0.993027 Phi I: 5.82137e-52
Saving data . . .
Total charge: -8.72411e-21
etaHat: 124879
191  fE: -3.00666  dfE: 5.849e-05  dW: 0.00582172  dPhi(Nx/2)(Ny/2)(Nz/2): 0.000102219 Phi A: 0.00697929 Phi B: 0.99304 Phi I: 5.82137e-52
Total charge: -8.72405e-21
etaHat: 124879
192  fE: -3.00672  dfE: 6.24486e-05  dW: 0.00574753  dPhi(Nx/2)(Ny/2)(Nz/2): 9.14855e-05 Phi A: 0.00697924 Phi B: 0.993051 Phi I: 5.82137e-52
Total charge: -8.72396e-21
etaHat: 124879
193  fE: -3.00678  dfE: 6.28904e-05  dW: 0.00567588  dPhi(Nx/2)(Ny/2)(Nz/2): 8.29463e-05 Phi A: 0.00697917 Phi B: 0.993059 Phi I: 5.82137e-52
Total charge: -8.72385e-21
etaHat: 124879
194  fE: -3.00684  dfE: 6.01521e-05  dW: 0.00560683  dPhi(Nx/2)(Ny/2)(Nz/2): 7.67764e-05 Phi A: 0.00697908 Phi B: 0.993065 Phi I: 5.82137e-52
Total charge: -8.72371e-21
etaHat: 124879
195  fE: -3.0069  dfE: 5.46948e-05  dW: 0.00554038  dPhi(Nx/2)(Ny/2)(Nz/2): 7.30021e-05 Phi A: 0.00697896 Phi B: 0.993068 Phi I: 5.82137e-52
Total charge: -8.72355e-21
etaHat: 124879
196  fE: -3.00694  dfE: 4.7068e-05  dW: 0.00547612  dPhi(Nx/2)(Ny/2)(Nz/2): 7.15166e-05 Phi A: 0.00697884 Phi B: 0.993068 Phi I: 5.82137e-52
Total charge: -8.72338e-21
etaHat: 124879
197  fE: -3.00698  dfE: 3.78733e-05  dW: 0.0054132  dPhi(Nx/2)(Ny/2)(Nz/2): 7.20994e-05 Phi A: 0.0069787 Phi B: 0.993066 Phi I: 5.82137e-52
Total charge: -8.7232e-21
etaHat: 124879
198  fE: -3.00701  dfE: 2.77292e-05  dW: 0.00535088  dPhi(Nx/2)(Ny/2)(Nz/2): 7.44408e-05 Phi A: 0.00697856 Phi B: 0.993062 Phi I: 5.82137e-52
Total charge: -8.72302e-21
etaHat: 124879
199  fE: -3.00703  dfE: 1.72382e-05  dW: 0.00528851  dPhi(Nx/2)(Ny/2)(Nz/2): 7.81677e-05 Phi A: 0.00697842 Phi B: 0.993056 Phi I: 5.82137e-52
Total charge: -8.72284e-21
etaHat: 124879
200  fE: -3.00703  dfE: 6.95881e-06  dW: 0.00522567  dPhi(Nx/2)(Ny/2)(Nz/2): 8.28699e-05 Phi A: 0.00697828 Phi B: 0.99305 Phi I: 5.82137e-52
Saving data . . .
Total charge: -8.72268e-21
etaHat: 124879
201  fE: -3.00703  dfE: 2.61827e-06  dW: 0.00516229  dPhi(Nx/2)(Ny/2)(Nz/2): 8.81257e-05 Phi A: 0.00697814 Phi B: 0.993042 Phi I: 5.82137e-52
Total charge: -8.72252e-21
etaHat: 124879
202  fE: -3.00702  dfE: 1.10874e-05  dW: 0.00509826  dPhi(Nx/2)(Ny/2)(Nz/2): 9.35256e-05 Phi A: 0.00697802 Phi B: 0.993035 Phi I: 5.82137e-52
Total charge: -8.72238e-21
etaHat: 124879
203  fE: -3.007  dfE: 1.81395e-05  dW: 0.00503375  dPhi(Nx/2)(Ny/2)(Nz/2): 9.86925e-05 Phi A: 0.00697791 Phi B: 0.993027 Phi I: 5.82137e-52
Total charge: -8.72226e-21
etaHat: 124879
204  fE: -3.00698  dfE: 2.3568e-05  dW: 0.00496923  dPhi(Nx/2)(Ny/2)(Nz/2): 0.000103299 Phi A: 0.00697781 Phi B: 0.99302 Phi I: 5.82137e-52
Total charge: -8.72216e-21
etaHat: 124879
205  fE: -3.00695  dfE: 2.7268e-05  dW: 0.0049052  dPhi(Nx/2)(Ny/2)(Nz/2): 0.000107078 Phi A: 0.00697773 Phi B: 0.993014 Phi I: 5.82137e-52
Total charge: -8.72208e-21
etaHat: 124879
206  fE: -3.00692  dfE: 2.92317e-05  dW: 0.00484217  dPhi(Nx/2)(Ny/2)(Nz/2): 0.000109833 Phi A: 0.00697766 Phi B: 0.993009 Phi I: 5.82137e-52
Total charge: -8.72201e-21
etaHat: 124879
207  fE: -3.00689  dfE: 2.95385e-05  dW: 0.00478043  dPhi(Nx/2)(Ny/2)(Nz/2): 0.000111442 Phi A: 0.00697761 Phi B: 0.993005 Phi I: 5.82137e-52
Total charge: -8.72196e-21
etaHat: 124879
208  fE: -3.00686  dfE: 2.83424e-05  dW: 0.00472008  dPhi(Nx/2)(Ny/2)(Nz/2): 0.000111854 Phi A: 0.00697757 Phi B: 0.993002 Phi I: 5.82137e-52
Total charge: -8.72193e-21
etaHat: 124879
209  fE: -3.00684  dfE: 2.58563e-05  dW: 0.00466146  dPhi(Nx/2)(Ny/2)(Nz/2): 0.000111088 Phi A: 0.00697755 Phi B: 0.993001 Phi I: 5.82137e-52
Total charge: -8.72192e-21
etaHat: 124879
210  fE: -3.00682  dfE: 2.23358e-05  dW: 0.00460445  dPhi(Nx/2)(Ny/2)(Nz/2): 0.000109224 Phi A: 0.00697753 Phi B: 0.993001 Phi I: 5.82137e-52
Saving data . . .
Total charge: -8.72191e-21
etaHat: 124879
211  fE: -3.0068  dfE: 1.8062e-05  dW: 0.00454908  dPhi(Nx/2)(Ny/2)(Nz/2): 0.000106393 Phi A: 0.00697753 Phi B: 0.993002 Phi I: 5.82137e-52
Total charge: -8.72191e-21
etaHat: 124879
212  fE: -3.00678  dfE: 1.33246e-05  dW: 0.00449521  dPhi(Nx/2)(Ny/2)(Nz/2): 0.000102769 Phi A: 0.00697753 Phi B: 0.993004 Phi I: 5.82137e-52
Total charge: -8.72192e-21
etaHat: 124879
213  fE: -3.00678  dfE: 8.40699e-06  dW: 0.00444256  dPhi(Nx/2)(Ny/2)(Nz/2): 9.85501e-05 Phi A: 0.00697753 Phi B: 0.993006 Phi I: 5.82137e-52
Total charge: -8.72193e-21
etaHat: 124879
214  fE: -3.00677  dfE: 3.57259e-06  dW: 0.00439097  dPhi(Nx/2)(Ny/2)(Nz/2): 9.39536e-05 Phi A: 0.00697754 Phi B: 0.993009 Phi I: 5.82137e-52
Total charge: -8.72193e-21
etaHat: 124879
215  fE: -3.00677  dfE: 9.46244e-07  dW: 0.00434035  dPhi(Nx/2)(Ny/2)(Nz/2): 8.91982e-05 Phi A: 0.00697755 Phi B: 0.993013 Phi I: 5.82137e-52
Total charge: -8.72194e-21
etaHat: 124879
216  fE: -3.00678  dfE: 4.95658e-06  dW: 0.00429048  dPhi(Nx/2)(Ny/2)(Nz/2): 8.44951e-05 Phi A: 0.00697755 Phi B: 0.993016 Phi I: 5.82137e-52
Total charge: -8.72194e-21
etaHat: 124879
217  fE: -3.00679  dfE: 8.3105e-06  dW: 0.00424138  dPhi(Nx/2)(Ny/2)(Nz/2): 8.00377e-05 Phi A: 0.00697755 Phi B: 0.99302 Phi I: 5.82137e-52
Total charge: -8.72194e-21
etaHat: 124879
218  fE: -3.0068  dfE: 1.09079e-05  dW: 0.00419313  dPhi(Nx/2)(Ny/2)(Nz/2): 7.5994e-05 Phi A: 0.00697755 Phi B: 0.993023 Phi I: 5.82137e-52
Total charge: -8.72193e-21
etaHat: 124879
219  fE: -3.00681  dfE: 1.26965e-05  dW: 0.00414575  dPhi(Nx/2)(Ny/2)(Nz/2): 7.25002e-05 Phi A: 0.00697754 Phi B: 0.993026 Phi I: 5.82137e-52
Total charge: -8.72191e-21
etaHat: 124879
220  fE: -3.00682  dfE: 1.36699e-05  dW: 0.00409925  dPhi(Nx/2)(Ny/2)(Nz/2): 6.96573e-05 Phi A: 0.00697753 Phi B: 0.993029 Phi I: 5.82137e-52
Saving data . . .
Total charge: -8.72189e-21
etaHat: 124879
221  fE: -3.00684  dfE: 1.38626e-05  dW: 0.00405361  dPhi(Nx/2)(Ny/2)(Nz/2): 6.75288e-05 Phi A: 0.00697751 Phi B: 0.993031 Phi I: 5.82137e-52
Total charge: -8.72186e-21
etaHat: 124879
222  fE: -3.00685  dfE: 1.33449e-05  dW: 0.00400872  dPhi(Nx/2)(Ny/2)(Nz/2): 6.61416e-05 Phi A: 0.00697749 Phi B: 0.993032 Phi I: 5.82137e-52
Total charge: -8.72183e-21
etaHat: 124879
223  fE: -3.00686  dfE: 1.22149e-05  dW: 0.00396464  dPhi(Nx/2)(Ny/2)(Nz/2): 6.54874e-05 Phi A: 0.00697746 Phi B: 0.993033 Phi I: 5.82137e-52
Total charge: -8.72179e-21
etaHat: 124879
224  fE: -3.00687  dfE: 1.05916e-05  dW: 0.00392126  dPhi(Nx/2)(Ny/2)(Nz/2): 6.55266e-05 Phi A: 0.00697743 Phi B: 0.993033 Phi I: 5.82137e-52
Total charge: -8.72175e-21
etaHat: 124879
225  fE: -3.00688  dfE: 8.60623e-06  dW: 0.00387853  dPhi(Nx/2)(Ny/2)(Nz/2): 6.61927e-05 Phi A: 0.0069774 Phi B: 0.993033 Phi I: 5.82137e-52
Total charge: -8.72171e-21
etaHat: 124879
226  fE: -3.00689  dfE: 6.39464e-06  dW: 0.00383636  dPhi(Nx/2)(Ny/2)(Nz/2): 6.73982e-05 Phi A: 0.00697737 Phi B: 0.993032 Phi I: 5.82137e-52
Total charge: -8.72167e-21
etaHat: 124879
227  fE: -3.00689  dfE: 4.09018e-06  dW: 0.00379462  dPhi(Nx/2)(Ny/2)(Nz/2): 6.90399e-05 Phi A: 0.00697734 Phi B: 0.993031 Phi I: 5.82137e-52
Total charge: -8.72163e-21
etaHat: 124879
228  fE: -3.00689  dfE: 1.81717e-06  dW: 0.0037533  dPhi(Nx/2)(Ny/2)(Nz/2): 7.1006e-05 Phi A: 0.0069773 Phi B: 0.993029 Phi I: 5.82137e-52
Total charge: -8.72159e-21
etaHat: 124879
229  fE: -3.00689  dfE: 3.1432e-07  dW: 0.00371242  dPhi(Nx/2)(Ny/2)(Nz/2): 7.31813e-05 Phi A: 0.00697727 Phi B: 0.993027 Phi I: 5.82137e-52
Total charge: -8.72155e-21
etaHat: 124879
230  fE: -3.00689  dfE: 2.21251e-06  dW: 0.00367196  dPhi(Nx/2)(Ny/2)(Nz/2): 7.54531e-05 Phi A: 0.00697724 Phi B: 0.993026 Phi I: 5.82137e-52
Saving data . . .
Total charge: -8.72152e-21
etaHat: 124879
231  fE: -3.00689  dfE: 3.80661e-06  dW: 0.00363197  dPhi(Nx/2)(Ny/2)(Nz/2): 7.77158e-05 Phi A: 0.00697722 Phi B: 0.993024 Phi I: 5.82137e-52
Total charge: -8.72149e-21
etaHat: 124879
232  fE: -3.00688  dfE: 5.04824e-06  dW: 0.00359245  dPhi(Nx/2)(Ny/2)(Nz/2): 7.98753e-05 Phi A: 0.00697719 Phi B: 0.993023 Phi I: 5.82137e-52
Total charge: -8.72147e-21
etaHat: 124879
233  fE: -3.00688  dfE: 5.9115e-06  dW: 0.00355343  dPhi(Nx/2)(Ny/2)(Nz/2): 8.18518e-05 Phi A: 0.00697717 Phi B: 0.993021 Phi I: 5.82137e-52
Total charge: -8.72145e-21
etaHat: 124879
234  fE: -3.00687  dfE: 6.39199e-06  dW: 0.00351496  dPhi(Nx/2)(Ny/2)(Nz/2): 8.35819e-05 Phi A: 0.00697716 Phi B: 0.99302 Phi I: 5.82137e-52
Total charge: -8.72143e-21
etaHat: 124879
235  fE: -3.00686  dfE: 6.50486e-06  dW: 0.00347707  dPhi(Nx/2)(Ny/2)(Nz/2): 8.502e-05 Phi A: 0.00697714 Phi B: 0.993019 Phi I: 5.82137e-52
Total charge: -8.72142e-21
etaHat: 124879
236  fE: -3.00686  dfE: 6.282e-06  dW: 0.00343981  dPhi(Nx/2)(Ny/2)(Nz/2): 8.61377e-05 Phi A: 0.00697713 Phi B: 0.993019 Phi I: 5.82137e-52
Total charge: -8.72141e-21
etaHat: 124879
237  fE: -3.00685  dfE: 5.76879e-06  dW: 0.00340318  dPhi(Nx/2)(Ny/2)(Nz/2): 8.69239e-05 Phi A: 0.00697713 Phi B: 0.993018 Phi I: 5.82137e-52
Total charge: -8.7214e-21
etaHat: 124879
238  fE: -3.00685  dfE: 5.02044e-06  dW: 0.00336718  dPhi(Nx/2)(Ny/2)(Nz/2): 8.73829e-05 Phi A: 0.00697712 Phi B: 0.993018 Phi I: 5.82137e-52
Total charge: -8.7214e-21
etaHat: 124879
239  fE: -3.00684  dfE: 4.09824e-06  dW: 0.00333175  dPhi(Nx/2)(Ny/2)(Nz/2): 8.75324e-05 Phi A: 0.00697712 Phi B: 0.993018 Phi I: 5.82137e-52
Total charge: -8.7214e-21
etaHat: 124879
240  fE: -3.00684  dfE: 3.0659e-06  dW: 0.00329687  dPhi(Nx/2)(Ny/2)(Nz/2): 8.74013e-05 Phi A: 0.00697712 Phi B: 0.993019 Phi I: 5.82137e-52
Saving data . . .
Total charge: -8.7214e-21
etaHat: 124879
241  fE: -3.00684  dfE: 1.9861e-06  dW: 0.0032625  dPhi(Nx/2)(Ny/2)(Nz/2): 8.70266e-05 Phi A: 0.00697712 Phi B: 0.993019 Phi I: 5.82137e-52
Total charge: -8.7214e-21
etaHat: 124879
242  fE: -3.00684  dfE: 9.17477e-07  dW: 0.00322862  dPhi(Nx/2)(Ny/2)(Nz/2): 8.64508e-05 Phi A: 0.00697712 Phi B: 0.99302 Phi I: 5.82137e-52
Total charge: -8.7214e-21
etaHat: 124879
243  fE: -3.00684  dfE: 8.78508e-08  dW: 0.00319522  dPhi(Nx/2)(Ny/2)(Nz/2): 8.57192e-05 Phi A: 0.00697712 Phi B: 0.993021 Phi I: 5.82137e-52
Total charge: -8.7214e-21
etaHat: 124879
244  fE: -3.00684  dfE: 9.86253e-07  dW: 0.00316231  dPhi(Nx/2)(Ny/2)(Nz/2): 8.48772e-05 Phi A: 0.00697712 Phi B: 0.993021 Phi I: 5.82137e-52
Total charge: -8.7214e-21
etaHat: 124879
245  fE: -3.00684  dfE: 1.74388e-06  dW: 0.00312985  dPhi(Nx/2)(Ny/2)(Nz/2): 8.39682e-05 Phi A: 0.00697712 Phi B: 0.993022 Phi I: 5.82137e-52
Total charge: -8.7214e-21
etaHat: 124879
246  fE: -3.00684  dfE: 2.33734e-06  dW: 0.00309787  dPhi(Nx/2)(Ny/2)(Nz/2): 8.30314e-05 Phi A: 0.00697712 Phi B: 0.993023 Phi I: 5.82137e-52
Total charge: -8.7214e-21
etaHat: 124879
247  fE: -3.00684  dfE: 2.75384e-06  dW: 0.00306634  dPhi(Nx/2)(Ny/2)(Nz/2): 8.21005e-05 Phi A: 0.00697712 Phi B: 0.993024 Phi I: 5.82137e-52
Total charge: -8.72139e-21
etaHat: 124879
248  fE: -3.00685  dfE: 2.99067e-06  dW: 0.00303527  dPhi(Nx/2)(Ny/2)(Nz/2): 8.12027e-05 Phi A: 0.00697711 Phi B: 0.993024 Phi I: 5.82137e-52
Total charge: -8.72139e-21
etaHat: 124879
249  fE: -3.00685  dfE: 3.05438e-06  dW: 0.00300463  dPhi(Nx/2)(Ny/2)(Nz/2): 8.03581e-05 Phi A: 0.00697711 Phi B: 0.993025 Phi I: 5.82137e-52
Total charge: -8.72138e-21
etaHat: 124879
250  fE: -3.00685  dfE: 2.95947e-06  dW: 0.0029744  dPhi(Nx/2)(Ny/2)(Nz/2): 7.95795e-05 Phi A: 0.0069771 Phi B: 0.993025 Phi I: 5.82137e-52
Saving data . . .
Total charge: -8.72137e-21
etaHat: 124879
251  fE: -3.00686  dfE: 2.72685e-06  dW: 0.00294459  dPhi(Nx/2)(Ny/2)(Nz/2): 7.88725e-05 Phi A: 0.0069771 Phi B: 0.993025 Phi I: 5.82137e-52
Total charge: -8.72136e-21
etaHat: 124879
252  fE: -3.00686  dfE: 2.38219e-06  dW: 0.00291518  dPhi(Nx/2)(Ny/2)(Nz/2): 7.82366e-05 Phi A: 0.00697709 Phi B: 0.993025 Phi I: 5.82137e-52
Total charge: -8.72135e-21
etaHat: 124879
253  fE: -3.00686  dfE: 1.95408e-06  dW: 0.00288614  dPhi(Nx/2)(Ny/2)(Nz/2): 7.76654e-05 Phi A: 0.00697708 Phi B: 0.993025 Phi I: 5.82137e-52
Total charge: -8.72134e-21
etaHat: 124879
254  fE: -3.00686  dfE: 1.4724e-06  dW: 0.00285744  dPhi(Nx/2)(Ny/2)(Nz/2): 7.71484e-05 Phi A: 0.00697707 Phi B: 0.993025 Phi I: 5.82137e-52
Total charge: -8.72133e-21
etaHat: 124879
255  fE: -3.00686  dfE: 9.66597e-07  dW: 0.00282911  dPhi(Nx/2)(Ny/2)(Nz/2): 7.66713e-05 Phi A: 0.00697707 Phi B: 0.993025 Phi I: 5.82137e-52
Total charge: -8.72132e-21
etaHat: 124879
256  fE: -3.00686  dfE: 4.64353e-07  dW: 0.00280113  dPhi(Nx/2)(Ny/2)(Nz/2): 7.62183e-05 Phi A: 0.00697706 Phi B: 0.993024 Phi I: 5.82137e-52
Total charge: -8.72131e-21
etaHat: 124879
257  fE: -3.00686  dfE: 9.67045e-09  dW: 0.00277349  dPhi(Nx/2)(Ny/2)(Nz/2): 7.57721e-05 Phi A: 0.00697705 Phi B: 0.993024 Phi I: 5.82137e-52
Total charge: -8.72131e-21
etaHat: 124879
258  fE: -3.00686  dfE: 4.34733e-07  dW: 0.00274619  dPhi(Nx/2)(Ny/2)(Nz/2): 7.53163e-05 Phi A: 0.00697704 Phi B: 0.993024 Phi I: 5.82137e-52
Total charge: -8.7213e-21
etaHat: 124879
259  fE: -3.00686  dfE: 7.94651e-07  dW: 0.00271923  dPhi(Nx/2)(Ny/2)(Nz/2): 7.48353e-05 Phi A: 0.00697704 Phi B: 0.993023 Phi I: 5.82137e-52
Total charge: -8.72129e-21
etaHat: 124879
260  fE: -3.00686  dfE: 1.07814e-06  dW: 0.00269259  dPhi(Nx/2)(Ny/2)(Nz/2): 7.43157e-05 Phi A: 0.00697703 Phi B: 0.993023 Phi I: 5.82137e-52
Saving data . . .
Total charge: -8.72128e-21
etaHat: 124879
261  fE: -3.00686  dfE: 1.27888e-06  dW: 0.00266628  dPhi(Nx/2)(Ny/2)(Nz/2): 7.3747e-05 Phi A: 0.00697703 Phi B: 0.993023 Phi I: 5.82137e-52
Total charge: -8.72128e-21
etaHat: 124879
262  fE: -3.00686  dfE: 1.3953e-06  dW: 0.0026403  dPhi(Nx/2)(Ny/2)(Nz/2): 7.31217e-05 Phi A: 0.00697702 Phi B: 0.993022 Phi I: 5.82137e-52
Total charge: -8.72128e-21
etaHat: 124879
263  fE: -3.00686  dfE: 1.43023e-06  dW: 0.00261465  dPhi(Nx/2)(Ny/2)(Nz/2): 7.24356e-05 Phi A: 0.00697702 Phi B: 0.993022 Phi I: 5.82137e-52
Total charge: -8.72127e-21
etaHat: 124879
264  fE: -3.00686  dfE: 1.39023e-06  dW: 0.00258933  dPhi(Nx/2)(Ny/2)(Nz/2): 7.16881e-05 Phi A: 0.00697702 Phi B: 0.993022 Phi I: 5.82137e-52
Total charge: -8.72127e-21
etaHat: 124879
265  fE: -3.00685  dfE: 1.28495e-06  dW: 0.00256435  dPhi(Nx/2)(Ny/2)(Nz/2): 7.08817e-05 Phi A: 0.00697702 Phi B: 0.993022 Phi I: 5.82137e-52
Total charge: -8.72127e-21
etaHat: 124879
266  fE: -3.00685  dfE: 1.1263e-06  dW: 0.00253969  dPhi(Nx/2)(Ny/2)(Nz/2): 7.00216e-05 Phi A: 0.00697701 Phi B: 0.993022 Phi I: 5.82137e-52
Total charge: -8.72127e-21
etaHat: 124879
267  fE: -3.00685  dfE: 9.27641e-07  dW: 0.00251535  dPhi(Nx/2)(Ny/2)(Nz/2): 6.91159e-05 Phi A: 0.00697701 Phi B: 0.993022 Phi I: 5.82137e-52
Total charge: -8.72127e-21
etaHat: 124879
268  fE: -3.00685  dfE: 7.02949e-07  dW: 0.00249133  dPhi(Nx/2)(Ny/2)(Nz/2): 6.81741e-05 Phi A: 0.00697701 Phi B: 0.993022 Phi I: 5.82137e-52
Total charge: -8.72127e-21
etaHat: 124879
269  fE: -3.00685  dfE: 4.66081e-07  dW: 0.0024676  dPhi(Nx/2)(Ny/2)(Nz/2): 6.72075e-05 Phi A: 0.00697701 Phi B: 0.993022 Phi I: 5.82137e-52
Total charge: -8.72127e-21
etaHat: 124879
270  fE: -3.00685  dfE: 2.30084e-07  dW: 0.00244418  dPhi(Nx/2)(Ny/2)(Nz/2): 6.62279e-05 Phi A: 0.00697701 Phi B: 0.993022 Phi I: 5.82137e-52
Saving data . . .
Total charge: -8.72127e-21
etaHat: 124879
271  fE: -3.00685  dfE: 6.63091e-09  dW: 0.00242105  dPhi(Nx/2)(Ny/2)(Nz/2): 6.52471e-05 Phi A: 0.00697701 Phi B: 0.993022 Phi I: 5.82137e-52
Total charge: -8.72127e-21
etaHat: 124879
272  fE: -3.00685  dfE: 1.94424e-07  dW: 0.0023982  dPhi(Nx/2)(Ny/2)(Nz/2): 6.42768e-05 Phi A: 0.00697701 Phi B: 0.993023 Phi I: 5.82137e-52
Total charge: -8.72127e-21
etaHat: 124879
273  fE: -3.00685  dfE: 3.65348e-07  dW: 0.00237564  dPhi(Nx/2)(Ny/2)(Nz/2): 6.33276e-05 Phi A: 0.00697701 Phi B: 0.993023 Phi I: 5.82137e-52
Total charge: -8.72126e-21
etaHat: 124879
274  fE: -3.00685  dfE: 5.00698e-07  dW: 0.00235337  dPhi(Nx/2)(Ny/2)(Nz/2): 6.24088e-05 Phi A: 0.00697701 Phi B: 0.993023 Phi I: 5.82137e-52
Total charge: -8.72126e-21
etaHat: 124879
275  fE: -3.00685  dfE: 5.97361e-07  dW: 0.00233137  dPhi(Nx/2)(Ny/2)(Nz/2): 6.15282e-05 Phi A: 0.00697701 Phi B: 0.993023 Phi I: 5.82137e-52
Total charge: -8.72126e-21
etaHat: 124879
276  fE: -3.00685  dfE: 6.54467e-07  dW: 0.00230963  dPhi(Nx/2)(Ny/2)(Nz/2): 6.06918e-05 Phi A: 0.00697701 Phi B: 0.993023 Phi I: 5.82137e-52
Total charge: -8.72126e-21
etaHat: 124879
277  fE: -3.00685  dfE: 6.7321e-07  dW: 0.00228817  dPhi(Nx/2)(Ny/2)(Nz/2): 5.99035e-05 Phi A: 0.00697701 Phi B: 0.993023 Phi I: 5.82137e-52
Total charge: -8.72126e-21
etaHat: 124879
278  fE: -3.00685  dfE: 6.5657e-07  dW: 0.00226695  dPhi(Nx/2)(Ny/2)(Nz/2): 5.91656e-05 Phi A: 0.00697701 Phi B: 0.993023 Phi I: 5.82137e-52
Total charge: -8.72126e-21
etaHat: 124879
279  fE: -3.00686  dfE: 6.08989e-07  dW: 0.00224598  dPhi(Nx/2)(Ny/2)(Nz/2): 5.84783e-05 Phi A: 0.00697701 Phi B: 0.993023 Phi I: 5.82137e-52
Total charge: -8.72126e-21
etaHat: 124879
280  fE: -3.00686  dfE: 5.35994e-07  dW: 0.00222528  dPhi(Nx/2)(Ny/2)(Nz/2): 5.78403e-05 Phi A: 0.006977 Phi B: 0.993023 Phi I: 5.82137e-52
Saving data . . .
Total charge: -8.72125e-21
etaHat: 124879
281  fE: -3.00686  dfE: 4.43816e-07  dW: 0.00220484  dPhi(Nx/2)(Ny/2)(Nz/2): 5.72489e-05 Phi A: 0.006977 Phi B: 0.993023 Phi I: 5.82137e-52
Total charge: -8.72125e-21
etaHat: 124879
282  fE: -3.00686  dfE: 3.39008e-07  dW: 0.00218464  dPhi(Nx/2)(Ny/2)(Nz/2): 5.67e-05 Phi A: 0.006977 Phi B: 0.993023 Phi I: 5.82137e-52
Total charge: -8.72125e-21
etaHat: 124879
283  fE: -3.00686  dfE: 2.28079e-07  dW: 0.00216469  dPhi(Nx/2)(Ny/2)(Nz/2): 5.6189e-05 Phi A: 0.006977 Phi B: 0.993023 Phi I: 5.82137e-52
Total charge: -8.72125e-21
etaHat: 124879
284  fE: -3.00686  dfE: 1.17183e-07  dW: 0.00214499  dPhi(Nx/2)(Ny/2)(Nz/2): 5.57103e-05 Phi A: 0.006977 Phi B: 0.993023 Phi I: 5.82137e-52
Total charge: -8.72124e-21
etaHat: 124879
285  fE: -3.00686  dfE: 1.18399e-08  dW: 0.00212552  dPhi(Nx/2)(Ny/2)(Nz/2): 5.52583e-05 Phi A: 0.006977 Phi B: 0.993023 Phi I: 5.82137e-52
Total charge: -8.72124e-21
etaHat: 124879
286  fE: -3.00686  dfE: 8.32674e-08  dW: 0.00210628  dPhi(Nx/2)(Ny/2)(Nz/2): 5.48274e-05 Phi A: 0.00697699 Phi B: 0.993023 Phi I: 5.82137e-52
Total charge: -8.72124e-21
etaHat: 124879
287  fE: -3.00686  dfE: 1.64446e-07  dW: 0.00208727  dPhi(Nx/2)(Ny/2)(Nz/2): 5.44122e-05 Phi A: 0.00697699 Phi B: 0.993023 Phi I: 5.82137e-52
Total charge: -8.72124e-21
etaHat: 124879
288  fE: -3.00686  dfE: 2.29072e-07  dW: 0.00206848  dPhi(Nx/2)(Ny/2)(Nz/2): 5.40077e-05 Phi A: 0.00697699 Phi B: 0.993023 Phi I: 5.82137e-52
Total charge: -8.72124e-21
etaHat: 124879
289  fE: -3.00686  dfE: 2.75617e-07  dW: 0.00204991  dPhi(Nx/2)(Ny/2)(Nz/2): 5.36097e-05 Phi A: 0.00697699 Phi B: 0.993023 Phi I: 5.82137e-52
Total charge: -8.72124e-21
etaHat: 124879
290  fE: -3.00686  dfE: 3.03608e-07  dW: 0.00203155  dPhi(Nx/2)(Ny/2)(Nz/2): 5.32145e-05 Phi A: 0.00697699 Phi B: 0.993023 Phi I: 5.82137e-52
Saving data . . .
Total charge: -8.72124e-21
etaHat: 124879
291  fE: -3.00686  dfE: 3.13545e-07  dW: 0.0020134  dPhi(Nx/2)(Ny/2)(Nz/2): 5.28196e-05 Phi A: 0.00697699 Phi B: 0.993023 Phi I: 5.82137e-52
Total charge: -8.72123e-21
etaHat: 124879
292  fE: -3.00686  dfE: 3.06776e-07  dW: 0.00199546  dPhi(Nx/2)(Ny/2)(Nz/2): 5.24229e-05 Phi A: 0.00697699 Phi B: 0.993023 Phi I: 5.82137e-52
Total charge: -8.72123e-21
etaHat: 124879
293  fE: -3.00686  dfE: 2.85345e-07  dW: 0.00197773  dPhi(Nx/2)(Ny/2)(Nz/2): 5.20235e-05 Phi A: 0.00697699 Phi B: 0.993023 Phi I: 5.82137e-52
Total charge: -8.72123e-21
etaHat: 124879
294  fE: -3.00685  dfE: 2.51818e-07  dW: 0.0019602  dPhi(Nx/2)(Ny/2)(Nz/2): 5.1621e-05 Phi A: 0.00697699 Phi B: 0.993023 Phi I: 5.82137e-52
Total charge: -8.72123e-21
etaHat: 124879
295  fE: -3.00685  dfE: 2.09101e-07  dW: 0.00194287  dPhi(Nx/2)(Ny/2)(Nz/2): 5.12157e-05 Phi A: 0.00697699 Phi B: 0.993023 Phi I: 5.82137e-52
Total charge: -8.72123e-21
etaHat: 124879
296  fE: -3.00685  dfE: 1.60261e-07  dW: 0.00192575  dPhi(Nx/2)(Ny/2)(Nz/2): 5.08086e-05 Phi A: 0.00697699 Phi B: 0.993023 Phi I: 5.82137e-52
Total charge: -8.72123e-21
etaHat: 124879
297  fE: -3.00685  dfE: 1.08359e-07  dW: 0.00190881  dPhi(Nx/2)(Ny/2)(Nz/2): 5.0401e-05 Phi A: 0.00697699 Phi B: 0.993023 Phi I: 5.82137e-52
Total charge: -8.72123e-21
etaHat: 124879
298  fE: -3.00685  dfE: 5.62931e-08  dW: 0.00189207  dPhi(Nx/2)(Ny/2)(Nz/2): 4.99945e-05 Phi A: 0.00697699 Phi B: 0.993023 Phi I: 5.82137e-52
Total charge: -8.72123e-21
etaHat: 124879
299  fE: -3.00685  dfE: 6.67677e-09  dW: 0.00187553  dPhi(Nx/2)(Ny/2)(Nz/2): 4.95909e-05 Phi A: 0.00697699 Phi B: 0.993023 Phi I: 5.82137e-52
Total charge: -8.72123e-21
etaHat: 124879
300  fE: -3.00685  dfE: 3.82675e-08  dW: 0.00185916  dPhi(Nx/2)(Ny/2)(Nz/2): 4.9192e-05 Phi A: 0.00697699 Phi B: 0.993023 Phi I: 5.82137e-52
Saving data . . .
Total charge: -8.72123e-21
etaHat: 124879
301  fE: -3.00685  dfE: 7.6776e-08  dW: 0.00184299  dPhi(Nx/2)(Ny/2)(Nz/2): 4.87995e-05 Phi A: 0.00697699 Phi B: 0.993023 Phi I: 5.82137e-52
Total charge: -8.72123e-21
etaHat: 124879
302  fE: -3.00685  dfE: 1.07586e-07  dW: 0.00182699  dPhi(Nx/2)(Ny/2)(Nz/2): 4.84149e-05 Phi A: 0.00697699 Phi B: 0.993023 Phi I: 5.82137e-52
Total charge: -8.72123e-21
etaHat: 124879
303  fE: -3.00685  dfE: 1.29948e-07  dW: 0.00181117  dPhi(Nx/2)(Ny/2)(Nz/2): 4.80396e-05 Phi A: 0.00697699 Phi B: 0.993023 Phi I: 5.82137e-52
Total charge: -8.72123e-21
etaHat: 124879
304  fE: -3.00685  dfE: 1.43608e-07  dW: 0.00179554  dPhi(Nx/2)(Ny/2)(Nz/2): 4.76745e-05 Phi A: 0.00697699 Phi B: 0.993023 Phi I: 5.82137e-52
Total charge: -8.72123e-21
etaHat: 124879
305  fE: -3.00686  dfE: 1.48774e-07  dW: 0.00178009  dPhi(Nx/2)(Ny/2)(Nz/2): 4.73202e-05 Phi A: 0.00697698 Phi B: 0.993023 Phi I: 5.82137e-52
Total charge: -8.72123e-21
etaHat: 124879
306  fE: -3.00686  dfE: 1.46054e-07  dW: 0.0017648  dPhi(Nx/2)(Ny/2)(Nz/2): 4.69769e-05 Phi A: 0.00697698 Phi B: 0.993023 Phi I: 5.82137e-52
Total charge: -8.72123e-21
etaHat: 124879
307  fE: -3.00686  dfE: 1.36388e-07  dW: 0.00174969  dPhi(Nx/2)(Ny/2)(Nz/2): 4.66447e-05 Phi A: 0.00697698 Phi B: 0.993023 Phi I: 5.82137e-52
Total charge: -8.72123e-21
etaHat: 124879
308  fE: -3.00686  dfE: 1.20967e-07  dW: 0.00173474  dPhi(Nx/2)(Ny/2)(Nz/2): 4.63231e-05 Phi A: 0.00697698 Phi B: 0.993023 Phi I: 5.82137e-52
Total charge: -8.72123e-21
etaHat: 124879
309  fE: -3.00686  dfE: 1.01146e-07  dW: 0.00171995  dPhi(Nx/2)(Ny/2)(Nz/2): 4.60114e-05 Phi A: 0.00697698 Phi B: 0.993023 Phi I: 5.82137e-52
Total charge: -8.72123e-21
etaHat: 124879
310  fE: -3.00686  dfE: 7.83596e-08  dW: 0.00170533  dPhi(Nx/2)(Ny/2)(Nz/2): 4.57087e-05 Phi A: 0.00697698 Phi B: 0.993023 Phi I: 5.82137e-52
Saving data . . .
Total charge: -8.72123e-21
etaHat: 124879
311  fE: -3.00686  dfE: 5.40467e-08  dW: 0.00169085  dPhi(Nx/2)(Ny/2)(Nz/2): 4.54138e-05 Phi A: 0.00697698 Phi B: 0.993023 Phi I: 5.82137e-52
Total charge: -8.72123e-21
etaHat: 124879
312  fE: -3.00686  dfE: 2.95737e-08  dW: 0.00167654  dPhi(Nx/2)(Ny/2)(Nz/2): 4.51257e-05 Phi A: 0.00697698 Phi B: 0.993023 Phi I: 5.82137e-52
Total charge: -8.72123e-21
etaHat: 124879
313  fE: -3.00686  dfE: 6.17561e-09  dW: 0.00166237  dPhi(Nx/2)(Ny/2)(Nz/2): 4.4843e-05 Phi A: 0.00697698 Phi B: 0.993023 Phi I: 5.82137e-52
Total charge: -8.72123e-21
etaHat: 124879
314  fE: -3.00686  dfE: 1.5092e-08  dW: 0.00164836  dPhi(Nx/2)(Ny/2)(Nz/2): 4.45645e-05 Phi A: 0.00697698 Phi B: 0.993023 Phi I: 5.82137e-52
Total charge: -8.72123e-21
etaHat: 124879
315  fE: -3.00686  dfE: 3.33874e-08  dW: 0.0016345  dPhi(Nx/2)(Ny/2)(Nz/2): 4.42889e-05 Phi A: 0.00697698 Phi B: 0.993023 Phi I: 5.82137e-52
Total charge: -8.72123e-21
etaHat: 124879
316  fE: -3.00686  dfE: 4.81032e-08  dW: 0.00162078  dPhi(Nx/2)(Ny/2)(Nz/2): 4.40152e-05 Phi A: 0.00697698 Phi B: 0.993023 Phi I: 5.82137e-52
Total charge: -8.72123e-21
etaHat: 124879
317  fE: -3.00686  dfE: 5.88721e-08  dW: 0.0016072  dPhi(Nx/2)(Ny/2)(Nz/2): 4.37424e-05 Phi A: 0.00697698 Phi B: 0.993023 Phi I: 5.82137e-52
Total charge: -8.72122e-21
etaHat: 124879
318  fE: -3.00686  dfE: 6.55611e-08  dW: 0.00159376  dPhi(Nx/2)(Ny/2)(Nz/2): 4.34698e-05 Phi A: 0.00697698 Phi B: 0.993023 Phi I: 5.82137e-52
Total charge: -8.72122e-21
etaHat: 124879
319  fE: -3.00686  dfE: 6.82539e-08  dW: 0.00158047  dPhi(Nx/2)(Ny/2)(Nz/2): 4.31966e-05 Phi A: 0.00697698 Phi B: 0.993023 Phi I: 5.82137e-52
Total charge: -8.72122e-21
etaHat: 124879
320  fE: -3.00686  dfE: 6.7225e-08  dW: 0.00156733  dPhi(Nx/2)(Ny/2)(Nz/2): 4.29225e-05 Phi A: 0.00697698 Phi B: 0.993023 Phi I: 5.82137e-52
Saving data . . .
Total charge: -8.72122e-21
etaHat: 124879
321  fE: -3.00686  dfE: 6.29064e-08  dW: 0.00155431  dPhi(Nx/2)(Ny/2)(Nz/2): 4.26472e-05 Phi A: 0.00697698 Phi B: 0.993023 Phi I: 5.82137e-52
Total charge: -8.72122e-21
etaHat: 124879
322  fE: -3.00686  dfE: 5.58495e-08  dW: 0.00154145  dPhi(Nx/2)(Ny/2)(Nz/2): 4.23706e-05 Phi A: 0.00697698 Phi B: 0.993023 Phi I: 5.82137e-52
Total charge: -8.72122e-21
etaHat: 124879
323  fE: -3.00686  dfE: 4.66863e-08  dW: 0.00152871  dPhi(Nx/2)(Ny/2)(Nz/2): 4.20926e-05 Phi A: 0.00697698 Phi B: 0.993023 Phi I: 5.82137e-52
Total charge: -8.72122e-21
etaHat: 124879
324  fE: -3.00686  dfE: 3.60891e-08  dW: 0.00151611  dPhi(Nx/2)(Ny/2)(Nz/2): 4.18136e-05 Phi A: 0.00697698 Phi B: 0.993023 Phi I: 5.82137e-52
Total charge: -8.72122e-21
etaHat: 124879
325  fE: -3.00686  dfE: 2.47328e-08  dW: 0.00150364  dPhi(Nx/2)(Ny/2)(Nz/2): 4.15338e-05 Phi A: 0.00697698 Phi B: 0.993023 Phi I: 5.82137e-52
Total charge: -8.72122e-21
etaHat: 124879
326  fE: -3.00686  dfE: 1.32616e-08  dW: 0.0014913  dPhi(Nx/2)(Ny/2)(Nz/2): 4.12535e-05 Phi A: 0.00697698 Phi B: 0.993023 Phi I: 5.82137e-52
Total charge: -8.72122e-21
etaHat: 124879
327  fE: -3.00686  dfE: 2.25928e-09  dW: 0.00147908  dPhi(Nx/2)(Ny/2)(Nz/2): 4.0973e-05 Phi A: 0.00697698 Phi B: 0.993023 Phi I: 5.82137e-52
Total charge: -8.72122e-21
etaHat: 124879
328  fE: -3.00686  dfE: 7.77312e-09  dW: 0.00146699  dPhi(Nx/2)(Ny/2)(Nz/2): 4.06928e-05 Phi A: 0.00697698 Phi B: 0.993023 Phi I: 5.82137e-52
Total charge: -8.72122e-21
etaHat: 124879
329  fE: -3.00686  dfE: 1.6434e-08  dW: 0.00145502  dPhi(Nx/2)(Ny/2)(Nz/2): 4.04132e-05 Phi A: 0.00697698 Phi B: 0.993023 Phi I: 5.82137e-52
Total charge: -8.72122e-21
etaHat: 124879
330  fE: -3.00686  dfE: 2.34313e-08  dW: 0.00144317  dPhi(Nx/2)(Ny/2)(Nz/2): 4.01346e-05 Phi A: 0.00697698 Phi B: 0.993023 Phi I: 5.82137e-52
Saving data . . .
Total charge: -8.72122e-21
etaHat: 124879
331  fE: -3.00686  dfE: 2.85856e-08  dW: 0.00143144  dPhi(Nx/2)(Ny/2)(Nz/2): 3.98573e-05 Phi A: 0.00697698 Phi B: 0.993023 Phi I: 5.82137e-52
Total charge: -8.72122e-21
etaHat: 124879
332  fE: -3.00686  dfE: 3.18276e-08  dW: 0.00141983  dPhi(Nx/2)(Ny/2)(Nz/2): 3.95815e-05 Phi A: 0.00697698 Phi B: 0.993023 Phi I: 5.82137e-52
Total charge: -8.72122e-21
etaHat: 124879
333  fE: -3.00686  dfE: 3.31904e-08  dW: 0.00140833  dPhi(Nx/2)(Ny/2)(Nz/2): 3.93074e-05 Phi A: 0.00697698 Phi B: 0.993023 Phi I: 5.82137e-52
Total charge: -8.72122e-21
etaHat: 124879
334  fE: -3.00686  dfE: 3.27975e-08  dW: 0.00139695  dPhi(Nx/2)(Ny/2)(Nz/2): 3.90351e-05 Phi A: 0.00697698 Phi B: 0.993023 Phi I: 5.82137e-52
Total charge: -8.72122e-21
etaHat: 124879
335  fE: -3.00686  dfE: 3.08469e-08  dW: 0.00138569  dPhi(Nx/2)(Ny/2)(Nz/2): 3.87647e-05 Phi A: 0.00697698 Phi B: 0.993023 Phi I: 5.82137e-52
Total charge: -8.72122e-21
etaHat: 124879
336  fE: -3.00686  dfE: 2.75946e-08  dW: 0.00137454  dPhi(Nx/2)(Ny/2)(Nz/2): 3.8496e-05 Phi A: 0.00697698 Phi B: 0.993023 Phi I: 5.82137e-52
Total charge: -8.72122e-21
etaHat: 124879
337  fE: -3.00686  dfE: 2.33348e-08  dW: 0.0013635  dPhi(Nx/2)(Ny/2)(Nz/2): 3.82292e-05 Phi A: 0.00697698 Phi B: 0.993023 Phi I: 5.82137e-52
Total charge: -8.72122e-21
etaHat: 124879
338  fE: -3.00686  dfE: 1.83823e-08  dW: 0.00135258  dPhi(Nx/2)(Ny/2)(Nz/2): 3.79639e-05 Phi A: 0.00697698 Phi B: 0.993023 Phi I: 5.82137e-52
Total charge: -8.72122e-21
etaHat: 124879
339  fE: -3.00686  dfE: 1.3054e-08  dW: 0.00134177  dPhi(Nx/2)(Ny/2)(Nz/2): 3.77002e-05 Phi A: 0.00697698 Phi B: 0.993023 Phi I: 5.82137e-52
Total charge: -8.72122e-21
etaHat: 124879
340  fE: -3.00686  dfE: 7.65321e-09  dW: 0.00133106  dPhi(Nx/2)(Ny/2)(Nz/2): 3.74378e-05 Phi A: 0.00697698 Phi B: 0.993023 Phi I: 5.82137e-52
Saving data . . .
Total charge: -8.72122e-21
etaHat: 124879
341  fE: -3.00686  dfE: 2.45607e-09  dW: 0.00132046  dPhi(Nx/2)(Ny/2)(Nz/2): 3.71767e-05 Phi A: 0.00697698 Phi B: 0.993023 Phi I: 5.82137e-52
Total charge: -8.72122e-21
etaHat: 124879
342  fE: -3.00686  dfE: 2.29976e-09  dW: 0.00130997  dPhi(Nx/2)(Ny/2)(Nz/2): 3.69166e-05 Phi A: 0.00697698 Phi B: 0.993023 Phi I: 5.82137e-52
Total charge: -8.72122e-21
etaHat: 124879
343  fE: -3.00686  dfE: 6.42285e-09  dW: 0.00129958  dPhi(Nx/2)(Ny/2)(Nz/2): 3.66575e-05 Phi A: 0.00697698 Phi B: 0.993023 Phi I: 5.82137e-52
Total charge: -8.72122e-21
etaHat: 124879
344  fE: -3.00686  dfE: 9.77267e-09  dW: 0.00128929  dPhi(Nx/2)(Ny/2)(Nz/2): 3.63991e-05 Phi A: 0.00697698 Phi B: 0.993023 Phi I: 5.82137e-52
Total charge: -8.72122e-21
etaHat: 124879
345  fE: -3.00686  dfE: 1.22619e-08  dW: 0.00127911  dPhi(Nx/2)(Ny/2)(Nz/2): 3.61416e-05 Phi A: 0.00697698 Phi B: 0.993023 Phi I: 5.82137e-52
Total charge: -8.72122e-21
etaHat: 124879
346  fE: -3.00686  dfE: 1.38546e-08  dW: 0.00126902  dPhi(Nx/2)(Ny/2)(Nz/2): 3.58848e-05 Phi A: 0.00697698 Phi B: 0.993023 Phi I: 5.82137e-52
Total charge: -8.72122e-21
etaHat: 124879
347  fE: -3.00686  dfE: 1.45635e-08  dW: 0.00125903  dPhi(Nx/2)(Ny/2)(Nz/2): 3.56288e-05 Phi A: 0.00697698 Phi B: 0.993023 Phi I: 5.82137e-52
Total charge: -8.72122e-21
etaHat: 124879
348  fE: -3.00686  dfE: 1.4444e-08  dW: 0.00124914  dPhi(Nx/2)(Ny/2)(Nz/2): 3.53736e-05 Phi A: 0.00697698 Phi B: 0.993023 Phi I: 5.82137e-52
Total charge: -8.72122e-21
etaHat: 124879
349  fE: -3.00686  dfE: 1.35869e-08  dW: 0.00123934  dPhi(Nx/2)(Ny/2)(Nz/2): 3.51193e-05 Phi A: 0.00697698 Phi B: 0.993023 Phi I: 5.82137e-52
Total charge: -8.72122e-21
etaHat: 124879
350  fE: -3.00686  dfE: 1.21108e-08  dW: 0.00122963  dPhi(Nx/2)(Ny/2)(Nz/2): 3.48661e-05 Phi A: 0.00697698 Phi B: 0.993023 Phi I: 5.82137e-52
Saving data . . .
Total charge: -8.72122e-21
etaHat: 124879
351  fE: -3.00686  dfE: 1.01527e-08  dW: 0.00122003  dPhi(Nx/2)(Ny/2)(Nz/2): 3.46141e-05 Phi A: 0.00697698 Phi B: 0.993023 Phi I: 5.82137e-52
Total charge: -8.72122e-21
etaHat: 124879
352  fE: -3.00686  dfE: 7.85999e-09  dW: 0.00121051  dPhi(Nx/2)(Ny/2)(Nz/2): 3.43634e-05 Phi A: 0.00697698 Phi B: 0.993023 Phi I: 5.82137e-52
Total charge: -8.72122e-21
etaHat: 124879
353  fE: -3.00686  dfE: 5.38137e-09  dW: 0.00120108  dPhi(Nx/2)(Ny/2)(Nz/2): 3.41143e-05 Phi A: 0.00697698 Phi B: 0.993023 Phi I: 5.82137e-52
Total charge: -8.72122e-21
etaHat: 124879
354  fE: -3.00686  dfE: 2.85975e-09  dW: 0.00119174  dPhi(Nx/2)(Ny/2)(Nz/2): 3.3867e-05 Phi A: 0.00697698 Phi B: 0.993023 Phi I: 5.82137e-52
Total charge: -8.72122e-21
etaHat: 124879
355  fE: -3.00686  dfE: 4.25631e-10  dW: 0.0011825  dPhi(Nx/2)(Ny/2)(Nz/2): 3.36216e-05 Phi A: 0.00697698 Phi B: 0.993023 Phi I: 5.82137e-52
Total charge: -8.72122e-21
etaHat: 124879
356  fE: -3.00686  dfE: 1.80827e-09  dW: 0.00117334  dPhi(Nx/2)(Ny/2)(Nz/2): 3.33783e-05 Phi A: 0.00697698 Phi B: 0.993023 Phi I: 5.82137e-52
Total charge: -8.72122e-21
etaHat: 124879
357  fE: -3.00686  dfE: 3.75071e-09  dW: 0.00116426  dPhi(Nx/2)(Ny/2)(Nz/2): 3.31374e-05 Phi A: 0.00697698 Phi B: 0.993023 Phi I: 5.82137e-52
Total charge: -8.72122e-21
etaHat: 124879
358  fE: -3.00686  dfE: 5.33418e-09  dW: 0.00115528  dPhi(Nx/2)(Ny/2)(Nz/2): 3.28989e-05 Phi A: 0.00697698 Phi B: 0.993023 Phi I: 5.82137e-52
Total charge: -8.72122e-21
etaHat: 124879
359  fE: -3.00686  dfE: 6.51608e-09  dW: 0.00114638  dPhi(Nx/2)(Ny/2)(Nz/2): 3.26629e-05 Phi A: 0.00697698 Phi B: 0.993023 Phi I: 5.82137e-52
Total charge: -8.72122e-21
etaHat: 124879
360  fE: -3.00686  dfE: 7.27822e-09  dW: 0.00113756  dPhi(Nx/2)(Ny/2)(Nz/2): 3.24296e-05 Phi A: 0.00697698 Phi B: 0.993023 Phi I: 5.82137e-52
Saving data . . .
Total charge: -8.72122e-21
etaHat: 124879
361  fE: -3.00686  dfE: 7.62501e-09  dW: 0.00112883  dPhi(Nx/2)(Ny/2)(Nz/2): 3.2199e-05 Phi A: 0.00697698 Phi B: 0.993023 Phi I: 5.82137e-52
Total charge: -8.72122e-21
etaHat: 124879
362  fE: -3.00686  dfE: 7.58118e-09  dW: 0.00112018  dPhi(Nx/2)(Ny/2)(Nz/2): 3.19712e-05 Phi A: 0.00697698 Phi B: 0.993023 Phi I: 5.82137e-52
Total charge: -8.72122e-21
etaHat: 124879
363  fE: -3.00686  dfE: 7.1885e-09  dW: 0.00111162  dPhi(Nx/2)(Ny/2)(Nz/2): 3.17461e-05 Phi A: 0.00697698 Phi B: 0.993023 Phi I: 5.82137e-52
Total charge: -8.72122e-21
etaHat: 124879
364  fE: -3.00686  dfE: 6.50181e-09  dW: 0.00110314  dPhi(Nx/2)(Ny/2)(Nz/2): 3.15237e-05 Phi A: 0.00697698 Phi B: 0.993023 Phi I: 5.82137e-52
Total charge: -8.72122e-21
etaHat: 124879
365  fE: -3.00686  dfE: 5.58495e-09  dW: 0.00109474  dPhi(Nx/2)(Ny/2)(Nz/2): 3.13041e-05 Phi A: 0.00697698 Phi B: 0.993023 Phi I: 5.82137e-52
Total charge: -8.72122e-21
etaHat: 124879
366  fE: -3.00686  dfE: 4.50685e-09  dW: 0.00108642  dPhi(Nx/2)(Ny/2)(Nz/2): 3.1087e-05 Phi A: 0.00697698 Phi B: 0.993023 Phi I: 5.82137e-52
Total charge: -8.72122e-21
etaHat: 124879
367  fE: -3.00686  dfE: 3.33719e-09  dW: 0.00107818  dPhi(Nx/2)(Ny/2)(Nz/2): 3.08725e-05 Phi A: 0.00697698 Phi B: 0.993023 Phi I: 5.82137e-52
Total charge: -8.72122e-21
etaHat: 124879
368  fE: -3.00686  dfE: 2.14348e-09  dW: 0.00107001  dPhi(Nx/2)(Ny/2)(Nz/2): 3.06604e-05 Phi A: 0.00697698 Phi B: 0.993023 Phi I: 5.82137e-52
Total charge: -8.72122e-21
etaHat: 124879
369  fE: -3.00686  dfE: 9.87175e-10  dW: 0.00106193  dPhi(Nx/2)(Ny/2)(Nz/2): 3.04505e-05 Phi A: 0.00697698 Phi B: 0.993023 Phi I: 5.82137e-52
Total charge: -8.72122e-21
etaHat: 124879
370  fE: -3.00686  dfE: 7.81579e-11  dW: 0.00105392  dPhi(Nx/2)(Ny/2)(Nz/2): 3.02429e-05 Phi A: 0.00697698 Phi B: 0.993023 Phi I: 5.82137e-52
Saving data . . .
Total charge: -8.72122e-21
etaHat: 124879
371  fE: -3.00686  dfE: 1.00908e-09  dW: 0.00104597  dPhi(Nx/2)(Ny/2)(Nz/2): 3.00373e-05 Phi A: 0.00697698 Phi B: 0.993023 Phi I: 5.82137e-52
Total charge: -8.72122e-21
etaHat: 124879
372  fE: -3.00686  dfE: 1.77318e-09  dW: 0.00103811  dPhi(Nx/2)(Ny/2)(Nz/2): 2.98336e-05 Phi A: 0.00697698 Phi B: 0.993023 Phi I: 5.82137e-52
Total charge: -8.72122e-21
etaHat: 124879
373  fE: -3.00686  dfE: 2.3498e-09  dW: 0.00103031  dPhi(Nx/2)(Ny/2)(Nz/2): 2.96317e-05 Phi A: 0.00697698 Phi B: 0.993023 Phi I: 5.82137e-52
Total charge: -8.72122e-21
etaHat: 124879
374  fE: -3.00686  dfE: 2.72954e-09  dW: 0.00102258  dPhi(Nx/2)(Ny/2)(Nz/2): 2.94315e-05 Phi A: 0.00697698 Phi B: 0.993023 Phi I: 5.82137e-52
Total charge: -8.72122e-21
etaHat: 124879
375  fE: -3.00686  dfE: 2.91395e-09  dW: 0.00101493  dPhi(Nx/2)(Ny/2)(Nz/2): 2.92329e-05 Phi A: 0.00697698 Phi B: 0.993023 Phi I: 5.82137e-52
Total charge: -8.72122e-21
etaHat: 124879
376  fE: -3.00686  dfE: 2.91405e-09  dW: 0.00100734  dPhi(Nx/2)(Ny/2)(Nz/2): 2.90357e-05 Phi A: 0.00697698 Phi B: 0.993023 Phi I: 5.82137e-52
Total charge: -8.72122e-21
etaHat: 124879
377  fE: -3.00686  dfE: 2.74894e-09  dW: 0.000999826  dPhi(Nx/2)(Ny/2)(Nz/2): 2.88399e-05 Phi A: 0.00697698 Phi B: 0.993023 Phi I: 5.82137e-52
Saving data . . .
