Total charge: 124877
etaHat: 124877
0  fE: -9373.69  dfE: 9473.69  dW: 28.6008  dPhi(Nx/2)(Ny/2)(Nz/2): -4.11389 Phi A: 0.607494 Phi B: 4.48374 Phi I: 999.016
Saving data . . .
Total charge: 1.59566
etaHat: 124879
1  fE: -25218.1  dfE: 15844.4  dW: 24.8102  dPhi(Nx/2)(Ny/2)(Nz/2): -1.94648 Phi A: 0.188758 Phi B: 2.74546 Phi I: 0.0127653
Total charge: 1.68472e-18
etaHat: 124879
2  fE: -16.2096  dfE: 25201.9  dW: 22.7486  dPhi(Nx/2)(Ny/2)(Nz/2): -0.967532 Phi A: 0.0852326 Phi B: 1.87459 Phi I: 1.43301e-20
Total charge: -5.83426e-20
etaHat: 124879
3  fE: -11.7239  dfE: 4.48572  dW: 20.5526  dPhi(Nx/2)(Ny/2)(Nz/2): -0.381222 Phi A: 0.0466741 Phi B: 1.32945 Phi I: 5.82381e-52
Total charge: -3.65993e-20
etaHat: 124879
4  fE: -8.50874  dfE: 3.21516  dW: 18.1848  dPhi(Nx/2)(Ny/2)(Nz/2): -0.00853147 Phi A: 0.0292794 Phi B: 0.975748 Phi I: 5.82201e-52
Total charge: -2.54634e-20
etaHat: 124879
5  fE: -6.25926  dfE: 2.24948  dW: 15.7192  dPhi(Nx/2)(Ny/2)(Nz/2): 0.234127 Phi A: 0.0203707 Phi B: 0.743009 Phi I: 5.82042e-52
Total charge: -1.92447e-20
etaHat: 124879
6  fE: -4.70086  dfE: 1.5584  dW: 13.2212  dPhi(Nx/2)(Ny/2)(Nz/2): 0.394421 Phi A: 0.0153958 Phi B: 0.588345 Phi I: 5.81903e-52
Total charge: -1.55817e-20
etaHat: 124879
7  fE: -3.61881  dfE: 1.08205  dW: 10.7404  dPhi(Nx/2)(Ny/2)(Nz/2): 0.501078 Phi A: 0.0124653 Phi B: 0.485053 Phi I: 5.81789e-52
Total charge: -1.33835e-20
etaHat: 124879
8  fE: -2.85986  dfE: 0.758944  dW: 8.31404  dPhi(Nx/2)(Ny/2)(Nz/2): 0.571718 Phi A: 0.0107068 Phi B: 0.416467 Phi I: 5.81697e-52
Total charge: -1.21062e-20
etaHat: 124879
9  fE: -2.3193  dfE: 0.54056  dW: 5.97145  dPhi(Nx/2)(Ny/2)(Nz/2): 0.617205 Phi A: 0.00968496 Phi B: 0.372207 Phi I: 5.81629e-52
Total charge: -1.14655e-20
etaHat: 124879
10  fE: -1.92661  dfE: 0.392693  dW: 3.73674  dPhi(Nx/2)(Ny/2)(Nz/2): 0.6442 Phi A: 0.00917241 Phi B: 0.345869 Phi I: 5.81584e-52
Saving data . . .
Total charge: -1.13123e-20
etaHat: 124879
11  fE: -1.6341  dfE: 0.292507  dW: 1.64646  dPhi(Nx/2)(Ny/2)(Nz/2): 0.656671 Phi A: 0.00904981 Phi B: 0.333627 Phi I: 5.8156e-52
Total charge: -1.15737e-20
etaHat: 124879
12  fE: -1.40893  dfE: 0.22517  dW: 0.752452  dPhi(Nx/2)(Ny/2)(Nz/2): 0.656784 Phi A: 0.00925892 Phi B: 0.333384 Phi I: 5.81557e-52
Total charge: -1.22233e-20
etaHat: 124879
13  fE: -1.22776  dfE: 0.181171  dW: 2.10688  dPhi(Nx/2)(Ny/2)(Nz/2): 0.645439 Phi A: 0.00977865 Phi B: 0.344274 Phi I: 5.81573e-52
Total charge: -1.32639e-20
etaHat: 124879
14  fE: -1.07342  dfE: 0.15434  dW: 3.69352  dPhi(Nx/2)(Ny/2)(Nz/2): 0.622581 Phi A: 0.0106112 Phi B: 0.366358 Phi I: 5.81607e-52
Total charge: -1.47141e-20
etaHat: 124879
15  fE: -0.933068  dfE: 0.140355  dW: 5.05548  dPhi(Nx/2)(Ny/2)(Nz/2): 0.587409 Phi A: 0.0117713 Phi B: 0.400429 Phi I: 5.81657e-52
Total charge: -1.65941e-20
etaHat: 124879
16  fE: -0.797661  dfE: 0.135406  dW: 6.15997  dPhi(Nx/2)(Ny/2)(Nz/2): 0.538562 Phi A: 0.0132752 Phi B: 0.447843 Phi I: 5.8172e-52
Total charge: -1.89058e-20
etaHat: 124879
17  fE: -0.662842  dfE: 0.134819  dW: 6.96983  dPhi(Nx/2)(Ny/2)(Nz/2): 0.474355 Phi A: 0.0151246 Phi B: 0.510295 Phi I: 5.81795e-52
Total charge: -2.16057e-20
etaHat: 124879
18  fE: -0.531294  dfE: 0.131548  dW: 7.44532  dPhi(Nx/2)(Ny/2)(Nz/2): 0.393167 Phi A: 0.0172845 Phi B: 0.589454 Phi I: 5.81877e-52
Total charge: -2.45696e-20
etaHat: 124879
19  fE: -0.416412  dfE: 0.114882  dW: 7.54849  dPhi(Nx/2)(Ny/2)(Nz/2): 0.294069 Phi A: 0.0196557 Phi B: 0.686368 Phi I: 5.81965e-52
Total charge: -2.75612e-20
etaHat: 124879
20  fE: -0.346057  dfE: 0.070355  dW: 7.25095  dPhi(Nx/2)(Ny/2)(Nz/2): 0.177725 Phi A: 0.022049 Phi B: 0.800582 Phi I: 5.82054e-52
Saving data . . .
Total charge: -3.02233e-20
etaHat: 124879
21  fE: -0.363491  dfE: 0.0174346  dW: 6.54488  dPhi(Nx/2)(Ny/2)(Nz/2): 0.0474633 Phi A: 0.0241786 Phi B: 0.929072 Phi I: 5.8214e-52
Total charge: -3.21215e-20
etaHat: 124879
22  fE: -0.521167  dfE: 0.157676  dW: 5.45543  dPhi(Nx/2)(Ny/2)(Nz/2): -0.0898323 Phi A: 0.0256972 Phi B: 1.06531 Phi I: 5.82219e-52
Total charge: -3.28553e-20
etaHat: 124879
23  fE: -0.86423  dfE: 0.343063  dW: 4.39734  dPhi(Nx/2)(Ny/2)(Nz/2): -0.223628 Phi A: 0.0262842 Phi B: 1.19909 Phi I: 5.82288e-52
Total charge: -3.22066e-20
etaHat: 124879
24  fE: -1.40673  dfE: 0.542499  dW: 4.26103  dPhi(Nx/2)(Ny/2)(Nz/2): -0.341034 Phi A: 0.0257653 Phi B: 1.31765 Phi I: 5.82343e-52
Total charge: -3.02473e-20
etaHat: 124879
25  fE: -2.11237  dfE: 0.705638  dW: 3.95562  dPhi(Nx/2)(Ny/2)(Nz/2): -0.429544 Phi A: 0.0241979 Phi B: 1.40838 Phi I: 5.82382e-52
Total charge: -2.73255e-20
etaHat: 124879
26  fE: -2.89469  dfE: 0.782319  dW: 3.49176  dPhi(Nx/2)(Ny/2)(Nz/2): -0.480345 Phi A: 0.0218604 Phi B: 1.46212 Phi I: 5.82403e-52
Total charge: -2.39301e-20
etaHat: 124879
27  fE: -3.64161  dfE: 0.746919  dW: 2.9054  dPhi(Nx/2)(Ny/2)(Nz/2): -0.490674 Phi A: 0.0191441 Phi B: 1.47565 Phi I: 5.82408e-52
Total charge: -2.05209e-20
etaHat: 124879
28  fE: -4.25215  dfE: 0.610548  dW: 3.38147  dPhi(Nx/2)(Ny/2)(Nz/2): -0.464111 Phi A: 0.0164167 Phi B: 1.45216 Phi I: 5.82398e-52
Total charge: -1.74166e-20
etaHat: 124879
29  fE: -4.66512  dfE: 0.412961  dW: 4.18987  dPhi(Nx/2)(Ny/2)(Nz/2): -0.40886 Phi A: 0.0139333 Phi B: 1.39957 Phi I: 5.82376e-52
Total charge: -1.47743e-20
etaHat: 124879
30  fE: -4.86721  dfE: 0.202095  dW: 4.6796  dPhi(Nx/2)(Ny/2)(Nz/2): -0.335097 Phi A: 0.0118195 Phi B: 1.32795 Phi I: 5.82344e-52
Saving data . . .
Total charge: -1.26267e-20
etaHat: 124879
31  fE: -4.88302  dfE: 0.0158133  dW: 4.87712  dPhi(Nx/2)(Ny/2)(Nz/2): -0.252595 Phi A: 0.0101014 Phi B: 1.24708 Phi I: 5.82306e-52
Total charge: -1.09355e-20
etaHat: 124879
32  fE: -4.75718  dfE: 0.125849  dW: 4.82364  dPhi(Nx/2)(Ny/2)(Nz/2): -0.16929 Phi A: 0.00874843 Phi B: 1.16496 Phi I: 5.82265e-52
Total charge: -9.63372e-21
etaHat: 124879
33  fE: -4.53827  dfE: 0.218907  dW: 4.56596  dPhi(Nx/2)(Ny/2)(Nz/2): -0.0908082 Phi A: 0.00770698 Phi B: 1.0873 Phi I: 5.82224e-52
Total charge: -8.65065e-21
etaHat: 124879
34  fE: -4.26888  dfE: 0.269393  dW: 4.15078  dPhi(Nx/2)(Ny/2)(Nz/2): -0.0206427 Phi A: 0.00692052 Phi B: 1.01768 Phi I: 5.82184e-52
Total charge: -7.92367e-21
etaHat: 124879
35  fE: -3.98145  dfE: 0.287421  dW: 3.62164  dPhi(Nx/2)(Ny/2)(Nz/2): 0.0393775 Phi A: 0.00633893 Phi B: 0.957995 Phi I: 5.82147e-52
Total charge: -7.40166e-21
etaHat: 124879
36  fE: -3.6982  dfE: 0.283256  dW: 3.01762  dPhi(Nx/2)(Ny/2)(Nz/2): 0.088572 Phi A: 0.00592133 Phi B: 0.908984 Phi I: 5.82115e-52
Total charge: -7.04463e-21
etaHat: 124879
37  fE: -3.4328  dfE: 0.265396  dW: 2.37317  dPhi(Nx/2)(Ny/2)(Nz/2): 0.126975 Phi A: 0.0056357 Phi B: 0.870648 Phi I: 5.82088e-52
Total charge: -6.8218e-21
etaHat: 124879
38  fE: -3.19276  dfE: 0.240047  dW: 1.71832  dPhi(Nx/2)(Ny/2)(Nz/2): 0.155019 Phi A: 0.00545744 Phi B: 0.84258 Phi I: 5.82068e-52
Total charge: -6.70941e-21
etaHat: 124879
39  fE: -2.98145  dfE: 0.211302  dW: 1.07908  dPhi(Nx/2)(Ny/2)(Nz/2): 0.173331 Phi A: 0.00536753 Phi B: 0.824172 Phi I: 5.82054e-52
Total charge: -6.68857e-21
etaHat: 124879
40  fE: -2.79987  dfE: 0.181585  dW: 0.500388  dPhi(Nx/2)(Ny/2)(Nz/2): 0.182616 Phi A: 0.00535085 Phi B: 0.814731 Phi I: 5.82046e-52
Saving data . . .
Total charge: -6.7434e-21
etaHat: 124879
41  fE: -2.64776  dfE: 0.152105  dW: 0.2731  dPhi(Nx/2)(Ny/2)(Nz/2): 0.183608 Phi A: 0.00539472 Phi B: 0.813532 Phi I: 5.82043e-52
Total charge: -6.85955e-21
etaHat: 124879
42  fE: -2.5245  dfE: 0.123262  dW: 0.537611  dPhi(Nx/2)(Ny/2)(Nz/2): 0.177063 Phi A: 0.00548764 Phi B: 0.819824 Phi I: 5.82047e-52
Total charge: -7.02293e-21
etaHat: 124879
43  fE: -2.42954  dfE: 0.0949571  dW: 0.923284  dPhi(Nx/2)(Ny/2)(Nz/2): 0.163783 Phi A: 0.00561834 Phi B: 0.832811 Phi I: 5.82055e-52
Total charge: -7.21882e-21
etaHat: 124879
44  fE: -2.36269  dfE: 0.06685  dW: 1.21433  dPhi(Nx/2)(Ny/2)(Nz/2): 0.14465 Phi A: 0.00577505 Phi B: 0.851619 Phi I: 5.82067e-52
Total charge: -7.43143e-21
etaHat: 124879
45  fE: -2.32411  dfE: 0.0385831  dW: 1.40534  dPhi(Nx/2)(Ny/2)(Nz/2): 0.120667 Phi A: 0.00594514 Phi B: 0.875249 Phi I: 5.82082e-52
Total charge: -7.6439e-21
etaHat: 124879
46  fE: -2.31413  dfE: 0.00998281  dW: 1.49507  dPhi(Nx/2)(Ny/2)(Nz/2): 0.0929902 Phi A: 0.00611512 Phi B: 0.902556 Phi I: 5.82099e-52
Total charge: -7.83893e-21
etaHat: 124879
47  fE: -2.33289  dfE: 0.0187608  dW: 1.48671  dPhi(Nx/2)(Ny/2)(Nz/2): 0.0629386 Phi A: 0.00627115 Phi B: 0.93223 Phi I: 5.82117e-52
Total charge: -7.9999e-21
etaHat: 124879
48  fE: -2.37985  dfE: 0.0469632  dW: 1.38797  dPhi(Nx/2)(Ny/2)(Nz/2): 0.0319743 Phi A: 0.00639992 Phi B: 0.96282 Phi I: 5.82135e-52
Total charge: -8.11235e-21
etaHat: 124879
49  fE: -2.45326  dfE: 0.0734083  dW: 1.2109  dPhi(Nx/2)(Ny/2)(Nz/2): 0.00164558 Phi A: 0.00648988 Phi B: 0.992791 Phi I: 5.82152e-52
Total charge: -8.16566e-21
etaHat: 124879
50  fE: -2.5497  dfE: 0.0964444  dW: 0.995899  dPhi(Nx/2)(Ny/2)(Nz/2): -0.0265064 Phi A: 0.00653252 Phi B: 1.02061 Phi I: 5.82167e-52
Saving data . . .
Total charge: -8.15425e-21
etaHat: 124879
51  fE: -2.66393  dfE: 0.11423  dW: 0.959135  dPhi(Nx/2)(Ny/2)(Nz/2): -0.0510661 Phi A: 0.0065234 Phi B: 1.04488 Phi I: 5.8218e-52
Total charge: -8.07831e-21
etaHat: 124879
52  fE: -2.78903  dfE: 0.125093  dW: 0.911506  dPhi(Nx/2)(Ny/2)(Nz/2): -0.0708692 Phi A: 0.00646264 Phi B: 1.06443 Phi I: 5.8219e-52
Total charge: -7.94348e-21
etaHat: 124879
53  fE: -2.91694  dfE: 0.127916  dW: 0.83417  dPhi(Nx/2)(Ny/2)(Nz/2): -0.0851108 Phi A: 0.00635478 Phi B: 1.07848 Phi I: 5.82198e-52
Total charge: -7.75987e-21
etaHat: 124879
54  fE: -3.03937  dfE: 0.12243  dW: 0.732915  dPhi(Nx/2)(Ny/2)(Nz/2): -0.0934129 Phi A: 0.0062079 Phi B: 1.08663 Phi I: 5.82201e-52
Total charge: -7.54044e-21
etaHat: 124879
55  fE: -3.1487  dfE: 0.109327  dW: 0.621028  dPhi(Nx/2)(Ny/2)(Nz/2): -0.0958398 Phi A: 0.00603235 Phi B: 1.08896 Phi I: 5.82202e-52
Total charge: -7.2992e-21
etaHat: 124879
56  fE: -3.23885  dfE: 0.0901513  dW: 0.721008  dPhi(Nx/2)(Ny/2)(Nz/2): -0.0928577 Phi A: 0.00583936 Phi B: 1.08592 Phi I: 5.822e-52
Total charge: -7.04968e-21
etaHat: 124879
57  fE: -3.30586  dfE: 0.0670085  dW: 0.895403  dPhi(Nx/2)(Ny/2)(Nz/2): -0.0852506 Phi A: 0.00563974 Phi B: 1.07829 Phi I: 5.82195e-52
Total charge: -6.8037e-21
etaHat: 124879
58  fE: -3.34805  dfE: 0.0421949  dW: 1.01558  dPhi(Nx/2)(Ny/2)(Nz/2): -0.0740127 Phi A: 0.00544296 Phi B: 1.06706 Phi I: 5.82189e-52
Total charge: -6.57082e-21
etaHat: 124879
59  fE: -3.3659  dfE: 0.017846  dW: 1.08091  dPhi(Nx/2)(Ny/2)(Nz/2): -0.0602347 Phi A: 0.00525665 Phi B: 1.05332 Phi I: 5.82181e-52
Total charge: -6.35806e-21
etaHat: 124879
60  fE: -3.36158  dfE: 0.0043158  dW: 1.09406  dPhi(Nx/2)(Ny/2)(Nz/2): -0.0450041 Phi A: 0.00508645 Phi B: 1.03814 Phi I: 5.82172e-52
Saving data . . .
Total charge: -6.1701e-21
etaHat: 124879
61  fE: -3.33848  dfE: 0.0231038  dW: 1.06011  dPhi(Nx/2)(Ny/2)(Nz/2): -0.0293277 Phi A: 0.00493608 Phi B: 1.02253 Phi I: 5.82162e-52
Total charge: -6.00958e-21
etaHat: 124879
62  fE: -3.30061  dfE: 0.0378716  dW: 0.985899  dPhi(Nx/2)(Ny/2)(Nz/2): -0.0140801 Phi A: 0.00480767 Phi B: 1.00736 Phi I: 5.82153e-52
Total charge: -5.87747e-21
etaHat: 124879
63  fE: -3.25217  dfE: 0.0484361  dW: 0.879377  dPhi(Nx/2)(Ny/2)(Nz/2): 2.35324e-05 Phi A: 0.00470198 Phi B: 0.993324 Phi I: 5.82144e-52
Total charge: -5.77345e-21
etaHat: 124879
64  fE: -3.19721  dfE: 0.0549595  dW: 0.749028  dPhi(Nx/2)(Ny/2)(Nz/2): 0.0124354 Phi A: 0.00461876 Phi B: 0.980983 Phi I: 5.82137e-52
Total charge: -5.69624e-21
etaHat: 124879
65  fE: -3.13939  dfE: 0.0578278  dW: 0.603409  dPhi(Nx/2)(Ny/2)(Nz/2): 0.0227701 Phi A: 0.00455699 Phi B: 0.970717 Phi I: 5.8213e-52
Total charge: -5.64385e-21
etaHat: 124879
66  fE: -3.08184  dfE: 0.0575441  dW: 0.450775  dPhi(Nx/2)(Ny/2)(Nz/2): 0.0307917 Phi A: 0.00451508 Phi B: 0.96276 Phi I: 5.82125e-52
Total charge: -5.61374e-21
etaHat: 124879
67  fE: -3.02719  dfE: 0.0546512  dW: 0.298771  dPhi(Nx/2)(Ny/2)(Nz/2): 0.036397 Phi A: 0.00449099 Phi B: 0.957215 Phi I: 5.82121e-52
Total charge: -5.60297e-21
etaHat: 124879
68  fE: -2.97751  dfE: 0.0496803  dW: 0.15567  dPhi(Nx/2)(Ny/2)(Nz/2): 0.039598 Phi A: 0.00448238 Phi B: 0.954071 Phi I: 5.82119e-52
Total charge: -5.60834e-21
etaHat: 124879
69  fE: -2.93438  dfE: 0.0431257  dW: 0.0706998  dPhi(Nx/2)(Ny/2)(Nz/2): 0.0405058 Phi A: 0.00448667 Phi B: 0.953219 Phi I: 5.82118e-52
Total charge: -5.62641e-21
etaHat: 124879
70  fE: -2.89895  dfE: 0.0354362  dW: 0.0956333  dPhi(Nx/2)(Ny/2)(Nz/2): 0.0393143 Phi A: 0.00450112 Phi B: 0.954466 Phi I: 5.82118e-52
Saving data . . .
Total charge: -5.65362e-21
etaHat: 124879
71  fE: -2.87193  dfE: 0.0270193  dW: 0.182846  dPhi(Nx/2)(Ny/2)(Nz/2): 0.036286 Phi A: 0.0045229 Phi B: 0.957552 Phi I: 5.8212e-52
Total charge: -5.68642e-21
etaHat: 124879
72  fE: -2.85368  dfE: 0.0182494  dW: 0.251644  dPhi(Nx/2)(Ny/2)(Nz/2): 0.0317372 Phi A: 0.00454914 Phi B: 0.962162 Phi I: 5.82122e-52
Total charge: -5.72134e-21
etaHat: 124879
73  fE: -2.8442  dfE: 0.00947762  dW: 0.296169  dPhi(Nx/2)(Ny/2)(Nz/2): 0.0260239 Phi A: 0.00457707 Phi B: 0.967944 Phi I: 5.82125e-52
Total charge: -5.75511e-21
etaHat: 124879
74  fE: -2.84316  dfE: 0.00103754  dW: 0.316758  dPhi(Nx/2)(Ny/2)(Nz/2): 0.0195256 Phi A: 0.00460409 Phi B: 0.97452 Phi I: 5.82129e-52
Total charge: -5.78486e-21
etaHat: 124879
75  fE: -2.84992  dfE: 0.00675482  dW: 0.314867  dPhi(Nx/2)(Ny/2)(Nz/2): 0.0126291 Phi A: 0.00462789 Phi B: 0.981504 Phi I: 5.82133e-52
Total charge: -5.80815e-21
etaHat: 124879
76  fE: -2.86353  dfE: 0.0136077  dW: 0.292926  dPhi(Nx/2)(Ny/2)(Nz/2): 0.00571159 Phi A: 0.00464652 Phi B: 0.988519 Phi I: 5.82137e-52
Total charge: -5.82316e-21
etaHat: 124879
77  fE: -2.88279  dfE: 0.0192662  dW: 0.25522  dPhi(Nx/2)(Ny/2)(Nz/2): -0.000877217 Phi A: 0.00465853 Phi B: 0.995218 Phi I: 5.8214e-52
Total charge: -5.82869e-21
etaHat: 124879
78  fE: -2.90632  dfE: 0.0235294  dW: 0.224994  dPhi(Nx/2)(Ny/2)(Nz/2): -0.00683057 Phi A: 0.00466295 Phi B: 1.00129 Phi I: 5.82144e-52
Total charge: -5.82424e-21
etaHat: 124879
79  fE: -2.93259  dfE: 0.0262672  dW: 0.217184  dPhi(Nx/2)(Ny/2)(Nz/2): -0.0118987 Phi A: 0.00465939 Phi B: 1.00649 Phi I: 5.82147e-52
Total charge: -5.80998e-21
etaHat: 124879
80  fE: -2.96002  dfE: 0.0274338  dW: 0.206116  dPhi(Nx/2)(Ny/2)(Nz/2): -0.0158988 Phi A: 0.00464799 Phi B: 1.01063 Phi I: 5.82149e-52
Saving data . . .
Total charge: -5.78666e-21
etaHat: 124879
81  fE: -2.9871  dfE: 0.0270749  dW: 0.188796  dPhi(Nx/2)(Ny/2)(Nz/2): -0.0187209 Phi A: 0.00462933 Phi B: 1.01359 Phi I: 5.8215e-52
Total charge: -5.7555e-21
etaHat: 124879
82  fE: -3.01242  dfE: 0.0253257  dW: 0.166798  dPhi(Nx/2)(Ny/2)(Nz/2): -0.0203286 Phi A: 0.0046044 Phi B: 1.01534 Phi I: 5.82151e-52
Total charge: -5.71811e-21
etaHat: 124879
83  fE: -3.03482  dfE: 0.0223989  dW: 0.149414  dPhi(Nx/2)(Ny/2)(Nz/2): -0.0207546 Phi A: 0.00457448 Phi B: 1.01591 Phi I: 5.82151e-52
Total charge: -5.67626e-21
etaHat: 124879
84  fE: -3.05339  dfE: 0.0185655  dW: 0.164935  dPhi(Nx/2)(Ny/2)(Nz/2): -0.0200925 Phi A: 0.00454101 Phi B: 1.01539 Phi I: 5.82151e-52
Total charge: -5.63185e-21
etaHat: 124879
85  fE: -3.06752  dfE: 0.0141303  dW: 0.200178  dPhi(Nx/2)(Ny/2)(Nz/2): -0.0184855 Phi A: 0.00450548 Phi B: 1.01392 Phi I: 5.8215e-52
Total charge: -5.58669e-21
etaHat: 124879
86  fE: -3.07692  dfE: 0.00940575  dW: 0.227794  dPhi(Nx/2)(Ny/2)(Nz/2): -0.016112 Phi A: 0.00446935 Phi B: 1.01168 Phi I: 5.82148e-52
Total charge: -5.54246e-21
etaHat: 124879
87  fE: -3.08161  dfE: 0.00468792  dW: 0.243846  dPhi(Nx/2)(Ny/2)(Nz/2): -0.0131722 Phi A: 0.00443397 Phi B: 1.00885 Phi I: 5.82146e-52
Total charge: -5.50062e-21
etaHat: 124879
88  fE: -3.08185  dfE: 0.000237155  dW: 0.248559  dPhi(Nx/2)(Ny/2)(Nz/2): -0.00987378 Phi A: 0.00440049 Phi B: 1.00566 Phi I: 5.82144e-52
Total charge: -5.46234e-21
etaHat: 124879
89  fE: -3.07811  dfE: 0.00373524  dW: 0.242771  dPhi(Nx/2)(Ny/2)(Nz/2): -0.00642003 Phi A: 0.00436987 Phi B: 1.0023 Phi I: 5.82142e-52
Total charge: -5.42852e-21
etaHat: 124879
90  fE: -3.07104  dfE: 0.00707385  dW: 0.227762  dPhi(Nx/2)(Ny/2)(Nz/2): -0.00299924 Phi A: 0.00434282 Phi B: 0.998962 Phi I: 5.8214e-52
Saving data . . .
Total charge: -5.39976e-21
etaHat: 124879
91  fE: -3.06136  dfE: 0.00968009  dW: 0.205137  dPhi(Nx/2)(Ny/2)(Nz/2): 0.000223059 Phi A: 0.00431981 Phi B: 0.995807 Phi I: 5.82138e-52
Total charge: -5.37637e-21
etaHat: 124879
92  fE: -3.04985  dfE: 0.0115088  dW: 0.17671  dPhi(Nx/2)(Ny/2)(Nz/2): 0.00310965 Phi A: 0.0043011 Phi B: 0.992975 Phi I: 5.82137e-52
Total charge: -5.35839e-21
etaHat: 124879
93  fE: -3.03729  dfE: 0.0125617  dW: 0.144391  dPhi(Nx/2)(Ny/2)(Nz/2): 0.00555494 Phi A: 0.00428671 Phi B: 0.990571 Phi I: 5.82135e-52
Total charge: -5.34563e-21
etaHat: 124879
94  fE: -3.02441  dfE: 0.0128791  dW: 0.110084  dPhi(Nx/2)(Ny/2)(Nz/2): 0.00748622 Phi A: 0.0042765 Phi B: 0.988668 Phi I: 5.82134e-52
Total charge: -5.33771e-21
etaHat: 124879
95  fE: -3.01188  dfE: 0.0125315  dW: 0.0756448  dPhi(Nx/2)(Ny/2)(Nz/2): 0.00886324 Phi A: 0.00427016 Phi B: 0.987309 Phi I: 5.82133e-52
Total charge: -5.33407e-21
etaHat: 124879
96  fE: -3.00027  dfE: 0.0116115  dW: 0.0445752  dPhi(Nx/2)(Ny/2)(Nz/2): 0.00967642 Phi A: 0.00426725 Phi B: 0.986503 Phi I: 5.82132e-52
Total charge: -5.33404e-21
etaHat: 124879
97  fE: -2.99004  dfE: 0.0102259  dW: 0.0259202  dPhi(Nx/2)(Ny/2)(Nz/2): 0.00994393 Phi A: 0.00426723 Phi B: 0.986233 Phi I: 5.82132e-52
Total charge: -5.33687e-21
etaHat: 124879
98  fE: -2.98155  dfE: 0.00848993  dW: 0.025632  dPhi(Nx/2)(Ny/2)(Nz/2): 0.00970796 Phi A: 0.0042695 Phi B: 0.986459 Phi I: 5.82132e-52
Total charge: -5.34177e-21
etaHat: 124879
99  fE: -2.97503  dfE: 0.0065211  dW: 0.0377862  dPhi(Nx/2)(Ny/2)(Nz/2): 0.00903032 Phi A: 0.00427342 Phi B: 0.987119 Phi I: 5.82132e-52
Total charge: -5.34793e-21
etaHat: 124879
100  fE: -2.9706  dfE: 0.00443501  dW: 0.0518182  dPhi(Nx/2)(Ny/2)(Nz/2): 0.00798777 Phi A: 0.00427835 Phi B: 0.988138 Phi I: 5.82133e-52
Saving data . . .
Total charge: -5.35459e-21
etaHat: 124879
101  fE: -2.96825  dfE: 0.00234102  dW: 0.0621117  dPhi(Nx/2)(Ny/2)(Nz/2): 0.00666697 Phi A: 0.00428367 Phi B: 0.989431 Phi I: 5.82133e-52
Total charge: -5.36105e-21
etaHat: 124879
102  fE: -2.96792  dfE: 0.000338753  dW: 0.0673185  dPhi(Nx/2)(Ny/2)(Nz/2): 0.00515961 Phi A: 0.00428884 Phi B: 0.990907 Phi I: 5.82134e-52
Total charge: -5.3667e-21
etaHat: 124879
103  fE: -2.9694  dfE: 0.00148507  dW: 0.0676968  dPhi(Nx/2)(Ny/2)(Nz/2): 0.00355755 Phi A: 0.00429336 Phi B: 0.992475 Phi I: 5.82135e-52
Total charge: -5.37105e-21
etaHat: 124879
104  fE: -2.97246  dfE: 0.00305926  dW: 0.0642769  dPhi(Nx/2)(Ny/2)(Nz/2): 0.00194845 Phi A: 0.00429684 Phi B: 0.994049 Phi I: 5.82136e-52
Total charge: -5.37372e-21
etaHat: 124879
105  fE: -2.97679  dfE: 0.00433023  dW: 0.0589923  dPhi(Nx/2)(Ny/2)(Nz/2): 0.000411868 Phi A: 0.00429897 Phi B: 0.995549 Phi I: 5.82137e-52
Total charge: -5.37448e-21
etaHat: 124879
106  fE: -2.98205  dfE: 0.00526334  dW: 0.0540486  dPhi(Nx/2)(Ny/2)(Nz/2): -0.000983937 Phi A: 0.00429958 Phi B: 0.996909 Phi I: 5.82137e-52
Total charge: -5.37324e-21
etaHat: 124879
107  fE: -2.9879  dfE: 0.00584339  dW: 0.0504713  dPhi(Nx/2)(Ny/2)(Nz/2): -0.00218437 Phi A: 0.00429859 Phi B: 0.998075 Phi I: 5.82138e-52
Total charge: -5.37001e-21
etaHat: 124879
108  fE: -2.99397  dfE: 0.00607414  dW: 0.0475281  dPhi(Nx/2)(Ny/2)(Nz/2): -0.00314998 Phi A: 0.00429601 Phi B: 0.999006 Phi I: 5.82139e-52
Total charge: -5.36494e-21
etaHat: 124879
109  fE: -2.99995  dfE: 0.0059768  dW: 0.0444205  dPhi(Nx/2)(Ny/2)(Nz/2): -0.00385706 Phi A: 0.00429195 Phi B: 0.999681 Phi I: 5.82139e-52
Total charge: -5.35824e-21
etaHat: 124879
110  fE: -3.00554  dfE: 0.00558765  dW: 0.0419622  dPhi(Nx/2)(Ny/2)(Nz/2): -0.00429732 Phi A: 0.0042866 Phi B: 1.00009 Phi I: 5.82139e-52
Saving data . . .
Total charge: -5.35023e-21
etaHat: 124879
111  fE: -3.01049  dfE: 0.00495491  dW: 0.0417053  dPhi(Nx/2)(Ny/2)(Nz/2): -0.00447683 Phi A: 0.00428018 Phi B: 1.00024 Phi I: 5.82139e-52
Total charge: -5.34124e-21
etaHat: 124879
112  fE: -3.01463  dfE: 0.00413504  dW: 0.0441335  dPhi(Nx/2)(Ny/2)(Nz/2): -0.00441421 Phi A: 0.00427299 Phi B: 1.00015 Phi I: 5.82139e-52
Total charge: -5.33164e-21
etaHat: 124879
113  fE: -3.01781  dfE: 0.00318888  dW: 0.0483968  dPhi(Nx/2)(Ny/2)(Nz/2): -0.00413845 Phi A: 0.00426531 Phi B: 0.999855 Phi I: 5.82139e-52
Total charge: -5.3218e-21
etaHat: 124879
114  fE: -3.01999  dfE: 0.00217782  dW: 0.0527501  dPhi(Nx/2)(Ny/2)(Nz/2): -0.00368629 Phi A: 0.00425744 Phi B: 0.999381 Phi I: 5.82138e-52
Total charge: -5.31207e-21
etaHat: 124879
115  fE: -3.02115  dfE: 0.00116036  dW: 0.0558083  dPhi(Nx/2)(Ny/2)(Nz/2): -0.00309953 Phi A: 0.00424966 Phi B: 0.998775 Phi I: 5.82138e-52
Total charge: -5.30277e-21
etaHat: 124879
116  fE: -3.02134  dfE: 0.000189169  dW: 0.0568452  dPhi(Nx/2)(Ny/2)(Nz/2): -0.00242236 Phi A: 0.00424222 Phi B: 0.998081 Phi I: 5.82138e-52
Total charge: -5.29416e-21
etaHat: 124879
117  fE: -3.02065  dfE: 0.000691163  dW: 0.0557051  dPhi(Nx/2)(Ny/2)(Nz/2): -0.00169883 Phi A: 0.00423533 Phi B: 0.997342 Phi I: 5.82137e-52
Total charge: -5.28646e-21
etaHat: 124879
118  fE: -3.01921  dfE: 0.00144559  dW: 0.0525445  dPhi(Nx/2)(Ny/2)(Nz/2): -0.00097062 Phi A: 0.00422917 Phi B: 0.996601 Phi I: 5.82137e-52
Total charge: -5.27982e-21
etaHat: 124879
119  fE: -3.01716  dfE: 0.00204937  dW: 0.0476849  dPhi(Nx/2)(Ny/2)(Nz/2): -0.000275234 Phi A: 0.00422385 Phi B: 0.995894 Phi I: 5.82136e-52
Total charge: -5.27432e-21
etaHat: 124879
120  fE: -3.01467  dfE: 0.00248814  dW: 0.0415444  dPhi(Nx/2)(Ny/2)(Nz/2): 0.000355471 Phi A: 0.00421946 Phi B: 0.995253 Phi I: 5.82136e-52
Saving data . . .
Total charge: -5.27001e-21
etaHat: 124879
121  fE: -3.01191  dfE: 0.00275744  dW: 0.0346621  dPhi(Nx/2)(Ny/2)(Nz/2): 0.000896253 Phi A: 0.00421601 Phi B: 0.994704 Phi I: 5.82135e-52
Total charge: -5.26685e-21
etaHat: 124879
122  fE: -3.00905  dfE: 0.00286174  dW: 0.0277731  dPhi(Nx/2)(Ny/2)(Nz/2): 0.00132903 Phi A: 0.00421348 Phi B: 0.994264 Phi I: 5.82135e-52
Total charge: -5.26477e-21
etaHat: 124879
123  fE: -3.00624  dfE: 0.00281318  dW: 0.0217993  dPhi(Nx/2)(Ny/2)(Nz/2): 0.00164303 Phi A: 0.00421182 Phi B: 0.993945 Phi I: 5.82135e-52
Total charge: -5.26366e-21
etaHat: 124879
124  fE: -3.00361  dfE: 0.00263011  dW: 0.0175573  dPhi(Nx/2)(Ny/2)(Nz/2): 0.00183454 Phi A: 0.00421093 Phi B: 0.993749 Phi I: 5.82135e-52
Total charge: -5.26338e-21
etaHat: 124879
125  fE: -3.00127  dfE: 0.0023355  dW: 0.0152749  dPhi(Nx/2)(Ny/2)(Nz/2): 0.00190636 Phi A: 0.0042107 Phi B: 0.993675 Phi I: 5.82135e-52
Total charge: -5.26375e-21
etaHat: 124879
126  fE: -2.99931  dfE: 0.0019553  dW: 0.0146893  dPhi(Nx/2)(Ny/2)(Nz/2): 0.00186698 Phi A: 0.004211 Phi B: 0.993713 Phi I: 5.82135e-52
Total charge: -5.26461e-21
etaHat: 124879
127  fE: -2.9978  dfE: 0.00151696  dW: 0.0152346  dPhi(Nx/2)(Ny/2)(Nz/2): 0.0017296 Phi A: 0.00421169 Phi B: 0.99385 Phi I: 5.82135e-52
Total charge: -5.26577e-21
etaHat: 124879
128  fE: -2.99675  dfE: 0.00104792  dW: 0.0162886  dPhi(Nx/2)(Ny/2)(Nz/2): 0.00151101 Phi A: 0.00421262 Phi B: 0.99407 Phi I: 5.82135e-52
Total charge: -5.26706e-21
etaHat: 124879
129  fE: -2.99618  dfE: 0.000574345  dW: 0.0173264  dPhi(Nx/2)(Ny/2)(Nz/2): 0.00123035 Phi A: 0.00421365 Phi B: 0.994353 Phi I: 5.82135e-52
Total charge: -5.26834e-21
etaHat: 124879
130  fE: -2.99606  dfE: 0.000120028  dW: 0.0179956  dPhi(Nx/2)(Ny/2)(Nz/2): 0.000907995 Phi A: 0.00421467 Phi B: 0.994679 Phi I: 5.82135e-52
Saving data . . .
Total charge: -5.26945e-21
etaHat: 124879
131  fE: -2.99635  dfE: 0.000294538  dW: 0.0181601  dPhi(Nx/2)(Ny/2)(Nz/2): 0.000564359 Phi A: 0.00421556 Phi B: 0.995028 Phi I: 5.82135e-52
Total charge: -5.27029e-21
etaHat: 124879
132  fE: -2.997  dfE: 0.000652806  dW: 0.0178485  dPhi(Nx/2)(Ny/2)(Nz/2): 0.000218918 Phi A: 0.00421624 Phi B: 0.995379 Phi I: 5.82135e-52
Total charge: -5.27079e-21
etaHat: 124879
133  fE: -2.99795  dfE: 0.000942615  dW: 0.0172011  dPhi(Nx/2)(Ny/2)(Nz/2): -0.000110688 Phi A: 0.00421663 Phi B: 0.995715 Phi I: 5.82136e-52
Total charge: -5.27087e-21
etaHat: 124879
134  fE: -2.9991  dfE: 0.00115637  dW: 0.0164055  dPhi(Nx/2)(Ny/2)(Nz/2): -0.000409355 Phi A: 0.0042167 Phi B: 0.996021 Phi I: 5.82136e-52
Total charge: -5.27053e-21
etaHat: 124879
135  fE: -3.00039  dfE: 0.00129097  dW: 0.0156539  dPhi(Nx/2)(Ny/2)(Nz/2): -0.000665021 Phi A: 0.00421642 Phi B: 0.996285 Phi I: 5.82136e-52
Total charge: -5.26976e-21
etaHat: 124879
136  fE: -3.00174  dfE: 0.00134761  dW: 0.0150906  dPhi(Nx/2)(Ny/2)(Nz/2): -0.000868973 Phi A: 0.00421581 Phi B: 0.996498 Phi I: 5.82136e-52
Total charge: -5.26859e-21
etaHat: 124879
137  fE: -3.00307  dfE: 0.00133121  dW: 0.0148049  dPhi(Nx/2)(Ny/2)(Nz/2): -0.00101595 Phi A: 0.00421487 Phi B: 0.996654 Phi I: 5.82136e-52
Total charge: -5.26706e-21
etaHat: 124879
138  fE: -3.00432  dfE: 0.00124992  dW: 0.0148012  dPhi(Nx/2)(Ny/2)(Nz/2): -0.00110408 Phi A: 0.00421365 Phi B: 0.996751 Phi I: 5.82136e-52
Total charge: -5.26524e-21
etaHat: 124879
139  fE: -3.00544  dfE: 0.00111432  dW: 0.0150162  dPhi(Nx/2)(Ny/2)(Nz/2): -0.0011346 Phi A: 0.00421219 Phi B: 0.996791 Phi I: 5.82136e-52
Total charge: -5.2632e-21
etaHat: 124879
140  fE: -3.00637  dfE: 0.000936705  dW: 0.0153661  dPhi(Nx/2)(Ny/2)(Nz/2): -0.00111155 Phi A: 0.00421056 Phi B: 0.996777 Phi I: 5.82136e-52
Saving data . . .
Total charge: -5.26102e-21
etaHat: 124879
141  fE: -3.0071  dfE: 0.000730226  dW: 0.0157375  dPhi(Nx/2)(Ny/2)(Nz/2): -0.00104119 Phi A: 0.00420882 Phi B: 0.996716 Phi I: 5.82136e-52
Total charge: -5.25878e-21
etaHat: 124879
142  fE: -3.00761  dfE: 0.000508178  dW: 0.0160162  dPhi(Nx/2)(Ny/2)(Nz/2): -0.000931575 Phi A: 0.00420703 Phi B: 0.996615 Phi I: 5.82136e-52
Total charge: -5.25656e-21
etaHat: 124879
143  fE: -3.00789  dfE: 0.000283286  dW: 0.0161072  dPhi(Nx/2)(Ny/2)(Nz/2): -0.000791868 Phi A: 0.00420525 Phi B: 0.996484 Phi I: 5.82136e-52
Total charge: -5.25442e-21
etaHat: 124879
144  fE: -3.00796  dfE: 6.71178e-05  dW: 0.0159518  dPhi(Nx/2)(Ny/2)(Nz/2): -0.000631827 Phi A: 0.00420354 Phi B: 0.996332 Phi I: 5.82136e-52
Total charge: -5.25244e-21
etaHat: 124879
145  fE: -3.00783  dfE: 0.000130388  dW: 0.0155301  dPhi(Nx/2)(Ny/2)(Nz/2): -0.000461239 Phi A: 0.00420195 Phi B: 0.996168 Phi I: 5.82136e-52
Total charge: -5.25064e-21
etaHat: 124879
146  fE: -3.00753  dfE: 0.000301256  dW: 0.0148644  dPhi(Nx/2)(Ny/2)(Nz/2): -0.000289421 Phi A: 0.00420051 Phi B: 0.996003 Phi I: 5.82136e-52
Total charge: -5.24908e-21
etaHat: 124879
147  fE: -3.00709  dfE: 0.000439671  dW: 0.0140178  dPhi(Nx/2)(Ny/2)(Nz/2): -0.000124813 Phi A: 0.00419927 Phi B: 0.995845 Phi I: 5.82136e-52
Total charge: -5.24778e-21
etaHat: 124879
148  fE: -3.00655  dfE: 0.000542045  dW: 0.013079  dPhi(Nx/2)(Ny/2)(Nz/2): 2.53622e-05 Phi A: 0.00419822 Phi B: 0.995701 Phi I: 5.82135e-52
Total charge: -5.24673e-21
etaHat: 124879
149  fE: -3.00594  dfE: 0.000606962  dW: 0.0121526  dPhi(Nx/2)(Ny/2)(Nz/2): 0.000155331 Phi A: 0.00419739 Phi B: 0.995576 Phi I: 5.82135e-52
Total charge: -5.24595e-21
etaHat: 124879
150  fE: -3.00531  dfE: 0.00063502  dW: 0.0113202  dPhi(Nx/2)(Ny/2)(Nz/2): 0.00026091 Phi A: 0.00419676 Phi B: 0.995475 Phi I: 5.82135e-52
Saving data . . .
Total charge: -5.24541e-21
etaHat: 124879
151  fE: -3.00468  dfE: 0.000628591  dW: 0.010636  dPhi(Nx/2)(Ny/2)(Nz/2): 0.000339551 Phi A: 0.00419633 Phi B: 0.995401 Phi I: 5.82135e-52
Total charge: -5.24509e-21
etaHat: 124879
152  fE: -3.00409  dfE: 0.000591517  dW: 0.0101327  dPhi(Nx/2)(Ny/2)(Nz/2): 0.000390307 Phi A: 0.00419607 Phi B: 0.995354 Phi I: 5.82135e-52
Total charge: -5.24496e-21
etaHat: 124879
153  fE: -3.00356  dfE: 0.000528765  dW: 0.00979754  dPhi(Nx/2)(Ny/2)(Nz/2): 0.00041371 Phi A: 0.00419597 Phi B: 0.995335 Phi I: 5.82135e-52
Total charge: -5.24498e-21
etaHat: 124879
154  fE: -3.00311  dfE: 0.000446068  dW: 0.0095996  dPhi(Nx/2)(Ny/2)(Nz/2): 0.000411602 Phi A: 0.00419598 Phi B: 0.99534 Phi I: 5.82135e-52
Total charge: -5.24512e-21
etaHat: 124879
155  fE: -3.00276  dfE: 0.000349565  dW: 0.00950004  dPhi(Nx/2)(Ny/2)(Nz/2): 0.00038691 Phi A: 0.00419609 Phi B: 0.995369 Phi I: 5.82135e-52
Total charge: -5.24533e-21
etaHat: 124879
156  fE: -3.00252  dfE: 0.000245453  dW: 0.00944972  dPhi(Nx/2)(Ny/2)(Nz/2): 0.000343388 Phi A: 0.00419626 Phi B: 0.995416 Phi I: 5.82135e-52
Total charge: -5.24557e-21
etaHat: 124879
157  fE: -3.00238  dfE: 0.000139677  dW: 0.00940891  dPhi(Nx/2)(Ny/2)(Nz/2): 0.000285355 Phi A: 0.00419646 Phi B: 0.995477 Phi I: 5.82135e-52
Total charge: -5.24582e-21
etaHat: 124879
158  fE: -3.00234  dfE: 3.76663e-05  dW: 0.00935065  dPhi(Nx/2)(Ny/2)(Nz/2): 0.000217416 Phi A: 0.00419665 Phi B: 0.995549 Phi I: 5.82135e-52
Total charge: -5.24603e-21
etaHat: 124879
159  fE: -3.00239  dfE: 5.58859e-05  dW: 0.00926019  dPhi(Nx/2)(Ny/2)(Nz/2): 0.000144213 Phi A: 0.00419683 Phi B: 0.995626 Phi I: 5.82135e-52
Total charge: -5.2462e-21
etaHat: 124879
160  fE: -3.00253  dfE: 0.000137179  dW: 0.00913694  dPhi(Nx/2)(Ny/2)(Nz/2): 7.01852e-05 Phi A: 0.00419696 Phi B: 0.995704 Phi I: 5.82135e-52
Saving data . . .
Total charge: -5.24628e-21
etaHat: 124879
161  fE: -3.00273  dfE: 0.000203403  dW: 0.00898979  dPhi(Nx/2)(Ny/2)(Nz/2): -6.30514e-07 Phi A: 0.00419702 Phi B: 0.99578 Phi I: 5.82135e-52
Total charge: -5.24628e-21
etaHat: 124879
162  fE: -3.00299  dfE: 0.000252781  dW: 0.00883107  dPhi(Nx/2)(Ny/2)(Nz/2): -6.47581e-05 Phi A: 0.00419702 Phi B: 0.995849 Phi I: 5.82135e-52
Total charge: -5.24619e-21
etaHat: 124879
163  fE: -3.00327  dfE: 0.000284553  dW: 0.00867472  dPhi(Nx/2)(Ny/2)(Nz/2): -0.000119401 Phi A: 0.00419695 Phi B: 0.995908 Phi I: 5.82135e-52
Total charge: -5.246e-21
etaHat: 124879
164  fE: -3.00357  dfE: 0.000298915  dW: 0.00853404  dPhi(Nx/2)(Ny/2)(Nz/2): -0.000162512 Phi A: 0.0041968 Phi B: 0.995957 Phi I: 5.82135e-52
Total charge: -5.24572e-21
etaHat: 124879
165  fE: -3.00387  dfE: 0.00029691  dW: 0.00841774  dPhi(Nx/2)(Ny/2)(Nz/2): -0.000192821 Phi A: 0.00419658 Phi B: 0.995993 Phi I: 5.82135e-52
Total charge: -5.24537e-21
etaHat: 124879
166  fE: -3.00415  dfE: 0.000280294  dW: 0.00832702  dPhi(Nx/2)(Ny/2)(Nz/2): -0.000209822 Phi A: 0.00419629 Phi B: 0.996016 Phi I: 5.82136e-52
Total charge: -5.24495e-21
etaHat: 124879
167  fE: -3.0044  dfE: 0.000251374  dW: 0.00825649  dPhi(Nx/2)(Ny/2)(Nz/2): -0.000213718 Phi A: 0.00419596 Phi B: 0.996027 Phi I: 5.82136e-52
Total charge: -5.24448e-21
etaHat: 124879
168  fE: -3.00461  dfE: 0.000212843  dW: 0.00819745  dPhi(Nx/2)(Ny/2)(Nz/2): -0.000205346 Phi A: 0.00419558 Phi B: 0.996025 Phi I: 5.82136e-52
Total charge: -5.24398e-21
etaHat: 124879
169  fE: -3.00478  dfE: 0.000167598  dW: 0.00813831  dPhi(Nx/2)(Ny/2)(Nz/2): -0.000186067 Phi A: 0.00419518 Phi B: 0.996012 Phi I: 5.82135e-52
Total charge: -5.24346e-21
etaHat: 124879
170  fE: -3.0049  dfE: 0.000118579  dW: 0.00807034  dPhi(Nx/2)(Ny/2)(Nz/2): -0.000157647 Phi A: 0.00419477 Phi B: 0.995991 Phi I: 5.82135e-52
Saving data . . .
Total charge: -5.24295e-21
etaHat: 124879
171  fE: -3.00497  dfE: 6.86187e-05  dW: 0.00798506  dPhi(Nx/2)(Ny/2)(Nz/2): -0.000122132 Phi A: 0.00419436 Phi B: 0.995962 Phi I: 5.82135e-52
Total charge: -5.24245e-21
etaHat: 124879
172  fE: -3.00499  dfE: 2.03055e-05  dW: 0.00787911  dPhi(Nx/2)(Ny/2)(Nz/2): -8.17166e-05 Phi A: 0.00419396 Phi B: 0.995929 Phi I: 5.82135e-52
Total charge: -5.24199e-21
etaHat: 124879
173  fE: -3.00496  dfE: 2.41159e-05  dW: 0.00775256  dPhi(Nx/2)(Ny/2)(Nz/2): -3.8622e-05 Phi A: 0.00419359 Phi B: 0.995893 Phi I: 5.82135e-52
Total charge: -5.24157e-21
etaHat: 124879
174  fE: -3.0049  dfE: 6.28241e-05  dW: 0.00760955  dPhi(Nx/2)(Ny/2)(Nz/2): 5.01685e-06 Phi A: 0.00419325 Phi B: 0.995856 Phi I: 5.82135e-52
Total charge: -5.2412e-21
etaHat: 124879
175  fE: -3.00481  dfE: 9.44689e-05  dW: 0.00745612  dPhi(Nx/2)(Ny/2)(Nz/2): 4.72466e-05 Phi A: 0.00419296 Phi B: 0.995821 Phi I: 5.82135e-52
Total charge: -5.24089e-21
etaHat: 124879
176  fE: -3.00469  dfE: 0.00011819  dW: 0.00729913  dPhi(Nx/2)(Ny/2)(Nz/2): 8.6373e-05 Phi A: 0.00419271 Phi B: 0.995788 Phi I: 5.82135e-52
Total charge: -5.24063e-21
etaHat: 124879
177  fE: -3.00455  dfE: 0.00013361  dW: 0.00714493  dPhi(Nx/2)(Ny/2)(Nz/2): 0.000121018 Phi A: 0.00419251 Phi B: 0.99576 Phi I: 5.82135e-52
Total charge: -5.24044e-21
etaHat: 124879
178  fE: -3.00441  dfE: 0.000140803  dW: 0.0069981  dPhi(Nx/2)(Ny/2)(Nz/2): 0.000150153 Phi A: 0.00419235 Phi B: 0.995737 Phi I: 5.82135e-52
Total charge: -5.2403e-21
etaHat: 124879
179  fE: -3.00427  dfE: 0.000140248  dW: 0.00686186  dPhi(Nx/2)(Ny/2)(Nz/2): 0.000173116 Phi A: 0.00419224 Phi B: 0.99572 Phi I: 5.82135e-52
Total charge: -5.24021e-21
etaHat: 124879
180  fE: -3.00414  dfE: 0.00013276  dW: 0.0067398  dPhi(Nx/2)(Ny/2)(Nz/2): 0.000189606 Phi A: 0.00419217 Phi B: 0.995709 Phi I: 5.82135e-52
Saving data . . .
Total charge: -5.24017e-21
etaHat: 124879
181  fE: -3.00402  dfE: 0.000119415  dW: 0.00663222  dPhi(Nx/2)(Ny/2)(Nz/2): 0.000199655 Phi A: 0.00419213 Phi B: 0.995704 Phi I: 5.82135e-52
Total charge: -5.24016e-21
etaHat: 124879
182  fE: -3.00392  dfE: 0.000101474  dW: 0.00653718  dPhi(Nx/2)(Ny/2)(Nz/2): 0.0002036 Phi A: 0.00419213 Phi B: 0.995704 Phi I: 5.82135e-52
Total charge: -5.24017e-21
etaHat: 124879
183  fE: -3.00384  dfE: 8.02959e-05  dW: 0.00645143  dPhi(Nx/2)(Ny/2)(Nz/2): 0.000202027 Phi A: 0.00419214 Phi B: 0.99571 Phi I: 5.82135e-52
Total charge: -5.24021e-21
etaHat: 124879
184  fE: -3.00378  dfE: 5.72654e-05  dW: 0.00637163  dPhi(Nx/2)(Ny/2)(Nz/2): 0.000195722 Phi A: 0.00419217 Phi B: 0.99572 Phi I: 5.82135e-52
Total charge: -5.24025e-21
etaHat: 124879
185  fE: -3.00375  dfE: 3.37177e-05  dW: 0.00629472  dPhi(Nx/2)(Ny/2)(Nz/2): 0.000185607 Phi A: 0.0041922 Phi B: 0.995734 Phi I: 5.82135e-52
Total charge: -5.2403e-21
etaHat: 124879
186  fE: -3.00374  dfE: 1.08785e-05  dW: 0.00621861  dPhi(Nx/2)(Ny/2)(Nz/2): 0.000172681 Phi A: 0.00419224 Phi B: 0.995749 Phi I: 5.82135e-52
Total charge: -5.24034e-21
etaHat: 124879
187  fE: -3.00375  dfE: 1.01859e-05  dW: 0.00614194  dPhi(Nx/2)(Ny/2)(Nz/2): 0.000157965 Phi A: 0.00419227 Phi B: 0.995766 Phi I: 5.82135e-52
Total charge: -5.24037e-21
etaHat: 124879
188  fE: -3.00378  dfE: 2.86057e-05  dW: 0.00606447  dPhi(Nx/2)(Ny/2)(Nz/2): 0.000142446 Phi A: 0.00419229 Phi B: 0.995784 Phi I: 5.82135e-52
Total charge: -5.24038e-21
etaHat: 124879
189  fE: -3.00382  dfE: 4.37308e-05  dW: 0.00598663  dPhi(Nx/2)(Ny/2)(Nz/2): 0.000127033 Phi A: 0.00419231 Phi B: 0.995801 Phi I: 5.82135e-52
Total charge: -5.24038e-21
etaHat: 124879
190  fE: -3.00388  dfE: 5.51412e-05  dW: 0.00590936  dPhi(Nx/2)(Ny/2)(Nz/2): 0.000112519 Phi A: 0.0041923 Phi B: 0.995816 Phi I: 5.82135e-52
Saving data . . .
Total charge: -5.24035e-21
etaHat: 124879
191  fE: -3.00394  dfE: 6.26447e-05  dW: 0.00583356  dPhi(Nx/2)(Ny/2)(Nz/2): 9.95562e-05 Phi A: 0.00419228 Phi B: 0.99583 Phi I: 5.82135e-52
Total charge: -5.2403e-21
etaHat: 124879
192  fE: -3.004  dfE: 6.6263e-05  dW: 0.00576005  dPhi(Nx/2)(Ny/2)(Nz/2): 8.86368e-05 Phi A: 0.00419224 Phi B: 0.995841 Phi I: 5.82135e-52
Total charge: -5.24024e-21
etaHat: 124879
193  fE: -3.00407  dfE: 6.62099e-05  dW: 0.00568906  dPhi(Nx/2)(Ny/2)(Nz/2): 8.00859e-05 Phi A: 0.00419219 Phi B: 0.995849 Phi I: 5.82135e-52
Total charge: -5.24016e-21
etaHat: 124879
194  fE: -3.00413  dfE: 6.286e-05  dW: 0.00562082  dPhi(Nx/2)(Ny/2)(Nz/2): 7.40635e-05 Phi A: 0.00419212 Phi B: 0.995855 Phi I: 5.82135e-52
Total charge: -5.24006e-21
etaHat: 124879
195  fE: -3.00419  dfE: 5.6715e-05  dW: 0.00555512  dPhi(Nx/2)(Ny/2)(Nz/2): 7.05745e-05 Phi A: 0.00419205 Phi B: 0.995857 Phi I: 5.82135e-52
Total charge: -5.23995e-21
etaHat: 124879
196  fE: -3.00424  dfE: 4.83648e-05  dW: 0.0054913  dPhi(Nx/2)(Ny/2)(Nz/2): 6.94855e-05 Phi A: 0.00419196 Phi B: 0.995857 Phi I: 5.82135e-52
Total charge: -5.23983e-21
etaHat: 124879
197  fE: -3.00428  dfE: 3.84496e-05  dW: 0.00542834  dPhi(Nx/2)(Ny/2)(Nz/2): 7.05464e-05 Phi A: 0.00419187 Phi B: 0.995855 Phi I: 5.82135e-52
Total charge: -5.23971e-21
etaHat: 124879
198  fE: -3.0043  dfE: 2.76228e-05  dW: 0.00536568  dPhi(Nx/2)(Ny/2)(Nz/2): 7.34165e-05 Phi A: 0.00419177 Phi B: 0.99585 Phi I: 5.82135e-52
Total charge: -5.23959e-21
etaHat: 124879
199  fE: -3.00432  dfE: 1.65169e-05  dW: 0.00530252  dPhi(Nx/2)(Ny/2)(Nz/2): 7.7692e-05 Phi A: 0.00419168 Phi B: 0.995844 Phi I: 5.82135e-52
Total charge: -5.23948e-21
etaHat: 124879
200  fE: -3.00433  dfE: 5.71416e-06  dW: 0.00523866  dPhi(Nx/2)(Ny/2)(Nz/2): 8.29336e-05 Phi A: 0.00419158 Phi B: 0.995837 Phi I: 5.82135e-52
Saving data . . .
Total charge: -5.23937e-21
etaHat: 124879
201  fE: -3.00432  dfE: 4.27742e-06  dW: 0.00517409  dPhi(Nx/2)(Ny/2)(Nz/2): 8.86938e-05 Phi A: 0.0041915 Phi B: 0.995829 Phi I: 5.82135e-52
Total charge: -5.23927e-21
etaHat: 124879
202  fE: -3.00431  dfE: 1.30419e-05  dW: 0.00510886  dPhi(Nx/2)(Ny/2)(Nz/2): 9.45409e-05 Phi A: 0.00419142 Phi B: 0.995821 Phi I: 5.82135e-52
Total charge: -5.23918e-21
etaHat: 124879
203  fE: -3.00429  dfE: 2.02666e-05  dW: 0.00504323  dPhi(Nx/2)(Ny/2)(Nz/2): 0.000100081 Phi A: 0.00419135 Phi B: 0.995813 Phi I: 5.82135e-52
Total charge: -5.23911e-21
etaHat: 124879
204  fE: -3.00426  dfE: 2.57478e-05  dW: 0.00497773  dPhi(Nx/2)(Ny/2)(Nz/2): 0.000104974 Phi A: 0.00419129 Phi B: 0.995805 Phi I: 5.82135e-52
Total charge: -5.23905e-21
etaHat: 124879
205  fE: -3.00423  dfE: 2.93889e-05  dW: 0.004913  dPhi(Nx/2)(Ny/2)(Nz/2): 0.000108946 Phi A: 0.00419124 Phi B: 0.995799 Phi I: 5.82135e-52
Total charge: -5.239e-21
etaHat: 124879
206  fE: -3.0042  dfE: 3.11954e-05  dW: 0.0048495  dPhi(Nx/2)(Ny/2)(Nz/2): 0.000111801 Phi A: 0.0041912 Phi B: 0.995794 Phi I: 5.82135e-52
Total charge: -5.23897e-21
etaHat: 124879
207  fE: -3.00417  dfE: 3.12632e-05  dW: 0.00478743  dPhi(Nx/2)(Ny/2)(Nz/2): 0.000113418 Phi A: 0.00419117 Phi B: 0.99579 Phi I: 5.82135e-52
Total charge: -5.23894e-21
etaHat: 124879
208  fE: -3.00414  dfE: 2.97655e-05  dW: 0.00472698  dPhi(Nx/2)(Ny/2)(Nz/2): 0.000113754 Phi A: 0.00419115 Phi B: 0.995787 Phi I: 5.82135e-52
Total charge: -5.23893e-21
etaHat: 124879
209  fE: -3.00411  dfE: 2.69358e-05  dW: 0.00466838  dPhi(Nx/2)(Ny/2)(Nz/2): 0.000112838 Phi A: 0.00419114 Phi B: 0.995786 Phi I: 5.82135e-52
Total charge: -5.23892e-21
etaHat: 124879
210  fE: -3.00409  dfE: 2.30503e-05  dW: 0.00461153  dPhi(Nx/2)(Ny/2)(Nz/2): 0.000110765 Phi A: 0.00419114 Phi B: 0.995786 Phi I: 5.82135e-52
Saving data . . .
Total charge: -5.23892e-21
etaHat: 124879
211  fE: -3.00407  dfE: 1.841e-05  dW: 0.00455626  dPhi(Nx/2)(Ny/2)(Nz/2): 0.00010768 Phi A: 0.00419114 Phi B: 0.995787 Phi I: 5.82135e-52
Total charge: -5.23893e-21
etaHat: 124879
212  fE: -3.00406  dfE: 1.33226e-05  dW: 0.00450249  dPhi(Nx/2)(Ny/2)(Nz/2): 0.000103773 Phi A: 0.00419114 Phi B: 0.995789 Phi I: 5.82135e-52
Total charge: -5.23893e-21
etaHat: 124879
213  fE: -3.00405  dfE: 8.08712e-06  dW: 0.0044499  dPhi(Nx/2)(Ny/2)(Nz/2): 9.92595e-05 Phi A: 0.00419115 Phi B: 0.995792 Phi I: 5.82135e-52
Total charge: -5.23894e-21
etaHat: 124879
214  fE: -3.00405  dfE: 2.97965e-06  dW: 0.00439832  dPhi(Nx/2)(Ny/2)(Nz/2): 9.43701e-05 Phi A: 0.00419115 Phi B: 0.995795 Phi I: 5.82135e-52
Total charge: -5.23895e-21
etaHat: 124879
215  fE: -3.00405  dfE: 1.75821e-06  dW: 0.00434766  dPhi(Nx/2)(Ny/2)(Nz/2): 8.93378e-05 Phi A: 0.00419116 Phi B: 0.995799 Phi I: 5.82135e-52
Total charge: -5.23895e-21
etaHat: 124879
216  fE: -3.00406  dfE: 5.92776e-06  dW: 0.00429775  dPhi(Nx/2)(Ny/2)(Nz/2): 8.43853e-05 Phi A: 0.00419116 Phi B: 0.995803 Phi I: 5.82135e-52
Total charge: -5.23895e-21
etaHat: 124879
217  fE: -3.00407  dfE: 9.37877e-06  dW: 0.00424863  dPhi(Nx/2)(Ny/2)(Nz/2): 7.97155e-05 Phi A: 0.00419116 Phi B: 0.995807 Phi I: 5.82135e-52
Total charge: -5.23895e-21
etaHat: 124879
218  fE: -3.00408  dfE: 1.20121e-05  dW: 0.00420039  dPhi(Nx/2)(Ny/2)(Nz/2): 7.55028e-05 Phi A: 0.00419116 Phi B: 0.99581 Phi I: 5.82135e-52
Total charge: -5.23895e-21
etaHat: 124879
219  fE: -3.00409  dfE: 1.37794e-05  dW: 0.00415301  dPhi(Nx/2)(Ny/2)(Nz/2): 7.18874e-05 Phi A: 0.00419116 Phi B: 0.995813 Phi I: 5.82135e-52
Total charge: -5.23893e-21
etaHat: 124879
220  fE: -3.00411  dfE: 1.46803e-05  dW: 0.00410659  dPhi(Nx/2)(Ny/2)(Nz/2): 6.89715e-05 Phi A: 0.00419115 Phi B: 0.995816 Phi I: 5.82135e-52
Saving data . . .
Total charge: -5.23892e-21
etaHat: 124879
221  fE: -3.00412  dfE: 1.4758e-05  dW: 0.00406096  dPhi(Nx/2)(Ny/2)(Nz/2): 6.68176e-05 Phi A: 0.00419113 Phi B: 0.995818 Phi I: 5.82135e-52
Total charge: -5.2389e-21
etaHat: 124879
222  fE: -3.00414  dfE: 1.40919e-05  dW: 0.00401611  dPhi(Nx/2)(Ny/2)(Nz/2): 6.5449e-05 Phi A: 0.00419112 Phi B: 0.995819 Phi I: 5.82135e-52
Total charge: -5.23888e-21
etaHat: 124879
223  fE: -3.00415  dfE: 1.27909e-05  dW: 0.00397203  dPhi(Nx/2)(Ny/2)(Nz/2): 6.48522e-05 Phi A: 0.0041911 Phi B: 0.99582 Phi I: 5.82135e-52
Total charge: -5.23885e-21
etaHat: 124879
224  fE: -3.00416  dfE: 1.09842e-05  dW: 0.00392861  dPhi(Nx/2)(Ny/2)(Nz/2): 6.49811e-05 Phi A: 0.00419108 Phi B: 0.99582 Phi I: 5.82135e-52
Total charge: -5.23882e-21
etaHat: 124879
225  fE: -3.00417  dfE: 8.81312e-06  dW: 0.00388581  dPhi(Nx/2)(Ny/2)(Nz/2): 6.57615e-05 Phi A: 0.00419106 Phi B: 0.995819 Phi I: 5.82135e-52
Total charge: -5.2388e-21
etaHat: 124879
226  fE: -3.00417  dfE: 6.42299e-06  dW: 0.00384355  dPhi(Nx/2)(Ny/2)(Nz/2): 6.70978e-05 Phi A: 0.00419104 Phi B: 0.995818 Phi I: 5.82135e-52
Total charge: -5.23877e-21
etaHat: 124879
227  fE: -3.00418  dfE: 3.95521e-06  dW: 0.00380166  dPhi(Nx/2)(Ny/2)(Nz/2): 6.8879e-05 Phi A: 0.00419101 Phi B: 0.995817 Phi I: 5.82135e-52
Total charge: -5.23874e-21
etaHat: 124879
228  fE: -3.00418  dfE: 1.54069e-06  dW: 0.0037602  dPhi(Nx/2)(Ny/2)(Nz/2): 7.09853e-05 Phi A: 0.00419099 Phi B: 0.995815 Phi I: 5.82135e-52
Total charge: -5.23872e-21
etaHat: 124879
229  fE: -3.00418  dfE: 7.05556e-07  dW: 0.00371915  dPhi(Nx/2)(Ny/2)(Nz/2): 7.32944e-05 Phi A: 0.00419097 Phi B: 0.995814 Phi I: 5.82135e-52
Total charge: -5.23869e-21
etaHat: 124879
230  fE: -3.00418  dfE: 2.68861e-06  dW: 0.00367856  dPhi(Nx/2)(Ny/2)(Nz/2): 7.56876e-05 Phi A: 0.00419095 Phi B: 0.995812 Phi I: 5.82135e-52
Saving data . . .
Total charge: -5.23867e-21
etaHat: 124879
231  fE: -3.00417  dfE: 4.33629e-06  dW: 0.0036384  dPhi(Nx/2)(Ny/2)(Nz/2): 7.80544e-05 Phi A: 0.00419094 Phi B: 0.99581 Phi I: 5.82135e-52
Total charge: -5.23865e-21
etaHat: 124879
232  fE: -3.00417  dfE: 5.60047e-06  dW: 0.00359872  dPhi(Nx/2)(Ny/2)(Nz/2): 8.02972e-05 Phi A: 0.00419092 Phi B: 0.995809 Phi I: 5.82135e-52
Total charge: -5.23864e-21
etaHat: 124879
233  fE: -3.00416  dfE: 6.45703e-06  dW: 0.00355957  dPhi(Nx/2)(Ny/2)(Nz/2): 8.2334e-05 Phi A: 0.00419091 Phi B: 0.995807 Phi I: 5.82135e-52
Total charge: -5.23863e-21
etaHat: 124879
234  fE: -3.00415  dfE: 6.90463e-06  dW: 0.00352098  dPhi(Nx/2)(Ny/2)(Nz/2): 8.41003e-05 Phi A: 0.0041909 Phi B: 0.995806 Phi I: 5.82135e-52
Total charge: -5.23862e-21
etaHat: 124879
235  fE: -3.00415  dfE: 6.96245e-06  dW: 0.00348302  dPhi(Nx/2)(Ny/2)(Nz/2): 8.5551e-05 Phi A: 0.00419089 Phi B: 0.995805 Phi I: 5.82135e-52
Total charge: -5.23861e-21
etaHat: 124879
236  fE: -3.00414  dfE: 6.66715e-06  dW: 0.00344569  dPhi(Nx/2)(Ny/2)(Nz/2): 8.66593e-05 Phi A: 0.00419089 Phi B: 0.995804 Phi I: 5.82135e-52
Total charge: -5.23861e-21
etaHat: 124879
237  fE: -3.00413  dfE: 6.06928e-06  dW: 0.00340901  dPhi(Nx/2)(Ny/2)(Nz/2): 8.74165e-05 Phi A: 0.00419089 Phi B: 0.995804 Phi I: 5.82135e-52
Total charge: -5.23861e-21
etaHat: 124879
238  fE: -3.00413  dfE: 5.22937e-06  dW: 0.00337297  dPhi(Nx/2)(Ny/2)(Nz/2): 8.78301e-05 Phi A: 0.00419088 Phi B: 0.995804 Phi I: 5.82135e-52
Total charge: -5.2386e-21
etaHat: 124879
239  fE: -3.00412  dfE: 4.21383e-06  dW: 0.00333751  dPhi(Nx/2)(Ny/2)(Nz/2): 8.79215e-05 Phi A: 0.00419088 Phi B: 0.995804 Phi I: 5.82135e-52
Total charge: -5.23861e-21
etaHat: 124879
240  fE: -3.00412  dfE: 3.09113e-06  dW: 0.0033026  dPhi(Nx/2)(Ny/2)(Nz/2): 8.77236e-05 Phi A: 0.00419088 Phi B: 0.995805 Phi I: 5.82135e-52
Saving data . . .
Total charge: -5.23861e-21
etaHat: 124879
241  fE: -3.00412  dfE: 1.92811e-06  dW: 0.00326818  dPhi(Nx/2)(Ny/2)(Nz/2): 8.72774e-05 Phi A: 0.00419089 Phi B: 0.995805 Phi I: 5.82135e-52
Total charge: -5.23861e-21
etaHat: 124879
242  fE: -3.00412  dfE: 7.86849e-07  dW: 0.00323426  dPhi(Nx/2)(Ny/2)(Nz/2): 8.66294e-05 Phi A: 0.00419089 Phi B: 0.995806 Phi I: 5.82135e-52
Total charge: -5.23861e-21
etaHat: 124879
243  fE: -3.00412  dfE: 2.77956e-07  dW: 0.00320083  dPhi(Nx/2)(Ny/2)(Nz/2): 8.58284e-05 Phi A: 0.00419089 Phi B: 0.995807 Phi I: 5.82135e-52
Total charge: -5.23861e-21
etaHat: 124879
244  fE: -3.00412  dfE: 1.22097e-06  dW: 0.00316787  dPhi(Nx/2)(Ny/2)(Nz/2): 8.4923e-05 Phi A: 0.00419089 Phi B: 0.995808 Phi I: 5.82135e-52
Total charge: -5.23861e-21
etaHat: 124879
245  fE: -3.00412  dfE: 2.00754e-06  dW: 0.00313539  dPhi(Nx/2)(Ny/2)(Nz/2): 8.39591e-05 Phi A: 0.00419089 Phi B: 0.995809 Phi I: 5.82135e-52
Total charge: -5.23861e-21
etaHat: 124879
246  fE: -3.00412  dfE: 2.61432e-06  dW: 0.00310337  dPhi(Nx/2)(Ny/2)(Nz/2): 8.29776e-05 Phi A: 0.00419089 Phi B: 0.995809 Phi I: 5.82135e-52
Total charge: -5.23861e-21
etaHat: 124879
247  fE: -3.00413  dfE: 3.02928e-06  dW: 0.00307182  dPhi(Nx/2)(Ny/2)(Nz/2): 8.20137e-05 Phi A: 0.00419089 Phi B: 0.99581 Phi I: 5.82135e-52
Total charge: -5.2386e-21
etaHat: 124879
248  fE: -3.00413  dfE: 3.25122e-06  dW: 0.00304069  dPhi(Nx/2)(Ny/2)(Nz/2): 8.10949e-05 Phi A: 0.00419088 Phi B: 0.995811 Phi I: 5.82135e-52
Total charge: -5.2386e-21
etaHat: 124879
249  fE: -3.00413  dfE: 3.28863e-06  dW: 0.00301  dPhi(Nx/2)(Ny/2)(Nz/2): 8.02412e-05 Phi A: 0.00419088 Phi B: 0.995811 Phi I: 5.82135e-52
Total charge: -5.23859e-21
etaHat: 124879
250  fE: -3.00414  dfE: 3.15839e-06  dW: 0.00297974  dPhi(Nx/2)(Ny/2)(Nz/2): 7.94647e-05 Phi A: 0.00419088 Phi B: 0.995811 Phi I: 5.82135e-52
Saving data . . .
Total charge: -5.23859e-21
etaHat: 124879
251  fE: -3.00414  dfE: 2.88398e-06  dW: 0.00294989  dPhi(Nx/2)(Ny/2)(Nz/2): 7.877e-05 Phi A: 0.00419087 Phi B: 0.995812 Phi I: 5.82135e-52
Total charge: -5.23858e-21
etaHat: 124879
252  fE: -3.00414  dfE: 2.49373e-06  dW: 0.00292044  dPhi(Nx/2)(Ny/2)(Nz/2): 7.81548e-05 Phi A: 0.00419087 Phi B: 0.995812 Phi I: 5.82135e-52
Total charge: -5.23858e-21
etaHat: 124879
253  fE: -3.00414  dfE: 2.01885e-06  dW: 0.00289135  dPhi(Nx/2)(Ny/2)(Nz/2): 7.76111e-05 Phi A: 0.00419086 Phi B: 0.995811 Phi I: 5.82135e-52
Total charge: -5.23857e-21
etaHat: 124879
254  fE: -3.00415  dfE: 1.49159e-06  dW: 0.00286261  dPhi(Nx/2)(Ny/2)(Nz/2): 7.71262e-05 Phi A: 0.00419086 Phi B: 0.995811 Phi I: 5.82135e-52
Total charge: -5.23856e-21
etaHat: 124879
255  fE: -3.00415  dfE: 9.43565e-07  dW: 0.00283422  dPhi(Nx/2)(Ny/2)(Nz/2): 7.6684e-05 Phi A: 0.00419085 Phi B: 0.995811 Phi I: 5.82135e-52
Total charge: -5.23856e-21
etaHat: 124879
256  fE: -3.00415  dfE: 4.04204e-07  dW: 0.00280618  dPhi(Nx/2)(Ny/2)(Nz/2): 7.62665e-05 Phi A: 0.00419085 Phi B: 0.995811 Phi I: 5.82135e-52
Total charge: -5.23855e-21
etaHat: 124879
257  fE: -3.00415  dfE: 1.00481e-07  dW: 0.00277849  dPhi(Nx/2)(Ny/2)(Nz/2): 7.58548e-05 Phi A: 0.00419084 Phi B: 0.99581 Phi I: 5.82135e-52
Total charge: -5.23855e-21
etaHat: 124879
258  fE: -3.00415  dfE: 5.48843e-07  dW: 0.00275114  dPhi(Nx/2)(Ny/2)(Nz/2): 7.54308e-05 Phi A: 0.00419084 Phi B: 0.99581 Phi I: 5.82135e-52
Total charge: -5.23854e-21
etaHat: 124879
259  fE: -3.00415  dfE: 9.24244e-07  dW: 0.00272413  dPhi(Nx/2)(Ny/2)(Nz/2): 7.49776e-05 Phi A: 0.00419083 Phi B: 0.995809 Phi I: 5.82135e-52
Total charge: -5.23854e-21
etaHat: 124879
260  fE: -3.00414  dfE: 1.21537e-06  dW: 0.00269746  dPhi(Nx/2)(Ny/2)(Nz/2): 7.44809e-05 Phi A: 0.00419083 Phi B: 0.995809 Phi I: 5.82135e-52
Saving data . . .
Total charge: -5.23853e-21
etaHat: 124879
261  fE: -3.00414  dfE: 1.41625e-06  dW: 0.00267111  dPhi(Nx/2)(Ny/2)(Nz/2): 7.39296e-05 Phi A: 0.00419083 Phi B: 0.995809 Phi I: 5.82135e-52
Total charge: -5.23853e-21
etaHat: 124879
262  fE: -3.00414  dfE: 1.52604e-06  dW: 0.0026451  dPhi(Nx/2)(Ny/2)(Nz/2): 7.33157e-05 Phi A: 0.00419082 Phi B: 0.995808 Phi I: 5.82135e-52
Total charge: -5.23853e-21
etaHat: 124879
263  fE: -3.00414  dfE: 1.5485e-06  dW: 0.00261941  dPhi(Nx/2)(Ny/2)(Nz/2): 7.26352e-05 Phi A: 0.00419082 Phi B: 0.995808 Phi I: 5.82135e-52
Total charge: -5.23853e-21
etaHat: 124879
264  fE: -3.00414  dfE: 1.49137e-06  dW: 0.00259405  dPhi(Nx/2)(Ny/2)(Nz/2): 7.18877e-05 Phi A: 0.00419082 Phi B: 0.995808 Phi I: 5.82135e-52
Total charge: -5.23853e-21
etaHat: 124879
265  fE: -3.00414  dfE: 1.36559e-06  dW: 0.00256903  dPhi(Nx/2)(Ny/2)(Nz/2): 7.10763e-05 Phi A: 0.00419082 Phi B: 0.995808 Phi I: 5.82135e-52
Total charge: -5.23853e-21
etaHat: 124879
266  fE: -3.00414  dfE: 1.18437e-06  dW: 0.00254432  dPhi(Nx/2)(Ny/2)(Nz/2): 7.02071e-05 Phi A: 0.00419082 Phi B: 0.995808 Phi I: 5.82135e-52
Total charge: -5.23852e-21
etaHat: 124879
267  fE: -3.00413  dfE: 9.62401e-07  dW: 0.00251994  dPhi(Nx/2)(Ny/2)(Nz/2): 6.92888e-05 Phi A: 0.00419082 Phi B: 0.995808 Phi I: 5.82135e-52
Total charge: -5.23852e-21
etaHat: 124879
268  fE: -3.00413  dfE: 7.1487e-07  dW: 0.00249588  dPhi(Nx/2)(Ny/2)(Nz/2): 6.83321e-05 Phi A: 0.00419082 Phi B: 0.995808 Phi I: 5.82135e-52
Total charge: -5.23852e-21
etaHat: 124879
269  fE: -3.00413  dfE: 4.56718e-07  dW: 0.00247212  dPhi(Nx/2)(Ny/2)(Nz/2): 6.73492e-05 Phi A: 0.00419082 Phi B: 0.995808 Phi I: 5.82135e-52
Total charge: -5.23853e-21
etaHat: 124879
270  fE: -3.00413  dfE: 2.01893e-07  dW: 0.00244866  dPhi(Nx/2)(Ny/2)(Nz/2): 6.63529e-05 Phi A: 0.00419082 Phi B: 0.995808 Phi I: 5.82135e-52
Saving data . . .
Total charge: -5.23853e-21
etaHat: 124879
271  fE: -3.00413  dfE: 3.7234e-08  dW: 0.00242549  dPhi(Nx/2)(Ny/2)(Nz/2): 6.53559e-05 Phi A: 0.00419082 Phi B: 0.995809 Phi I: 5.82135e-52
Total charge: -5.23853e-21
etaHat: 124879
272  fE: -3.00413  dfE: 2.50333e-07  dW: 0.0024026  dPhi(Nx/2)(Ny/2)(Nz/2): 6.43706e-05 Phi A: 0.00419082 Phi B: 0.995809 Phi I: 5.82135e-52
Total charge: -5.23853e-21
etaHat: 124879
273  fE: -3.00413  dfE: 4.29418e-07  dW: 0.00237999  dPhi(Nx/2)(Ny/2)(Nz/2): 6.34084e-05 Phi A: 0.00419082 Phi B: 0.995809 Phi I: 5.82135e-52
Total charge: -5.23852e-21
etaHat: 124879
274  fE: -3.00413  dfE: 5.69009e-07  dW: 0.00235767  dPhi(Nx/2)(Ny/2)(Nz/2): 6.24789e-05 Phi A: 0.00419082 Phi B: 0.995809 Phi I: 5.82135e-52
Total charge: -5.23852e-21
etaHat: 124879
275  fE: -3.00414  dfE: 6.66154e-07  dW: 0.00233563  dPhi(Nx/2)(Ny/2)(Nz/2): 6.15904e-05 Phi A: 0.00419082 Phi B: 0.995809 Phi I: 5.82135e-52
Total charge: -5.23852e-21
etaHat: 124879
276  fE: -3.00414  dfE: 7.20314e-07  dW: 0.00231385  dPhi(Nx/2)(Ny/2)(Nz/2): 6.0749e-05 Phi A: 0.00419082 Phi B: 0.99581 Phi I: 5.82135e-52
Total charge: -5.23852e-21
etaHat: 124879
277  fE: -3.00414  dfE: 7.3315e-07  dW: 0.00229235  dPhi(Nx/2)(Ny/2)(Nz/2): 5.99585e-05 Phi A: 0.00419082 Phi B: 0.99581 Phi I: 5.82135e-52
Total charge: -5.23852e-21
etaHat: 124879
278  fE: -3.00414  dfE: 7.08212e-07  dW: 0.00227111  dPhi(Nx/2)(Ny/2)(Nz/2): 5.92211e-05 Phi A: 0.00419082 Phi B: 0.99581 Phi I: 5.82135e-52
Total charge: -5.23852e-21
etaHat: 124879
279  fE: -3.00414  dfE: 6.50575e-07  dW: 0.00225011  dPhi(Nx/2)(Ny/2)(Nz/2): 5.85368e-05 Phi A: 0.00419082 Phi B: 0.99581 Phi I: 5.82135e-52
Total charge: -5.23852e-21
etaHat: 124879
280  fE: -3.00414  dfE: 5.66432e-07  dW: 0.00222936  dPhi(Nx/2)(Ny/2)(Nz/2): 5.79038e-05 Phi A: 0.00419082 Phi B: 0.99581 Phi I: 5.82135e-52
Saving data . . .
Total charge: -5.23852e-21
etaHat: 124879
281  fE: -3.00414  dfE: 4.62664e-07  dW: 0.00220889  dPhi(Nx/2)(Ny/2)(Nz/2): 5.73189e-05 Phi A: 0.00419081 Phi B: 0.99581 Phi I: 5.82135e-52
Total charge: -5.23852e-21
etaHat: 124879
282  fE: -3.00414  dfE: 3.46437e-07  dW: 0.00218867  dPhi(Nx/2)(Ny/2)(Nz/2): 5.67777e-05 Phi A: 0.00419081 Phi B: 0.99581 Phi I: 5.82135e-52
Total charge: -5.23851e-21
etaHat: 124879
283  fE: -3.00414  dfE: 2.24808e-07  dW: 0.00216869  dPhi(Nx/2)(Ny/2)(Nz/2): 5.62749e-05 Phi A: 0.00419081 Phi B: 0.99581 Phi I: 5.82135e-52
Total charge: -5.23851e-21
etaHat: 124879
284  fE: -3.00414  dfE: 1.0439e-07  dW: 0.00214896  dPhi(Nx/2)(Ny/2)(Nz/2): 5.58045e-05 Phi A: 0.00419081 Phi B: 0.99581 Phi I: 5.82135e-52
Total charge: -5.23851e-21
etaHat: 124879
285  fE: -3.00414  dfE: 8.93846e-09  dW: 0.00212946  dPhi(Nx/2)(Ny/2)(Nz/2): 5.53605e-05 Phi A: 0.00419081 Phi B: 0.995809 Phi I: 5.82135e-52
Total charge: -5.23851e-21
etaHat: 124879
286  fE: -3.00414  dfE: 1.10246e-07  dW: 0.0021102  dPhi(Nx/2)(Ny/2)(Nz/2): 5.49368e-05 Phi A: 0.00419081 Phi B: 0.995809 Phi I: 5.82135e-52
Total charge: -5.23851e-21
etaHat: 124879
287  fE: -3.00414  dfE: 1.95703e-07  dW: 0.00209118  dPhi(Nx/2)(Ny/2)(Nz/2): 5.45276e-05 Phi A: 0.00419081 Phi B: 0.995809 Phi I: 5.82135e-52
Total charge: -5.23851e-21
etaHat: 124879
288  fE: -3.00414  dfE: 2.62656e-07  dW: 0.00207237  dPhi(Nx/2)(Ny/2)(Nz/2): 5.41277e-05 Phi A: 0.00419081 Phi B: 0.995809 Phi I: 5.82135e-52
Total charge: -5.23851e-21
etaHat: 124879
289  fE: -3.00414  dfE: 3.09648e-07  dW: 0.00205378  dPhi(Nx/2)(Ny/2)(Nz/2): 5.37328e-05 Phi A: 0.00419081 Phi B: 0.995809 Phi I: 5.82135e-52
Total charge: -5.23851e-21
etaHat: 124879
290  fE: -3.00414  dfE: 3.3636e-07  dW: 0.00203539  dPhi(Nx/2)(Ny/2)(Nz/2): 5.33392e-05 Phi A: 0.00419081 Phi B: 0.995809 Phi I: 5.82135e-52
Saving data . . .
Total charge: -5.23851e-21
etaHat: 124879
291  fE: -3.00414  dfE: 3.43519e-07  dW: 0.00201722  dPhi(Nx/2)(Ny/2)(Nz/2): 5.29441e-05 Phi A: 0.0041908 Phi B: 0.995809 Phi I: 5.82135e-52
Total charge: -5.23851e-21
etaHat: 124879
292  fE: -3.00414  dfE: 3.32754e-07  dW: 0.00199926  dPhi(Nx/2)(Ny/2)(Nz/2): 5.25458e-05 Phi A: 0.0041908 Phi B: 0.995809 Phi I: 5.82135e-52
Total charge: -5.23851e-21
etaHat: 124879
293  fE: -3.00414  dfE: 3.06421e-07  dW: 0.0019815  dPhi(Nx/2)(Ny/2)(Nz/2): 5.21432e-05 Phi A: 0.0041908 Phi B: 0.995809 Phi I: 5.82135e-52
Total charge: -5.2385e-21
etaHat: 124879
294  fE: -3.00414  dfE: 2.67414e-07  dW: 0.00196395  dPhi(Nx/2)(Ny/2)(Nz/2): 5.17364e-05 Phi A: 0.0041908 Phi B: 0.995809 Phi I: 5.82135e-52
Total charge: -5.2385e-21
etaHat: 124879
295  fE: -3.00414  dfE: 2.18963e-07  dW: 0.00194659  dPhi(Nx/2)(Ny/2)(Nz/2): 5.13258e-05 Phi A: 0.0041908 Phi B: 0.995809 Phi I: 5.82135e-52
Total charge: -5.2385e-21
etaHat: 124879
296  fE: -3.00414  dfE: 1.64445e-07  dW: 0.00192943  dPhi(Nx/2)(Ny/2)(Nz/2): 5.09127e-05 Phi A: 0.0041908 Phi B: 0.995809 Phi I: 5.82135e-52
Total charge: -5.2385e-21
etaHat: 124879
297  fE: -3.00414  dfE: 1.07194e-07  dW: 0.00191246  dPhi(Nx/2)(Ny/2)(Nz/2): 5.04986e-05 Phi A: 0.0041908 Phi B: 0.995809 Phi I: 5.82135e-52
Total charge: -5.2385e-21
etaHat: 124879
298  fE: -3.00414  dfE: 5.03423e-08  dW: 0.00189569  dPhi(Nx/2)(Ny/2)(Nz/2): 5.00855e-05 Phi A: 0.0041908 Phi B: 0.995809 Phi I: 5.82135e-52
Total charge: -5.2385e-21
etaHat: 124879
299  fE: -3.00414  dfE: 3.31444e-09  dW: 0.0018791  dPhi(Nx/2)(Ny/2)(Nz/2): 4.96753e-05 Phi A: 0.0041908 Phi B: 0.995809 Phi I: 5.82135e-52
Total charge: -5.2385e-21
etaHat: 124879
300  fE: -3.00414  dfE: 5.14243e-08  dW: 0.00186271  dPhi(Nx/2)(Ny/2)(Nz/2): 4.927e-05 Phi A: 0.0041908 Phi B: 0.995809 Phi I: 5.82135e-52
Saving data . . .
Total charge: -5.2385e-21
etaHat: 124879
301  fE: -3.00414  dfE: 9.21504e-08  dW: 0.0018465  dPhi(Nx/2)(Ny/2)(Nz/2): 4.88717e-05 Phi A: 0.0041908 Phi B: 0.995809 Phi I: 5.82135e-52
Total charge: -5.2385e-21
etaHat: 124879
302  fE: -3.00414  dfE: 1.24211e-07  dW: 0.00183047  dPhi(Nx/2)(Ny/2)(Nz/2): 4.84819e-05 Phi A: 0.0041908 Phi B: 0.995809 Phi I: 5.82135e-52
Total charge: -5.2385e-21
etaHat: 124879
303  fE: -3.00414  dfE: 1.46885e-07  dW: 0.00181463  dPhi(Nx/2)(Ny/2)(Nz/2): 4.81021e-05 Phi A: 0.0041908 Phi B: 0.995809 Phi I: 5.82135e-52
Total charge: -5.2385e-21
etaHat: 124879
304  fE: -3.00414  dfE: 1.59993e-07  dW: 0.00179897  dPhi(Nx/2)(Ny/2)(Nz/2): 4.77332e-05 Phi A: 0.0041908 Phi B: 0.995809 Phi I: 5.82135e-52
Total charge: -5.2385e-21
etaHat: 124879
305  fE: -3.00414  dfE: 1.63853e-07  dW: 0.00178348  dPhi(Nx/2)(Ny/2)(Nz/2): 4.73761e-05 Phi A: 0.0041908 Phi B: 0.995809 Phi I: 5.82135e-52
Total charge: -5.2385e-21
etaHat: 124879
306  fE: -3.00414  dfE: 1.59209e-07  dW: 0.00176817  dPhi(Nx/2)(Ny/2)(Nz/2): 4.70307e-05 Phi A: 0.0041908 Phi B: 0.995809 Phi I: 5.82135e-52
Total charge: -5.2385e-21
etaHat: 124879
307  fE: -3.00414  dfE: 1.47154e-07  dW: 0.00175303  dPhi(Nx/2)(Ny/2)(Nz/2): 4.66972e-05 Phi A: 0.0041908 Phi B: 0.995809 Phi I: 5.82135e-52
Total charge: -5.2385e-21
etaHat: 124879
308  fE: -3.00414  dfE: 1.29041e-07  dW: 0.00173806  dPhi(Nx/2)(Ny/2)(Nz/2): 4.63749e-05 Phi A: 0.0041908 Phi B: 0.995809 Phi I: 5.82135e-52
Total charge: -5.2385e-21
etaHat: 124879
309  fE: -3.00414  dfE: 1.06387e-07  dW: 0.00172325  dPhi(Nx/2)(Ny/2)(Nz/2): 4.60631e-05 Phi A: 0.0041908 Phi B: 0.995809 Phi I: 5.82135e-52
Total charge: -5.2385e-21
etaHat: 124879
310  fE: -3.00414  dfE: 8.07811e-08  dW: 0.00170861  dPhi(Nx/2)(Ny/2)(Nz/2): 4.57608e-05 Phi A: 0.0041908 Phi B: 0.995809 Phi I: 5.82135e-52
Saving data . . .
Total charge: -5.2385e-21
etaHat: 124879
311  fE: -3.00414  dfE: 5.37989e-08  dW: 0.00169411  dPhi(Nx/2)(Ny/2)(Nz/2): 4.54667e-05 Phi A: 0.0041908 Phi B: 0.995809 Phi I: 5.82135e-52
Total charge: -5.2385e-21
etaHat: 124879
312  fE: -3.00414  dfE: 2.69245e-08  dW: 0.00167977  dPhi(Nx/2)(Ny/2)(Nz/2): 4.51795e-05 Phi A: 0.0041908 Phi B: 0.995809 Phi I: 5.82135e-52
Total charge: -5.2385e-21
etaHat: 124879
313  fE: -3.00414  dfE: 1.48635e-09  dW: 0.00166559  dPhi(Nx/2)(Ny/2)(Nz/2): 4.48979e-05 Phi A: 0.0041908 Phi B: 0.995809 Phi I: 5.82135e-52
Total charge: -5.2385e-21
etaHat: 124879
314  fE: -3.00414  dfE: 2.13939e-08  dW: 0.00165155  dPhi(Nx/2)(Ny/2)(Nz/2): 4.46205e-05 Phi A: 0.0041908 Phi B: 0.995809 Phi I: 5.82135e-52
Total charge: -5.2385e-21
etaHat: 124879
315  fE: -3.00414  dfE: 4.08355e-08  dW: 0.00163767  dPhi(Nx/2)(Ny/2)(Nz/2): 4.43459e-05 Phi A: 0.0041908 Phi B: 0.995809 Phi I: 5.82135e-52
Total charge: -5.2385e-21
etaHat: 124879
316  fE: -3.00414  dfE: 5.62189e-08  dW: 0.00162392  dPhi(Nx/2)(Ny/2)(Nz/2): 4.40731e-05 Phi A: 0.0041908 Phi B: 0.995809 Phi I: 5.82135e-52
Total charge: -5.2385e-21
etaHat: 124879
317  fE: -3.00414  dfE: 6.71895e-08  dW: 0.00161031  dPhi(Nx/2)(Ny/2)(Nz/2): 4.3801e-05 Phi A: 0.0041908 Phi B: 0.995809 Phi I: 5.82135e-52
Total charge: -5.2385e-21
etaHat: 124879
318  fE: -3.00414  dfE: 7.36487e-08  dW: 0.00159685  dPhi(Nx/2)(Ny/2)(Nz/2): 4.35288e-05 Phi A: 0.0041908 Phi B: 0.995809 Phi I: 5.82135e-52
Total charge: -5.2385e-21
etaHat: 124879
319  fE: -3.00414  dfE: 7.5733e-08  dW: 0.00158354  dPhi(Nx/2)(Ny/2)(Nz/2): 4.32558e-05 Phi A: 0.0041908 Phi B: 0.995809 Phi I: 5.82135e-52
Total charge: -5.2385e-21
etaHat: 124879
320  fE: -3.00414  dfE: 7.3783e-08  dW: 0.00157036  dPhi(Nx/2)(Ny/2)(Nz/2): 4.29816e-05 Phi A: 0.0041908 Phi B: 0.995809 Phi I: 5.82135e-52
Saving data . . .
Total charge: -5.2385e-21
etaHat: 124879
321  fE: -3.00414  dfE: 6.8306e-08  dW: 0.00155733  dPhi(Nx/2)(Ny/2)(Nz/2): 4.2706e-05 Phi A: 0.0041908 Phi B: 0.995809 Phi I: 5.82135e-52
Total charge: -5.2385e-21
etaHat: 124879
322  fE: -3.00414  dfE: 5.99336e-08  dW: 0.00154443  dPhi(Nx/2)(Ny/2)(Nz/2): 4.24289e-05 Phi A: 0.0041908 Phi B: 0.995809 Phi I: 5.82135e-52
Total charge: -5.2385e-21
etaHat: 124879
323  fE: -3.00414  dfE: 4.93777e-08  dW: 0.00153168  dPhi(Nx/2)(Ny/2)(Nz/2): 4.21504e-05 Phi A: 0.0041908 Phi B: 0.995809 Phi I: 5.82135e-52
Total charge: -5.2385e-21
etaHat: 124879
324  fE: -3.00414  dfE: 3.73869e-08  dW: 0.00151906  dPhi(Nx/2)(Ny/2)(Nz/2): 4.18707e-05 Phi A: 0.0041908 Phi B: 0.995809 Phi I: 5.82135e-52
Total charge: -5.2385e-21
etaHat: 124879
325  fE: -3.00414  dfE: 2.47052e-08  dW: 0.00150656  dPhi(Nx/2)(Ny/2)(Nz/2): 4.15902e-05 Phi A: 0.0041908 Phi B: 0.995809 Phi I: 5.82135e-52
Total charge: -5.2385e-21
etaHat: 124879
326  fE: -3.00414  dfE: 1.20357e-08  dW: 0.0014942  dPhi(Nx/2)(Ny/2)(Nz/2): 4.13091e-05 Phi A: 0.0041908 Phi B: 0.995809 Phi I: 5.82135e-52
Total charge: -5.2385e-21
etaHat: 124879
327  fE: -3.00414  dfE: 9.51283e-12  dW: 0.00148196  dPhi(Nx/2)(Ny/2)(Nz/2): 4.10279e-05 Phi A: 0.0041908 Phi B: 0.995809 Phi I: 5.82135e-52
Total charge: -5.2385e-21
etaHat: 124879
328  fE: -3.00414  dfE: 1.08385e-08  dW: 0.00146985  dPhi(Nx/2)(Ny/2)(Nz/2): 4.07472e-05 Phi A: 0.0041908 Phi B: 0.995809 Phi I: 5.82135e-52
Total charge: -5.2385e-21
etaHat: 124879
329  fE: -3.00414  dfE: 2.00862e-08  dW: 0.00145786  dPhi(Nx/2)(Ny/2)(Nz/2): 4.04671e-05 Phi A: 0.0041908 Phi B: 0.995809 Phi I: 5.82135e-52
Total charge: -5.2385e-21
etaHat: 124879
330  fE: -3.00414  dfE: 2.74343e-08  dW: 0.00144599  dPhi(Nx/2)(Ny/2)(Nz/2): 4.01883e-05 Phi A: 0.0041908 Phi B: 0.995809 Phi I: 5.82135e-52
Saving data . . .
Total charge: -5.2385e-21
etaHat: 124879
331  fE: -3.00414  dfE: 3.27087e-08  dW: 0.00143424  dPhi(Nx/2)(Ny/2)(Nz/2): 3.99108e-05 Phi A: 0.0041908 Phi B: 0.995809 Phi I: 5.82135e-52
Total charge: -5.2385e-21
etaHat: 124879
332  fE: -3.00414  dfE: 3.58561e-08  dW: 0.00142261  dPhi(Nx/2)(Ny/2)(Nz/2): 3.96351e-05 Phi A: 0.0041908 Phi B: 0.995809 Phi I: 5.82135e-52
Total charge: -5.2385e-21
etaHat: 124879
333  fE: -3.00414  dfE: 3.69349e-08  dW: 0.00141109  dPhi(Nx/2)(Ny/2)(Nz/2): 3.93613e-05 Phi A: 0.0041908 Phi B: 0.995809 Phi I: 5.82135e-52
Total charge: -5.2385e-21
etaHat: 124879
334  fE: -3.00414  dfE: 3.61006e-08  dW: 0.00139969  dPhi(Nx/2)(Ny/2)(Nz/2): 3.90894e-05 Phi A: 0.0041908 Phi B: 0.995809 Phi I: 5.82135e-52
Total charge: -5.2385e-21
etaHat: 124879
335  fE: -3.00414  dfE: 3.35883e-08  dW: 0.0013884  dPhi(Nx/2)(Ny/2)(Nz/2): 3.88195e-05 Phi A: 0.0041908 Phi B: 0.995809 Phi I: 5.82135e-52
Total charge: -5.2385e-21
etaHat: 124879
336  fE: -3.00414  dfE: 2.9693e-08  dW: 0.00137723  dPhi(Nx/2)(Ny/2)(Nz/2): 3.85515e-05 Phi A: 0.0041908 Phi B: 0.995809 Phi I: 5.82135e-52
Total charge: -5.2385e-21
etaHat: 124879
337  fE: -3.00414  dfE: 2.47487e-08  dW: 0.00136618  dPhi(Nx/2)(Ny/2)(Nz/2): 3.82854e-05 Phi A: 0.0041908 Phi B: 0.995809 Phi I: 5.82135e-52
Total charge: -5.2385e-21
etaHat: 124879
338  fE: -3.00414  dfE: 1.91079e-08  dW: 0.00135523  dPhi(Nx/2)(Ny/2)(Nz/2): 3.80211e-05 Phi A: 0.0041908 Phi B: 0.995809 Phi I: 5.82135e-52
Total charge: -5.2385e-21
etaHat: 124879
339  fE: -3.00414  dfE: 1.31219e-08  dW: 0.00134441  dPhi(Nx/2)(Ny/2)(Nz/2): 3.77582e-05 Phi A: 0.0041908 Phi B: 0.995809 Phi I: 5.82135e-52
Total charge: -5.2385e-21
etaHat: 124879
340  fE: -3.00414  dfE: 7.1237e-09  dW: 0.00133369  dPhi(Nx/2)(Ny/2)(Nz/2): 3.74967e-05 Phi A: 0.0041908 Phi B: 0.995809 Phi I: 5.82135e-52
Saving data . . .
Total charge: -5.2385e-21
etaHat: 124879
341  fE: -3.00414  dfE: 1.41314e-09  dW: 0.00132307  dPhi(Nx/2)(Ny/2)(Nz/2): 3.72364e-05 Phi A: 0.0041908 Phi B: 0.995809 Phi I: 5.82135e-52
Total charge: -5.2385e-21
etaHat: 124879
342  fE: -3.00414  dfE: 3.75487e-09  dW: 0.00131256  dPhi(Nx/2)(Ny/2)(Nz/2): 3.69771e-05 Phi A: 0.0041908 Phi B: 0.995809 Phi I: 5.82135e-52
Total charge: -5.2385e-21
etaHat: 124879
343  fE: -3.00414  dfE: 8.17804e-09  dW: 0.00130216  dPhi(Nx/2)(Ny/2)(Nz/2): 3.67187e-05 Phi A: 0.0041908 Phi B: 0.995809 Phi I: 5.82135e-52
Total charge: -5.2385e-21
etaHat: 124879
344  fE: -3.00414  dfE: 1.17119e-08  dW: 0.00129186  dPhi(Nx/2)(Ny/2)(Nz/2): 3.6461e-05 Phi A: 0.0041908 Phi B: 0.995809 Phi I: 5.82135e-52
Total charge: -5.2385e-21
etaHat: 124879
345  fE: -3.00414  dfE: 1.42711e-08  dW: 0.00128166  dPhi(Nx/2)(Ny/2)(Nz/2): 3.6204e-05 Phi A: 0.0041908 Phi B: 0.995809 Phi I: 5.82135e-52
Total charge: -5.2385e-21
etaHat: 124879
346  fE: -3.00414  dfE: 1.58273e-08  dW: 0.00127155  dPhi(Nx/2)(Ny/2)(Nz/2): 3.59476e-05 Phi A: 0.0041908 Phi B: 0.995809 Phi I: 5.82135e-52
Total charge: -5.2385e-21
etaHat: 124879
347  fE: -3.00414  dfE: 1.64052e-08  dW: 0.00126155  dPhi(Nx/2)(Ny/2)(Nz/2): 3.56918e-05 Phi A: 0.0041908 Phi B: 0.995809 Phi I: 5.82135e-52
Total charge: -5.2385e-21
etaHat: 124879
348  fE: -3.00414  dfE: 1.60756e-08  dW: 0.00125165  dPhi(Nx/2)(Ny/2)(Nz/2): 3.54368e-05 Phi A: 0.0041908 Phi B: 0.995809 Phi I: 5.82135e-52
Total charge: -5.2385e-21
etaHat: 124879
349  fE: -3.00414  dfE: 1.49476e-08  dW: 0.00124183  dPhi(Nx/2)(Ny/2)(Nz/2): 3.51826e-05 Phi A: 0.0041908 Phi B: 0.995809 Phi I: 5.82135e-52
Total charge: -5.2385e-21
etaHat: 124879
350  fE: -3.00414  dfE: 1.31588e-08  dW: 0.00123211  dPhi(Nx/2)(Ny/2)(Nz/2): 3.49294e-05 Phi A: 0.0041908 Phi B: 0.995809 Phi I: 5.82135e-52
Saving data . . .
Total charge: -5.2385e-21
etaHat: 124879
351  fE: -3.00414  dfE: 1.0866e-08  dW: 0.00122249  dPhi(Nx/2)(Ny/2)(Nz/2): 3.46772e-05 Phi A: 0.0041908 Phi B: 0.995809 Phi I: 5.82135e-52
Total charge: -5.2385e-21
etaHat: 124879
352  fE: -3.00414  dfE: 8.23489e-09  dW: 0.00121296  dPhi(Nx/2)(Ny/2)(Nz/2): 3.44264e-05 Phi A: 0.0041908 Phi B: 0.995809 Phi I: 5.82135e-52
Total charge: -5.2385e-21
etaHat: 124879
353  fE: -3.00414  dfE: 5.43159e-09  dW: 0.00120352  dPhi(Nx/2)(Ny/2)(Nz/2): 3.41771e-05 Phi A: 0.0041908 Phi B: 0.995809 Phi I: 5.82135e-52
Total charge: -5.2385e-21
etaHat: 124879
354  fE: -3.00414  dfE: 2.61364e-09  dW: 0.00119416  dPhi(Nx/2)(Ny/2)(Nz/2): 3.39296e-05 Phi A: 0.0041908 Phi B: 0.995809 Phi I: 5.82135e-52
Total charge: -5.2385e-21
etaHat: 124879
355  fE: -3.00414  dfE: 7.6454e-11  dW: 0.0011849  dPhi(Nx/2)(Ny/2)(Nz/2): 3.36839e-05 Phi A: 0.0041908 Phi B: 0.995809 Phi I: 5.82135e-52
Total charge: -5.2385e-21
etaHat: 124879
356  fE: -3.00414  dfE: 2.51719e-09  dW: 0.00117572  dPhi(Nx/2)(Ny/2)(Nz/2): 3.34404e-05 Phi A: 0.0041908 Phi B: 0.995809 Phi I: 5.82135e-52
Total charge: -5.2385e-21
etaHat: 124879
357  fE: -3.00414  dfE: 4.61178e-09  dW: 0.00116663  dPhi(Nx/2)(Ny/2)(Nz/2): 3.31992e-05 Phi A: 0.0041908 Phi B: 0.995809 Phi I: 5.82135e-52
Total charge: -5.2385e-21
etaHat: 124879
358  fE: -3.00414  dfE: 6.29053e-09  dW: 0.00115762  dPhi(Nx/2)(Ny/2)(Nz/2): 3.29605e-05 Phi A: 0.0041908 Phi B: 0.995809 Phi I: 5.82135e-52
Total charge: -5.2385e-21
etaHat: 124879
359  fE: -3.00414  dfE: 7.51147e-09  dW: 0.00114871  dPhi(Nx/2)(Ny/2)(Nz/2): 3.27244e-05 Phi A: 0.0041908 Phi B: 0.995809 Phi I: 5.82135e-52
Total charge: -5.2385e-21
etaHat: 124879
360  fE: -3.00414  dfE: 8.25983e-09  dW: 0.00113988  dPhi(Nx/2)(Ny/2)(Nz/2): 3.24909e-05 Phi A: 0.0041908 Phi B: 0.995809 Phi I: 5.82135e-52
Saving data . . .
Total charge: -5.2385e-21
etaHat: 124879
361  fE: -3.00414  dfE: 8.54589e-09  dW: 0.00113113  dPhi(Nx/2)(Ny/2)(Nz/2): 3.22602e-05 Phi A: 0.0041908 Phi B: 0.995809 Phi I: 5.82135e-52
Total charge: -5.2385e-21
etaHat: 124879
362  fE: -3.00414  dfE: 8.40196e-09  dW: 0.00112247  dPhi(Nx/2)(Ny/2)(Nz/2): 3.20324e-05 Phi A: 0.0041908 Phi B: 0.995809 Phi I: 5.82135e-52
Total charge: -5.2385e-21
etaHat: 124879
363  fE: -3.00414  dfE: 7.87836e-09  dW: 0.0011139  dPhi(Nx/2)(Ny/2)(Nz/2): 3.18073e-05 Phi A: 0.0041908 Phi B: 0.995809 Phi I: 5.82135e-52
Total charge: -5.2385e-21
etaHat: 124879
364  fE: -3.00414  dfE: 7.03951e-09  dW: 0.00110541  dPhi(Nx/2)(Ny/2)(Nz/2): 3.15849e-05 Phi A: 0.0041908 Phi B: 0.995809 Phi I: 5.82135e-52
Total charge: -5.2385e-21
etaHat: 124879
365  fE: -3.00414  dfE: 5.95874e-09  dW: 0.00109699  dPhi(Nx/2)(Ny/2)(Nz/2): 3.13653e-05 Phi A: 0.0041908 Phi B: 0.995809 Phi I: 5.82135e-52
Total charge: -5.2385e-21
etaHat: 124879
366  fE: -3.00414  dfE: 4.71422e-09  dW: 0.00108866  dPhi(Nx/2)(Ny/2)(Nz/2): 3.11483e-05 Phi A: 0.0041908 Phi B: 0.995809 Phi I: 5.82135e-52
Total charge: -5.2385e-21
etaHat: 124879
367  fE: -3.00414  dfE: 3.38427e-09  dW: 0.0010804  dPhi(Nx/2)(Ny/2)(Nz/2): 3.09338e-05 Phi A: 0.0041908 Phi B: 0.995809 Phi I: 5.82135e-52
Total charge: -5.2385e-21
etaHat: 124879
368  fE: -3.00414  dfE: 2.04346e-09  dW: 0.00107222  dPhi(Nx/2)(Ny/2)(Nz/2): 3.07218e-05 Phi A: 0.0041908 Phi B: 0.995809 Phi I: 5.82135e-52
Total charge: -5.2385e-21
etaHat: 124879
369  fE: -3.00414  dfE: 7.59515e-10  dW: 0.00106412  dPhi(Nx/2)(Ny/2)(Nz/2): 3.0512e-05 Phi A: 0.0041908 Phi B: 0.995809 Phi I: 5.82135e-52
Total charge: -5.2385e-21
etaHat: 124879
370  fE: -3.00414  dfE: 4.0969e-10  dW: 0.00105609  dPhi(Nx/2)(Ny/2)(Nz/2): 3.03045e-05 Phi A: 0.0041908 Phi B: 0.995809 Phi I: 5.82135e-52
Saving data . . .
Total charge: -5.2385e-21
etaHat: 124879
371  fE: -3.00414  dfE: 1.41785e-09  dW: 0.00104813  dPhi(Nx/2)(Ny/2)(Nz/2): 3.00989e-05 Phi A: 0.0041908 Phi B: 0.995809 Phi I: 5.82135e-52
Total charge: -5.2385e-21
etaHat: 124879
372  fE: -3.00414  dfE: 2.23132e-09  dW: 0.00104025  dPhi(Nx/2)(Ny/2)(Nz/2): 2.98952e-05 Phi A: 0.0041908 Phi B: 0.995809 Phi I: 5.82135e-52
Total charge: -5.2385e-21
etaHat: 124879
373  fE: -3.00414  dfE: 2.82957e-09  dW: 0.00103244  dPhi(Nx/2)(Ny/2)(Nz/2): 2.96934e-05 Phi A: 0.0041908 Phi B: 0.995809 Phi I: 5.82135e-52
Total charge: -5.2385e-21
etaHat: 124879
374  fE: -3.00414  dfE: 3.20505e-09  dW: 0.00102469  dPhi(Nx/2)(Ny/2)(Nz/2): 2.94931e-05 Phi A: 0.0041908 Phi B: 0.995809 Phi I: 5.82135e-52
Total charge: -5.2385e-21
etaHat: 124879
375  fE: -3.00414  dfE: 3.36171e-09  dW: 0.00101702  dPhi(Nx/2)(Ny/2)(Nz/2): 2.92944e-05 Phi A: 0.0041908 Phi B: 0.995809 Phi I: 5.82135e-52
Total charge: -5.2385e-21
etaHat: 124879
376  fE: -3.00414  dfE: 3.31444e-09  dW: 0.00100942  dPhi(Nx/2)(Ny/2)(Nz/2): 2.90972e-05 Phi A: 0.0041908 Phi B: 0.995809 Phi I: 5.82135e-52
Total charge: -5.2385e-21
etaHat: 124879
377  fE: -3.00414  dfE: 3.08658e-09  dW: 0.00100189  dPhi(Nx/2)(Ny/2)(Nz/2): 2.89013e-05 Phi A: 0.0041908 Phi B: 0.995809 Phi I: 5.82135e-52
Total charge: -5.2385e-21
etaHat: 124879
378  fE: -3.00414  dfE: 2.70796e-09  dW: 0.000994429  dPhi(Nx/2)(Ny/2)(Nz/2): 2.87067e-05 Phi A: 0.0041908 Phi B: 0.995809 Phi I: 5.82135e-52
Saving data . . .
