Total charge: 124877
etaHat: 124877
0  fE: -9375.06  dfE: 9475.06  dW: 31.1464  dPhi(Nx/2)(Ny/2)(Nz/2): -4.11389 Phi A: 0.607494 Phi B: 4.48374 Phi I: 999.016
Saving data . . .
Total charge: 1.59566
etaHat: 124879
1  fE: -25217.5  dfE: 15842.4  dW: 25.7202  dPhi(Nx/2)(Ny/2)(Nz/2): -1.88478 Phi A: 0.168743 Phi B: 2.70408 Phi I: 0.0127653
Total charge: 1.70054e-18
etaHat: 124879
2  fE: -15.7791  dfE: 25201.7  dW: 23.1746  dPhi(Nx/2)(Ny/2)(Nz/2): -0.937924 Phi A: 0.0725793 Phi B: 1.85779 Phi I: 1.43301e-20
Total charge: -4.82394e-20
etaHat: 124879
3  fE: -11.4812  dfE: 4.29791  dW: 20.7112  dPhi(Nx/2)(Ny/2)(Nz/2): -0.370234 Phi A: 0.0385915 Phi B: 1.32661 Phi I: 5.82388e-52
Total charge: -2.97357e-20
etaHat: 124879
4  fE: -8.38552  dfE: 3.09571  dW: 18.1846  dPhi(Nx/2)(Ny/2)(Nz/2): -0.00697896 Phi A: 0.0237885 Phi B: 0.979711 Phi I: 5.82211e-52
Total charge: -2.04913e-20
etaHat: 124879
5  fE: -6.20372  dfE: 2.1818  dW: 15.6261  dPhi(Nx/2)(Ny/2)(Nz/2): 0.231048 Phi A: 0.0163931 Phi B: 0.75007 Phi I: 5.82054e-52
Total charge: -1.5421e-20
etaHat: 124879
6  fE: -4.68188  dfE: 1.52184  dW: 13.0773  dPhi(Nx/2)(Ny/2)(Nz/2): 0.389105 Phi A: 0.0123368 Phi B: 0.596716 Phi I: 5.81918e-52
Total charge: -1.24754e-20
etaHat: 124879
7  fE: -3.61896  dfE: 1.06293  dW: 10.5732  dPhi(Nx/2)(Ny/2)(Nz/2): 0.494682 Phi A: 0.00998035 Phi B: 0.493926 Phi I: 5.81805e-52
Total charge: -1.07297e-20
etaHat: 124879
8  fE: -2.86962  dfE: 0.749336  dW: 8.1421  dPhi(Nx/2)(Ny/2)(Nz/2): 0.564775 Phi A: 0.00858373 Phi B: 0.425524 Phi I: 5.81715e-52
Total charge: -9.73051e-21
etaHat: 124879
9  fE: -2.33352  dfE: 0.536094  dW: 5.80754  dPhi(Nx/2)(Ny/2)(Nz/2): 0.60993 Phi A: 0.00778441 Phi B: 0.381373 Phi I: 5.81648e-52
Total charge: -9.2445e-21
etaHat: 124879
10  fE: -1.94252  dfE: 0.391001  dW: 3.59029  dPhi(Nx/2)(Ny/2)(Nz/2): 0.636645 Phi A: 0.0073956 Phi B: 0.355193 Phi I: 5.81604e-52
Saving data . . .
Total charge: -9.15031e-21
etaHat: 124879
11  fE: -1.65021  dfE: 0.292312  dW: 1.55264  dPhi(Nx/2)(Ny/2)(Nz/2): 0.648797 Phi A: 0.00732025 Phi B: 0.343223 Phi I: 5.81581e-52
Total charge: -9.38891e-21
etaHat: 124879
12  fE: -1.42443  dfE: 0.225778  dW: 0.801197  dPhi(Nx/2)(Ny/2)(Nz/2): 0.648507 Phi A: 0.00751112 Phi B: 0.343404 Phi I: 5.81578e-52
Total charge: -9.93816e-21
etaHat: 124879
13  fE: -1.24226  dfE: 0.182171  dW: 2.15972  dPhi(Nx/2)(Ny/2)(Nz/2): 0.636649 Phi A: 0.00795053 Phi B: 0.354889 Phi I: 5.81595e-52
Total charge: -1.0798e-20
etaHat: 124879
14  fE: -1.08682  dfE: 0.155438  dW: 3.7028  dPhi(Nx/2)(Ny/2)(Nz/2): 0.61316 Phi A: 0.00863836 Phi B: 0.377751 Phi I: 5.81629e-52
Total charge: -1.19785e-20
etaHat: 124879
15  fE: -0.945581  dfE: 0.141243  dW: 5.01465  dPhi(Nx/2)(Ny/2)(Nz/2): 0.577251 Phi A: 0.00958279 Phi B: 0.412778 Phi I: 5.81678e-52
Total charge: -1.34874e-20
etaHat: 124879
16  fE: -0.809913  dfE: 0.135668  dW: 6.0621  dPhi(Nx/2)(Ny/2)(Nz/2): 0.527598 Phi A: 0.0107899 Phi B: 0.461298 Phi I: 5.81741e-52
Total charge: -1.53126e-20
etaHat: 124879
17  fE: -0.67606  dfE: 0.133853  dW: 6.8078  dPhi(Nx/2)(Ny/2)(Nz/2): 0.462591 Phi A: 0.0122501 Phi B: 0.524944 Phi I: 5.81814e-52
Total charge: -1.73988e-20
etaHat: 124879
18  fE: -0.547507  dfE: 0.128553  dW: 7.21246  dPhi(Nx/2)(Ny/2)(Nz/2): 0.380736 Phi A: 0.013919 Phi B: 0.605267 Phi I: 5.81895e-52
Total charge: -1.96213e-20
etaHat: 124879
19  fE: -0.438527  dfE: 0.108979  dW: 7.23971  dPhi(Nx/2)(Ny/2)(Nz/2): 0.281294 Phi A: 0.015697 Phi B: 0.703125 Phi I: 5.81981e-52
Total charge: -2.17654e-20
etaHat: 124879
20  fE: -0.377588  dfE: 0.0609391  dW: 6.86429  dPhi(Nx/2)(Ny/2)(Nz/2): 0.165165 Phi A: 0.0174123 Phi B: 0.817808 Phi I: 5.82068e-52
Saving data . . .
Total charge: -2.35311e-20
etaHat: 124879
21  fE: -0.407695  dfE: 0.030107  dW: 6.08348  dPhi(Nx/2)(Ny/2)(Nz/2): 0.0359261 Phi A: 0.0188249 Phi B: 0.945999 Phi I: 5.82152e-52
Total charge: -2.45832e-20
etaHat: 124879
22  fE: -0.579569  dfE: 0.171873  dW: 4.93292  dPhi(Nx/2)(Ny/2)(Nz/2): -0.0993716 Phi A: 0.0196666 Phi B: 1.08092 Phi I: 5.82229e-52
Total charge: -2.4651e-20
etaHat: 124879
23  fE: -0.935029  dfE: 0.35546  dW: 4.68463  dPhi(Nx/2)(Ny/2)(Nz/2): -0.230205 Phi A: 0.0197208 Phi B: 1.21226 Phi I: 5.82295e-52
Total charge: -2.36413e-20
etaHat: 124879
24  fE: -1.48407  dfE: 0.549046  dW: 4.57958  dPhi(Nx/2)(Ny/2)(Nz/2): -0.343944 Phi A: 0.018913 Phi B: 1.32744 Phi I: 5.82348e-52
Total charge: -2.16974e-20
etaHat: 124879
25  fE: -2.18737  dfE: 0.703292  dW: 4.28978  dPhi(Nx/2)(Ny/2)(Nz/2): -0.428562 Phi A: 0.0173579 Phi B: 1.41425 Phi I: 5.82384e-52
Total charge: -1.91533e-20
etaHat: 124879
26  fE: -2.95799  dfE: 0.770628  dW: 3.82502  dPhi(Nx/2)(Ny/2)(Nz/2): -0.475802 Phi A: 0.0153227 Phi B: 1.46411 Phi I: 5.82404e-52
Total charge: -1.64062e-20
etaHat: 124879
27  fE: -3.68631  dfE: 0.728312  dW: 3.23338  dPhi(Nx/2)(Ny/2)(Nz/2): -0.483357 Phi A: 0.013125 Phi B: 1.47434 Phi I: 5.82407e-52
Total charge: -1.37876e-20
etaHat: 124879
28  fE: -4.27547  dfE: 0.589163  dW: 3.81577  dPhi(Nx/2)(Ny/2)(Nz/2): -0.45504 Phi A: 0.0110301 Phi B: 1.44844 Phi I: 5.82396e-52
Total charge: -1.14981e-20
etaHat: 124879
29  fE: -4.66834  dfE: 0.392872  dW: 4.5437  dPhi(Nx/2)(Ny/2)(Nz/2): -0.399049 Phi A: 0.00919844 Phi B: 1.39445 Phi I: 5.82372e-52
Total charge: -9.61259e-21
etaHat: 124879
30  fE: -4.85438  dfE: 0.186038  dW: 4.95142  dPhi(Nx/2)(Ny/2)(Nz/2): -0.325386 Phi A: 0.00769008 Phi B: 1.32232 Phi I: 5.8234e-52
Saving data . . .
Total charge: -8.12166e-21
etaHat: 124879
31  fE: -4.85922  dfE: 0.00483972  dW: 5.07108  dPhi(Nx/2)(Ny/2)(Nz/2): -0.243581 Phi A: 0.00649733 Phi B: 1.24161 Phi I: 5.82302e-52
Total charge: -6.97444e-21
etaHat: 124879
32  fE: -4.72721  dfE: 0.132003  dW: 4.94769  dPhi(Nx/2)(Ny/2)(Nz/2): -0.16133 Phi A: 0.00557955 Phi B: 1.16011 Phi I: 5.82261e-52
Total charge: -6.10874e-21
etaHat: 124879
33  fE: -4.506  dfE: 0.221214  dW: 4.63015  dPhi(Nx/2)(Ny/2)(Nz/2): -0.0840665 Phi A: 0.00488699 Phi B: 1.08332 Phi I: 5.82219e-52
Total charge: -5.46649e-21
etaHat: 124879
34  fE: -4.23699  dfE: 0.269008  dW: 4.16597  dPhi(Nx/2)(Ny/2)(Nz/2): -0.0151507 Phi A: 0.0043732 Phi B: 1.01468 Phi I: 5.82179e-52
Total charge: -4.99952e-21
etaHat: 124879
35  fE: -3.95161  dfE: 0.285379  dW: 3.59857  dPhi(Nx/2)(Ny/2)(Nz/2): 0.0436688 Phi A: 0.00399961 Phi B: 0.955997 Phi I: 5.82143e-52
Total charge: -4.67019e-21
etaHat: 124879
36  fE: -3.67127  dfE: 0.280343  dW: 2.96644  dPhi(Nx/2)(Ny/2)(Nz/2): 0.091753 Phi A: 0.00373615 Phi B: 0.907947 Phi I: 5.82112e-52
Total charge: -4.45001e-21
etaHat: 124879
37  fE: -3.40913  dfE: 0.262145  dW: 2.30313  dPhi(Nx/2)(Ny/2)(Nz/2): 0.129151 Phi A: 0.00356001 Phi B: 0.870511 Phi I: 5.82086e-52
Total charge: -4.31757e-21
etaHat: 124879
38  fE: -3.17235  dfE: 0.236781  dW: 1.63767  dPhi(Nx/2)(Ny/2)(Nz/2): 0.156297 Phi A: 0.00345405 Phi B: 0.843274 Phi I: 5.82066e-52
Total charge: -4.25658e-21
etaHat: 124879
39  fE: -2.96416  dfE: 0.20819  dW: 0.995105  dPhi(Nx/2)(Ny/2)(Nz/2): 0.17381 Phi A: 0.00340527 Phi B: 0.825628 Phi I: 5.82052e-52
Total charge: -4.25424e-21
etaHat: 124879
40  fE: -2.78547  dfE: 0.17869  dW: 0.47554  dPhi(Nx/2)(Ny/2)(Nz/2): 0.182387 Phi A: 0.00340339 Phi B: 0.816884 Phi I: 5.82044e-52
Saving data . . .
Total charge: -4.29978e-21
etaHat: 124879
41  fE: -2.63604  dfE: 0.149428  dW: 0.302309  dPhi(Nx/2)(Ny/2)(Nz/2): 0.182755 Phi A: 0.00343982 Phi B: 0.81632 Phi I: 5.82043e-52
Total charge: -4.38342e-21
etaHat: 124879
42  fE: -2.51528  dfE: 0.120762  dW: 0.597072  dPhi(Nx/2)(Ny/2)(Nz/2): 0.175666 Phi A: 0.00350674 Phi B: 0.823184 Phi I: 5.82046e-52
Total charge: -4.49551e-21
etaHat: 124879
43  fE: -2.4227  dfE: 0.0925787  dW: 0.966051  dPhi(Nx/2)(Ny/2)(Nz/2): 0.161922 Phi A: 0.00359641 Phi B: 0.83668 Phi I: 5.82055e-52
Total charge: -4.62592e-21
etaHat: 124879
44  fE: -2.35816  dfE: 0.0645369  dW: 1.23754  dPhi(Nx/2)(Ny/2)(Nz/2): 0.142409 Phi A: 0.00370074 Phi B: 0.855921 Phi I: 5.82067e-52
Total charge: -4.76379e-21
etaHat: 124879
45  fE: -2.32187  dfE: 0.0362925  dW: 1.40711  dPhi(Nx/2)(Ny/2)(Nz/2): 0.118139 Phi A: 0.00381103 Phi B: 0.879901 Phi I: 5.82082e-52
Total charge: -4.89767e-21
etaHat: 124879
46  fE: -2.31417  dfE: 0.00769872  dW: 1.47454  dPhi(Nx/2)(Ny/2)(Nz/2): 0.0902766 Phi A: 0.00391813 Phi B: 0.907457 Phi I: 5.82099e-52
Total charge: -5.01596e-21
etaHat: 124879
47  fE: -2.33519  dfE: 0.0210167  dW: 1.44406  dPhi(Nx/2)(Ny/2)(Nz/2): 0.0601517 Phi A: 0.00401277 Phi B: 0.937267 Phi I: 5.82117e-52
Total charge: -5.10784e-21
etaHat: 124879
48  fE: -2.38431  dfE: 0.0491259  dW: 1.32448  dPhi(Nx/2)(Ny/2)(Nz/2): 0.0292334 Phi A: 0.00408627 Phi B: 0.967868 Phi I: 5.82135e-52
Total charge: -5.16429e-21
etaHat: 124879
49  fE: -2.45968  dfE: 0.0753714  dW: 1.12926  dPhi(Nx/2)(Ny/2)(Nz/2): -0.000928417 Phi A: 0.00413143 Phi B: 0.997719 Phi I: 5.82152e-52
Total charge: -5.17921e-21
etaHat: 124879
50  fE: -2.55776  dfE: 0.0980736  dW: 1.0402  dPhi(Nx/2)(Ny/2)(Nz/2): -0.0287985 Phi A: 0.00414337 Phi B: 1.02529 Phi I: 5.82167e-52
Saving data . . .
Total charge: -5.15017e-21
etaHat: 124879
51  fE: -2.67314  dfE: 0.115386  dW: 1.03203  dPhi(Nx/2)(Ny/2)(Nz/2): -0.0529764 Phi A: 0.00412013 Phi B: 1.04919 Phi I: 5.8218e-52
Total charge: -5.07865e-21
etaHat: 124879
52  fE: -2.7988  dfE: 0.125661  dW: 0.987359  dPhi(Nx/2)(Ny/2)(Nz/2): -0.0723219 Phi A: 0.00406292 Phi B: 1.06829 Phi I: 5.8219e-52
Total charge: -4.96977e-21
etaHat: 124879
53  fE: -2.92663  dfE: 0.127831  dW: 0.910256  dPhi(Nx/2)(Ny/2)(Nz/2): -0.0860602 Phi A: 0.00397582 Phi B: 1.08181 Phi I: 5.82196e-52
Total charge: -4.83132e-21
etaHat: 124879
54  fE: -3.04833  dfE: 0.121698  dW: 0.806615  dPhi(Nx/2)(Ny/2)(Nz/2): -0.0938472 Phi A: 0.00386505 Phi B: 1.08941 Phi I: 5.822e-52
Total charge: -4.67261e-21
etaHat: 124879
55  fE: -3.15636  dfE: 0.108025  dW: 0.69689  dPhi(Nx/2)(Ny/2)(Nz/2): -0.0957802 Phi A: 0.00373809 Phi B: 1.0912 Phi I: 5.822e-52
Total charge: -4.50325e-21
etaHat: 124879
56  fE: -3.24477  dfE: 0.0884134  dW: 0.817884  dPhi(Nx/2)(Ny/2)(Nz/2): -0.0923535 Phi A: 0.0036026 Phi B: 1.08766 Phi I: 5.82198e-52
Total charge: -4.33212e-21
etaHat: 124879
57  fE: -3.30977  dfE: 0.0650034  dW: 0.979657  dPhi(Nx/2)(Ny/2)(Nz/2): -0.084373 Phi A: 0.00346569 Phi B: 1.0796 Phi I: 5.82193e-52
Total charge: -4.16667e-21
etaHat: 124879
58  fE: -3.34987  dfE: 0.0400971  dW: 1.08544  dPhi(Nx/2)(Ny/2)(Nz/2): -0.0728456 Phi A: 0.00333334 Phi B: 1.06802 Phi I: 5.82186e-52
Total charge: -4.01269e-21
etaHat: 124879
59  fE: -3.36568  dfE: 0.015812  dW: 1.13563  dPhi(Nx/2)(Ny/2)(Nz/2): -0.0588671 Phi A: 0.00321015 Phi B: 1.05402 Phi I: 5.82178e-52
Total charge: -3.87417e-21
etaHat: 124879
60  fE: -3.35952  dfE: 0.00616307  dW: 1.13373  dPhi(Nx/2)(Ny/2)(Nz/2): -0.0435234 Phi A: 0.00309934 Phi B: 1.03867 Phi I: 5.82169e-52
Saving data . . .
Total charge: -3.75359e-21
etaHat: 124879
61  fE: -3.33484  dfE: 0.0246815  dW: 1.08552  dPhi(Nx/2)(Ny/2)(Nz/2): -0.0278143 Phi A: 0.00300287 Phi B: 1.02297 Phi I: 5.82159e-52
Total charge: -3.65212e-21
etaHat: 124879
62  fE: -3.2957  dfE: 0.0391357  dW: 0.998384  dPhi(Nx/2)(Ny/2)(Nz/2): -0.0126041 Phi A: 0.00292169 Phi B: 1.00778 Phi I: 5.8215e-52
Total charge: -3.5699e-21
etaHat: 124879
63  fE: -3.24633  dfE: 0.0493745  dW: 0.880679  dPhi(Nx/2)(Ny/2)(Nz/2): 0.00140386 Phi A: 0.00285592 Phi B: 0.993806 Phi I: 5.82142e-52
Total charge: -3.50633e-21
etaHat: 124879
64  fE: -3.19074  dfE: 0.055584  dW: 0.741152  dPhi(Nx/2)(Ny/2)(Nz/2): 0.0136741 Phi A: 0.00280506 Phi B: 0.981574 Phi I: 5.82134e-52
Total charge: -3.46025e-21
etaHat: 124879
65  fE: -3.13258  dfE: 0.0581646  dW: 0.5885  dPhi(Nx/2)(Ny/2)(Nz/2): 0.0238331 Phi A: 0.0027682 Phi B: 0.971457 Phi I: 5.82127e-52
Total charge: -3.43012e-21
etaHat: 124879
66  fE: -3.07495  dfE: 0.0576276  dW: 0.431005  dPhi(Nx/2)(Ny/2)(Nz/2): 0.0316559 Phi A: 0.0027441 Phi B: 0.96368 Phi I: 5.82122e-52
Total charge: -3.41409e-21
etaHat: 124879
67  fE: -3.02043  dfE: 0.0545179  dW: 0.276252  dPhi(Nx/2)(Ny/2)(Nz/2): 0.0370494 Phi A: 0.00273127 Phi B: 0.958334 Phi I: 5.82119e-52
Total charge: -3.41011e-21
etaHat: 124879
68  fE: -2.97107  dfE: 0.049366  dW: 0.138275  dPhi(Nx/2)(Ny/2)(Nz/2): 0.0400346 Phi A: 0.00272809 Phi B: 0.955399 Phi I: 5.82116e-52
Total charge: -3.41598e-21
etaHat: 124879
69  fE: -2.9284  dfE: 0.0426637  dW: 0.0768586  dPhi(Nx/2)(Ny/2)(Nz/2): 0.0407305 Phi A: 0.00273278 Phi B: 0.954756 Phi I: 5.82116e-52
Total charge: -3.42939e-21
etaHat: 124879
70  fE: -2.89355  dfE: 0.0348571  dW: 0.113426  dPhi(Nx/2)(Ny/2)(Nz/2): 0.0393382 Phi A: 0.00274351 Phi B: 0.956206 Phi I: 5.82116e-52
Saving data . . .
Total charge: -3.44801e-21
etaHat: 124879
71  fE: -2.86719  dfE: 0.0263515  dW: 0.19885  dPhi(Nx/2)(Ny/2)(Nz/2): 0.0361264 Phi A: 0.0027584 Phi B: 0.959481 Phi I: 5.82118e-52
Total charge: -3.46949e-21
etaHat: 124879
72  fE: -2.84967  dfE: 0.0175201  dW: 0.262952  dPhi(Nx/2)(Ny/2)(Nz/2): 0.0314169 Phi A: 0.00277559 Phi B: 0.96426 Phi I: 5.8212e-52
Total charge: -3.4916e-21
etaHat: 124879
73  fE: -2.84096  dfE: 0.00871369  dW: 0.30216  dPhi(Nx/2)(Ny/2)(Nz/2): 0.0255702 Phi A: 0.00279328 Phi B: 0.970184 Phi I: 5.82124e-52
Total charge: -3.51228e-21
etaHat: 124879
74  fE: -2.84069  dfE: 0.000266267  dW: 0.31714  dPhi(Nx/2)(Ny/2)(Nz/2): 0.0189691 Phi A: 0.00280982 Phi B: 0.976871 Phi I: 5.82127e-52
Total charge: -3.52971e-21
etaHat: 124879
75  fE: -2.8482  dfE: 0.00750556  dW: 0.30966  dPhi(Nx/2)(Ny/2)(Nz/2): 0.012003 Phi A: 0.00282377 Phi B: 0.983933 Phi I: 5.82131e-52
Total charge: -3.54245e-21
etaHat: 124879
76  fE: -2.86251  dfE: 0.0143099  dW: 0.282496  dPhi(Nx/2)(Ny/2)(Nz/2): 0.00504956 Phi A: 0.00283396 Phi B: 0.990992 Phi I: 5.82135e-52
Total charge: -3.54941e-21
etaHat: 124879
77  fE: -2.8824  dfE: 0.019893  dW: 0.24676  dPhi(Nx/2)(Ny/2)(Nz/2): -0.00154185 Phi A: 0.00283953 Phi B: 0.997698 Phi I: 5.82139e-52
Total charge: -3.54999e-21
etaHat: 124879
78  fE: -2.90646  dfE: 0.0240565  dW: 0.237627  dPhi(Nx/2)(Ny/2)(Nz/2): -0.00746665 Phi A: 0.00283999 Phi B: 1.00375 Phi I: 5.82142e-52
Total charge: -3.544e-21
etaHat: 124879
79  fE: -2.93313  dfE: 0.0266748  dW: 0.234728  dPhi(Nx/2)(Ny/2)(Nz/2): -0.0124786 Phi A: 0.0028352 Phi B: 1.00889 Phi I: 5.82145e-52
Total charge: -3.53171e-21
etaHat: 124879
80  fE: -2.96084  dfE: 0.0277084  dW: 0.224071  dPhi(Nx/2)(Ny/2)(Nz/2): -0.0163996 Phi A: 0.00282537 Phi B: 1.01294 Phi I: 5.82147e-52
Saving data . . .
Total charge: -3.51374e-21
etaHat: 124879
81  fE: -2.98805  dfE: 0.0272105  dW: 0.20655  dPhi(Nx/2)(Ny/2)(Nz/2): -0.0191254 Phi A: 0.00281099 Phi B: 1.01581 Phi I: 5.82149e-52
Total charge: -3.491e-21
etaHat: 124879
82  fE: -3.01338  dfE: 0.0253245  dW: 0.183934  dPhi(Nx/2)(Ny/2)(Nz/2): -0.0206257 Phi A: 0.0027928 Phi B: 1.01744 Phi I: 5.82149e-52
Total charge: -3.4646e-21
etaHat: 124879
83  fE: -3.03565  dfE: 0.0222708  dW: 0.16777  dPhi(Nx/2)(Ny/2)(Nz/2): -0.0209395 Phi A: 0.00277168 Phi B: 1.01789 Phi I: 5.82149e-52
Total charge: -3.43578e-21
etaHat: 124879
84  fE: -3.05398  dfE: 0.0183274  dW: 0.186286  dPhi(Nx/2)(Ny/2)(Nz/2): -0.0201665 Phi A: 0.00274863 Phi B: 1.01725 Phi I: 5.82149e-52
Total charge: -3.40577e-21
etaHat: 124879
85  fE: -3.06778  dfE: 0.0138042  dW: 0.220225  dPhi(Nx/2)(Ny/2)(Nz/2): -0.018455 Phi A: 0.00272461 Phi B: 1.01566 Phi I: 5.82148e-52
Total charge: -3.37573e-21
etaHat: 124879
86  fE: -3.0768  dfE: 0.00901683  dW: 0.244958  dPhi(Nx/2)(Ny/2)(Nz/2): -0.0159883 Phi A: 0.00270059 Phi B: 1.01331 Phi I: 5.82146e-52
Total charge: -3.34674e-21
etaHat: 124879
87  fE: -3.08106  dfE: 0.00426234  dW: 0.257793  dPhi(Nx/2)(Ny/2)(Nz/2): -0.0129698 Phi A: 0.00267739 Phi B: 1.0104 Phi I: 5.82144e-52
Total charge: -3.31968e-21
etaHat: 124879
88  fE: -3.08086  dfE: 0.000199763  dW: 0.259161  dPhi(Nx/2)(Ny/2)(Nz/2): -0.00960963 Phi A: 0.00265574 Phi B: 1.00713 Phi I: 5.82142e-52
Total charge: -3.29525e-21
etaHat: 124879
89  fE: -3.0767  dfE: 0.00416058  dW: 0.250062  dPhi(Nx/2)(Ny/2)(Nz/2): -0.0061122 Phi A: 0.0026362 Phi B: 1.00372 Phi I: 5.8214e-52
Total charge: -3.27397e-21
etaHat: 124879
90  fE: -3.06923  dfE: 0.00746813  dW: 0.231924  dPhi(Nx/2)(Ny/2)(Nz/2): -0.00266605 Phi A: 0.00261918 Phi B: 1.00034 Phi I: 5.82138e-52
Saving data . . .
Total charge: -3.25615e-21
etaHat: 124879
91  fE: -3.0592  dfE: 0.0100279  dW: 0.206472  dPhi(Nx/2)(Ny/2)(Nz/2): 0.000563937 Phi A: 0.00260492 Phi B: 0.997172 Phi I: 5.82136e-52
Total charge: -3.24192e-21
etaHat: 124879
92  fE: -3.0474  dfE: 0.011799  dW: 0.175615  dPhi(Nx/2)(Ny/2)(Nz/2): 0.00344197 Phi A: 0.00259354 Phi B: 0.994341 Phi I: 5.82134e-52
Total charge: -3.23124e-21
etaHat: 124879
93  fE: -3.03462  dfE: 0.0127872  dW: 0.14133  dPhi(Nx/2)(Ny/2)(Nz/2): 0.0058644 Phi A: 0.00258499 Phi B: 0.991954 Phi I: 5.82133e-52
Total charge: -3.22393e-21
etaHat: 124879
94  fE: -3.02158  dfE: 0.0130366  dW: 0.105557  dPhi(Nx/2)(Ny/2)(Nz/2): 0.00776093 Phi A: 0.00257914 Phi B: 0.990082 Phi I: 5.82132e-52
Total charge: -3.21969e-21
etaHat: 124879
95  fE: -3.00896  dfE: 0.0126211  dW: 0.0702769  dPhi(Nx/2)(Ny/2)(Nz/2): 0.00909394 Phi A: 0.00257575 Phi B: 0.988764 Phi I: 5.82131e-52
Total charge: -3.21812e-21
etaHat: 124879
96  fE: -2.99732  dfE: 0.0116359  dW: 0.0405493  dPhi(Nx/2)(Ny/2)(Nz/2): 0.00985666 Phi A: 0.00257449 Phi B: 0.988007 Phi I: 5.8213e-52
Total charge: -3.21875e-21
etaHat: 124879
97  fE: -2.98713  dfE: 0.0101904  dW: 0.0257194  dPhi(Nx/2)(Ny/2)(Nz/2): 0.01007 Phi A: 0.002575 Phi B: 0.987791 Phi I: 5.8213e-52
Total charge: -3.22108e-21
etaHat: 124879
98  fE: -2.97873  dfE: 0.0084015  dW: 0.0286585  dPhi(Nx/2)(Ny/2)(Nz/2): 0.00977895 Phi A: 0.00257686 Phi B: 0.988072 Phi I: 5.8213e-52
Total charge: -3.22457e-21
etaHat: 124879
99  fE: -2.97234  dfE: 0.00638821  dW: 0.0418405  dPhi(Nx/2)(Ny/2)(Nz/2): 0.00904775 Phi A: 0.00257966 Phi B: 0.988788 Phi I: 5.8213e-52
Total charge: -3.22871e-21
etaHat: 124879
100  fE: -2.96808  dfE: 0.00426715  dW: 0.0553981  dPhi(Nx/2)(Ny/2)(Nz/2): 0.00795542 Phi A: 0.00258296 Phi B: 0.989859 Phi I: 5.82131e-52
Saving data . . .
Total charge: -3.233e-21
etaHat: 124879
101  fE: -2.96593  dfE: 0.00214833  dW: 0.0645928  dPhi(Nx/2)(Ny/2)(Nz/2): 0.00659054 Phi A: 0.0025864 Phi B: 0.991198 Phi I: 5.82132e-52
Total charge: -3.237e-21
etaHat: 124879
102  fE: -2.9658  dfE: 0.000131626  dW: 0.0685271  dPhi(Nx/2)(Ny/2)(Nz/2): 0.00504631 Phi A: 0.0025896 Phi B: 0.992713 Phi I: 5.82132e-52
Total charge: -3.24034e-21
etaHat: 124879
103  fE: -2.96749  dfE: 0.00169634  dW: 0.0677461  dPhi(Nx/2)(Ny/2)(Nz/2): 0.00341568 Phi A: 0.00259227 Phi B: 0.994311 Phi I: 5.82133e-52
Total charge: -3.24272e-21
etaHat: 124879
104  fE: -2.97076  dfE: 0.00326489  dW: 0.0637578  dPhi(Nx/2)(Ny/2)(Nz/2): 0.00178695 Phi A: 0.00259418 Phi B: 0.995907 Phi I: 5.82134e-52
Total charge: -3.24394e-21
etaHat: 124879
105  fE: -2.97528  dfE: 0.00452132  dW: 0.0591458  dPhi(Nx/2)(Ny/2)(Nz/2): 0.000239829 Phi A: 0.00259515 Phi B: 0.997419 Phi I: 5.82135e-52
Total charge: -3.24386e-21
etaHat: 124879
106  fE: -2.98071  dfE: 0.00543224  dW: 0.0559536  dPhi(Nx/2)(Ny/2)(Nz/2): -0.00115766 Phi A: 0.00259509 Phi B: 0.998782 Phi I: 5.82136e-52
Total charge: -3.24246e-21
etaHat: 124879
107  fE: -2.98669  dfE: 0.00598399  dW: 0.0540325  dPhi(Nx/2)(Ny/2)(Nz/2): -0.00235157 Phi A: 0.00259397 Phi B: 0.999941 Phi I: 5.82136e-52
Total charge: -3.23978e-21
etaHat: 124879
108  fE: -2.99288  dfE: 0.00618207  dW: 0.0517123  dPhi(Nx/2)(Ny/2)(Nz/2): -0.00330347 Phi A: 0.00259183 Phi B: 1.00086 Phi I: 5.82137e-52
Total charge: -3.23594e-21
etaHat: 124879
109  fE: -2.99893  dfE: 0.00604958  dW: 0.0486968  dPhi(Nx/2)(Ny/2)(Nz/2): -0.00399087 Phi A: 0.00258875 Phi B: 1.00151 Phi I: 5.82137e-52
Total charge: -3.2311e-21
etaHat: 124879
110  fE: -3.00455  dfE: 0.00562473  dW: 0.0462905  dPhi(Nx/2)(Ny/2)(Nz/2): -0.00440696 Phi A: 0.00258488 Phi B: 1.0019 Phi I: 5.82137e-52
Saving data . . .
Total charge: -3.22548e-21
etaHat: 124879
111  fE: -3.00951  dfE: 0.00495751  dW: 0.0461548  dPhi(Nx/2)(Ny/2)(Nz/2): -0.0045593 Phi A: 0.00258038 Phi B: 1.00202 Phi I: 5.82137e-52
Total charge: -3.21931e-21
etaHat: 124879
112  fE: -3.01361  dfE: 0.00410601  dW: 0.0486532  dPhi(Nx/2)(Ny/2)(Nz/2): -0.0044681 Phi A: 0.00257545 Phi B: 1.0019 Phi I: 5.82137e-52
Total charge: -3.21283e-21
etaHat: 124879
113  fE: -3.01675  dfE: 0.00313239  dW: 0.052774  dPhi(Nx/2)(Ny/2)(Nz/2): -0.0041638 Phi A: 0.00257027 Phi B: 1.00157 Phi I: 5.82137e-52
Total charge: -3.2063e-21
etaHat: 124879
114  fE: -3.01885  dfE: 0.00209906  dW: 0.0567329  dPhi(Nx/2)(Ny/2)(Nz/2): -0.0036845 Phi A: 0.00256504 Phi B: 1.00107 Phi I: 5.82137e-52
Total charge: -3.19992e-21
etaHat: 124879
115  fE: -3.01991  dfE: 0.00106514  dW: 0.05919  dPhi(Nx/2)(Ny/2)(Nz/2): -0.00307316 Phi A: 0.00255994 Phi B: 1.00044 Phi I: 5.82136e-52
Total charge: -3.1939e-21
etaHat: 124879
116  fE: -3.01999  dfE: 8.35779e-05  dW: 0.0595158  dPhi(Nx/2)(Ny/2)(Nz/2): -0.00237488 Phi A: 0.00255512 Phi B: 0.999718 Phi I: 5.82136e-52
Total charge: -3.18841e-21
etaHat: 124879
117  fE: -3.01919  dfE: 0.000801109  dW: 0.0576217  dPhi(Nx/2)(Ny/2)(Nz/2): -0.00163438 Phi A: 0.00255072 Phi B: 0.99896 Phi I: 5.82135e-52
Total charge: -3.18356e-21
etaHat: 124879
118  fE: -3.01764  dfE: 0.00155424  dW: 0.0537215  dPhi(Nx/2)(Ny/2)(Nz/2): -0.000893762 Phi A: 0.00254685 Phi B: 0.998204 Phi I: 5.82135e-52
Total charge: -3.17944e-21
etaHat: 124879
119  fE: -3.01549  dfE: 0.00215169  dW: 0.0481741  dPhi(Nx/2)(Ny/2)(Nz/2): -0.00019069 Phi A: 0.00254355 Phi B: 0.997488 Phi I: 5.82134e-52
Total charge: -3.1761e-21
etaHat: 124879
120  fE: -3.01291  dfE: 0.00257987  dW: 0.0414289  dPhi(Nx/2)(Ny/2)(Nz/2): 0.000443057 Phi A: 0.00254088 Phi B: 0.996843 Phi I: 5.82134e-52
Saving data . . .
Total charge: -3.17353e-21
etaHat: 124879
121  fE: -3.01007  dfE: 0.00283525  dW: 0.0340683  dPhi(Nx/2)(Ny/2)(Nz/2): 0.000982524 Phi A: 0.00253883 Phi B: 0.996294 Phi I: 5.82134e-52
Total charge: -3.17172e-21
etaHat: 124879
122  fE: -3.00715  dfE: 0.00292325  dW: 0.0269147  dPhi(Nx/2)(Ny/2)(Nz/2): 0.00141009 Phi A: 0.00253738 Phi B: 0.995858 Phi I: 5.82133e-52
Total charge: -3.1706e-21
etaHat: 124879
123  fE: -3.00429  dfE: 0.00285701  dW: 0.0209835  dPhi(Nx/2)(Ny/2)(Nz/2): 0.00171559 Phi A: 0.00253648 Phi B: 0.995547 Phi I: 5.82133e-52
Total charge: -3.17009e-21
etaHat: 124879
124  fE: -3.00164  dfE: 0.00265582  dW: 0.0170357  dPhi(Nx/2)(Ny/2)(Nz/2): 0.00189599 Phi A: 0.00253607 Phi B: 0.995362 Phi I: 5.82133e-52
Total charge: -3.17008e-21
etaHat: 124879
125  fE: -2.99929  dfE: 0.00234351  dW: 0.0151413  dPhi(Nx/2)(Ny/2)(Nz/2): 0.00195486 Phi A: 0.00253607 Phi B: 0.995301 Phi I: 5.82133e-52
Total charge: -3.17047e-21
etaHat: 124879
126  fE: -2.99735  dfE: 0.00194683  dW: 0.0148852  dPhi(Nx/2)(Ny/2)(Nz/2): 0.00190146 Phi A: 0.00253637 Phi B: 0.995353 Phi I: 5.82133e-52
Total charge: -3.17112e-21
etaHat: 124879
127  fE: -2.99585  dfE: 0.00149384  dW: 0.0156409  dPhi(Nx/2)(Ny/2)(Nz/2): 0.00174975 Phi A: 0.0025369 Phi B: 0.995505 Phi I: 5.82133e-52
Total charge: -3.17194e-21
etaHat: 124879
128  fE: -2.99484  dfE: 0.00101252  dW: 0.0167706  dPhi(Nx/2)(Ny/2)(Nz/2): 0.0015172 Phi A: 0.00253755 Phi B: 0.995739 Phi I: 5.82133e-52
Total charge: -3.1728e-21
etaHat: 124879
129  fE: -2.99431  dfE: 0.000529386  dW: 0.0177641  dPhi(Nx/2)(Ny/2)(Nz/2): 0.0012236 Phi A: 0.00253824 Phi B: 0.996036 Phi I: 5.82133e-52
Total charge: -3.17361e-21
etaHat: 124879
130  fE: -2.99424  dfE: 6.84384e-05  dW: 0.018328  dPhi(Nx/2)(Ny/2)(Nz/2): 0.000889827 Phi A: 0.00253889 Phi B: 0.996374 Phi I: 5.82133e-52
Saving data . . .
Total charge: -3.17428e-21
etaHat: 124879
131  fE: -2.99459  dfE: 0.000349767  dW: 0.0183781  dPhi(Nx/2)(Ny/2)(Nz/2): 0.00053671 Phi A: 0.00253943 Phi B: 0.996732 Phi I: 5.82134e-52
Total charge: -3.17476e-21
etaHat: 124879
132  fE: -2.9953  dfE: 0.000708766  dW: 0.0180004  dPhi(Nx/2)(Ny/2)(Nz/2): 0.000183999 Phi A: 0.0025398 Phi B: 0.997091 Phi I: 5.82134e-52
Total charge: -3.17498e-21
etaHat: 124879
133  fE: -2.9963  dfE: 0.000996603  dW: 0.0173592  dPhi(Nx/2)(Ny/2)(Nz/2): -0.000150517 Phi A: 0.00253998 Phi B: 0.997432 Phi I: 5.82134e-52
Total charge: -3.17492e-21
etaHat: 124879
134  fE: -2.9975  dfE: 0.001206  dW: 0.0166568  dPhi(Nx/2)(Ny/2)(Nz/2): -0.000451711 Phi A: 0.00253994 Phi B: 0.997741 Phi I: 5.82134e-52
Total charge: -3.17458e-21
etaHat: 124879
135  fE: -2.99884  dfE: 0.00133428  dW: 0.0160588  dPhi(Nx/2)(Ny/2)(Nz/2): -0.000707613 Phi A: 0.00253966 Phi B: 0.998005 Phi I: 5.82134e-52
Total charge: -3.17396e-21
etaHat: 124879
136  fE: -3.00022  dfE: 0.00138307  dW: 0.0156845  dPhi(Nx/2)(Ny/2)(Nz/2): -0.000909704 Phi A: 0.00253917 Phi B: 0.998216 Phi I: 5.82134e-52
Total charge: -3.17308e-21
etaHat: 124879
137  fE: -3.00158  dfE: 0.00135782  dW: 0.0155629  dPhi(Nx/2)(Ny/2)(Nz/2): -0.001053 Phi A: 0.00253846 Phi B: 0.998368 Phi I: 5.82134e-52
Total charge: -3.17198e-21
etaHat: 124879
138  fE: -3.00285  dfE: 0.00126719  dW: 0.0156699  dPhi(Nx/2)(Ny/2)(Nz/2): -0.00113598 Phi A: 0.00253759 Phi B: 0.998459 Phi I: 5.82134e-52
Total charge: -3.17071e-21
etaHat: 124879
139  fE: -3.00397  dfE: 0.00112225  dW: 0.0159401  dPhi(Nx/2)(Ny/2)(Nz/2): -0.00116026 Phi A: 0.00253657 Phi B: 0.998492 Phi I: 5.82134e-52
Total charge: -3.16931e-21
etaHat: 124879
140  fE: -3.0049  dfE: 0.000935741  dW: 0.016295  dPhi(Nx/2)(Ny/2)(Nz/2): -0.00113026 Phi A: 0.00253545 Phi B: 0.998471 Phi I: 5.82134e-52
Saving data . . .
Total charge: -3.16784e-21
etaHat: 124879
141  fE: -3.00562  dfE: 0.000721208  dW: 0.0166208  dPhi(Nx/2)(Ny/2)(Nz/2): -0.00105268 Phi A: 0.00253428 Phi B: 0.998402 Phi I: 5.82134e-52
Total charge: -3.16636e-21
etaHat: 124879
142  fE: -3.00612  dfE: 0.000492262  dW: 0.0168129  dPhi(Nx/2)(Ny/2)(Nz/2): -0.000935923 Phi A: 0.00253308 Phi B: 0.998293 Phi I: 5.82134e-52
Total charge: -3.1649e-21
etaHat: 124879
143  fE: -3.00638  dfE: 0.000261857  dW: 0.0167847  dPhi(Nx/2)(Ny/2)(Nz/2): -0.000789502 Phi A: 0.00253192 Phi B: 0.998154 Phi I: 5.82134e-52
Total charge: -3.16351e-21
etaHat: 124879
144  fE: -3.00642  dfE: 4.17033e-05  dW: 0.016488  dPhi(Nx/2)(Ny/2)(Nz/2): -0.000623465 Phi A: 0.00253081 Phi B: 0.997996 Phi I: 5.82134e-52
Total charge: -3.16224e-21
etaHat: 124879
145  fE: -3.00626  dfE: 0.000158207  dW: 0.0159118  dPhi(Nx/2)(Ny/2)(Nz/2): -0.000447824 Phi A: 0.00252979 Phi B: 0.997827 Phi I: 5.82134e-52
Total charge: -3.16111e-21
etaHat: 124879
146  fE: -3.00593  dfE: 0.000329925  dW: 0.0150964  dPhi(Nx/2)(Ny/2)(Nz/2): -0.000272063 Phi A: 0.00252889 Phi B: 0.997657 Phi I: 5.82134e-52
Total charge: -3.16015e-21
etaHat: 124879
147  fE: -3.00546  dfE: 0.000467737  dW: 0.0141196  dPhi(Nx/2)(Ny/2)(Nz/2): -0.000104713 Phi A: 0.00252812 Phi B: 0.997495 Phi I: 5.82134e-52
Total charge: -3.15935e-21
etaHat: 124879
148  fE: -3.0049  dfE: 0.000568215  dW: 0.0130803  dPhi(Nx/2)(Ny/2)(Nz/2): 4.69742e-05 Phi A: 0.00252748 Phi B: 0.997349 Phi I: 5.82134e-52
Total charge: -3.15873e-21
etaHat: 124879
149  fE: -3.00427  dfE: 0.000630153  dW: 0.0120928  dPhi(Nx/2)(Ny/2)(Nz/2): 0.000177257 Phi A: 0.00252698 Phi B: 0.997223 Phi I: 5.82134e-52
Total charge: -3.15828e-21
etaHat: 124879
150  fE: -3.00361  dfE: 0.00065439  dW: 0.0112356  dPhi(Nx/2)(Ny/2)(Nz/2): 0.000282041 Phi A: 0.00252662 Phi B: 0.997123 Phi I: 5.82134e-52
Saving data . . .
Total charge: -3.15799e-21
etaHat: 124879
151  fE: -3.00297  dfE: 0.000643557  dW: 0.0105594  dPhi(Nx/2)(Ny/2)(Nz/2): 0.000358912 Phi A: 0.00252639 Phi B: 0.99705 Phi I: 5.82134e-52
Total charge: -3.15783e-21
etaHat: 124879
152  fE: -3.00237  dfE: 0.000601757  dW: 0.0100814  dPhi(Nx/2)(Ny/2)(Nz/2): 0.00040709 Phi A: 0.00252627 Phi B: 0.997006 Phi I: 5.82133e-52
Total charge: -3.1578e-21
etaHat: 124879
153  fE: -3.00183  dfE: 0.000534214  dW: 0.00977808  dPhi(Nx/2)(Ny/2)(Nz/2): 0.0004273 Phi A: 0.00252624 Phi B: 0.996989 Phi I: 5.82133e-52
Total charge: -3.15785e-21
etaHat: 124879
154  fE: -3.00139  dfE: 0.000446895  dW: 0.00961029  dPhi(Nx/2)(Ny/2)(Nz/2): 0.00042159 Phi A: 0.00252628 Phi B: 0.996999 Phi I: 5.82133e-52
Total charge: -3.15797e-21
etaHat: 124879
155  fE: -3.00104  dfE: 0.000346143  dW: 0.00953301  dPhi(Nx/2)(Ny/2)(Nz/2): 0.000393092 Phi A: 0.00252638 Phi B: 0.99703 Phi I: 5.82133e-52
Total charge: -3.15813e-21
etaHat: 124879
156  fE: -3.0008  dfE: 0.000238325  dW: 0.0094935  dPhi(Nx/2)(Ny/2)(Nz/2): 0.00034576 Phi A: 0.0025265 Phi B: 0.997081 Phi I: 5.82133e-52
Total charge: -3.1583e-21
etaHat: 124879
157  fE: -3.00067  dfE: 0.000129516  dW: 0.00945391  dPhi(Nx/2)(Ny/2)(Nz/2): 0.000284094 Phi A: 0.00252664 Phi B: 0.997147 Phi I: 5.82134e-52
Total charge: -3.15846e-21
etaHat: 124879
158  fE: -3.00065  dfE: 2.52291e-05  dW: 0.00939023  dPhi(Nx/2)(Ny/2)(Nz/2): 0.000212857 Phi A: 0.00252677 Phi B: 0.997222 Phi I: 5.82134e-52
Total charge: -3.1586e-21
etaHat: 124879
159  fE: -3.00072  dfE: 6.98001e-05  dW: 0.00929231  dPhi(Nx/2)(Ny/2)(Nz/2): 0.000136819 Phi A: 0.00252688 Phi B: 0.997302 Phi I: 5.82134e-52
Total charge: -3.15869e-21
etaHat: 124879
160  fE: -3.00087  dfE: 0.000151771  dW: 0.00916385  dPhi(Nx/2)(Ny/2)(Nz/2): 6.0513e-05 Phi A: 0.00252695 Phi B: 0.997382 Phi I: 5.82134e-52
Saving data . . .
Total charge: -3.15873e-21
etaHat: 124879
161  fE: -3.00109  dfE: 0.000217911  dW: 0.00901607  dPhi(Nx/2)(Ny/2)(Nz/2): -1.19628e-05 Phi A: 0.00252698 Phi B: 0.997459 Phi I: 5.82134e-52
Total charge: -3.15871e-21
etaHat: 124879
162  fE: -3.00135  dfE: 0.000266517  dW: 0.00886145  dPhi(Nx/2)(Ny/2)(Nz/2): -7.71075e-05 Phi A: 0.00252696 Phi B: 0.997529 Phi I: 5.82134e-52
Total charge: -3.15862e-21
etaHat: 124879
163  fE: -3.00165  dfE: 0.000296926  dW: 0.00871508  dPhi(Nx/2)(Ny/2)(Nz/2): -0.000132131 Phi A: 0.0025269 Phi B: 0.99759 Phi I: 5.82134e-52
Total charge: -3.15847e-21
etaHat: 124879
164  fE: -3.00196  dfE: 0.00030945  dW: 0.00858841  dPhi(Nx/2)(Ny/2)(Nz/2): -0.000175025 Phi A: 0.00252678 Phi B: 0.997638 Phi I: 5.82134e-52
Total charge: -3.15827e-21
etaHat: 124879
165  fE: -3.00226  dfE: 0.000305266  dW: 0.00848813  dPhi(Nx/2)(Ny/2)(Nz/2): -0.000204581 Phi A: 0.00252662 Phi B: 0.997673 Phi I: 5.82134e-52
Total charge: -3.15802e-21
etaHat: 124879
166  fE: -3.00255  dfE: 0.000286264  dW: 0.0084108  dPhi(Nx/2)(Ny/2)(Nz/2): -0.000220374 Phi A: 0.00252641 Phi B: 0.997695 Phi I: 5.82134e-52
Total charge: -3.15772e-21
etaHat: 124879
167  fE: -3.00281  dfE: 0.000254887  dW: 0.00834921  dPhi(Nx/2)(Ny/2)(Nz/2): -0.000222706 Phi A: 0.00252618 Phi B: 0.997704 Phi I: 5.82134e-52
Total charge: -3.1574e-21
etaHat: 124879
168  fE: -3.00302  dfE: 0.00021395  dW: 0.00829369  dPhi(Nx/2)(Ny/2)(Nz/2): -0.000212517 Phi A: 0.00252592 Phi B: 0.997701 Phi I: 5.82134e-52
Total charge: -3.15706e-21
etaHat: 124879
169  fE: -3.00319  dfE: 0.000166464  dW: 0.00823195  dPhi(Nx/2)(Ny/2)(Nz/2): -0.000191275 Phi A: 0.00252565 Phi B: 0.997686 Phi I: 5.82134e-52
Total charge: -3.15672e-21
etaHat: 124879
170  fE: -3.0033  dfE: 0.000115464  dW: 0.00815567  dPhi(Nx/2)(Ny/2)(Nz/2): -0.000160852 Phi A: 0.00252538 Phi B: 0.997663 Phi I: 5.82134e-52
Saving data . . .
Total charge: -3.15638e-21
etaHat: 124879
171  fE: -3.00336  dfE: 6.38517e-05  dW: 0.00805785  dPhi(Nx/2)(Ny/2)(Nz/2): -0.000123392 Phi A: 0.00252511 Phi B: 0.997632 Phi I: 5.82134e-52
Total charge: -3.15606e-21
etaHat: 124879
172  fE: -3.00338  dfE: 1.42684e-05  dW: 0.00793689  dPhi(Nx/2)(Ny/2)(Nz/2): -8.11731e-05 Phi A: 0.00252485 Phi B: 0.997597 Phi I: 5.82134e-52
Total charge: -3.15577e-21
etaHat: 124879
173  fE: -3.00335  dfE: 3.1015e-05  dW: 0.00779446  dPhi(Nx/2)(Ny/2)(Nz/2): -3.64885e-05 Phi A: 0.00252461 Phi B: 0.997559 Phi I: 5.82134e-52
Total charge: -3.1555e-21
etaHat: 124879
174  fE: -3.00328  dfE: 7.01724e-05  dW: 0.00763622  dPhi(Nx/2)(Ny/2)(Nz/2): 8.47283e-06 Phi A: 0.0025244 Phi B: 0.997521 Phi I: 5.82134e-52
Total charge: -3.15527e-21
etaHat: 124879
175  fE: -3.00318  dfE: 0.000101869  dW: 0.00747025  dPhi(Nx/2)(Ny/2)(Nz/2): 5.17212e-05 Phi A: 0.00252422 Phi B: 0.997485 Phi I: 5.82134e-52
Total charge: -3.15508e-21
etaHat: 124879
176  fE: -3.00305  dfE: 0.000125279  dW: 0.00730428  dPhi(Nx/2)(Ny/2)(Nz/2): 9.15439e-05 Phi A: 0.00252407 Phi B: 0.997451 Phi I: 5.82134e-52
Total charge: -3.15493e-21
etaHat: 124879
177  fE: -3.00291  dfE: 0.000140072  dW: 0.00714426  dPhi(Nx/2)(Ny/2)(Nz/2): 0.000126561 Phi A: 0.00252395 Phi B: 0.997423 Phi I: 5.82134e-52
Total charge: -3.15482e-21
etaHat: 124879
178  fE: -3.00276  dfE: 0.000146383  dW: 0.00699442  dPhi(Nx/2)(Ny/2)(Nz/2): 0.00015576 Phi A: 0.00252386 Phi B: 0.9974 Phi I: 5.82134e-52
Total charge: -3.15475e-21
etaHat: 124879
179  fE: -3.00262  dfE: 0.000144755  dW: 0.00685816  dPhi(Nx/2)(Ny/2)(Nz/2): 0.000178505 Phi A: 0.0025238 Phi B: 0.997383 Phi I: 5.82134e-52
Total charge: -3.1547e-21
etaHat: 124879
180  fE: -3.00248  dfE: 0.000136072  dW: 0.00673775  dPhi(Nx/2)(Ny/2)(Nz/2): 0.000194533 Phi A: 0.00252376 Phi B: 0.997372 Phi I: 5.82134e-52
Saving data . . .
Total charge: -3.15469e-21
etaHat: 124879
181  fE: -3.00236  dfE: 0.000121481  dW: 0.00663279  dPhi(Nx/2)(Ny/2)(Nz/2): 0.000203926 Phi A: 0.00252375 Phi B: 0.997368 Phi I: 5.82134e-52
Total charge: -3.15469e-21
etaHat: 124879
182  fE: -3.00226  dfE: 0.000102306  dW: 0.00654021  dPhi(Nx/2)(Ny/2)(Nz/2): 0.00020707 Phi A: 0.00252375 Phi B: 0.997369 Phi I: 5.82134e-52
Total charge: -3.15471e-21
etaHat: 124879
183  fE: -3.00218  dfE: 7.99665e-05  dW: 0.00645637  dPhi(Nx/2)(Ny/2)(Nz/2): 0.000204606 Phi A: 0.00252377 Phi B: 0.997376 Phi I: 5.82134e-52
Total charge: -3.15474e-21
etaHat: 124879
184  fE: -3.00212  dfE: 5.58957e-05  dW: 0.0063779  dPhi(Nx/2)(Ny/2)(Nz/2): 0.000197373 Phi A: 0.00252379 Phi B: 0.997387 Phi I: 5.82134e-52
Total charge: -3.15477e-21
etaHat: 124879
185  fE: -3.00209  dfE: 3.14684e-05  dW: 0.00630148  dPhi(Nx/2)(Ny/2)(Nz/2): 0.000186342 Phi A: 0.00252382 Phi B: 0.997401 Phi I: 5.82134e-52
Total charge: -3.15481e-21
etaHat: 124879
186  fE: -3.00208  dfE: 7.93847e-06  dW: 0.00622525  dPhi(Nx/2)(Ny/2)(Nz/2): 0.000172559 Phi A: 0.00252384 Phi B: 0.997418 Phi I: 5.82134e-52
Total charge: -3.15483e-21
etaHat: 124879
187  fE: -3.0021  dfE: 1.36115e-05  dW: 0.00614824  dPhi(Nx/2)(Ny/2)(Nz/2): 0.000157081 Phi A: 0.00252387 Phi B: 0.997436 Phi I: 5.82134e-52
Total charge: -3.15485e-21
etaHat: 124879
188  fE: -3.00213  dfE: 3.23065e-05  dW: 0.00607044  dPhi(Nx/2)(Ny/2)(Nz/2): 0.000140924 Phi A: 0.00252388 Phi B: 0.997454 Phi I: 5.82134e-52
Total charge: -3.15486e-21
etaHat: 124879
189  fE: -3.00218  dfE: 4.75025e-05  dW: 0.00599254  dPhi(Nx/2)(Ny/2)(Nz/2): 0.000125018 Phi A: 0.00252388 Phi B: 0.997471 Phi I: 5.82134e-52
Total charge: -3.15485e-21
etaHat: 124879
190  fE: -3.00224  dfE: 5.87944e-05  dW: 0.00591561  dPhi(Nx/2)(Ny/2)(Nz/2): 0.000110167 Phi A: 0.00252388 Phi B: 0.997487 Phi I: 5.82134e-52
Saving data . . .
Total charge: -3.15483e-21
etaHat: 124879
191  fE: -3.0023  dfE: 6.60129e-05  dW: 0.00584063  dPhi(Nx/2)(Ny/2)(Nz/2): 9.70271e-05 Phi A: 0.00252386 Phi B: 0.997501 Phi I: 5.82134e-52
Total charge: -3.15479e-21
etaHat: 124879
192  fE: -3.00237  dfE: 6.92089e-05  dW: 0.00576811  dPhi(Nx/2)(Ny/2)(Nz/2): 8.60835e-05 Phi A: 0.00252383 Phi B: 0.997512 Phi I: 5.82134e-52
Total charge: -3.15474e-21
etaHat: 124879
193  fE: -3.00244  dfE: 6.8629e-05  dW: 0.0056982  dPhi(Nx/2)(Ny/2)(Nz/2): 7.76493e-05 Phi A: 0.00252379 Phi B: 0.99752 Phi I: 5.82134e-52
Total charge: -3.15468e-21
etaHat: 124879
194  fE: -3.00251  dfE: 6.46833e-05  dW: 0.00563103  dPhi(Nx/2)(Ny/2)(Nz/2): 7.1866e-05 Phi A: 0.00252375 Phi B: 0.997526 Phi I: 5.82134e-52
Total charge: -3.15462e-21
etaHat: 124879
195  fE: -3.00256  dfE: 5.79084e-05  dW: 0.00556596  dPhi(Nx/2)(Ny/2)(Nz/2): 6.87158e-05 Phi A: 0.00252369 Phi B: 0.997528 Phi I: 5.82134e-52
Total charge: -3.15454e-21
etaHat: 124879
196  fE: -3.00261  dfE: 4.89281e-05  dW: 0.00550233  dPhi(Nx/2)(Ny/2)(Nz/2): 6.80396e-05 Phi A: 0.00252363 Phi B: 0.997527 Phi I: 5.82134e-52
Total charge: -3.15446e-21
etaHat: 124879
197  fE: -3.00265  dfE: 3.84135e-05  dW: 0.00543928  dPhi(Nx/2)(Ny/2)(Nz/2): 6.95604e-05 Phi A: 0.00252357 Phi B: 0.997524 Phi I: 5.82134e-52
Total charge: -3.15439e-21
etaHat: 124879
198  fE: -3.00268  dfE: 2.70441e-05  dW: 0.00537599  dPhi(Nx/2)(Ny/2)(Nz/2): 7.29106e-05 Phi A: 0.00252351 Phi B: 0.997519 Phi I: 5.82134e-52
Total charge: -3.15431e-21
etaHat: 124879
199  fE: -3.00269  dfE: 1.54738e-05  dW: 0.00531182  dPhi(Nx/2)(Ny/2)(Nz/2): 7.76608e-05 Phi A: 0.00252345 Phi B: 0.997513 Phi I: 5.82134e-52
Total charge: -3.15423e-21
etaHat: 124879
200  fE: -3.0027  dfE: 4.30024e-06  dW: 0.0052467  dPhi(Nx/2)(Ny/2)(Nz/2): 8.33489e-05 Phi A: 0.00252339 Phi B: 0.997505 Phi I: 5.82134e-52
Saving data . . .
Total charge: -3.15416e-21
etaHat: 124879
201  fE: -3.00269  dfE: 5.959e-06  dW: 0.00518085  dPhi(Nx/2)(Ny/2)(Nz/2): 8.95078e-05 Phi A: 0.00252333 Phi B: 0.997496 Phi I: 5.82134e-52
Total charge: -3.1541e-21
etaHat: 124879
202  fE: -3.00268  dfE: 1.48844e-05  dW: 0.00511439  dPhi(Nx/2)(Ny/2)(Nz/2): 9.56906e-05 Phi A: 0.00252328 Phi B: 0.997488 Phi I: 5.82134e-52
Total charge: -3.15405e-21
etaHat: 124879
203  fE: -3.00265  dfE: 2.21654e-05  dW: 0.00504769  dPhi(Nx/2)(Ny/2)(Nz/2): 0.000101492 Phi A: 0.00252324 Phi B: 0.99748 Phi I: 5.82134e-52
Total charge: -3.154e-21
etaHat: 124879
204  fE: -3.00263  dfE: 2.76049e-05  dW: 0.00498136  dPhi(Nx/2)(Ny/2)(Nz/2): 0.000106566 Phi A: 0.0025232 Phi B: 0.997472 Phi I: 5.82134e-52
Total charge: -3.15397e-21
etaHat: 124879
205  fE: -3.0026  dfE: 3.11176e-05  dW: 0.00491609  dPhi(Nx/2)(Ny/2)(Nz/2): 0.000110638 Phi A: 0.00252317 Phi B: 0.997466 Phi I: 5.82134e-52
Total charge: -3.15394e-21
etaHat: 124879
206  fE: -3.00256  dfE: 3.27229e-05  dW: 0.00485225  dPhi(Nx/2)(Ny/2)(Nz/2): 0.000113512 Phi A: 0.00252315 Phi B: 0.99746 Phi I: 5.82134e-52
Total charge: -3.15392e-21
etaHat: 124879
207  fE: -3.00253  dfE: 3.25336e-05  dW: 0.00479004  dPhi(Nx/2)(Ny/2)(Nz/2): 0.000115074 Phi A: 0.00252313 Phi B: 0.997456 Phi I: 5.82134e-52
Total charge: -3.15391e-21
etaHat: 124879
208  fE: -3.0025  dfE: 3.07403e-05  dW: 0.00472964  dPhi(Nx/2)(Ny/2)(Nz/2): 0.00011529 Phi A: 0.00252312 Phi B: 0.997454 Phi I: 5.82134e-52
Total charge: -3.1539e-21
etaHat: 124879
209  fE: -3.00247  dfE: 2.75946e-05  dW: 0.0046712  dPhi(Nx/2)(Ny/2)(Nz/2): 0.000114201 Phi A: 0.00252312 Phi B: 0.997453 Phi I: 5.82134e-52
Total charge: -3.1539e-21
etaHat: 124879
210  fE: -3.00245  dfE: 2.33901e-05  dW: 0.00461455  dPhi(Nx/2)(Ny/2)(Nz/2): 0.000111914 Phi A: 0.00252312 Phi B: 0.997453 Phi I: 5.82134e-52
Saving data . . .
Total charge: -3.1539e-21
etaHat: 124879
211  fE: -3.00243  dfE: 1.84433e-05  dW: 0.00455949  dPhi(Nx/2)(Ny/2)(Nz/2): 0.000108589 Phi A: 0.00252312 Phi B: 0.997454 Phi I: 5.82134e-52
Total charge: -3.15391e-21
etaHat: 124879
212  fE: -3.00242  dfE: 1.30761e-05  dW: 0.00450585  dPhi(Nx/2)(Ny/2)(Nz/2): 0.000104428 Phi A: 0.00252313 Phi B: 0.997457 Phi I: 5.82134e-52
Total charge: -3.15391e-21
etaHat: 124879
213  fE: -3.00241  dfE: 7.59854e-06  dW: 0.0044533  dPhi(Nx/2)(Ny/2)(Nz/2): 9.96615e-05 Phi A: 0.00252313 Phi B: 0.99746 Phi I: 5.82134e-52
Total charge: -3.15392e-21
etaHat: 124879
214  fE: -3.00241  dfE: 2.29509e-06  dW: 0.00440175  dPhi(Nx/2)(Ny/2)(Nz/2): 9.45311e-05 Phi A: 0.00252314 Phi B: 0.997463 Phi I: 5.82134e-52
Total charge: -3.15392e-21
etaHat: 124879
215  fE: -3.00241  dfE: 2.58733e-06  dW: 0.00435109  dPhi(Nx/2)(Ny/2)(Nz/2): 8.92802e-05 Phi A: 0.00252314 Phi B: 0.997467 Phi I: 5.82134e-52
Total charge: -3.15393e-21
etaHat: 124879
216  fE: -3.00242  dfE: 6.84766e-06  dW: 0.00430122  dPhi(Nx/2)(Ny/2)(Nz/2): 8.414e-05 Phi A: 0.00252314 Phi B: 0.997471 Phi I: 5.82134e-52
Total charge: -3.15393e-21
etaHat: 124879
217  fE: -3.00243  dfE: 1.03362e-05  dW: 0.00425212  dPhi(Nx/2)(Ny/2)(Nz/2): 7.93191e-05 Phi A: 0.00252314 Phi B: 0.997475 Phi I: 5.82134e-52
Total charge: -3.15393e-21
etaHat: 124879
218  fE: -3.00244  dfE: 1.29569e-05  dW: 0.00420392  dPhi(Nx/2)(Ny/2)(Nz/2): 7.49958e-05 Phi A: 0.00252314 Phi B: 0.997479 Phi I: 5.82134e-52
Total charge: -3.15392e-21
etaHat: 124879
219  fE: -3.00245  dfE: 1.46666e-05  dW: 0.00415666  dPhi(Nx/2)(Ny/2)(Nz/2): 7.13116e-05 Phi A: 0.00252314 Phi B: 0.997482 Phi I: 5.82134e-52
Total charge: -3.15391e-21
etaHat: 124879
220  fE: -3.00247  dfE: 1.5472e-05  dW: 0.00411036  dPhi(Nx/2)(Ny/2)(Nz/2): 6.83679e-05 Phi A: 0.00252313 Phi B: 0.997485 Phi I: 5.82134e-52
Saving data . . .
Total charge: -3.1539e-21
etaHat: 124879
221  fE: -3.00249  dfE: 1.54244e-05  dW: 0.00406479  dPhi(Nx/2)(Ny/2)(Nz/2): 6.62245e-05 Phi A: 0.00252312 Phi B: 0.997487 Phi I: 5.82134e-52
Total charge: -3.15389e-21
etaHat: 124879
222  fE: -3.0025  dfE: 1.46121e-05  dW: 0.00402004  dPhi(Nx/2)(Ny/2)(Nz/2): 6.49003e-05 Phi A: 0.00252311 Phi B: 0.997488 Phi I: 5.82134e-52
Total charge: -3.15387e-21
etaHat: 124879
223  fE: -3.00251  dfE: 1.3153e-05  dW: 0.00397601  dPhi(Nx/2)(Ny/2)(Nz/2): 6.43764e-05 Phi A: 0.0025231 Phi B: 0.997488 Phi I: 5.82134e-52
Total charge: -3.15385e-21
etaHat: 124879
224  fE: -3.00252  dfE: 1.11851e-05  dW: 0.00393256  dPhi(Nx/2)(Ny/2)(Nz/2): 6.46001e-05 Phi A: 0.00252308 Phi B: 0.997488 Phi I: 5.82134e-52
Total charge: -3.15384e-21
etaHat: 124879
225  fE: -3.00253  dfE: 8.85817e-06  dW: 0.00388969  dPhi(Nx/2)(Ny/2)(Nz/2): 6.54905e-05 Phi A: 0.00252307 Phi B: 0.997488 Phi I: 5.82134e-52
Total charge: -3.15382e-21
etaHat: 124879
226  fE: -3.00254  dfE: 6.32443e-06  dW: 0.00384735  dPhi(Nx/2)(Ny/2)(Nz/2): 6.69449e-05 Phi A: 0.00252305 Phi B: 0.997487 Phi I: 5.82134e-52
Total charge: -3.1538e-21
etaHat: 124879
227  fE: -3.00254  dfE: 3.73124e-06  dW: 0.00380536  dPhi(Nx/2)(Ny/2)(Nz/2): 6.88455e-05 Phi A: 0.00252304 Phi B: 0.997485 Phi I: 5.82134e-52
Total charge: -3.15378e-21
etaHat: 124879
228  fE: -3.00254  dfE: 1.21397e-06  dW: 0.00376377  dPhi(Nx/2)(Ny/2)(Nz/2): 7.10663e-05 Phi A: 0.00252303 Phi B: 0.997483 Phi I: 5.82134e-52
Total charge: -3.15377e-21
etaHat: 124879
229  fE: -3.00254  dfE: 1.10945e-06  dW: 0.0037226  dPhi(Nx/2)(Ny/2)(Nz/2): 7.348e-05 Phi A: 0.00252301 Phi B: 0.997482 Phi I: 5.82134e-52
Total charge: -3.15375e-21
etaHat: 124879
230  fE: -3.00254  dfE: 3.14269e-06  dW: 0.00368186  dPhi(Nx/2)(Ny/2)(Nz/2): 7.59632e-05 Phi A: 0.002523 Phi B: 0.99748 Phi I: 5.82134e-52
Saving data . . .
Total charge: -3.15374e-21
etaHat: 124879
231  fE: -3.00254  dfE: 4.81361e-06  dW: 0.00364157  dPhi(Nx/2)(Ny/2)(Nz/2): 7.84024e-05 Phi A: 0.00252299 Phi B: 0.997478 Phi I: 5.82134e-52
Total charge: -3.15373e-21
etaHat: 124879
232  fE: -3.00253  dfE: 6.07546e-06  dW: 0.00360178  dPhi(Nx/2)(Ny/2)(Nz/2): 8.06977e-05 Phi A: 0.00252298 Phi B: 0.997476 Phi I: 5.82134e-52
Total charge: -3.15372e-21
etaHat: 124879
233  fE: -3.00252  dfE: 6.90661e-06  dW: 0.00356256  dPhi(Nx/2)(Ny/2)(Nz/2): 8.27663e-05 Phi A: 0.00252298 Phi B: 0.997475 Phi I: 5.82134e-52
Total charge: -3.15371e-21
etaHat: 124879
234  fE: -3.00252  dfE: 7.3091e-06  dW: 0.00352391  dPhi(Nx/2)(Ny/2)(Nz/2): 8.45442e-05 Phi A: 0.00252297 Phi B: 0.997473 Phi I: 5.82134e-52
Total charge: -3.15371e-21
etaHat: 124879
235  fE: -3.00251  dfE: 7.30615e-06  dW: 0.00348591  dPhi(Nx/2)(Ny/2)(Nz/2): 8.59871e-05 Phi A: 0.00252297 Phi B: 0.997472 Phi I: 5.82134e-52
Total charge: -3.1537e-21
etaHat: 124879
236  fE: -3.0025  dfE: 6.93887e-06  dW: 0.00344857  dPhi(Nx/2)(Ny/2)(Nz/2): 8.70704e-05 Phi A: 0.00252296 Phi B: 0.997472 Phi I: 5.82134e-52
Total charge: -3.1537e-21
etaHat: 124879
237  fE: -3.00249  dfE: 6.26238e-06  dW: 0.00341188  dPhi(Nx/2)(Ny/2)(Nz/2): 8.77882e-05 Phi A: 0.00252296 Phi B: 0.997472 Phi I: 5.82134e-52
Total charge: -3.1537e-21
etaHat: 124879
238  fE: -3.00249  dfE: 5.34166e-06  dW: 0.00337582  dPhi(Nx/2)(Ny/2)(Nz/2): 8.81511e-05 Phi A: 0.00252296 Phi B: 0.997472 Phi I: 5.82134e-52
Total charge: -3.1537e-21
etaHat: 124879
239  fE: -3.00249  dfE: 4.24733e-06  dW: 0.00334035  dPhi(Nx/2)(Ny/2)(Nz/2): 8.8184e-05 Phi A: 0.00252296 Phi B: 0.997472 Phi I: 5.82134e-52
Total charge: -3.1537e-21
etaHat: 124879
240  fE: -3.00248  dfE: 3.05151e-06  dW: 0.00330544  dPhi(Nx/2)(Ny/2)(Nz/2): 8.79232e-05 Phi A: 0.00252296 Phi B: 0.997472 Phi I: 5.82134e-52
Saving data . . .
Total charge: -3.1537e-21
etaHat: 124879
241  fE: -3.00248  dfE: 1.8241e-06  dW: 0.00327103  dPhi(Nx/2)(Ny/2)(Nz/2): 8.74131e-05 Phi A: 0.00252296 Phi B: 0.997473 Phi I: 5.82134e-52
Total charge: -3.1537e-21
etaHat: 124879
242  fE: -3.00248  dfE: 6.29534e-07  dW: 0.00323712  dPhi(Nx/2)(Ny/2)(Nz/2): 8.67034e-05 Phi A: 0.00252296 Phi B: 0.997474 Phi I: 5.82134e-52
Total charge: -3.15371e-21
etaHat: 124879
243  fE: -3.00248  dfE: 4.75912e-07  dW: 0.00320368  dPhi(Nx/2)(Ny/2)(Nz/2): 8.58457e-05 Phi A: 0.00252296 Phi B: 0.997475 Phi I: 5.82134e-52
Total charge: -3.15371e-21
etaHat: 124879
244  fE: -3.00248  dfE: 1.44609e-06  dW: 0.00317071  dPhi(Nx/2)(Ny/2)(Nz/2): 8.48908e-05 Phi A: 0.00252296 Phi B: 0.997476 Phi I: 5.82134e-52
Total charge: -3.15371e-21
etaHat: 124879
245  fE: -3.00248  dfE: 2.24626e-06  dW: 0.00313822  dPhi(Nx/2)(Ny/2)(Nz/2): 8.38863e-05 Phi A: 0.00252296 Phi B: 0.997477 Phi I: 5.82134e-52
Total charge: -3.15371e-21
etaHat: 124879
246  fE: -3.00249  dfE: 2.85368e-06  dW: 0.0031062  dPhi(Nx/2)(Ny/2)(Nz/2): 8.28743e-05 Phi A: 0.00252296 Phi B: 0.997477 Phi I: 5.82134e-52
Total charge: -3.1537e-21
etaHat: 124879
247  fE: -3.00249  dfE: 3.2575e-06  dW: 0.00307464  dPhi(Nx/2)(Ny/2)(Nz/2): 8.18903e-05 Phi A: 0.00252296 Phi B: 0.997478 Phi I: 5.82134e-52
Total charge: -3.1537e-21
etaHat: 124879
248  fE: -3.00249  dfE: 3.45815e-06  dW: 0.00304351  dPhi(Nx/2)(Ny/2)(Nz/2): 8.09621e-05 Phi A: 0.00252296 Phi B: 0.997479 Phi I: 5.82134e-52
Total charge: -3.1537e-21
etaHat: 124879
249  fE: -3.0025  dfE: 3.46613e-06  dW: 0.0030128  dPhi(Nx/2)(Ny/2)(Nz/2): 8.0109e-05 Phi A: 0.00252296 Phi B: 0.997479 Phi I: 5.82134e-52
Total charge: -3.1537e-21
etaHat: 124879
250  fE: -3.0025  dfE: 3.30051e-06  dW: 0.00298253  dPhi(Nx/2)(Ny/2)(Nz/2): 7.93421e-05 Phi A: 0.00252296 Phi B: 0.997479 Phi I: 5.82134e-52
Saving data . . .
Total charge: -3.15369e-21
etaHat: 124879
251  fE: -3.0025  dfE: 2.98708e-06  dW: 0.00295266  dPhi(Nx/2)(Ny/2)(Nz/2): 7.86648e-05 Phi A: 0.00252295 Phi B: 0.99748 Phi I: 5.82134e-52
Total charge: -3.15369e-21
etaHat: 124879
252  fE: -3.00251  dfE: 2.55641e-06  dW: 0.00292318  dPhi(Nx/2)(Ny/2)(Nz/2): 7.80731e-05 Phi A: 0.00252295 Phi B: 0.99748 Phi I: 5.82134e-52
Total charge: -3.15368e-21
etaHat: 124879
253  fE: -3.00251  dfE: 2.04182e-06  dW: 0.00289406  dPhi(Nx/2)(Ny/2)(Nz/2): 7.75574e-05 Phi A: 0.00252295 Phi B: 0.997479 Phi I: 5.82134e-52
Total charge: -3.15368e-21
etaHat: 124879
254  fE: -3.00251  dfE: 1.47747e-06  dW: 0.0028653  dPhi(Nx/2)(Ny/2)(Nz/2): 7.71032e-05 Phi A: 0.00252294 Phi B: 0.997479 Phi I: 5.82134e-52
Total charge: -3.15368e-21
etaHat: 124879
255  fE: -3.00251  dfE: 8.96525e-07  dW: 0.00283689  dPhi(Nx/2)(Ny/2)(Nz/2): 7.66926e-05 Phi A: 0.00252294 Phi B: 0.997479 Phi I: 5.82134e-52
Total charge: -3.15367e-21
etaHat: 124879
256  fE: -3.00251  dfE: 3.29656e-07  dW: 0.00280883  dPhi(Nx/2)(Ny/2)(Nz/2): 7.63062e-05 Phi A: 0.00252294 Phi B: 0.997479 Phi I: 5.82134e-52
Total charge: -3.15367e-21
etaHat: 124879
257  fE: -3.00251  dfE: 1.96283e-07  dW: 0.00278112  dPhi(Nx/2)(Ny/2)(Nz/2): 7.59235e-05 Phi A: 0.00252293 Phi B: 0.997478 Phi I: 5.82134e-52
Total charge: -3.15366e-21
etaHat: 124879
258  fE: -3.00251  dfE: 6.59189e-07  dW: 0.00275375  dPhi(Nx/2)(Ny/2)(Nz/2): 7.55253e-05 Phi A: 0.00252293 Phi B: 0.997478 Phi I: 5.82134e-52
Total charge: -3.15366e-21
etaHat: 124879
259  fE: -3.00251  dfE: 1.04234e-06  dW: 0.00272671  dPhi(Nx/2)(Ny/2)(Nz/2): 7.50938e-05 Phi A: 0.00252293 Phi B: 0.997477 Phi I: 5.82134e-52
Total charge: -3.15366e-21
etaHat: 124879
260  fE: -3.00251  dfE: 1.33467e-06  dW: 0.00270001  dPhi(Nx/2)(Ny/2)(Nz/2): 7.46141e-05 Phi A: 0.00252293 Phi B: 0.997477 Phi I: 5.82134e-52
Saving data . . .
Total charge: -3.15366e-21
etaHat: 124879
261  fE: -3.00251  dfE: 1.53077e-06  dW: 0.00267365  dPhi(Nx/2)(Ny/2)(Nz/2): 7.40746e-05 Phi A: 0.00252293 Phi B: 0.997477 Phi I: 5.82134e-52
Total charge: -3.15366e-21
etaHat: 124879
262  fE: -3.0025  dfE: 1.63059e-06  dW: 0.00264762  dPhi(Nx/2)(Ny/2)(Nz/2): 7.34676e-05 Phi A: 0.00252292 Phi B: 0.997476 Phi I: 5.82134e-52
Total charge: -3.15365e-21
etaHat: 124879
263  fE: -3.0025  dfE: 1.63887e-06  dW: 0.00262193  dPhi(Nx/2)(Ny/2)(Nz/2): 7.2789e-05 Phi A: 0.00252292 Phi B: 0.997476 Phi I: 5.82134e-52
Total charge: -3.15365e-21
etaHat: 124879
264  fE: -3.0025  dfE: 1.56444e-06  dW: 0.00259655  dPhi(Nx/2)(Ny/2)(Nz/2): 7.20391e-05 Phi A: 0.00252292 Phi B: 0.997476 Phi I: 5.82134e-52
Total charge: -3.15365e-21
etaHat: 124879
265  fE: -3.0025  dfE: 1.41937e-06  dW: 0.00257151  dPhi(Nx/2)(Ny/2)(Nz/2): 7.12213e-05 Phi A: 0.00252292 Phi B: 0.997476 Phi I: 5.82134e-52
Total charge: -3.15365e-21
etaHat: 124879
266  fE: -3.0025  dfE: 1.21804e-06  dW: 0.00254679  dPhi(Nx/2)(Ny/2)(Nz/2): 7.03427e-05 Phi A: 0.00252292 Phi B: 0.997476 Phi I: 5.82134e-52
Total charge: -3.15365e-21
etaHat: 124879
267  fE: -3.0025  dfE: 9.76181e-07  dW: 0.00252239  dPhi(Nx/2)(Ny/2)(Nz/2): 6.94128e-05 Phi A: 0.00252292 Phi B: 0.997476 Phi I: 5.82134e-52
Total charge: -3.15365e-21
etaHat: 124879
268  fE: -3.0025  dfE: 7.09945e-07  dW: 0.00249831  dPhi(Nx/2)(Ny/2)(Nz/2): 6.84431e-05 Phi A: 0.00252292 Phi B: 0.997476 Phi I: 5.82134e-52
Total charge: -3.15365e-21
etaHat: 124879
269  fE: -3.0025  dfE: 4.35082e-07  dW: 0.00247453  dPhi(Nx/2)(Ny/2)(Nz/2): 6.74466e-05 Phi A: 0.00252292 Phi B: 0.997476 Phi I: 5.82134e-52
Total charge: -3.15365e-21
etaHat: 124879
270  fE: -3.0025  dfE: 1.66176e-07  dW: 0.00245105  dPhi(Nx/2)(Ny/2)(Nz/2): 6.64369e-05 Phi A: 0.00252292 Phi B: 0.997476 Phi I: 5.82134e-52
Saving data . . .
Total charge: -3.15365e-21
etaHat: 124879
271  fE: -3.0025  dfE: 8.3956e-08  dW: 0.00242786  dPhi(Nx/2)(Ny/2)(Nz/2): 6.54275e-05 Phi A: 0.00252292 Phi B: 0.997477 Phi I: 5.82134e-52
Total charge: -3.15365e-21
etaHat: 124879
272  fE: -3.0025  dfE: 3.04731e-07  dW: 0.00240495  dPhi(Nx/2)(Ny/2)(Nz/2): 6.44313e-05 Phi A: 0.00252292 Phi B: 0.997477 Phi I: 5.82134e-52
Total charge: -3.15365e-21
etaHat: 124879
273  fE: -3.0025  dfE: 4.881e-07  dW: 0.00238232  dPhi(Nx/2)(Ny/2)(Nz/2): 6.34601e-05 Phi A: 0.00252292 Phi B: 0.997477 Phi I: 5.82134e-52
Total charge: -3.15365e-21
etaHat: 124879
274  fE: -3.0025  dfE: 6.28689e-07  dW: 0.00235998  dPhi(Nx/2)(Ny/2)(Nz/2): 6.2524e-05 Phi A: 0.00252292 Phi B: 0.997477 Phi I: 5.82134e-52
Total charge: -3.15365e-21
etaHat: 124879
275  fE: -3.0025  dfE: 7.23807e-07  dW: 0.00233791  dPhi(Nx/2)(Ny/2)(Nz/2): 6.16312e-05 Phi A: 0.00252292 Phi B: 0.997477 Phi I: 5.82134e-52
Total charge: -3.15365e-21
etaHat: 124879
276  fE: -3.0025  dfE: 7.73298e-07  dW: 0.00231612  dPhi(Nx/2)(Ny/2)(Nz/2): 6.07878e-05 Phi A: 0.00252292 Phi B: 0.997477 Phi I: 5.82134e-52
Total charge: -3.15365e-21
etaHat: 124879
277  fE: -3.0025  dfE: 7.79301e-07  dW: 0.00229461  dPhi(Nx/2)(Ny/2)(Nz/2): 5.99979e-05 Phi A: 0.00252292 Phi B: 0.997478 Phi I: 5.82134e-52
Total charge: -3.15365e-21
etaHat: 124879
278  fE: -3.0025  dfE: 7.45908e-07  dW: 0.00227335  dPhi(Nx/2)(Ny/2)(Nz/2): 5.9263e-05 Phi A: 0.00252292 Phi B: 0.997478 Phi I: 5.82134e-52
Total charge: -3.15365e-21
etaHat: 124879
279  fE: -3.0025  dfE: 6.78763e-07  dW: 0.00225234  dPhi(Nx/2)(Ny/2)(Nz/2): 5.8583e-05 Phi A: 0.00252292 Phi B: 0.997478 Phi I: 5.82134e-52
Total charge: -3.15365e-21
etaHat: 124879
280  fE: -3.0025  dfE: 5.84624e-07  dW: 0.00223159  dPhi(Nx/2)(Ny/2)(Nz/2): 5.79557e-05 Phi A: 0.00252292 Phi B: 0.997478 Phi I: 5.82134e-52
Saving data . . .
Total charge: -3.15365e-21
etaHat: 124879
281  fE: -3.0025  dfE: 4.70913e-07  dW: 0.00221111  dPhi(Nx/2)(Ny/2)(Nz/2): 5.73775e-05 Phi A: 0.00252292 Phi B: 0.997478 Phi I: 5.82134e-52
Total charge: -3.15365e-21
etaHat: 124879
282  fE: -3.0025  dfE: 3.45278e-07  dW: 0.00219089  dPhi(Nx/2)(Ny/2)(Nz/2): 5.68435e-05 Phi A: 0.00252292 Phi B: 0.997478 Phi I: 5.82134e-52
Total charge: -3.15365e-21
etaHat: 124879
283  fE: -3.0025  dfE: 2.1519e-07  dW: 0.00217089  dPhi(Nx/2)(Ny/2)(Nz/2): 5.6348e-05 Phi A: 0.00252292 Phi B: 0.997478 Phi I: 5.82134e-52
Total charge: -3.15364e-21
etaHat: 124879
284  fE: -3.0025  dfE: 8.75888e-08  dW: 0.00215115  dPhi(Nx/2)(Ny/2)(Nz/2): 5.58847e-05 Phi A: 0.00252292 Phi B: 0.997477 Phi I: 5.82134e-52
Total charge: -3.15364e-21
etaHat: 124879
285  fE: -3.0025  dfE: 3.1413e-08  dW: 0.00213165  dPhi(Nx/2)(Ny/2)(Nz/2): 5.54471e-05 Phi A: 0.00252291 Phi B: 0.997477 Phi I: 5.82134e-52
Total charge: -3.15364e-21
etaHat: 124879
286  fE: -3.0025  dfE: 1.36748e-07  dW: 0.00211238  dPhi(Nx/2)(Ny/2)(Nz/2): 5.50288e-05 Phi A: 0.00252291 Phi B: 0.997477 Phi I: 5.82134e-52
Total charge: -3.15364e-21
etaHat: 124879
287  fE: -3.0025  dfE: 2.24543e-07  dW: 0.00209334  dPhi(Nx/2)(Ny/2)(Nz/2): 5.46238e-05 Phi A: 0.00252291 Phi B: 0.997477 Phi I: 5.82134e-52
Total charge: -3.15364e-21
etaHat: 124879
288  fE: -3.0025  dfE: 2.9219e-07  dW: 0.00207452  dPhi(Nx/2)(Ny/2)(Nz/2): 5.42269e-05 Phi A: 0.00252291 Phi B: 0.997477 Phi I: 5.82134e-52
Total charge: -3.15364e-21
etaHat: 124879
289  fE: -3.0025  dfE: 3.38351e-07  dW: 0.00205592  dPhi(Nx/2)(Ny/2)(Nz/2): 5.38335e-05 Phi A: 0.00252291 Phi B: 0.997477 Phi I: 5.82134e-52
Total charge: -3.15364e-21
etaHat: 124879
290  fE: -3.0025  dfE: 3.62895e-07  dW: 0.00203753  dPhi(Nx/2)(Ny/2)(Nz/2): 5.34399e-05 Phi A: 0.00252291 Phi B: 0.997477 Phi I: 5.82134e-52
Saving data . . .
Total charge: -3.15364e-21
etaHat: 124879
291  fE: -3.0025  dfE: 3.66781e-07  dW: 0.00201934  dPhi(Nx/2)(Ny/2)(Nz/2): 5.30435e-05 Phi A: 0.00252291 Phi B: 0.997477 Phi I: 5.82134e-52
Total charge: -3.15364e-21
etaHat: 124879
292  fE: -3.0025  dfE: 3.51903e-07  dW: 0.00200137  dPhi(Nx/2)(Ny/2)(Nz/2): 5.26426e-05 Phi A: 0.00252291 Phi B: 0.997477 Phi I: 5.82134e-52
Total charge: -3.15364e-21
etaHat: 124879
293  fE: -3.0025  dfE: 3.20901e-07  dW: 0.00198361  dPhi(Nx/2)(Ny/2)(Nz/2): 5.22364e-05 Phi A: 0.00252291 Phi B: 0.997477 Phi I: 5.82134e-52
Total charge: -3.15364e-21
etaHat: 124879
294  fE: -3.0025  dfE: 2.7695e-07  dW: 0.00196604  dPhi(Nx/2)(Ny/2)(Nz/2): 5.1825e-05 Phi A: 0.00252291 Phi B: 0.997477 Phi I: 5.82134e-52
Total charge: -3.15364e-21
etaHat: 124879
295  fE: -3.0025  dfE: 2.23552e-07  dW: 0.00194867  dPhi(Nx/2)(Ny/2)(Nz/2): 5.14092e-05 Phi A: 0.00252291 Phi B: 0.997477 Phi I: 5.82134e-52
Total charge: -3.15364e-21
etaHat: 124879
296  fE: -3.0025  dfE: 1.64326e-07  dW: 0.00193149  dPhi(Nx/2)(Ny/2)(Nz/2): 5.09904e-05 Phi A: 0.00252291 Phi B: 0.997477 Phi I: 5.82134e-52
Total charge: -3.15364e-21
etaHat: 124879
297  fE: -3.0025  dfE: 1.02818e-07  dW: 0.00191451  dPhi(Nx/2)(Ny/2)(Nz/2): 5.05704e-05 Phi A: 0.00252291 Phi B: 0.997477 Phi I: 5.82134e-52
Total charge: -3.15364e-21
etaHat: 124879
298  fE: -3.0025  dfE: 4.23258e-08  dW: 0.00189772  dPhi(Nx/2)(Ny/2)(Nz/2): 5.01514e-05 Phi A: 0.00252291 Phi B: 0.997477 Phi I: 5.82134e-52
Total charge: -3.15364e-21
etaHat: 124879
299  fE: -3.0025  dfE: 1.42329e-08  dW: 0.00188112  dPhi(Nx/2)(Ny/2)(Nz/2): 4.97355e-05 Phi A: 0.00252291 Phi B: 0.997477 Phi I: 5.82134e-52
Total charge: -3.15364e-21
etaHat: 124879
300  fE: -3.0025  dfE: 6.44332e-08  dW: 0.00186471  dPhi(Nx/2)(Ny/2)(Nz/2): 4.93249e-05 Phi A: 0.00252291 Phi B: 0.997477 Phi I: 5.82134e-52
Saving data . . .
Total charge: -3.15364e-21
etaHat: 124879
301  fE: -3.0025  dfE: 1.06412e-07  dW: 0.00184849  dPhi(Nx/2)(Ny/2)(Nz/2): 4.89218e-05 Phi A: 0.00252291 Phi B: 0.997477 Phi I: 5.82134e-52
Total charge: -3.15364e-21
etaHat: 124879
302  fE: -3.0025  dfE: 1.38904e-07  dW: 0.00183244  dPhi(Nx/2)(Ny/2)(Nz/2): 4.85278e-05 Phi A: 0.00252291 Phi B: 0.997477 Phi I: 5.82134e-52
Total charge: -3.15364e-21
etaHat: 124879
303  fE: -3.0025  dfE: 1.61246e-07  dW: 0.00181658  dPhi(Nx/2)(Ny/2)(Nz/2): 4.81445e-05 Phi A: 0.00252291 Phi B: 0.997477 Phi I: 5.82134e-52
Total charge: -3.15364e-21
etaHat: 124879
304  fE: -3.0025  dfE: 1.73347e-07  dW: 0.00180091  dPhi(Nx/2)(Ny/2)(Nz/2): 4.77729e-05 Phi A: 0.00252291 Phi B: 0.997477 Phi I: 5.82134e-52
Total charge: -3.15364e-21
etaHat: 124879
305  fE: -3.0025  dfE: 1.75638e-07  dW: 0.00178541  dPhi(Nx/2)(Ny/2)(Nz/2): 4.74137e-05 Phi A: 0.00252291 Phi B: 0.997477 Phi I: 5.82134e-52
Total charge: -3.15364e-21
etaHat: 124879
306  fE: -3.0025  dfE: 1.68993e-07  dW: 0.00177008  dPhi(Nx/2)(Ny/2)(Nz/2): 4.7067e-05 Phi A: 0.00252291 Phi B: 0.997477 Phi I: 5.82134e-52
Total charge: -3.15364e-21
etaHat: 124879
307  fE: -3.0025  dfE: 1.54647e-07  dW: 0.00175492  dPhi(Nx/2)(Ny/2)(Nz/2): 4.67327e-05 Phi A: 0.00252291 Phi B: 0.997477 Phi I: 5.82134e-52
Total charge: -3.15364e-21
etaHat: 124879
308  fE: -3.0025  dfE: 1.34092e-07  dW: 0.00173994  dPhi(Nx/2)(Ny/2)(Nz/2): 4.64101e-05 Phi A: 0.00252291 Phi B: 0.997477 Phi I: 5.82134e-52
Total charge: -3.15364e-21
etaHat: 124879
309  fE: -3.0025  dfE: 1.0898e-07  dW: 0.00172513  dPhi(Nx/2)(Ny/2)(Nz/2): 4.60985e-05 Phi A: 0.00252291 Phi B: 0.997477 Phi I: 5.82134e-52
Total charge: -3.15364e-21
etaHat: 124879
310  fE: -3.0025  dfE: 8.1022e-08  dW: 0.00171047  dPhi(Nx/2)(Ny/2)(Nz/2): 4.57967e-05 Phi A: 0.00252291 Phi B: 0.997477 Phi I: 5.82134e-52
Saving data . . .
Total charge: -3.15364e-21
etaHat: 124879
311  fE: -3.0025  dfE: 5.1901e-08  dW: 0.00169597  dPhi(Nx/2)(Ny/2)(Nz/2): 4.55033e-05 Phi A: 0.00252291 Phi B: 0.997477 Phi I: 5.82134e-52
Total charge: -3.15364e-21
etaHat: 124879
312  fE: -3.0025  dfE: 2.31857e-08  dW: 0.00168161  dPhi(Nx/2)(Ny/2)(Nz/2): 4.5217e-05 Phi A: 0.00252291 Phi B: 0.997477 Phi I: 5.82134e-52
Total charge: -3.15364e-21
etaHat: 124879
313  fE: -3.0025  dfE: 3.73284e-09  dW: 0.00166742  dPhi(Nx/2)(Ny/2)(Nz/2): 4.49363e-05 Phi A: 0.00252291 Phi B: 0.997477 Phi I: 5.82134e-52
Total charge: -3.15364e-21
etaHat: 124879
314  fE: -3.0025  dfE: 2.76941e-08  dW: 0.00165338  dPhi(Nx/2)(Ny/2)(Nz/2): 4.46597e-05 Phi A: 0.00252291 Phi B: 0.997477 Phi I: 5.82134e-52
Total charge: -3.15364e-21
etaHat: 124879
315  fE: -3.0025  dfE: 4.78021e-08  dW: 0.00163948  dPhi(Nx/2)(Ny/2)(Nz/2): 4.43859e-05 Phi A: 0.00252291 Phi B: 0.997477 Phi I: 5.82134e-52
Total charge: -3.15364e-21
etaHat: 124879
316  fE: -3.0025  dfE: 6.34437e-08  dW: 0.00162572  dPhi(Nx/2)(Ny/2)(Nz/2): 4.41137e-05 Phi A: 0.00252291 Phi B: 0.997477 Phi I: 5.82134e-52
Total charge: -3.15364e-21
etaHat: 124879
317  fE: -3.0025  dfE: 7.42904e-08  dW: 0.0016121  dPhi(Nx/2)(Ny/2)(Nz/2): 4.3842e-05 Phi A: 0.00252291 Phi B: 0.997477 Phi I: 5.82134e-52
Total charge: -3.15364e-21
etaHat: 124879
318  fE: -3.0025  dfE: 8.02863e-08  dW: 0.00159863  dPhi(Nx/2)(Ny/2)(Nz/2): 4.357e-05 Phi A: 0.00252291 Phi B: 0.997477 Phi I: 5.82134e-52
Total charge: -3.15364e-21
etaHat: 124879
319  fE: -3.0025  dfE: 8.16228e-08  dW: 0.0015853  dPhi(Nx/2)(Ny/2)(Nz/2): 4.3297e-05 Phi A: 0.00252291 Phi B: 0.997477 Phi I: 5.82134e-52
Total charge: -3.15364e-21
etaHat: 124879
320  fE: -3.0025  dfE: 7.87047e-08  dW: 0.00157212  dPhi(Nx/2)(Ny/2)(Nz/2): 4.30227e-05 Phi A: 0.00252291 Phi B: 0.997477 Phi I: 5.82134e-52
Saving data . . .
Total charge: -3.15364e-21
etaHat: 124879
321  fE: -3.0025  dfE: 7.21079e-08  dW: 0.00155907  dPhi(Nx/2)(Ny/2)(Nz/2): 4.27467e-05 Phi A: 0.00252291 Phi B: 0.997477 Phi I: 5.82134e-52
Total charge: -3.15364e-21
etaHat: 124879
322  fE: -3.0025  dfE: 6.2534e-08  dW: 0.00154616  dPhi(Nx/2)(Ny/2)(Nz/2): 4.24692e-05 Phi A: 0.00252291 Phi B: 0.997477 Phi I: 5.82134e-52
Total charge: -3.15364e-21
etaHat: 124879
323  fE: -3.0025  dfE: 5.0762e-08  dW: 0.0015334  dPhi(Nx/2)(Ny/2)(Nz/2): 4.21901e-05 Phi A: 0.00252291 Phi B: 0.997477 Phi I: 5.82134e-52
Total charge: -3.15364e-21
etaHat: 124879
324  fE: -3.0025  dfE: 3.76018e-08  dW: 0.00152076  dPhi(Nx/2)(Ny/2)(Nz/2): 4.19098e-05 Phi A: 0.00252291 Phi B: 0.997477 Phi I: 5.82134e-52
Total charge: -3.15364e-21
etaHat: 124879
325  fE: -3.0025  dfE: 2.38509e-08  dW: 0.00150826  dPhi(Nx/2)(Ny/2)(Nz/2): 4.16286e-05 Phi A: 0.00252291 Phi B: 0.997477 Phi I: 5.82134e-52
Total charge: -3.15364e-21
etaHat: 124879
326  fE: -3.0025  dfE: 1.02557e-08  dW: 0.00149589  dPhi(Nx/2)(Ny/2)(Nz/2): 4.1347e-05 Phi A: 0.00252291 Phi B: 0.997477 Phi I: 5.82134e-52
Total charge: -3.15364e-21
etaHat: 124879
327  fE: -3.0025  dfE: 2.52066e-09  dW: 0.00148364  dPhi(Nx/2)(Ny/2)(Nz/2): 4.10654e-05 Phi A: 0.00252291 Phi B: 0.997477 Phi I: 5.82134e-52
Total charge: -3.15364e-21
etaHat: 124879
328  fE: -3.0025  dfE: 1.39228e-08  dW: 0.00147152  dPhi(Nx/2)(Ny/2)(Nz/2): 4.07843e-05 Phi A: 0.00252291 Phi B: 0.997477 Phi I: 5.82134e-52
Total charge: -3.15364e-21
etaHat: 124879
329  fE: -3.0025  dfE: 2.35201e-08  dW: 0.00145952  dPhi(Nx/2)(Ny/2)(Nz/2): 4.05041e-05 Phi A: 0.00252291 Phi B: 0.997477 Phi I: 5.82134e-52
Total charge: -3.15364e-21
etaHat: 124879
330  fE: -3.0025  dfE: 3.10155e-08  dW: 0.00144764  dPhi(Nx/2)(Ny/2)(Nz/2): 4.02251e-05 Phi A: 0.00252291 Phi B: 0.997477 Phi I: 5.82134e-52
Saving data . . .
Total charge: -3.15364e-21
etaHat: 124879
331  fE: -3.0025  dfE: 3.62466e-08  dW: 0.00143588  dPhi(Nx/2)(Ny/2)(Nz/2): 3.99478e-05 Phi A: 0.00252291 Phi B: 0.997477 Phi I: 5.82134e-52
Total charge: -3.15364e-21
etaHat: 124879
332  fE: -3.0025  dfE: 3.91807e-08  dW: 0.00142423  dPhi(Nx/2)(Ny/2)(Nz/2): 3.96723e-05 Phi A: 0.00252291 Phi B: 0.997477 Phi I: 5.82134e-52
Total charge: -3.15364e-21
etaHat: 124879
333  fE: -3.0025  dfE: 3.99026e-08  dW: 0.0014127  dPhi(Nx/2)(Ny/2)(Nz/2): 3.93989e-05 Phi A: 0.00252291 Phi B: 0.997477 Phi I: 5.82134e-52
Total charge: -3.15364e-21
etaHat: 124879
334  fE: -3.0025  dfE: 3.85995e-08  dW: 0.00140129  dPhi(Nx/2)(Ny/2)(Nz/2): 3.91275e-05 Phi A: 0.00252291 Phi B: 0.997477 Phi I: 5.82134e-52
Total charge: -3.15364e-21
etaHat: 124879
335  fE: -3.0025  dfE: 3.554e-08  dW: 0.00138999  dPhi(Nx/2)(Ny/2)(Nz/2): 3.88583e-05 Phi A: 0.00252291 Phi B: 0.997477 Phi I: 5.82134e-52
Total charge: -3.15364e-21
etaHat: 124879
336  fE: -3.0025  dfE: 3.10539e-08  dW: 0.00137881  dPhi(Nx/2)(Ny/2)(Nz/2): 3.85911e-05 Phi A: 0.00252291 Phi B: 0.997477 Phi I: 5.82134e-52
Total charge: -3.15364e-21
etaHat: 124879
337  fE: -3.0025  dfE: 2.55084e-08  dW: 0.00136774  dPhi(Nx/2)(Ny/2)(Nz/2): 3.83258e-05 Phi A: 0.00252291 Phi B: 0.997477 Phi I: 5.82134e-52
Total charge: -3.15364e-21
etaHat: 124879
338  fE: -3.0025  dfE: 1.92865e-08  dW: 0.00135679  dPhi(Nx/2)(Ny/2)(Nz/2): 3.80623e-05 Phi A: 0.00252291 Phi B: 0.997477 Phi I: 5.82134e-52
Total charge: -3.15364e-21
etaHat: 124879
339  fE: -3.0025  dfE: 1.27667e-08  dW: 0.00134595  dPhi(Nx/2)(Ny/2)(Nz/2): 3.78003e-05 Phi A: 0.00252291 Phi B: 0.997477 Phi I: 5.82134e-52
Total charge: -3.15364e-21
etaHat: 124879
340  fE: -3.0025  dfE: 6.30349e-09  dW: 0.00133522  dPhi(Nx/2)(Ny/2)(Nz/2): 3.75397e-05 Phi A: 0.00252291 Phi B: 0.997477 Phi I: 5.82134e-52
Saving data . . .
Total charge: -3.15364e-21
etaHat: 124879
341  fE: -3.0025  dfE: 2.1331e-10  dW: 0.0013246  dPhi(Nx/2)(Ny/2)(Nz/2): 3.72801e-05 Phi A: 0.00252291 Phi B: 0.997477 Phi I: 5.82134e-52
Total charge: -3.15364e-21
etaHat: 124879
342  fE: -3.0025  dfE: 5.23832e-09  dW: 0.00131409  dPhi(Nx/2)(Ny/2)(Nz/2): 3.70216e-05 Phi A: 0.00252291 Phi B: 0.997477 Phi I: 5.82134e-52
Total charge: -3.15364e-21
etaHat: 124879
343  fE: -3.0025  dfE: 9.84437e-09  dW: 0.00130368  dPhi(Nx/2)(Ny/2)(Nz/2): 3.67638e-05 Phi A: 0.00252291 Phi B: 0.997477 Phi I: 5.82134e-52
Total charge: -3.15364e-21
etaHat: 124879
344  fE: -3.0025  dfE: 1.3461e-08  dW: 0.00129337  dPhi(Nx/2)(Ny/2)(Nz/2): 3.65066e-05 Phi A: 0.00252291 Phi B: 0.997477 Phi I: 5.82134e-52
Total charge: -3.15364e-21
etaHat: 124879
345  fE: -3.0025  dfE: 1.60082e-08  dW: 0.00128316  dPhi(Nx/2)(Ny/2)(Nz/2): 3.62501e-05 Phi A: 0.00252291 Phi B: 0.997477 Phi I: 5.82134e-52
Total charge: -3.15364e-21
etaHat: 124879
346  fE: -3.0025  dfE: 1.74673e-08  dW: 0.00127306  dPhi(Nx/2)(Ny/2)(Nz/2): 3.5994e-05 Phi A: 0.00252291 Phi B: 0.997477 Phi I: 5.82134e-52
Total charge: -3.15364e-21
etaHat: 124879
347  fE: -3.0025  dfE: 1.78761e-08  dW: 0.00126305  dPhi(Nx/2)(Ny/2)(Nz/2): 3.57386e-05 Phi A: 0.00252291 Phi B: 0.997477 Phi I: 5.82134e-52
Total charge: -3.15364e-21
etaHat: 124879
348  fE: -3.0025  dfE: 1.73206e-08  dW: 0.00125314  dPhi(Nx/2)(Ny/2)(Nz/2): 3.54837e-05 Phi A: 0.00252291 Phi B: 0.997477 Phi I: 5.82134e-52
Total charge: -3.15364e-21
etaHat: 124879
349  fE: -3.0025  dfE: 1.59264e-08  dW: 0.00124332  dPhi(Nx/2)(Ny/2)(Nz/2): 3.52296e-05 Phi A: 0.00252291 Phi B: 0.997477 Phi I: 5.82134e-52
Total charge: -3.15364e-21
etaHat: 124879
350  fE: -3.0025  dfE: 1.38482e-08  dW: 0.00123359  dPhi(Nx/2)(Ny/2)(Nz/2): 3.49763e-05 Phi A: 0.00252291 Phi B: 0.997477 Phi I: 5.82134e-52
Saving data . . .
Total charge: -3.15364e-21
etaHat: 124879
351  fE: -3.0025  dfE: 1.12594e-08  dW: 0.00122396  dPhi(Nx/2)(Ny/2)(Nz/2): 3.47241e-05 Phi A: 0.00252291 Phi B: 0.997477 Phi I: 5.82134e-52
Total charge: -3.15364e-21
etaHat: 124879
352  fE: -3.0025  dfE: 8.3409e-09  dW: 0.00121442  dPhi(Nx/2)(Ny/2)(Nz/2): 3.44732e-05 Phi A: 0.00252291 Phi B: 0.997477 Phi I: 5.82134e-52
Total charge: -3.15364e-21
etaHat: 124879
353  fE: -3.0025  dfE: 5.27222e-09  dW: 0.00120497  dPhi(Nx/2)(Ny/2)(Nz/2): 3.42238e-05 Phi A: 0.00252291 Phi B: 0.997477 Phi I: 5.82134e-52
Total charge: -3.15364e-21
etaHat: 124879
354  fE: -3.0025  dfE: 2.22199e-09  dW: 0.0011956  dPhi(Nx/2)(Ny/2)(Nz/2): 3.39761e-05 Phi A: 0.00252291 Phi B: 0.997477 Phi I: 5.82134e-52
Total charge: -3.15364e-21
etaHat: 124879
355  fE: -3.0025  dfE: 6.59033e-10  dW: 0.00118632  dPhi(Nx/2)(Ny/2)(Nz/2): 3.37303e-05 Phi A: 0.00252291 Phi B: 0.997477 Phi I: 5.82134e-52
Total charge: -3.15364e-21
etaHat: 124879
356  fE: -3.0025  dfE: 3.24385e-09  dW: 0.00117714  dPhi(Nx/2)(Ny/2)(Nz/2): 3.34866e-05 Phi A: 0.00252291 Phi B: 0.997477 Phi I: 5.82134e-52
Total charge: -3.15364e-21
etaHat: 124879
357  fE: -3.0025  dfE: 5.43298e-09  dW: 0.00116804  dPhi(Nx/2)(Ny/2)(Nz/2): 3.32453e-05 Phi A: 0.00252291 Phi B: 0.997477 Phi I: 5.82134e-52
Total charge: -3.15364e-21
etaHat: 124879
358  fE: -3.0025  dfE: 7.15678e-09  dW: 0.00115903  dPhi(Nx/2)(Ny/2)(Nz/2): 3.30065e-05 Phi A: 0.00252291 Phi B: 0.997477 Phi I: 5.82134e-52
Total charge: -3.15364e-21
etaHat: 124879
359  fE: -3.0025  dfE: 8.37588e-09  dW: 0.00115011  dPhi(Nx/2)(Ny/2)(Nz/2): 3.27703e-05 Phi A: 0.00252291 Phi B: 0.997477 Phi I: 5.82134e-52
Total charge: -3.15364e-21
etaHat: 124879
360  fE: -3.0025  dfE: 9.07997e-09  dW: 0.00114127  dPhi(Nx/2)(Ny/2)(Nz/2): 3.25368e-05 Phi A: 0.00252291 Phi B: 0.997477 Phi I: 5.82134e-52
Saving data . . .
Total charge: -3.15364e-21
etaHat: 124879
361  fE: -3.0025  dfE: 9.28572e-09  dW: 0.00113252  dPhi(Nx/2)(Ny/2)(Nz/2): 3.23061e-05 Phi A: 0.00252291 Phi B: 0.997477 Phi I: 5.82134e-52
Total charge: -3.15364e-21
etaHat: 124879
362  fE: -3.0025  dfE: 9.03263e-09  dW: 0.00112385  dPhi(Nx/2)(Ny/2)(Nz/2): 3.20782e-05 Phi A: 0.00252291 Phi B: 0.997477 Phi I: 5.82134e-52
Total charge: -3.15364e-21
etaHat: 124879
363  fE: -3.0025  dfE: 8.37956e-09  dW: 0.00111527  dPhi(Nx/2)(Ny/2)(Nz/2): 3.18531e-05 Phi A: 0.00252291 Phi B: 0.997477 Phi I: 5.82134e-52
Total charge: -3.15364e-21
etaHat: 124879
364  fE: -3.0025  dfE: 7.39885e-09  dW: 0.00110677  dPhi(Nx/2)(Ny/2)(Nz/2): 3.16309e-05 Phi A: 0.00252291 Phi B: 0.997477 Phi I: 5.82134e-52
Total charge: -3.15364e-21
etaHat: 124879
365  fE: -3.0025  dfE: 6.17234e-09  dW: 0.00109835  dPhi(Nx/2)(Ny/2)(Nz/2): 3.14113e-05 Phi A: 0.00252291 Phi B: 0.997477 Phi I: 5.82134e-52
Total charge: -3.15364e-21
etaHat: 124879
366  fE: -3.0025  dfE: 4.78567e-09  dW: 0.00109  dPhi(Nx/2)(Ny/2)(Nz/2): 3.11944e-05 Phi A: 0.00252291 Phi B: 0.997477 Phi I: 5.82134e-52
Total charge: -3.15364e-21
etaHat: 124879
367  fE: -3.0025  dfE: 3.32381e-09  dW: 0.00108174  dPhi(Nx/2)(Ny/2)(Nz/2): 3.098e-05 Phi A: 0.00252291 Phi B: 0.997477 Phi I: 5.82134e-52
Total charge: -3.15364e-21
etaHat: 124879
368  fE: -3.0025  dfE: 1.86695e-09  dW: 0.00107355  dPhi(Nx/2)(Ny/2)(Nz/2): 3.07681e-05 Phi A: 0.00252291 Phi B: 0.997477 Phi I: 5.82134e-52
Total charge: -3.15364e-21
etaHat: 124879
369  fE: -3.0025  dfE: 4.86982e-10  dW: 0.00106544  dPhi(Nx/2)(Ny/2)(Nz/2): 3.05584e-05 Phi A: 0.00252291 Phi B: 0.997477 Phi I: 5.82134e-52
Total charge: -3.15364e-21
etaHat: 124879
370  fE: -3.0025  dfE: 7.55402e-10  dW: 0.0010574  dPhi(Nx/2)(Ny/2)(Nz/2): 3.03508e-05 Phi A: 0.00252291 Phi B: 0.997477 Phi I: 5.82134e-52
Saving data . . .
Total charge: -3.15364e-21
etaHat: 124879
371  fE: -3.0025  dfE: 1.81241e-09  dW: 0.00104943  dPhi(Nx/2)(Ny/2)(Nz/2): 3.01453e-05 Phi A: 0.00252291 Phi B: 0.997477 Phi I: 5.82134e-52
Total charge: -3.15364e-21
etaHat: 124879
372  fE: -3.0025  dfE: 2.65036e-09  dW: 0.00104154  dPhi(Nx/2)(Ny/2)(Nz/2): 2.99417e-05 Phi A: 0.00252291 Phi B: 0.997477 Phi I: 5.82134e-52
Total charge: -3.15364e-21
etaHat: 124879
373  fE: -3.0025  dfE: 3.24988e-09  dW: 0.00103372  dPhi(Nx/2)(Ny/2)(Nz/2): 2.97398e-05 Phi A: 0.00252291 Phi B: 0.997477 Phi I: 5.82134e-52
Total charge: -3.15364e-21
etaHat: 124879
374  fE: -3.0025  dfE: 3.60551e-09  dW: 0.00102597  dPhi(Nx/2)(Ny/2)(Nz/2): 2.95395e-05 Phi A: 0.00252291 Phi B: 0.997477 Phi I: 5.82134e-52
Total charge: -3.15364e-21
etaHat: 124879
375  fE: -3.0025  dfE: 3.72435e-09  dW: 0.00101829  dPhi(Nx/2)(Ny/2)(Nz/2): 2.93408e-05 Phi A: 0.00252291 Phi B: 0.997477 Phi I: 5.82134e-52
Total charge: -3.15364e-21
etaHat: 124879
376  fE: -3.0025  dfE: 3.6248e-09  dW: 0.00101068  dPhi(Nx/2)(Ny/2)(Nz/2): 2.91434e-05 Phi A: 0.00252291 Phi B: 0.997477 Phi I: 5.82134e-52
Total charge: -3.15364e-21
etaHat: 124879
377  fE: -3.0025  dfE: 3.33407e-09  dW: 0.00100314  dPhi(Nx/2)(Ny/2)(Nz/2): 2.89474e-05 Phi A: 0.00252291 Phi B: 0.997477 Phi I: 5.82134e-52
Total charge: -3.15364e-21
etaHat: 124879
378  fE: -3.0025  dfE: 2.88631e-09  dW: 0.000995674  dPhi(Nx/2)(Ny/2)(Nz/2): 2.87526e-05 Phi A: 0.00252291 Phi B: 0.997477 Phi I: 5.82134e-52
Saving data . . .
