Total charge: 124877
etaHat: 124877
0  fE: -9376.42  dfE: 9476.42  dW: 33.692  dPhi(Nx/2)(Ny/2)(Nz/2): -4.11389 Phi A: 0.607494 Phi B: 4.48374 Phi I: 999.016
Saving data . . .
Total charge: 1.59566
etaHat: 124879
1  fE: -25216.9  dfE: 15840.5  dW: 26.5895  dPhi(Nx/2)(Ny/2)(Nz/2): -1.82585 Phi A: 0.15085 Phi B: 2.66332 Phi I: 0.0127653
Total charge: 1.71389e-18
etaHat: 124879
2  fE: -15.3779  dfE: 25201.5  dW: 23.6004  dPhi(Nx/2)(Ny/2)(Nz/2): -0.910923 Phi A: 0.0619067 Phi B: 1.8416 Phi I: 1.43302e-20
Total charge: -3.99608e-20
etaHat: 124879
3  fE: -11.2604  dfE: 4.11757  dW: 20.8874  dPhi(Nx/2)(Ny/2)(Nz/2): -0.360757 Phi A: 0.0319686 Phi B: 1.32381 Phi I: 5.82395e-52
Total charge: -2.41955e-20
etaHat: 124879
4  fE: -8.27568  dfE: 2.98467  dW: 18.2092  dPhi(Nx/2)(Ny/2)(Nz/2): -0.00619753 Phi A: 0.0193564 Phi B: 0.983379 Phi I: 5.82221e-52
Total charge: -1.65046e-20
etaHat: 124879
5  fE: -6.15594  dfE: 2.11975  dW: 15.5601  dPhi(Nx/2)(Ny/2)(Nz/2): 0.227627 Phi A: 0.0132037 Phi B: 0.756681 Phi I: 5.82065e-52
Total charge: -1.2359e-20
etaHat: 124879
6  fE: -4.6673  dfE: 1.48864  dW: 12.9606  dPhi(Nx/2)(Ny/2)(Nz/2): 0.383686 Phi A: 0.00988723 Phi B: 0.604577 Phi I: 5.81932e-52
Total charge: -9.9829e-21
etaHat: 124879
7  fE: -3.62155  dfE: 1.04575  dW: 10.4323  dPhi(Nx/2)(Ny/2)(Nz/2): 0.488324 Phi A: 0.00798632 Phi B: 0.502269 Phi I: 5.8182e-52
Total charge: -8.59132e-21
etaHat: 124879
8  fE: -2.8807  dfE: 0.740847  dW: 7.99483  dPhi(Nx/2)(Ny/2)(Nz/2): 0.557958 Phi A: 0.00687306 Phi B: 0.434042 Phi I: 5.81732e-52
Total charge: -7.80614e-21
etaHat: 124879
9  fE: -2.34843  dfE: 0.532269  dW: 5.66659  dPhi(Nx/2)(Ny/2)(Nz/2): 0.602843 Phi A: 0.00624491 Phi B: 0.38999 Phi I: 5.81666e-52
Total charge: -7.43497e-21
etaHat: 124879
10  fE: -1.95876  dfE: 0.389668  dW: 3.46501  dPhi(Nx/2)(Ny/2)(Nz/2): 0.629326 Phi A: 0.00594798 Phi B: 0.363951 Phi I: 5.81622e-52
Saving data . . .
Total charge: -7.37869e-21
etaHat: 124879
11  fE: -1.66646  dfE: 0.292304  dW: 1.48502  dPhi(Nx/2)(Ny/2)(Nz/2): 0.641208 Phi A: 0.00590295 Phi B: 0.352222 Phi I: 5.816e-52
Total charge: -7.589e-21
etaHat: 124879
12  fE: -1.44001  dfE: 0.226455  dW: 0.842532  dPhi(Nx/2)(Ny/2)(Nz/2): 0.640568 Phi A: 0.0060712 Phi B: 0.352778 Phi I: 5.81598e-52
Total charge: -8.04695e-21
etaHat: 124879
13  fE: -1.25685  dfE: 0.183157  dW: 2.19674  dPhi(Nx/2)(Ny/2)(Nz/2): 0.628258 Phi A: 0.00643756 Phi B: 0.364789 Phi I: 5.81614e-52
Total charge: -8.75018e-21
etaHat: 124879
14  fE: -1.1004  dfE: 0.156452  dW: 3.6981  dPhi(Nx/2)(Ny/2)(Nz/2): 0.604214 Phi A: 0.00700014 Phi B: 0.388334 Phi I: 5.81648e-52
Total charge: -9.70261e-21
etaHat: 124879
15  fE: -0.958405  dfE: 0.141992  dW: 4.96184  dPhi(Nx/2)(Ny/2)(Nz/2): 0.567659 Phi A: 0.00776209 Phi B: 0.424193 Phi I: 5.81697e-52
Total charge: -1.09032e-20
etaHat: 124879
16  fE: -0.82265  dfE: 0.135755  dW: 5.95445  dPhi(Nx/2)(Ny/2)(Nz/2): 0.517307 Phi A: 0.00872253 Phi B: 0.473662 Phi I: 5.81759e-52
Total charge: -1.23308e-20
etaHat: 124879
17  fE: -0.689931  dfE: 0.132719  dW: 6.63853  dPhi(Nx/2)(Ny/2)(Nz/2): 0.451623 Phi A: 0.00986468 Phi B: 0.538307 Phi I: 5.81831e-52
Total charge: -1.3926e-20
etaHat: 124879
18  fE: -0.564459  dfE: 0.125472  dW: 6.97534  dPhi(Nx/2)(Ny/2)(Nz/2): 0.369236 Phi A: 0.0111408 Phi B: 0.619561 Phi I: 5.81911e-52
Total charge: -1.55706e-20
etaHat: 124879
19  fE: -0.461272  dfE: 0.103187  dW: 6.93013  dPhi(Nx/2)(Ny/2)(Nz/2): 0.269576 Phi A: 0.0124565 Phi B: 0.718105 Phi I: 5.81995e-52
Total charge: -1.7077e-20
etaHat: 124879
20  fE: -0.409314  dfE: 0.0519582  dW: 6.48084  dPhi(Nx/2)(Ny/2)(Nz/2): 0.153762 Phi A: 0.0136616 Phi B: 0.83299 Phi I: 5.8208e-52
Saving data . . .
Total charge: -1.8201e-20
etaHat: 124879
21  fE: -0.451254  dfE: 0.0419404  dW: 5.62973  dPhi(Nx/2)(Ny/2)(Nz/2): 0.0255824 Phi A: 0.0145608 Phi B: 0.960639 Phi I: 5.82162e-52
Total charge: -1.86926e-20
etaHat: 124879
22  fE: -0.636146  dfE: 0.184892  dW: 4.87055  dPhi(Nx/2)(Ny/2)(Nz/2): -0.107769 Phi A: 0.0149541 Phi B: 1.09407 Phi I: 5.82237e-52
Total charge: -1.83803e-20
etaHat: 124879
23  fE: -1.00274  dfE: 0.366597  dW: 4.97569  dPhi(Nx/2)(Ny/2)(Nz/2): -0.235792 Phi A: 0.0147042 Phi B: 1.2229 Phi I: 5.82301e-52
Total charge: -1.72528e-20
etaHat: 124879
24  fE: -1.55737  dfE: 0.55463  dW: 4.89755  dPhi(Nx/2)(Ny/2)(Nz/2): -0.3461 Phi A: 0.0138023 Phi B: 1.33473 Phi I: 5.82351e-52
Total charge: -1.54824e-20
etaHat: 124879
25  fE: -2.25795  dfE: 0.700576  dW: 4.62001  dPhi(Nx/2)(Ny/2)(Nz/2): -0.4271 Phi A: 0.0123859 Phi B: 1.41777 Phi I: 5.82386e-52
Total charge: -1.33642e-20
etaHat: 124879
26  fE: -3.01715  dfE: 0.759206  dW: 4.15139  dPhi(Nx/2)(Ny/2)(Nz/2): -0.47104 Phi A: 0.0106913 Phi B: 1.46398 Phi I: 5.82403e-52
Total charge: -1.1206e-20
etaHat: 124879
27  fE: -3.72758  dfE: 0.710429  dW: 3.57173  dPhi(Nx/2)(Ny/2)(Nz/2): -0.476031 Phi A: 0.0089648 Phi B: 1.47115 Phi I: 5.82405e-52
Total charge: -9.23718e-21
etaHat: 124879
28  fE: -4.29627  dfE: 0.568687  dW: 4.22465  dPhi(Nx/2)(Ny/2)(Nz/2): -0.446105 Phi A: 0.00738975 Phi B: 1.44311 Phi I: 5.82392e-52
Total charge: -7.57574e-21
etaHat: 124879
29  fE: -4.66994  dfE: 0.373672  dW: 4.87369  dPhi(Nx/2)(Ny/2)(Nz/2): -0.389463 Phi A: 0.00606059 Phi B: 1.38795 Phi I: 5.82368e-52
Total charge: -6.24708e-21
etaHat: 124879
30  fE: -4.84069  dfE: 0.170747  dW: 5.20172  dPhi(Nx/2)(Ny/2)(Nz/2): -0.31595 Phi A: 0.00499766 Phi B: 1.31552 Phi I: 5.82335e-52
Saving data . . .
Total charge: -5.22192e-21
etaHat: 124879
31  fE: -4.83517  dfE: 0.0055182  dW: 5.24626  dPhi(Nx/2)(Ny/2)(Nz/2): -0.234866 Phi A: 0.00417754 Phi B: 1.23516 Phi I: 5.82297e-52
Total charge: -4.44933e-21
etaHat: 124879
32  fE: -4.69749  dfE: 0.137684  dW: 5.05587  dPhi(Nx/2)(Ny/2)(Nz/2): -0.153678 Phi A: 0.00355946 Phi B: 1.15442 Phi I: 5.82256e-52
Total charge: -3.87669e-21
etaHat: 124879
33  fE: -4.47432  dfE: 0.223164  dW: 4.6814  dPhi(Nx/2)(Ny/2)(Nz/2): -0.0776348 Phi A: 0.00310135 Phi B: 1.07862 Phi I: 5.82215e-52
Total charge: -3.45865e-21
etaHat: 124879
34  fE: -4.20596  dfE: 0.26836  dW: 4.17099  dPhi(Nx/2)(Ny/2)(Nz/2): -0.00996703 Phi A: 0.00276692 Phi B: 1.01106 Phi I: 5.82175e-52
Total charge: -3.15942e-21
etaHat: 124879
35  fE: -3.92282  dfE: 0.283143  dW: 3.56792  dPhi(Nx/2)(Ny/2)(Nz/2): 0.0476557 Phi A: 0.00252753 Phi B: 0.95344 Phi I: 5.8214e-52
Total charge: -2.95199e-21
etaHat: 124879
36  fE: -3.64553  dfE: 0.277286  dW: 2.91001  dPhi(Nx/2)(Ny/2)(Nz/2): 0.0946349 Phi A: 0.00236159 Phi B: 0.906403 Phi I: 5.82108e-52
Total charge: -2.81644e-21
etaHat: 124879
37  fE: -3.38675  dfE: 0.258785  dW: 2.22991  dPhi(Nx/2)(Ny/2)(Nz/2): 0.131036 Phi A: 0.00225315 Phi B: 0.869901 Phi I: 5.82083e-52
Total charge: -2.73806e-21
etaHat: 124879
38  fE: -3.15332  dfE: 0.233429  dW: 1.55569  dPhi(Nx/2)(Ny/2)(Nz/2): 0.157291 Phi A: 0.00219045 Phi B: 0.843515 Phi I: 5.82064e-52
Total charge: -2.70585e-21
etaHat: 124879
39  fE: -2.94831  dfE: 0.205005  dW: 0.911402  dPhi(Nx/2)(Ny/2)(Nz/2): 0.174016 Phi A: 0.00216468 Phi B: 0.826639 Phi I: 5.82051e-52
Total charge: -2.71115e-21
etaHat: 124879
40  fE: -2.77258  dfE: 0.17573  dW: 0.481354  dPhi(Nx/2)(Ny/2)(Nz/2): 0.181899 Phi A: 0.00216892 Phi B: 0.818586 Phi I: 5.82043e-52
Saving data . . .
Total charge: -2.74673e-21
etaHat: 124879
41  fE: -2.6259  dfE: 0.146685  dW: 0.33412  dPhi(Nx/2)(Ny/2)(Nz/2): 0.181661 Phi A: 0.00219738 Phi B: 0.818638 Phi I: 5.82042e-52
Total charge: -2.80594e-21
etaHat: 124879
42  fE: -2.5077  dfE: 0.118198  dW: 0.652838  dPhi(Nx/2)(Ny/2)(Nz/2): 0.174051 Phi A: 0.00224475 Phi B: 0.826046 Phi I: 5.82046e-52
Total charge: -2.88217e-21
etaHat: 124879
43  fE: -2.41756  dfE: 0.0901372  dW: 1.0044  dPhi(Nx/2)(Ny/2)(Nz/2): 0.159872 Phi A: 0.00230574 Phi B: 0.840008 Phi I: 5.82055e-52
Total charge: -2.96849e-21
etaHat: 124879
44  fE: -2.3554  dfE: 0.0621664  dW: 1.2559  dPhi(Nx/2)(Ny/2)(Nz/2): 0.140014 Phi A: 0.00237479 Phi B: 0.85963 Phi I: 5.82067e-52
Total charge: -3.05747e-21
etaHat: 124879
45  fE: -2.32144  dfE: 0.0339582  dW: 1.40387  dPhi(Nx/2)(Ny/2)(Nz/2): 0.115499 Phi A: 0.00244597 Phi B: 0.883896 Phi I: 5.82083e-52
Total charge: -3.14134e-21
etaHat: 124879
46  fE: -2.31604  dfE: 0.00539578  dW: 1.44909  dPhi(Nx/2)(Ny/2)(Nz/2): 0.0875003 Phi A: 0.00251307 Phi B: 0.91163 Phi I: 5.821e-52
Total charge: -3.21242e-21
etaHat: 124879
47  fE: -2.3393  dfE: 0.0232531  dW: 1.39689  dPhi(Nx/2)(Ny/2)(Nz/2): 0.0573566 Phi A: 0.00256993 Phi B: 0.941498 Phi I: 5.82117e-52
Total charge: -3.26369e-21
etaHat: 124879
48  fE: -2.39051  dfE: 0.0512169  dW: 1.25716  dPhi(Nx/2)(Ny/2)(Nz/2): 0.0265421 Phi A: 0.00261095 Phi B: 0.972029 Phi I: 5.82135e-52
Total charge: -3.28962e-21
etaHat: 124879
49  fE: -2.46771  dfE: 0.0771998  dW: 1.08361  dPhi(Nx/2)(Ny/2)(Nz/2): -0.0033944 Phi A: 0.00263169 Phi B: 1.00168 Phi I: 5.82152e-52
Total charge: -3.28681e-21
etaHat: 124879
50  fE: -2.56721  dfE: 0.0995003  dW: 1.10734  dPhi(Nx/2)(Ny/2)(Nz/2): -0.0309276 Phi A: 0.00262945 Phi B: 1.02893 Phi I: 5.82167e-52
Saving data . . .
Total charge: -3.25449e-21
etaHat: 124879
51  fE: -2.68349  dfE: 0.116276  dW: 1.1043  dPhi(Nx/2)(Ny/2)(Nz/2): -0.0546763 Phi A: 0.00260359 Phi B: 1.05241 Phi I: 5.82179e-52
Total charge: -3.19453e-21
etaHat: 124879
52  fE: -2.8094  dfE: 0.125914  dW: 1.06217  dPhi(Nx/2)(Ny/2)(Nz/2): -0.0735278 Phi A: 0.00255563 Phi B: 1.071 Phi I: 5.82189e-52
Total charge: -3.11113e-21
etaHat: 124879
53  fE: -2.93681  dfE: 0.127409  dW: 0.984974  dPhi(Nx/2)(Ny/2)(Nz/2): -0.0867409 Phi A: 0.00248891 Phi B: 1.08398 Phi I: 5.82195e-52
Total charge: -3.01008e-21
etaHat: 124879
54  fE: -3.05745  dfE: 0.120635  dW: 0.878721  dPhi(Nx/2)(Ny/2)(Nz/2): -0.094007 Phi A: 0.00240806 Phi B: 1.09104 Phi I: 5.82198e-52
Total charge: -2.89791e-21
etaHat: 124879
55  fE: -3.16388  dfE: 0.106429  dW: 0.774205  dPhi(Nx/2)(Ny/2)(Nz/2): -0.0954561 Phi A: 0.00231833 Phi B: 1.0923 Phi I: 5.82198e-52
Total charge: -2.78107e-21
etaHat: 124879
56  fE: -3.25032  dfE: 0.0864448  dW: 0.909627  dPhi(Nx/2)(Ny/2)(Nz/2): -0.0916099 Phi A: 0.00222485 Phi B: 1.08831 Phi I: 5.82196e-52
Total charge: -2.6653e-21
etaHat: 124879
57  fE: -3.31317  dfE: 0.0628464  dW: 1.05816  dPhi(Nx/2)(Ny/2)(Nz/2): -0.0832928 Phi A: 0.00213224 Phi B: 1.07987 Phi I: 5.82191e-52
Total charge: -2.55525e-21
etaHat: 124879
58  fE: -3.3511  dfE: 0.037932  dW: 1.14931  dPhi(Nx/2)(Ny/2)(Nz/2): -0.0715217 Phi A: 0.0020442 Phi B: 1.068 Phi I: 5.82184e-52
Total charge: -2.45433e-21
etaHat: 124879
59  fE: -3.36489  dfE: 0.0137918  dW: 1.1844  dPhi(Nx/2)(Ny/2)(Nz/2): -0.0573937 Phi A: 0.00196347 Phi B: 1.05381 Phi I: 5.82175e-52
Total charge: -2.3648e-21
etaHat: 124879
60  fE: -3.35697  dfE: 0.00792633  dW: 1.16773  dPhi(Nx/2)(Ny/2)(Nz/2): -0.0419894 Phi A: 0.00189184 Phi B: 1.03836 Phi I: 5.82166e-52
Saving data . . .
Total charge: -2.28789e-21
etaHat: 124879
61  fE: -3.33085  dfE: 0.0261201  dW: 1.10573  dPhi(Nx/2)(Ny/2)(Nz/2): -0.0262984 Phi A: 0.00183031 Phi B: 1.02264 Phi I: 5.82157e-52
Total charge: -2.22403e-21
etaHat: 124879
62  fE: -3.29063  dfE: 0.0402221  dW: 1.00632  dPhi(Nx/2)(Ny/2)(Nz/2): -0.0111726 Phi A: 0.00177923 Phi B: 1.00751 Phi I: 5.82148e-52
Total charge: -2.17304e-21
etaHat: 124879
63  fE: -3.24051  dfE: 0.0501125  dW: 0.878187  dPhi(Nx/2)(Ny/2)(Nz/2): 0.0026984 Phi A: 0.00173843 Phi B: 0.993646 Phi I: 5.82139e-52
Total charge: -2.1343e-21
etaHat: 124879
64  fE: -3.18451  dfE: 0.0559989  dW: 0.730312  dPhi(Nx/2)(Ny/2)(Nz/2): 0.0147928 Phi A: 0.00170744 Phi B: 0.981569 Phi I: 5.82131e-52
Total charge: -2.10688e-21
etaHat: 124879
65  fE: -3.12622  dfE: 0.0582942  dW: 0.571488  dPhi(Nx/2)(Ny/2)(Nz/2): 0.0247498 Phi A: 0.00168551 Phi B: 0.971638 Phi I: 5.82125e-52
Total charge: -2.08964e-21
etaHat: 124879
66  fE: -3.0687  dfE: 0.0575146  dW: 0.409989  dPhi(Nx/2)(Ny/2)(Nz/2): 0.0323558 Phi A: 0.00167171 Phi B: 0.964066 Phi I: 5.8212e-52
Total charge: -2.08128e-21
etaHat: 124879
67  fE: -3.0145  dfE: 0.0542052  dW: 0.253319  dPhi(Nx/2)(Ny/2)(Nz/2): 0.0375275 Phi A: 0.00166502 Phi B: 0.958934 Phi I: 5.82117e-52
Total charge: -2.08039e-21
etaHat: 124879
68  fE: -2.96561  dfE: 0.0488939  dW: 0.12939  dPhi(Nx/2)(Ny/2)(Nz/2): 0.040295 Phi A: 0.00166431 Phi B: 0.956212 Phi I: 5.82115e-52
Total charge: -2.08549e-21
etaHat: 124879
69  fE: -2.92354  dfE: 0.0420687  dW: 0.0842491  dPhi(Nx/2)(Ny/2)(Nz/2): 0.0407847 Phi A: 0.00166839 Phi B: 0.955775 Phi I: 5.82114e-52
Total charge: -2.09504e-21
etaHat: 124879
70  fE: -2.88936  dfE: 0.0341723  dW: 0.13042  dPhi(Nx/2)(Ny/2)(Nz/2): 0.039204 Phi A: 0.00167604 Phi B: 0.957415 Phi I: 5.82115e-52
Saving data . . .
Total charge: -2.10752e-21
etaHat: 124879
71  fE: -2.86376  dfE: 0.0256071  dW: 0.212921  dPhi(Nx/2)(Ny/2)(Nz/2): 0.0358273 Phi A: 0.00168602 Phi B: 0.960858 Phi I: 5.82116e-52
Total charge: -2.12141e-21
etaHat: 124879
72  fE: -2.84701  dfE: 0.0167445  dW: 0.272037  dPhi(Nx/2)(Ny/2)(Nz/2): 0.0309807 Phi A: 0.00169713 Phi B: 0.965779 Phi I: 5.82119e-52
Total charge: -2.13527e-21
etaHat: 124879
73  fE: -2.83908  dfE: 0.00793452  dW: 0.30578  dPhi(Nx/2)(Ny/2)(Nz/2): 0.0250279 Phi A: 0.00170821 Phi B: 0.971814 Phi I: 5.82122e-52
Total charge: -2.14779e-21
etaHat: 124879
74  fE: -2.83957  dfE: 0.000489256  dW: 0.315138  dPhi(Nx/2)(Ny/2)(Nz/2): 0.0183542 Phi A: 0.00171823 Phi B: 0.978579 Phi I: 5.82126e-52
Total charge: -2.15787e-21
etaHat: 124879
75  fE: -2.84778  dfE: 0.00821065  dW: 0.302183  dPhi(Nx/2)(Ny/2)(Nz/2): 0.0113495 Phi A: 0.0017263 Phi B: 0.985685 Phi I: 5.8213e-52
Total charge: -2.16462e-21
etaHat: 124879
76  fE: -2.86272  dfE: 0.0149389  dW: 0.270841  dPhi(Nx/2)(Ny/2)(Nz/2): 0.00439088 Phi A: 0.00173169 Phi B: 0.992752 Phi I: 5.82134e-52
Total charge: -2.16743e-21
etaHat: 124879
77  fE: -2.88314  dfE: 0.0204227  dW: 0.249242  dPhi(Nx/2)(Ny/2)(Nz/2): -0.00217432 Phi A: 0.00173394 Phi B: 0.999435 Phi I: 5.82138e-52
Total charge: -2.16599e-21
etaHat: 124879
78  fE: -2.90761  dfE: 0.0244679  dW: 0.253742  dPhi(Nx/2)(Ny/2)(Nz/2): -0.00804503 Phi A: 0.00173279 Phi B: 1.00543 Phi I: 5.82141e-52
Total charge: -2.16029e-21
etaHat: 124879
79  fE: -2.93456  dfE: 0.0269543  dW: 0.251996  dPhi(Nx/2)(Ny/2)(Nz/2): -0.0129796 Phi A: 0.00172823 Phi B: 1.01049 Phi I: 5.82144e-52
Total charge: -2.15057e-21
etaHat: 124879
80  fE: -2.96241  dfE: 0.0278497  dW: 0.241683  dPhi(Nx/2)(Ny/2)(Nz/2): -0.0168058 Phi A: 0.00172046 Phi B: 1.01445 Phi I: 5.82146e-52
Saving data . . .
Total charge: -2.13732e-21
etaHat: 124879
81  fE: -2.98963  dfE: 0.0272153  dW: 0.223932  dPhi(Nx/2)(Ny/2)(Nz/2): -0.0194254 Phi A: 0.00170986 Phi B: 1.0172 Phi I: 5.82147e-52
Total charge: -2.1212e-21
etaHat: 124879
82  fE: -3.01483  dfE: 0.0252021  dW: 0.200749  dPhi(Nx/2)(Ny/2)(Nz/2): -0.0208143 Phi A: 0.00169696 Phi B: 1.01872 Phi I: 5.82148e-52
Total charge: -2.10297e-21
etaHat: 124879
83  fE: -3.03687  dfE: 0.0220376  dW: 0.186066  dPhi(Nx/2)(Ny/2)(Nz/2): -0.0210178 Phi A: 0.00168238 Phi B: 1.01905 Phi I: 5.82148e-52
Total charge: -2.08344e-21
etaHat: 124879
84  fE: -3.05487  dfE: 0.0180052  dW: 0.20684  dPhi(Nx/2)(Ny/2)(Nz/2): -0.0201411 Phi A: 0.00166676 Phi B: 1.0183 Phi I: 5.82147e-52
Total charge: -2.06343e-21
etaHat: 124879
85  fE: -3.06829  dfE: 0.0134184  dW: 0.238879  dPhi(Nx/2)(Ny/2)(Nz/2): -0.0183371 Phi A: 0.00165075 Phi B: 1.01661 Phi I: 5.82146e-52
Total charge: -2.04368e-21
etaHat: 124879
86  fE: -3.07688  dfE: 0.00859391  dW: 0.260562  dPhi(Nx/2)(Ny/2)(Nz/2): -0.0157925 Phi A: 0.00163495 Phi B: 1.01417 Phi I: 5.82145e-52
Total charge: -2.02486e-21
etaHat: 124879
87  fE: -3.08071  dfE: 0.00382824  dW: 0.270109  dPhi(Nx/2)(Ny/2)(Nz/2): -0.012713 Phi A: 0.00161988 Phi B: 1.01119 Phi I: 5.82143e-52
Total charge: -2.00749e-21
etaHat: 124879
88  fE: -3.08009  dfE: 0.000621552  dW: 0.26814  dPhi(Nx/2)(Ny/2)(Nz/2): -0.00931009 Phi A: 0.00160599 Phi B: 1.00788 Phi I: 5.82141e-52
Total charge: -1.99201e-21
etaHat: 124879
89  fE: -3.07554  dfE: 0.00455016  dW: 0.255814  dPhi(Nx/2)(Ny/2)(Nz/2): -0.00578825 Phi A: 0.00159361 Phi B: 1.00443 Phi I: 5.82139e-52
Total charge: -1.97869e-21
etaHat: 124879
90  fE: -3.06773  dfE: 0.0078099  dW: 0.234693  dPhi(Nx/2)(Ny/2)(Nz/2): -0.00233526 Phi A: 0.00158295 Phi B: 1.00104 Phi I: 5.82136e-52
Saving data . . .
Total charge: -1.96769e-21
etaHat: 124879
91  fE: -3.05742  dfE: 0.0103108  dW: 0.206612  dPhi(Nx/2)(Ny/2)(Nz/2): 0.000885518 Phi A: 0.00157415 Phi B: 0.997873 Phi I: 5.82135e-52
Total charge: -1.95907e-21
etaHat: 124879
92  fE: -3.0454  dfE: 0.0120163  dW: 0.17356  dPhi(Nx/2)(Ny/2)(Nz/2): 0.00374036 Phi A: 0.00156725 Phi B: 0.99506 Phi I: 5.82133e-52
Total charge: -1.95274e-21
etaHat: 124879
93  fE: -3.03247  dfE: 0.0129361  dW: 0.137566  dPhi(Nx/2)(Ny/2)(Nz/2): 0.00612813 Phi A: 0.0015622 Phi B: 0.992705 Phi I: 5.82131e-52
Total charge: -1.94858e-21
etaHat: 124879
94  fE: -3.01935  dfE: 0.013118  dW: 0.100595  dPhi(Nx/2)(Ny/2)(Nz/2): 0.00798119 Phi A: 0.00155886 Phi B: 0.990874 Phi I: 5.8213e-52
Total charge: -1.94634e-21
etaHat: 124879
95  fE: -3.00671  dfE: 0.0126385  dW: 0.0649169  dPhi(Nx/2)(Ny/2)(Nz/2): 0.00926477 Phi A: 0.00155707 Phi B: 0.989604 Phi I: 5.82129e-52
Total charge: -1.94576e-21
etaHat: 124879
96  fE: -2.99512  dfE: 0.0115952  dW: 0.0375686  dPhi(Nx/2)(Ny/2)(Nz/2): 0.00997485 Phi A: 0.00155661 Phi B: 0.988899 Phi I: 5.82129e-52
Total charge: -1.94652e-21
etaHat: 124879
97  fE: -2.98502  dfE: 0.0100991  dW: 0.0265647  dPhi(Nx/2)(Ny/2)(Nz/2): 0.010135 Phi A: 0.00155721 Phi B: 0.988736 Phi I: 5.82129e-52
Total charge: -1.94827e-21
etaHat: 124879
98  fE: -2.97675  dfE: 0.00826837  dW: 0.0319033  dPhi(Nx/2)(Ny/2)(Nz/2): 0.00979258 Phi A: 0.00155861 Phi B: 0.98907 Phi I: 5.82129e-52
Total charge: -1.95066e-21
etaHat: 124879
99  fE: -2.97053  dfE: 0.00622294  dW: 0.0455252  dPhi(Nx/2)(Ny/2)(Nz/2): 0.00901401 Phi A: 0.00156053 Phi B: 0.989833 Phi I: 5.82129e-52
Total charge: -1.95338e-21
etaHat: 124879
100  fE: -2.96645  dfE: 0.00407977  dW: 0.0583048  dPhi(Nx/2)(Ny/2)(Nz/2): 0.00788004 Phi A: 0.0015627 Phi B: 0.990947 Phi I: 5.8213e-52
Saving data . . .
Total charge: -1.95609e-21
etaHat: 124879
101  fE: -2.9645  dfE: 0.00194895  dW: 0.0662963  dPhi(Nx/2)(Ny/2)(Nz/2): 0.00648067 Phi A: 0.00156487 Phi B: 0.992322 Phi I: 5.8213e-52
Total charge: -1.95853e-21
etaHat: 124879
102  fE: -2.96457  dfE: 6.99473e-05  dW: 0.0689581  dPhi(Nx/2)(Ny/2)(Nz/2): 0.00491002 Phi A: 0.00156682 Phi B: 0.993865 Phi I: 5.82131e-52
Total charge: -1.96046e-21
etaHat: 124879
103  fE: -2.96646  dfE: 0.00189093  dW: 0.0671744  dPhi(Nx/2)(Ny/2)(Nz/2): 0.00326157 Phi A: 0.00156837 Phi B: 0.995483 Phi I: 5.82132e-52
Total charge: -1.96172e-21
etaHat: 124879
104  fE: -2.9699  dfE: 0.00344428  dW: 0.0631454  dPhi(Nx/2)(Ny/2)(Nz/2): 0.00162371 Phi A: 0.00156937 Phi B: 0.997089 Phi I: 5.82133e-52
Total charge: -1.96217e-21
etaHat: 124879
105  fE: -2.97458  dfE: 0.00467854  dW: 0.0599226  dPhi(Nx/2)(Ny/2)(Nz/2): 7.58383e-05 Phi A: 0.00156974 Phi B: 0.998603 Phi I: 5.82134e-52
Total charge: -1.96178e-21
etaHat: 124879
106  fE: -2.98014  dfE: 0.00556182  dW: 0.058771  dPhi(Nx/2)(Ny/2)(Nz/2): -0.00131471 Phi A: 0.00156942 Phi B: 0.999959 Phi I: 5.82134e-52
Total charge: -1.96052e-21
etaHat: 124879
107  fE: -2.98622  dfE: 0.00608213  dW: 0.057973  dPhi(Nx/2)(Ny/2)(Nz/2): -0.00249499 Phi A: 0.00156841 Phi B: 1.0011 Phi I: 5.82135e-52
Total charge: -1.95844e-21
etaHat: 124879
108  fE: -2.99247  dfE: 0.00624676  dW: 0.0558882  dPhi(Nx/2)(Ny/2)(Nz/2): -0.00342777 Phi A: 0.00156675 Phi B: 1.002 Phi I: 5.82135e-52
Total charge: -1.95564e-21
etaHat: 124879
109  fE: -2.99855  dfE: 0.00608058  dW: 0.0529073  dPhi(Nx/2)(Ny/2)(Nz/2): -0.004092 Phi A: 0.00156451 Phi B: 1.00263 Phi I: 5.82136e-52
Total charge: -1.95223e-21
etaHat: 124879
110  fE: -3.00418  dfE: 0.00562346  dW: 0.0505711  dPhi(Nx/2)(Ny/2)(Nz/2): -0.00448228 Phi A: 0.00156179 Phi B: 1.00299 Phi I: 5.82136e-52
Saving data . . .
Total charge: -1.94837e-21
etaHat: 124879
111  fE: -3.0091  dfE: 0.0049269  dW: 0.0505314  dPhi(Nx/2)(Ny/2)(Nz/2): -0.00460767 Phi A: 0.0015587 Phi B: 1.00309 Phi I: 5.82136e-52
Total charge: -1.9442e-21
etaHat: 124879
112  fE: -3.01315  dfE: 0.00405017  dW: 0.0530312  dPhi(Nx/2)(Ny/2)(Nz/2): -0.00448975 Phi A: 0.00155536 Phi B: 1.00294 Phi I: 5.82136e-52
Total charge: -1.93989e-21
etaHat: 124879
113  fE: -3.01621  dfE: 0.00305636  dW: 0.056904  dPhi(Nx/2)(Ny/2)(Nz/2): -0.00416023 Phi A: 0.00155192 Phi B: 1.00258 Phi I: 5.82136e-52
Total charge: -1.9356e-21
etaHat: 124879
114  fE: -3.01822  dfE: 0.00200841  dW: 0.0603785  dPhi(Nx/2)(Ny/2)(Nz/2): -0.00365824 Phi A: 0.00154848 Phi B: 1.00206 Phi I: 5.82135e-52
Total charge: -1.93146e-21
etaHat: 124879
115  fE: -3.01918  dfE: 0.000965634  dW: 0.0621773  dPhi(Nx/2)(Ny/2)(Nz/2): -0.00302758 Phi A: 0.00154517 Phi B: 1.0014 Phi I: 5.82135e-52
Total charge: -1.9276e-21
etaHat: 124879
116  fE: -3.01916  dfE: 1.91406e-05  dW: 0.0617704  dPhi(Nx/2)(Ny/2)(Nz/2): -0.00231395 Phi A: 0.00154208 Phi B: 1.00067 Phi I: 5.82134e-52
Total charge: -1.92412e-21
etaHat: 124879
117  fE: -3.01826  dfE: 0.00090179  dW: 0.0591315  dPhi(Nx/2)(Ny/2)(Nz/2): -0.00156241 Phi A: 0.0015393 Phi B: 0.999898 Phi I: 5.82134e-52
Total charge: -1.92109e-21
etaHat: 124879
118  fE: -3.01661  dfE: 0.00164826  dW: 0.054523  dPhi(Nx/2)(Ny/2)(Nz/2): -0.000815173 Phi A: 0.00153687 Phi B: 0.999134 Phi I: 5.82133e-52
Total charge: -1.91855e-21
etaHat: 124879
119  fE: -3.01438  dfE: 0.00223521  dW: 0.0483375  dPhi(Nx/2)(Ny/2)(Nz/2): -0.000109779 Phi A: 0.00153484 Phi B: 0.998414 Phi I: 5.82133e-52
Total charge: -1.91652e-21
etaHat: 124879
120  fE: -3.01173  dfE: 0.00264995  dW: 0.0410525  dPhi(Nx/2)(Ny/2)(Nz/2): 0.000522292 Phi A: 0.00153322 Phi B: 0.99777 Phi I: 5.82133e-52
Saving data . . .
Total charge: -1.91501e-21
etaHat: 124879
121  fE: -3.00884  dfE: 0.00288986  dW: 0.0332965  dPhi(Nx/2)(Ny/2)(Nz/2): 0.00105655 Phi A: 0.001532 Phi B: 0.997226 Phi I: 5.82132e-52
Total charge: -1.91397e-21
etaHat: 124879
122  fE: -3.00588  dfE: 0.0029613  dW: 0.0259853  dPhi(Nx/2)(Ny/2)(Nz/2): 0.00147595 Phi A: 0.00153118 Phi B: 0.996799 Phi I: 5.82132e-52
Total charge: -1.91338e-21
etaHat: 124879
123  fE: -3.003  dfE: 0.00287829  dW: 0.0202081  dPhi(Nx/2)(Ny/2)(Nz/2): 0.00177099 Phi A: 0.0015307 Phi B: 0.996497 Phi I: 5.82132e-52
Total charge: -1.91316e-21
etaHat: 124879
124  fE: -3.00034  dfE: 0.00266091  dW: 0.0166217  dPhi(Nx/2)(Ny/2)(Nz/2): 0.00193935 Phi A: 0.00153052 Phi B: 0.996325 Phi I: 5.82132e-52
Total charge: -1.91324e-21
etaHat: 124879
125  fE: -2.998  dfE: 0.00233367  dW: 0.0151157  dPhi(Nx/2)(Ny/2)(Nz/2): 0.00198531 Phi A: 0.00153059 Phi B: 0.996276 Phi I: 5.82132e-52
Total charge: -1.91356e-21
etaHat: 124879
126  fE: -2.99608  dfE: 0.0019239  dW: 0.0151478  dPhi(Nx/2)(Ny/2)(Nz/2): 0.00191882 Phi A: 0.00153085 Phi B: 0.996342 Phi I: 5.82132e-52
Total charge: -1.91403e-21
etaHat: 124879
127  fE: -2.99462  dfE: 0.00146009  dW: 0.0160479  dPhi(Nx/2)(Ny/2)(Nz/2): 0.00175447 Phi A: 0.00153123 Phi B: 0.996507 Phi I: 5.82132e-52
Total charge: -1.91458e-21
etaHat: 124879
128  fE: -2.99365  dfE: 0.000970492  dW: 0.0171865  dPhi(Nx/2)(Ny/2)(Nz/2): 0.00151029 Phi A: 0.00153167 Phi B: 0.996753 Phi I: 5.82132e-52
Total charge: -1.91514e-21
etaHat: 124879
129  fE: -2.99317  dfE: 0.000481795  dW: 0.0180902  dPhi(Nx/2)(Ny/2)(Nz/2): 0.00120651 Phi A: 0.00153211 Phi B: 0.99706 Phi I: 5.82132e-52
Total charge: -1.91564e-21
etaHat: 124879
130  fE: -2.99315  dfE: 1.80071e-05  dW: 0.0185312  dPhi(Nx/2)(Ny/2)(Nz/2): 0.000864372 Phi A: 0.00153251 Phi B: 0.997406 Phi I: 5.82132e-52
Saving data . . .
Total charge: -1.91604e-21
etaHat: 124879
131  fE: -2.99355  dfE: 0.00040042  dW: 0.0184828  dPhi(Nx/2)(Ny/2)(Nz/2): 0.000504926 Phi A: 0.00153283 Phi B: 0.997771 Phi I: 5.82132e-52
Total charge: -1.91629e-21
etaHat: 124879
132  fE: -2.99431  dfE: 0.000757238  dW: 0.0180794  dPhi(Nx/2)(Ny/2)(Nz/2): 0.000148038 Phi A: 0.00153303 Phi B: 0.998135 Phi I: 5.82132e-52
Total charge: -1.91637e-21
etaHat: 124879
133  fE: -2.99535  dfE: 0.0010408  dW: 0.0175059  dPhi(Nx/2)(Ny/2)(Nz/2): -0.000188502 Phi A: 0.00153309 Phi B: 0.998478 Phi I: 5.82133e-52
Total charge: -1.91626e-21
etaHat: 124879
134  fE: -2.99659  dfE: 0.00124422  dW: 0.0169579  dPhi(Nx/2)(Ny/2)(Nz/2): -0.000489668 Phi A: 0.00153301 Phi B: 0.998787 Phi I: 5.82133e-52
Total charge: -1.91596e-21
etaHat: 124879
135  fE: -2.99796  dfE: 0.00136523  dW: 0.0165709  dPhi(Nx/2)(Ny/2)(Nz/2): -0.000743683 Phi A: 0.00153277 Phi B: 0.999049 Phi I: 5.82133e-52
Total charge: -1.91549e-21
etaHat: 124879
136  fE: -2.99936  dfE: 0.00140594  dW: 0.0163959  dPhi(Nx/2)(Ny/2)(Nz/2): -0.000942291 Phi A: 0.00153239 Phi B: 0.999256 Phi I: 5.82133e-52
Total charge: -1.91485e-21
etaHat: 124879
137  fE: -3.00074  dfE: 0.00137225  dW: 0.0164207  dPhi(Nx/2)(Ny/2)(Nz/2): -0.00108083 Phi A: 0.00153188 Phi B: 0.999403 Phi I: 5.82133e-52
Total charge: -1.91408e-21
etaHat: 124879
138  fE: -3.00201  dfE: 0.00127325  dW: 0.0166122  dPhi(Nx/2)(Ny/2)(Nz/2): -0.00115811 Phi A: 0.00153127 Phi B: 0.999488 Phi I: 5.82133e-52
Total charge: -1.91321e-21
etaHat: 124879
139  fE: -3.00313  dfE: 0.00112042  dW: 0.0169091  dPhi(Nx/2)(Ny/2)(Nz/2): -0.00117613 Phi A: 0.00153057 Phi B: 0.999515 Phi I: 5.82133e-52
Total charge: -1.91227e-21
etaHat: 124879
140  fE: -3.00406  dfE: 0.000926818  dW: 0.0172342  dPhi(Nx/2)(Ny/2)(Nz/2): -0.00113966 Phi A: 0.00152981 Phi B: 0.999487 Phi I: 5.82133e-52
Saving data . . .
Total charge: -1.91129e-21
etaHat: 124879
141  fE: -3.00476  dfE: 0.000706276  dW: 0.0174857  dPhi(Nx/2)(Ny/2)(Nz/2): -0.00105574 Phi A: 0.00152903 Phi B: 0.99941 Phi I: 5.82133e-52
Total charge: -1.91031e-21
etaHat: 124879
142  fE: -3.00524  dfE: 0.000472592  dW: 0.0175704  dPhi(Nx/2)(Ny/2)(Nz/2): -0.00093306 Phi A: 0.00152825 Phi B: 0.999295 Phi I: 5.82133e-52
Total charge: -1.90936e-21
etaHat: 124879
143  fE: -3.00547  dfE: 0.000238832  dW: 0.0174086  dPhi(Nx/2)(Ny/2)(Nz/2): -0.000781393 Phi A: 0.00152749 Phi B: 0.999151 Phi I: 5.82133e-52
Total charge: -1.90847e-21
etaHat: 124879
144  fE: -3.00549  dfE: 1.67393e-05  dW: 0.0169611  dPhi(Nx/2)(Ny/2)(Nz/2): -0.000610977 Phi A: 0.00152678 Phi B: 0.998987 Phi I: 5.82133e-52
Total charge: -1.90767e-21
etaHat: 124879
145  fE: -3.00531  dfE: 0.000183731  dW: 0.0162288  dPhi(Nx/2)(Ny/2)(Nz/2): -0.000431962 Phi A: 0.00152613 Phi B: 0.998814 Phi I: 5.82133e-52
Total charge: -1.90696e-21
etaHat: 124879
146  fE: -3.00495  dfE: 0.000354734  dW: 0.0152653  dPhi(Nx/2)(Ny/2)(Nz/2): -0.000253903 Phi A: 0.00152557 Phi B: 0.998642 Phi I: 5.82133e-52
Total charge: -1.90636e-21
etaHat: 124879
147  fE: -3.00446  dfE: 0.000490707  dW: 0.0141665  dPhi(Nx/2)(Ny/2)(Nz/2): -8.53492e-05 Phi A: 0.00152509 Phi B: 0.998478 Phi I: 5.82132e-52
Total charge: -1.90588e-21
etaHat: 124879
148  fE: -3.00387  dfE: 0.000588417  dW: 0.0130399  dPhi(Nx/2)(Ny/2)(Nz/2): 6.64863e-05 Phi A: 0.00152471 Phi B: 0.998331 Phi I: 5.82132e-52
Total charge: -1.90551e-21
etaHat: 124879
149  fE: -3.00323  dfE: 0.000646875  dW: 0.0120069  dPhi(Nx/2)(Ny/2)(Nz/2): 0.000195948 Phi A: 0.00152441 Phi B: 0.998206 Phi I: 5.82132e-52
Total charge: -1.90526e-21
etaHat: 124879
150  fE: -3.00256  dfE: 0.000667155  dW: 0.0111396  dPhi(Nx/2)(Ny/2)(Nz/2): 0.000299066 Phi A: 0.00152421 Phi B: 0.998107 Phi I: 5.82132e-52
Saving data . . .
Total charge: -1.9051e-21
etaHat: 124879
151  fE: -3.00191  dfE: 0.000652118  dW: 0.0104815  dPhi(Nx/2)(Ny/2)(Nz/2): 0.000373579 Phi A: 0.00152408 Phi B: 0.998037 Phi I: 5.82132e-52
Total charge: -1.90503e-21
etaHat: 124879
152  fE: -3.0013  dfE: 0.000606094  dW: 0.0100346  dPhi(Nx/2)(Ny/2)(Nz/2): 0.000418879 Phi A: 0.00152402 Phi B: 0.997995 Phi I: 5.82132e-52
Total charge: -1.90503e-21
etaHat: 124879
153  fE: -3.00077  dfE: 0.000534506  dW: 0.00976387  dPhi(Nx/2)(Ny/2)(Nz/2): 0.000435875 Phi A: 0.00152402 Phi B: 0.997982 Phi I: 5.82132e-52
Total charge: -1.90508e-21
etaHat: 124879
154  fE: -3.00032  dfE: 0.0004435  dW: 0.00962365  dPhi(Nx/2)(Ny/2)(Nz/2): 0.000426795 Phi A: 0.00152407 Phi B: 0.997994 Phi I: 5.82132e-52
Total charge: -1.90518e-21
etaHat: 124879
155  fE: -2.99998  dfE: 0.000339559  dW: 0.00956267  dPhi(Nx/2)(Ny/2)(Nz/2): 0.000394945 Phi A: 0.00152414 Phi B: 0.998029 Phi I: 5.82132e-52
Total charge: -1.90529e-21
etaHat: 124879
156  fE: -2.99976  dfE: 0.000229158  dW: 0.00952753  dPhi(Nx/2)(Ny/2)(Nz/2): 0.000344437 Phi A: 0.00152423 Phi B: 0.998084 Phi I: 5.82132e-52
Total charge: -1.9054e-21
etaHat: 124879
157  fE: -2.99964  dfE: 0.000118439  dW: 0.00948446  dPhi(Nx/2)(Ny/2)(Nz/2): 0.000279904 Phi A: 0.00152432 Phi B: 0.998152 Phi I: 5.82132e-52
Total charge: -1.9055e-21
etaHat: 124879
158  fE: -2.99962  dfE: 1.29463e-05  dW: 0.00941304  dPhi(Nx/2)(Ny/2)(Nz/2): 0.00020622 Phi A: 0.0015244 Phi B: 0.998229 Phi I: 5.82132e-52
Total charge: -1.90559e-21
etaHat: 124879
159  fE: -2.99971  dfE: 8.2592e-05  dW: 0.00930839  dPhi(Nx/2)(Ny/2)(Nz/2): 0.000128232 Phi A: 0.00152447 Phi B: 0.998311 Phi I: 5.82132e-52
Total charge: -1.90563e-21
etaHat: 124879
160  fE: -2.99987  dfE: 0.000164413  dW: 0.00917787  dPhi(Nx/2)(Ny/2)(Nz/2): 5.05214e-05 Phi A: 0.00152451 Phi B: 0.998393 Phi I: 5.82132e-52
Saving data . . .
Total charge: -1.90565e-21
etaHat: 124879
161  fE: -3.0001  dfE: 0.000229813  dW: 0.00903392  dPhi(Nx/2)(Ny/2)(Nz/2): -2.27954e-05 Phi A: 0.00152452 Phi B: 0.998471 Phi I: 5.82132e-52
Total charge: -1.90562e-21
etaHat: 124879
162  fE: -3.00038  dfE: 0.000277174  dW: 0.00888891  dPhi(Nx/2)(Ny/2)(Nz/2): -8.82274e-05 Phi A: 0.00152449 Phi B: 0.998542 Phi I: 5.82132e-52
Total charge: -1.90555e-21
etaHat: 124879
163  fE: -3.00068  dfE: 0.000305941  dW: 0.00875777  dPhi(Nx/2)(Ny/2)(Nz/2): -0.000143021 Phi A: 0.00152444 Phi B: 0.998602 Phi I: 5.82132e-52
Total charge: -1.90544e-21
etaHat: 124879
164  fE: -3.001  dfE: 0.000316542  dW: 0.00864992  dPhi(Nx/2)(Ny/2)(Nz/2): -0.000185223 Phi A: 0.00152435 Phi B: 0.99865 Phi I: 5.82132e-52
Total charge: -1.90529e-21
etaHat: 124879
165  fE: -3.00131  dfE: 0.000310269  dW: 0.0085673  dPhi(Nx/2)(Ny/2)(Nz/2): -0.000213699 Phi A: 0.00152423 Phi B: 0.998684 Phi I: 5.82132e-52
Total charge: -1.90511e-21
etaHat: 124879
166  fE: -3.0016  dfE: 0.00028913  dW: 0.00850249  dPhi(Nx/2)(Ny/2)(Nz/2): -0.000228111 Phi A: 0.00152409 Phi B: 0.998704 Phi I: 5.82132e-52
Total charge: -1.90491e-21
etaHat: 124879
167  fE: -3.00186  dfE: 0.000255674  dW: 0.00844849  dPhi(Nx/2)(Ny/2)(Nz/2): -0.000228851 Phi A: 0.00152393 Phi B: 0.998711 Phi I: 5.82132e-52
Total charge: -1.9047e-21
etaHat: 124879
168  fE: -3.00207  dfE: 0.000212812  dW: 0.00839348  dPhi(Nx/2)(Ny/2)(Nz/2): -0.000216953 Phi A: 0.00152376 Phi B: 0.998706 Phi I: 5.82132e-52
Total charge: -1.90447e-21
etaHat: 124879
169  fE: -3.00223  dfE: 0.000163634  dW: 0.0083256  dPhi(Nx/2)(Ny/2)(Nz/2): -0.000193976 Phi A: 0.00152358 Phi B: 0.99869 Phi I: 5.82132e-52
Total charge: -1.90424e-21
etaHat: 124879
170  fE: -3.00234  dfE: 0.000111234  dW: 0.00823739  dPhi(Nx/2)(Ny/2)(Nz/2): -0.000161875 Phi A: 0.0015234 Phi B: 0.998665 Phi I: 5.82132e-52
Saving data . . .
Total charge: -1.90403e-21
etaHat: 124879
171  fE: -3.0024  dfE: 5.85558e-05  dW: 0.00812402  dPhi(Nx/2)(Ny/2)(Nz/2): -0.000122866 Phi A: 0.00152322 Phi B: 0.998633 Phi I: 5.82132e-52
Total charge: -1.90382e-21
etaHat: 124879
172  fE: -3.00241  dfE: 8.26092e-06  dW: 0.0079858  dPhi(Nx/2)(Ny/2)(Nz/2): -7.92888e-05 Phi A: 0.00152306 Phi B: 0.998596 Phi I: 5.82132e-52
Total charge: -1.90363e-21
etaHat: 124879
173  fE: -3.00237  dfE: 3.7378e-05  dW: 0.00782655  dPhi(Nx/2)(Ny/2)(Nz/2): -3.34801e-05 Phi A: 0.00152291 Phi B: 0.998557 Phi I: 5.82132e-52
Total charge: -1.90347e-21
etaHat: 124879
174  fE: -3.0023  dfE: 7.65506e-05  dW: 0.0076531  dPhi(Nx/2)(Ny/2)(Nz/2): 1.23405e-05 Phi A: 0.00152277 Phi B: 0.998518 Phi I: 5.82132e-52
Total charge: -1.90332e-21
etaHat: 124879
175  fE: -3.00219  dfE: 0.000107953  dW: 0.00747526  dPhi(Nx/2)(Ny/2)(Nz/2): 5.61691e-05 Phi A: 0.00152266 Phi B: 0.998481 Phi I: 5.82132e-52
Total charge: -1.90321e-21
etaHat: 124879
176  fE: -3.00206  dfE: 0.000130801  dW: 0.00730142  dPhi(Nx/2)(Ny/2)(Nz/2): 9.62934e-05 Phi A: 0.00152257 Phi B: 0.998448 Phi I: 5.82132e-52
Total charge: -1.90312e-21
etaHat: 124879
177  fE: -3.00191  dfE: 0.000144818  dW: 0.00713691  dPhi(Nx/2)(Ny/2)(Nz/2): 0.000131347 Phi A: 0.0015225 Phi B: 0.998419 Phi I: 5.82132e-52
Total charge: -1.90306e-21
etaHat: 124879
178  fE: -3.00176  dfE: 0.000150194  dW: 0.00698542  dPhi(Nx/2)(Ny/2)(Nz/2): 0.000160342 Phi A: 0.00152245 Phi B: 0.998396 Phi I: 5.82132e-52
Total charge: -1.90302e-21
etaHat: 124879
179  fE: -3.00161  dfE: 0.000147534  dW: 0.00685009  dPhi(Nx/2)(Ny/2)(Nz/2): 0.000182677 Phi A: 0.00152241 Phi B: 0.99838 Phi I: 5.82132e-52
Total charge: -1.90299e-21
etaHat: 124879
180  fE: -3.00148  dfE: 0.00013778  dW: 0.00673214  dPhi(Nx/2)(Ny/2)(Nz/2): 0.000198131 Phi A: 0.0015224 Phi B: 0.99837 Phi I: 5.82132e-52
Saving data . . .
Total charge: -1.90299e-21
etaHat: 124879
181  fE: -3.00135  dfE: 0.000122133  dW: 0.00662991  dPhi(Nx/2)(Ny/2)(Nz/2): 0.000206828 Phi A: 0.00152239 Phi B: 0.998366 Phi I: 5.82132e-52
Total charge: -1.903e-21
etaHat: 124879
182  fE: -3.00125  dfE: 0.000101969  dW: 0.0065396  dPhi(Nx/2)(Ny/2)(Nz/2): 0.000209202 Phi A: 0.0015224 Phi B: 0.998369 Phi I: 5.82132e-52
Total charge: -1.90302e-21
etaHat: 124879
183  fE: -3.00117  dfE: 7.87466e-05  dW: 0.00645745  dPhi(Nx/2)(Ny/2)(Nz/2): 0.00020594 Phi A: 0.00152241 Phi B: 0.998376 Phi I: 5.82132e-52
Total charge: -1.90304e-21
etaHat: 124879
184  fE: -3.00112  dfE: 5.39334e-05  dW: 0.00637977  dPhi(Nx/2)(Ny/2)(Nz/2): 0.000197922 Phi A: 0.00152243 Phi B: 0.998388 Phi I: 5.82132e-52
Total charge: -1.90306e-21
etaHat: 124879
185  fE: -3.00109  dfE: 2.89267e-05  dW: 0.00630341  dPhi(Nx/2)(Ny/2)(Nz/2): 0.000186159 Phi A: 0.00152245 Phi B: 0.998403 Phi I: 5.82132e-52
Total charge: -1.90308e-21
etaHat: 124879
186  fE: -3.00109  dfE: 4.99344e-06  dW: 0.00622693  dPhi(Nx/2)(Ny/2)(Nz/2): 0.000171727 Phi A: 0.00152247 Phi B: 0.99842 Phi I: 5.82132e-52
Total charge: -1.9031e-21
etaHat: 124879
187  fE: -3.0011  dfE: 1.67804e-05  dW: 0.00614954  dPhi(Nx/2)(Ny/2)(Nz/2): 0.000155708 Phi A: 0.00152248 Phi B: 0.998439 Phi I: 5.82132e-52
Total charge: -1.90311e-21
etaHat: 124879
188  fE: -3.00114  dfE: 3.55256e-05  dW: 0.00607172  dPhi(Nx/2)(Ny/2)(Nz/2): 0.000139134 Phi A: 0.00152249 Phi B: 0.998457 Phi I: 5.82132e-52
Total charge: -1.90311e-21
etaHat: 124879
189  fE: -3.00119  dfE: 5.06115e-05  dW: 0.00599413  dPhi(Nx/2)(Ny/2)(Nz/2): 0.000122946 Phi A: 0.00152249 Phi B: 0.998475 Phi I: 5.82132e-52
Total charge: -1.9031e-21
etaHat: 124879
190  fE: -3.00125  dfE: 6.16531e-05  dW: 0.00591804  dPhi(Nx/2)(Ny/2)(Nz/2): 0.000107949 Phi A: 0.00152248 Phi B: 0.998491 Phi I: 5.82132e-52
Saving data . . .
Total charge: -1.90308e-21
etaHat: 124879
191  fE: -3.00132  dfE: 6.85063e-05  dW: 0.0058443  dPhi(Nx/2)(Ny/2)(Nz/2): 9.47935e-05 Phi A: 0.00152247 Phi B: 0.998505 Phi I: 5.82132e-52
Total charge: -1.90306e-21
etaHat: 124879
192  fE: -3.00139  dfE: 7.125e-05  dW: 0.00577316  dPhi(Nx/2)(Ny/2)(Nz/2): 8.39542e-05 Phi A: 0.00152245 Phi B: 0.998516 Phi I: 5.82132e-52
Total charge: -1.90302e-21
etaHat: 124879
193  fE: -3.00146  dfE: 7.01609e-05  dW: 0.00570466  dPhi(Nx/2)(Ny/2)(Nz/2): 7.5728e-05 Phi A: 0.00152242 Phi B: 0.998524 Phi I: 5.82132e-52
Total charge: -1.90298e-21
etaHat: 124879
194  fE: -3.00153  dfE: 6.5679e-05  dW: 0.00563847  dPhi(Nx/2)(Ny/2)(Nz/2): 7.02371e-05 Phi A: 0.00152239 Phi B: 0.998529 Phi I: 5.82132e-52
Total charge: -1.90294e-21
etaHat: 124879
195  fE: -3.00158  dfE: 5.83693e-05  dW: 0.00557398  dPhi(Nx/2)(Ny/2)(Nz/2): 6.74416e-05 Phi A: 0.00152235 Phi B: 0.998531 Phi I: 5.82132e-52
Total charge: -1.90289e-21
etaHat: 124879
196  fE: -3.00163  dfE: 4.88817e-05  dW: 0.0055105  dPhi(Nx/2)(Ny/2)(Nz/2): 6.71595e-05 Phi A: 0.00152231 Phi B: 0.99853 Phi I: 5.82132e-52
Total charge: -1.90283e-21
etaHat: 124879
197  fE: -3.00167  dfE: 3.79089e-05  dW: 0.00544707  dPhi(Nx/2)(Ny/2)(Nz/2): 6.9091e-05 Phi A: 0.00152227 Phi B: 0.998526 Phi I: 5.82132e-52
Total charge: -1.90278e-21
etaHat: 124879
198  fE: -3.0017  dfE: 2.61486e-05  dW: 0.00538283  dPhi(Nx/2)(Ny/2)(Nz/2): 7.2847e-05 Phi A: 0.00152223 Phi B: 0.998521 Phi I: 5.82132e-52
Total charge: -1.90273e-21
etaHat: 124879
199  fE: -3.00171  dfE: 1.42672e-05  dW: 0.00531742  dPhi(Nx/2)(Ny/2)(Nz/2): 7.79788e-05 Phi A: 0.00152219 Phi B: 0.998514 Phi I: 5.82132e-52
Total charge: -1.90268e-21
etaHat: 124879
200  fE: -3.00171  dfE: 2.87013e-06  dW: 0.00525087  dPhi(Nx/2)(Ny/2)(Nz/2): 8.40077e-05 Phi A: 0.00152215 Phi B: 0.998505 Phi I: 5.82132e-52
Saving data . . .
Total charge: -1.90264e-21
etaHat: 124879
201  fE: -3.00171  dfE: 7.52231e-06  dW: 0.00518364  dPhi(Nx/2)(Ny/2)(Nz/2): 9.04539e-05 Phi A: 0.00152211 Phi B: 0.998497 Phi I: 5.82132e-52
Total charge: -1.9026e-21
etaHat: 124879
202  fE: -3.00169  dfE: 1.64925e-05  dW: 0.00511598  dPhi(Nx/2)(Ny/2)(Nz/2): 9.68613e-05 Phi A: 0.00152208 Phi B: 0.998488 Phi I: 5.82132e-52
Total charge: -1.90257e-21
etaHat: 124879
203  fE: -3.00167  dfE: 2.37359e-05  dW: 0.00504832  dPhi(Nx/2)(Ny/2)(Nz/2): 0.000102819 Phi A: 0.00152205 Phi B: 0.99848 Phi I: 5.82132e-52
Total charge: -1.90254e-21
etaHat: 124879
204  fE: -3.00164  dfE: 2.90648e-05  dW: 0.00498126  dPhi(Nx/2)(Ny/2)(Nz/2): 0.00010798 Phi A: 0.00152203 Phi B: 0.998472 Phi I: 5.82132e-52
Total charge: -1.90252e-21
etaHat: 124879
205  fE: -3.00161  dfE: 3.24061e-05  dW: 0.00491562  dPhi(Nx/2)(Ny/2)(Nz/2): 0.000112072 Phi A: 0.00152201 Phi B: 0.998465 Phi I: 5.82132e-52
Total charge: -1.9025e-21
etaHat: 124879
206  fE: -3.00157  dfE: 3.37933e-05  dW: 0.0048516  dPhi(Nx/2)(Ny/2)(Nz/2): 0.000114903 Phi A: 0.001522 Phi B: 0.99846 Phi I: 5.82132e-52
Total charge: -1.90249e-21
etaHat: 124879
207  fE: -3.00154  dfE: 3.33539e-05  dW: 0.00478938  dPhi(Nx/2)(Ny/2)(Nz/2): 0.000116367 Phi A: 0.00152199 Phi B: 0.998456 Phi I: 5.82132e-52
Total charge: -1.90249e-21
etaHat: 124879
208  fE: -3.00151  dfE: 3.12938e-05  dW: 0.00472916  dPhi(Nx/2)(Ny/2)(Nz/2): 0.000116441 Phi A: 0.00152199 Phi B: 0.998454 Phi I: 5.82132e-52
Total charge: -1.90248e-21
etaHat: 124879
209  fE: -3.00148  dfE: 2.78791e-05  dW: 0.00467092  dPhi(Nx/2)(Ny/2)(Nz/2): 0.000115175 Phi A: 0.00152199 Phi B: 0.998453 Phi I: 5.82132e-52
Total charge: -1.90248e-21
etaHat: 124879
210  fE: -3.00146  dfE: 2.34166e-05  dW: 0.00461453  dPhi(Nx/2)(Ny/2)(Nz/2): 0.000112688 Phi A: 0.00152199 Phi B: 0.998453 Phi I: 5.82132e-52
Saving data . . .
Total charge: -1.90249e-21
etaHat: 124879
211  fE: -3.00144  dfE: 1.82345e-05  dW: 0.00455969  dPhi(Nx/2)(Ny/2)(Nz/2): 0.000109153 Phi A: 0.00152199 Phi B: 0.998455 Phi I: 5.82132e-52
Total charge: -1.90249e-21
etaHat: 124879
212  fE: -3.00142  dfE: 1.26638e-05  dW: 0.00450614  dPhi(Nx/2)(Ny/2)(Nz/2): 0.000104782 Phi A: 0.00152199 Phi B: 0.998458 Phi I: 5.82132e-52
Total charge: -1.9025e-21
etaHat: 124879
213  fE: -3.00142  dfE: 7.02182e-06  dW: 0.00445365  dPhi(Nx/2)(Ny/2)(Nz/2): 9.98143e-05 Phi A: 0.001522 Phi B: 0.998461 Phi I: 5.82132e-52
Total charge: -1.9025e-21
etaHat: 124879
214  fE: -3.00142  dfE: 1.59717e-06  dW: 0.00440217  dPhi(Nx/2)(Ny/2)(Nz/2): 9.45019e-05 Phi A: 0.001522 Phi B: 0.998465 Phi I: 5.82132e-52
Total charge: -1.9025e-21
etaHat: 124879
215  fE: -3.00142  dfE: 3.36124e-06  dW: 0.00435157  dPhi(Nx/2)(Ny/2)(Nz/2): 8.90946e-05 Phi A: 0.001522 Phi B: 0.998469 Phi I: 5.82132e-52
Total charge: -1.90251e-21
etaHat: 124879
216  fE: -3.00143  dfE: 7.65288e-06  dW: 0.00430175  dPhi(Nx/2)(Ny/2)(Nz/2): 8.38283e-05 Phi A: 0.001522 Phi B: 0.998473 Phi I: 5.82132e-52
Total charge: -1.90251e-21
etaHat: 124879
217  fE: -3.00144  dfE: 1.11307e-05  dW: 0.00425271  dPhi(Nx/2)(Ny/2)(Nz/2): 7.8915e-05 Phi A: 0.001522 Phi B: 0.998477 Phi I: 5.82132e-52
Total charge: -1.9025e-21
etaHat: 124879
218  fE: -3.00145  dfE: 1.37029e-05  dW: 0.00420463  dPhi(Nx/2)(Ny/2)(Nz/2): 7.45339e-05 Phi A: 0.001522 Phi B: 0.998481 Phi I: 5.82132e-52
Total charge: -1.9025e-21
etaHat: 124879
219  fE: -3.00147  dfE: 1.53324e-05  dW: 0.00415758  dPhi(Nx/2)(Ny/2)(Nz/2): 7.0826e-05 Phi A: 0.001522 Phi B: 0.998484 Phi I: 5.82132e-52
Total charge: -1.90249e-21
etaHat: 124879
220  fE: -3.00148  dfE: 1.60327e-05  dW: 0.00411141  dPhi(Nx/2)(Ny/2)(Nz/2): 6.78902e-05 Phi A: 0.00152199 Phi B: 0.998486 Phi I: 5.82132e-52
Saving data . . .
Total charge: -1.90249e-21
etaHat: 124879
221  fE: -3.0015  dfE: 1.58624e-05  dW: 0.00406597  dPhi(Nx/2)(Ny/2)(Nz/2): 6.57829e-05 Phi A: 0.00152199 Phi B: 0.998488 Phi I: 5.82132e-52
Total charge: -1.90248e-21
etaHat: 124879
222  fE: -3.00151  dfE: 1.49176e-05  dW: 0.00402135  dPhi(Nx/2)(Ny/2)(Nz/2): 6.45183e-05 Phi A: 0.00152198 Phi B: 0.998489 Phi I: 5.82132e-52
Total charge: -1.90246e-21
etaHat: 124879
223  fE: -3.00153  dfE: 1.33235e-05  dW: 0.00397735  dPhi(Nx/2)(Ny/2)(Nz/2): 6.40722e-05 Phi A: 0.00152197 Phi B: 0.99849 Phi I: 5.82132e-52
Total charge: -1.90245e-21
etaHat: 124879
224  fE: -3.00154  dfE: 1.12249e-05  dW: 0.00393387  dPhi(Nx/2)(Ny/2)(Nz/2): 6.43861e-05 Phi A: 0.00152196 Phi B: 0.99849 Phi I: 5.82132e-52
Total charge: -1.90244e-21
etaHat: 124879
225  fE: -3.00155  dfE: 8.77756e-06  dW: 0.00389098  dPhi(Nx/2)(Ny/2)(Nz/2): 6.53732e-05 Phi A: 0.00152195 Phi B: 0.998489 Phi I: 5.82132e-52
Total charge: -1.90243e-21
etaHat: 124879
226  fE: -3.00155  dfE: 6.13861e-06  dW: 0.00384857  dPhi(Nx/2)(Ny/2)(Nz/2): 6.69254e-05 Phi A: 0.00152194 Phi B: 0.998488 Phi I: 5.82132e-52
Total charge: -1.90242e-21
etaHat: 124879
227  fE: -3.00156  dfE: 3.45913e-06  dW: 0.00380647  dPhi(Nx/2)(Ny/2)(Nz/2): 6.89196e-05 Phi A: 0.00152193 Phi B: 0.998486 Phi I: 5.82132e-52
Total charge: -1.90241e-21
etaHat: 124879
228  fE: -3.00156  dfE: 8.76951e-07  dW: 0.00376476  dPhi(Nx/2)(Ny/2)(Nz/2): 7.12255e-05 Phi A: 0.00152192 Phi B: 0.998484 Phi I: 5.82132e-52
Total charge: -1.9024e-21
etaHat: 124879
229  fE: -3.00156  dfE: 1.48884e-06  dW: 0.00372348  dPhi(Nx/2)(Ny/2)(Nz/2): 7.37121e-05 Phi A: 0.00152192 Phi B: 0.998483 Phi I: 5.82132e-52
Total charge: -1.90239e-21
etaHat: 124879
230  fE: -3.00155  dfE: 3.54192e-06  dW: 0.00368263  dPhi(Nx/2)(Ny/2)(Nz/2): 7.62533e-05 Phi A: 0.00152191 Phi B: 0.998481 Phi I: 5.82132e-52
Saving data . . .
Total charge: -1.90238e-21
etaHat: 124879
231  fE: -3.00155  dfE: 5.21132e-06  dW: 0.00364224  dPhi(Nx/2)(Ny/2)(Nz/2): 7.8734e-05 Phi A: 0.0015219 Phi B: 0.998479 Phi I: 5.82132e-52
Total charge: -1.90237e-21
etaHat: 124879
232  fE: -3.00154  dfE: 6.45233e-06  dW: 0.00360239  dPhi(Nx/2)(Ny/2)(Nz/2): 8.10537e-05 Phi A: 0.0015219 Phi B: 0.998477 Phi I: 5.82132e-52
Total charge: -1.90237e-21
etaHat: 124879
233  fE: -3.00153  dfE: 7.24614e-06  dW: 0.00356313  dPhi(Nx/2)(Ny/2)(Nz/2): 8.31296e-05 Phi A: 0.00152189 Phi B: 0.998475 Phi I: 5.82132e-52
Total charge: -1.90236e-21
etaHat: 124879
234  fE: -3.00153  dfE: 7.59817e-06  dW: 0.00352446  dPhi(Nx/2)(Ny/2)(Nz/2): 8.48987e-05 Phi A: 0.00152189 Phi B: 0.998474 Phi I: 5.82132e-52
Total charge: -1.90236e-21
etaHat: 124879
235  fE: -3.00152  dfE: 7.53534e-06  dW: 0.00348646  dPhi(Nx/2)(Ny/2)(Nz/2): 8.63186e-05 Phi A: 0.00152189 Phi B: 0.998473 Phi I: 5.82132e-52
Total charge: -1.90236e-21
etaHat: 124879
236  fE: -3.00151  dfE: 7.10255e-06  dW: 0.00344912  dPhi(Nx/2)(Ny/2)(Nz/2): 8.73669e-05 Phi A: 0.00152189 Phi B: 0.998473 Phi I: 5.82132e-52
Total charge: -1.90236e-21
etaHat: 124879
237  fE: -3.00151  dfE: 6.35865e-06  dW: 0.00341248  dPhi(Nx/2)(Ny/2)(Nz/2): 8.80403e-05 Phi A: 0.00152189 Phi B: 0.998472 Phi I: 5.82132e-52
Total charge: -1.90236e-21
etaHat: 124879
238  fE: -3.0015  dfE: 5.37211e-06  dW: 0.00337643  dPhi(Nx/2)(Ny/2)(Nz/2): 8.83523e-05 Phi A: 0.00152189 Phi B: 0.998473 Phi I: 5.82132e-52
Total charge: -1.90236e-21
etaHat: 124879
239  fE: -3.0015  dfE: 4.2166e-06  dW: 0.00334097  dPhi(Nx/2)(Ny/2)(Nz/2): 8.83308e-05 Phi A: 0.00152189 Phi B: 0.998473 Phi I: 5.82132e-52
Total charge: -1.90236e-21
etaHat: 124879
240  fE: -3.00149  dfE: 2.96681e-06  dW: 0.00330608  dPhi(Nx/2)(Ny/2)(Nz/2): 8.80149e-05 Phi A: 0.00152189 Phi B: 0.998473 Phi I: 5.82132e-52
Saving data . . .
Total charge: -1.90236e-21
etaHat: 124879
241  fE: -3.00149  dfE: 1.69461e-06  dW: 0.0032717  dPhi(Nx/2)(Ny/2)(Nz/2): 8.74517e-05 Phi A: 0.00152189 Phi B: 0.998474 Phi I: 5.82132e-52
Total charge: -1.90236e-21
etaHat: 124879
242  fE: -3.00149  dfE: 4.65763e-07  dW: 0.0032378  dPhi(Nx/2)(Ny/2)(Nz/2): 8.66932e-05 Phi A: 0.00152189 Phi B: 0.998475 Phi I: 5.82132e-52
Total charge: -1.90236e-21
etaHat: 124879
243  fE: -3.00149  dfE: 6.62759e-07  dW: 0.00320437  dPhi(Nx/2)(Ny/2)(Nz/2): 8.57928e-05 Phi A: 0.00152189 Phi B: 0.998476 Phi I: 5.82132e-52
Total charge: -1.90236e-21
etaHat: 124879
244  fE: -3.00149  dfE: 1.64473e-06  dW: 0.00317143  dPhi(Nx/2)(Ny/2)(Nz/2): 8.48029e-05 Phi A: 0.00152189 Phi B: 0.998477 Phi I: 5.82132e-52
Total charge: -1.90236e-21
etaHat: 124879
245  fE: -3.0015  dfE: 2.44588e-06  dW: 0.00313896  dPhi(Nx/2)(Ny/2)(Nz/2): 8.37718e-05 Phi A: 0.00152189 Phi B: 0.998478 Phi I: 5.82132e-52
Total charge: -1.90236e-21
etaHat: 124879
246  fE: -3.0015  dfE: 3.04443e-06  dW: 0.00310697  dPhi(Nx/2)(Ny/2)(Nz/2): 8.27423e-05 Phi A: 0.00152189 Phi B: 0.998479 Phi I: 5.82132e-52
Total charge: -1.90236e-21
etaHat: 124879
247  fE: -3.0015  dfE: 3.43089e-06  dW: 0.00307543  dPhi(Nx/2)(Ny/2)(Nz/2): 8.17499e-05 Phi A: 0.00152189 Phi B: 0.998479 Phi I: 5.82132e-52
Total charge: -1.90236e-21
etaHat: 124879
248  fE: -3.00151  dfE: 3.60734e-06  dW: 0.0030443  dPhi(Nx/2)(Ny/2)(Nz/2): 8.08217e-05 Phi A: 0.00152189 Phi B: 0.99848 Phi I: 5.82132e-52
Total charge: -1.90236e-21
etaHat: 124879
249  fE: -3.00151  dfE: 3.5861e-06  dW: 0.0030136  dPhi(Nx/2)(Ny/2)(Nz/2): 7.99764e-05 Phi A: 0.00152189 Phi B: 0.99848 Phi I: 5.82132e-52
Total charge: -1.90235e-21
etaHat: 124879
250  fE: -3.00151  dfE: 3.38813e-06  dW: 0.00298333  dPhi(Nx/2)(Ny/2)(Nz/2): 7.9224e-05 Phi A: 0.00152188 Phi B: 0.998481 Phi I: 5.82132e-52
Saving data . . .
Total charge: -1.90235e-21
etaHat: 124879
251  fE: -3.00152  dfE: 3.04111e-06  dW: 0.00295346  dPhi(Nx/2)(Ny/2)(Nz/2): 7.85665e-05 Phi A: 0.00152188 Phi B: 0.998481 Phi I: 5.82132e-52
Total charge: -1.90235e-21
etaHat: 124879
252  fE: -3.00152  dfE: 2.57737e-06  dW: 0.00292398  dPhi(Nx/2)(Ny/2)(Nz/2): 7.79986e-05 Phi A: 0.00152188 Phi B: 0.998481 Phi I: 5.82132e-52
Total charge: -1.90235e-21
etaHat: 124879
253  fE: -3.00152  dfE: 2.0318e-06  dW: 0.00289486  dPhi(Nx/2)(Ny/2)(Nz/2): 7.75091e-05 Phi A: 0.00152188 Phi B: 0.998481 Phi I: 5.82132e-52
Total charge: -1.90234e-21
etaHat: 124879
254  fE: -3.00152  dfE: 1.43988e-06  dW: 0.0028661  dPhi(Nx/2)(Ny/2)(Nz/2): 7.70821e-05 Phi A: 0.00152188 Phi B: 0.99848 Phi I: 5.82132e-52
Total charge: -1.90234e-21
etaHat: 124879
255  fE: -3.00152  dfE: 8.35807e-07  dW: 0.00283768  dPhi(Nx/2)(Ny/2)(Nz/2): 7.66985e-05 Phi A: 0.00152187 Phi B: 0.99848 Phi I: 5.82132e-52
Total charge: -1.90234e-21
etaHat: 124879
256  fE: -3.00152  dfE: 2.50966e-07  dW: 0.00280962  dPhi(Nx/2)(Ny/2)(Nz/2): 7.63374e-05 Phi A: 0.00152187 Phi B: 0.99848 Phi I: 5.82132e-52
Total charge: -1.90234e-21
etaHat: 124879
257  fE: -3.00152  dfE: 2.8739e-07  dW: 0.00278191  dPhi(Nx/2)(Ny/2)(Nz/2): 7.59775e-05 Phi A: 0.00152187 Phi B: 0.998479 Phi I: 5.82132e-52
Total charge: -1.90233e-21
etaHat: 124879
258  fE: -3.00152  dfE: 7.57072e-07  dW: 0.00275454  dPhi(Nx/2)(Ny/2)(Nz/2): 7.55988e-05 Phi A: 0.00152187 Phi B: 0.998479 Phi I: 5.82132e-52
Total charge: -1.90233e-21
etaHat: 124879
259  fE: -3.00152  dfE: 1.14155e-06  dW: 0.00272749  dPhi(Nx/2)(Ny/2)(Nz/2): 7.51828e-05 Phi A: 0.00152187 Phi B: 0.998478 Phi I: 5.82132e-52
Total charge: -1.90233e-21
etaHat: 124879
260  fE: -3.00152  dfE: 1.43022e-06  dW: 0.00270078  dPhi(Nx/2)(Ny/2)(Nz/2): 7.47146e-05 Phi A: 0.00152186 Phi B: 0.998478 Phi I: 5.82132e-52
Saving data . . .
Total charge: -1.90233e-21
etaHat: 124879
261  fE: -3.00152  dfE: 1.61831e-06  dW: 0.00267443  dPhi(Nx/2)(Ny/2)(Nz/2): 7.41823e-05 Phi A: 0.00152186 Phi B: 0.998478 Phi I: 5.82132e-52
Total charge: -1.90233e-21
etaHat: 124879
262  fE: -3.00152  dfE: 1.70657e-06  dW: 0.00264841  dPhi(Nx/2)(Ny/2)(Nz/2): 7.35784e-05 Phi A: 0.00152186 Phi B: 0.998477 Phi I: 5.82132e-52
Total charge: -1.90233e-21
etaHat: 124879
263  fE: -3.00151  dfE: 1.70064e-06  dW: 0.00262272  dPhi(Nx/2)(Ny/2)(Nz/2): 7.28993e-05 Phi A: 0.00152186 Phi B: 0.998477 Phi I: 5.82132e-52
Total charge: -1.90233e-21
etaHat: 124879
264  fE: -3.00151  dfE: 1.61031e-06  dW: 0.00259735  dPhi(Nx/2)(Ny/2)(Nz/2): 7.21455e-05 Phi A: 0.00152186 Phi B: 0.998477 Phi I: 5.82132e-52
Total charge: -1.90233e-21
etaHat: 124879
265  fE: -3.00151  dfE: 1.44858e-06  dW: 0.00257231  dPhi(Nx/2)(Ny/2)(Nz/2): 7.13213e-05 Phi A: 0.00152186 Phi B: 0.998477 Phi I: 5.82132e-52
Total charge: -1.90233e-21
etaHat: 124879
266  fE: -3.00151  dfE: 1.23072e-06  dW: 0.00254759  dPhi(Nx/2)(Ny/2)(Nz/2): 7.04343e-05 Phi A: 0.00152186 Phi B: 0.998477 Phi I: 5.82132e-52
Total charge: -1.90233e-21
etaHat: 124879
267  fE: -3.00151  dfE: 9.73258e-07  dW: 0.00252318  dPhi(Nx/2)(Ny/2)(Nz/2): 6.94947e-05 Phi A: 0.00152186 Phi B: 0.998477 Phi I: 5.82132e-52
Total charge: -1.90233e-21
etaHat: 124879
268  fE: -3.00151  dfE: 6.93027e-07  dW: 0.0024991  dPhi(Nx/2)(Ny/2)(Nz/2): 6.85148e-05 Phi A: 0.00152186 Phi B: 0.998477 Phi I: 5.82132e-52
Total charge: -1.90233e-21
etaHat: 124879
269  fE: -3.00151  dfE: 4.06312e-07  dW: 0.00247531  dPhi(Nx/2)(Ny/2)(Nz/2): 6.75082e-05 Phi A: 0.00152186 Phi B: 0.998477 Phi I: 5.82132e-52
Total charge: -1.90233e-21
etaHat: 124879
270  fE: -3.00151  dfE: 1.2808e-07  dW: 0.00245183  dPhi(Nx/2)(Ny/2)(Nz/2): 6.6489e-05 Phi A: 0.00152186 Phi B: 0.998477 Phi I: 5.82132e-52
Saving data . . .
Total charge: -1.90233e-21
etaHat: 124879
271  fE: -3.00151  dfE: 1.28635e-07  dW: 0.00242864  dPhi(Nx/2)(Ny/2)(Nz/2): 6.54713e-05 Phi A: 0.00152186 Phi B: 0.998478 Phi I: 5.82132e-52
Total charge: -1.90233e-21
etaHat: 124879
272  fE: -3.00151  dfE: 3.53183e-07  dW: 0.00240573  dPhi(Nx/2)(Ny/2)(Nz/2): 6.44683e-05 Phi A: 0.00152186 Phi B: 0.998478 Phi I: 5.82132e-52
Total charge: -1.90233e-21
etaHat: 124879
273  fE: -3.00151  dfE: 5.37593e-07  dW: 0.0023831  dPhi(Nx/2)(Ny/2)(Nz/2): 6.34921e-05 Phi A: 0.00152186 Phi B: 0.998478 Phi I: 5.82132e-52
Total charge: -1.90233e-21
etaHat: 124879
274  fE: -3.00151  dfE: 6.76701e-07  dW: 0.00236074  dPhi(Nx/2)(Ny/2)(Nz/2): 6.25529e-05 Phi A: 0.00152186 Phi B: 0.998478 Phi I: 5.82132e-52
Total charge: -1.90233e-21
etaHat: 124879
275  fE: -3.00151  dfE: 7.68122e-07  dW: 0.00233868  dPhi(Nx/2)(Ny/2)(Nz/2): 6.16589e-05 Phi A: 0.00152186 Phi B: 0.998478 Phi I: 5.82132e-52
Total charge: -1.90233e-21
etaHat: 124879
276  fE: -3.00151  dfE: 8.12093e-07  dW: 0.0023169  dPhi(Nx/2)(Ny/2)(Nz/2): 6.08163e-05 Phi A: 0.00152186 Phi B: 0.998479 Phi I: 5.82132e-52
Total charge: -1.90233e-21
etaHat: 124879
277  fE: -3.00151  dfE: 8.11195e-07  dW: 0.00229539  dPhi(Nx/2)(Ny/2)(Nz/2): 6.00287e-05 Phi A: 0.00152186 Phi B: 0.998479 Phi I: 5.82132e-52
Total charge: -1.90233e-21
etaHat: 124879
278  fE: -3.00151  dfE: 7.6999e-07  dW: 0.00227413  dPhi(Nx/2)(Ny/2)(Nz/2): 5.92977e-05 Phi A: 0.00152186 Phi B: 0.998479 Phi I: 5.82132e-52
Total charge: -1.90233e-21
etaHat: 124879
279  fE: -3.00151  dfE: 6.9459e-07  dW: 0.00225313  dPhi(Nx/2)(Ny/2)(Nz/2): 5.86226e-05 Phi A: 0.00152186 Phi B: 0.998479 Phi I: 5.82132e-52
Total charge: -1.90232e-21
etaHat: 124879
280  fE: -3.00151  dfE: 5.922e-07  dW: 0.00223239  dPhi(Nx/2)(Ny/2)(Nz/2): 5.8001e-05 Phi A: 0.00152186 Phi B: 0.998479 Phi I: 5.82132e-52
Saving data . . .
Total charge: -1.90232e-21
etaHat: 124879
281  fE: -3.00151  dfE: 4.70649e-07  dW: 0.00221192  dPhi(Nx/2)(Ny/2)(Nz/2): 5.7429e-05 Phi A: 0.00152186 Phi B: 0.998479 Phi I: 5.82132e-52
Total charge: -1.90232e-21
etaHat: 124879
282  fE: -3.00151  dfE: 3.3793e-07  dW: 0.0021917  dPhi(Nx/2)(Ny/2)(Nz/2): 5.69012e-05 Phi A: 0.00152186 Phi B: 0.998479 Phi I: 5.82132e-52
Total charge: -1.90232e-21
etaHat: 124879
283  fE: -3.00151  dfE: 2.01792e-07  dW: 0.00217171  dPhi(Nx/2)(Ny/2)(Nz/2): 5.64117e-05 Phi A: 0.00152186 Phi B: 0.998479 Phi I: 5.82132e-52
Total charge: -1.90232e-21
etaHat: 124879
284  fE: -3.00151  dfE: 6.93729e-08  dW: 0.00215196  dPhi(Nx/2)(Ny/2)(Nz/2): 5.59538e-05 Phi A: 0.00152186 Phi B: 0.998478 Phi I: 5.82132e-52
Total charge: -1.90232e-21
etaHat: 124879
285  fE: -3.00151  dfE: 5.30932e-08  dW: 0.00213246  dPhi(Nx/2)(Ny/2)(Nz/2): 5.55207e-05 Phi A: 0.00152186 Phi B: 0.998478 Phi I: 5.82132e-52
Total charge: -1.90232e-21
etaHat: 124879
286  fE: -3.00151  dfE: 1.60497e-07  dW: 0.00211319  dPhi(Nx/2)(Ny/2)(Nz/2): 5.5106e-05 Phi A: 0.00152186 Phi B: 0.998478 Phi I: 5.82132e-52
Total charge: -1.90232e-21
etaHat: 124879
287  fE: -3.00151  dfE: 2.48995e-07  dW: 0.00209415  dPhi(Nx/2)(Ny/2)(Nz/2): 5.47035e-05 Phi A: 0.00152186 Phi B: 0.998478 Phi I: 5.82132e-52
Total charge: -1.90232e-21
etaHat: 124879
288  fE: -3.00151  dfE: 3.16075e-07  dW: 0.00207534  dPhi(Nx/2)(Ny/2)(Nz/2): 5.43078e-05 Phi A: 0.00152186 Phi B: 0.998478 Phi I: 5.82132e-52
Total charge: -1.90232e-21
etaHat: 124879
289  fE: -3.00151  dfE: 3.60545e-07  dW: 0.00205673  dPhi(Nx/2)(Ny/2)(Nz/2): 5.39144e-05 Phi A: 0.00152186 Phi B: 0.998478 Phi I: 5.82132e-52
Total charge: -1.90232e-21
etaHat: 124879
290  fE: -3.00151  dfE: 3.82465e-07  dW: 0.00203834  dPhi(Nx/2)(Ny/2)(Nz/2): 5.35197e-05 Phi A: 0.00152186 Phi B: 0.998478 Phi I: 5.82132e-52
Saving data . . .
Total charge: -1.90232e-21
etaHat: 124879
291  fE: -3.00151  dfE: 3.83012e-07  dW: 0.00202016  dPhi(Nx/2)(Ny/2)(Nz/2): 5.31211e-05 Phi A: 0.00152186 Phi B: 0.998478 Phi I: 5.82132e-52
Total charge: -1.90232e-21
etaHat: 124879
292  fE: -3.00151  dfE: 3.6431e-07  dW: 0.0020022  dPhi(Nx/2)(Ny/2)(Nz/2): 5.2717e-05 Phi A: 0.00152186 Phi B: 0.998478 Phi I: 5.82132e-52
Total charge: -1.90232e-21
etaHat: 124879
293  fE: -3.00151  dfE: 3.29234e-07  dW: 0.00198444  dPhi(Nx/2)(Ny/2)(Nz/2): 5.23069e-05 Phi A: 0.00152186 Phi B: 0.998478 Phi I: 5.82132e-52
Total charge: -1.90232e-21
etaHat: 124879
294  fE: -3.00151  dfE: 2.81184e-07  dW: 0.00196686  dPhi(Nx/2)(Ny/2)(Nz/2): 5.1891e-05 Phi A: 0.00152186 Phi B: 0.998478 Phi I: 5.82132e-52
Total charge: -1.90232e-21
etaHat: 124879
295  fE: -3.00151  dfE: 2.23865e-07  dW: 0.00194949  dPhi(Nx/2)(Ny/2)(Nz/2): 5.14703e-05 Phi A: 0.00152186 Phi B: 0.998478 Phi I: 5.82132e-52
Total charge: -1.90232e-21
etaHat: 124879
296  fE: -3.00151  dfE: 1.61073e-07  dW: 0.0019323  dPhi(Nx/2)(Ny/2)(Nz/2): 5.10464e-05 Phi A: 0.00152186 Phi B: 0.998478 Phi I: 5.82132e-52
Total charge: -1.90232e-21
etaHat: 124879
297  fE: -3.00151  dfE: 9.64941e-08  dW: 0.00191531  dPhi(Nx/2)(Ny/2)(Nz/2): 5.06213e-05 Phi A: 0.00152186 Phi B: 0.998478 Phi I: 5.82132e-52
Total charge: -1.90232e-21
etaHat: 124879
298  fE: -3.00151  dfE: 3.35332e-08  dW: 0.00189853  dPhi(Nx/2)(Ny/2)(Nz/2): 5.01973e-05 Phi A: 0.00152186 Phi B: 0.998478 Phi I: 5.82132e-52
Total charge: -1.90232e-21
etaHat: 124879
299  fE: -3.00151  dfE: 2.48292e-08  dW: 0.00188193  dPhi(Nx/2)(Ny/2)(Nz/2): 4.97767e-05 Phi A: 0.00152186 Phi B: 0.998478 Phi I: 5.82132e-52
Total charge: -1.90232e-21
etaHat: 124879
300  fE: -3.00151  dfE: 7.61417e-08  dW: 0.00186551  dPhi(Nx/2)(Ny/2)(Nz/2): 4.93619e-05 Phi A: 0.00152186 Phi B: 0.998478 Phi I: 5.82132e-52
Saving data . . .
Total charge: -1.90232e-21
etaHat: 124879
301  fE: -3.00151  dfE: 1.18552e-07  dW: 0.00184928  dPhi(Nx/2)(Ny/2)(Nz/2): 4.89551e-05 Phi A: 0.00152186 Phi B: 0.998478 Phi I: 5.82132e-52
Total charge: -1.90232e-21
etaHat: 124879
302  fE: -3.00151  dfE: 1.50839e-07  dW: 0.00183323  dPhi(Nx/2)(Ny/2)(Nz/2): 4.8558e-05 Phi A: 0.00152186 Phi B: 0.998478 Phi I: 5.82132e-52
Total charge: -1.90232e-21
etaHat: 124879
303  fE: -3.00151  dfE: 1.72408e-07  dW: 0.00181738  dPhi(Nx/2)(Ny/2)(Nz/2): 4.81721e-05 Phi A: 0.00152186 Phi B: 0.998478 Phi I: 5.82132e-52
Total charge: -1.90232e-21
etaHat: 124879
304  fE: -3.00151  dfE: 1.83262e-07  dW: 0.0018017  dPhi(Nx/2)(Ny/2)(Nz/2): 4.77985e-05 Phi A: 0.00152186 Phi B: 0.998478 Phi I: 5.82132e-52
Total charge: -1.90232e-21
etaHat: 124879
305  fE: -3.00151  dfE: 1.83936e-07  dW: 0.00178619  dPhi(Nx/2)(Ny/2)(Nz/2): 4.74379e-05 Phi A: 0.00152186 Phi B: 0.998478 Phi I: 5.82132e-52
Total charge: -1.90232e-21
etaHat: 124879
306  fE: -3.00151  dfE: 1.75421e-07  dW: 0.00177086  dPhi(Nx/2)(Ny/2)(Nz/2): 4.70903e-05 Phi A: 0.00152186 Phi B: 0.998478 Phi I: 5.82132e-52
Total charge: -1.90232e-21
etaHat: 124879
307  fE: -3.00151  dfE: 1.59066e-07  dW: 0.0017557  dPhi(Nx/2)(Ny/2)(Nz/2): 4.67556e-05 Phi A: 0.00152186 Phi B: 0.998478 Phi I: 5.82132e-52
Total charge: -1.90232e-21
etaHat: 124879
308  fE: -3.00151  dfE: 1.36476e-07  dW: 0.00174072  dPhi(Nx/2)(Ny/2)(Nz/2): 4.6433e-05 Phi A: 0.00152185 Phi B: 0.998478 Phi I: 5.82132e-52
Total charge: -1.90232e-21
etaHat: 124879
309  fE: -3.00151  dfE: 1.09406e-07  dW: 0.0017259  dPhi(Nx/2)(Ny/2)(Nz/2): 4.61217e-05 Phi A: 0.00152185 Phi B: 0.998478 Phi I: 5.82132e-52
Total charge: -1.90232e-21
etaHat: 124879
310  fE: -3.00151  dfE: 7.96558e-08  dW: 0.00171124  dPhi(Nx/2)(Ny/2)(Nz/2): 4.58203e-05 Phi A: 0.00152185 Phi B: 0.998478 Phi I: 5.82132e-52
Saving data . . .
Total charge: -1.90232e-21
etaHat: 124879
311  fE: -3.00151  dfE: 4.89808e-08  dW: 0.00169673  dPhi(Nx/2)(Ny/2)(Nz/2): 4.55276e-05 Phi A: 0.00152185 Phi B: 0.998478 Phi I: 5.82132e-52
Total charge: -1.90232e-21
etaHat: 124879
312  fE: -3.00151  dfE: 1.90039e-08  dW: 0.00168238  dPhi(Nx/2)(Ny/2)(Nz/2): 4.52419e-05 Phi A: 0.00152185 Phi B: 0.998478 Phi I: 5.82132e-52
Total charge: -1.90232e-21
etaHat: 124879
313  fE: -3.00151  dfE: 8.8496e-09  dW: 0.00166819  dPhi(Nx/2)(Ny/2)(Nz/2): 4.49618e-05 Phi A: 0.00152185 Phi B: 0.998478 Phi I: 5.82132e-52
Total charge: -1.90232e-21
etaHat: 124879
314  fE: -3.00151  dfE: 3.34042e-08  dW: 0.00165415  dPhi(Nx/2)(Ny/2)(Nz/2): 4.46858e-05 Phi A: 0.00152185 Phi B: 0.998478 Phi I: 5.82132e-52
Total charge: -1.90232e-21
etaHat: 124879
315  fE: -3.00151  dfE: 5.37671e-08  dW: 0.00164024  dPhi(Nx/2)(Ny/2)(Nz/2): 4.44124e-05 Phi A: 0.00152185 Phi B: 0.998478 Phi I: 5.82132e-52
Total charge: -1.90232e-21
etaHat: 124879
316  fE: -3.00151  dfE: 6.93448e-08  dW: 0.00162648  dPhi(Nx/2)(Ny/2)(Nz/2): 4.41405e-05 Phi A: 0.00152185 Phi B: 0.998478 Phi I: 5.82132e-52
Total charge: -1.90232e-21
etaHat: 124879
317  fE: -3.00151  dfE: 7.98423e-08  dW: 0.00161286  dPhi(Nx/2)(Ny/2)(Nz/2): 4.3869e-05 Phi A: 0.00152185 Phi B: 0.998478 Phi I: 5.82132e-52
Total charge: -1.90232e-21
etaHat: 124879
318  fE: -3.00151  dfE: 8.52479e-08  dW: 0.00159939  dPhi(Nx/2)(Ny/2)(Nz/2): 4.3597e-05 Phi A: 0.00152185 Phi B: 0.998478 Phi I: 5.82132e-52
Total charge: -1.90232e-21
etaHat: 124879
319  fE: -3.00151  dfE: 8.58051e-08  dW: 0.00158606  dPhi(Nx/2)(Ny/2)(Nz/2): 4.33239e-05 Phi A: 0.00152185 Phi B: 0.998478 Phi I: 5.82132e-52
Total charge: -1.90232e-21
etaHat: 124879
320  fE: -3.00151  dfE: 8.19752e-08  dW: 0.00157287  dPhi(Nx/2)(Ny/2)(Nz/2): 4.30493e-05 Phi A: 0.00152185 Phi B: 0.998478 Phi I: 5.82132e-52
Saving data . . .
Total charge: -1.90232e-21
etaHat: 124879
321  fE: -3.00151  dfE: 7.43917e-08  dW: 0.00155982  dPhi(Nx/2)(Ny/2)(Nz/2): 4.2773e-05 Phi A: 0.00152185 Phi B: 0.998478 Phi I: 5.82132e-52
Total charge: -1.90232e-21
etaHat: 124879
322  fE: -3.00151  dfE: 6.38118e-08  dW: 0.00154691  dPhi(Nx/2)(Ny/2)(Nz/2): 4.2495e-05 Phi A: 0.00152185 Phi B: 0.998478 Phi I: 5.82132e-52
Total charge: -1.90232e-21
etaHat: 124879
323  fE: -3.00151  dfE: 5.10661e-08  dW: 0.00153414  dPhi(Nx/2)(Ny/2)(Nz/2): 4.22154e-05 Phi A: 0.00152185 Phi B: 0.998478 Phi I: 5.82132e-52
Total charge: -1.90232e-21
etaHat: 124879
324  fE: -3.00151  dfE: 3.70095e-08  dW: 0.00152151  dPhi(Nx/2)(Ny/2)(Nz/2): 4.19347e-05 Phi A: 0.00152185 Phi B: 0.998478 Phi I: 5.82132e-52
Total charge: -1.90232e-21
etaHat: 124879
325  fE: -3.00151  dfE: 2.24762e-08  dW: 0.001509  dPhi(Nx/2)(Ny/2)(Nz/2): 4.16531e-05 Phi A: 0.00152185 Phi B: 0.998478 Phi I: 5.82132e-52
Total charge: -1.90232e-21
etaHat: 124879
326  fE: -3.00151  dfE: 8.24043e-09  dW: 0.00149663  dPhi(Nx/2)(Ny/2)(Nz/2): 4.13712e-05 Phi A: 0.00152185 Phi B: 0.998478 Phi I: 5.82132e-52
Total charge: -1.90232e-21
etaHat: 124879
327  fE: -3.00151  dfE: 5.01642e-09  dW: 0.00148438  dPhi(Nx/2)(Ny/2)(Nz/2): 4.10893e-05 Phi A: 0.00152185 Phi B: 0.998478 Phi I: 5.82132e-52
Total charge: -1.90232e-21
etaHat: 124879
328  fE: -3.00151  dfE: 1.67308e-08  dW: 0.00147225  dPhi(Nx/2)(Ny/2)(Nz/2): 4.0808e-05 Phi A: 0.00152185 Phi B: 0.998478 Phi I: 5.82132e-52
Total charge: -1.90232e-21
etaHat: 124879
329  fE: -3.00151  dfE: 2.64724e-08  dW: 0.00146025  dPhi(Nx/2)(Ny/2)(Nz/2): 4.05278e-05 Phi A: 0.00152185 Phi B: 0.998478 Phi I: 5.82132e-52
Total charge: -1.90232e-21
etaHat: 124879
330  fE: -3.00151  dfE: 3.3953e-08  dW: 0.00144836  dPhi(Nx/2)(Ny/2)(Nz/2): 4.0249e-05 Phi A: 0.00152185 Phi B: 0.998478 Phi I: 5.82132e-52
Saving data . . .
Total charge: -1.90232e-21
etaHat: 124879
331  fE: -3.00151  dfE: 3.90264e-08  dW: 0.0014366  dPhi(Nx/2)(Ny/2)(Nz/2): 3.99719e-05 Phi A: 0.00152185 Phi B: 0.998478 Phi I: 5.82132e-52
Total charge: -1.90232e-21
etaHat: 124879
332  fE: -3.00151  dfE: 4.16809e-08  dW: 0.00142495  dPhi(Nx/2)(Ny/2)(Nz/2): 3.96969e-05 Phi A: 0.00152185 Phi B: 0.998478 Phi I: 5.82132e-52
Total charge: -1.90232e-21
etaHat: 124879
333  fE: -3.00151  dfE: 4.2027e-08  dW: 0.00141342  dPhi(Nx/2)(Ny/2)(Nz/2): 3.94239e-05 Phi A: 0.00152185 Phi B: 0.998478 Phi I: 5.82132e-52
Total charge: -1.90232e-21
etaHat: 124879
334  fE: -3.00151  dfE: 4.02793e-08  dW: 0.00140201  dPhi(Nx/2)(Ny/2)(Nz/2): 3.91532e-05 Phi A: 0.00152185 Phi B: 0.998478 Phi I: 5.82132e-52
Total charge: -1.90232e-21
etaHat: 124879
335  fE: -3.00151  dfE: 3.67352e-08  dW: 0.00139071  dPhi(Nx/2)(Ny/2)(Nz/2): 3.88847e-05 Phi A: 0.00152185 Phi B: 0.998478 Phi I: 5.82132e-52
Total charge: -1.90232e-21
etaHat: 124879
336  fE: -3.00151  dfE: 3.1752e-08  dW: 0.00137952  dPhi(Nx/2)(Ny/2)(Nz/2): 3.86183e-05 Phi A: 0.00152185 Phi B: 0.998478 Phi I: 5.82132e-52
Total charge: -1.90232e-21
etaHat: 124879
337  fE: -3.00151  dfE: 2.57227e-08  dW: 0.00136845  dPhi(Nx/2)(Ny/2)(Nz/2): 3.83538e-05 Phi A: 0.00152185 Phi B: 0.998478 Phi I: 5.82132e-52
Total charge: -1.90232e-21
etaHat: 124879
338  fE: -3.00151  dfE: 1.90529e-08  dW: 0.0013575  dPhi(Nx/2)(Ny/2)(Nz/2): 3.8091e-05 Phi A: 0.00152185 Phi B: 0.998478 Phi I: 5.82132e-52
Total charge: -1.90232e-21
etaHat: 124879
339  fE: -3.00151  dfE: 1.21397e-08  dW: 0.00134666  dPhi(Nx/2)(Ny/2)(Nz/2): 3.78298e-05 Phi A: 0.00152185 Phi B: 0.998478 Phi I: 5.82132e-52
Total charge: -1.90232e-21
etaHat: 124879
340  fE: -3.00151  dfE: 5.35192e-09  dW: 0.00133593  dPhi(Nx/2)(Ny/2)(Nz/2): 3.757e-05 Phi A: 0.00152185 Phi B: 0.998478 Phi I: 5.82132e-52
Saving data . . .
Total charge: -1.90232e-21
etaHat: 124879
341  fE: -3.00151  dfE: 9.84698e-10  dW: 0.0013253  dPhi(Nx/2)(Ny/2)(Nz/2): 3.73111e-05 Phi A: 0.00152185 Phi B: 0.998478 Phi I: 5.82132e-52
Total charge: -1.90232e-21
etaHat: 124879
342  fE: -3.00151  dfE: 6.59979e-09  dW: 0.00131479  dPhi(Nx/2)(Ny/2)(Nz/2): 3.70532e-05 Phi A: 0.00152185 Phi B: 0.998478 Phi I: 5.82132e-52
Total charge: -1.90232e-21
etaHat: 124879
343  fE: -3.00151  dfE: 1.12862e-08  dW: 0.00130437  dPhi(Nx/2)(Ny/2)(Nz/2): 3.6796e-05 Phi A: 0.00152185 Phi B: 0.998478 Phi I: 5.82132e-52
Total charge: -1.90232e-21
etaHat: 124879
344  fE: -3.00151  dfE: 1.49042e-08  dW: 0.00129407  dPhi(Nx/2)(Ny/2)(Nz/2): 3.65393e-05 Phi A: 0.00152185 Phi B: 0.998478 Phi I: 5.82132e-52
Total charge: -1.90232e-21
etaHat: 124879
345  fE: -3.00151  dfE: 1.73811e-08  dW: 0.00128386  dPhi(Nx/2)(Ny/2)(Nz/2): 3.62831e-05 Phi A: 0.00152185 Phi B: 0.998478 Phi I: 5.82132e-52
Total charge: -1.90232e-21
etaHat: 124879
346  fE: -3.00151  dfE: 1.87087e-08  dW: 0.00127376  dPhi(Nx/2)(Ny/2)(Nz/2): 3.60274e-05 Phi A: 0.00152185 Phi B: 0.998478 Phi I: 5.82132e-52
Total charge: -1.90232e-21
etaHat: 124879
347  fE: -3.00151  dfE: 1.8937e-08  dW: 0.00126375  dPhi(Nx/2)(Ny/2)(Nz/2): 3.57722e-05 Phi A: 0.00152185 Phi B: 0.998478 Phi I: 5.82132e-52
Total charge: -1.90232e-21
etaHat: 124879
348  fE: -3.00151  dfE: 1.81656e-08  dW: 0.00125384  dPhi(Nx/2)(Ny/2)(Nz/2): 3.55175e-05 Phi A: 0.00152185 Phi B: 0.998478 Phi I: 5.82132e-52
Total charge: -1.90232e-21
etaHat: 124879
349  fE: -3.00151  dfE: 1.65343e-08  dW: 0.00124401  dPhi(Nx/2)(Ny/2)(Nz/2): 3.52634e-05 Phi A: 0.00152185 Phi B: 0.998478 Phi I: 5.82132e-52
Total charge: -1.90232e-21
etaHat: 124879
350  fE: -3.00151  dfE: 1.42115e-08  dW: 0.00123429  dPhi(Nx/2)(Ny/2)(Nz/2): 3.50102e-05 Phi A: 0.00152185 Phi B: 0.998478 Phi I: 5.82132e-52
Saving data . . .
Total charge: -1.90232e-21
etaHat: 124879
351  fE: -3.00151  dfE: 1.13831e-08  dW: 0.00122465  dPhi(Nx/2)(Ny/2)(Nz/2): 3.47581e-05 Phi A: 0.00152185 Phi B: 0.998478 Phi I: 5.82132e-52
Total charge: -1.90232e-21
etaHat: 124879
352  fE: -3.00151  dfE: 8.24181e-09  dW: 0.00121511  dPhi(Nx/2)(Ny/2)(Nz/2): 3.45071e-05 Phi A: 0.00152185 Phi B: 0.998478 Phi I: 5.82132e-52
Total charge: -1.90232e-21
etaHat: 124879
353  fE: -3.00151  dfE: 4.97634e-09  dW: 0.00120565  dPhi(Nx/2)(Ny/2)(Nz/2): 3.42576e-05 Phi A: 0.00152185 Phi B: 0.998478 Phi I: 5.82132e-52
Total charge: -1.90232e-21
etaHat: 124879
354  fE: -3.00151  dfE: 1.76259e-09  dW: 0.00119628  dPhi(Nx/2)(Ny/2)(Nz/2): 3.40098e-05 Phi A: 0.00152185 Phi B: 0.998478 Phi I: 5.82132e-52
Total charge: -1.90232e-21
etaHat: 124879
355  fE: -3.00151  dfE: 1.24392e-09  dW: 0.00118701  dPhi(Nx/2)(Ny/2)(Nz/2): 3.3764e-05 Phi A: 0.00152185 Phi B: 0.998478 Phi I: 5.82132e-52
Total charge: -1.90232e-21
etaHat: 124879
356  fE: -3.00151  dfE: 3.91339e-09  dW: 0.00117782  dPhi(Nx/2)(Ny/2)(Nz/2): 3.35203e-05 Phi A: 0.00152185 Phi B: 0.998478 Phi I: 5.82132e-52
Total charge: -1.90232e-21
etaHat: 124879
357  fE: -3.00151  dfE: 6.14617e-09  dW: 0.00116872  dPhi(Nx/2)(Ny/2)(Nz/2): 3.32789e-05 Phi A: 0.00152185 Phi B: 0.998478 Phi I: 5.82132e-52
Total charge: -1.90232e-21
etaHat: 124879
358  fE: -3.00151  dfE: 7.87441e-09  dW: 0.00115971  dPhi(Nx/2)(Ny/2)(Nz/2): 3.30401e-05 Phi A: 0.00152185 Phi B: 0.998478 Phi I: 5.82132e-52
Total charge: -1.90232e-21
etaHat: 124879
359  fE: -3.00151  dfE: 9.0622e-09  dW: 0.00115078  dPhi(Nx/2)(Ny/2)(Nz/2): 3.28039e-05 Phi A: 0.00152185 Phi B: 0.998478 Phi I: 5.82132e-52
Total charge: -1.90232e-21
etaHat: 124879
360  fE: -3.00151  dfE: 9.70431e-09  dW: 0.00114194  dPhi(Nx/2)(Ny/2)(Nz/2): 3.25704e-05 Phi A: 0.00152185 Phi B: 0.998478 Phi I: 5.82132e-52
Saving data . . .
Total charge: -1.90232e-21
etaHat: 124879
361  fE: -3.00151  dfE: 9.82317e-09  dW: 0.00113319  dPhi(Nx/2)(Ny/2)(Nz/2): 3.23398e-05 Phi A: 0.00152185 Phi B: 0.998478 Phi I: 5.82132e-52
Total charge: -1.90232e-21
etaHat: 124879
362  fE: -3.00151  dfE: 9.46524e-09  dW: 0.00112453  dPhi(Nx/2)(Ny/2)(Nz/2): 3.21119e-05 Phi A: 0.00152185 Phi B: 0.998478 Phi I: 5.82132e-52
Total charge: -1.90232e-21
etaHat: 124879
363  fE: -3.00151  dfE: 8.69602e-09  dW: 0.00111594  dPhi(Nx/2)(Ny/2)(Nz/2): 3.1887e-05 Phi A: 0.00152185 Phi B: 0.998478 Phi I: 5.82132e-52
Total charge: -1.90232e-21
etaHat: 124879
364  fE: -3.00151  dfE: 7.59484e-09  dW: 0.00110744  dPhi(Nx/2)(Ny/2)(Nz/2): 3.16648e-05 Phi A: 0.00152185 Phi B: 0.998478 Phi I: 5.82132e-52
Total charge: -1.90232e-21
etaHat: 124879
365  fE: -3.00151  dfE: 6.24986e-09  dW: 0.00109901  dPhi(Nx/2)(Ny/2)(Nz/2): 3.14453e-05 Phi A: 0.00152185 Phi B: 0.998478 Phi I: 5.82132e-52
Total charge: -1.90232e-21
etaHat: 124879
366  fE: -3.00151  dfE: 4.75229e-09  dW: 0.00109066  dPhi(Nx/2)(Ny/2)(Nz/2): 3.12285e-05 Phi A: 0.00152185 Phi B: 0.998478 Phi I: 5.82132e-52
Total charge: -1.90232e-21
etaHat: 124879
367  fE: -3.00151  dfE: 3.19204e-09  dW: 0.00108239  dPhi(Nx/2)(Ny/2)(Nz/2): 3.10142e-05 Phi A: 0.00152185 Phi B: 0.998478 Phi I: 5.82132e-52
Total charge: -1.90232e-21
etaHat: 124879
368  fE: -3.00151  dfE: 1.65282e-09  dW: 0.0010742  dPhi(Nx/2)(Ny/2)(Nz/2): 3.08023e-05 Phi A: 0.00152185 Phi B: 0.998478 Phi I: 5.82132e-52
Total charge: -1.90232e-21
etaHat: 124879
369  fE: -3.00151  dfE: 2.09039e-10  dW: 0.00106608  dPhi(Nx/2)(Ny/2)(Nz/2): 3.05927e-05 Phi A: 0.00152185 Phi B: 0.998478 Phi I: 5.82132e-52
Total charge: -1.90232e-21
etaHat: 124879
370  fE: -3.00151  dfE: 1.0771e-09  dW: 0.00105804  dPhi(Nx/2)(Ny/2)(Nz/2): 3.03852e-05 Phi A: 0.00152185 Phi B: 0.998478 Phi I: 5.82132e-52
Saving data . . .
Total charge: -1.90232e-21
etaHat: 124879
371  fE: -3.00151  dfE: 2.15775e-09  dW: 0.00105007  dPhi(Nx/2)(Ny/2)(Nz/2): 3.01797e-05 Phi A: 0.00152185 Phi B: 0.998478 Phi I: 5.82132e-52
Total charge: -1.90232e-21
etaHat: 124879
372  fE: -3.00151  dfE: 2.99983e-09  dW: 0.00104218  dPhi(Nx/2)(Ny/2)(Nz/2): 2.9976e-05 Phi A: 0.00152185 Phi B: 0.998478 Phi I: 5.82132e-52
Total charge: -1.90232e-21
etaHat: 124879
373  fE: -3.00151  dfE: 3.58573e-09  dW: 0.00103435  dPhi(Nx/2)(Ny/2)(Nz/2): 2.97741e-05 Phi A: 0.00152185 Phi B: 0.998478 Phi I: 5.82132e-52
Total charge: -1.90232e-21
etaHat: 124879
374  fE: -3.00151  dfE: 3.9123e-09  dW: 0.0010266  dPhi(Nx/2)(Ny/2)(Nz/2): 2.95738e-05 Phi A: 0.00152185 Phi B: 0.998478 Phi I: 5.82132e-52
Total charge: -1.90232e-21
etaHat: 124879
375  fE: -3.00151  dfE: 3.98964e-09  dW: 0.00101892  dPhi(Nx/2)(Ny/2)(Nz/2): 2.9375e-05 Phi A: 0.00152185 Phi B: 0.998478 Phi I: 5.82132e-52
Total charge: -1.90232e-21
etaHat: 124879
376  fE: -3.00151  dfE: 3.8393e-09  dW: 0.00101131  dPhi(Nx/2)(Ny/2)(Nz/2): 2.91775e-05 Phi A: 0.00152185 Phi B: 0.998478 Phi I: 5.82132e-52
Total charge: -1.90232e-21
etaHat: 124879
377  fE: -3.00151  dfE: 3.492e-09  dW: 0.00100376  dPhi(Nx/2)(Ny/2)(Nz/2): 2.89814e-05 Phi A: 0.00152185 Phi B: 0.998478 Phi I: 5.82132e-52
Total charge: -1.90232e-21
etaHat: 124879
378  fE: -3.00151  dfE: 2.9852e-09  dW: 0.000996291  dPhi(Nx/2)(Ny/2)(Nz/2): 2.87865e-05 Phi A: 0.00152185 Phi B: 0.998478 Phi I: 5.82132e-52
Saving data . . .
